Namespace(T_max=100, backbone='resnet50', base_learning_rate=0.01, base_optimizer='SGD', batch_size=256, dampening=0.0, dataset='cifar100fs', dataset_root=None, episode_strat='SimpleShotEpisodes', eval_freq=5, first_augment='ColorDistort', head='SimpleMLP', jitter_strength=1.0, k_shot=5, load_from=None, local_rank=0, log_file='cifar100fs_experiments/ColorDistort_GaussBlur_runs/run2.out', loss_function='NTXent', model='SimCLRModel', momentum=0.9, n_way=5, nesterov=True, ntxent_temp=1.0, num_epochs=100, num_query=15, num_test_tasks=10000, num_workers=4, pin_memory=True, pretrained=False, progress=False, projection_dim=128, save_model=True, save_path='cifar100fs_experiments/ColorDistort_GaussBlur_runs/run2.pth', scheduler='CosineAnnealingLR', second_augment='GaussBlur', secondary_optimizer='LARS', shuffle=True, simple_opt=False, weight_decay=0.0001)
Starting Training on:
Train:  64 classes
Valid:  16 classes
Test:   20 classes
------------------
( 14.457s) Epoch 001/100: loss=[32m6.147539[0m
( 14.155s) Epoch 002/100: loss=[32m6.043001[0m
( 14.281s) Epoch 003/100: loss=[32m5.695487[0m
( 14.080s) Epoch 004/100: loss=[32m5.571823[0m
( 14.209s) Epoch 005/100: loss=[32m5.518157[0m  (  7.491s)  train_acc=[32m-0.001642[0m val_acc=[32m-0.005728[0m test_acc=[32m-0.004738[0m
( 13.601s) Epoch 006/100: loss=[32m5.469820[0m
( 14.158s) Epoch 007/100: loss=[32m5.448892[0m
( 14.096s) Epoch 008/100: loss=[32m5.438232[0m
( 14.134s) Epoch 009/100: loss=[32m5.430656[0m
( 14.172s) Epoch 010/100: loss=[32m5.421213[0m  (  7.863s)  train_acc=[32m-0.001598[0m val_acc=-0.005834[0m test_acc=-0.004934[0m
( 13.711s) Epoch 011/100: loss=[32m5.410209[0m
( 14.255s) Epoch 012/100: loss=[32m5.402278[0m
( 14.308s) Epoch 013/100: loss=[32m5.392749[0m
( 14.130s) Epoch 014/100: loss=[32m5.387496[0m
( 14.222s) Epoch 015/100: loss=[32m5.381017[0m  (  7.288s)  train_acc=-0.001638[0m val_acc=-0.006158[0m test_acc=-0.005001[0m
( 13.685s) Epoch 016/100: loss=[32m5.377810[0m
( 14.161s) Epoch 017/100: loss=[32m5.373999[0m
( 14.189s) Epoch 018/100: loss=[32m5.371228[0m
( 14.237s) Epoch 019/100: loss=[32m5.368960[0m
( 14.119s) Epoch 020/100: loss=[32m5.368010[0m