Namespace(T_max=1000, backbone='resnet50', base_learning_rate=0.1, base_optimizer='SGD', batch_size=256, dampening=0.0, data_percent=20, dataset='miniImagenet', dataset_root=None, distributed=True, episode_strat='SimpleShotEpisodes', eval_freq=2000, fine_tune_epochs=20, fine_tune_save_path='ft0.pth', first_augment='ColorDistort', head='SimpleMLP', jitter_strength=1.0, k_shot=5, load_from=None, local_rank=0, log_file=<_io.TextIOWrapper name='/home/aditya.bharti/FewShot/miniImgnet_1000epoch/ColorGauss.out' mode='a' encoding='UTF-8'>, loss_function='NTXent', model='SimCLRModel', momentum=0.9, n_way=5, nesterov=True, ntxent_temp=1.0, num_epochs=1000, num_query=15, num_test_tasks=10000, num_workers=4, pin_memory=True, pretrained=False, progress=False, projection_dim=128, save_model=True, save_path='/home/aditya.bharti/FewShot/miniImgnet_1000epoch/ColorGauss.pth', scheduler='CosineAnnealingLR', second_augment='GaussBlur', shuffle=True, simple_opt=True, weight_decay=0.0001)
Starting Training on:
Train:  64 classes
Valid:  16 classes
Test:   20 classes
------------------
( 97.269s) Epoch 001/1000: loss=[32m6.066909[0m
( 67.975s) Epoch 002/1000: loss=[32m5.627935[0m
( 60.674s) Epoch 003/1000: loss=[32m5.432740[0m
( 60.584s) Epoch 004/1000: loss=[32m5.390754[0m
( 60.527s) Epoch 005/1000: loss=[32m5.370116[0m
( 60.287s) Epoch 006/1000: loss=[32m5.359057[0m
( 60.534s) Epoch 007/1000: loss=[32m5.352891[0m
( 60.568s) Epoch 008/1000: loss=[32m5.345818[0m
( 60.701s) Epoch 009/1000: loss=[32m5.327819[0m
( 60.684s) Epoch 010/1000: loss=[32m5.319677[0m
( 60.340s) Epoch 011/1000: loss=[32m5.312845[0m
( 60.516s) Epoch 012/1000: loss=[32m5.308143[0m
( 60.340s) Epoch 013/1000: loss=[32m5.305959[0m
( 60.238s) Epoch 014/1000: loss=[32m5.302936[0m
( 59.886s) Epoch 015/1000: loss=[32m5.301521[0m
( 60.272s) Epoch 016/1000: loss=[32m5.294536[0m
( 60.324s) Epoch 017/1000: loss=[32m5.291156[0m
( 60.651s) Epoch 018/1000: loss=[32m5.289373[0m
( 60.637s) Epoch 019/1000: loss=[32m5.285993[0m
( 60.476s) Epoch 020/1000: loss=[32m5.284565[0m
( 60.646s) Epoch 021/1000: loss=[32m5.281849[0m
( 60.364s) Epoch 022/1000: loss=[32m5.281505[0m
( 60.593s) Epoch 023/1000: loss=[32m5.280374[0m
( 60.938s) Epoch 024/1000: loss=5.280577[0m
( 60.506s) Epoch 025/1000: loss=[32m5.278517[0m
( 60.691s) Epoch 026/1000: loss=[32m5.276749[0m
( 60.488s) Epoch 027/1000: loss=5.277179[0m
( 60.640s) Epoch 028/1000: loss=5.276771[0m
( 60.313s) Epoch 029/1000: loss=[32m5.275567[0m
( 60.580s) Epoch 030/1000: loss=5.275866[0m
( 60.166s) Epoch 031/1000: loss=[32m5.275395[0m
( 60.249s) Epoch 032/1000: loss=[32m5.274128[0m
( 60.526s) Epoch 033/1000: loss=5.274230[0m
( 60.477s) Epoch 034/1000: loss=[32m5.273803[0m
( 60.306s) Epoch 035/1000: loss=[32m5.272341[0m
( 60.562s) Epoch 036/1000: loss=[32m5.272104[0m
( 60.760s) Epoch 037/1000: loss=5.272213[0m
( 60.502s) Epoch 038/1000: loss=5.272301[0m
( 60.493s) Epoch 039/1000: loss=[32m5.271699[0m
( 60.502s) Epoch 040/1000: loss=[32m5.271107[0m
( 60.595s) Epoch 041/1000: loss=5.271290[0m
( 60.342s) Epoch 042/1000: loss=[32m5.270729[0m
( 60.536s) Epoch 043/1000: loss=[32m5.269588[0m
( 60.660s) Epoch 044/1000: loss=5.269649[0m
( 60.584s) Epoch 045/1000: loss=[32m5.268770[0m
( 60.537s) Epoch 046/1000: loss=5.270206[0m
( 60.590s) Epoch 047/1000: loss=5.268856[0m
( 60.719s) Epoch 048/1000: loss=5.268790[0m
( 60.406s) Epoch 049/1000: loss=5.268811[0m
( 60.480s) Epoch 050/1000: loss=[32m5.267123[0m
( 60.828s) Epoch 051/1000: loss=5.268658[0m
( 60.660s) Epoch 052/1000: loss=5.268693[0m
( 60.697s) Epoch 053/1000: loss=5.267710[0m
( 60.424s) Epoch 054/1000: loss=5.267386[0m
( 60.430s) Epoch 055/1000: loss=5.267360[0m
( 60.606s) Epoch 056/1000: loss=[32m5.265800[0m
( 60.749s) Epoch 057/1000: loss=5.267620[0m
( 60.739s) Epoch 058/1000: loss=[32m5.265488[0m
( 60.861s) Epoch 059/1000: loss=5.266759[0m
( 60.446s) Epoch 060/1000: loss=5.266795[0m
( 60.481s) Epoch 061/1000: loss=5.265825[0m
( 60.994s) Epoch 062/1000: loss=[32m5.264923[0m
( 60.673s) Epoch 063/1000: loss=[32m5.264705[0m
( 60.371s) Epoch 064/1000: loss=5.265233[0m
( 60.535s) Epoch 065/1000: loss=[32m5.264064[0m
( 60.684s) Epoch 066/1000: loss=5.265181[0m
( 60.931s) Epoch 067/1000: loss=5.266368[0m
( 60.032s) Epoch 068/1000: loss=5.265313[0m
( 60.508s) Epoch 069/1000: loss=[32m5.263742[0m
( 60.842s) Epoch 070/1000: loss=5.264488[0m
( 60.486s) Epoch 071/1000: loss=5.263841[0m
( 60.221s) Epoch 072/1000: loss=5.264216[0m
( 60.793s) Epoch 073/1000: loss=5.263813[0m
( 60.315s) Epoch 074/1000: loss=[32m5.263692[0m
( 60.333s) Epoch 075/1000: loss=[32m5.262794[0m
( 60.525s) Epoch 076/1000: loss=5.264013[0m
( 60.705s) Epoch 077/1000: loss=[32m5.262178[0m
( 60.432s) Epoch 078/1000: loss=5.263411[0m
( 60.822s) Epoch 079/1000: loss=5.263175[0m
( 60.431s) Epoch 080/1000: loss=[32m5.261573[0m
( 60.627s) Epoch 081/1000: loss=[32m5.261444[0m
( 60.738s) Epoch 082/1000: loss=5.262452[0m
( 60.513s) Epoch 083/1000: loss=[32m5.260673[0m
( 60.320s) Epoch 084/1000: loss=5.261149[0m
( 60.538s) Epoch 085/1000: loss=[32m5.260612[0m
( 60.491s) Epoch 086/1000: loss=[32m5.259739[0m
( 60.567s) Epoch 087/1000: loss=[32m5.259665[0m
( 60.826s) Epoch 088/1000: loss=[32m5.259139[0m
( 60.338s) Epoch 089/1000: loss=[32m5.258134[0m
( 60.603s) Epoch 090/1000: loss=5.258400[0m
( 60.496s) Epoch 091/1000: loss=5.258725[0m
( 60.641s) Epoch 092/1000: loss=[32m5.257978[0m
( 60.541s) Epoch 093/1000: loss=5.258322[0m
( 60.550s) Epoch 094/1000: loss=5.258371[0m
( 60.344s) Epoch 095/1000: loss=[32m5.256629[0m
( 60.401s) Epoch 096/1000: loss=5.256799[0m
( 60.832s) Epoch 097/1000: loss=5.257377[0m
( 60.661s) Epoch 098/1000: loss=5.256818[0m
( 60.451s) Epoch 099/1000: loss=[32m5.256585[0m
( 60.198s) Epoch 100/1000: loss=[32m5.255522[0m
( 60.559s) Epoch 101/1000: loss=5.255835[0m
( 60.329s) Epoch 102/1000: loss=[32m5.255206[0m
( 60.795s) Epoch 103/1000: loss=5.255519[0m
( 60.812s) Epoch 104/1000: loss=5.256336[0m
( 60.400s) Epoch 105/1000: loss=5.255453[0m
( 60.297s) Epoch 106/1000: loss=[32m5.254504[0m
( 60.549s) Epoch 107/1000: loss=5.255640[0m
( 60.481s) Epoch 108/1000: loss=[32m5.254229[0m
( 60.688s) Epoch 109/1000: loss=5.255050[0m
( 60.668s) Epoch 110/1000: loss=5.255109[0m
( 60.306s) Epoch 111/1000: loss=5.255247[0m
( 60.386s) Epoch 112/1000: loss=5.254649[0m
( 60.490s) Epoch 113/1000: loss=5.254989[0m
( 60.757s) Epoch 114/1000: loss=5.254658[0m
( 60.702s) Epoch 115/1000: loss=[32m5.253960[0m
( 60.746s) Epoch 116/1000: loss=5.254206[0m
( 60.374s) Epoch 117/1000: loss=5.254043[0m
( 60.600s) Epoch 118/1000: loss=[32m5.253938[0m
( 60.463s) Epoch 119/1000: loss=[32m5.253694[0m
( 60.462s) Epoch 120/1000: loss=[32m5.253375[0m
( 60.499s) Epoch 121/1000: loss=[32m5.252891[0m
( 60.628s) Epoch 122/1000: loss=5.253787[0m
( 60.440s) Epoch 123/1000: loss=[32m5.252717[0m
( 60.406s) Epoch 124/1000: loss=5.253005[0m
( 60.521s) Epoch 125/1000: loss=5.254103[0m
( 60.429s) Epoch 126/1000: loss=5.253022[0m
( 60.591s) Epoch 127/1000: loss=5.253261[0m
( 60.645s) Epoch 128/1000: loss=[32m5.251963[0m
( 60.482s) Epoch 129/1000: loss=5.252679[0m
( 60.459s) Epoch 130/1000: loss=[32m5.251817[0m
( 60.902s) Epoch 131/1000: loss=[32m5.251473[0m
( 60.228s) Epoch 132/1000: loss=5.252061[0m
( 60.273s) Epoch 133/1000: loss=5.252720[0m
( 60.580s) Epoch 134/1000: loss=[32m5.251311[0m
( 60.306s) Epoch 135/1000: loss=5.251619[0m
( 60.242s) Epoch 136/1000: loss=5.251532[0m
( 60.444s) Epoch 137/1000: loss=5.251598[0m
( 60.243s) Epoch 138/1000: loss=[32m5.250808[0m
( 60.639s) Epoch 139/1000: loss=5.250973[0m
( 60.543s) Epoch 140/1000: loss=[32m5.250173[0m
( 60.775s) Epoch 141/1000: loss=5.250487[0m
( 60.339s) Epoch 142/1000: loss=[32m5.250034[0m
( 60.242s) Epoch 143/1000: loss=5.250389[0m
( 60.300s) Epoch 144/1000: loss=5.250451[0m
( 60.470s) Epoch 145/1000: loss=5.250507[0m
( 60.224s) Epoch 146/1000: loss=5.250403[0m
( 60.417s) Epoch 147/1000: loss=5.250159[0m
( 60.451s) Epoch 148/1000: loss=5.251315[0m
( 60.148s) Epoch 149/1000: loss=5.250800[0m
( 60.545s) Epoch 150/1000: loss=[32m5.249178[0m
( 60.074s) Epoch 151/1000: loss=5.250607[0m
( 60.452s) Epoch 152/1000: loss=5.249901[0m
( 60.689s) Epoch 153/1000: loss=5.249413[0m
( 60.639s) Epoch 154/1000: loss=5.249850[0m
( 60.950s) Epoch 155/1000: loss=5.249703[0m
( 60.441s) Epoch 156/1000: loss=5.249761[0m
( 60.101s) Epoch 157/1000: loss=5.249391[0m
( 61.015s) Epoch 158/1000: loss=[32m5.249012[0m
( 60.587s) Epoch 159/1000: loss=5.249274[0m
( 60.470s) Epoch 160/1000: loss=5.249955[0m
( 60.505s) Epoch 161/1000: loss=5.249343[0m
( 60.669s) Epoch 162/1000: loss=[32m5.248826[0m
( 60.892s) Epoch 163/1000: loss=5.249085[0m
( 60.479s) Epoch 164/1000: loss=5.249814[0m
( 60.589s) Epoch 165/1000: loss=[32m5.248814[0m
( 60.503s) Epoch 166/1000: loss=5.248989[0m
( 60.661s) Epoch 167/1000: loss=[32m5.248140[0m
( 60.517s) Epoch 168/1000: loss=5.248848[0m
( 60.497s) Epoch 169/1000: loss=5.248432[0m
( 60.603s) Epoch 170/1000: loss=5.248718[0m
( 60.456s) Epoch 171/1000: loss=5.248624[0m
( 60.375s) Epoch 172/1000: loss=5.248752[0m
( 60.723s) Epoch 173/1000: loss=[32m5.247603[0m
( 60.694s) Epoch 174/1000: loss=5.247885[0m
( 60.500s) Epoch 175/1000: loss=5.248100[0m
( 60.835s) Epoch 176/1000: loss=5.247612[0m
( 60.409s) Epoch 177/1000: loss=[32m5.247305[0m
( 60.824s) Epoch 178/1000: loss=5.247441[0m
( 60.437s) Epoch 179/1000: loss=5.247843[0m
( 60.365s) Epoch 180/1000: loss=[32m5.246823[0m
( 60.424s) Epoch 181/1000: loss=5.247349[0m
( 60.445s) Epoch 182/1000: loss=5.247507[0m
( 60.230s) Epoch 183/1000: loss=5.247791[0m
( 60.495s) Epoch 184/1000: loss=5.247701[0m
( 60.466s) Epoch 185/1000: loss=5.247201[0m
( 60.690s) Epoch 186/1000: loss=[32m5.246179[0m
( 60.366s) Epoch 187/1000: loss=5.247263[0m
( 60.648s) Epoch 188/1000: loss=5.247013[0m
( 60.302s) Epoch 189/1000: loss=5.247683[0m
( 60.753s) Epoch 190/1000: loss=5.247152[0m
( 60.808s) Epoch 191/1000: loss=5.247246[0m
( 60.468s) Epoch 192/1000: loss=5.246990[0m
( 60.672s) Epoch 193/1000: loss=5.247481[0m
( 60.716s) Epoch 194/1000: loss=5.246605[0m
( 60.527s) Epoch 195/1000: loss=5.246524[0m
( 60.404s) Epoch 196/1000: loss=[32m5.246008[0m
( 60.470s) Epoch 197/1000: loss=5.247024[0m
( 60.740s) Epoch 198/1000: loss=5.246304[0m
( 60.759s) Epoch 199/1000: loss=5.247155[0m
( 60.659s) Epoch 200/1000: loss=[32m5.245591[0m
( 60.385s) Epoch 201/1000: loss=5.246880[0m
( 60.188s) Epoch 202/1000: loss=5.246270[0m
( 60.625s) Epoch 203/1000: loss=5.246751[0m
( 60.432s) Epoch 204/1000: loss=5.246657[0m
( 60.273s) Epoch 205/1000: loss=[32m5.245590[0m
( 60.552s) Epoch 206/1000: loss=5.245834[0m
( 60.479s) Epoch 207/1000: loss=5.246108[0m
( 60.091s) Epoch 208/1000: loss=5.246751[0m
( 60.194s) Epoch 209/1000: loss=[32m5.245533[0m
( 60.729s) Epoch 210/1000: loss=[32m5.245235[0m
( 60.251s) Epoch 211/1000: loss=[32m5.245154[0m
( 60.329s) Epoch 212/1000: loss=5.245935[0m
( 60.490s) Epoch 213/1000: loss=5.246060[0m
( 60.620s) Epoch 214/1000: loss=5.245422[0m
( 60.367s) Epoch 215/1000: loss=[32m5.245008[0m
( 60.770s) Epoch 216/1000: loss=5.245390[0m
( 60.289s) Epoch 217/1000: loss=5.245082[0m
( 60.762s) Epoch 218/1000: loss=[32m5.244688[0m
( 60.311s) Epoch 219/1000: loss=5.244935[0m
( 60.583s) Epoch 220/1000: loss=5.244854[0m
( 60.781s) Epoch 221/1000: loss=[32m5.244610[0m
( 60.369s) Epoch 222/1000: loss=[32m5.244405[0m
( 60.621s) Epoch 223/1000: loss=5.244596[0m
( 60.572s) Epoch 224/1000: loss=5.245250[0m
( 60.431s) Epoch 225/1000: loss=5.244733[0m
( 60.581s) Epoch 226/1000: loss=5.245120[0m
( 62.641s) Epoch 227/1000: loss=5.245029[0m
( 61.206s) Epoch 228/1000: loss=[32m5.244205[0m
( 60.493s) Epoch 229/1000: loss=5.244340[0m
( 60.485s) Epoch 230/1000: loss=5.244690[0m
( 60.308s) Epoch 231/1000: loss=5.244623[0m
( 60.580s) Epoch 232/1000: loss=5.244658[0m
( 60.656s) Epoch 233/1000: loss=5.244925[0m
( 60.827s) Epoch 234/1000: loss=[32m5.243359[0m
( 60.312s) Epoch 235/1000: loss=5.243839[0m
( 60.431s) Epoch 236/1000: loss=5.244398[0m
( 60.504s) Epoch 237/1000: loss=5.244072[0m
( 60.700s) Epoch 238/1000: loss=[32m5.243218[0m
( 60.455s) Epoch 239/1000: loss=5.243536[0m
( 60.778s) Epoch 240/1000: loss=5.243956[0m
( 60.240s) Epoch 241/1000: loss=[32m5.243133[0m
( 60.432s) Epoch 242/1000: loss=5.243859[0m
( 60.320s) Epoch 243/1000: loss=[32m5.243014[0m
( 60.379s) Epoch 244/1000: loss=5.244069[0m
( 60.772s) Epoch 245/1000: loss=[32m5.243006[0m
( 60.460s) Epoch 246/1000: loss=5.243765[0m
( 60.354s) Epoch 247/1000: loss=5.243295[0m
( 60.561s) Epoch 248/1000: loss=[32m5.242517[0m
( 60.550s) Epoch 249/1000: loss=5.243184[0m
( 60.643s) Epoch 250/1000: loss=5.242928[0m
( 60.671s) Epoch 251/1000: loss=5.242748[0m
( 60.643s) Epoch 252/1000: loss=5.242578[0m
( 60.524s) Epoch 253/1000: loss=5.242782[0m
( 60.275s) Epoch 254/1000: loss=[32m5.241496[0m
( 60.732s) Epoch 255/1000: loss=5.244100[0m
( 60.910s) Epoch 256/1000: loss=5.242899[0m
( 60.397s) Epoch 257/1000: loss=5.242815[0m
( 60.425s) Epoch 258/1000: loss=5.242550[0m
( 60.295s) Epoch 259/1000: loss=5.242515[0m
( 60.596s) Epoch 260/1000: loss=5.243012[0m
( 60.407s) Epoch 261/1000: loss=5.241924[0m
( 60.570s) Epoch 262/1000: loss=5.241739[0m
( 60.434s) Epoch 263/1000: loss=5.242307[0m
( 60.548s) Epoch 264/1000: loss=5.242358[0m
( 60.417s) Epoch 265/1000: loss=5.241817[0m
( 60.227s) Epoch 266/1000: loss=5.241617[0m
( 60.805s) Epoch 267/1000: loss=5.241561[0m
( 60.748s) Epoch 268/1000: loss=5.241881[0m
( 60.415s) Epoch 269/1000: loss=[32m5.241205[0m
( 60.431s) Epoch 270/1000: loss=5.241432[0m
( 60.660s) Epoch 271/1000: loss=5.241438[0m
( 60.798s) Epoch 272/1000: loss=5.241686[0m
( 60.606s) Epoch 273/1000: loss=5.241352[0m
( 60.894s) Epoch 274/1000: loss=[32m5.241106[0m
( 60.945s) Epoch 275/1000: loss=[32m5.240549[0m
( 60.691s) Epoch 276/1000: loss=5.241406[0m
( 60.470s) Epoch 277/1000: loss=5.241178[0m
( 60.660s) Epoch 278/1000: loss=5.242569[0m
( 60.300s) Epoch 279/1000: loss=5.241091[0m
( 60.592s) Epoch 280/1000: loss=5.240653[0m
( 60.544s) Epoch 281/1000: loss=5.241160[0m
( 60.600s) Epoch 282/1000: loss=5.240849[0m
( 60.027s) Epoch 283/1000: loss=5.241307[0m
( 60.451s) Epoch 284/1000: loss=5.240924[0m
( 60.604s) Epoch 285/1000: loss=[32m5.240100[0m
( 60.460s) Epoch 286/1000: loss=5.240780[0m
( 60.652s) Epoch 287/1000: loss=5.240555[0m
( 60.438s) Epoch 288/1000: loss=[32m5.239989[0m
( 60.424s) Epoch 289/1000: loss=5.240434[0m
( 60.377s) Epoch 290/1000: loss=5.240389[0m
( 60.560s) Epoch 291/1000: loss=5.240803[0m
( 60.171s) Epoch 292/1000: loss=5.240985[0m
( 60.722s) Epoch 293/1000: loss=5.240581[0m
( 60.783s) Epoch 294/1000: loss=5.240198[0m
( 60.429s) Epoch 295/1000: loss=5.240344[0m
( 60.253s) Epoch 296/1000: loss=5.240305[0m
( 60.420s) Epoch 297/1000: loss=[32m5.239650[0m
( 60.278s) Epoch 298/1000: loss=5.240142[0m
( 60.383s) Epoch 299/1000: loss=[32m5.239554[0m
( 60.483s) Epoch 300/1000: loss=5.239843[0m
( 60.899s) Epoch 301/1000: loss=5.239675[0m
( 60.599s) Epoch 302/1000: loss=5.240330[0m
( 60.535s) Epoch 303/1000: loss=5.240207[0m
( 60.209s) Epoch 304/1000: loss=5.240442[0m
( 60.416s) Epoch 305/1000: loss=[32m5.239118[0m
( 60.643s) Epoch 306/1000: loss=5.239517[0m
( 60.366s) Epoch 307/1000: loss=5.239575[0m
( 61.084s) Epoch 308/1000: loss=5.239438[0m
( 60.340s) Epoch 309/1000: loss=5.239475[0m
( 60.571s) Epoch 310/1000: loss=[32m5.238742[0m
( 60.597s) Epoch 311/1000: loss=5.239146[0m
( 60.648s) Epoch 312/1000: loss=5.239098[0m
( 60.601s) Epoch 313/1000: loss=5.239594[0m
( 60.567s) Epoch 314/1000: loss=5.238751[0m
( 60.506s) Epoch 315/1000: loss=5.239530[0m
( 60.873s) Epoch 316/1000: loss=5.240055[0m
( 60.270s) Epoch 317/1000: loss=5.239515[0m
( 60.320s) Epoch 318/1000: loss=5.239580[0m
( 60.602s) Epoch 319/1000: loss=5.238798[0m
( 60.811s) Epoch 320/1000: loss=5.239322[0m
( 60.814s) Epoch 321/1000: loss=5.239105[0m
( 60.507s) Epoch 322/1000: loss=[32m5.238650[0m
( 60.535s) Epoch 323/1000: loss=5.238805[0m
( 60.641s) Epoch 324/1000: loss=[32m5.237436[0m
( 60.436s) Epoch 325/1000: loss=5.238726[0m
( 60.540s) Epoch 326/1000: loss=5.239153[0m
( 60.214s) Epoch 327/1000: loss=5.238568[0m
( 60.546s) Epoch 328/1000: loss=5.238570[0m
( 60.394s) Epoch 329/1000: loss=5.238143[0m
( 60.784s) Epoch 330/1000: loss=5.238497[0m
( 60.485s) Epoch 331/1000: loss=5.238182[0m
( 60.504s) Epoch 332/1000: loss=5.238459[0m
( 60.358s) Epoch 333/1000: loss=[32m5.237422[0m
( 60.427s) Epoch 334/1000: loss=[32m5.237217[0m
( 60.400s) Epoch 335/1000: loss=5.237719[0m
( 60.419s) Epoch 336/1000: loss=5.237834[0m
( 60.506s) Epoch 337/1000: loss=5.237296[0m
( 60.431s) Epoch 338/1000: loss=5.238298[0m
( 60.806s) Epoch 339/1000: loss=5.238146[0m
( 60.611s) Epoch 340/1000: loss=5.237972[0m
( 60.527s) Epoch 341/1000: loss=5.237436[0m
( 60.461s) Epoch 342/1000: loss=5.237423[0m
( 60.586s) Epoch 343/1000: loss=5.237372[0m
( 60.535s) Epoch 344/1000: loss=5.237749[0m
( 60.389s) Epoch 345/1000: loss=[32m5.236955[0m
( 60.320s) Epoch 346/1000: loss=[32m5.236719[0m
( 60.710s) Epoch 347/1000: loss=5.237636[0m
( 60.445s) Epoch 348/1000: loss=5.237429[0m
( 60.726s) Epoch 349/1000: loss=5.237480[0m
( 60.252s) Epoch 350/1000: loss=[32m5.236176[0m
( 60.380s) Epoch 351/1000: loss=5.237505[0m
( 60.789s) Epoch 352/1000: loss=5.237119[0m
( 60.608s) Epoch 353/1000: loss=5.236549[0m
( 60.600s) Epoch 354/1000: loss=5.236677[0m
( 60.648s) Epoch 355/1000: loss=5.236885[0m
( 60.734s) Epoch 356/1000: loss=5.236718[0m
( 60.723s) Epoch 357/1000: loss=[32m5.236034[0m
( 60.416s) Epoch 358/1000: loss=5.236351[0m
( 60.450s) Epoch 359/1000: loss=5.236258[0m
( 60.524s) Epoch 360/1000: loss=5.236488[0m
( 60.515s) Epoch 361/1000: loss=[32m5.235692[0m
( 60.890s) Epoch 362/1000: loss=5.236413[0m
( 60.912s) Epoch 363/1000: loss=5.236020[0m
( 60.187s) Epoch 364/1000: loss=5.236191[0m
( 60.490s) Epoch 365/1000: loss=[32m5.235624[0m
( 60.363s) Epoch 366/1000: loss=5.236812[0m
( 60.870s) Epoch 367/1000: loss=5.236032[0m
( 60.536s) Epoch 368/1000: loss=[32m5.235570[0m
( 60.678s) Epoch 369/1000: loss=5.236151[0m
( 60.463s) Epoch 370/1000: loss=5.236041[0m
( 60.637s) Epoch 371/1000: loss=5.235622[0m
( 60.630s) Epoch 372/1000: loss=[32m5.235140[0m
( 60.413s) Epoch 373/1000: loss=5.235479[0m
( 60.747s) Epoch 374/1000: loss=5.235231[0m
( 60.848s) Epoch 375/1000: loss=5.236375[0m
( 60.211s) Epoch 376/1000: loss=5.235759[0m
( 60.363s) Epoch 377/1000: loss=5.235620[0m
( 60.394s) Epoch 378/1000: loss=5.235496[0m
( 60.658s) Epoch 379/1000: loss=5.235884[0m
( 60.677s) Epoch 380/1000: loss=5.235521[0m
( 60.407s) Epoch 381/1000: loss=5.235767[0m
( 60.368s) Epoch 382/1000: loss=[32m5.235117[0m
( 60.414s) Epoch 383/1000: loss=[32m5.235081[0m
( 60.522s) Epoch 384/1000: loss=5.235296[0m
( 60.772s) Epoch 385/1000: loss=5.235182[0m
( 60.623s) Epoch 386/1000: loss=5.235367[0m
( 60.530s) Epoch 387/1000: loss=[32m5.234267[0m
( 60.625s) Epoch 388/1000: loss=5.235283[0m
( 60.551s) Epoch 389/1000: loss=5.235185[0m
( 60.613s) Epoch 390/1000: loss=5.234905[0m
( 60.918s) Epoch 391/1000: loss=5.234995[0m
( 60.513s) Epoch 392/1000: loss=[32m5.233994[0m
( 60.295s) Epoch 393/1000: loss=5.234940[0m
( 60.251s) Epoch 394/1000: loss=5.234478[0m
( 60.700s) Epoch 395/1000: loss=5.235162[0m
( 60.477s) Epoch 396/1000: loss=5.234567[0m
( 60.714s) Epoch 397/1000: loss=5.234228[0m
( 60.549s) Epoch 398/1000: loss=5.234171[0m
( 60.508s) Epoch 399/1000: loss=5.234164[0m
( 60.650s) Epoch 400/1000: loss=5.235002[0m
( 60.657s) Epoch 401/1000: loss=5.234350[0m
( 60.683s) Epoch 402/1000: loss=5.234244[0m
( 60.406s) Epoch 403/1000: loss=5.234371[0m
( 60.807s) Epoch 404/1000: loss=5.234131[0m
( 60.653s) Epoch 405/1000: loss=[32m5.233794[0m
( 60.644s) Epoch 406/1000: loss=[32m5.233315[0m
( 60.397s) Epoch 407/1000: loss=5.234181[0m
( 60.498s) Epoch 408/1000: loss=5.235034[0m
( 60.752s) Epoch 409/1000: loss=5.233810[0m
( 60.211s) Epoch 410/1000: loss=5.234453[0m
( 60.430s) Epoch 411/1000: loss=5.233765[0m
( 60.480s) Epoch 412/1000: loss=5.233616[0m
( 60.637s) Epoch 413/1000: loss=5.233576[0m
( 60.431s) Epoch 414/1000: loss=5.234106[0m
( 60.233s) Epoch 415/1000: loss=5.234283[0m
( 60.396s) Epoch 416/1000: loss=5.233951[0m
( 60.852s) Epoch 417/1000: loss=5.233624[0m
( 60.604s) Epoch 418/1000: loss=5.233334[0m
( 60.732s) Epoch 419/1000: loss=5.233953[0m
( 60.764s) Epoch 420/1000: loss=5.233444[0m
( 60.575s) Epoch 421/1000: loss=5.233847[0m
( 60.512s) Epoch 422/1000: loss=5.234035[0m
( 60.431s) Epoch 423/1000: loss=5.233411[0m
( 60.691s) Epoch 424/1000: loss=[32m5.232700[0m
( 60.457s) Epoch 425/1000: loss=5.233334[0m
( 60.565s) Epoch 426/1000: loss=5.233367[0m
( 60.569s) Epoch 427/1000: loss=5.232859[0m
( 60.481s) Epoch 428/1000: loss=5.233323[0m
( 60.820s) Epoch 429/1000: loss=5.232711[0m
( 60.424s) Epoch 430/1000: loss=5.232836[0m
( 60.630s) Epoch 431/1000: loss=5.233071[0m
( 60.610s) Epoch 432/1000: loss=5.232789[0m
( 60.506s) Epoch 433/1000: loss=5.232875[0m
( 60.567s) Epoch 434/1000: loss=[32m5.232431[0m
( 60.589s) Epoch 435/1000: loss=5.232953[0m
( 60.254s) Epoch 436/1000: loss=5.233093[0m
( 60.449s) Epoch 437/1000: loss=5.233379[0m
( 60.304s) Epoch 438/1000: loss=5.232964[0m
( 60.374s) Epoch 439/1000: loss=5.233321[0m
( 60.574s) Epoch 440/1000: loss=5.233504[0m
( 60.568s) Epoch 441/1000: loss=5.232560[0m
( 60.654s) Epoch 442/1000: loss=5.232553[0m
( 60.652s) Epoch 443/1000: loss=5.232703[0m
( 60.596s) Epoch 444/1000: loss=5.232781[0m
( 60.304s) Epoch 445/1000: loss=5.232582[0m
( 60.658s) Epoch 446/1000: loss=[32m5.232343[0m
( 60.392s) Epoch 447/1000: loss=[32m5.232068[0m
( 60.374s) Epoch 448/1000: loss=5.232382[0m
( 60.552s) Epoch 449/1000: loss=5.232822[0m
( 60.232s) Epoch 450/1000: loss=5.232884[0m
( 60.495s) Epoch 451/1000: loss=[32m5.231824[0m
( 60.510s) Epoch 452/1000: loss=5.232874[0m
( 60.437s) Epoch 453/1000: loss=5.232021[0m
( 60.491s) Epoch 454/1000: loss=5.232272[0m
( 60.871s) Epoch 455/1000: loss=5.232732[0m
( 60.682s) Epoch 456/1000: loss=5.231852[0m
( 60.406s) Epoch 457/1000: loss=5.231832[0m
( 60.342s) Epoch 458/1000: loss=5.231973[0m
( 60.688s) Epoch 459/1000: loss=5.232484[0m
( 60.461s) Epoch 460/1000: loss=5.232227[0m
( 60.395s) Epoch 461/1000: loss=[32m5.231478[0m
( 60.756s) Epoch 462/1000: loss=5.231954[0m
( 60.748s) Epoch 463/1000: loss=5.232050[0m
( 60.504s) Epoch 464/1000: loss=5.231973[0m
( 60.259s) Epoch 465/1000: loss=5.231781[0m
( 60.474s) Epoch 466/1000: loss=5.232104[0m
( 60.324s) Epoch 467/1000: loss=5.231889[0m
( 60.246s) Epoch 468/1000: loss=5.231839[0m
( 60.619s) Epoch 469/1000: loss=[32m5.231262[0m
( 60.083s) Epoch 470/1000: loss=5.232240[0m
( 60.219s) Epoch 471/1000: loss=5.231781[0m
( 60.459s) Epoch 472/1000: loss=[32m5.231205[0m
( 60.400s) Epoch 473/1000: loss=5.231426[0m
( 60.335s) Epoch 474/1000: loss=5.231477[0m
( 60.648s) Epoch 475/1000: loss=[32m5.231173[0m
( 60.554s) Epoch 476/1000: loss=5.231286[0m
( 60.728s) Epoch 477/1000: loss=[32m5.230992[0m
( 60.685s) Epoch 478/1000: loss=5.231282[0m
( 60.744s) Epoch 479/1000: loss=5.231561[0m
( 60.426s) Epoch 480/1000: loss=5.231310[0m
( 60.435s) Epoch 481/1000: loss=5.231306[0m
( 60.596s) Epoch 482/1000: loss=5.232080[0m
( 60.565s) Epoch 483/1000: loss=5.231103[0m
( 60.836s) Epoch 484/1000: loss=[32m5.230853[0m
( 60.160s) Epoch 485/1000: loss=[32m5.230611[0m
( 60.138s) Epoch 486/1000: loss=5.230739[0m
( 60.509s) Epoch 487/1000: loss=[32m5.230348[0m
( 60.366s) Epoch 488/1000: loss=5.231023[0m
( 60.694s) Epoch 489/1000: loss=5.230902[0m
( 60.679s) Epoch 490/1000: loss=5.231521[0m
( 60.929s) Epoch 491/1000: loss=5.230696[0m
( 60.433s) Epoch 492/1000: loss=5.230843[0m
( 60.266s) Epoch 493/1000: loss=[32m5.230316[0m
( 60.283s) Epoch 494/1000: loss=5.230595[0m
( 60.536s) Epoch 495/1000: loss=[32m5.230306[0m
( 60.813s) Epoch 496/1000: loss=5.230420[0m
( 60.791s) Epoch 497/1000: loss=[32m5.229891[0m
( 60.534s) Epoch 498/1000: loss=5.230571[0m
( 60.319s) Epoch 499/1000: loss=5.231550[0m
( 60.273s) Epoch 500/1000: loss=5.230800[0m
( 60.342s) Epoch 501/1000: loss=5.231092[0m
( 60.489s) Epoch 502/1000: loss=5.230922[0m
( 60.421s) Epoch 503/1000: loss=5.230814[0m
( 60.621s) Epoch 504/1000: loss=5.230381[0m
( 60.759s) Epoch 505/1000: loss=5.230123[0m
( 60.656s) Epoch 506/1000: loss=5.230380[0m
( 60.353s) Epoch 507/1000: loss=5.229922[0m
( 60.414s) Epoch 508/1000: loss=5.230115[0m
( 60.420s) Epoch 509/1000: loss=5.229973[0m
( 60.448s) Epoch 510/1000: loss=5.230407[0m
( 60.410s) Epoch 511/1000: loss=[32m5.229688[0m
( 60.422s) Epoch 512/1000: loss=5.230625[0m
( 60.692s) Epoch 513/1000: loss=5.230296[0m
( 60.522s) Epoch 514/1000: loss=5.230510[0m
( 60.382s) Epoch 515/1000: loss=5.229831[0m
( 60.677s) Epoch 516/1000: loss=5.229964[0m
( 60.339s) Epoch 517/1000: loss=5.229860[0m
( 60.730s) Epoch 518/1000: loss=5.229803[0m
( 60.691s) Epoch 519/1000: loss=5.230349[0m
( 60.438s) Epoch 520/1000: loss=5.230309[0m
( 60.704s) Epoch 521/1000: loss=5.230093[0m
( 60.623s) Epoch 522/1000: loss=5.230466[0m
( 60.353s) Epoch 523/1000: loss=[32m5.229350[0m
( 60.461s) Epoch 524/1000: loss=5.229660[0m
( 60.670s) Epoch 525/1000: loss=5.229520[0m
( 60.325s) Epoch 526/1000: loss=5.229754[0m
( 60.560s) Epoch 527/1000: loss=5.229834[0m
( 60.677s) Epoch 528/1000: loss=5.229424[0m
( 60.325s) Epoch 529/1000: loss=5.229641[0m
( 60.716s) Epoch 530/1000: loss=5.229381[0m
( 60.576s) Epoch 531/1000: loss=5.229875[0m
( 60.219s) Epoch 532/1000: loss=[32m5.229124[0m
( 60.664s) Epoch 533/1000: loss=5.229480[0m
( 60.404s) Epoch 534/1000: loss=5.229664[0m
( 60.294s) Epoch 535/1000: loss=5.230165[0m
( 60.451s) Epoch 536/1000: loss=5.229593[0m
( 60.422s) Epoch 537/1000: loss=5.229881[0m
( 60.744s) Epoch 538/1000: loss=5.229230[0m
( 60.795s) Epoch 539/1000: loss=5.229547[0m
( 60.677s) Epoch 540/1000: loss=5.229259[0m
( 60.538s) Epoch 541/1000: loss=5.230027[0m
( 60.830s) Epoch 542/1000: loss=5.229715[0m
( 60.867s) Epoch 543/1000: loss=5.229383[0m
( 60.436s) Epoch 544/1000: loss=5.229475[0m
( 60.339s) Epoch 545/1000: loss=5.229349[0m
( 60.598s) Epoch 546/1000: loss=5.229354[0m
( 60.865s) Epoch 547/1000: loss=5.229573[0m
( 60.701s) Epoch 548/1000: loss=[32m5.229102[0m
( 60.555s) Epoch 549/1000: loss=5.229503[0m
( 60.325s) Epoch 550/1000: loss=5.229163[0m
( 60.625s) Epoch 551/1000: loss=[32m5.228948[0m
( 60.501s) Epoch 552/1000: loss=5.229236[0m
( 60.689s) Epoch 553/1000: loss=5.228973[0m
( 60.882s) Epoch 554/1000: loss=5.229113[0m
( 60.536s) Epoch 555/1000: loss=[32m5.228853[0m
( 60.470s) Epoch 556/1000: loss=[32m5.228652[0m
( 60.582s) Epoch 557/1000: loss=5.229396[0m
( 60.504s) Epoch 558/1000: loss=[32m5.228462[0m
( 60.481s) Epoch 559/1000: loss=5.229354[0m
( 60.288s) Epoch 560/1000: loss=5.229030[0m
( 60.478s) Epoch 561/1000: loss=5.229101[0m
( 60.711s) Epoch 562/1000: loss=5.228649[0m
( 60.579s) Epoch 563/1000: loss=5.229041[0m
( 60.815s) Epoch 564/1000: loss=5.228468[0m
( 60.431s) Epoch 565/1000: loss=5.228588[0m
( 60.490s) Epoch 566/1000: loss=5.228690[0m
( 60.731s) Epoch 567/1000: loss=5.229467[0m
( 60.463s) Epoch 568/1000: loss=5.229245[0m
( 60.463s) Epoch 569/1000: loss=5.228622[0m
( 60.475s) Epoch 570/1000: loss=[32m5.228388[0m
( 60.603s) Epoch 571/1000: loss=5.228777[0m
( 60.528s) Epoch 572/1000: loss=5.228417[0m
( 60.316s) Epoch 573/1000: loss=[32m5.228264[0m
( 60.757s) Epoch 574/1000: loss=[32m5.228234[0m
( 60.415s) Epoch 575/1000: loss=5.228667[0m
( 60.467s) Epoch 576/1000: loss=5.228372[0m
( 60.732s) Epoch 577/1000: loss=5.228433[0m
( 60.455s) Epoch 578/1000: loss=[32m5.228123[0m
( 60.564s) Epoch 579/1000: loss=5.228370[0m
( 60.381s) Epoch 580/1000: loss=5.228389[0m
( 60.470s) Epoch 581/1000: loss=5.228706[0m
( 60.563s) Epoch 582/1000: loss=5.228412[0m
( 60.303s) Epoch 583/1000: loss=[32m5.227919[0m
( 60.665s) Epoch 584/1000: loss=5.227984[0m
( 60.614s) Epoch 585/1000: loss=5.228878[0m
( 60.504s) Epoch 586/1000: loss=[32m5.227725[0m
( 60.470s) Epoch 587/1000: loss=5.228351[0m
( 60.438s) Epoch 588/1000: loss=5.227940[0m
( 60.200s) Epoch 589/1000: loss=5.228129[0m
( 60.471s) Epoch 590/1000: loss=5.227916[0m
( 60.633s) Epoch 591/1000: loss=5.228289[0m
( 60.905s) Epoch 592/1000: loss=5.227825[0m
( 59.918s) Epoch 593/1000: loss=5.228219[0m
( 60.211s) Epoch 594/1000: loss=5.228060[0m
( 60.719s) Epoch 595/1000: loss=5.228050[0m
( 60.415s) Epoch 596/1000: loss=5.228442[0m
( 60.806s) Epoch 597/1000: loss=5.227911[0m
( 60.663s) Epoch 598/1000: loss=5.228271[0m
( 60.484s) Epoch 599/1000: loss=5.228459[0m
( 60.559s) Epoch 600/1000: loss=5.227990[0m
( 60.450s) Epoch 601/1000: loss=5.228182[0m
( 60.380s) Epoch 602/1000: loss=5.227728[0m
( 60.385s) Epoch 603/1000: loss=5.228809[0m
( 60.427s) Epoch 604/1000: loss=5.228123[0m
( 60.522s) Epoch 605/1000: loss=5.228231[0m
( 60.525s) Epoch 606/1000: loss=5.228164[0m
( 60.439s) Epoch 607/1000: loss=[32m5.227590[0m
( 60.495s) Epoch 608/1000: loss=[32m5.227574[0m
( 60.520s) Epoch 609/1000: loss=[32m5.227538[0m
( 60.504s) Epoch 610/1000: loss=5.227745[0m
( 60.361s) Epoch 611/1000: loss=5.227892[0m
( 60.660s) Epoch 612/1000: loss=5.227721[0m
( 60.662s) Epoch 613/1000: loss=[32m5.227453[0m
( 60.352s) Epoch 614/1000: loss=5.227461[0m
( 60.254s) Epoch 615/1000: loss=5.228213[0m
( 60.358s) Epoch 616/1000: loss=[32m5.227411[0m
( 60.395s) Epoch 617/1000: loss=5.227690[0m
( 60.631s) Epoch 618/1000: loss=5.227707[0m
( 60.597s) Epoch 619/1000: loss=[32m5.227317[0m
( 60.347s) Epoch 620/1000: loss=5.227833[0m
( 60.509s) Epoch 621/1000: loss=[32m5.227183[0m
( 60.614s) Epoch 622/1000: loss=5.227676[0m
( 60.773s) Epoch 623/1000: loss=5.227828[0m
( 60.492s) Epoch 624/1000: loss=5.227670[0m
( 60.335s) Epoch 625/1000: loss=5.227706[0m
( 60.646s) Epoch 626/1000: loss=5.227755[0m
( 60.446s) Epoch 627/1000: loss=5.227887[0m
( 60.579s) Epoch 628/1000: loss=5.227189[0m
( 60.254s) Epoch 629/1000: loss=5.227671[0m
( 60.521s) Epoch 630/1000: loss=5.228183[0m
( 60.394s) Epoch 631/1000: loss=5.227739[0m
( 60.677s) Epoch 632/1000: loss=5.227801[0m
( 60.872s) Epoch 633/1000: loss=[32m5.227139[0m
( 60.425s) Epoch 634/1000: loss=5.227453[0m
( 59.904s) Epoch 635/1000: loss=[32m5.226996[0m
( 60.571s) Epoch 636/1000: loss=5.227608[0m
( 60.492s) Epoch 637/1000: loss=5.227067[0m
( 60.568s) Epoch 638/1000: loss=[32m5.226951[0m
( 60.490s) Epoch 639/1000: loss=5.227373[0m
( 60.636s) Epoch 640/1000: loss=5.227016[0m
( 60.412s) Epoch 641/1000: loss=5.227595[0m
( 60.747s) Epoch 642/1000: loss=5.227713[0m
( 60.571s) Epoch 643/1000: loss=5.227413[0m
( 60.505s) Epoch 644/1000: loss=5.227844[0m
( 60.627s) Epoch 645/1000: loss=5.227686[0m
( 60.199s) Epoch 646/1000: loss=5.227274[0m
( 60.661s) Epoch 647/1000: loss=5.227560[0m
( 60.174s) Epoch 648/1000: loss=5.226958[0m
( 60.708s) Epoch 649/1000: loss=5.227247[0m
( 60.501s) Epoch 650/1000: loss=5.227367[0m
( 60.592s) Epoch 651/1000: loss=5.227398[0m
( 60.435s) Epoch 652/1000: loss=[32m5.226813[0m
( 60.515s) Epoch 653/1000: loss=5.227214[0m
( 60.494s) Epoch 654/1000: loss=5.227240[0m
( 60.466s) Epoch 655/1000: loss=5.227289[0m
( 60.194s) Epoch 656/1000: loss=5.227379[0m
( 60.511s) Epoch 657/1000: loss=5.227011[0m
( 60.341s) Epoch 658/1000: loss=5.227155[0m
( 60.519s) Epoch 659/1000: loss=5.227389[0m
( 60.338s) Epoch 660/1000: loss=5.227465[0m
( 60.726s) Epoch 661/1000: loss=5.227107[0m
( 60.344s) Epoch 662/1000: loss=5.227432[0m
( 60.539s) Epoch 663/1000: loss=5.227462[0m
( 60.282s) Epoch 664/1000: loss=5.227383[0m
( 60.180s) Epoch 665/1000: loss=5.226872[0m
( 60.564s) Epoch 666/1000: loss=5.227074[0m
( 61.038s) Epoch 667/1000: loss=5.227111[0m
( 60.745s) Epoch 668/1000: loss=5.226828[0m
( 60.636s) Epoch 669/1000: loss=5.227453[0m
( 60.511s) Epoch 670/1000: loss=5.227131[0m
( 60.482s) Epoch 671/1000: loss=5.227283[0m
( 60.334s) Epoch 672/1000: loss=5.227186[0m
( 60.449s) Epoch 673/1000: loss=5.227356[0m
( 60.366s) Epoch 674/1000: loss=5.227360[0m
( 60.538s) Epoch 675/1000: loss=5.227082[0m
( 60.781s) Epoch 676/1000: loss=5.227509[0m
( 60.662s) Epoch 677/1000: loss=5.227288[0m
( 60.622s) Epoch 678/1000: loss=5.227567[0m
( 60.670s) Epoch 679/1000: loss=5.227567[0m
( 60.543s) Epoch 680/1000: loss=5.227801[0m
( 60.482s) Epoch 681/1000: loss=5.227487[0m
( 60.352s) Epoch 682/1000: loss=5.227954[0m
( 60.546s) Epoch 683/1000: loss=5.227519[0m
( 60.489s) Epoch 684/1000: loss=5.227595[0m
( 60.404s) Epoch 685/1000: loss=5.227574[0m
( 60.322s) Epoch 686/1000: loss=5.227711[0m
( 60.545s) Epoch 687/1000: loss=5.227162[0m
( 60.072s) Epoch 688/1000: loss=5.227943[0m
( 60.447s) Epoch 689/1000: loss=5.227454[0m
( 60.488s) Epoch 690/1000: loss=5.227210[0m
( 60.227s) Epoch 691/1000: loss=5.227283[0m
( 60.522s) Epoch 692/1000: loss=5.227482[0m
( 60.655s) Epoch 693/1000: loss=5.227671[0m
( 60.344s) Epoch 694/1000: loss=5.227375[0m
( 60.322s) Epoch 695/1000: loss=5.227969[0m
( 60.589s) Epoch 696/1000: loss=5.227489[0m
( 60.398s) Epoch 697/1000: loss=5.227574[0m
( 60.630s) Epoch 698/1000: loss=5.228023[0m
( 60.428s) Epoch 699/1000: loss=5.227141[0m
( 60.489s) Epoch 700/1000: loss=5.227734[0m
( 60.445s) Epoch 701/1000: loss=5.227337[0m
( 60.262s) Epoch 702/1000: loss=5.227600[0m
( 60.550s) Epoch 703/1000: loss=5.227087[0m
( 60.483s) Epoch 704/1000: loss=5.227125[0m
( 60.252s) Epoch 705/1000: loss=5.227420[0m
( 60.245s) Epoch 706/1000: loss=5.227027[0m
( 60.440s) Epoch 707/1000: loss=5.227324[0m
( 60.361s) Epoch 708/1000: loss=5.227210[0m
( 60.484s) Epoch 709/1000: loss=5.226974[0m
( 60.515s) Epoch 710/1000: loss=5.227248[0m
( 60.408s) Epoch 711/1000: loss=5.226963[0m
( 60.449s) Epoch 712/1000: loss=5.227110[0m
( 60.480s) Epoch 713/1000: loss=5.227238[0m
( 60.588s) Epoch 714/1000: loss=5.226874[0m
( 60.497s) Epoch 715/1000: loss=5.226983[0m
( 60.457s) Epoch 716/1000: loss=[32m5.226463[0m
( 60.395s) Epoch 717/1000: loss=5.226523[0m
( 60.394s) Epoch 718/1000: loss=5.226732[0m
( 60.401s) Epoch 719/1000: loss=[32m5.226373[0m
( 60.538s) Epoch 720/1000: loss=5.226932[0m
( 60.658s) Epoch 721/1000: loss=5.226922[0m
( 60.575s) Epoch 722/1000: loss=5.226656[0m
( 60.436s) Epoch 723/1000: loss=[32m5.226359[0m
( 60.463s) Epoch 724/1000: loss=5.226508[0m
( 60.482s) Epoch 725/1000: loss=5.226634[0m
( 60.554s) Epoch 726/1000: loss=5.227224[0m
( 60.877s) Epoch 727/1000: loss=5.226977[0m
( 60.380s) Epoch 728/1000: loss=5.226510[0m
( 60.842s) Epoch 729/1000: loss=[32m5.226302[0m
( 60.646s) Epoch 730/1000: loss=5.226486[0m
( 60.407s) Epoch 731/1000: loss=[32m5.226044[0m
( 60.320s) Epoch 732/1000: loss=5.226120[0m
( 60.416s) Epoch 733/1000: loss=5.226114[0m
( 60.625s) Epoch 734/1000: loss=[32m5.225888[0m
( 60.466s) Epoch 735/1000: loss=5.226199[0m
( 60.180s) Epoch 736/1000: loss=5.226427[0m
( 60.888s) Epoch 737/1000: loss=5.225987[0m
( 60.725s) Epoch 738/1000: loss=[32m5.225700[0m
( 60.574s) Epoch 739/1000: loss=5.226154[0m
( 60.422s) Epoch 740/1000: loss=5.226280[0m
( 60.797s) Epoch 741/1000: loss=5.226397[0m
( 60.654s) Epoch 742/1000: loss=5.226412[0m
( 60.458s) Epoch 743/1000: loss=5.226725[0m
( 60.525s) Epoch 744/1000: loss=5.226262[0m
( 60.565s) Epoch 745/1000: loss=5.226058[0m
( 60.238s) Epoch 746/1000: loss=5.226126[0m
( 60.700s) Epoch 747/1000: loss=5.226117[0m
( 60.859s) Epoch 748/1000: loss=5.226033[0m
( 60.418s) Epoch 749/1000: loss=5.226193[0m
( 60.474s) Epoch 750/1000: loss=5.226264[0m
( 60.237s) Epoch 751/1000: loss=5.225756[0m
( 60.372s) Epoch 752/1000: loss=5.225941[0m
( 60.388s) Epoch 753/1000: loss=5.226175[0m
( 60.430s) Epoch 754/1000: loss=5.225927[0m
( 60.469s) Epoch 755/1000: loss=5.226031[0m
( 60.411s) Epoch 756/1000: loss=5.226097[0m
( 60.627s) Epoch 757/1000: loss=5.225733[0m
( 60.638s) Epoch 758/1000: loss=5.225922[0m
( 60.348s) Epoch 759/1000: loss=5.225912[0m
( 60.314s) Epoch 760/1000: loss=[32m5.225515[0m
( 60.608s) Epoch 761/1000: loss=5.226067[0m
( 60.513s) Epoch 762/1000: loss=5.225882[0m
( 60.373s) Epoch 763/1000: loss=5.226032[0m
( 60.256s) Epoch 764/1000: loss=5.225877[0m
( 60.452s) Epoch 765/1000: loss=5.225693[0m
( 60.427s) Epoch 766/1000: loss=5.225862[0m
( 60.733s) Epoch 767/1000: loss=5.225844[0m
( 60.155s) Epoch 768/1000: loss=5.225606[0m
( 60.555s) Epoch 769/1000: loss=5.225992[0m
( 60.385s) Epoch 770/1000: loss=5.225739[0m
( 60.719s) Epoch 771/1000: loss=5.226216[0m
( 60.605s) Epoch 772/1000: loss=5.225909[0m
( 60.555s) Epoch 773/1000: loss=5.225792[0m
( 60.465s) Epoch 774/1000: loss=5.225655[0m
( 60.666s) Epoch 775/1000: loss=5.225824[0m
( 60.645s) Epoch 776/1000: loss=[32m5.225417[0m
( 60.684s) Epoch 777/1000: loss=5.225749[0m
( 60.112s) Epoch 778/1000: loss=[32m5.225376[0m
( 60.496s) Epoch 779/1000: loss=[32m5.225307[0m
( 60.446s) Epoch 780/1000: loss=5.225705[0m
( 60.543s) Epoch 781/1000: loss=5.225483[0m
( 60.744s) Epoch 782/1000: loss=5.225661[0m
( 60.667s) Epoch 783/1000: loss=[32m5.225266[0m
( 60.462s) Epoch 784/1000: loss=5.225576[0m
( 60.833s) Epoch 785/1000: loss=[32m5.225175[0m
( 60.470s) Epoch 786/1000: loss=5.225497[0m
( 60.549s) Epoch 787/1000: loss=5.225542[0m
( 60.664s) Epoch 788/1000: loss=5.225420[0m
( 60.472s) Epoch 789/1000: loss=5.225528[0m
( 60.343s) Epoch 790/1000: loss=5.225338[0m
( 60.250s) Epoch 791/1000: loss=5.225782[0m
( 60.230s) Epoch 792/1000: loss=5.225344[0m
( 60.720s) Epoch 793/1000: loss=5.225475[0m
( 60.558s) Epoch 794/1000: loss=5.225834[0m
( 60.371s) Epoch 795/1000: loss=5.225400[0m
( 60.491s) Epoch 796/1000: loss=5.225511[0m
( 60.556s) Epoch 797/1000: loss=5.225197[0m
( 60.459s) Epoch 798/1000: loss=5.225346[0m
( 60.394s) Epoch 799/1000: loss=5.225551[0m
( 60.269s) Epoch 800/1000: loss=5.225429[0m
( 60.648s) Epoch 801/1000: loss=5.225507[0m
( 60.283s) Epoch 802/1000: loss=5.225250[0m
( 60.386s) Epoch 803/1000: loss=5.225401[0m
( 60.412s) Epoch 804/1000: loss=[32m5.225154[0m
( 60.234s) Epoch 805/1000: loss=5.225441[0m
( 60.336s) Epoch 806/1000: loss=[32m5.224865[0m
( 60.418s) Epoch 807/1000: loss=5.225310[0m
( 60.646s) Epoch 808/1000: loss=5.224939[0m
( 60.786s) Epoch 809/1000: loss=5.225446[0m
( 60.549s) Epoch 810/1000: loss=5.225227[0m
( 60.509s) Epoch 811/1000: loss=5.225117[0m
( 60.297s) Epoch 812/1000: loss=5.225092[0m
( 60.310s) Epoch 813/1000: loss=5.225275[0m
( 60.155s) Epoch 814/1000: loss=5.225298[0m
( 60.649s) Epoch 815/1000: loss=5.225410[0m
( 60.617s) Epoch 816/1000: loss=5.225210[0m
( 60.685s) Epoch 817/1000: loss=5.225346[0m
( 60.544s) Epoch 818/1000: loss=5.225488[0m
( 60.143s) Epoch 819/1000: loss=5.225032[0m
( 60.661s) Epoch 820/1000: loss=5.225472[0m
( 60.730s) Epoch 821/1000: loss=5.225289[0m
( 60.754s) Epoch 822/1000: loss=5.225451[0m
( 60.258s) Epoch 823/1000: loss=5.225024[0m
( 60.279s) Epoch 824/1000: loss=5.225411[0m
( 60.439s) Epoch 825/1000: loss=5.225379[0m
( 60.346s) Epoch 826/1000: loss=5.225311[0m
( 60.545s) Epoch 827/1000: loss=5.225210[0m
( 60.542s) Epoch 828/1000: loss=5.225267[0m
( 60.269s) Epoch 829/1000: loss=[32m5.224806[0m
( 59.998s) Epoch 830/1000: loss=5.225287[0m
( 60.669s) Epoch 831/1000: loss=5.225216[0m
( 60.659s) Epoch 832/1000: loss=5.225324[0m
( 60.443s) Epoch 833/1000: loss=5.225115[0m
( 60.666s) Epoch 834/1000: loss=5.225588[0m
( 60.506s) Epoch 835/1000: loss=5.225349[0m
( 60.587s) Epoch 836/1000: loss=5.225141[0m
( 60.471s) Epoch 837/1000: loss=5.225418[0m
( 60.449s) Epoch 838/1000: loss=5.225105[0m
( 60.396s) Epoch 839/1000: loss=5.225082[0m
( 60.259s) Epoch 840/1000: loss=5.224995[0m
( 60.680s) Epoch 841/1000: loss=5.225425[0m
( 60.484s) Epoch 842/1000: loss=5.225130[0m
( 60.628s) Epoch 843/1000: loss=5.225280[0m
( 60.643s) Epoch 844/1000: loss=5.225315[0m
( 60.620s) Epoch 845/1000: loss=5.225063[0m
( 60.545s) Epoch 846/1000: loss=5.225207[0m
( 60.541s) Epoch 847/1000: loss=5.225274[0m
( 60.178s) Epoch 848/1000: loss=5.224812[0m
( 60.572s) Epoch 849/1000: loss=5.224981[0m
( 60.587s) Epoch 850/1000: loss=5.224953[0m
( 60.565s) Epoch 851/1000: loss=5.225029[0m
( 60.768s) Epoch 852/1000: loss=5.225030[0m
( 60.406s) Epoch 853/1000: loss=5.225403[0m
( 60.734s) Epoch 854/1000: loss=5.224973[0m
( 60.649s) Epoch 855/1000: loss=5.224910[0m
( 60.542s) Epoch 856/1000: loss=5.224945[0m
( 60.686s) Epoch 857/1000: loss=[32m5.224732[0m
( 60.634s) Epoch 858/1000: loss=[32m5.224697[0m
( 60.805s) Epoch 859/1000: loss=5.225032[0m
( 60.517s) Epoch 860/1000: loss=5.225648[0m
( 60.164s) Epoch 861/1000: loss=5.224732[0m
( 60.620s) Epoch 862/1000: loss=5.224758[0m
( 60.515s) Epoch 863/1000: loss=5.224882[0m
( 60.457s) Epoch 864/1000: loss=5.224777[0m
( 60.373s) Epoch 865/1000: loss=5.224979[0m
( 60.649s) Epoch 866/1000: loss=[32m5.224683[0m
( 60.652s) Epoch 867/1000: loss=[32m5.224616[0m
( 60.303s) Epoch 868/1000: loss=5.224898[0m
( 60.750s) Epoch 869/1000: loss=5.224676[0m
( 60.549s) Epoch 870/1000: loss=[32m5.224560[0m
( 60.401s) Epoch 871/1000: loss=5.224588[0m
( 60.444s) Epoch 872/1000: loss=5.225027[0m
( 60.520s) Epoch 873/1000: loss=5.224749[0m
( 60.469s) Epoch 874/1000: loss=5.224679[0m
( 60.645s) Epoch 875/1000: loss=5.224581[0m
( 60.418s) Epoch 876/1000: loss=5.224805[0m
( 60.495s) Epoch 877/1000: loss=5.224613[0m
( 60.628s) Epoch 878/1000: loss=5.224663[0m
( 60.461s) Epoch 879/1000: loss=5.224656[0m
( 60.506s) Epoch 880/1000: loss=5.224760[0m
( 60.396s) Epoch 881/1000: loss=[32m5.224484[0m
( 60.378s) Epoch 882/1000: loss=5.224484[0m
( 60.783s) Epoch 883/1000: loss=5.224764[0m
( 60.838s) Epoch 884/1000: loss=[32m5.224399[0m
( 60.484s) Epoch 885/1000: loss=5.224871[0m
( 60.720s) Epoch 886/1000: loss=[32m5.224383[0m
( 60.366s) Epoch 887/1000: loss=5.224703[0m
( 60.591s) Epoch 888/1000: loss=5.224544[0m
( 60.594s) Epoch 889/1000: loss=5.224423[0m
( 60.227s) Epoch 890/1000: loss=[32m5.224222[0m
( 60.830s) Epoch 891/1000: loss=5.224537[0m
( 60.299s) Epoch 892/1000: loss=5.224504[0m
( 60.418s) Epoch 893/1000: loss=5.224963[0m
( 60.531s) Epoch 894/1000: loss=5.224401[0m
( 60.520s) Epoch 895/1000: loss=5.224495[0m
( 60.765s) Epoch 896/1000: loss=5.224323[0m
( 60.765s) Epoch 897/1000: loss=5.224508[0m
( 60.850s) Epoch 898/1000: loss=5.224691[0m
( 60.525s) Epoch 899/1000: loss=5.224609[0m
( 60.386s) Epoch 900/1000: loss=5.224557[0m
( 60.298s) Epoch 901/1000: loss=5.224791[0m
( 60.137s) Epoch 902/1000: loss=[32m5.224108[0m
( 60.496s) Epoch 903/1000: loss=5.224751[0m
( 60.528s) Epoch 904/1000: loss=5.224477[0m
( 60.237s) Epoch 905/1000: loss=5.224580[0m
( 60.419s) Epoch 906/1000: loss=5.224375[0m
( 60.407s) Epoch 907/1000: loss=5.224112[0m
( 60.323s) Epoch 908/1000: loss=5.224237[0m
( 60.651s) Epoch 909/1000: loss=5.224932[0m
( 60.236s) Epoch 910/1000: loss=5.224533[0m
( 60.821s) Epoch 911/1000: loss=5.224345[0m
( 60.442s) Epoch 912/1000: loss=5.224530[0m
( 60.589s) Epoch 913/1000: loss=5.224325[0m
( 60.226s) Epoch 914/1000: loss=5.224146[0m
( 60.257s) Epoch 915/1000: loss=5.224385[0m
( 60.411s) Epoch 916/1000: loss=5.224673[0m
( 60.720s) Epoch 917/1000: loss=5.224584[0m
( 60.539s) Epoch 918/1000: loss=5.224547[0m
( 60.155s) Epoch 919/1000: loss=5.224502[0m
( 60.458s) Epoch 920/1000: loss=5.224128[0m
( 60.501s) Epoch 921/1000: loss=5.224235[0m
( 60.505s) Epoch 922/1000: loss=5.224447[0m
( 60.508s) Epoch 923/1000: loss=5.224197[0m
( 60.403s) Epoch 924/1000: loss=5.224338[0m
( 60.761s) Epoch 925/1000: loss=[32m5.224094[0m
( 60.350s) Epoch 926/1000: loss=5.224556[0m
( 60.430s) Epoch 927/1000: loss=5.224347[0m
( 60.630s) Epoch 928/1000: loss=5.224389[0m
( 60.726s) Epoch 929/1000: loss=5.224385[0m
( 60.285s) Epoch 930/1000: loss=5.224445[0m
( 60.156s) Epoch 931/1000: loss=5.224483[0m
( 60.324s) Epoch 932/1000: loss=5.224739[0m
( 60.289s) Epoch 933/1000: loss=5.224692[0m
( 60.340s) Epoch 934/1000: loss=5.224373[0m
( 60.578s) Epoch 935/1000: loss=5.224308[0m
( 60.512s) Epoch 936/1000: loss=5.224471[0m
( 60.603s) Epoch 937/1000: loss=5.224327[0m
( 60.919s) Epoch 938/1000: loss=5.224477[0m
( 60.489s) Epoch 939/1000: loss=[32m5.224029[0m
( 60.306s) Epoch 940/1000: loss=5.224475[0m
( 60.595s) Epoch 941/1000: loss=5.224474[0m
( 60.526s) Epoch 942/1000: loss=5.224481[0m
( 60.787s) Epoch 943/1000: loss=5.224267[0m
( 60.467s) Epoch 944/1000: loss=5.224422[0m
( 60.382s) Epoch 945/1000: loss=5.224407[0m
( 60.315s) Epoch 946/1000: loss=[32m5.223893[0m
( 60.480s) Epoch 947/1000: loss=5.224335[0m
( 60.824s) Epoch 948/1000: loss=5.224137[0m
( 60.510s) Epoch 949/1000: loss=5.223986[0m
( 60.468s) Epoch 950/1000: loss=5.224054[0m
( 60.634s) Epoch 951/1000: loss=5.224508[0m
( 60.193s) Epoch 952/1000: loss=5.223953[0m
( 60.143s) Epoch 953/1000: loss=5.224070[0m
( 60.902s) Epoch 954/1000: loss=5.224454[0m
( 60.760s) Epoch 955/1000: loss=5.224308[0m
( 60.497s) Epoch 956/1000: loss=5.224166[0m
( 60.678s) Epoch 957/1000: loss=5.224054[0m
( 60.221s) Epoch 958/1000: loss=5.224483[0m
( 60.480s) Epoch 959/1000: loss=5.224207[0m
( 60.589s) Epoch 960/1000: loss=5.224289[0m
( 60.514s) Epoch 961/1000: loss=5.223946[0m
( 60.510s) Epoch 962/1000: loss=5.224206[0m
( 60.041s) Epoch 963/1000: loss=5.224302[0m
( 60.304s) Epoch 964/1000: loss=5.224100[0m
( 60.684s) Epoch 965/1000: loss=5.224329[0m
( 60.632s) Epoch 966/1000: loss=5.224626[0m
( 60.561s) Epoch 967/1000: loss=5.223902[0m
( 60.374s) Epoch 968/1000: loss=5.224349[0m
( 60.370s) Epoch 969/1000: loss=5.224245[0m
( 60.369s) Epoch 970/1000: loss=5.224292[0m
( 60.573s) Epoch 971/1000: loss=5.224110[0m
( 60.424s) Epoch 972/1000: loss=5.224494[0m
( 60.543s) Epoch 973/1000: loss=5.224417[0m
( 60.250s) Epoch 974/1000: loss=5.223893[0m
( 60.539s) Epoch 975/1000: loss=[32m5.223866[0m
( 60.197s) Epoch 976/1000: loss=5.224164[0m
( 60.144s) Epoch 977/1000: loss=5.224191[0m
( 60.407s) Epoch 978/1000: loss=5.224116[0m
( 60.322s) Epoch 979/1000: loss=5.224244[0m
( 60.469s) Epoch 980/1000: loss=5.224000[0m
( 60.350s) Epoch 981/1000: loss=5.223913[0m
( 60.508s) Epoch 982/1000: loss=5.223976[0m
( 60.649s) Epoch 983/1000: loss=[32m5.223854[0m
( 60.490s) Epoch 984/1000: loss=5.224319[0m
( 60.668s) Epoch 985/1000: loss=5.224258[0m
( 60.414s) Epoch 986/1000: loss=5.224109[0m
( 60.586s) Epoch 987/1000: loss=5.224170[0m
( 60.294s) Epoch 988/1000: loss=5.224096[0m
( 60.795s) Epoch 989/1000: loss=5.223931[0m
( 60.342s) Epoch 990/1000: loss=5.224509[0m
( 60.571s) Epoch 991/1000: loss=5.224316[0m
( 60.747s) Epoch 992/1000: loss=5.224269[0m
( 60.373s) Epoch 993/1000: loss=5.223989[0m
( 60.837s) Epoch 994/1000: loss=5.224375[0m
( 60.344s) Epoch 995/1000: loss=5.224301[0m
( 60.617s) Epoch 996/1000: loss=5.224260[0m
( 60.583s) Epoch 997/1000: loss=5.224043[0m
( 60.429s) Epoch 998/1000: loss=5.224364[0m
( 60.347s) Epoch 999/1000: loss=5.224395[0m
( 60.381s) Epoch 1000/1000: loss=5.224201[0m
Training for 1000 epochs took 60559.996s total and 60.560s average
Calculating mean of transformed dataset using the best model state ... 9.363s
Saving best model and options to /home/aditya.bharti/FewShot/miniImgnet_1000epoch/ColorGauss.pth
