Namespace(T_max=1000, backbone='resnet50', base_learning_rate=0.1, base_optimizer='SGD', batch_size=256, dampening=0.0, data_percent=20, dataset='miniImagenet', dataset_root=None, distributed=True, episode_strat='SimpleShotEpisodes', eval_freq=2000, fine_tune_epochs=20, fine_tune_save_path='ft0.pth', first_augment='CropResize', head='SimpleMLP', jitter_strength=1.0, k_shot=5, load_from=None, local_rank=0, log_file=<_io.TextIOWrapper name='/home/aditya.bharti/FewShot/miniImgnet_1000epoch/CropGauss.out' mode='a' encoding='UTF-8'>, loss_function='NTXent', model='SimCLRModel', momentum=0.9, n_way=5, nesterov=True, ntxent_temp=1.0, num_epochs=1000, num_query=15, num_test_tasks=10000, num_workers=4, pin_memory=True, pretrained=False, progress=False, projection_dim=128, save_model=True, save_path='/home/aditya.bharti/FewShot/miniImgnet_1000epoch/CropGauss.pth', scheduler='CosineAnnealingLR', second_augment='GaussBlur', shuffle=True, simple_opt=True, weight_decay=0.0001)
Starting Training on:
Train:  64 classes
Valid:  16 classes
Test:   20 classes
------------------
( 63.483s) Epoch 001/1000: loss=[32m5.709892[0m
( 43.221s) Epoch 002/1000: loss=[32m5.560268[0m
( 39.357s) Epoch 003/1000: loss=[32m5.538949[0m
( 39.505s) Epoch 004/1000: loss=[32m5.502703[0m
( 39.556s) Epoch 005/1000: loss=[32m5.462327[0m
( 39.401s) Epoch 006/1000: loss=[32m5.444618[0m
( 39.628s) Epoch 007/1000: loss=[32m5.439927[0m
( 39.592s) Epoch 008/1000: loss=[32m5.426741[0m
( 39.637s) Epoch 009/1000: loss=[32m5.416049[0m
( 39.634s) Epoch 010/1000: loss=[32m5.405034[0m
( 39.574s) Epoch 011/1000: loss=[32m5.395456[0m
( 39.506s) Epoch 012/1000: loss=[32m5.388824[0m
( 39.546s) Epoch 013/1000: loss=[32m5.383767[0m
( 39.503s) Epoch 014/1000: loss=[32m5.376726[0m
( 39.586s) Epoch 015/1000: loss=[32m5.372882[0m
( 39.608s) Epoch 016/1000: loss=[32m5.366246[0m
( 39.632s) Epoch 017/1000: loss=5.366249[0m
( 39.398s) Epoch 018/1000: loss=[32m5.364409[0m
( 39.575s) Epoch 019/1000: loss=[32m5.360033[0m
( 39.576s) Epoch 020/1000: loss=[32m5.357443[0m
( 39.437s) Epoch 021/1000: loss=[32m5.356276[0m
( 39.659s) Epoch 022/1000: loss=[32m5.351464[0m
( 39.484s) Epoch 023/1000: loss=[32m5.350189[0m
( 39.542s) Epoch 024/1000: loss=[32m5.350071[0m
( 39.520s) Epoch 025/1000: loss=[32m5.348303[0m
( 39.577s) Epoch 026/1000: loss=[32m5.345876[0m
( 39.595s) Epoch 027/1000: loss=[32m5.343240[0m
( 39.563s) Epoch 028/1000: loss=5.344056[0m
( 39.589s) Epoch 029/1000: loss=[32m5.341586[0m
( 39.513s) Epoch 030/1000: loss=[32m5.340353[0m
( 39.621s) Epoch 031/1000: loss=5.341343[0m
( 39.513s) Epoch 032/1000: loss=5.340517[0m
( 39.598s) Epoch 033/1000: loss=[32m5.339750[0m
( 39.630s) Epoch 034/1000: loss=[32m5.337730[0m
( 39.538s) Epoch 035/1000: loss=5.339608[0m
( 39.595s) Epoch 036/1000: loss=[32m5.335355[0m
( 39.584s) Epoch 037/1000: loss=[32m5.334512[0m
( 39.677s) Epoch 038/1000: loss=[32m5.333993[0m
( 39.549s) Epoch 039/1000: loss=5.335711[0m
( 39.561s) Epoch 040/1000: loss=[32m5.331560[0m
( 39.618s) Epoch 041/1000: loss=5.332053[0m
( 39.433s) Epoch 042/1000: loss=5.333693[0m
( 39.625s) Epoch 043/1000: loss=[32m5.331006[0m
( 39.534s) Epoch 044/1000: loss=[32m5.328647[0m
( 39.562s) Epoch 045/1000: loss=[32m5.327965[0m
( 39.504s) Epoch 046/1000: loss=5.329800[0m
( 39.551s) Epoch 047/1000: loss=5.330250[0m
( 39.602s) Epoch 048/1000: loss=5.328037[0m
( 39.548s) Epoch 049/1000: loss=[32m5.327029[0m
( 39.487s) Epoch 050/1000: loss=5.327883[0m
( 39.640s) Epoch 051/1000: loss=[32m5.325669[0m
( 39.604s) Epoch 052/1000: loss=[32m5.325464[0m
( 39.510s) Epoch 053/1000: loss=[32m5.325308[0m
( 39.515s) Epoch 054/1000: loss=5.326350[0m
( 39.539s) Epoch 055/1000: loss=[32m5.324857[0m
( 39.593s) Epoch 056/1000: loss=[32m5.323774[0m
( 39.600s) Epoch 057/1000: loss=5.324177[0m
( 39.650s) Epoch 058/1000: loss=[32m5.322046[0m
( 39.711s) Epoch 059/1000: loss=5.323372[0m
( 39.541s) Epoch 060/1000: loss=[32m5.320055[0m
( 39.584s) Epoch 061/1000: loss=5.322439[0m
( 39.733s) Epoch 062/1000: loss=5.321588[0m
( 39.561s) Epoch 063/1000: loss=[32m5.319746[0m
( 39.634s) Epoch 064/1000: loss=[32m5.319452[0m
( 39.550s) Epoch 065/1000: loss=5.320090[0m
( 39.640s) Epoch 066/1000: loss=[32m5.319162[0m
( 39.474s) Epoch 067/1000: loss=5.320025[0m
( 39.737s) Epoch 068/1000: loss=[32m5.316424[0m
( 39.573s) Epoch 069/1000: loss=5.318428[0m
( 39.492s) Epoch 070/1000: loss=5.316928[0m
( 39.696s) Epoch 071/1000: loss=5.317494[0m
( 39.488s) Epoch 072/1000: loss=5.317783[0m
( 39.616s) Epoch 073/1000: loss=[32m5.316398[0m
( 39.623s) Epoch 074/1000: loss=5.316860[0m
( 39.760s) Epoch 075/1000: loss=[32m5.314582[0m
( 39.623s) Epoch 076/1000: loss=5.315734[0m
( 39.715s) Epoch 077/1000: loss=[32m5.313357[0m
( 39.580s) Epoch 078/1000: loss=5.313439[0m
( 39.606s) Epoch 079/1000: loss=5.314091[0m
( 39.597s) Epoch 080/1000: loss=5.313854[0m
( 39.694s) Epoch 081/1000: loss=[32m5.312949[0m
( 39.677s) Epoch 082/1000: loss=[32m5.312927[0m
( 39.745s) Epoch 083/1000: loss=5.314033[0m
( 39.602s) Epoch 084/1000: loss=[32m5.311859[0m
( 39.637s) Epoch 085/1000: loss=[32m5.311615[0m
( 39.746s) Epoch 086/1000: loss=5.312471[0m
( 39.602s) Epoch 087/1000: loss=5.312570[0m
( 39.613s) Epoch 088/1000: loss=5.312444[0m
( 39.559s) Epoch 089/1000: loss=[32m5.309801[0m
( 39.702s) Epoch 090/1000: loss=5.310542[0m
( 39.560s) Epoch 091/1000: loss=5.310415[0m
( 39.717s) Epoch 092/1000: loss=5.311756[0m
( 39.682s) Epoch 093/1000: loss=5.309942[0m
( 39.574s) Epoch 094/1000: loss=5.311127[0m
( 39.674s) Epoch 095/1000: loss=[32m5.309424[0m
( 39.585s) Epoch 096/1000: loss=5.310250[0m
( 39.525s) Epoch 097/1000: loss=[32m5.309422[0m
( 39.598s) Epoch 098/1000: loss=5.309504[0m
( 39.658s) Epoch 099/1000: loss=[32m5.309355[0m
( 39.613s) Epoch 100/1000: loss=5.309987[0m
( 39.561s) Epoch 101/1000: loss=[32m5.306800[0m
( 39.622s) Epoch 102/1000: loss=5.308071[0m
( 39.713s) Epoch 103/1000: loss=5.307141[0m
( 39.822s) Epoch 104/1000: loss=[32m5.306208[0m
( 39.544s) Epoch 105/1000: loss=5.307160[0m
( 39.543s) Epoch 106/1000: loss=[32m5.305419[0m
( 39.418s) Epoch 107/1000: loss=5.308473[0m
( 39.429s) Epoch 108/1000: loss=[32m5.305253[0m
( 39.725s) Epoch 109/1000: loss=5.307153[0m
( 39.544s) Epoch 110/1000: loss=5.306316[0m
( 39.598s) Epoch 111/1000: loss=5.305703[0m
( 39.565s) Epoch 112/1000: loss=5.306077[0m
( 39.559s) Epoch 113/1000: loss=5.305264[0m
( 39.601s) Epoch 114/1000: loss=5.306231[0m
( 39.616s) Epoch 115/1000: loss=[32m5.303930[0m
( 39.594s) Epoch 116/1000: loss=5.305465[0m
( 39.604s) Epoch 117/1000: loss=5.305350[0m
( 39.578s) Epoch 118/1000: loss=[32m5.303473[0m
( 39.657s) Epoch 119/1000: loss=[32m5.303464[0m
( 39.612s) Epoch 120/1000: loss=5.305105[0m
( 39.610s) Epoch 121/1000: loss=5.306236[0m
( 39.576s) Epoch 122/1000: loss=[32m5.303094[0m
( 39.698s) Epoch 123/1000: loss=[32m5.302910[0m
( 39.665s) Epoch 124/1000: loss=5.303543[0m
( 39.505s) Epoch 125/1000: loss=[32m5.301768[0m
( 39.530s) Epoch 126/1000: loss=5.302519[0m
( 39.527s) Epoch 127/1000: loss=[32m5.301384[0m
( 39.573s) Epoch 128/1000: loss=5.302230[0m
( 39.582s) Epoch 129/1000: loss=5.301812[0m
( 39.682s) Epoch 130/1000: loss=5.301938[0m
( 39.649s) Epoch 131/1000: loss=5.302012[0m
( 39.593s) Epoch 132/1000: loss=5.302936[0m
( 39.605s) Epoch 133/1000: loss=5.302030[0m
( 39.483s) Epoch 134/1000: loss=5.301714[0m
( 39.536s) Epoch 135/1000: loss=[32m5.300912[0m
( 39.577s) Epoch 136/1000: loss=5.301509[0m
( 39.429s) Epoch 137/1000: loss=5.301916[0m
( 39.465s) Epoch 138/1000: loss=5.303674[0m
( 39.439s) Epoch 139/1000: loss=5.301627[0m
( 39.432s) Epoch 140/1000: loss=5.302452[0m
( 39.668s) Epoch 141/1000: loss=[32m5.300480[0m
( 39.583s) Epoch 142/1000: loss=[32m5.299538[0m
( 39.631s) Epoch 143/1000: loss=5.302860[0m
( 39.640s) Epoch 144/1000: loss=[32m5.298808[0m
( 39.533s) Epoch 145/1000: loss=5.299781[0m
( 39.615s) Epoch 146/1000: loss=5.300559[0m
( 39.672s) Epoch 147/1000: loss=5.299756[0m
( 39.662s) Epoch 148/1000: loss=5.299598[0m
( 39.512s) Epoch 149/1000: loss=5.299191[0m
( 39.728s) Epoch 150/1000: loss=5.299642[0m
( 39.613s) Epoch 151/1000: loss=5.299902[0m
( 39.623s) Epoch 152/1000: loss=5.300082[0m
( 39.661s) Epoch 153/1000: loss=5.299753[0m
( 39.458s) Epoch 154/1000: loss=[32m5.298771[0m
( 39.539s) Epoch 155/1000: loss=[32m5.298507[0m
( 39.600s) Epoch 156/1000: loss=[32m5.297902[0m
( 39.631s) Epoch 157/1000: loss=5.297937[0m
( 39.553s) Epoch 158/1000: loss=5.298636[0m
( 39.672s) Epoch 159/1000: loss=5.298980[0m
( 39.534s) Epoch 160/1000: loss=[32m5.297861[0m
( 39.503s) Epoch 161/1000: loss=[32m5.296356[0m
( 39.654s) Epoch 162/1000: loss=5.298501[0m
( 39.680s) Epoch 163/1000: loss=5.297531[0m
( 39.623s) Epoch 164/1000: loss=5.296935[0m
( 39.686s) Epoch 165/1000: loss=5.298730[0m
( 39.626s) Epoch 166/1000: loss=5.296961[0m
( 39.658s) Epoch 167/1000: loss=5.298506[0m
( 39.759s) Epoch 168/1000: loss=5.297576[0m
( 39.634s) Epoch 169/1000: loss=5.296546[0m
( 39.590s) Epoch 170/1000: loss=5.296920[0m
( 39.603s) Epoch 171/1000: loss=5.296801[0m
( 39.651s) Epoch 172/1000: loss=5.296797[0m
( 39.666s) Epoch 173/1000: loss=5.296767[0m
( 39.601s) Epoch 174/1000: loss=[32m5.295206[0m
( 39.514s) Epoch 175/1000: loss=5.295958[0m
( 39.641s) Epoch 176/1000: loss=[32m5.294763[0m
( 39.635s) Epoch 177/1000: loss=5.296984[0m
( 39.628s) Epoch 178/1000: loss=5.296751[0m
( 39.514s) Epoch 179/1000: loss=5.295531[0m
( 39.770s) Epoch 180/1000: loss=5.295649[0m
( 39.653s) Epoch 181/1000: loss=5.296250[0m
( 39.454s) Epoch 182/1000: loss=5.296945[0m
( 39.554s) Epoch 183/1000: loss=5.295782[0m
( 39.625s) Epoch 184/1000: loss=5.294823[0m
( 39.600s) Epoch 185/1000: loss=5.295523[0m
( 39.605s) Epoch 186/1000: loss=[32m5.293598[0m
( 39.637s) Epoch 187/1000: loss=5.294466[0m
( 39.665s) Epoch 188/1000: loss=5.295060[0m
( 39.584s) Epoch 189/1000: loss=5.294084[0m
( 39.573s) Epoch 190/1000: loss=5.294314[0m
( 39.676s) Epoch 191/1000: loss=5.294443[0m
( 39.624s) Epoch 192/1000: loss=5.294656[0m
( 39.623s) Epoch 193/1000: loss=5.293789[0m
( 39.463s) Epoch 194/1000: loss=5.294008[0m
( 39.570s) Epoch 195/1000: loss=5.294831[0m
( 39.612s) Epoch 196/1000: loss=[32m5.293328[0m
( 39.443s) Epoch 197/1000: loss=5.293929[0m
( 39.689s) Epoch 198/1000: loss=[32m5.293256[0m
( 39.639s) Epoch 199/1000: loss=[32m5.292248[0m
( 39.677s) Epoch 200/1000: loss=5.293270[0m
( 39.566s) Epoch 201/1000: loss=[32m5.291035[0m
( 39.695s) Epoch 202/1000: loss=5.294786[0m
( 39.635s) Epoch 203/1000: loss=5.293377[0m
( 39.575s) Epoch 204/1000: loss=5.293360[0m
( 39.652s) Epoch 205/1000: loss=5.293600[0m
( 39.483s) Epoch 206/1000: loss=5.292961[0m
( 39.630s) Epoch 207/1000: loss=5.292812[0m
( 39.536s) Epoch 208/1000: loss=5.293024[0m
( 39.584s) Epoch 209/1000: loss=5.292031[0m
( 39.739s) Epoch 210/1000: loss=5.292086[0m
( 39.544s) Epoch 211/1000: loss=5.293646[0m
( 39.609s) Epoch 212/1000: loss=5.292728[0m
( 39.638s) Epoch 213/1000: loss=5.293538[0m
( 39.585s) Epoch 214/1000: loss=5.292954[0m
( 39.599s) Epoch 215/1000: loss=5.292318[0m
( 39.677s) Epoch 216/1000: loss=5.291540[0m
( 39.569s) Epoch 217/1000: loss=5.292103[0m
( 39.522s) Epoch 218/1000: loss=[32m5.290805[0m
( 39.502s) Epoch 219/1000: loss=5.292571[0m
( 39.636s) Epoch 220/1000: loss=5.291948[0m
( 39.781s) Epoch 221/1000: loss=5.292419[0m
( 39.709s) Epoch 222/1000: loss=5.291282[0m
( 39.632s) Epoch 223/1000: loss=5.291905[0m
( 39.685s) Epoch 224/1000: loss=[32m5.290685[0m
( 39.572s) Epoch 225/1000: loss=5.291125[0m
( 39.735s) Epoch 226/1000: loss=5.292050[0m
( 39.599s) Epoch 227/1000: loss=5.291290[0m
( 39.706s) Epoch 228/1000: loss=5.291038[0m
( 39.618s) Epoch 229/1000: loss=5.291759[0m
( 39.548s) Epoch 230/1000: loss=5.292534[0m
( 39.619s) Epoch 231/1000: loss=5.291409[0m
( 39.546s) Epoch 232/1000: loss=5.291809[0m
( 39.686s) Epoch 233/1000: loss=5.290974[0m
( 39.466s) Epoch 234/1000: loss=[32m5.289836[0m
( 39.621s) Epoch 235/1000: loss=5.290154[0m
( 39.681s) Epoch 236/1000: loss=5.290101[0m
( 39.601s) Epoch 237/1000: loss=5.291413[0m
( 39.619s) Epoch 238/1000: loss=5.290298[0m
( 39.622s) Epoch 239/1000: loss=5.291126[0m
( 39.729s) Epoch 240/1000: loss=5.290181[0m
( 39.498s) Epoch 241/1000: loss=5.289965[0m
( 39.500s) Epoch 242/1000: loss=[32m5.289733[0m
( 39.579s) Epoch 243/1000: loss=[32m5.288155[0m
( 39.647s) Epoch 244/1000: loss=5.291606[0m
( 39.607s) Epoch 245/1000: loss=5.289570[0m
( 39.613s) Epoch 246/1000: loss=5.290872[0m
( 39.731s) Epoch 247/1000: loss=5.289841[0m
( 39.662s) Epoch 248/1000: loss=5.289244[0m
( 39.589s) Epoch 249/1000: loss=5.289791[0m
( 39.619s) Epoch 250/1000: loss=5.289093[0m
( 39.518s) Epoch 251/1000: loss=5.288821[0m
( 39.665s) Epoch 252/1000: loss=5.290292[0m
( 39.642s) Epoch 253/1000: loss=5.288539[0m
( 39.566s) Epoch 254/1000: loss=5.289887[0m
( 39.605s) Epoch 255/1000: loss=5.289400[0m
( 39.548s) Epoch 256/1000: loss=5.289701[0m
( 39.732s) Epoch 257/1000: loss=5.289508[0m
( 39.666s) Epoch 258/1000: loss=5.289231[0m
( 39.646s) Epoch 259/1000: loss=5.288305[0m
( 39.564s) Epoch 260/1000: loss=5.288651[0m
( 39.456s) Epoch 261/1000: loss=5.288811[0m
( 39.735s) Epoch 262/1000: loss=5.289016[0m
( 39.621s) Epoch 263/1000: loss=5.288183[0m
( 39.740s) Epoch 264/1000: loss=5.289201[0m
( 39.613s) Epoch 265/1000: loss=5.289593[0m
( 39.690s) Epoch 266/1000: loss=[32m5.287576[0m
( 39.563s) Epoch 267/1000: loss=5.288247[0m
( 39.535s) Epoch 268/1000: loss=5.287944[0m
( 39.634s) Epoch 269/1000: loss=5.288632[0m
( 39.542s) Epoch 270/1000: loss=5.289120[0m
( 39.585s) Epoch 271/1000: loss=5.288881[0m
( 39.641s) Epoch 272/1000: loss=[32m5.286943[0m
( 39.685s) Epoch 273/1000: loss=[32m5.286249[0m
( 39.594s) Epoch 274/1000: loss=5.288431[0m
( 39.772s) Epoch 275/1000: loss=5.289968[0m
( 39.595s) Epoch 276/1000: loss=5.288425[0m
( 39.575s) Epoch 277/1000: loss=5.288903[0m
( 39.628s) Epoch 278/1000: loss=5.288739[0m
( 39.624s) Epoch 279/1000: loss=5.289281[0m
( 39.517s) Epoch 280/1000: loss=5.287065[0m
( 39.523s) Epoch 281/1000: loss=5.289850[0m
( 39.671s) Epoch 282/1000: loss=5.289148[0m
( 39.664s) Epoch 283/1000: loss=5.290148[0m
( 39.746s) Epoch 284/1000: loss=5.288670[0m
( 39.683s) Epoch 285/1000: loss=5.289321[0m
( 39.592s) Epoch 286/1000: loss=5.287146[0m
( 39.710s) Epoch 287/1000: loss=5.288034[0m
( 39.819s) Epoch 288/1000: loss=5.288055[0m
( 39.641s) Epoch 289/1000: loss=5.287360[0m
( 39.626s) Epoch 290/1000: loss=5.286482[0m
( 39.661s) Epoch 291/1000: loss=5.289086[0m
( 39.651s) Epoch 292/1000: loss=5.287386[0m
( 39.616s) Epoch 293/1000: loss=5.286946[0m
( 39.714s) Epoch 294/1000: loss=5.287508[0m
( 39.481s) Epoch 295/1000: loss=[32m5.285344[0m
( 39.634s) Epoch 296/1000: loss=5.287983[0m
( 39.730s) Epoch 297/1000: loss=5.287033[0m
( 39.644s) Epoch 298/1000: loss=5.286063[0m
( 39.606s) Epoch 299/1000: loss=5.286295[0m
( 39.747s) Epoch 300/1000: loss=5.286982[0m
( 39.600s) Epoch 301/1000: loss=5.288356[0m
( 39.650s) Epoch 302/1000: loss=5.289179[0m
( 39.706s) Epoch 303/1000: loss=5.287414[0m
( 39.597s) Epoch 304/1000: loss=5.285456[0m
( 39.561s) Epoch 305/1000: loss=[32m5.284723[0m
( 39.660s) Epoch 306/1000: loss=5.285915[0m
( 39.618s) Epoch 307/1000: loss=5.285195[0m
( 39.664s) Epoch 308/1000: loss=5.285955[0m
( 39.635s) Epoch 309/1000: loss=5.285362[0m
( 39.656s) Epoch 310/1000: loss=5.286938[0m
( 39.736s) Epoch 311/1000: loss=5.285892[0m
( 39.580s) Epoch 312/1000: loss=5.285704[0m
( 39.702s) Epoch 313/1000: loss=5.285894[0m
( 39.674s) Epoch 314/1000: loss=[32m5.284526[0m
( 39.766s) Epoch 315/1000: loss=5.286876[0m
( 39.703s) Epoch 316/1000: loss=5.286222[0m
( 39.581s) Epoch 317/1000: loss=5.286143[0m
( 39.649s) Epoch 318/1000: loss=5.285979[0m
( 39.643s) Epoch 319/1000: loss=5.285890[0m
( 39.595s) Epoch 320/1000: loss=5.286284[0m
( 39.764s) Epoch 321/1000: loss=5.285558[0m
( 39.594s) Epoch 322/1000: loss=5.284553[0m
( 39.678s) Epoch 323/1000: loss=5.285282[0m
( 39.653s) Epoch 324/1000: loss=[32m5.284084[0m
( 39.522s) Epoch 325/1000: loss=5.286061[0m
( 39.554s) Epoch 326/1000: loss=5.285020[0m
( 39.698s) Epoch 327/1000: loss=5.284833[0m
( 39.665s) Epoch 328/1000: loss=5.284334[0m
( 39.658s) Epoch 329/1000: loss=5.284269[0m
( 39.604s) Epoch 330/1000: loss=5.284627[0m
( 39.590s) Epoch 331/1000: loss=[32m5.284060[0m
( 39.669s) Epoch 332/1000: loss=[32m5.283698[0m
( 39.607s) Epoch 333/1000: loss=5.287553[0m
( 39.650s) Epoch 334/1000: loss=5.288092[0m
( 39.742s) Epoch 335/1000: loss=5.287277[0m
( 39.623s) Epoch 336/1000: loss=5.284763[0m
( 39.714s) Epoch 337/1000: loss=5.284117[0m
( 39.542s) Epoch 338/1000: loss=5.286053[0m
( 39.540s) Epoch 339/1000: loss=5.285446[0m
( 39.680s) Epoch 340/1000: loss=5.284747[0m
( 39.622s) Epoch 341/1000: loss=5.285985[0m
( 39.654s) Epoch 342/1000: loss=5.285877[0m
( 39.657s) Epoch 343/1000: loss=5.286248[0m
( 39.618s) Epoch 344/1000: loss=5.285760[0m
( 39.587s) Epoch 345/1000: loss=[32m5.283689[0m
( 39.391s) Epoch 346/1000: loss=5.285189[0m
( 39.721s) Epoch 347/1000: loss=5.285785[0m
( 39.687s) Epoch 348/1000: loss=5.285003[0m
( 39.598s) Epoch 349/1000: loss=5.284535[0m
( 39.795s) Epoch 350/1000: loss=5.284792[0m
( 39.689s) Epoch 351/1000: loss=5.284070[0m
( 39.629s) Epoch 352/1000: loss=5.285118[0m
( 39.663s) Epoch 353/1000: loss=[32m5.282914[0m
( 39.691s) Epoch 354/1000: loss=5.284469[0m
( 39.622s) Epoch 355/1000: loss=5.284387[0m
( 39.522s) Epoch 356/1000: loss=5.282956[0m
( 39.609s) Epoch 357/1000: loss=5.285450[0m
( 39.599s) Epoch 358/1000: loss=5.285656[0m
( 39.617s) Epoch 359/1000: loss=5.287694[0m
( 39.662s) Epoch 360/1000: loss=5.285939[0m
( 39.740s) Epoch 361/1000: loss=5.284922[0m
( 39.664s) Epoch 362/1000: loss=[32m5.282070[0m
( 39.695s) Epoch 363/1000: loss=5.284138[0m
( 39.598s) Epoch 364/1000: loss=5.283715[0m
( 39.662s) Epoch 365/1000: loss=5.282852[0m
( 39.676s) Epoch 366/1000: loss=5.284071[0m
( 39.726s) Epoch 367/1000: loss=5.282852[0m
( 39.581s) Epoch 368/1000: loss=5.284579[0m
( 39.544s) Epoch 369/1000: loss=5.284800[0m
( 39.669s) Epoch 370/1000: loss=5.282536[0m
( 39.540s) Epoch 371/1000: loss=5.282812[0m
( 39.695s) Epoch 372/1000: loss=5.282156[0m
( 39.448s) Epoch 373/1000: loss=5.283403[0m
( 39.645s) Epoch 374/1000: loss=5.282593[0m
( 39.654s) Epoch 375/1000: loss=5.283327[0m
( 39.712s) Epoch 376/1000: loss=5.282756[0m
( 39.559s) Epoch 377/1000: loss=5.283616[0m
( 39.724s) Epoch 378/1000: loss=5.283430[0m
( 39.695s) Epoch 379/1000: loss=5.283815[0m
( 39.653s) Epoch 380/1000: loss=5.283231[0m
( 39.736s) Epoch 381/1000: loss=5.283074[0m
( 39.671s) Epoch 382/1000: loss=[32m5.281215[0m
( 39.536s) Epoch 383/1000: loss=5.283060[0m
( 39.756s) Epoch 384/1000: loss=5.283310[0m
( 39.655s) Epoch 385/1000: loss=5.282493[0m
( 39.655s) Epoch 386/1000: loss=5.281762[0m
( 39.626s) Epoch 387/1000: loss=5.281531[0m
( 39.557s) Epoch 388/1000: loss=5.283254[0m
( 39.589s) Epoch 389/1000: loss=[32m5.281122[0m
( 39.722s) Epoch 390/1000: loss=5.283736[0m
( 39.634s) Epoch 391/1000: loss=5.285465[0m
( 39.547s) Epoch 392/1000: loss=5.283529[0m
( 39.575s) Epoch 393/1000: loss=5.283493[0m
( 39.532s) Epoch 394/1000: loss=5.283663[0m
( 39.754s) Epoch 395/1000: loss=5.281931[0m
( 39.710s) Epoch 396/1000: loss=[32m5.280753[0m
( 39.589s) Epoch 397/1000: loss=5.281835[0m
( 39.558s) Epoch 398/1000: loss=5.283614[0m
( 39.639s) Epoch 399/1000: loss=5.282698[0m
( 39.592s) Epoch 400/1000: loss=5.283201[0m
( 39.589s) Epoch 401/1000: loss=5.281445[0m
( 39.623s) Epoch 402/1000: loss=5.281640[0m
( 39.618s) Epoch 403/1000: loss=[32m5.280666[0m
( 39.561s) Epoch 404/1000: loss=5.282043[0m
( 39.634s) Epoch 405/1000: loss=5.282059[0m
( 39.699s) Epoch 406/1000: loss=5.282149[0m
( 39.547s) Epoch 407/1000: loss=5.281635[0m
( 39.801s) Epoch 408/1000: loss=5.282231[0m
( 39.711s) Epoch 409/1000: loss=5.281205[0m
( 39.627s) Epoch 410/1000: loss=5.281283[0m
( 39.569s) Epoch 411/1000: loss=5.282247[0m
( 39.603s) Epoch 412/1000: loss=[32m5.280482[0m
( 39.600s) Epoch 413/1000: loss=5.280924[0m
( 39.731s) Epoch 414/1000: loss=5.281917[0m
( 39.492s) Epoch 415/1000: loss=5.282607[0m
( 39.638s) Epoch 416/1000: loss=5.281608[0m
( 39.515s) Epoch 417/1000: loss=5.281055[0m
( 39.491s) Epoch 418/1000: loss=5.281135[0m
( 39.498s) Epoch 419/1000: loss=5.280500[0m
( 39.732s) Epoch 420/1000: loss=5.280939[0m
( 39.550s) Epoch 421/1000: loss=5.282584[0m
( 39.592s) Epoch 422/1000: loss=[32m5.279528[0m
( 39.427s) Epoch 423/1000: loss=5.279904[0m
( 39.517s) Epoch 424/1000: loss=5.280793[0m
( 39.628s) Epoch 425/1000: loss=5.281487[0m
( 39.628s) Epoch 426/1000: loss=5.280765[0m
( 39.647s) Epoch 427/1000: loss=5.282715[0m
( 39.594s) Epoch 428/1000: loss=5.279976[0m
( 39.418s) Epoch 429/1000: loss=[32m5.279012[0m
( 39.632s) Epoch 430/1000: loss=5.280520[0m
( 39.580s) Epoch 431/1000: loss=5.280148[0m
( 39.523s) Epoch 432/1000: loss=5.280967[0m
( 39.615s) Epoch 433/1000: loss=5.280131[0m
( 39.524s) Epoch 434/1000: loss=5.279851[0m
( 39.551s) Epoch 435/1000: loss=5.280231[0m
( 39.709s) Epoch 436/1000: loss=5.281321[0m
( 39.645s) Epoch 437/1000: loss=[32m5.279006[0m
( 39.688s) Epoch 438/1000: loss=5.280800[0m
( 39.636s) Epoch 439/1000: loss=[32m5.278857[0m
( 39.661s) Epoch 440/1000: loss=5.280863[0m
( 39.692s) Epoch 441/1000: loss=5.280700[0m
( 39.641s) Epoch 442/1000: loss=5.284539[0m
( 39.594s) Epoch 443/1000: loss=5.281591[0m
( 39.563s) Epoch 444/1000: loss=5.280216[0m
( 39.693s) Epoch 445/1000: loss=5.280303[0m
( 39.446s) Epoch 446/1000: loss=5.280471[0m
( 39.737s) Epoch 447/1000: loss=5.280752[0m
( 39.705s) Epoch 448/1000: loss=5.280419[0m
( 39.621s) Epoch 449/1000: loss=5.279992[0m
( 39.748s) Epoch 450/1000: loss=5.280538[0m
( 39.601s) Epoch 451/1000: loss=5.281268[0m
( 39.683s) Epoch 452/1000: loss=5.281244[0m
( 39.649s) Epoch 453/1000: loss=5.281653[0m
( 39.749s) Epoch 454/1000: loss=5.281015[0m
( 39.761s) Epoch 455/1000: loss=5.281358[0m
( 39.821s) Epoch 456/1000: loss=5.279564[0m
( 39.658s) Epoch 457/1000: loss=5.278859[0m
( 39.679s) Epoch 458/1000: loss=5.280874[0m
( 39.735s) Epoch 459/1000: loss=5.279282[0m
( 39.661s) Epoch 460/1000: loss=5.279722[0m
( 39.563s) Epoch 461/1000: loss=5.279780[0m
( 39.688s) Epoch 462/1000: loss=[32m5.278201[0m
( 39.626s) Epoch 463/1000: loss=5.279566[0m
( 39.648s) Epoch 464/1000: loss=5.278901[0m
( 39.604s) Epoch 465/1000: loss=5.278973[0m
( 39.627s) Epoch 466/1000: loss=5.278352[0m
( 39.700s) Epoch 467/1000: loss=5.280468[0m
( 39.617s) Epoch 468/1000: loss=5.279988[0m
( 39.778s) Epoch 469/1000: loss=[32m5.278135[0m
( 39.663s) Epoch 470/1000: loss=5.279042[0m
( 39.668s) Epoch 471/1000: loss=5.279368[0m
( 39.700s) Epoch 472/1000: loss=5.281555[0m
( 39.688s) Epoch 473/1000: loss=5.279792[0m
( 39.721s) Epoch 474/1000: loss=5.279443[0m
( 39.547s) Epoch 475/1000: loss=5.279614[0m
( 39.707s) Epoch 476/1000: loss=5.280542[0m
( 39.655s) Epoch 477/1000: loss=5.279234[0m
( 39.717s) Epoch 478/1000: loss=5.278544[0m
( 39.691s) Epoch 479/1000: loss=5.279091[0m
( 39.652s) Epoch 480/1000: loss=5.278886[0m
( 39.729s) Epoch 481/1000: loss=5.278602[0m
( 39.604s) Epoch 482/1000: loss=5.279895[0m
( 39.633s) Epoch 483/1000: loss=5.278561[0m
( 39.620s) Epoch 484/1000: loss=5.278312[0m
( 39.573s) Epoch 485/1000: loss=5.279350[0m
( 39.718s) Epoch 486/1000: loss=5.279633[0m
( 39.555s) Epoch 487/1000: loss=5.279163[0m
( 39.540s) Epoch 488/1000: loss=5.278439[0m
( 39.716s) Epoch 489/1000: loss=5.279237[0m
( 39.511s) Epoch 490/1000: loss=5.279224[0m
( 39.711s) Epoch 491/1000: loss=5.280664[0m
( 39.654s) Epoch 492/1000: loss=5.278623[0m
( 39.628s) Epoch 493/1000: loss=5.279203[0m
( 39.732s) Epoch 494/1000: loss=5.278774[0m
( 39.742s) Epoch 495/1000: loss=5.278668[0m
( 39.663s) Epoch 496/1000: loss=5.279391[0m
( 39.716s) Epoch 497/1000: loss=5.278690[0m
( 39.694s) Epoch 498/1000: loss=5.279053[0m
( 39.683s) Epoch 499/1000: loss=5.278357[0m
( 39.690s) Epoch 500/1000: loss=[32m5.278133[0m
( 39.634s) Epoch 501/1000: loss=5.279759[0m
( 39.720s) Epoch 502/1000: loss=[32m5.277694[0m
( 39.611s) Epoch 503/1000: loss=5.279029[0m
( 39.727s) Epoch 504/1000: loss=[32m5.277119[0m
( 39.539s) Epoch 505/1000: loss=5.277172[0m
( 39.691s) Epoch 506/1000: loss=5.278083[0m
( 39.742s) Epoch 507/1000: loss=5.278091[0m
( 39.580s) Epoch 508/1000: loss=5.278529[0m
( 39.669s) Epoch 509/1000: loss=5.278405[0m
( 39.716s) Epoch 510/1000: loss=5.278934[0m
( 39.698s) Epoch 511/1000: loss=5.278098[0m
( 39.602s) Epoch 512/1000: loss=5.277638[0m
( 39.669s) Epoch 513/1000: loss=5.281313[0m
( 39.569s) Epoch 514/1000: loss=5.279804[0m
( 39.626s) Epoch 515/1000: loss=5.277329[0m
( 39.722s) Epoch 516/1000: loss=5.277136[0m
( 39.728s) Epoch 517/1000: loss=5.277161[0m
( 39.698s) Epoch 518/1000: loss=5.279107[0m
( 39.616s) Epoch 519/1000: loss=5.278728[0m
( 39.605s) Epoch 520/1000: loss=5.277625[0m
( 39.636s) Epoch 521/1000: loss=5.277445[0m
( 39.652s) Epoch 522/1000: loss=5.277499[0m
( 39.676s) Epoch 523/1000: loss=5.278076[0m
( 39.596s) Epoch 524/1000: loss=5.277488[0m
( 39.657s) Epoch 525/1000: loss=[32m5.276669[0m
( 39.468s) Epoch 526/1000: loss=5.277121[0m
( 39.696s) Epoch 527/1000: loss=5.277559[0m
( 39.612s) Epoch 528/1000: loss=5.277091[0m
( 39.626s) Epoch 529/1000: loss=5.279082[0m
( 39.560s) Epoch 530/1000: loss=5.277035[0m
( 39.626s) Epoch 531/1000: loss=5.278004[0m
( 39.602s) Epoch 532/1000: loss=5.277959[0m
( 39.521s) Epoch 533/1000: loss=5.277100[0m
( 39.653s) Epoch 534/1000: loss=[32m5.275660[0m
( 39.589s) Epoch 535/1000: loss=5.277132[0m
( 39.622s) Epoch 536/1000: loss=5.277216[0m
( 39.557s) Epoch 537/1000: loss=5.277182[0m
( 39.693s) Epoch 538/1000: loss=5.277116[0m
( 39.656s) Epoch 539/1000: loss=5.277539[0m
( 39.683s) Epoch 540/1000: loss=5.277761[0m
( 39.687s) Epoch 541/1000: loss=5.276559[0m
( 39.658s) Epoch 542/1000: loss=5.277535[0m
( 39.675s) Epoch 543/1000: loss=5.277630[0m
( 39.636s) Epoch 544/1000: loss=5.277609[0m
( 39.605s) Epoch 545/1000: loss=5.276733[0m
( 39.642s) Epoch 546/1000: loss=5.276600[0m
( 39.681s) Epoch 547/1000: loss=5.276415[0m
( 39.716s) Epoch 548/1000: loss=[32m5.275069[0m
( 39.606s) Epoch 549/1000: loss=5.276825[0m
( 39.647s) Epoch 550/1000: loss=5.279288[0m
( 39.564s) Epoch 551/1000: loss=5.275831[0m
( 39.579s) Epoch 552/1000: loss=5.277143[0m
( 39.660s) Epoch 553/1000: loss=[32m5.275055[0m
( 39.655s) Epoch 554/1000: loss=5.277354[0m
( 39.564s) Epoch 555/1000: loss=5.276951[0m
( 39.599s) Epoch 556/1000: loss=5.277860[0m
( 39.682s) Epoch 557/1000: loss=5.275925[0m
( 39.698s) Epoch 558/1000: loss=5.276931[0m
( 39.605s) Epoch 559/1000: loss=5.277167[0m
( 39.549s) Epoch 560/1000: loss=5.276196[0m
( 39.653s) Epoch 561/1000: loss=5.275606[0m
( 39.574s) Epoch 562/1000: loss=5.275439[0m
( 39.639s) Epoch 563/1000: loss=5.277144[0m
( 39.756s) Epoch 564/1000: loss=5.275416[0m
( 39.663s) Epoch 565/1000: loss=5.276261[0m
( 39.665s) Epoch 566/1000: loss=[32m5.274552[0m
( 39.658s) Epoch 567/1000: loss=[32m5.273794[0m
( 39.641s) Epoch 568/1000: loss=5.276742[0m
( 39.754s) Epoch 569/1000: loss=5.277047[0m
( 39.729s) Epoch 570/1000: loss=5.275998[0m
( 39.692s) Epoch 571/1000: loss=5.276187[0m
( 39.555s) Epoch 572/1000: loss=5.276419[0m
( 39.503s) Epoch 573/1000: loss=5.275635[0m
( 39.538s) Epoch 574/1000: loss=5.276674[0m
( 39.505s) Epoch 575/1000: loss=5.276572[0m
( 39.646s) Epoch 576/1000: loss=5.276051[0m
( 39.642s) Epoch 577/1000: loss=5.274624[0m
( 39.697s) Epoch 578/1000: loss=5.275745[0m
( 39.619s) Epoch 579/1000: loss=5.276980[0m
( 39.697s) Epoch 580/1000: loss=5.276222[0m
( 39.697s) Epoch 581/1000: loss=5.276136[0m
( 39.551s) Epoch 582/1000: loss=5.274117[0m
( 39.568s) Epoch 583/1000: loss=5.275778[0m
( 39.528s) Epoch 584/1000: loss=5.274403[0m
( 39.617s) Epoch 585/1000: loss=5.275720[0m
( 39.668s) Epoch 586/1000: loss=5.276218[0m
( 39.551s) Epoch 587/1000: loss=5.274314[0m
( 39.712s) Epoch 588/1000: loss=5.274895[0m
( 39.602s) Epoch 589/1000: loss=5.277258[0m
( 39.519s) Epoch 590/1000: loss=5.275842[0m
( 39.780s) Epoch 591/1000: loss=5.276084[0m
( 39.711s) Epoch 592/1000: loss=5.273967[0m
( 39.615s) Epoch 593/1000: loss=5.274927[0m
( 39.663s) Epoch 594/1000: loss=5.275510[0m
( 39.593s) Epoch 595/1000: loss=5.274845[0m
( 39.563s) Epoch 596/1000: loss=5.274931[0m
( 39.704s) Epoch 597/1000: loss=5.274937[0m
( 39.532s) Epoch 598/1000: loss=5.276419[0m
( 39.572s) Epoch 599/1000: loss=[32m5.273448[0m
( 39.722s) Epoch 600/1000: loss=5.274322[0m
( 39.861s) Epoch 601/1000: loss=5.275340[0m
( 39.701s) Epoch 602/1000: loss=5.274776[0m
( 39.666s) Epoch 603/1000: loss=5.275721[0m
( 39.571s) Epoch 604/1000: loss=5.273970[0m
( 39.624s) Epoch 605/1000: loss=5.274284[0m
( 39.819s) Epoch 606/1000: loss=5.275702[0m
( 39.610s) Epoch 607/1000: loss=5.275229[0m
( 39.750s) Epoch 608/1000: loss=5.273693[0m
( 39.636s) Epoch 609/1000: loss=5.274442[0m
( 39.660s) Epoch 610/1000: loss=[32m5.272665[0m
( 39.510s) Epoch 611/1000: loss=5.275239[0m
( 39.629s) Epoch 612/1000: loss=5.274948[0m
( 39.472s) Epoch 613/1000: loss=5.275343[0m
( 39.616s) Epoch 614/1000: loss=5.274618[0m
( 39.698s) Epoch 615/1000: loss=5.274246[0m
( 39.617s) Epoch 616/1000: loss=5.274163[0m
( 39.686s) Epoch 617/1000: loss=5.274764[0m
( 39.708s) Epoch 618/1000: loss=5.274254[0m
( 39.584s) Epoch 619/1000: loss=5.274662[0m
( 39.673s) Epoch 620/1000: loss=5.274666[0m
( 39.652s) Epoch 621/1000: loss=5.273088[0m
( 39.653s) Epoch 622/1000: loss=5.274351[0m
( 39.635s) Epoch 623/1000: loss=5.274968[0m
( 39.711s) Epoch 624/1000: loss=5.273907[0m
( 39.665s) Epoch 625/1000: loss=5.274711[0m
( 39.618s) Epoch 626/1000: loss=[32m5.272641[0m
( 39.714s) Epoch 627/1000: loss=5.274210[0m
( 39.678s) Epoch 628/1000: loss=5.273910[0m
( 39.607s) Epoch 629/1000: loss=5.275920[0m
( 39.525s) Epoch 630/1000: loss=5.274044[0m
( 39.674s) Epoch 631/1000: loss=5.274458[0m
( 39.612s) Epoch 632/1000: loss=5.274403[0m
( 39.648s) Epoch 633/1000: loss=5.274071[0m
( 39.681s) Epoch 634/1000: loss=5.272716[0m
( 39.629s) Epoch 635/1000: loss=5.274061[0m
( 39.612s) Epoch 636/1000: loss=5.274136[0m
( 39.411s) Epoch 637/1000: loss=5.273864[0m
( 39.636s) Epoch 638/1000: loss=5.274096[0m
( 39.698s) Epoch 639/1000: loss=5.274953[0m
( 39.512s) Epoch 640/1000: loss=5.273581[0m
( 39.610s) Epoch 641/1000: loss=5.274149[0m
( 39.674s) Epoch 642/1000: loss=5.274340[0m
( 39.680s) Epoch 643/1000: loss=5.274099[0m
( 39.715s) Epoch 644/1000: loss=[32m5.271934[0m
( 39.590s) Epoch 645/1000: loss=5.273781[0m
( 39.690s) Epoch 646/1000: loss=5.272043[0m
( 39.539s) Epoch 647/1000: loss=5.272544[0m
( 39.726s) Epoch 648/1000: loss=5.273044[0m
( 39.726s) Epoch 649/1000: loss=5.274004[0m
( 39.610s) Epoch 650/1000: loss=5.274842[0m
( 39.522s) Epoch 651/1000: loss=5.273563[0m
( 39.658s) Epoch 652/1000: loss=5.272362[0m
( 39.482s) Epoch 653/1000: loss=5.273473[0m
( 39.734s) Epoch 654/1000: loss=5.273838[0m
( 39.767s) Epoch 655/1000: loss=5.274782[0m
( 39.634s) Epoch 656/1000: loss=5.273488[0m
( 39.572s) Epoch 657/1000: loss=5.273209[0m
( 39.650s) Epoch 658/1000: loss=[32m5.271395[0m
( 39.730s) Epoch 659/1000: loss=5.272717[0m
( 39.699s) Epoch 660/1000: loss=5.272210[0m
( 39.632s) Epoch 661/1000: loss=5.272072[0m
( 39.733s) Epoch 662/1000: loss=5.272584[0m
( 39.544s) Epoch 663/1000: loss=5.271632[0m
( 39.586s) Epoch 664/1000: loss=5.273305[0m
( 39.795s) Epoch 665/1000: loss=5.272526[0m
( 39.590s) Epoch 666/1000: loss=5.273689[0m
( 39.592s) Epoch 667/1000: loss=5.273900[0m
( 39.648s) Epoch 668/1000: loss=5.273012[0m
( 39.544s) Epoch 669/1000: loss=5.272351[0m
( 39.486s) Epoch 670/1000: loss=5.273652[0m
( 39.668s) Epoch 671/1000: loss=5.272330[0m
( 39.750s) Epoch 672/1000: loss=5.272514[0m
( 39.776s) Epoch 673/1000: loss=5.271678[0m
( 39.611s) Epoch 674/1000: loss=5.273149[0m
( 39.646s) Epoch 675/1000: loss=5.272791[0m
( 39.700s) Epoch 676/1000: loss=5.272802[0m
( 39.760s) Epoch 677/1000: loss=5.272866[0m
( 39.675s) Epoch 678/1000: loss=5.272205[0m
( 39.626s) Epoch 679/1000: loss=5.273600[0m
( 39.617s) Epoch 680/1000: loss=5.272235[0m
( 39.601s) Epoch 681/1000: loss=5.272796[0m
( 39.688s) Epoch 682/1000: loss=5.272579[0m
( 39.705s) Epoch 683/1000: loss=5.272467[0m
( 39.633s) Epoch 684/1000: loss=[32m5.271269[0m
( 39.627s) Epoch 685/1000: loss=5.273262[0m
( 39.621s) Epoch 686/1000: loss=5.272953[0m
( 39.531s) Epoch 687/1000: loss=[32m5.270387[0m
( 39.684s) Epoch 688/1000: loss=5.271585[0m
( 39.708s) Epoch 689/1000: loss=5.271985[0m
( 39.627s) Epoch 690/1000: loss=5.271672[0m
( 39.704s) Epoch 691/1000: loss=5.272572[0m
( 39.519s) Epoch 692/1000: loss=5.271453[0m
( 39.506s) Epoch 693/1000: loss=5.272226[0m
( 39.658s) Epoch 694/1000: loss=5.270411[0m
( 39.595s) Epoch 695/1000: loss=5.272245[0m
( 39.606s) Epoch 696/1000: loss=5.271807[0m
( 39.749s) Epoch 697/1000: loss=5.272514[0m
( 39.725s) Epoch 698/1000: loss=[32m5.269981[0m
( 39.796s) Epoch 699/1000: loss=5.271706[0m
( 39.522s) Epoch 700/1000: loss=5.270271[0m
( 39.591s) Epoch 701/1000: loss=5.271792[0m
( 39.674s) Epoch 702/1000: loss=5.271193[0m
( 39.680s) Epoch 703/1000: loss=5.270873[0m
( 39.788s) Epoch 704/1000: loss=5.271584[0m
( 39.716s) Epoch 705/1000: loss=5.271508[0m
( 39.656s) Epoch 706/1000: loss=5.271054[0m
( 39.673s) Epoch 707/1000: loss=5.271452[0m
( 39.526s) Epoch 708/1000: loss=5.271467[0m
( 39.751s) Epoch 709/1000: loss=5.271613[0m
( 39.697s) Epoch 710/1000: loss=5.270429[0m
( 39.762s) Epoch 711/1000: loss=5.270016[0m
( 39.649s) Epoch 712/1000: loss=[32m5.269719[0m
( 39.817s) Epoch 713/1000: loss=5.272703[0m
( 39.738s) Epoch 714/1000: loss=5.269973[0m
( 39.675s) Epoch 715/1000: loss=5.270940[0m
( 39.599s) Epoch 716/1000: loss=5.270750[0m
( 39.599s) Epoch 717/1000: loss=5.271988[0m
( 39.734s) Epoch 718/1000: loss=5.272038[0m
( 39.707s) Epoch 719/1000: loss=5.269882[0m
( 39.702s) Epoch 720/1000: loss=5.269961[0m
( 39.610s) Epoch 721/1000: loss=5.270444[0m
( 39.582s) Epoch 722/1000: loss=5.269895[0m
( 39.668s) Epoch 723/1000: loss=5.270602[0m
( 39.751s) Epoch 724/1000: loss=5.270733[0m
( 39.720s) Epoch 725/1000: loss=5.270870[0m
( 39.770s) Epoch 726/1000: loss=[32m5.269373[0m
( 39.668s) Epoch 727/1000: loss=5.269916[0m
( 39.664s) Epoch 728/1000: loss=5.270534[0m
( 39.775s) Epoch 729/1000: loss=5.271159[0m
( 39.858s) Epoch 730/1000: loss=5.270870[0m
( 39.690s) Epoch 731/1000: loss=5.270102[0m
( 39.650s) Epoch 732/1000: loss=5.271441[0m
( 39.767s) Epoch 733/1000: loss=5.270263[0m
( 39.678s) Epoch 734/1000: loss=[32m5.268683[0m
( 39.637s) Epoch 735/1000: loss=5.271408[0m
( 39.568s) Epoch 736/1000: loss=5.271572[0m
( 39.608s) Epoch 737/1000: loss=5.270942[0m
( 39.784s) Epoch 738/1000: loss=5.269931[0m
( 39.603s) Epoch 739/1000: loss=5.270381[0m
( 39.793s) Epoch 740/1000: loss=5.269865[0m
( 39.776s) Epoch 741/1000: loss=5.269642[0m
( 39.673s) Epoch 742/1000: loss=5.271055[0m
( 39.835s) Epoch 743/1000: loss=5.270890[0m
( 39.651s) Epoch 744/1000: loss=5.268804[0m
( 39.768s) Epoch 745/1000: loss=5.269331[0m
( 39.746s) Epoch 746/1000: loss=5.270592[0m
( 39.629s) Epoch 747/1000: loss=5.270182[0m
( 39.707s) Epoch 748/1000: loss=5.269097[0m
( 39.703s) Epoch 749/1000: loss=5.269435[0m
( 39.684s) Epoch 750/1000: loss=5.269721[0m
( 39.603s) Epoch 751/1000: loss=[32m5.267953[0m
( 39.651s) Epoch 752/1000: loss=5.269876[0m
( 39.700s) Epoch 753/1000: loss=5.269756[0m
( 39.755s) Epoch 754/1000: loss=5.269097[0m
( 39.821s) Epoch 755/1000: loss=5.269446[0m
( 39.656s) Epoch 756/1000: loss=5.270062[0m
( 39.658s) Epoch 757/1000: loss=5.268416[0m
( 39.731s) Epoch 758/1000: loss=5.268283[0m
( 39.722s) Epoch 759/1000: loss=5.268908[0m
( 39.735s) Epoch 760/1000: loss=5.269912[0m
( 39.660s) Epoch 761/1000: loss=5.269579[0m
( 39.601s) Epoch 762/1000: loss=5.268510[0m
( 39.843s) Epoch 763/1000: loss=5.269760[0m
( 39.701s) Epoch 764/1000: loss=5.268129[0m
( 39.728s) Epoch 765/1000: loss=5.269030[0m
( 39.679s) Epoch 766/1000: loss=5.268968[0m
( 39.806s) Epoch 767/1000: loss=5.268684[0m
( 39.621s) Epoch 768/1000: loss=5.267984[0m
( 39.652s) Epoch 769/1000: loss=5.268862[0m
( 39.745s) Epoch 770/1000: loss=5.269162[0m
( 39.749s) Epoch 771/1000: loss=5.268832[0m
( 39.641s) Epoch 772/1000: loss=5.268721[0m
( 39.545s) Epoch 773/1000: loss=5.268493[0m
( 39.702s) Epoch 774/1000: loss=5.268803[0m
( 39.584s) Epoch 775/1000: loss=5.269334[0m
( 39.688s) Epoch 776/1000: loss=5.269767[0m
( 39.672s) Epoch 777/1000: loss=5.267970[0m
( 39.532s) Epoch 778/1000: loss=5.269631[0m
( 39.679s) Epoch 779/1000: loss=5.270134[0m
( 39.646s) Epoch 780/1000: loss=5.268373[0m
( 39.628s) Epoch 781/1000: loss=5.269471[0m
( 39.792s) Epoch 782/1000: loss=5.268264[0m
( 39.712s) Epoch 783/1000: loss=5.268290[0m
( 39.720s) Epoch 784/1000: loss=[32m5.267650[0m
( 39.759s) Epoch 785/1000: loss=5.268876[0m
( 39.716s) Epoch 786/1000: loss=5.269347[0m
( 39.607s) Epoch 787/1000: loss=5.269053[0m
( 39.638s) Epoch 788/1000: loss=5.267821[0m
( 39.621s) Epoch 789/1000: loss=5.267664[0m
( 39.660s) Epoch 790/1000: loss=[32m5.267386[0m
( 39.606s) Epoch 791/1000: loss=[32m5.267082[0m
( 39.677s) Epoch 792/1000: loss=5.267842[0m
( 39.452s) Epoch 793/1000: loss=5.268176[0m
( 39.651s) Epoch 794/1000: loss=5.268100[0m
( 39.453s) Epoch 795/1000: loss=5.268096[0m
( 39.759s) Epoch 796/1000: loss=[32m5.266829[0m
( 39.653s) Epoch 797/1000: loss=5.268590[0m
( 39.710s) Epoch 798/1000: loss=5.268226[0m
( 39.689s) Epoch 799/1000: loss=[32m5.266527[0m
( 39.565s) Epoch 800/1000: loss=5.268224[0m
( 39.636s) Epoch 801/1000: loss=5.268264[0m
( 39.547s) Epoch 802/1000: loss=5.267972[0m
( 39.569s) Epoch 803/1000: loss=5.267300[0m
( 39.708s) Epoch 804/1000: loss=5.268127[0m
( 39.681s) Epoch 805/1000: loss=5.267553[0m
( 39.769s) Epoch 806/1000: loss=5.267426[0m
( 39.641s) Epoch 807/1000: loss=5.267979[0m
( 39.574s) Epoch 808/1000: loss=5.269105[0m
( 39.736s) Epoch 809/1000: loss=5.268010[0m
( 39.658s) Epoch 810/1000: loss=5.267981[0m
( 39.539s) Epoch 811/1000: loss=5.266583[0m
( 39.638s) Epoch 812/1000: loss=5.269233[0m
( 39.532s) Epoch 813/1000: loss=5.268478[0m
( 39.535s) Epoch 814/1000: loss=5.268335[0m
( 39.653s) Epoch 815/1000: loss=5.267030[0m
( 39.699s) Epoch 816/1000: loss=5.268294[0m
( 39.699s) Epoch 817/1000: loss=[32m5.266376[0m
( 39.765s) Epoch 818/1000: loss=5.266763[0m
( 39.644s) Epoch 819/1000: loss=[32m5.266176[0m
( 39.720s) Epoch 820/1000: loss=5.267646[0m
( 39.513s) Epoch 821/1000: loss=[32m5.265851[0m
( 39.754s) Epoch 822/1000: loss=5.268034[0m
( 39.747s) Epoch 823/1000: loss=5.267257[0m
( 39.698s) Epoch 824/1000: loss=5.266955[0m
( 39.651s) Epoch 825/1000: loss=5.265941[0m
( 39.772s) Epoch 826/1000: loss=5.266849[0m
( 39.676s) Epoch 827/1000: loss=5.267321[0m
( 39.629s) Epoch 828/1000: loss=5.266158[0m
( 39.756s) Epoch 829/1000: loss=[32m5.265837[0m
( 39.512s) Epoch 830/1000: loss=5.267545[0m
( 39.750s) Epoch 831/1000: loss=5.266453[0m
( 39.808s) Epoch 832/1000: loss=5.266905[0m
( 39.660s) Epoch 833/1000: loss=5.267680[0m
( 39.579s) Epoch 834/1000: loss=5.268455[0m
( 39.732s) Epoch 835/1000: loss=5.266547[0m
( 39.718s) Epoch 836/1000: loss=5.266634[0m
( 39.718s) Epoch 837/1000: loss=5.266926[0m
( 39.668s) Epoch 838/1000: loss=5.266005[0m
( 39.676s) Epoch 839/1000: loss=5.266975[0m
( 39.703s) Epoch 840/1000: loss=5.267577[0m
( 39.580s) Epoch 841/1000: loss=5.268134[0m
( 39.686s) Epoch 842/1000: loss=5.267221[0m
( 39.620s) Epoch 843/1000: loss=5.267019[0m
( 39.794s) Epoch 844/1000: loss=[32m5.265581[0m
( 39.507s) Epoch 845/1000: loss=5.266613[0m
( 39.537s) Epoch 846/1000: loss=5.266076[0m
( 39.562s) Epoch 847/1000: loss=[32m5.265490[0m
( 39.577s) Epoch 848/1000: loss=5.266100[0m
( 39.628s) Epoch 849/1000: loss=5.266369[0m
( 39.564s) Epoch 850/1000: loss=[32m5.265322[0m
( 39.684s) Epoch 851/1000: loss=[32m5.264904[0m
( 39.660s) Epoch 852/1000: loss=5.265911[0m
( 39.652s) Epoch 853/1000: loss=5.265640[0m
( 39.674s) Epoch 854/1000: loss=5.266365[0m
( 39.734s) Epoch 855/1000: loss=5.266730[0m
( 39.588s) Epoch 856/1000: loss=[32m5.264872[0m
( 39.555s) Epoch 857/1000: loss=5.266024[0m
( 39.649s) Epoch 858/1000: loss=5.266866[0m
( 39.787s) Epoch 859/1000: loss=5.266807[0m
( 39.643s) Epoch 860/1000: loss=5.267182[0m
( 39.723s) Epoch 861/1000: loss=[32m5.264422[0m
( 39.647s) Epoch 862/1000: loss=5.266002[0m
( 39.699s) Epoch 863/1000: loss=[32m5.264379[0m
( 39.699s) Epoch 864/1000: loss=5.266875[0m
( 39.684s) Epoch 865/1000: loss=5.266188[0m
( 39.721s) Epoch 866/1000: loss=5.264806[0m
( 39.734s) Epoch 867/1000: loss=5.265049[0m
( 39.673s) Epoch 868/1000: loss=5.266786[0m
( 39.737s) Epoch 869/1000: loss=5.266095[0m
( 39.643s) Epoch 870/1000: loss=5.268549[0m
( 39.719s) Epoch 871/1000: loss=5.267088[0m
( 39.631s) Epoch 872/1000: loss=5.264411[0m
( 39.730s) Epoch 873/1000: loss=5.265243[0m
( 39.764s) Epoch 874/1000: loss=5.265928[0m
( 39.603s) Epoch 875/1000: loss=5.266407[0m
( 39.691s) Epoch 876/1000: loss=5.264917[0m
( 39.717s) Epoch 877/1000: loss=5.265706[0m
( 39.700s) Epoch 878/1000: loss=5.265903[0m
( 39.688s) Epoch 879/1000: loss=5.266137[0m
( 39.685s) Epoch 880/1000: loss=5.265728[0m
( 39.710s) Epoch 881/1000: loss=5.265416[0m
( 39.662s) Epoch 882/1000: loss=5.265060[0m
( 39.770s) Epoch 883/1000: loss=5.265239[0m
( 39.583s) Epoch 884/1000: loss=5.265759[0m
( 39.730s) Epoch 885/1000: loss=5.266645[0m
( 39.785s) Epoch 886/1000: loss=5.264971[0m
( 39.698s) Epoch 887/1000: loss=5.265154[0m
( 39.609s) Epoch 888/1000: loss=5.265099[0m
( 39.700s) Epoch 889/1000: loss=5.265737[0m
( 39.677s) Epoch 890/1000: loss=5.264514[0m
( 39.705s) Epoch 891/1000: loss=5.265790[0m
( 39.765s) Epoch 892/1000: loss=5.265678[0m
( 39.620s) Epoch 893/1000: loss=5.265568[0m
( 39.736s) Epoch 894/1000: loss=5.265442[0m
( 39.637s) Epoch 895/1000: loss=5.264631[0m
( 39.795s) Epoch 896/1000: loss=5.265302[0m
( 39.606s) Epoch 897/1000: loss=5.266103[0m
( 39.626s) Epoch 898/1000: loss=5.264931[0m
( 39.643s) Epoch 899/1000: loss=5.265214[0m
( 39.648s) Epoch 900/1000: loss=5.265031[0m
( 39.557s) Epoch 901/1000: loss=5.265256[0m
( 39.705s) Epoch 902/1000: loss=5.265169[0m
( 39.567s) Epoch 903/1000: loss=[32m5.264319[0m
( 39.709s) Epoch 904/1000: loss=5.264369[0m
( 39.822s) Epoch 905/1000: loss=5.267125[0m
( 39.706s) Epoch 906/1000: loss=5.264339[0m
( 39.708s) Epoch 907/1000: loss=5.265032[0m
( 39.669s) Epoch 908/1000: loss=5.265009[0m
( 39.658s) Epoch 909/1000: loss=[32m5.264254[0m
( 39.622s) Epoch 910/1000: loss=5.264538[0m
( 39.863s) Epoch 911/1000: loss=[32m5.263875[0m
( 39.643s) Epoch 912/1000: loss=5.265143[0m
( 39.569s) Epoch 913/1000: loss=5.264129[0m
( 39.728s) Epoch 914/1000: loss=5.265004[0m
( 39.638s) Epoch 915/1000: loss=5.264587[0m
( 39.666s) Epoch 916/1000: loss=5.265826[0m
( 39.689s) Epoch 917/1000: loss=5.264748[0m
( 39.700s) Epoch 918/1000: loss=5.265226[0m
( 39.750s) Epoch 919/1000: loss=5.264145[0m
( 39.722s) Epoch 920/1000: loss=5.264950[0m
( 39.649s) Epoch 921/1000: loss=5.264176[0m
( 39.539s) Epoch 922/1000: loss=5.265258[0m
( 39.709s) Epoch 923/1000: loss=5.264809[0m
( 39.702s) Epoch 924/1000: loss=5.265263[0m
( 39.699s) Epoch 925/1000: loss=5.264695[0m
( 39.541s) Epoch 926/1000: loss=5.264010[0m
( 39.670s) Epoch 927/1000: loss=5.265765[0m
( 39.726s) Epoch 928/1000: loss=[32m5.263631[0m
( 39.551s) Epoch 929/1000: loss=5.265700[0m
( 39.724s) Epoch 930/1000: loss=5.264590[0m
( 39.655s) Epoch 931/1000: loss=5.263933[0m
( 39.701s) Epoch 932/1000: loss=5.263678[0m
( 39.620s) Epoch 933/1000: loss=5.265674[0m
( 39.643s) Epoch 934/1000: loss=[32m5.263544[0m
( 39.545s) Epoch 935/1000: loss=5.265043[0m
( 39.582s) Epoch 936/1000: loss=5.263804[0m
( 39.766s) Epoch 937/1000: loss=5.263933[0m
( 39.753s) Epoch 938/1000: loss=5.263853[0m
( 39.709s) Epoch 939/1000: loss=5.263708[0m
( 39.669s) Epoch 940/1000: loss=[32m5.263483[0m
( 39.765s) Epoch 941/1000: loss=5.264528[0m
( 39.608s) Epoch 942/1000: loss=5.264470[0m
( 39.675s) Epoch 943/1000: loss=5.263983[0m
( 39.529s) Epoch 944/1000: loss=[32m5.263212[0m
( 39.454s) Epoch 945/1000: loss=5.264803[0m
( 39.674s) Epoch 946/1000: loss=5.265691[0m
( 39.600s) Epoch 947/1000: loss=5.265261[0m
( 39.588s) Epoch 948/1000: loss=5.264992[0m
( 39.503s) Epoch 949/1000: loss=5.264187[0m
( 39.627s) Epoch 950/1000: loss=5.264947[0m
( 39.666s) Epoch 951/1000: loss=5.263420[0m
( 39.548s) Epoch 952/1000: loss=5.263539[0m
( 39.525s) Epoch 953/1000: loss=5.264734[0m
( 39.542s) Epoch 954/1000: loss=5.263855[0m
( 39.451s) Epoch 955/1000: loss=5.264228[0m
( 39.509s) Epoch 956/1000: loss=5.265016[0m
( 39.684s) Epoch 957/1000: loss=[32m5.262736[0m
( 39.690s) Epoch 958/1000: loss=5.264166[0m
( 39.654s) Epoch 959/1000: loss=5.263988[0m
( 39.594s) Epoch 960/1000: loss=5.264727[0m
( 39.569s) Epoch 961/1000: loss=5.264578[0m
( 39.592s) Epoch 962/1000: loss=5.264241[0m
( 39.702s) Epoch 963/1000: loss=5.263832[0m
( 39.555s) Epoch 964/1000: loss=5.264394[0m
( 39.735s) Epoch 965/1000: loss=5.264236[0m
( 39.510s) Epoch 966/1000: loss=5.263498[0m
( 39.666s) Epoch 967/1000: loss=5.264227[0m
( 39.681s) Epoch 968/1000: loss=5.264130[0m
( 39.495s) Epoch 969/1000: loss=5.264276[0m
( 39.453s) Epoch 970/1000: loss=5.264195[0m
( 39.693s) Epoch 971/1000: loss=5.263778[0m
( 39.716s) Epoch 972/1000: loss=5.263987[0m
( 39.541s) Epoch 973/1000: loss=5.263398[0m
( 39.619s) Epoch 974/1000: loss=5.263637[0m
( 39.757s) Epoch 975/1000: loss=5.263441[0m
( 39.631s) Epoch 976/1000: loss=5.264234[0m
( 39.538s) Epoch 977/1000: loss=5.264329[0m
( 39.506s) Epoch 978/1000: loss=5.263093[0m
( 39.647s) Epoch 979/1000: loss=5.263672[0m
( 39.470s) Epoch 980/1000: loss=5.263899[0m
( 39.548s) Epoch 981/1000: loss=5.264071[0m
( 39.599s) Epoch 982/1000: loss=5.263687[0m
( 39.688s) Epoch 983/1000: loss=5.263472[0m
( 39.650s) Epoch 984/1000: loss=5.263580[0m
( 39.574s) Epoch 985/1000: loss=5.263759[0m
( 39.686s) Epoch 986/1000: loss=[32m5.262375[0m
( 39.613s) Epoch 987/1000: loss=5.265078[0m
( 39.571s) Epoch 988/1000: loss=5.264784[0m
( 39.591s) Epoch 989/1000: loss=5.264878[0m
( 39.607s) Epoch 990/1000: loss=5.264657[0m
( 39.699s) Epoch 991/1000: loss=5.264457[0m
( 39.626s) Epoch 992/1000: loss=5.263544[0m
( 39.499s) Epoch 993/1000: loss=5.265056[0m
( 39.639s) Epoch 994/1000: loss=5.263748[0m
( 39.604s) Epoch 995/1000: loss=5.263036[0m
( 39.601s) Epoch 996/1000: loss=5.263812[0m
( 39.604s) Epoch 997/1000: loss=5.263624[0m
( 39.524s) Epoch 998/1000: loss=5.264253[0m
( 39.556s) Epoch 999/1000: loss=5.263619[0m
( 39.669s) Epoch 1000/1000: loss=5.264065[0m
Training for 1000 epochs took 39662.466s total and 39.662s average
Calculating mean of transformed dataset using the best model state ... 9.509s
Saving best model and options to /home/aditya.bharti/FewShot/miniImgnet_1000epoch/CropGauss.pth
