Namespace(T_max=1000, backbone='resnet50', base_learning_rate=0.1, base_optimizer='SGD', batch_size=256, dampening=0.0, data_percent=20, dataset='miniImagenet', dataset_root=None, distributed=True, episode_strat='SimpleShotEpisodes', eval_freq=2000, fine_tune_epochs=20, fine_tune_save_path='ft0.pth', first_augment='CropResize', head='SimpleMLP', jitter_strength=1.0, k_shot=5, load_from=None, local_rank=0, log_file=<_io.TextIOWrapper name='/home/aditya.bharti/FewShot/miniImgnet_1000epoch/CropColor.out' mode='a' encoding='UTF-8'>, loss_function='NTXent', model='SimCLRModel', momentum=0.9, n_way=5, nesterov=True, ntxent_temp=1.0, num_epochs=1000, num_query=15, num_test_tasks=10000, num_workers=4, pin_memory=True, pretrained=False, progress=False, projection_dim=128, save_model=True, save_path='/home/aditya.bharti/FewShot/miniImgnet_1000epoch/CropColor.pth', scheduler='CosineAnnealingLR', second_augment='ColorDistort', shuffle=True, simple_opt=True, weight_decay=0.0001)
Starting Training on:
Train:  64 classes
Valid:  16 classes
Test:   20 classes
------------------
( 45.064s) Epoch 001/1000: loss=[32m6.084173[0m
( 44.858s) Epoch 002/1000: loss=[32m5.874235[0m
( 44.888s) Epoch 003/1000: loss=[32m5.765685[0m
( 44.946s) Epoch 004/1000: loss=[32m5.704770[0m
( 45.044s) Epoch 005/1000: loss=[32m5.673638[0m
( 44.920s) Epoch 006/1000: loss=[32m5.640925[0m
( 44.983s) Epoch 007/1000: loss=[32m5.619268[0m
( 44.854s) Epoch 008/1000: loss=[32m5.595865[0m
( 44.918s) Epoch 009/1000: loss=[32m5.574700[0m
( 45.007s) Epoch 010/1000: loss=[32m5.568044[0m
( 44.818s) Epoch 011/1000: loss=[32m5.555287[0m
( 45.111s) Epoch 012/1000: loss=[32m5.541352[0m
( 44.998s) Epoch 013/1000: loss=[32m5.538521[0m
( 45.006s) Epoch 014/1000: loss=[32m5.535552[0m
( 45.024s) Epoch 015/1000: loss=[32m5.524881[0m
( 44.956s) Epoch 016/1000: loss=[32m5.520977[0m
( 44.988s) Epoch 017/1000: loss=[32m5.518735[0m
( 45.134s) Epoch 018/1000: loss=[32m5.511726[0m
( 45.150s) Epoch 019/1000: loss=[32m5.510445[0m
( 44.962s) Epoch 020/1000: loss=[32m5.500153[0m
( 44.944s) Epoch 021/1000: loss=5.507830[0m
( 44.961s) Epoch 022/1000: loss=[32m5.498722[0m
( 44.980s) Epoch 023/1000: loss=[32m5.494525[0m
( 45.014s) Epoch 024/1000: loss=[32m5.494468[0m
( 44.947s) Epoch 025/1000: loss=[32m5.486873[0m
( 44.956s) Epoch 026/1000: loss=5.487167[0m
( 44.972s) Epoch 027/1000: loss=[32m5.482609[0m
( 44.917s) Epoch 028/1000: loss=[32m5.481364[0m
( 44.994s) Epoch 029/1000: loss=[32m5.477408[0m
( 45.043s) Epoch 030/1000: loss=[32m5.475965[0m
( 44.910s) Epoch 031/1000: loss=[32m5.471538[0m
( 44.975s) Epoch 032/1000: loss=5.483949[0m
( 45.006s) Epoch 033/1000: loss=5.479614[0m
( 44.982s) Epoch 034/1000: loss=[32m5.468801[0m
( 45.027s) Epoch 035/1000: loss=[32m5.466814[0m
( 45.000s) Epoch 036/1000: loss=[32m5.465577[0m
( 44.942s) Epoch 037/1000: loss=5.485838[0m
( 45.029s) Epoch 038/1000: loss=5.469263[0m
( 44.949s) Epoch 039/1000: loss=5.466154[0m
( 44.891s) Epoch 040/1000: loss=[32m5.461307[0m
( 44.966s) Epoch 041/1000: loss=[32m5.461286[0m
( 44.922s) Epoch 042/1000: loss=[32m5.456369[0m
( 44.966s) Epoch 043/1000: loss=5.459075[0m
( 44.896s) Epoch 044/1000: loss=[32m5.455072[0m
( 44.870s) Epoch 045/1000: loss=5.469921[0m
( 45.100s) Epoch 046/1000: loss=5.470191[0m
( 44.973s) Epoch 047/1000: loss=[32m5.451857[0m
( 44.904s) Epoch 048/1000: loss=[32m5.450513[0m
( 44.979s) Epoch 049/1000: loss=5.451731[0m
( 45.054s) Epoch 050/1000: loss=5.453801[0m
( 44.946s) Epoch 051/1000: loss=[32m5.449245[0m
( 44.985s) Epoch 052/1000: loss=[32m5.446284[0m
( 44.940s) Epoch 053/1000: loss=[32m5.442199[0m
( 44.964s) Epoch 054/1000: loss=[32m5.441749[0m
( 45.046s) Epoch 055/1000: loss=5.442929[0m
( 44.971s) Epoch 056/1000: loss=5.443779[0m
( 44.995s) Epoch 057/1000: loss=[32m5.439702[0m
( 45.006s) Epoch 058/1000: loss=5.441733[0m
( 45.056s) Epoch 059/1000: loss=5.439963[0m
( 44.969s) Epoch 060/1000: loss=5.440904[0m
( 44.926s) Epoch 061/1000: loss=[32m5.439569[0m
( 45.031s) Epoch 062/1000: loss=[32m5.439502[0m
( 45.116s) Epoch 063/1000: loss=[32m5.437165[0m
( 44.929s) Epoch 064/1000: loss=5.440218[0m
( 44.984s) Epoch 065/1000: loss=5.442115[0m
( 45.129s) Epoch 066/1000: loss=[32m5.436827[0m
( 45.015s) Epoch 067/1000: loss=[32m5.436668[0m
( 45.017s) Epoch 068/1000: loss=[32m5.436347[0m
( 44.986s) Epoch 069/1000: loss=[32m5.433762[0m
( 45.020s) Epoch 070/1000: loss=[32m5.430733[0m
( 44.910s) Epoch 071/1000: loss=[32m5.430232[0m
( 44.932s) Epoch 072/1000: loss=[32m5.428384[0m
( 45.066s) Epoch 073/1000: loss=5.432104[0m
( 45.004s) Epoch 074/1000: loss=[32m5.427696[0m
( 44.914s) Epoch 075/1000: loss=5.427718[0m
( 44.961s) Epoch 076/1000: loss=5.428539[0m
( 44.914s) Epoch 077/1000: loss=[32m5.424711[0m
( 44.883s) Epoch 078/1000: loss=[32m5.421840[0m
( 44.916s) Epoch 079/1000: loss=5.423826[0m
( 44.933s) Epoch 080/1000: loss=5.424343[0m
( 44.856s) Epoch 081/1000: loss=5.423928[0m
( 44.946s) Epoch 082/1000: loss=5.422768[0m
( 44.979s) Epoch 083/1000: loss=[32m5.420935[0m
( 45.110s) Epoch 084/1000: loss=5.421106[0m
( 44.952s) Epoch 085/1000: loss=[32m5.420647[0m
( 44.893s) Epoch 086/1000: loss=[32m5.419514[0m
( 45.083s) Epoch 087/1000: loss=[32m5.418549[0m
( 44.926s) Epoch 088/1000: loss=[32m5.416562[0m
( 45.078s) Epoch 089/1000: loss=5.426495[0m
( 44.988s) Epoch 090/1000: loss=5.451759[0m
( 44.988s) Epoch 091/1000: loss=5.431202[0m
( 45.040s) Epoch 092/1000: loss=5.423736[0m
( 45.024s) Epoch 093/1000: loss=[32m5.415572[0m
( 45.143s) Epoch 094/1000: loss=[32m5.412014[0m
( 44.940s) Epoch 095/1000: loss=[32m5.411188[0m
( 44.961s) Epoch 096/1000: loss=5.411954[0m
( 44.986s) Epoch 097/1000: loss=[32m5.410917[0m
( 44.986s) Epoch 098/1000: loss=[32m5.409739[0m
( 44.944s) Epoch 099/1000: loss=5.409768[0m
( 45.028s) Epoch 100/1000: loss=[32m5.408838[0m
( 45.024s) Epoch 101/1000: loss=[32m5.408834[0m
( 45.085s) Epoch 102/1000: loss=[32m5.408543[0m
( 44.966s) Epoch 103/1000: loss=[32m5.408424[0m
( 45.036s) Epoch 104/1000: loss=[32m5.408070[0m
( 44.996s) Epoch 105/1000: loss=[32m5.407353[0m
( 45.119s) Epoch 106/1000: loss=[32m5.406461[0m
( 45.052s) Epoch 107/1000: loss=[32m5.404471[0m
( 44.885s) Epoch 108/1000: loss=5.404825[0m
( 44.972s) Epoch 109/1000: loss=[32m5.402387[0m
( 45.046s) Epoch 110/1000: loss=5.403758[0m
( 45.002s) Epoch 111/1000: loss=[32m5.402327[0m
( 44.980s) Epoch 112/1000: loss=[32m5.400400[0m
( 44.914s) Epoch 113/1000: loss=5.410350[0m
( 44.971s) Epoch 114/1000: loss=5.439893[0m
( 45.041s) Epoch 115/1000: loss=5.415541[0m
( 44.993s) Epoch 116/1000: loss=5.405154[0m
( 45.098s) Epoch 117/1000: loss=5.402287[0m
( 45.080s) Epoch 118/1000: loss=5.405175[0m
( 44.961s) Epoch 119/1000: loss=5.409356[0m
( 45.035s) Epoch 120/1000: loss=5.400833[0m
( 44.961s) Epoch 121/1000: loss=5.400676[0m
( 45.049s) Epoch 122/1000: loss=[32m5.398539[0m
( 44.874s) Epoch 123/1000: loss=5.400078[0m
( 44.967s) Epoch 124/1000: loss=[32m5.396997[0m
( 44.982s) Epoch 125/1000: loss=5.398013[0m
( 44.972s) Epoch 126/1000: loss=[32m5.396616[0m
( 45.041s) Epoch 127/1000: loss=[32m5.394513[0m
( 45.066s) Epoch 128/1000: loss=[32m5.393913[0m
( 44.889s) Epoch 129/1000: loss=[32m5.393690[0m
( 44.977s) Epoch 130/1000: loss=[32m5.393545[0m
( 45.011s) Epoch 131/1000: loss=5.396483[0m
( 45.070s) Epoch 132/1000: loss=[32m5.392626[0m
( 45.030s) Epoch 133/1000: loss=5.404558[0m
( 44.926s) Epoch 134/1000: loss=5.395603[0m
( 45.084s) Epoch 135/1000: loss=5.393527[0m
( 44.944s) Epoch 136/1000: loss=[32m5.389071[0m
( 45.073s) Epoch 137/1000: loss=5.390342[0m
( 44.988s) Epoch 138/1000: loss=5.390777[0m
( 44.988s) Epoch 139/1000: loss=[32m5.388639[0m
( 45.034s) Epoch 140/1000: loss=5.389332[0m
( 44.900s) Epoch 141/1000: loss=5.388970[0m
( 45.057s) Epoch 142/1000: loss=[32m5.388128[0m
( 45.039s) Epoch 143/1000: loss=5.388279[0m
( 45.044s) Epoch 144/1000: loss=[32m5.387386[0m
( 44.981s) Epoch 145/1000: loss=[32m5.386489[0m
( 45.035s) Epoch 146/1000: loss=5.386958[0m
( 44.987s) Epoch 147/1000: loss=[32m5.385529[0m
( 45.168s) Epoch 148/1000: loss=5.386245[0m
( 45.112s) Epoch 149/1000: loss=[32m5.382606[0m
( 44.992s) Epoch 150/1000: loss=5.387738[0m
( 45.067s) Epoch 151/1000: loss=[32m5.380905[0m
( 45.107s) Epoch 152/1000: loss=5.384576[0m
( 45.063s) Epoch 153/1000: loss=5.383320[0m
( 45.053s) Epoch 154/1000: loss=5.382630[0m
( 45.048s) Epoch 155/1000: loss=5.386135[0m
( 45.080s) Epoch 156/1000: loss=5.407303[0m
( 45.004s) Epoch 157/1000: loss=5.403283[0m
( 45.153s) Epoch 158/1000: loss=5.390789[0m
( 44.974s) Epoch 159/1000: loss=5.383788[0m
( 45.012s) Epoch 160/1000: loss=5.381932[0m
( 45.006s) Epoch 161/1000: loss=[32m5.379817[0m
( 45.112s) Epoch 162/1000: loss=5.381668[0m
( 45.085s) Epoch 163/1000: loss=[32m5.379563[0m
( 45.064s) Epoch 164/1000: loss=5.379620[0m
( 45.042s) Epoch 165/1000: loss=5.380330[0m
( 45.042s) Epoch 166/1000: loss=[32m5.377699[0m
( 45.036s) Epoch 167/1000: loss=5.379313[0m
( 45.052s) Epoch 168/1000: loss=5.378101[0m
( 44.968s) Epoch 169/1000: loss=[32m5.375808[0m
( 45.070s) Epoch 170/1000: loss=5.379198[0m
( 45.094s) Epoch 171/1000: loss=5.379174[0m
( 44.901s) Epoch 172/1000: loss=5.377710[0m
( 45.002s) Epoch 173/1000: loss=5.378591[0m
( 45.025s) Epoch 174/1000: loss=5.376787[0m
( 45.152s) Epoch 175/1000: loss=[32m5.375605[0m
( 45.059s) Epoch 176/1000: loss=5.377753[0m
( 45.062s) Epoch 177/1000: loss=[32m5.374971[0m
( 44.937s) Epoch 178/1000: loss=[32m5.374628[0m
( 45.083s) Epoch 179/1000: loss=5.374802[0m
( 45.088s) Epoch 180/1000: loss=[32m5.372536[0m
( 44.973s) Epoch 181/1000: loss=5.374279[0m
( 44.964s) Epoch 182/1000: loss=5.376074[0m
( 45.070s) Epoch 183/1000: loss=5.373166[0m
( 44.999s) Epoch 184/1000: loss=5.373457[0m
( 44.996s) Epoch 185/1000: loss=[32m5.370869[0m
( 44.997s) Epoch 186/1000: loss=5.371167[0m
( 45.053s) Epoch 187/1000: loss=5.372866[0m
( 45.098s) Epoch 188/1000: loss=[32m5.369973[0m
( 44.974s) Epoch 189/1000: loss=5.372780[0m
( 45.059s) Epoch 190/1000: loss=5.373197[0m
( 44.987s) Epoch 191/1000: loss=5.370969[0m
( 45.020s) Epoch 192/1000: loss=[32m5.368396[0m
( 45.023s) Epoch 193/1000: loss=5.368789[0m
( 44.894s) Epoch 194/1000: loss=5.370386[0m
( 45.014s) Epoch 195/1000: loss=5.370744[0m
( 45.076s) Epoch 196/1000: loss=5.369056[0m
( 45.106s) Epoch 197/1000: loss=5.369945[0m
( 45.000s) Epoch 198/1000: loss=5.369156[0m
( 45.025s) Epoch 199/1000: loss=5.372969[0m
( 45.078s) Epoch 200/1000: loss=[32m5.367898[0m
( 45.027s) Epoch 201/1000: loss=5.368998[0m
( 45.067s) Epoch 202/1000: loss=[32m5.367519[0m
( 45.058s) Epoch 203/1000: loss=5.368400[0m
( 45.120s) Epoch 204/1000: loss=5.369009[0m
( 44.958s) Epoch 205/1000: loss=5.368590[0m
( 45.061s) Epoch 206/1000: loss=[32m5.367479[0m
( 45.022s) Epoch 207/1000: loss=5.368480[0m
( 45.119s) Epoch 208/1000: loss=[32m5.364881[0m
( 45.071s) Epoch 209/1000: loss=5.366946[0m
( 45.024s) Epoch 210/1000: loss=5.367676[0m
( 45.141s) Epoch 211/1000: loss=[32m5.364232[0m
( 45.073s) Epoch 212/1000: loss=5.364394[0m
( 45.097s) Epoch 213/1000: loss=[32m5.364044[0m
( 45.017s) Epoch 214/1000: loss=5.364814[0m
( 45.057s) Epoch 215/1000: loss=[32m5.363677[0m
( 45.069s) Epoch 216/1000: loss=5.363698[0m
( 45.094s) Epoch 217/1000: loss=5.364013[0m
( 45.097s) Epoch 218/1000: loss=5.364199[0m
( 45.061s) Epoch 219/1000: loss=5.364719[0m
( 45.058s) Epoch 220/1000: loss=[32m5.362715[0m
( 44.930s) Epoch 221/1000: loss=5.362869[0m
( 45.067s) Epoch 222/1000: loss=5.363840[0m
( 45.005s) Epoch 223/1000: loss=5.363228[0m
( 45.021s) Epoch 224/1000: loss=[32m5.361373[0m
( 45.142s) Epoch 225/1000: loss=5.362093[0m
( 45.030s) Epoch 226/1000: loss=[32m5.359652[0m
( 45.035s) Epoch 227/1000: loss=5.362854[0m
( 45.083s) Epoch 228/1000: loss=5.361573[0m
( 44.974s) Epoch 229/1000: loss=5.360253[0m
( 45.208s) Epoch 230/1000: loss=5.360528[0m
( 45.092s) Epoch 231/1000: loss=5.360775[0m
( 45.185s) Epoch 232/1000: loss=5.359691[0m
( 45.181s) Epoch 233/1000: loss=5.359857[0m
( 44.994s) Epoch 234/1000: loss=5.361409[0m
( 45.136s) Epoch 235/1000: loss=[32m5.358259[0m
( 45.052s) Epoch 236/1000: loss=5.360298[0m
( 45.159s) Epoch 237/1000: loss=5.361399[0m
( 45.202s) Epoch 238/1000: loss=5.358529[0m
( 45.129s) Epoch 239/1000: loss=[32m5.356015[0m
( 45.081s) Epoch 240/1000: loss=5.357446[0m
( 44.965s) Epoch 241/1000: loss=5.358317[0m
( 45.034s) Epoch 242/1000: loss=5.357873[0m
( 45.061s) Epoch 243/1000: loss=[32m5.356007[0m
( 45.179s) Epoch 244/1000: loss=5.359732[0m
( 45.074s) Epoch 245/1000: loss=5.356884[0m
( 45.054s) Epoch 246/1000: loss=5.357354[0m
( 45.047s) Epoch 247/1000: loss=[32m5.354557[0m
( 45.092s) Epoch 248/1000: loss=5.440354[0m
( 44.988s) Epoch 249/1000: loss=5.401245[0m
( 45.140s) Epoch 250/1000: loss=5.385282[0m
( 45.121s) Epoch 251/1000: loss=5.383484[0m
( 44.991s) Epoch 252/1000: loss=5.374003[0m
( 45.245s) Epoch 253/1000: loss=5.368935[0m
( 45.058s) Epoch 254/1000: loss=5.367197[0m
( 45.062s) Epoch 255/1000: loss=5.383514[0m
( 45.007s) Epoch 256/1000: loss=5.365545[0m
( 44.997s) Epoch 257/1000: loss=5.375664[0m
( 45.140s) Epoch 258/1000: loss=5.363938[0m
( 45.187s) Epoch 259/1000: loss=5.363235[0m
( 45.020s) Epoch 260/1000: loss=5.361942[0m
( 45.141s) Epoch 261/1000: loss=5.362708[0m
( 44.948s) Epoch 262/1000: loss=5.359694[0m
( 45.104s) Epoch 263/1000: loss=5.360500[0m
( 44.990s) Epoch 264/1000: loss=5.358256[0m
( 45.065s) Epoch 265/1000: loss=5.361286[0m
( 44.993s) Epoch 266/1000: loss=5.358452[0m
( 45.044s) Epoch 267/1000: loss=5.357515[0m
( 45.133s) Epoch 268/1000: loss=5.381997[0m
( 45.046s) Epoch 269/1000: loss=5.375012[0m
( 45.096s) Epoch 270/1000: loss=5.364831[0m
( 45.078s) Epoch 271/1000: loss=5.358279[0m
( 45.124s) Epoch 272/1000: loss=5.360131[0m
( 45.081s) Epoch 273/1000: loss=5.357210[0m
( 45.112s) Epoch 274/1000: loss=5.356354[0m
( 45.136s) Epoch 275/1000: loss=5.356043[0m
( 44.832s) Epoch 276/1000: loss=5.410030[0m
( 44.852s) Epoch 277/1000: loss=5.371173[0m
( 44.978s) Epoch 278/1000: loss=5.363383[0m
( 44.965s) Epoch 279/1000: loss=5.358893[0m
( 44.950s) Epoch 280/1000: loss=5.357859[0m
( 44.932s) Epoch 281/1000: loss=5.366347[0m
( 44.811s) Epoch 282/1000: loss=5.359777[0m
( 44.797s) Epoch 283/1000: loss=5.356428[0m
( 44.823s) Epoch 284/1000: loss=5.356187[0m
( 45.105s) Epoch 285/1000: loss=[32m5.354336[0m
( 44.994s) Epoch 286/1000: loss=[32m5.354006[0m
( 45.031s) Epoch 287/1000: loss=[32m5.352060[0m
( 45.022s) Epoch 288/1000: loss=5.356249[0m
( 45.152s) Epoch 289/1000: loss=5.355423[0m
( 45.120s) Epoch 290/1000: loss=5.352132[0m
( 45.006s) Epoch 291/1000: loss=5.353220[0m
( 45.026s) Epoch 292/1000: loss=[32m5.351924[0m
( 45.149s) Epoch 293/1000: loss=[32m5.351596[0m
( 45.170s) Epoch 294/1000: loss=[32m5.350151[0m
( 45.062s) Epoch 295/1000: loss=5.350520[0m
( 45.088s) Epoch 296/1000: loss=5.350578[0m
( 45.083s) Epoch 297/1000: loss=5.350275[0m
( 45.036s) Epoch 298/1000: loss=5.351944[0m
( 45.085s) Epoch 299/1000: loss=5.350698[0m
( 45.075s) Epoch 300/1000: loss=5.352770[0m
( 45.101s) Epoch 301/1000: loss=[32m5.347485[0m
( 45.057s) Epoch 302/1000: loss=5.349948[0m
( 45.082s) Epoch 303/1000: loss=5.349715[0m
( 44.945s) Epoch 304/1000: loss=5.348603[0m
( 45.015s) Epoch 305/1000: loss=5.348207[0m
( 45.098s) Epoch 306/1000: loss=[32m5.347259[0m
( 45.017s) Epoch 307/1000: loss=5.347709[0m
( 45.038s) Epoch 308/1000: loss=[32m5.346620[0m
( 45.131s) Epoch 309/1000: loss=5.348434[0m
( 45.091s) Epoch 310/1000: loss=[32m5.345224[0m
( 45.197s) Epoch 311/1000: loss=5.348116[0m
( 45.034s) Epoch 312/1000: loss=[32m5.344743[0m
( 45.101s) Epoch 313/1000: loss=[32m5.343094[0m
( 44.990s) Epoch 314/1000: loss=5.344574[0m
( 45.033s) Epoch 315/1000: loss=5.345823[0m
( 45.110s) Epoch 316/1000: loss=5.346096[0m
( 45.093s) Epoch 317/1000: loss=5.346487[0m
( 45.092s) Epoch 318/1000: loss=5.345273[0m
( 45.090s) Epoch 319/1000: loss=5.344611[0m
( 45.004s) Epoch 320/1000: loss=5.344826[0m
( 45.219s) Epoch 321/1000: loss=5.345976[0m
( 45.159s) Epoch 322/1000: loss=5.344396[0m
( 45.096s) Epoch 323/1000: loss=5.343787[0m
( 45.092s) Epoch 324/1000: loss=5.345497[0m
( 45.064s) Epoch 325/1000: loss=5.344112[0m
( 44.961s) Epoch 326/1000: loss=[32m5.342151[0m
( 45.095s) Epoch 327/1000: loss=5.343122[0m
( 45.151s) Epoch 328/1000: loss=5.347003[0m
( 45.070s) Epoch 329/1000: loss=5.372330[0m
( 45.093s) Epoch 330/1000: loss=5.351725[0m
( 45.155s) Epoch 331/1000: loss=5.349874[0m
( 45.104s) Epoch 332/1000: loss=5.345952[0m
( 45.053s) Epoch 333/1000: loss=5.342958[0m
( 45.082s) Epoch 334/1000: loss=5.342442[0m
( 45.171s) Epoch 335/1000: loss=[32m5.342081[0m
( 45.073s) Epoch 336/1000: loss=[32m5.341224[0m
( 45.187s) Epoch 337/1000: loss=5.341986[0m
( 45.007s) Epoch 338/1000: loss=[32m5.338757[0m
( 45.042s) Epoch 339/1000: loss=5.343193[0m
( 45.120s) Epoch 340/1000: loss=5.356312[0m
( 45.090s) Epoch 341/1000: loss=5.360886[0m
( 45.149s) Epoch 342/1000: loss=5.357661[0m
( 45.122s) Epoch 343/1000: loss=5.366318[0m
( 44.991s) Epoch 344/1000: loss=5.348617[0m
( 45.138s) Epoch 345/1000: loss=5.345462[0m
( 45.087s) Epoch 346/1000: loss=5.344442[0m
( 45.046s) Epoch 347/1000: loss=5.343438[0m
( 45.024s) Epoch 348/1000: loss=5.341907[0m
( 45.109s) Epoch 349/1000: loss=5.353321[0m
( 45.055s) Epoch 350/1000: loss=5.344216[0m
( 45.117s) Epoch 351/1000: loss=5.341717[0m
( 45.158s) Epoch 352/1000: loss=5.343001[0m
( 45.069s) Epoch 353/1000: loss=5.340442[0m
( 45.102s) Epoch 354/1000: loss=5.338939[0m
( 45.102s) Epoch 355/1000: loss=5.339792[0m
( 45.186s) Epoch 356/1000: loss=5.339126[0m
( 45.028s) Epoch 357/1000: loss=5.341737[0m
( 45.062s) Epoch 358/1000: loss=5.341818[0m
( 45.087s) Epoch 359/1000: loss=5.339177[0m
( 45.068s) Epoch 360/1000: loss=5.340661[0m
( 45.096s) Epoch 361/1000: loss=5.340588[0m
( 45.049s) Epoch 362/1000: loss=5.339176[0m
( 45.161s) Epoch 363/1000: loss=5.338786[0m
( 45.019s) Epoch 364/1000: loss=5.339092[0m
( 45.070s) Epoch 365/1000: loss=[32m5.338701[0m
( 45.134s) Epoch 366/1000: loss=5.339044[0m
( 45.116s) Epoch 367/1000: loss=5.358009[0m
( 45.026s) Epoch 368/1000: loss=5.394370[0m
( 45.127s) Epoch 369/1000: loss=5.360418[0m
( 45.163s) Epoch 370/1000: loss=5.346856[0m
( 45.005s) Epoch 371/1000: loss=5.343100[0m
( 45.104s) Epoch 372/1000: loss=5.343950[0m
( 45.068s) Epoch 373/1000: loss=5.341643[0m
( 45.084s) Epoch 374/1000: loss=5.340204[0m
( 45.115s) Epoch 375/1000: loss=5.341659[0m
( 44.969s) Epoch 376/1000: loss=5.340107[0m
( 45.255s) Epoch 377/1000: loss=5.340103[0m
( 45.039s) Epoch 378/1000: loss=5.339817[0m
( 45.072s) Epoch 379/1000: loss=5.338865[0m
( 45.084s) Epoch 380/1000: loss=[32m5.336178[0m
( 45.076s) Epoch 381/1000: loss=5.355312[0m
( 45.075s) Epoch 382/1000: loss=5.341104[0m
( 45.123s) Epoch 383/1000: loss=5.338092[0m
( 45.075s) Epoch 384/1000: loss=5.339431[0m
( 45.210s) Epoch 385/1000: loss=5.337256[0m
( 45.091s) Epoch 386/1000: loss=5.338677[0m
( 45.103s) Epoch 387/1000: loss=5.339285[0m
( 45.117s) Epoch 388/1000: loss=[32m5.334228[0m
( 44.997s) Epoch 389/1000: loss=5.334386[0m
( 45.095s) Epoch 390/1000: loss=5.335390[0m
( 45.101s) Epoch 391/1000: loss=5.337438[0m
( 45.161s) Epoch 392/1000: loss=5.337676[0m
( 44.999s) Epoch 393/1000: loss=5.335445[0m
( 45.081s) Epoch 394/1000: loss=[32m5.333588[0m
( 45.031s) Epoch 395/1000: loss=[32m5.333042[0m
( 45.071s) Epoch 396/1000: loss=5.335468[0m
( 45.055s) Epoch 397/1000: loss=5.333417[0m
( 45.066s) Epoch 398/1000: loss=5.336626[0m
( 45.094s) Epoch 399/1000: loss=5.335332[0m
( 45.002s) Epoch 400/1000: loss=5.335432[0m
( 45.079s) Epoch 401/1000: loss=[32m5.330017[0m
( 45.024s) Epoch 402/1000: loss=5.332973[0m
( 45.080s) Epoch 403/1000: loss=5.331492[0m
( 45.004s) Epoch 404/1000: loss=5.332847[0m
( 44.986s) Epoch 405/1000: loss=5.333445[0m
( 45.188s) Epoch 406/1000: loss=5.334300[0m
( 45.033s) Epoch 407/1000: loss=5.333549[0m
( 45.087s) Epoch 408/1000: loss=5.332154[0m
( 45.050s) Epoch 409/1000: loss=5.333187[0m
( 45.098s) Epoch 410/1000: loss=5.334092[0m
( 44.903s) Epoch 411/1000: loss=5.332775[0m
( 45.047s) Epoch 412/1000: loss=5.331448[0m
( 45.024s) Epoch 413/1000: loss=5.330363[0m
( 45.181s) Epoch 414/1000: loss=5.332354[0m
( 45.075s) Epoch 415/1000: loss=5.331725[0m
( 45.050s) Epoch 416/1000: loss=5.332582[0m
( 45.000s) Epoch 417/1000: loss=5.330348[0m
( 44.980s) Epoch 418/1000: loss=5.330416[0m
( 45.062s) Epoch 419/1000: loss=5.330080[0m
( 45.175s) Epoch 420/1000: loss=5.331265[0m
( 45.088s) Epoch 421/1000: loss=5.330372[0m
( 45.203s) Epoch 422/1000: loss=5.330604[0m
( 45.035s) Epoch 423/1000: loss=5.331322[0m
( 45.106s) Epoch 424/1000: loss=[32m5.329390[0m
( 44.977s) Epoch 425/1000: loss=[32m5.328433[0m
( 45.135s) Epoch 426/1000: loss=5.331461[0m
( 45.146s) Epoch 427/1000: loss=5.329997[0m
( 45.121s) Epoch 428/1000: loss=5.330084[0m
( 45.080s) Epoch 429/1000: loss=5.332168[0m
( 45.154s) Epoch 430/1000: loss=5.330926[0m
( 45.057s) Epoch 431/1000: loss=[32m5.328391[0m
( 45.165s) Epoch 432/1000: loss=[32m5.327299[0m
( 45.037s) Epoch 433/1000: loss=5.327325[0m
( 45.041s) Epoch 434/1000: loss=5.328672[0m
( 45.042s) Epoch 435/1000: loss=[32m5.326660[0m
( 45.086s) Epoch 436/1000: loss=5.328305[0m
( 45.053s) Epoch 437/1000: loss=5.329436[0m
( 45.080s) Epoch 438/1000: loss=[32m5.326154[0m
( 45.078s) Epoch 439/1000: loss=5.330070[0m
( 45.018s) Epoch 440/1000: loss=5.327856[0m
( 45.148s) Epoch 441/1000: loss=5.326411[0m
( 45.093s) Epoch 442/1000: loss=5.329605[0m
( 45.090s) Epoch 443/1000: loss=[32m5.326045[0m
( 45.030s) Epoch 444/1000: loss=5.327019[0m
( 44.919s) Epoch 445/1000: loss=5.327546[0m
( 45.044s) Epoch 446/1000: loss=5.326280[0m
( 45.059s) Epoch 447/1000: loss=5.326995[0m
( 45.217s) Epoch 448/1000: loss=5.326442[0m
( 45.030s) Epoch 449/1000: loss=5.326673[0m
( 45.049s) Epoch 450/1000: loss=5.326112[0m
( 45.081s) Epoch 451/1000: loss=[32m5.325713[0m
( 45.119s) Epoch 452/1000: loss=5.327343[0m
( 45.024s) Epoch 453/1000: loss=5.327589[0m
( 45.129s) Epoch 454/1000: loss=5.326165[0m
( 45.137s) Epoch 455/1000: loss=[32m5.325636[0m
( 45.104s) Epoch 456/1000: loss=[32m5.325372[0m
( 45.134s) Epoch 457/1000: loss=5.325457[0m
( 45.136s) Epoch 458/1000: loss=5.326484[0m
( 45.157s) Epoch 459/1000: loss=5.325394[0m
( 45.103s) Epoch 460/1000: loss=[32m5.324983[0m
( 45.152s) Epoch 461/1000: loss=5.326460[0m
( 45.045s) Epoch 462/1000: loss=5.325576[0m
( 45.154s) Epoch 463/1000: loss=5.326398[0m
( 45.172s) Epoch 464/1000: loss=[32m5.324968[0m
( 44.947s) Epoch 465/1000: loss=[32m5.323283[0m
( 45.077s) Epoch 466/1000: loss=[32m5.322569[0m
( 44.894s) Epoch 467/1000: loss=5.325843[0m
( 45.137s) Epoch 468/1000: loss=5.324990[0m
( 45.087s) Epoch 469/1000: loss=5.326354[0m
( 45.127s) Epoch 470/1000: loss=5.323625[0m
( 45.163s) Epoch 471/1000: loss=5.324644[0m
( 44.975s) Epoch 472/1000: loss=5.323496[0m
( 45.106s) Epoch 473/1000: loss=[32m5.321958[0m
( 44.874s) Epoch 474/1000: loss=5.323379[0m
( 45.158s) Epoch 475/1000: loss=[32m5.321172[0m
( 45.052s) Epoch 476/1000: loss=5.321306[0m
( 45.142s) Epoch 477/1000: loss=5.324858[0m
( 44.992s) Epoch 478/1000: loss=5.322409[0m
( 45.035s) Epoch 479/1000: loss=5.322432[0m
( 45.052s) Epoch 480/1000: loss=5.324053[0m
( 44.966s) Epoch 481/1000: loss=5.322393[0m
( 45.102s) Epoch 482/1000: loss=5.323883[0m
( 45.016s) Epoch 483/1000: loss=5.322134[0m
( 45.071s) Epoch 484/1000: loss=5.321813[0m
( 45.104s) Epoch 485/1000: loss=[32m5.321132[0m
( 45.093s) Epoch 486/1000: loss=5.321855[0m
( 44.945s) Epoch 487/1000: loss=5.323120[0m
( 45.090s) Epoch 488/1000: loss=5.321694[0m
( 45.066s) Epoch 489/1000: loss=5.323526[0m
( 45.093s) Epoch 490/1000: loss=5.321651[0m
( 45.065s) Epoch 491/1000: loss=[32m5.320526[0m
( 45.160s) Epoch 492/1000: loss=5.321836[0m
( 45.171s) Epoch 493/1000: loss=[32m5.320422[0m
( 45.203s) Epoch 494/1000: loss=5.321203[0m
( 45.057s) Epoch 495/1000: loss=[32m5.319355[0m
( 45.151s) Epoch 496/1000: loss=5.320757[0m
( 45.178s) Epoch 497/1000: loss=5.319416[0m
( 45.078s) Epoch 498/1000: loss=5.320715[0m
( 45.210s) Epoch 499/1000: loss=5.320594[0m
( 45.053s) Epoch 500/1000: loss=5.321242[0m
( 45.093s) Epoch 501/1000: loss=5.320828[0m
( 45.118s) Epoch 502/1000: loss=[32m5.318166[0m
( 45.055s) Epoch 503/1000: loss=5.320578[0m
( 45.055s) Epoch 504/1000: loss=5.319560[0m
( 45.165s) Epoch 505/1000: loss=5.320129[0m
( 45.104s) Epoch 506/1000: loss=5.319159[0m
( 45.106s) Epoch 507/1000: loss=5.319810[0m
( 45.083s) Epoch 508/1000: loss=5.321373[0m
( 44.993s) Epoch 509/1000: loss=5.319675[0m
( 45.189s) Epoch 510/1000: loss=5.319612[0m
( 45.081s) Epoch 511/1000: loss=5.318796[0m
( 45.084s) Epoch 512/1000: loss=[32m5.316436[0m
( 45.153s) Epoch 513/1000: loss=5.320202[0m
( 45.067s) Epoch 514/1000: loss=5.319898[0m
( 45.111s) Epoch 515/1000: loss=5.319504[0m
( 45.105s) Epoch 516/1000: loss=5.319272[0m
( 45.114s) Epoch 517/1000: loss=5.318223[0m
( 45.097s) Epoch 518/1000: loss=5.318104[0m
( 45.090s) Epoch 519/1000: loss=5.317457[0m
( 45.058s) Epoch 520/1000: loss=5.316638[0m
( 45.022s) Epoch 521/1000: loss=5.317061[0m
( 45.071s) Epoch 522/1000: loss=5.318584[0m
( 45.111s) Epoch 523/1000: loss=5.318216[0m
( 45.115s) Epoch 524/1000: loss=[32m5.316210[0m
( 44.997s) Epoch 525/1000: loss=5.317197[0m
( 45.007s) Epoch 526/1000: loss=[32m5.314909[0m
( 45.097s) Epoch 527/1000: loss=5.318101[0m
( 45.102s) Epoch 528/1000: loss=5.316254[0m
( 44.959s) Epoch 529/1000: loss=5.317076[0m
( 44.995s) Epoch 530/1000: loss=5.316672[0m
( 45.033s) Epoch 531/1000: loss=5.317792[0m
( 45.075s) Epoch 532/1000: loss=5.316713[0m
( 44.900s) Epoch 533/1000: loss=5.317758[0m
( 45.027s) Epoch 534/1000: loss=5.315593[0m
( 45.026s) Epoch 535/1000: loss=5.315404[0m
( 45.020s) Epoch 536/1000: loss=5.315325[0m
( 45.060s) Epoch 537/1000: loss=5.315808[0m
( 44.962s) Epoch 538/1000: loss=[32m5.314489[0m
( 45.102s) Epoch 539/1000: loss=5.315373[0m
( 45.040s) Epoch 540/1000: loss=5.316013[0m
( 44.926s) Epoch 541/1000: loss=5.316186[0m
( 45.067s) Epoch 542/1000: loss=5.315501[0m
( 45.083s) Epoch 543/1000: loss=5.372317[0m
( 45.039s) Epoch 544/1000: loss=5.323033[0m
( 44.982s) Epoch 545/1000: loss=5.359694[0m
( 45.028s) Epoch 546/1000: loss=5.344935[0m
( 45.053s) Epoch 547/1000: loss=5.330269[0m
( 44.925s) Epoch 548/1000: loss=5.322674[0m
( 45.037s) Epoch 549/1000: loss=5.323693[0m
( 45.061s) Epoch 550/1000: loss=5.321726[0m
( 45.133s) Epoch 551/1000: loss=5.359747[0m
( 45.030s) Epoch 552/1000: loss=5.381452[0m
( 44.985s) Epoch 553/1000: loss=5.335335[0m
( 45.075s) Epoch 554/1000: loss=5.326986[0m
( 45.083s) Epoch 555/1000: loss=5.325807[0m
( 45.080s) Epoch 556/1000: loss=5.323564[0m
( 45.045s) Epoch 557/1000: loss=5.320731[0m
( 45.049s) Epoch 558/1000: loss=5.318591[0m
( 45.148s) Epoch 559/1000: loss=5.321802[0m
( 45.037s) Epoch 560/1000: loss=5.317606[0m
( 44.981s) Epoch 561/1000: loss=5.318737[0m
( 45.073s) Epoch 562/1000: loss=5.317751[0m
( 45.105s) Epoch 563/1000: loss=5.318996[0m
( 45.056s) Epoch 564/1000: loss=5.317982[0m
( 45.073s) Epoch 565/1000: loss=5.317006[0m
( 45.097s) Epoch 566/1000: loss=5.318191[0m
( 45.060s) Epoch 567/1000: loss=5.315907[0m
( 45.041s) Epoch 568/1000: loss=5.315702[0m
( 45.211s) Epoch 569/1000: loss=[32m5.313547[0m
( 45.036s) Epoch 570/1000: loss=5.314012[0m
( 45.046s) Epoch 571/1000: loss=5.313821[0m
( 45.058s) Epoch 572/1000: loss=5.316285[0m
( 45.153s) Epoch 573/1000: loss=5.316635[0m
( 45.149s) Epoch 574/1000: loss=5.313761[0m
( 45.086s) Epoch 575/1000: loss=[32m5.312670[0m
( 45.156s) Epoch 576/1000: loss=5.328346[0m
( 45.112s) Epoch 577/1000: loss=5.362849[0m
( 45.132s) Epoch 578/1000: loss=5.373636[0m
( 44.940s) Epoch 579/1000: loss=5.335660[0m
( 45.055s) Epoch 580/1000: loss=5.328224[0m
( 44.946s) Epoch 581/1000: loss=5.324788[0m
( 45.043s) Epoch 582/1000: loss=5.320295[0m
( 44.965s) Epoch 583/1000: loss=5.318911[0m
( 45.143s) Epoch 584/1000: loss=5.320622[0m
( 45.017s) Epoch 585/1000: loss=5.320302[0m
( 45.071s) Epoch 586/1000: loss=5.374436[0m
( 44.997s) Epoch 587/1000: loss=5.362979[0m
( 45.032s) Epoch 588/1000: loss=5.350959[0m
( 45.110s) Epoch 589/1000: loss=5.347842[0m
( 45.118s) Epoch 590/1000: loss=5.329079[0m
( 45.064s) Epoch 591/1000: loss=5.325470[0m
( 45.037s) Epoch 592/1000: loss=5.321537[0m
( 45.012s) Epoch 593/1000: loss=5.320760[0m
( 45.060s) Epoch 594/1000: loss=5.322359[0m
( 45.010s) Epoch 595/1000: loss=5.325124[0m
( 45.033s) Epoch 596/1000: loss=5.335082[0m
( 44.955s) Epoch 597/1000: loss=5.324576[0m
( 45.006s) Epoch 598/1000: loss=5.319481[0m
( 45.073s) Epoch 599/1000: loss=5.317940[0m
( 45.054s) Epoch 600/1000: loss=5.317022[0m
( 45.008s) Epoch 601/1000: loss=5.317536[0m
( 45.042s) Epoch 602/1000: loss=5.316206[0m
( 45.111s) Epoch 603/1000: loss=5.314310[0m
( 45.042s) Epoch 604/1000: loss=5.313756[0m
( 45.093s) Epoch 605/1000: loss=5.313958[0m
( 45.165s) Epoch 606/1000: loss=5.345641[0m
( 45.082s) Epoch 607/1000: loss=5.358790[0m
( 45.131s) Epoch 608/1000: loss=5.330537[0m
( 45.051s) Epoch 609/1000: loss=5.326872[0m
( 45.116s) Epoch 610/1000: loss=5.323891[0m
( 45.038s) Epoch 611/1000: loss=5.322898[0m
( 44.985s) Epoch 612/1000: loss=5.319820[0m
( 45.152s) Epoch 613/1000: loss=5.320260[0m
( 44.903s) Epoch 614/1000: loss=5.318840[0m
( 45.046s) Epoch 615/1000: loss=5.317463[0m
( 45.056s) Epoch 616/1000: loss=5.315033[0m
( 45.149s) Epoch 617/1000: loss=5.316273[0m
( 45.028s) Epoch 618/1000: loss=5.317077[0m
( 45.088s) Epoch 619/1000: loss=5.317137[0m
( 45.099s) Epoch 620/1000: loss=5.314917[0m
( 45.047s) Epoch 621/1000: loss=5.313922[0m
( 45.010s) Epoch 622/1000: loss=5.313852[0m
( 45.067s) Epoch 623/1000: loss=5.313879[0m
( 45.038s) Epoch 624/1000: loss=5.312904[0m
( 44.986s) Epoch 625/1000: loss=5.313172[0m
( 45.089s) Epoch 626/1000: loss=[32m5.312529[0m
( 44.981s) Epoch 627/1000: loss=5.314863[0m
( 45.016s) Epoch 628/1000: loss=[32m5.311004[0m
( 44.998s) Epoch 629/1000: loss=5.311649[0m
( 45.083s) Epoch 630/1000: loss=5.311843[0m
( 44.980s) Epoch 631/1000: loss=5.312121[0m
( 45.000s) Epoch 632/1000: loss=5.311294[0m
( 45.042s) Epoch 633/1000: loss=[32m5.310395[0m
( 45.102s) Epoch 634/1000: loss=[32m5.309547[0m
( 44.960s) Epoch 635/1000: loss=[32m5.309456[0m
( 45.079s) Epoch 636/1000: loss=5.309483[0m
( 44.901s) Epoch 637/1000: loss=5.311130[0m
( 45.010s) Epoch 638/1000: loss=[32m5.308467[0m
( 45.078s) Epoch 639/1000: loss=5.312865[0m
( 44.968s) Epoch 640/1000: loss=5.308678[0m
( 45.100s) Epoch 641/1000: loss=5.309551[0m
( 45.014s) Epoch 642/1000: loss=[32m5.307747[0m
( 45.022s) Epoch 643/1000: loss=[32m5.307597[0m
( 44.913s) Epoch 644/1000: loss=[32m5.307309[0m
( 45.000s) Epoch 645/1000: loss=5.308404[0m
( 45.034s) Epoch 646/1000: loss=5.309206[0m
( 45.044s) Epoch 647/1000: loss=5.309333[0m
( 44.983s) Epoch 648/1000: loss=[32m5.307308[0m
( 44.964s) Epoch 649/1000: loss=5.310715[0m
( 44.969s) Epoch 650/1000: loss=[32m5.306081[0m
( 45.109s) Epoch 651/1000: loss=5.306842[0m
( 44.942s) Epoch 652/1000: loss=5.309001[0m
( 44.999s) Epoch 653/1000: loss=5.308328[0m
( 44.937s) Epoch 654/1000: loss=5.308203[0m
( 45.025s) Epoch 655/1000: loss=5.306321[0m
( 44.873s) Epoch 656/1000: loss=5.306730[0m
( 44.999s) Epoch 657/1000: loss=[32m5.306030[0m
( 45.090s) Epoch 658/1000: loss=5.309473[0m
( 44.972s) Epoch 659/1000: loss=5.306404[0m
( 45.112s) Epoch 660/1000: loss=5.306038[0m
( 45.026s) Epoch 661/1000: loss=[32m5.305207[0m
( 45.036s) Epoch 662/1000: loss=5.305682[0m
( 44.984s) Epoch 663/1000: loss=5.306021[0m
( 45.006s) Epoch 664/1000: loss=5.306024[0m
( 45.070s) Epoch 665/1000: loss=5.307049[0m
( 45.012s) Epoch 666/1000: loss=5.305822[0m
( 45.093s) Epoch 667/1000: loss=5.306326[0m
( 44.924s) Epoch 668/1000: loss=[32m5.304673[0m
( 45.167s) Epoch 669/1000: loss=5.306310[0m
( 45.190s) Epoch 670/1000: loss=[32m5.303695[0m
( 45.032s) Epoch 671/1000: loss=5.306416[0m
( 45.102s) Epoch 672/1000: loss=5.306356[0m
( 45.139s) Epoch 673/1000: loss=5.304625[0m
( 45.075s) Epoch 674/1000: loss=5.305180[0m
( 45.122s) Epoch 675/1000: loss=[32m5.303424[0m
( 45.119s) Epoch 676/1000: loss=5.305061[0m
( 45.192s) Epoch 677/1000: loss=5.304644[0m
( 45.073s) Epoch 678/1000: loss=[32m5.303298[0m
( 45.108s) Epoch 679/1000: loss=5.304407[0m
( 45.057s) Epoch 680/1000: loss=[32m5.303059[0m
( 44.928s) Epoch 681/1000: loss=5.303474[0m
( 45.044s) Epoch 682/1000: loss=[32m5.302699[0m
( 45.010s) Epoch 683/1000: loss=5.303281[0m
( 45.054s) Epoch 684/1000: loss=5.304922[0m
( 44.985s) Epoch 685/1000: loss=[32m5.302109[0m
( 45.139s) Epoch 686/1000: loss=5.304378[0m
( 45.088s) Epoch 687/1000: loss=[32m5.301969[0m
( 44.989s) Epoch 688/1000: loss=5.302547[0m
( 44.987s) Epoch 689/1000: loss=5.306651[0m
( 45.125s) Epoch 690/1000: loss=[32m5.301352[0m
( 45.020s) Epoch 691/1000: loss=5.302904[0m
( 44.994s) Epoch 692/1000: loss=5.302538[0m
( 45.152s) Epoch 693/1000: loss=5.302521[0m
( 45.110s) Epoch 694/1000: loss=5.303715[0m
( 45.137s) Epoch 695/1000: loss=5.302737[0m
( 44.951s) Epoch 696/1000: loss=[32m5.300738[0m
( 45.156s) Epoch 697/1000: loss=5.301569[0m
( 45.046s) Epoch 698/1000: loss=5.302385[0m
( 45.125s) Epoch 699/1000: loss=5.301102[0m
( 45.154s) Epoch 700/1000: loss=5.301080[0m
( 45.145s) Epoch 701/1000: loss=5.301420[0m
( 45.035s) Epoch 702/1000: loss=5.301412[0m
( 45.031s) Epoch 703/1000: loss=5.302477[0m
( 45.054s) Epoch 704/1000: loss=5.301060[0m
( 44.988s) Epoch 705/1000: loss=5.300916[0m
( 44.992s) Epoch 706/1000: loss=[32m5.298445[0m
( 45.029s) Epoch 707/1000: loss=5.301748[0m
( 45.123s) Epoch 708/1000: loss=5.300288[0m
( 44.922s) Epoch 709/1000: loss=5.300630[0m
( 45.034s) Epoch 710/1000: loss=5.300077[0m
( 45.021s) Epoch 711/1000: loss=5.301248[0m
( 44.927s) Epoch 712/1000: loss=5.299833[0m
( 45.103s) Epoch 713/1000: loss=5.298821[0m
( 45.090s) Epoch 714/1000: loss=5.300816[0m
( 45.017s) Epoch 715/1000: loss=5.299054[0m
( 45.084s) Epoch 716/1000: loss=5.299562[0m
( 45.009s) Epoch 717/1000: loss=5.300814[0m
( 45.037s) Epoch 718/1000: loss=5.299846[0m
( 45.055s) Epoch 719/1000: loss=5.299832[0m
( 45.048s) Epoch 720/1000: loss=5.300482[0m
( 45.119s) Epoch 721/1000: loss=5.299673[0m
( 45.015s) Epoch 722/1000: loss=[32m5.298255[0m
( 45.094s) Epoch 723/1000: loss=5.299357[0m
( 45.062s) Epoch 724/1000: loss=5.299475[0m
( 45.126s) Epoch 725/1000: loss=5.298425[0m
( 45.059s) Epoch 726/1000: loss=5.298665[0m
( 44.996s) Epoch 727/1000: loss=5.298296[0m
( 45.075s) Epoch 728/1000: loss=[32m5.296992[0m
( 45.016s) Epoch 729/1000: loss=5.298165[0m
( 45.051s) Epoch 730/1000: loss=5.297442[0m
( 45.103s) Epoch 731/1000: loss=5.299986[0m
( 45.146s) Epoch 732/1000: loss=5.297985[0m
( 45.052s) Epoch 733/1000: loss=5.298454[0m
( 45.105s) Epoch 734/1000: loss=[32m5.296902[0m
( 45.027s) Epoch 735/1000: loss=5.297334[0m
( 45.131s) Epoch 736/1000: loss=5.297773[0m
( 45.066s) Epoch 737/1000: loss=5.299075[0m
( 45.009s) Epoch 738/1000: loss=[32m5.296562[0m
( 45.085s) Epoch 739/1000: loss=[32m5.296425[0m
( 45.010s) Epoch 740/1000: loss=5.296954[0m
( 45.092s) Epoch 741/1000: loss=5.297516[0m
( 45.054s) Epoch 742/1000: loss=5.298509[0m
( 45.090s) Epoch 743/1000: loss=5.296478[0m
( 45.022s) Epoch 744/1000: loss=5.296664[0m
( 45.022s) Epoch 745/1000: loss=5.297763[0m
( 45.112s) Epoch 746/1000: loss=[32m5.296251[0m
( 45.002s) Epoch 747/1000: loss=5.299364[0m
( 45.086s) Epoch 748/1000: loss=5.297181[0m
( 45.100s) Epoch 749/1000: loss=[32m5.294735[0m
( 45.049s) Epoch 750/1000: loss=[32m5.293419[0m
( 45.109s) Epoch 751/1000: loss=5.296362[0m
( 44.969s) Epoch 752/1000: loss=5.295578[0m
( 44.990s) Epoch 753/1000: loss=5.296090[0m
( 45.088s) Epoch 754/1000: loss=5.296711[0m
( 45.051s) Epoch 755/1000: loss=5.297397[0m
( 45.028s) Epoch 756/1000: loss=5.293730[0m
( 45.007s) Epoch 757/1000: loss=5.295548[0m
( 45.011s) Epoch 758/1000: loss=5.296502[0m
( 44.991s) Epoch 759/1000: loss=5.295451[0m
( 45.173s) Epoch 760/1000: loss=5.296284[0m
( 45.058s) Epoch 761/1000: loss=5.296143[0m
( 45.082s) Epoch 762/1000: loss=5.299020[0m
( 44.996s) Epoch 763/1000: loss=5.295947[0m
( 45.140s) Epoch 764/1000: loss=5.294532[0m
( 44.957s) Epoch 765/1000: loss=5.297130[0m
( 45.056s) Epoch 766/1000: loss=5.296199[0m
( 45.026s) Epoch 767/1000: loss=5.296109[0m
( 45.111s) Epoch 768/1000: loss=5.296465[0m
( 44.994s) Epoch 769/1000: loss=5.297226[0m
( 45.139s) Epoch 770/1000: loss=5.294705[0m
( 45.042s) Epoch 771/1000: loss=5.296101[0m
( 45.124s) Epoch 772/1000: loss=5.296452[0m
( 45.128s) Epoch 773/1000: loss=5.294391[0m
( 45.108s) Epoch 774/1000: loss=5.295848[0m
( 45.058s) Epoch 775/1000: loss=5.294809[0m
( 45.058s) Epoch 776/1000: loss=5.294035[0m
( 45.171s) Epoch 777/1000: loss=5.297516[0m
( 45.185s) Epoch 778/1000: loss=5.296438[0m
( 45.049s) Epoch 779/1000: loss=5.295266[0m
( 45.125s) Epoch 780/1000: loss=5.294043[0m
( 45.094s) Epoch 781/1000: loss=5.293838[0m
( 45.055s) Epoch 782/1000: loss=5.294070[0m
( 44.972s) Epoch 783/1000: loss=5.294940[0m
( 45.130s) Epoch 784/1000: loss=5.293662[0m
( 45.035s) Epoch 785/1000: loss=5.294072[0m
( 44.987s) Epoch 786/1000: loss=[32m5.292359[0m
( 45.035s) Epoch 787/1000: loss=5.293860[0m
( 45.010s) Epoch 788/1000: loss=5.294319[0m
( 45.168s) Epoch 789/1000: loss=[32m5.292240[0m
( 45.010s) Epoch 790/1000: loss=5.293801[0m
( 45.051s) Epoch 791/1000: loss=5.293149[0m
( 45.199s) Epoch 792/1000: loss=5.293857[0m
( 45.139s) Epoch 793/1000: loss=[32m5.292127[0m
( 44.897s) Epoch 794/1000: loss=5.292523[0m
( 45.090s) Epoch 795/1000: loss=5.292337[0m
( 45.199s) Epoch 796/1000: loss=[32m5.291313[0m
( 45.032s) Epoch 797/1000: loss=[32m5.291239[0m
( 45.124s) Epoch 798/1000: loss=5.292414[0m
( 45.045s) Epoch 799/1000: loss=5.291872[0m
( 45.077s) Epoch 800/1000: loss=5.292795[0m
( 45.037s) Epoch 801/1000: loss=5.293180[0m
( 45.094s) Epoch 802/1000: loss=5.292318[0m
( 45.046s) Epoch 803/1000: loss=5.291797[0m
( 45.031s) Epoch 804/1000: loss=[32m5.290348[0m
( 45.050s) Epoch 805/1000: loss=5.293966[0m
( 45.065s) Epoch 806/1000: loss=5.292340[0m
( 45.187s) Epoch 807/1000: loss=5.292684[0m
( 45.120s) Epoch 808/1000: loss=5.291714[0m
( 44.977s) Epoch 809/1000: loss=5.291217[0m
( 45.059s) Epoch 810/1000: loss=5.291877[0m
( 45.082s) Epoch 811/1000: loss=5.290708[0m
( 45.112s) Epoch 812/1000: loss=5.291744[0m
( 45.037s) Epoch 813/1000: loss=[32m5.290316[0m
( 44.976s) Epoch 814/1000: loss=5.290950[0m
( 45.064s) Epoch 815/1000: loss=5.293298[0m
( 45.124s) Epoch 816/1000: loss=5.292193[0m
( 45.145s) Epoch 817/1000: loss=[32m5.288968[0m
( 45.002s) Epoch 818/1000: loss=5.291160[0m
( 45.049s) Epoch 819/1000: loss=5.292665[0m
( 45.149s) Epoch 820/1000: loss=5.291301[0m
( 44.944s) Epoch 821/1000: loss=5.289487[0m
( 45.040s) Epoch 822/1000: loss=5.292446[0m
( 45.106s) Epoch 823/1000: loss=5.292086[0m
( 45.091s) Epoch 824/1000: loss=5.290662[0m
( 44.998s) Epoch 825/1000: loss=5.290911[0m
( 45.100s) Epoch 826/1000: loss=5.292318[0m
( 45.017s) Epoch 827/1000: loss=5.290040[0m
( 44.951s) Epoch 828/1000: loss=5.290426[0m
( 45.017s) Epoch 829/1000: loss=5.289557[0m
( 45.115s) Epoch 830/1000: loss=5.291348[0m
( 45.084s) Epoch 831/1000: loss=5.289732[0m
( 44.954s) Epoch 832/1000: loss=5.290283[0m
( 45.053s) Epoch 833/1000: loss=5.290468[0m
( 45.039s) Epoch 834/1000: loss=5.289613[0m
( 45.126s) Epoch 835/1000: loss=5.291647[0m
( 44.999s) Epoch 836/1000: loss=5.291167[0m
( 45.050s) Epoch 837/1000: loss=5.289458[0m
( 45.081s) Epoch 838/1000: loss=5.291009[0m
( 45.104s) Epoch 839/1000: loss=5.289777[0m
( 44.964s) Epoch 840/1000: loss=5.290775[0m
( 45.181s) Epoch 841/1000: loss=[32m5.288836[0m
( 45.129s) Epoch 842/1000: loss=5.289456[0m
( 45.063s) Epoch 843/1000: loss=5.290657[0m
( 45.026s) Epoch 844/1000: loss=5.289283[0m
( 45.118s) Epoch 845/1000: loss=5.289142[0m
( 45.089s) Epoch 846/1000: loss=[32m5.288614[0m
( 45.018s) Epoch 847/1000: loss=5.290090[0m
( 45.160s) Epoch 848/1000: loss=5.290414[0m
( 44.995s) Epoch 849/1000: loss=[32m5.288427[0m
( 44.992s) Epoch 850/1000: loss=5.289793[0m
( 45.091s) Epoch 851/1000: loss=5.290017[0m
( 45.008s) Epoch 852/1000: loss=5.289457[0m
( 45.012s) Epoch 853/1000: loss=[32m5.288107[0m
( 45.038s) Epoch 854/1000: loss=5.290556[0m
( 45.093s) Epoch 855/1000: loss=[32m5.287154[0m
( 45.057s) Epoch 856/1000: loss=[32m5.286702[0m
( 45.052s) Epoch 857/1000: loss=5.289862[0m
( 45.078s) Epoch 858/1000: loss=5.288512[0m
( 45.053s) Epoch 859/1000: loss=5.288097[0m
( 45.053s) Epoch 860/1000: loss=5.289113[0m
( 45.038s) Epoch 861/1000: loss=5.289737[0m
( 45.033s) Epoch 862/1000: loss=5.287200[0m
( 45.086s) Epoch 863/1000: loss=5.288839[0m
( 44.974s) Epoch 864/1000: loss=5.288462[0m
( 44.964s) Epoch 865/1000: loss=5.288338[0m
( 45.026s) Epoch 866/1000: loss=5.287752[0m
( 45.177s) Epoch 867/1000: loss=5.287396[0m
( 45.042s) Epoch 868/1000: loss=5.289653[0m
( 44.943s) Epoch 869/1000: loss=[32m5.285141[0m
( 45.058s) Epoch 870/1000: loss=5.286388[0m
( 45.117s) Epoch 871/1000: loss=5.287394[0m
( 45.009s) Epoch 872/1000: loss=5.289187[0m
( 44.992s) Epoch 873/1000: loss=5.288739[0m
( 45.082s) Epoch 874/1000: loss=5.287093[0m
( 44.991s) Epoch 875/1000: loss=5.287415[0m
( 45.070s) Epoch 876/1000: loss=5.288548[0m
( 45.087s) Epoch 877/1000: loss=5.286552[0m
( 45.033s) Epoch 878/1000: loss=5.288440[0m
( 45.192s) Epoch 879/1000: loss=5.288454[0m
( 45.883s) Epoch 880/1000: loss=[32m5.285088[0m
( 45.192s) Epoch 881/1000: loss=5.289420[0m
( 44.969s) Epoch 882/1000: loss=5.288126[0m
( 45.129s) Epoch 883/1000: loss=5.289082[0m
( 45.118s) Epoch 884/1000: loss=5.287913[0m
( 45.001s) Epoch 885/1000: loss=5.288996[0m
( 45.029s) Epoch 886/1000: loss=5.287849[0m
( 45.008s) Epoch 887/1000: loss=5.285911[0m
( 45.102s) Epoch 888/1000: loss=5.286606[0m
( 45.059s) Epoch 889/1000: loss=5.286671[0m
( 45.113s) Epoch 890/1000: loss=5.287007[0m
( 45.081s) Epoch 891/1000: loss=5.287854[0m
( 45.044s) Epoch 892/1000: loss=5.286623[0m
( 45.008s) Epoch 893/1000: loss=5.286997[0m
( 45.089s) Epoch 894/1000: loss=5.285379[0m
( 45.068s) Epoch 895/1000: loss=5.287454[0m
( 45.052s) Epoch 896/1000: loss=5.287953[0m
( 45.061s) Epoch 897/1000: loss=5.286575[0m
( 45.112s) Epoch 898/1000: loss=5.286118[0m
( 45.120s) Epoch 899/1000: loss=5.286373[0m
( 44.978s) Epoch 900/1000: loss=5.287127[0m
( 45.139s) Epoch 901/1000: loss=5.286729[0m
( 45.188s) Epoch 902/1000: loss=5.286038[0m
( 45.122s) Epoch 903/1000: loss=5.286895[0m
( 44.967s) Epoch 904/1000: loss=5.287297[0m
( 45.061s) Epoch 905/1000: loss=5.285375[0m
( 45.014s) Epoch 906/1000: loss=5.287021[0m
( 45.078s) Epoch 907/1000: loss=5.286530[0m
( 45.053s) Epoch 908/1000: loss=5.286020[0m
( 45.102s) Epoch 909/1000: loss=5.286935[0m
( 45.120s) Epoch 910/1000: loss=5.286342[0m
( 45.106s) Epoch 911/1000: loss=5.286116[0m
( 45.048s) Epoch 912/1000: loss=5.285888[0m
( 45.090s) Epoch 913/1000: loss=[32m5.284530[0m
( 45.033s) Epoch 914/1000: loss=5.286956[0m
( 45.027s) Epoch 915/1000: loss=5.285873[0m
( 45.148s) Epoch 916/1000: loss=5.286923[0m
( 44.972s) Epoch 917/1000: loss=5.286179[0m
( 44.934s) Epoch 918/1000: loss=5.285032[0m
( 45.053s) Epoch 919/1000: loss=5.286479[0m
( 45.103s) Epoch 920/1000: loss=5.285490[0m
( 44.977s) Epoch 921/1000: loss=5.287342[0m
( 44.981s) Epoch 922/1000: loss=5.285695[0m
( 45.052s) Epoch 923/1000: loss=5.285142[0m
( 45.043s) Epoch 924/1000: loss=[32m5.283778[0m
( 44.955s) Epoch 925/1000: loss=5.284717[0m
( 44.957s) Epoch 926/1000: loss=5.285612[0m
( 45.086s) Epoch 927/1000: loss=5.285801[0m
( 44.992s) Epoch 928/1000: loss=5.284652[0m
( 45.041s) Epoch 929/1000: loss=5.285020[0m
( 44.998s) Epoch 930/1000: loss=5.285602[0m
( 44.957s) Epoch 931/1000: loss=5.284071[0m
( 45.118s) Epoch 932/1000: loss=5.284321[0m
( 45.089s) Epoch 933/1000: loss=5.286012[0m
( 45.056s) Epoch 934/1000: loss=[32m5.283689[0m
( 44.950s) Epoch 935/1000: loss=5.284981[0m
( 44.994s) Epoch 936/1000: loss=5.284376[0m
( 45.082s) Epoch 937/1000: loss=5.285822[0m
( 44.995s) Epoch 938/1000: loss=5.283970[0m
( 45.062s) Epoch 939/1000: loss=5.284787[0m
( 45.180s) Epoch 940/1000: loss=5.284880[0m
( 45.043s) Epoch 941/1000: loss=5.285857[0m
( 45.032s) Epoch 942/1000: loss=[32m5.282960[0m
( 44.953s) Epoch 943/1000: loss=5.284595[0m
( 45.083s) Epoch 944/1000: loss=5.284706[0m
( 45.017s) Epoch 945/1000: loss=5.285068[0m
( 45.076s) Epoch 946/1000: loss=5.285421[0m
( 45.010s) Epoch 947/1000: loss=5.285914[0m
( 45.035s) Epoch 948/1000: loss=5.285503[0m
( 45.120s) Epoch 949/1000: loss=5.285476[0m
( 45.040s) Epoch 950/1000: loss=5.286161[0m
( 45.076s) Epoch 951/1000: loss=5.284526[0m
( 45.047s) Epoch 952/1000: loss=5.285767[0m
( 45.060s) Epoch 953/1000: loss=5.286141[0m
( 45.010s) Epoch 954/1000: loss=5.285466[0m
( 45.103s) Epoch 955/1000: loss=5.285446[0m
( 45.075s) Epoch 956/1000: loss=5.285603[0m
( 45.085s) Epoch 957/1000: loss=5.285345[0m
( 45.083s) Epoch 958/1000: loss=5.285640[0m
( 45.085s) Epoch 959/1000: loss=5.284742[0m
( 45.134s) Epoch 960/1000: loss=5.284108[0m
( 45.216s) Epoch 961/1000: loss=5.285609[0m
( 45.135s) Epoch 962/1000: loss=5.285399[0m
( 45.141s) Epoch 963/1000: loss=5.285293[0m
( 45.033s) Epoch 964/1000: loss=5.285405[0m
( 44.994s) Epoch 965/1000: loss=5.283672[0m
( 45.060s) Epoch 966/1000: loss=5.286183[0m
( 45.056s) Epoch 967/1000: loss=5.285425[0m
( 45.061s) Epoch 968/1000: loss=5.285166[0m
( 45.040s) Epoch 969/1000: loss=[32m5.282423[0m
( 45.049s) Epoch 970/1000: loss=5.285294[0m
( 45.076s) Epoch 971/1000: loss=5.287344[0m
( 45.049s) Epoch 972/1000: loss=5.284534[0m
( 45.162s) Epoch 973/1000: loss=5.284863[0m
( 44.985s) Epoch 974/1000: loss=5.286816[0m
( 44.979s) Epoch 975/1000: loss=5.285332[0m
( 45.049s) Epoch 976/1000: loss=5.284609[0m
( 45.163s) Epoch 977/1000: loss=5.283930[0m
( 45.026s) Epoch 978/1000: loss=5.285448[0m
( 45.141s) Epoch 979/1000: loss=5.284709[0m
( 45.112s) Epoch 980/1000: loss=5.284654[0m
( 45.042s) Epoch 981/1000: loss=5.284584[0m
( 45.045s) Epoch 982/1000: loss=5.283859[0m
( 45.084s) Epoch 983/1000: loss=5.283972[0m
( 45.089s) Epoch 984/1000: loss=5.283698[0m
( 45.003s) Epoch 985/1000: loss=5.284913[0m
( 45.007s) Epoch 986/1000: loss=5.283644[0m
( 45.083s) Epoch 987/1000: loss=5.284174[0m
( 45.069s) Epoch 988/1000: loss=5.284628[0m
( 45.168s) Epoch 989/1000: loss=5.285868[0m
( 45.248s) Epoch 990/1000: loss=5.284693[0m
( 45.161s) Epoch 991/1000: loss=5.284420[0m
( 45.017s) Epoch 992/1000: loss=5.284189[0m
( 45.000s) Epoch 993/1000: loss=5.285972[0m
( 45.093s) Epoch 994/1000: loss=5.283488[0m
( 45.102s) Epoch 995/1000: loss=5.283778[0m
( 45.000s) Epoch 996/1000: loss=5.286442[0m
( 45.139s) Epoch 997/1000: loss=5.284243[0m
( 45.086s) Epoch 998/1000: loss=5.285252[0m
( 45.115s) Epoch 999/1000: loss=5.284454[0m
( 45.186s) Epoch 1000/1000: loss=5.284398[0m
Training for 1000 epochs took 45051.995s total and 45.052s average
Calculating mean of transformed dataset using the best model state ... 9.391s
Saving best model and options to /home/aditya.bharti/FewShot/miniImgnet_1000epoch/CropColor.pth
