Namespace(T_max=100, backbone='resnet50', base_learning_rate=0.1, base_optimizer='SGD', batch_size=256, dampening=0.0, dataset='fc100', dataset_root=None, distributed=False, episode_strat='SimpleShotEpisodes', eval_freq=5, first_augment='CropResize', head='SimpleMLP', jitter_strength=1.0, k_shot=5, load_from=None, local_rank=0, log_file=<_io.TextIOWrapper name='fc100_round3/CropResize_ColorDistort_runs/run3.out' mode='a' encoding='UTF-8'>, loss_function='NTXent', model='SimCLRModel', momentum=0.9, n_way=5, nesterov=True, ntxent_temp=1.0, num_epochs=100, num_query=15, num_test_tasks=10000, num_workers=2, pin_memory=True, pretrained=False, progress=False, projection_dim=128, save_model=True, save_path='fc100_round3/CropResize_ColorDistort_runs/run3.pth', scheduler='CosineAnnealingLR', second_augment='ColorDistort', secondary_optimizer='LARS', shuffle=True, simple_opt=False, weight_decay=0.0001)
Starting Training on:
Train:  60 classes
Valid:  20 classes
Test:   20 classes
------------------
( 93.731s) Epoch 001/100: loss=[32m6.126440[0m
( 95.491s) Epoch 002/100: loss=[32m5.938913[0m
( 97.427s) Epoch 003/100: loss=[32m5.810224[0m
( 97.052s) Epoch 004/100: loss=[32m5.750630[0m
( 95.129s) Epoch 005/100: loss=[32m5.706246[0m  ( 50.320s)  train_acc=[32m0.031424[0m val_acc=[32m0.020427[0m test_acc=[32m0.040165[0m
( 97.975s) Epoch 006/100: loss=[32m5.668236[0m
( 97.238s) Epoch 007/100: loss=[32m5.650262[0m
( 97.809s) Epoch 008/100: loss=[32m5.635530[0m
( 95.151s) Epoch 009/100: loss=[32m5.621229[0m
( 94.706s) Epoch 010/100: loss=[32m5.612466[0m  ( 47.158s)  train_acc=[32m0.038103[0m val_acc=[32m0.021281[0m test_acc=[32m0.042708[0m
( 94.692s) Epoch 011/100: loss=[32m5.602199[0m
( 96.834s) Epoch 012/100: loss=[32m5.595058[0m
( 96.609s) Epoch 013/100: loss=[32m5.585268[0m
( 96.920s) Epoch 014/100: loss=[32m5.581007[0m
( 96.146s) Epoch 015/100: loss=[32m5.576118[0m  ( 66.823s)  train_acc=[32m0.043233[0m val_acc=[32m0.023289[0m test_acc=[32m0.045534[0m
( 95.665s) Epoch 016/100: loss=[32m5.572284[0m
( 95.662s) Epoch 017/100: loss=[32m5.565864[0m
( 95.433s) Epoch 018/100: loss=[32m5.560605[0m
( 95.425s) Epoch 019/100: loss=[32m5.556520[0m
( 95.120s) Epoch 020/100: loss=[32m5.553538[0m  ( 47.487s)  train_acc=0.042058[0m val_acc=[32m0.023878[0m test_acc=[32m0.051096[0m
( 94.226s) Epoch 021/100: loss=[32m5.548957[0m
( 85.176s) Epoch 022/100: loss=[32m5.542911[0m
( 82.844s) Epoch 023/100: loss=[32m5.540146[0m
( 82.982s) Epoch 024/100: loss=[32m5.537259[0m
( 82.892s) Epoch 025/100: loss=[32m5.534099[0m  (125.637s)  train_acc=[32m0.045315[0m val_acc=[32m0.025935[0m test_acc=0.042485[0m
( 99.050s) Epoch 026/100: loss=[32m5.531836[0m
( 83.051s) Epoch 027/100: loss=[32m5.527494[0m
( 82.708s) Epoch 028/100: loss=[32m5.522062[0m
( 82.878s) Epoch 029/100: loss=[32m5.521114[0m
( 82.815s) Epoch 030/100: loss=[32m5.518969[0m  (123.048s)  train_acc=[32m0.045510[0m val_acc=0.025095[0m test_acc=0.045786[0m
(112.597s) Epoch 031/100: loss=[32m5.516092[0m
( 83.126s) Epoch 032/100: loss=[32m5.513281[0m
( 82.969s) Epoch 033/100: loss=5.514079[0m
( 83.009s) Epoch 034/100: loss=[32m5.509028[0m
( 83.084s) Epoch 035/100: loss=[32m5.508450[0m  ( 48.268s)  train_acc=0.045415[0m val_acc=[32m0.026211[0m test_acc=0.046778[0m
( 82.237s) Epoch 036/100: loss=[32m5.505101[0m
( 83.090s) Epoch 037/100: loss=[32m5.502826[0m
( 82.953s) Epoch 038/100: loss=[32m5.500060[0m
( 82.943s) Epoch 039/100: loss=[32m5.499303[0m
( 82.820s) Epoch 040/100: loss=[32m5.495476[0m  ( 35.609s)  train_acc=[32m0.050947[0m val_acc=[32m0.029601[0m test_acc=0.047495[0m
( 82.284s) Epoch 041/100: loss=[32m5.495102[0m
( 83.235s) Epoch 042/100: loss=[32m5.492216[0m
( 82.783s) Epoch 043/100: loss=[32m5.490058[0m
( 83.220s) Epoch 044/100: loss=[32m5.488504[0m
( 82.931s) Epoch 045/100: loss=[32m5.487261[0m  ( 35.050s)  train_acc=[32m0.055626[0m val_acc=[32m0.029659[0m test_acc=0.047152[0m
( 82.649s) Epoch 046/100: loss=[32m5.485224[0m
( 82.889s) Epoch 047/100: loss=[32m5.483173[0m
( 83.102s) Epoch 048/100: loss=[32m5.482017[0m
( 82.913s) Epoch 049/100: loss=[32m5.480549[0m
( 85.742s) Epoch 050/100: loss=5.480569[0m  ( 48.609s)  train_acc=0.052348[0m val_acc=0.028872[0m test_acc=0.044755[0m
( 82.082s) Epoch 051/100: loss=[32m5.478612[0m
( 82.954s) Epoch 052/100: loss=[32m5.477713[0m
( 82.975s) Epoch 053/100: loss=[32m5.475768[0m
( 82.933s) Epoch 054/100: loss=5.476441[0m
( 83.181s) Epoch 055/100: loss=[32m5.474936[0m  (145.610s)  train_acc=[32m0.059997[0m val_acc=0.029460[0m test_acc=0.046011[0m
(124.529s) Epoch 056/100: loss=[32m5.473008[0m
( 83.241s) Epoch 057/100: loss=5.473969[0m
( 82.038s) Epoch 058/100: loss=[32m5.472765[0m
( 82.404s) Epoch 059/100: loss=[32m5.470083[0m
( 82.724s) Epoch 060/100: loss=[32m5.469614[0m  ( 35.077s)  train_acc=0.057910[0m val_acc=[32m0.031296[0m test_acc=0.049378[0m
( 82.963s) Epoch 061/100: loss=[32m5.468617[0m
( 83.355s) Epoch 062/100: loss=[32m5.468427[0m
( 83.048s) Epoch 063/100: loss=[32m5.467450[0m
( 83.101s) Epoch 064/100: loss=[32m5.466369[0m
( 83.126s) Epoch 065/100: loss=5.468115[0m  (148.998s)  train_acc=0.057725[0m val_acc=[32m0.031871[0m test_acc=0.043067[0m
(203.314s) Epoch 066/100: loss=[32m5.465402[0m
( 82.235s) Epoch 067/100: loss=[32m5.465050[0m
( 82.765s) Epoch 068/100: loss=[32m5.463903[0m
( 82.824s) Epoch 069/100: loss=[32m5.462584[0m
( 82.706s) Epoch 070/100: loss=5.462908[0m  ( 35.225s)  train_acc=0.059241[0m val_acc=[32m0.033241[0m test_acc=0.044169[0m
( 83.109s) Epoch 071/100: loss=5.462605[0m
( 83.133s) Epoch 072/100: loss=[32m5.460876[0m
( 83.113s) Epoch 073/100: loss=5.461801[0m
( 83.003s) Epoch 074/100: loss=[32m5.460206[0m
( 82.936s) Epoch 075/100: loss=[32m5.459915[0m  ( 33.471s)  train_acc=0.058959[0m val_acc=0.030235[0m test_acc=0.047288[0m
( 82.634s) Epoch 076/100: loss=5.460197[0m
( 83.121s) Epoch 077/100: loss=5.461194[0m
( 82.765s) Epoch 078/100: loss=5.459961[0m
( 83.098s) Epoch 079/100: loss=[32m5.459836[0m
( 83.479s) Epoch 080/100: loss=5.460179[0m  ( 33.815s)  train_acc=0.057522[0m val_acc=0.029414[0m test_acc=0.049068[0m
( 81.856s) Epoch 081/100: loss=[32m5.459095[0m
( 88.078s) Epoch 082/100: loss=[32m5.458796[0m
( 85.171s) Epoch 083/100: loss=[32m5.458150[0m
( 84.566s) Epoch 084/100: loss=[32m5.457567[0m
( 82.938s) Epoch 085/100: loss=[32m5.457534[0m  ( 34.002s)  train_acc=[32m0.061357[0m val_acc=0.031511[0m test_acc=0.047906[0m
( 82.594s) Epoch 086/100: loss=[32m5.456239[0m
( 83.178s) Epoch 087/100: loss=5.456810[0m
( 83.301s) Epoch 088/100: loss=5.457090[0m
( 83.198s) Epoch 089/100: loss=5.457307[0m
( 86.141s) Epoch 090/100: loss=5.457152[0m  (239.962s)  train_acc=[32m0.061405[0m val_acc=0.026818[0m test_acc=0.043413[0m
( 80.725s) Epoch 091/100: loss=5.457166[0m
( 82.900s) Epoch 092/100: loss=5.456745[0m
( 83.450s) Epoch 093/100: loss=5.456515[0m
( 83.532s) Epoch 094/100: loss=[32m5.455595[0m
( 95.615s) Epoch 095/100: loss=5.457081[0m  (127.759s)  train_acc=0.061335[0m val_acc=0.032304[0m test_acc=0.044167[0m
( 81.454s) Epoch 096/100: loss=5.455759[0m
( 83.455s) Epoch 097/100: loss=5.458602[0m
( 83.089s) Epoch 098/100: loss=5.457000[0m
( 84.011s) Epoch 099/100: loss=5.457610[0m
( 84.116s) Epoch 100/100: loss=[32m5.455480[0m  ( 64.888s)  train_acc=0.060102[0m val_acc=0.030309[0m test_acc=0.042788[0m
Training for 100 epochs took 8801.671s total and 88.017s average
Calculating mean of transformed dataset using the best model state ... 15.943s
Saving best model and options to fc100_round3/CropResize_ColorDistort_runs/run3.pth
