Namespace(T_max=100, backbone='resnet50', base_learning_rate=0.1, base_optimizer='SGD', batch_size=256, dampening=0.0, dataset='fc100', dataset_root=None, distributed=False, episode_strat='SimpleShotEpisodes', eval_freq=5, first_augment='CropResize', head='SimpleMLP', jitter_strength=1.0, k_shot=5, load_from=None, local_rank=0, log_file=<_io.TextIOWrapper name='fc100_round3/CropResize_ColorDistort_runs/run4.out' mode='a' encoding='UTF-8'>, loss_function='NTXent', model='SimCLRModel', momentum=0.9, n_way=5, nesterov=True, ntxent_temp=1.0, num_epochs=100, num_query=15, num_test_tasks=10000, num_workers=2, pin_memory=True, pretrained=False, progress=False, projection_dim=128, save_model=True, save_path='fc100_round3/CropResize_ColorDistort_runs/run4.pth', scheduler='CosineAnnealingLR', second_augment='ColorDistort', secondary_optimizer='LARS', shuffle=True, simple_opt=False, weight_decay=0.0001)
Starting Training on:
Train:  60 classes
Valid:  20 classes
Test:   20 classes
------------------
( 93.805s) Epoch 001/100: loss=[32m6.121857[0m
( 95.386s) Epoch 002/100: loss=[32m5.926564[0m
( 97.439s) Epoch 003/100: loss=[32m5.814582[0m
( 97.069s) Epoch 004/100: loss=[32m5.748622[0m
( 95.088s) Epoch 005/100: loss=[32m5.709498[0m  ( 50.439s)  train_acc=[32m0.032223[0m val_acc=[32m0.022082[0m test_acc=[32m0.038612[0m
( 97.936s) Epoch 006/100: loss=[32m5.679775[0m
( 97.274s) Epoch 007/100: loss=[32m5.657971[0m
( 97.714s) Epoch 008/100: loss=[32m5.642618[0m
( 95.137s) Epoch 009/100: loss=[32m5.630277[0m
( 94.781s) Epoch 010/100: loss=[32m5.615987[0m  ( 47.254s)  train_acc=[32m0.036578[0m val_acc=[32m0.023325[0m test_acc=0.037844[0m
( 94.658s) Epoch 011/100: loss=[32m5.605418[0m
( 96.472s) Epoch 012/100: loss=[32m5.599086[0m
( 95.638s) Epoch 013/100: loss=[32m5.590721[0m
( 95.809s) Epoch 014/100: loss=[32m5.581599[0m
( 94.945s) Epoch 015/100: loss=[32m5.575915[0m  ( 70.413s)  train_acc=[32m0.039749[0m val_acc=0.023126[0m test_acc=[32m0.041782[0m
( 95.709s) Epoch 016/100: loss=[32m5.570182[0m
( 95.375s) Epoch 017/100: loss=[32m5.565618[0m
( 94.345s) Epoch 018/100: loss=[32m5.560817[0m
( 94.336s) Epoch 019/100: loss=[32m5.556577[0m
( 94.005s) Epoch 020/100: loss=[32m5.551532[0m  ( 51.240s)  train_acc=[32m0.039893[0m val_acc=0.023215[0m test_acc=[32m0.049238[0m
( 93.908s) Epoch 021/100: loss=[32m5.548020[0m
( 83.098s) Epoch 022/100: loss=[32m5.544756[0m
( 80.583s) Epoch 023/100: loss=[32m5.540545[0m
( 80.674s) Epoch 024/100: loss=[32m5.537044[0m
( 80.665s) Epoch 025/100: loss=[32m5.535706[0m  (135.010s)  train_acc=[32m0.044991[0m val_acc=[32m0.025335[0m test_acc=0.043562[0m
( 97.847s) Epoch 026/100: loss=[32m5.531388[0m
( 80.398s) Epoch 027/100: loss=[32m5.524671[0m
( 80.476s) Epoch 028/100: loss=[32m5.521313[0m
( 80.565s) Epoch 029/100: loss=[32m5.518894[0m
( 80.577s) Epoch 030/100: loss=[32m5.517699[0m  (133.222s)  train_acc=0.044784[0m val_acc=[32m0.028254[0m test_acc=0.042085[0m
(112.154s) Epoch 031/100: loss=[32m5.514865[0m
( 80.466s) Epoch 032/100: loss=[32m5.511645[0m
( 80.637s) Epoch 033/100: loss=[32m5.510713[0m
( 80.742s) Epoch 034/100: loss=[32m5.508250[0m
( 80.615s) Epoch 035/100: loss=[32m5.506158[0m  ( 51.995s)  train_acc=[32m0.046915[0m val_acc=0.026743[0m test_acc=0.045872[0m
( 80.428s) Epoch 036/100: loss=[32m5.505721[0m
( 80.590s) Epoch 037/100: loss=[32m5.501466[0m
( 80.717s) Epoch 038/100: loss=[32m5.500097[0m
( 80.651s) Epoch 039/100: loss=[32m5.498496[0m
( 80.770s) Epoch 040/100: loss=[32m5.496189[0m  ( 38.086s)  train_acc=[32m0.048116[0m val_acc=0.024990[0m test_acc=0.042232[0m
( 80.699s) Epoch 041/100: loss=[32m5.495263[0m
( 80.952s) Epoch 042/100: loss=[32m5.494022[0m
( 80.665s) Epoch 043/100: loss=[32m5.492181[0m
( 80.617s) Epoch 044/100: loss=[32m5.490294[0m
( 80.847s) Epoch 045/100: loss=[32m5.490130[0m  ( 39.260s)  train_acc=[32m0.050747[0m val_acc=0.028067[0m test_acc=0.046288[0m
( 80.616s) Epoch 046/100: loss=[32m5.487983[0m
( 80.660s) Epoch 047/100: loss=[32m5.486924[0m
( 80.684s) Epoch 048/100: loss=[32m5.485703[0m
( 80.727s) Epoch 049/100: loss=[32m5.484026[0m
( 81.034s) Epoch 050/100: loss=[32m5.481764[0m  ( 66.322s)  train_acc=0.050561[0m val_acc=[32m0.029662[0m test_acc=0.043013[0m
( 80.400s) Epoch 051/100: loss=5.482023[0m
( 80.780s) Epoch 052/100: loss=[32m5.479939[0m
( 80.719s) Epoch 053/100: loss=[32m5.476727[0m
( 80.606s) Epoch 054/100: loss=[32m5.476669[0m
( 80.730s) Epoch 055/100: loss=[32m5.475642[0m  (152.562s)  train_acc=[32m0.052635[0m val_acc=[32m0.030294[0m test_acc=0.045223[0m
(133.077s) Epoch 056/100: loss=[32m5.474611[0m
( 80.508s) Epoch 057/100: loss=[32m5.472167[0m
( 80.514s) Epoch 058/100: loss=5.473285[0m
( 80.688s) Epoch 059/100: loss=[32m5.471094[0m
( 80.398s) Epoch 060/100: loss=[32m5.470746[0m  ( 36.701s)  train_acc=[32m0.056497[0m val_acc=[32m0.030357[0m test_acc=0.047966[0m
( 80.663s) Epoch 061/100: loss=[32m5.468807[0m
( 80.741s) Epoch 062/100: loss=[32m5.468285[0m
( 80.683s) Epoch 063/100: loss=[32m5.467430[0m
( 80.661s) Epoch 064/100: loss=[32m5.465744[0m
( 80.870s) Epoch 065/100: loss=5.465981[0m  (153.461s)  train_acc=0.055943[0m val_acc=[32m0.031020[0m test_acc=0.043720[0m
(215.243s) Epoch 066/100: loss=[32m5.464442[0m
( 80.313s) Epoch 067/100: loss=[32m5.463946[0m
( 80.337s) Epoch 068/100: loss=5.464252[0m
( 80.619s) Epoch 069/100: loss=[32m5.461473[0m
( 80.549s) Epoch 070/100: loss=5.462700[0m  ( 36.550s)  train_acc=[32m0.059110[0m val_acc=0.030756[0m test_acc=0.047690[0m
( 80.732s) Epoch 071/100: loss=5.461497[0m
( 80.657s) Epoch 072/100: loss=[32m5.460961[0m
( 80.651s) Epoch 073/100: loss=5.461287[0m
( 80.716s) Epoch 074/100: loss=5.461316[0m
( 80.690s) Epoch 075/100: loss=5.462018[0m  ( 36.642s)  train_acc=0.057529[0m val_acc=0.028251[0m test_acc=0.047486[0m
( 80.553s) Epoch 076/100: loss=[32m5.459811[0m
( 80.597s) Epoch 077/100: loss=5.460158[0m
( 80.781s) Epoch 078/100: loss=5.461088[0m
( 80.645s) Epoch 079/100: loss=[32m5.459694[0m
( 80.627s) Epoch 080/100: loss=[32m5.458081[0m  ( 37.683s)  train_acc=0.058499[0m val_acc=[32m0.033034[0m test_acc=0.046326[0m
( 80.346s) Epoch 081/100: loss=5.459483[0m
( 80.585s) Epoch 082/100: loss=5.458978[0m
( 89.806s) Epoch 083/100: loss=5.458685[0m
( 81.752s) Epoch 084/100: loss=5.458741[0m
( 80.673s) Epoch 085/100: loss=[32m5.456997[0m  ( 38.676s)  train_acc=[32m0.060305[0m val_acc=0.031366[0m test_acc=0.046779[0m
( 80.635s) Epoch 086/100: loss=[32m5.456453[0m
( 80.706s) Epoch 087/100: loss=5.457938[0m
( 80.921s) Epoch 088/100: loss=5.457416[0m
( 80.738s) Epoch 089/100: loss=5.457602[0m
( 80.425s) Epoch 090/100: loss=[32m5.456261[0m  (149.745s)  train_acc=0.059041[0m val_acc=0.030972[0m test_acc=0.045490[0m
(172.003s) Epoch 091/100: loss=5.456495[0m
( 80.471s) Epoch 092/100: loss=[32m5.455713[0m
( 80.604s) Epoch 093/100: loss=5.456472[0m
( 80.748s) Epoch 094/100: loss=5.456467[0m
( 80.686s) Epoch 095/100: loss=5.456388[0m  (162.608s)  train_acc=0.058189[0m val_acc=0.029809[0m test_acc=0.047192[0m
( 92.036s) Epoch 096/100: loss=5.456202[0m
( 80.217s) Epoch 097/100: loss=5.458274[0m
( 80.747s) Epoch 098/100: loss=5.456296[0m
( 80.742s) Epoch 099/100: loss=[32m5.455237[0m
( 81.424s) Epoch 100/100: loss=[32m5.455147[0m  ( 95.066s)  train_acc=0.058420[0m val_acc=[32m0.033168[0m test_acc=0.046739[0m
Training for 100 epochs took 8728.997s total and 87.290s average
Calculating mean of transformed dataset using the best model state ... 19.823s
Saving best model and options to fc100_round3/CropResize_ColorDistort_runs/run4.pth
