Namespace(T_max=100, backbone='resnet50', base_learning_rate=0.1, base_optimizer='SGD', batch_size=256, dampening=0.0, dataset='cifar100fs', dataset_root=None, distributed=False, episode_strat='SimpleShotEpisodes', eval_freq=5, first_augment='ColorDistort', head='SimpleMLP', jitter_strength=1.0, k_shot=5, load_from=None, local_rank=0, log_file=<_io.TextIOWrapper name='cifar100fs_round3/ColorDistort_GaussBlur_runs/run3.out' mode='a' encoding='UTF-8'>, loss_function='NTXent', model='SimCLRModel', momentum=0.9, n_way=5, nesterov=True, ntxent_temp=1.0, num_epochs=100, num_query=15, num_test_tasks=10000, num_workers=4, pin_memory=True, pretrained=False, progress=False, projection_dim=128, save_model=True, save_path='cifar100fs_round3/ColorDistort_GaussBlur_runs/run3.pth', scheduler='CosineAnnealingLR', second_augment='GaussBlur', secondary_optimizer='LARS', shuffle=True, simple_opt=False, weight_decay=0.0001)
Starting Training on:
Train:  64 classes
Valid:  16 classes
Test:   20 classes
------------------
( 35.309s) Epoch 001/100: loss=[32m5.590774[0m
( 35.804s) Epoch 002/100: loss=[32m5.382428[0m
( 35.598s) Epoch 003/100: loss=[32m5.359930[0m
( 35.247s) Epoch 004/100: loss=[32m5.350937[0m
( 35.032s) Epoch 005/100: loss=[32m5.343876[0m  ( 31.514s)  train_acc=[32m0.009631[0m val_acc=[32m0.025908[0m test_acc=[32m0.021212[0m
( 36.044s) Epoch 006/100: loss=[32m5.338185[0m
( 35.377s) Epoch 007/100: loss=[32m5.332799[0m
( 35.107s) Epoch 008/100: loss=[32m5.325969[0m
( 35.286s) Epoch 009/100: loss=[32m5.319679[0m
( 35.464s) Epoch 010/100: loss=[32m5.315393[0m  ( 32.389s)  train_acc=[32m0.010454[0m val_acc=0.021235[0m test_acc=[32m0.024317[0m
( 35.804s) Epoch 011/100: loss=[32m5.313859[0m
( 35.826s) Epoch 012/100: loss=[32m5.311183[0m
( 35.624s) Epoch 013/100: loss=[32m5.310228[0m
( 35.491s) Epoch 014/100: loss=[32m5.308805[0m
( 35.052s) Epoch 015/100: loss=[32m5.306186[0m  ( 33.464s)  train_acc=0.010277[0m val_acc=0.020186[0m test_acc=0.021089[0m
( 35.667s) Epoch 016/100: loss=[32m5.305719[0m
( 35.920s) Epoch 017/100: loss=[32m5.303663[0m
( 36.117s) Epoch 018/100: loss=[32m5.303082[0m
( 35.992s) Epoch 019/100: loss=[32m5.300156[0m
( 35.908s) Epoch 020/100: loss=[32m5.298575[0m  ( 27.769s)  train_acc=[32m0.011407[0m val_acc=0.024543[0m test_acc=0.023181[0m
( 35.375s) Epoch 021/100: loss=[32m5.297600[0m
( 35.822s) Epoch 022/100: loss=[32m5.295034[0m
( 35.863s) Epoch 023/100: loss=[32m5.294148[0m
( 35.822s) Epoch 024/100: loss=[32m5.293297[0m
( 35.586s) Epoch 025/100: loss=[32m5.291737[0m  ( 32.280s)  train_acc=[32m0.011484[0m val_acc=0.022761[0m test_acc=[32m0.024455[0m
( 35.747s) Epoch 026/100: loss=[32m5.291021[0m
( 36.003s) Epoch 027/100: loss=[32m5.289892[0m
( 36.121s) Epoch 028/100: loss=[32m5.289090[0m
( 36.005s) Epoch 029/100: loss=[32m5.287365[0m
( 35.604s) Epoch 030/100: loss=[32m5.287127[0m  ( 31.294s)  train_acc=[32m0.012490[0m val_acc=[32m0.027198[0m test_acc=[32m0.025516[0m
( 35.425s) Epoch 031/100: loss=[32m5.286820[0m
( 36.015s) Epoch 032/100: loss=[32m5.286667[0m
( 35.895s) Epoch 033/100: loss=[32m5.285570[0m
( 35.288s) Epoch 034/100: loss=5.285799[0m
( 35.838s) Epoch 035/100: loss=[32m5.284749[0m  ( 31.039s)  train_acc=0.012000[0m val_acc=0.026133[0m test_acc=0.023103[0m
( 35.210s) Epoch 036/100: loss=5.285591[0m
( 35.823s) Epoch 037/100: loss=[32m5.284461[0m
( 35.680s) Epoch 038/100: loss=[32m5.284134[0m
( 35.058s) Epoch 039/100: loss=[32m5.283274[0m
( 35.345s) Epoch 040/100: loss=[32m5.282504[0m  ( 33.823s)  train_acc=0.011735[0m val_acc=[32m0.027652[0m test_acc=0.024827[0m
( 35.356s) Epoch 041/100: loss=5.282540[0m
( 35.959s) Epoch 042/100: loss=5.282807[0m
( 35.946s) Epoch 043/100: loss=[32m5.282025[0m
( 35.554s) Epoch 044/100: loss=[32m5.280850[0m
( 35.737s) Epoch 045/100: loss=5.281632[0m  ( 31.564s)  train_acc=0.011935[0m val_acc=0.024220[0m test_acc=0.024247[0m
( 35.370s) Epoch 046/100: loss=[32m5.280632[0m
( 35.694s) Epoch 047/100: loss=5.280770[0m
( 35.576s) Epoch 048/100: loss=5.281030[0m
( 35.532s) Epoch 049/100: loss=[32m5.279978[0m
( 35.340s) Epoch 050/100: loss=[32m5.279720[0m  ( 32.148s)  train_acc=0.010773[0m val_acc=0.022724[0m test_acc=0.024578[0m
( 35.596s) Epoch 051/100: loss=[32m5.278865[0m
( 35.717s) Epoch 052/100: loss=[32m5.278695[0m
( 35.226s) Epoch 053/100: loss=[32m5.278557[0m
( 35.266s) Epoch 054/100: loss=[32m5.278394[0m
( 35.534s) Epoch 055/100: loss=[32m5.277841[0m  ( 33.554s)  train_acc=0.011696[0m val_acc=0.022847[0m test_acc=0.023031[0m
( 35.071s) Epoch 056/100: loss=[32m5.277113[0m
( 36.007s) Epoch 057/100: loss=[32m5.276954[0m
( 35.890s) Epoch 058/100: loss=[32m5.276511[0m
( 35.131s) Epoch 059/100: loss=[32m5.276299[0m
( 35.838s) Epoch 060/100: loss=[32m5.276032[0m  ( 32.191s)  train_acc=0.011336[0m val_acc=0.024405[0m test_acc=0.024576[0m
( 35.534s) Epoch 061/100: loss=[32m5.275727[0m
( 35.873s) Epoch 062/100: loss=5.275979[0m
( 35.744s) Epoch 063/100: loss=[32m5.275666[0m
( 35.451s) Epoch 064/100: loss=[32m5.275312[0m
( 35.224s) Epoch 065/100: loss=5.275498[0m  ( 34.239s)  train_acc=0.011367[0m val_acc=0.021373[0m test_acc=0.023501[0m
( 35.306s) Epoch 066/100: loss=[32m5.275059[0m
( 36.115s) Epoch 067/100: loss=[32m5.274559[0m
( 36.234s) Epoch 068/100: loss=[32m5.274167[0m
( 36.217s) Epoch 069/100: loss=[32m5.273581[0m
( 36.096s) Epoch 070/100: loss=5.273689[0m  ( 29.918s)  train_acc=0.011820[0m val_acc=0.021688[0m test_acc=0.023020[0m
( 35.477s) Epoch 071/100: loss=[32m5.273242[0m
( 36.259s) Epoch 072/100: loss=[32m5.272949[0m
( 36.211s) Epoch 073/100: loss=[32m5.272741[0m
( 36.352s) Epoch 074/100: loss=5.273067[0m
( 36.342s) Epoch 075/100: loss=[32m5.272555[0m  ( 30.332s)  train_acc=0.011151[0m val_acc=0.021321[0m test_acc=0.024091[0m
( 35.543s) Epoch 076/100: loss=[32m5.272004[0m
( 35.797s) Epoch 077/100: loss=5.272939[0m
( 35.677s) Epoch 078/100: loss=5.272026[0m
( 35.401s) Epoch 079/100: loss=[32m5.271949[0m
( 35.643s) Epoch 080/100: loss=[32m5.271528[0m  ( 31.618s)  train_acc=0.011013[0m val_acc=0.024330[0m test_acc=0.021687[0m
( 35.490s) Epoch 081/100: loss=[32m5.270968[0m
( 36.004s) Epoch 082/100: loss=5.271272[0m
( 35.592s) Epoch 083/100: loss=5.271380[0m
( 35.478s) Epoch 084/100: loss=5.271186[0m
( 35.317s) Epoch 085/100: loss=5.271011[0m  ( 32.799s)  train_acc=0.011022[0m val_acc=[32m0.027900[0m test_acc=0.021850[0m
( 35.333s) Epoch 086/100: loss=[32m5.270355[0m
( 35.284s) Epoch 087/100: loss=[32m5.270235[0m
( 35.176s) Epoch 088/100: loss=5.270245[0m
( 35.607s) Epoch 089/100: loss=5.270786[0m
( 35.583s) Epoch 090/100: loss=5.270439[0m  ( 33.011s)  train_acc=0.010799[0m val_acc=0.026434[0m test_acc=0.023524[0m
( 35.385s) Epoch 091/100: loss=5.270444[0m
( 35.537s) Epoch 092/100: loss=[32m5.270155[0m
( 35.120s) Epoch 093/100: loss=5.270358[0m
( 35.567s) Epoch 094/100: loss=5.270202[0m
( 35.558s) Epoch 095/100: loss=[32m5.270075[0m  ( 33.638s)  train_acc=0.011397[0m val_acc=[32m0.027911[0m test_acc=[32m0.025890[0m
( 35.851s) Epoch 096/100: loss=5.270314[0m
( 35.801s) Epoch 097/100: loss=[32m5.269981[0m
( 35.451s) Epoch 098/100: loss=5.270145[0m
( 35.729s) Epoch 099/100: loss=5.270145[0m
( 35.885s) Epoch 100/100: loss=[32m5.269689[0m  ( 31.130s)  train_acc=0.011608[0m val_acc=0.022993[0m test_acc=0.023934[0m
Training for 100 epochs took 3563.780s total and 35.638s average
Calculating mean of transformed dataset using the best model state ... 12.045s
Saving best model and options to cifar100fs_round3/ColorDistort_GaussBlur_runs/run3.pth
