Starting Training on:
Train:  64 classes
Valid:  16 classes
Test:   20 classes
------------------
(  11.510s) Epoch 001/ 50: loss=[32m7.501201[0m
(  10.941s) Epoch 002/ 50: loss=[32m7.412405[0m
(  10.907s) Epoch 003/ 50: loss=[32m7.308126[0m
(  10.918s) Epoch 004/ 50: loss=[32m7.260339[0m
(  10.910s) Epoch 005/ 50: loss=[32m7.225052[0m (   2.537s) val_acc=[32m0.103233500[0m (   2.675s) test_acc=[32m0.001682954[0m
(   9.758s) Epoch 006/ 50: loss=[32m7.187230[0m
(  10.912s) Epoch 007/ 50: loss=[32m7.163490[0m
(  10.909s) Epoch 008/ 50: loss=[32m7.137880[0m
(  10.962s) Epoch 009/ 50: loss=[32m7.119023[0m
(  10.994s) Epoch 010/ 50: loss=[32m7.102038[0m (   2.487s) val_acc=-0.007804403 (   2.752s) test_acc=[32m0.003954961[0m
(   9.738s) Epoch 011/ 50: loss=[32m7.088708[0m
(  10.900s) Epoch 012/ 50: loss=[32m7.079334[0m
(  10.914s) Epoch 013/ 50: loss=[32m7.069605[0m
(  10.942s) Epoch 014/ 50: loss=[32m7.056511[0m
(  10.967s) Epoch 015/ 50: loss=[32m7.052221[0m (   2.495s) val_acc=-0.007324477 (   2.708s) test_acc=-0.002940279
(   9.709s) Epoch 016/ 50: loss=[32m7.047495[0m
(  10.930s) Epoch 017/ 50: loss=[32m7.034450[0m
(  10.940s) Epoch 018/ 50: loss=[32m7.027709[0m
(  10.987s) Epoch 019/ 50: loss=7.032625
(  10.951s) Epoch 020/ 50: loss=[32m7.022472[0m (   2.601s) val_acc=-0.008272223 (   2.748s) test_acc=-0.002917105
(   9.742s) Epoch 021/ 50: loss=[32m7.012125[0m
(  10.960s) Epoch 022/ 50: loss=[32m7.008869[0m
(  11.021s) Epoch 023/ 50: loss=7.010251
(  10.925s) Epoch 024/ 50: loss=[32m6.998336[0m
(  11.035s) Epoch 025/ 50: loss=[32m6.997956[0m (   2.271s) val_acc=-0.007814921 (   2.951s) test_acc=0.000842041
(   9.723s) Epoch 026/ 50: loss=[32m6.997211[0m
(  10.978s) Epoch 027/ 50: loss=[32m6.994573[0m
(  11.002s) Epoch 028/ 50: loss=[32m6.990396[0m
(  10.980s) Epoch 029/ 50: loss=[32m6.984659[0m
(  11.128s) Epoch 030/ 50: loss=6.984736 (   2.534s) val_acc=-0.008346726 (   2.624s) test_acc=[32m0.007661823[0m
(   9.742s) Epoch 031/ 50: loss=6.985763
(  10.958s) Epoch 032/ 50: loss=[32m6.984060[0m
(  10.944s) Epoch 033/ 50: loss=[32m6.979913[0m
(  10.952s) Epoch 034/ 50: loss=[32m6.973826[0m
(  10.930s) Epoch 035/ 50: loss=6.980496 (   2.605s) val_acc=-0.008231642 (   2.676s) test_acc=[32m0.017488222[0m
(   9.770s) Epoch 036/ 50: loss=6.978464
(  10.982s) Epoch 037/ 50: loss=6.978039
(  11.014s) Epoch 038/ 50: loss=6.975390
(  11.023s) Epoch 039/ 50: loss=6.976139
(  11.076s) Epoch 040/ 50: loss=6.976456 (   2.634s) val_acc=-0.008335110 (   2.683s) test_acc=[32m0.017523887[0m
(   9.729s) Epoch 041/ 50: loss=6.974281
(  10.959s) Epoch 042/ 50: loss=[32m6.968528[0m
(  10.990s) Epoch 043/ 50: loss=6.971792
(  10.985s) Epoch 044/ 50: loss=6.973266
(  11.067s) Epoch 045/ 50: loss=6.976157 (   2.495s) val_acc=-0.008731306 (   2.790s) test_acc=0.001262581
(   9.740s) Epoch 046/ 50: loss=6.973839
(  10.964s) Epoch 047/ 50: loss=6.972937
(  10.998s) Epoch 048/ 50: loss=6.970150
(  11.017s) Epoch 049/ 50: loss=6.975485
(  11.057s) Epoch 050/ 50: loss=6.972875 (   1.340s) val_acc=-0.008138892 (   1.533s) test_acc=-0.000218706
Training for 50 epochs took 538.092s total and 10.762s average
Saving best model and options to CropResize_GaussBlur_runs/run4.pth
