Starting Training on:
Train:  64 classes
Valid:  16 classes
Test:   20 classes
------------------
( 18.747s) Epoch 001/ 50: loss=[32m7.335822[0m
(  9.990s) Epoch 002/ 50: loss=[32m7.113679[0m
(  9.811s) Epoch 003/ 50: loss=[32m7.015698[0m
(  9.764s) Epoch 004/ 50: loss=[32m6.964957[0m
(  9.948s) Epoch 005/ 50: loss=[32m6.924403[0m  ( 11.403s)  train_acc=[32m-0.001414[0m val_acc=[32m-0.005112[0m test_acc=[32m0.056207[0m
(  8.574s) Epoch 006/ 50: loss=[32m6.902396[0m
(  9.936s) Epoch 007/ 50: loss=[32m6.878624[0m
(  9.852s) Epoch 008/ 50: loss=[32m6.865338[0m
( 10.011s) Epoch 009/ 50: loss=[32m6.851899[0m
(  9.977s) Epoch 010/ 50: loss=[32m6.841842[0m  ( 10.103s)  train_acc=[32m-0.001335[0m val_acc=[32m0.917186[0m test_acc=[32m0.665045[0m
(  8.658s) Epoch 011/ 50: loss=[32m6.835292[0m
(  9.976s) Epoch 012/ 50: loss=[32m6.828037[0m
(  9.958s) Epoch 013/ 50: loss=[32m6.820761[0m
( 10.002s) Epoch 014/ 50: loss=[32m6.812193[0m
( 10.070s) Epoch 015/ 50: loss=[32m6.806549[0m  (  9.443s)  train_acc=[32m-0.001321[0m val_acc=[32m0.918264[0m test_acc=0.302967[0m
(  8.589s) Epoch 016/ 50: loss=[32m6.794719[0m
( 10.018s) Epoch 017/ 50: loss=[32m6.779515[0m
( 10.066s) Epoch 018/ 50: loss=[32m6.773264[0m
(  9.950s) Epoch 019/ 50: loss=6.774303[0m
( 10.081s) Epoch 020/ 50: loss=[32m6.764506[0m  (  9.616s)  train_acc=-0.001459[0m val_acc=0.363740[0m test_acc=0.238106[0m
(  8.659s) Epoch 021/ 50: loss=6.766092[0m
(  9.961s) Epoch 022/ 50: loss=[32m6.762155[0m
( 10.004s) Epoch 023/ 50: loss=[32m6.759292[0m
( 10.039s) Epoch 024/ 50: loss=[32m6.757159[0m
( 10.092s) Epoch 025/ 50: loss=6.757271[0m  (  9.440s)  train_acc=-0.001420[0m val_acc=0.363970[0m test_acc=0.261473[0m
(  8.690s) Epoch 026/ 50: loss=[32m6.749980[0m
( 10.106s) Epoch 027/ 50: loss=6.753622[0m
( 10.119s) Epoch 028/ 50: loss=6.752451[0m
( 10.103s) Epoch 029/ 50: loss=[32m6.746732[0m
( 10.058s) Epoch 030/ 50: loss=[32m6.744003[0m  (  9.408s)  train_acc=-0.001515[0m val_acc=0.201231[0m test_acc=0.138663[0m
(  8.646s) Epoch 031/ 50: loss=[32m6.743981[0m
( 10.075s) Epoch 032/ 50: loss=6.744731[0m
( 10.062s) Epoch 033/ 50: loss=[32m6.740354[0m
( 10.096s) Epoch 034/ 50: loss=6.742821[0m
( 10.093s) Epoch 035/ 50: loss=6.742822[0m  (  9.380s)  train_acc=-0.001552[0m val_acc=[32m0.975435[0m test_acc=0.563191[0m
(  8.657s) Epoch 036/ 50: loss=[32m6.740210[0m
(  9.980s) Epoch 037/ 50: loss=[32m6.738910[0m
( 10.121s) Epoch 038/ 50: loss=[32m6.738347[0m
( 10.039s) Epoch 039/ 50: loss=[32m6.732915[0m
( 10.145s) Epoch 040/ 50: loss=6.737618[0m  (  9.432s)  train_acc=-0.001539[0m val_acc=0.971028[0m test_acc=[32m0.955676[0m
(  8.680s) Epoch 041/ 50: loss=6.736397[0m
( 10.053s) Epoch 042/ 50: loss=6.736357[0m
( 10.093s) Epoch 043/ 50: loss=6.739024[0m
( 10.091s) Epoch 044/ 50: loss=6.736921[0m
( 10.009s) Epoch 045/ 50: loss=6.735979[0m  (  9.478s)  train_acc=-0.001566[0m val_acc=[32m0.975546[0m test_acc=0.948401[0m
(  8.628s) Epoch 046/ 50: loss=6.735570[0m
(  9.989s) Epoch 047/ 50: loss=6.734462[0m
( 10.034s) Epoch 048/ 50: loss=6.735907[0m
( 10.092s) Epoch 049/ 50: loss=6.734475[0m
( 10.121s) Epoch 050/ 50: loss=[32m6.732312[0m  (  6.064s)  train_acc=-0.001553[0m val_acc=0.111765[0m test_acc=0.052882[0m
Training for 50 epochs took 497.511s total and 9.950s average
Saving best model and options to CropResize_GaussBlur_runs/run5.pth
