Starting Training on:
Train:  64 classes
Valid:  16 classes
Test:   20 classes
------------------
( 10.232s) Epoch 001/ 50: loss=[32m7.325400[0m
(  9.915s) Epoch 002/ 50: loss=[32m7.115901[0m
(  9.946s) Epoch 003/ 50: loss=[32m7.023567[0m
(  9.993s) Epoch 004/ 50: loss=[32m6.979340[0m
( 10.109s) Epoch 005/ 50: loss=[32m6.946796[0m  ( 12.617s)  train_acc=[32m-0.001365[0m val_acc=[32m-0.003759[0m test_acc=[32m-0.002291[0m
(  8.596s) Epoch 006/ 50: loss=[32m6.925890[0m
(  9.965s) Epoch 007/ 50: loss=[32m6.901748[0m
(  9.906s) Epoch 008/ 50: loss=[32m6.899106[0m
( 10.123s) Epoch 009/ 50: loss=[32m6.889796[0m
( 10.117s) Epoch 010/ 50: loss=[32m6.878125[0m  (  9.489s)  train_acc=-0.001428[0m val_acc=-0.005074[0m test_acc=-0.003563[0m
(  8.678s) Epoch 011/ 50: loss=[32m6.865857[0m
(  9.963s) Epoch 012/ 50: loss=[32m6.848745[0m
(  9.984s) Epoch 013/ 50: loss=[32m6.841372[0m
( 10.089s) Epoch 014/ 50: loss=[32m6.833133[0m
( 10.140s) Epoch 015/ 50: loss=[32m6.827578[0m  (  9.703s)  train_acc=-0.001468[0m val_acc=-0.004493[0m test_acc=-0.003540[0m
(  8.652s) Epoch 016/ 50: loss=[32m6.822710[0m
( 10.047s) Epoch 017/ 50: loss=[32m6.821045[0m
( 10.092s) Epoch 018/ 50: loss=[32m6.807719[0m
( 10.086s) Epoch 019/ 50: loss=[32m6.796630[0m
( 10.091s) Epoch 020/ 50: loss=[32m6.795466[0m  (  9.598s)  train_acc=[32m-0.001343[0m val_acc=-0.005121[0m test_acc=-0.003926[0m
(  8.674s) Epoch 021/ 50: loss=[32m6.790339[0m
( 10.108s) Epoch 022/ 50: loss=[32m6.781095[0m
( 10.153s) Epoch 023/ 50: loss=[32m6.774809[0m
( 10.114s) Epoch 024/ 50: loss=[32m6.772494[0m
( 10.049s) Epoch 025/ 50: loss=[32m6.765185[0m  (  9.534s)  train_acc=-0.001562[0m val_acc=-0.005167[0m test_acc=-0.003326[0m
(  8.692s) Epoch 026/ 50: loss=6.766477[0m
(  9.959s) Epoch 027/ 50: loss=[32m6.760615[0m
( 10.110s) Epoch 028/ 50: loss=6.761575[0m
( 10.045s) Epoch 029/ 50: loss=[32m6.758628[0m
( 10.172s) Epoch 030/ 50: loss=[32m6.758445[0m  (  9.689s)  train_acc=-0.001592[0m val_acc=-0.004175[0m test_acc=-0.003764[0m
(  8.700s) Epoch 031/ 50: loss=[32m6.756339[0m
(  9.927s) Epoch 032/ 50: loss=[32m6.751310[0m
( 10.097s) Epoch 033/ 50: loss=6.755942[0m
( 10.074s) Epoch 034/ 50: loss=6.752052[0m
( 10.087s) Epoch 035/ 50: loss=6.753120[0m  (  9.616s)  train_acc=-0.001571[0m val_acc=-0.004777[0m test_acc=-0.003488[0m
(  8.697s) Epoch 036/ 50: loss=[32m6.748610[0m
(  9.985s) Epoch 037/ 50: loss=6.752158[0m
( 10.100s) Epoch 038/ 50: loss=6.751061[0m
( 10.102s) Epoch 039/ 50: loss=[32m6.748566[0m
( 10.170s) Epoch 040/ 50: loss=6.749646[0m  (  9.435s)  train_acc=-0.001539[0m val_acc=-0.005116[0m test_acc=-0.003793[0m
(  8.695s) Epoch 041/ 50: loss=[32m6.747743[0m
(  9.933s) Epoch 042/ 50: loss=6.747840[0m
( 10.093s) Epoch 043/ 50: loss=[32m6.747464[0m
( 10.166s) Epoch 044/ 50: loss=6.747586[0m
( 10.104s) Epoch 045/ 50: loss=[32m6.747400[0m  (  9.470s)  train_acc=-0.001562[0m val_acc=-0.005406[0m test_acc=-0.003113[0m
(  8.664s) Epoch 046/ 50: loss=[32m6.744754[0m
( 10.005s) Epoch 047/ 50: loss=6.745623[0m
( 10.107s) Epoch 048/ 50: loss=6.751141[0m
( 10.097s) Epoch 049/ 50: loss=6.746174[0m
( 10.161s) Epoch 050/ 50: loss=[32m6.744331[0m  (  5.999s)  train_acc=-0.001475[0m val_acc=-0.004901[0m test_acc=-0.003569[0m
Training for 50 epochs took 490.764s total and 9.815s average
Saving best model and options to CropResize_GaussBlur_runs/run7.pth
