Starting Training on:
Train:  64 classes
Valid:  16 classes
Test:   20 classes
------------------
( 10.285s) Epoch 001/ 50: loss=[32m7.306959[0m
( 10.009s) Epoch 002/ 50: loss=[32m7.095656[0m
(  9.952s) Epoch 003/ 50: loss=[32m6.984751[0m
(  9.993s) Epoch 004/ 50: loss=[32m6.933683[0m
( 10.041s) Epoch 005/ 50: loss=[32m6.902086[0m  (  9.408s)  train_acc=[32m-0.001339[0m val_acc=[32m-0.003659[0m test_acc=[32m0.055662[0m
(  8.720s) Epoch 006/ 50: loss=[32m6.879334[0m
( 10.010s) Epoch 007/ 50: loss=[32m6.864995[0m
( 10.020s) Epoch 008/ 50: loss=[32m6.851554[0m
( 10.097s) Epoch 009/ 50: loss=[32m6.837932[0m
( 10.084s) Epoch 010/ 50: loss=[32m6.832852[0m  (  9.449s)  train_acc=-0.001492[0m val_acc=[32m0.743027[0m test_acc=[32m0.474853[0m
(  8.641s) Epoch 011/ 50: loss=[32m6.822169[0m
( 10.039s) Epoch 012/ 50: loss=6.823304[0m
( 10.032s) Epoch 013/ 50: loss=[32m6.819970[0m
( 10.106s) Epoch 014/ 50: loss=[32m6.816464[0m
( 10.067s) Epoch 015/ 50: loss=[32m6.806574[0m  (  9.451s)  train_acc=-0.001479[0m val_acc=[32m0.975332[0m test_acc=0.239131[0m
(  8.658s) Epoch 016/ 50: loss=[32m6.801682[0m
( 10.024s) Epoch 017/ 50: loss=[32m6.801458[0m
( 10.131s) Epoch 018/ 50: loss=[32m6.786241[0m
(  9.994s) Epoch 019/ 50: loss=[32m6.781945[0m
( 10.118s) Epoch 020/ 50: loss=[32m6.776990[0m  (  9.476s)  train_acc=-0.001528[0m val_acc=[32m0.976836[0m test_acc=[32m0.524793[0m
(  8.726s) Epoch 021/ 50: loss=[32m6.772048[0m
( 10.069s) Epoch 022/ 50: loss=[32m6.771264[0m
(  9.995s) Epoch 023/ 50: loss=[32m6.766375[0m
( 10.096s) Epoch 024/ 50: loss=[32m6.761258[0m
( 10.136s) Epoch 025/ 50: loss=[32m6.760226[0m  (  9.456s)  train_acc=-0.001422[0m val_acc=0.976191[0m test_acc=0.522868[0m
(  8.639s) Epoch 026/ 50: loss=[32m6.753215[0m
( 10.030s) Epoch 027/ 50: loss=6.753361[0m
( 10.041s) Epoch 028/ 50: loss=6.754541[0m
( 10.097s) Epoch 029/ 50: loss=[32m6.751212[0m
( 10.100s) Epoch 030/ 50: loss=6.751803[0m  (  9.454s)  train_acc=-0.001472[0m val_acc=0.971003[0m test_acc=[32m0.578040[0m
(  8.683s) Epoch 031/ 50: loss=[32m6.746422[0m
(  9.994s) Epoch 032/ 50: loss=6.752086[0m
( 10.020s) Epoch 033/ 50: loss=6.747798[0m
( 10.061s) Epoch 034/ 50: loss=6.747619[0m
( 10.064s) Epoch 035/ 50: loss=6.746545[0m  (  9.393s)  train_acc=-0.001546[0m val_acc=0.971403[0m test_acc=0.524182[0m
(  8.650s) Epoch 036/ 50: loss=[32m6.744751[0m
( 10.107s) Epoch 037/ 50: loss=6.745340[0m
( 10.100s) Epoch 038/ 50: loss=6.747166[0m
( 10.062s) Epoch 039/ 50: loss=[32m6.744485[0m
( 10.073s) Epoch 040/ 50: loss=[32m6.744298[0m  (  9.459s)  train_acc=-0.001580[0m val_acc=[32m0.979173[0m test_acc=0.545510[0m
(  8.653s) Epoch 041/ 50: loss=[32m6.741924[0m
(  9.927s) Epoch 042/ 50: loss=6.744534[0m
( 10.058s) Epoch 043/ 50: loss=6.742840[0m
( 10.046s) Epoch 044/ 50: loss=6.744730[0m
( 10.067s) Epoch 045/ 50: loss=[32m6.740971[0m  (  9.307s)  train_acc=-0.001539[0m val_acc=0.970461[0m test_acc=[32m0.948855[0m
(  8.660s) Epoch 046/ 50: loss=[32m6.739109[0m
( 10.013s) Epoch 047/ 50: loss=6.743090[0m
( 10.026s) Epoch 048/ 50: loss=[32m6.738841[0m
( 10.078s) Epoch 049/ 50: loss=6.742205[0m
( 10.099s) Epoch 050/ 50: loss=6.744002[0m  (  5.985s)  train_acc=-0.001579[0m val_acc=0.969616[0m test_acc=[32m0.952213[0m
Training for 50 epochs took 490.390s total and 9.808s average
Saving best model and options to CropResize_GaussBlur_runs/run8.pth
