Starting Training on:
Train:  64 classes
Valid:  16 classes
Test:   20 classes
------------------
(  17.037s) Epoch 001/ 25: loss=[32m7.518772[0m
(  11.245s) Epoch 002/ 25: loss=[32m7.517555[0m
(  10.868s) Epoch 003/ 25: loss=[32m7.513992[0m
(  10.852s) Epoch 004/ 25: loss=[32m7.511213[0m
(  10.952s) Epoch 005/ 25: loss=[32m7.508211[0m (   2.839s) val_acc=[32m-0.004342567[0m (   4.568s) test_acc=[32m0.003591595[0m
(   9.185s) Epoch 006/ 25: loss=[32m7.503334[0m
(  10.843s) Epoch 007/ 25: loss=[32m7.499457[0m
(  10.880s) Epoch 008/ 25: loss=[32m7.496840[0m
(  10.941s) Epoch 009/ 25: loss=[32m7.492842[0m
(  10.997s) Epoch 010/ 25: loss=[32m7.492752[0m (   3.073s) val_acc=[32m-0.000477484[0m (   3.574s) test_acc=0.001465218
(   9.295s) Epoch 011/ 25: loss=7.494501
(  10.998s) Epoch 012/ 25: loss=[32m7.492066[0m
(  11.013s) Epoch 013/ 25: loss=[32m7.489095[0m
(  11.073s) Epoch 014/ 25: loss=[32m7.485541[0m
(  11.029s) Epoch 015/ 25: loss=7.486080 (   3.048s) val_acc=-0.002178818 (   2.722s) test_acc=[32m0.005110557[0m
(   9.483s) Epoch 016/ 25: loss=7.487240
(  10.967s) Epoch 017/ 25: loss=7.491950
(  11.059s) Epoch 018/ 25: loss=[32m7.485174[0m
(  11.048s) Epoch 019/ 25: loss=7.487489
(  11.095s) Epoch 020/ 25: loss=7.486322 (   3.161s) val_acc=-0.004293366 (   2.874s) test_acc=0.002259806
(   9.477s) Epoch 021/ 25: loss=7.491909
(  10.962s) Epoch 022/ 25: loss=7.490898
(  11.047s) Epoch 023/ 25: loss=7.488559
(  11.066s) Epoch 024/ 25: loss=7.487273
(  11.043s) Epoch 025/ 25: loss=7.490939 (   1.267s) val_acc=-0.002669642 (   1.390s) test_acc=[32m0.026228037[0m
Training for 25 epochs took 274.456s total and 10.978s average
Saving best model and options to aug_toggle4/exp1.pth
