Starting Training on:
Train:  64 classes
Valid:  16 classes
Test:   20 classes
------------------
(  12.186s) Epoch 001/ 25: loss=[32m7.514287[0m
(  12.310s) Epoch 002/ 25: loss=[32m7.513222[0m
(  12.310s) Epoch 003/ 25: loss=[32m7.512330[0m
(  12.297s) Epoch 004/ 25: loss=7.512475
(  12.331s) Epoch 005/ 25: loss=[32m7.509903[0m (   3.401s) val_acc=[32m0.004450672[0m (   2.828s) test_acc=[32m0.004085760[0m
(  10.246s) Epoch 006/ 25: loss=7.510563
(  12.364s) Epoch 007/ 25: loss=[32m7.508801[0m
(  12.386s) Epoch 008/ 25: loss=[32m7.507991[0m
(  12.304s) Epoch 009/ 25: loss=7.509828
(  12.360s) Epoch 010/ 25: loss=[32m7.505488[0m (   3.542s) val_acc=-0.001499343 (   2.845s) test_acc=[32m0.042101788[0m
(  10.091s) Epoch 011/ 25: loss=7.505817
(  12.285s) Epoch 012/ 25: loss=7.506337
(  12.408s) Epoch 013/ 25: loss=7.505785
(  12.384s) Epoch 014/ 25: loss=[32m7.504439[0m
(  12.353s) Epoch 015/ 25: loss=7.504776 (   3.392s) val_acc=-0.001389148 (   2.778s) test_acc=0.003270006
(  10.250s) Epoch 016/ 25: loss=7.504895
(  12.371s) Epoch 017/ 25: loss=7.505131
(  12.461s) Epoch 018/ 25: loss=[32m7.503053[0m
(  12.311s) Epoch 019/ 25: loss=7.504182
(  12.364s) Epoch 020/ 25: loss=7.503221 (   3.402s) val_acc=-0.002486026 (   2.939s) test_acc=0.002304168
(  10.069s) Epoch 021/ 25: loss=7.505343
(  12.355s) Epoch 022/ 25: loss=7.506043
(  12.306s) Epoch 023/ 25: loss=7.504693
(  12.286s) Epoch 024/ 25: loss=7.504600
(  12.306s) Epoch 025/ 25: loss=7.504386 (   1.261s) val_acc=-0.001124987 (   1.462s) test_acc=0.000893262
Training for 25 epochs took 299.694s total and 11.988s average
Saving best model and options to aug_toggle4/exp5.pth
