Starting Training on:
Train:  64 classes
Valid:  16 classes
Test:   20 classes
------------------
(  10.431s) Epoch 001/ 25: loss=[32m7.313760[0m
(  10.259s) Epoch 002/ 25: loss=[32m7.287280[0m
(  10.238s) Epoch 003/ 25: loss=[32m7.253471[0m
(  10.407s) Epoch 004/ 25: loss=[32m7.238493[0m
(  10.288s) Epoch 005/ 25: loss=[32m7.195232[0m (   2.703s) val_acc=[32m0.782721848[0m (   2.589s) test_acc=[32m0.002388235[0m
(   9.017s) Epoch 006/ 25: loss=[32m7.166697[0m
(  10.317s) Epoch 007/ 25: loss=[32m7.140113[0m
(  10.326s) Epoch 008/ 25: loss=[32m7.111837[0m
(  10.336s) Epoch 009/ 25: loss=[32m7.096798[0m
(  10.349s) Epoch 010/ 25: loss=[32m7.076789[0m (   2.655s) val_acc=0.347706646 (   2.621s) test_acc=[32m0.410674956[0m
(   9.031s) Epoch 011/ 25: loss=[32m7.060351[0m
(  10.282s) Epoch 012/ 25: loss=[32m7.047458[0m
(  10.302s) Epoch 013/ 25: loss=[32m7.041650[0m
(  10.380s) Epoch 014/ 25: loss=[32m7.030819[0m
(  10.295s) Epoch 015/ 25: loss=[32m7.019064[0m (   2.507s) val_acc=-0.001268356 (   2.603s) test_acc=0.386426204
(   9.111s) Epoch 016/ 25: loss=7.025046
(  10.343s) Epoch 017/ 25: loss=[32m7.017099[0m
(  10.235s) Epoch 018/ 25: loss=[32m7.013151[0m
(  10.331s) Epoch 019/ 25: loss=7.018859
(  10.265s) Epoch 020/ 25: loss=[32m7.007344[0m (   2.562s) val_acc=0.001358384 (   2.591s) test_acc=0.342382261
(   9.031s) Epoch 021/ 25: loss=[32m7.004114[0m
(  10.380s) Epoch 022/ 25: loss=[32m7.002497[0m
(  10.290s) Epoch 023/ 25: loss=[32m7.000808[0m
(  10.268s) Epoch 024/ 25: loss=7.012030
(  10.352s) Epoch 025/ 25: loss=7.000988 (   1.356s) val_acc=-0.000043377 (   1.408s) test_acc=0.359454211
Training for 25 epochs took 252.866s total and 10.115s average
Saving best model and options to aug_toggle4/exp6.pth
