Namespace(T_max=100, backbone='resnet50', base_learning_rate=0.1, base_optimizer='SGD', batch_size=256, dampening=0.0, dataset='fc100', dataset_root=None, distributed=False, episode_strat='SimpleShotEpisodes', eval_freq=5, first_augment='CropResize', head='SimpleMLP', jitter_strength=1.0, k_shot=5, load_from=None, local_rank=0, log_file=<_io.TextIOWrapper name='fc100_round3/CropResize_GaussBlur_runs/run4.out' mode='a' encoding='UTF-8'>, loss_function='NTXent', model='SimCLRModel', momentum=0.9, n_way=5, nesterov=True, ntxent_temp=1.0, num_epochs=100, num_query=15, num_test_tasks=10000, num_workers=2, pin_memory=True, pretrained=False, progress=False, projection_dim=128, save_model=True, save_path='fc100_round3/CropResize_GaussBlur_runs/run4.pth', scheduler='CosineAnnealingLR', second_augment='GaussBlur', secondary_optimizer='LARS', shuffle=True, simple_opt=False, weight_decay=0.0001)
Starting Training on:
Train:  60 classes
Valid:  20 classes
Test:   20 classes
------------------
( 88.219s) Epoch 001/100: loss=[32m5.773739[0m
( 81.611s) Epoch 002/100: loss=[32m5.553324[0m
( 81.437s) Epoch 003/100: loss=[32m5.460376[0m
( 80.666s) Epoch 004/100: loss=[32m5.425715[0m
( 80.826s) Epoch 005/100: loss=[32m5.396496[0m  ( 63.206s)  train_acc=[32m0.027522[0m val_acc=[32m0.018733[0m test_acc=[32m0.051423[0m
( 82.660s) Epoch 006/100: loss=[32m5.377862[0m
( 82.399s) Epoch 007/100: loss=[32m5.364723[0m
( 80.661s) Epoch 008/100: loss=[32m5.359791[0m
( 81.868s) Epoch 009/100: loss=[32m5.354704[0m
( 86.490s) Epoch 010/100: loss=[32m5.351222[0m  ( 61.989s)  train_acc=[32m0.035114[0m val_acc=[32m0.020876[0m test_acc=[32m0.057866[0m
( 82.173s) Epoch 011/100: loss=[32m5.347954[0m
( 80.517s) Epoch 012/100: loss=[32m5.345887[0m
( 80.832s) Epoch 013/100: loss=[32m5.343303[0m
( 80.967s) Epoch 014/100: loss=[32m5.340793[0m
( 80.810s) Epoch 015/100: loss=[32m5.339472[0m  ( 51.038s)  train_acc=[32m0.035940[0m val_acc=[32m0.022429[0m test_acc=[32m0.060250[0m
( 80.379s) Epoch 016/100: loss=[32m5.336443[0m
( 80.750s) Epoch 017/100: loss=[32m5.335255[0m
( 80.776s) Epoch 018/100: loss=[32m5.332285[0m
( 80.775s) Epoch 019/100: loss=[32m5.331202[0m
( 80.867s) Epoch 020/100: loss=[32m5.330029[0m  ( 64.442s)  train_acc=[32m0.038335[0m val_acc=0.021759[0m test_acc=0.052080[0m
( 80.488s) Epoch 021/100: loss=[32m5.328264[0m
( 80.560s) Epoch 022/100: loss=[32m5.327389[0m
( 80.759s) Epoch 023/100: loss=[32m5.326436[0m
( 80.682s) Epoch 024/100: loss=[32m5.324012[0m
( 80.846s) Epoch 025/100: loss=5.324168[0m  ( 66.840s)  train_acc=0.036805[0m val_acc=[32m0.025109[0m test_acc=[32m0.061443[0m
( 80.260s) Epoch 026/100: loss=[32m5.322106[0m
( 80.774s) Epoch 027/100: loss=[32m5.320494[0m
( 80.924s) Epoch 028/100: loss=5.321096[0m
( 80.805s) Epoch 029/100: loss=[32m5.320407[0m
( 81.045s) Epoch 030/100: loss=[32m5.319583[0m  ( 66.124s)  train_acc=0.036715[0m val_acc=0.024302[0m test_acc=0.060145[0m
( 80.917s) Epoch 031/100: loss=[32m5.318972[0m
( 80.731s) Epoch 032/100: loss=[32m5.317445[0m
( 80.888s) Epoch 033/100: loss=[32m5.316723[0m
( 80.884s) Epoch 034/100: loss=[32m5.315762[0m
( 80.884s) Epoch 035/100: loss=5.316394[0m  ( 55.307s)  train_acc=0.038087[0m val_acc=0.023155[0m test_acc=0.057174[0m
( 80.599s) Epoch 036/100: loss=[32m5.314873[0m
( 80.802s) Epoch 037/100: loss=5.315030[0m
( 80.833s) Epoch 038/100: loss=[32m5.313136[0m
( 80.863s) Epoch 039/100: loss=5.313530[0m
( 80.796s) Epoch 040/100: loss=[32m5.312522[0m  ( 66.404s)  train_acc=0.037180[0m val_acc=0.022087[0m test_acc=0.057250[0m
( 80.286s) Epoch 041/100: loss=[32m5.311923[0m
( 80.665s) Epoch 042/100: loss=5.312653[0m
( 80.681s) Epoch 043/100: loss=[32m5.311858[0m
( 80.727s) Epoch 044/100: loss=[32m5.311428[0m
( 80.909s) Epoch 045/100: loss=[32m5.311350[0m  ( 63.933s)  train_acc=[32m0.039778[0m val_acc=0.024865[0m test_acc=0.055581[0m
( 80.432s) Epoch 046/100: loss=[32m5.310260[0m
( 80.789s) Epoch 047/100: loss=[32m5.310157[0m
( 80.663s) Epoch 048/100: loss=[32m5.309759[0m
( 80.926s) Epoch 049/100: loss=[32m5.309612[0m
( 80.880s) Epoch 050/100: loss=[32m5.309400[0m  ( 67.709s)  train_acc=[32m0.041265[0m val_acc=[32m0.025849[0m test_acc=[32m0.064138[0m
( 80.393s) Epoch 051/100: loss=[32m5.309036[0m
( 80.799s) Epoch 052/100: loss=5.309378[0m
( 80.813s) Epoch 053/100: loss=[32m5.308284[0m
( 80.857s) Epoch 054/100: loss=5.309233[0m
( 80.901s) Epoch 055/100: loss=[32m5.307880[0m  ( 62.790s)  train_acc=0.040089[0m val_acc=0.022923[0m test_acc=0.056541[0m
( 80.744s) Epoch 056/100: loss=[32m5.307568[0m
( 80.656s) Epoch 057/100: loss=[32m5.307228[0m
( 80.964s) Epoch 058/100: loss=[32m5.307058[0m
( 81.107s) Epoch 059/100: loss=[32m5.306760[0m
( 80.707s) Epoch 060/100: loss=5.306948[0m  ( 64.601s)  train_acc=0.040736[0m val_acc=[32m0.026119[0m test_acc=0.056562[0m
( 80.362s) Epoch 061/100: loss=[32m5.306554[0m
( 80.818s) Epoch 062/100: loss=5.306761[0m
( 80.910s) Epoch 063/100: loss=5.306707[0m
( 80.870s) Epoch 064/100: loss=[32m5.306182[0m
( 80.919s) Epoch 065/100: loss=[32m5.305848[0m  ( 63.782s)  train_acc=0.040525[0m val_acc=0.025086[0m test_acc=0.060299[0m
( 80.778s) Epoch 066/100: loss=5.305921[0m
( 80.769s) Epoch 067/100: loss=[32m5.305173[0m
( 80.909s) Epoch 068/100: loss=5.305614[0m
( 80.994s) Epoch 069/100: loss=[32m5.305109[0m
( 80.703s) Epoch 070/100: loss=5.305436[0m  ( 58.937s)  train_acc=[32m0.042684[0m val_acc=0.025702[0m test_acc=0.064107[0m
( 80.598s) Epoch 071/100: loss=5.305210[0m
( 80.786s) Epoch 072/100: loss=[32m5.304761[0m
( 81.118s) Epoch 073/100: loss=[32m5.303856[0m
( 80.888s) Epoch 074/100: loss=5.304712[0m
( 80.915s) Epoch 075/100: loss=5.304415[0m  ( 65.593s)  train_acc=0.040770[0m val_acc=0.024668[0m test_acc=[32m0.065621[0m
( 80.589s) Epoch 076/100: loss=5.304076[0m
( 80.844s) Epoch 077/100: loss=[32m5.303749[0m
( 80.891s) Epoch 078/100: loss=5.303903[0m
( 80.878s) Epoch 079/100: loss=[32m5.303501[0m
( 80.883s) Epoch 080/100: loss=5.304598[0m  ( 65.122s)  train_acc=0.042051[0m val_acc=0.021788[0m test_acc=0.062116[0m
( 80.525s) Epoch 081/100: loss=[32m5.303438[0m
( 80.821s) Epoch 082/100: loss=[32m5.303428[0m
( 80.979s) Epoch 083/100: loss=[32m5.303385[0m
( 80.991s) Epoch 084/100: loss=5.303421[0m
( 80.947s) Epoch 085/100: loss=5.303813[0m  ( 67.500s)  train_acc=0.041238[0m val_acc=0.023242[0m test_acc=0.051600[0m
( 80.494s) Epoch 086/100: loss=[32m5.302617[0m
( 80.445s) Epoch 087/100: loss=5.303513[0m
( 80.951s) Epoch 088/100: loss=[32m5.302575[0m
( 81.041s) Epoch 089/100: loss=5.303272[0m
( 80.908s) Epoch 090/100: loss=5.303344[0m  ( 58.323s)  train_acc=0.040278[0m val_acc=[32m0.027091[0m test_acc=0.053628[0m
( 80.543s) Epoch 091/100: loss=5.304206[0m
( 80.873s) Epoch 092/100: loss=5.303579[0m
( 80.900s) Epoch 093/100: loss=5.302604[0m
( 80.938s) Epoch 094/100: loss=5.302795[0m
( 80.884s) Epoch 095/100: loss=[32m5.302349[0m  ( 65.721s)  train_acc=0.040320[0m val_acc=0.024778[0m test_acc=0.050100[0m
( 80.615s) Epoch 096/100: loss=5.303031[0m
( 80.912s) Epoch 097/100: loss=5.302991[0m
( 81.117s) Epoch 098/100: loss=5.302950[0m
( 80.952s) Epoch 099/100: loss=5.303099[0m
( 80.915s) Epoch 100/100: loss=5.302956[0m  ( 64.194s)  train_acc=0.042506[0m val_acc=0.024644[0m test_acc=0.057025[0m
Training for 100 epochs took 8099.094s total and 80.991s average
Calculating mean of transformed dataset using the best model state ... 30.579s
Saving best model and options to fc100_round3/CropResize_GaussBlur_runs/run4.pth
