Namespace(T_max=250, backbone='resnet50', base_learning_rate=0.1, base_optimizer='SGD', batch_size=256, dampening=0.0, data_percent=20, dataset='cifar100fs', dataset_root=None, distributed=True, episode_strat='SimpleShotEpisodes', eval_freq=2000, fine_tune_epochs=20, fine_tune_save_path='ft0.pth', first_augment='ColorDistort', head='SimpleMLP', ipca=False, ipca_dim=128, jitter_strength=1.0, k_shot=5, load_from=None, local_rank=0, log_file=<_io.TextIOWrapper name='/home/aditya.bharti/FewShot/cifar100fs_hyperparam/ColorGauss.out' mode='a' encoding='UTF-8'>, loss_function='NTXent', model='SimCLRModel', momentum=0.9, n_way=5, nesterov=True, ntxent_temp=0.1, num_epochs=500, num_query=15, num_test_tasks=10000, num_workers=4, pin_memory=True, pretrained=False, progress=False, projection_dim=128, save_model=True, save_path='/home/aditya.bharti/FewShot/cifar100fs_hyperparam/ColorGauss.pth', scaler=True, scheduler='CosineAnnealingLR', second_augment='GaussBlur', shuffle=True, simple_opt=True, testing_strat='Classify1NN', use_trainval=True, weight_decay=0.0001)
Starting Training on:
Train:  80 classes
Valid:  16 classes
Test:   20 classes
------------------
( 27.019s) Epoch 001/500: loss=[32m5.837701[0m
( 26.874s) Epoch 002/500: loss=[32m3.741683[0m
( 26.881s) Epoch 003/500: loss=[32m2.383360[0m
( 26.869s) Epoch 004/500: loss=[32m1.299902[0m
( 26.938s) Epoch 005/500: loss=[32m0.670935[0m
( 26.918s) Epoch 006/500: loss=[32m0.472812[0m
( 26.915s) Epoch 007/500: loss=[32m0.355856[0m
( 26.896s) Epoch 008/500: loss=[32m0.307915[0m
( 26.898s) Epoch 009/500: loss=[32m0.264422[0m
( 26.993s) Epoch 010/500: loss=[32m0.247275[0m
( 26.876s) Epoch 011/500: loss=[32m0.238137[0m
( 26.921s) Epoch 012/500: loss=[32m0.224484[0m
( 26.887s) Epoch 013/500: loss=[32m0.215608[0m
( 26.894s) Epoch 014/500: loss=[32m0.193749[0m
( 26.972s) Epoch 015/500: loss=[32m0.187662[0m
( 26.912s) Epoch 016/500: loss=[32m0.183587[0m
( 26.902s) Epoch 017/500: loss=0.186961[0m
( 26.912s) Epoch 018/500: loss=[32m0.182669[0m
( 26.880s) Epoch 019/500: loss=[32m0.169403[0m
( 26.981s) Epoch 020/500: loss=0.174085[0m
( 26.933s) Epoch 021/500: loss=[32m0.160591[0m
( 26.892s) Epoch 022/500: loss=[32m0.159444[0m
( 26.891s) Epoch 023/500: loss=0.161300[0m
( 26.835s) Epoch 024/500: loss=[32m0.156175[0m
( 26.950s) Epoch 025/500: loss=[32m0.146952[0m
( 26.964s) Epoch 026/500: loss=[32m0.146081[0m
( 26.900s) Epoch 027/500: loss=[32m0.144119[0m
( 26.852s) Epoch 028/500: loss=[32m0.137631[0m
( 26.907s) Epoch 029/500: loss=[32m0.133300[0m
( 26.954s) Epoch 030/500: loss=0.139552[0m
( 27.015s) Epoch 031/500: loss=[32m0.124654[0m
( 26.869s) Epoch 032/500: loss=0.129179[0m
( 26.901s) Epoch 033/500: loss=0.138687[0m
( 26.878s) Epoch 034/500: loss=0.129883[0m
( 26.893s) Epoch 035/500: loss=0.131985[0m
( 26.966s) Epoch 036/500: loss=[32m0.123641[0m
( 26.972s) Epoch 037/500: loss=[32m0.119143[0m
( 26.854s) Epoch 038/500: loss=[32m0.114498[0m
( 26.910s) Epoch 039/500: loss=0.122985[0m
( 26.894s) Epoch 040/500: loss=0.119763[0m
( 26.918s) Epoch 041/500: loss=[32m0.109932[0m
( 26.991s) Epoch 042/500: loss=[32m0.108125[0m
( 26.887s) Epoch 043/500: loss=0.110848[0m
( 26.875s) Epoch 044/500: loss=0.112233[0m
( 26.907s) Epoch 045/500: loss=[32m0.106389[0m
( 26.891s) Epoch 046/500: loss=0.108778[0m
( 27.049s) Epoch 047/500: loss=[32m0.106048[0m
( 26.935s) Epoch 048/500: loss=[32m0.105013[0m
( 26.884s) Epoch 049/500: loss=[32m0.101901[0m
( 26.901s) Epoch 050/500: loss=0.102592[0m
( 26.931s) Epoch 051/500: loss=0.103776[0m
( 26.989s) Epoch 052/500: loss=[32m0.100838[0m
( 26.990s) Epoch 053/500: loss=[32m0.099214[0m
( 26.902s) Epoch 054/500: loss=[32m0.095596[0m
( 26.916s) Epoch 055/500: loss=0.100933[0m
( 26.883s) Epoch 056/500: loss=0.097198[0m
( 26.914s) Epoch 057/500: loss=[32m0.092239[0m
( 27.068s) Epoch 058/500: loss=[32m0.091676[0m
( 26.858s) Epoch 059/500: loss=0.094984[0m
( 26.945s) Epoch 060/500: loss=0.096642[0m
( 26.889s) Epoch 061/500: loss=0.093687[0m
( 26.878s) Epoch 062/500: loss=0.095947[0m
( 26.941s) Epoch 063/500: loss=0.093688[0m
( 27.004s) Epoch 064/500: loss=0.092443[0m
( 26.876s) Epoch 065/500: loss=0.096850[0m
( 26.895s) Epoch 066/500: loss=0.092897[0m
( 26.930s) Epoch 067/500: loss=[32m0.085895[0m
( 26.912s) Epoch 068/500: loss=0.085949[0m
( 27.001s) Epoch 069/500: loss=0.090820[0m
( 26.887s) Epoch 070/500: loss=0.089921[0m
( 26.898s) Epoch 071/500: loss=0.086532[0m
( 26.913s) Epoch 072/500: loss=0.087083[0m
( 26.885s) Epoch 073/500: loss=0.086441[0m
( 26.957s) Epoch 074/500: loss=0.090547[0m
( 26.945s) Epoch 075/500: loss=0.088127[0m
( 26.888s) Epoch 076/500: loss=[32m0.085757[0m
( 26.885s) Epoch 077/500: loss=[32m0.083376[0m
( 26.876s) Epoch 078/500: loss=0.084260[0m
( 26.919s) Epoch 079/500: loss=[32m0.082681[0m
( 26.998s) Epoch 080/500: loss=0.084305[0m
( 26.920s) Epoch 081/500: loss=0.091316[0m
( 26.877s) Epoch 082/500: loss=0.085388[0m
( 26.931s) Epoch 083/500: loss=[32m0.078110[0m
( 26.857s) Epoch 084/500: loss=0.081314[0m
( 26.992s) Epoch 085/500: loss=0.080758[0m
( 26.969s) Epoch 086/500: loss=0.080518[0m
( 26.897s) Epoch 087/500: loss=0.085133[0m
( 26.914s) Epoch 088/500: loss=0.081367[0m
( 26.889s) Epoch 089/500: loss=0.078891[0m
( 26.903s) Epoch 090/500: loss=0.081495[0m
( 27.012s) Epoch 091/500: loss=[32m0.074967[0m
( 26.935s) Epoch 092/500: loss=[32m0.073136[0m
( 26.880s) Epoch 093/500: loss=0.077282[0m
( 26.886s) Epoch 094/500: loss=0.079629[0m
( 26.903s) Epoch 095/500: loss=0.078673[0m
( 26.986s) Epoch 096/500: loss=0.078132[0m
( 26.944s) Epoch 097/500: loss=0.076829[0m
( 26.926s) Epoch 098/500: loss=0.073431[0m
( 26.898s) Epoch 099/500: loss=0.073357[0m
( 26.890s) Epoch 100/500: loss=0.076667[0m
( 26.875s) Epoch 101/500: loss=0.075696[0m
( 27.048s) Epoch 102/500: loss=0.078114[0m
( 26.995s) Epoch 103/500: loss=0.074805[0m
( 26.950s) Epoch 104/500: loss=0.075388[0m
( 26.835s) Epoch 105/500: loss=0.076235[0m
( 26.907s) Epoch 106/500: loss=0.074438[0m
( 26.958s) Epoch 107/500: loss=0.077258[0m
( 27.001s) Epoch 108/500: loss=0.073951[0m
( 26.860s) Epoch 109/500: loss=0.077205[0m
( 26.904s) Epoch 110/500: loss=0.075530[0m
( 26.877s) Epoch 111/500: loss=0.073605[0m
( 26.865s) Epoch 112/500: loss=0.073864[0m
( 27.013s) Epoch 113/500: loss=0.073683[0m
( 26.945s) Epoch 114/500: loss=[32m0.072015[0m
( 26.901s) Epoch 115/500: loss=[32m0.066547[0m
( 26.906s) Epoch 116/500: loss=0.074427[0m
( 26.899s) Epoch 117/500: loss=0.070756[0m
( 26.960s) Epoch 118/500: loss=0.069847[0m
( 27.045s) Epoch 119/500: loss=0.068768[0m
( 26.890s) Epoch 120/500: loss=0.071218[0m
( 26.900s) Epoch 121/500: loss=0.072867[0m
( 26.895s) Epoch 122/500: loss=0.069620[0m
( 26.892s) Epoch 123/500: loss=0.069145[0m
( 27.004s) Epoch 124/500: loss=0.069690[0m
( 26.976s) Epoch 125/500: loss=0.072044[0m
( 26.890s) Epoch 126/500: loss=0.073046[0m
( 26.874s) Epoch 127/500: loss=0.068935[0m
( 26.866s) Epoch 128/500: loss=0.068752[0m
( 26.914s) Epoch 129/500: loss=0.069338[0m
( 27.001s) Epoch 130/500: loss=0.067573[0m
( 26.949s) Epoch 131/500: loss=0.070710[0m
( 26.874s) Epoch 132/500: loss=0.067653[0m
( 26.906s) Epoch 133/500: loss=0.068355[0m
( 26.856s) Epoch 134/500: loss=0.068116[0m
( 27.043s) Epoch 135/500: loss=0.066573[0m
( 26.912s) Epoch 136/500: loss=0.070753[0m
( 26.873s) Epoch 137/500: loss=0.068652[0m
( 26.894s) Epoch 138/500: loss=0.071742[0m
( 26.882s) Epoch 139/500: loss=[32m0.064322[0m
( 26.887s) Epoch 140/500: loss=0.070388[0m
( 27.018s) Epoch 141/500: loss=0.070529[0m
( 26.914s) Epoch 142/500: loss=0.067555[0m
( 26.878s) Epoch 143/500: loss=0.068137[0m
( 26.857s) Epoch 144/500: loss=[32m0.063430[0m
( 26.862s) Epoch 145/500: loss=[32m0.060999[0m
( 26.999s) Epoch 146/500: loss=0.065369[0m
( 26.937s) Epoch 147/500: loss=0.061911[0m
( 26.855s) Epoch 148/500: loss=0.062476[0m
( 26.840s) Epoch 149/500: loss=0.064246[0m
( 26.874s) Epoch 150/500: loss=0.062914[0m
( 26.849s) Epoch 151/500: loss=0.062521[0m
( 27.013s) Epoch 152/500: loss=0.064068[0m
( 26.965s) Epoch 153/500: loss=0.064882[0m
( 26.909s) Epoch 154/500: loss=0.064809[0m
( 26.891s) Epoch 155/500: loss=0.064224[0m
( 26.897s) Epoch 156/500: loss=0.062665[0m
( 26.912s) Epoch 157/500: loss=0.062422[0m
( 27.028s) Epoch 158/500: loss=0.063505[0m
( 26.921s) Epoch 159/500: loss=0.061369[0m
( 26.911s) Epoch 160/500: loss=0.062426[0m
( 26.892s) Epoch 161/500: loss=[32m0.058752[0m
( 26.875s) Epoch 162/500: loss=0.063795[0m
( 27.025s) Epoch 163/500: loss=0.063003[0m
( 26.916s) Epoch 164/500: loss=0.065315[0m
( 26.889s) Epoch 165/500: loss=0.060471[0m
( 26.880s) Epoch 166/500: loss=[32m0.058178[0m
( 26.934s) Epoch 167/500: loss=0.059535[0m
( 26.879s) Epoch 168/500: loss=0.059904[0m
( 27.036s) Epoch 169/500: loss=0.062534[0m
( 26.942s) Epoch 170/500: loss=0.062021[0m
( 26.881s) Epoch 171/500: loss=0.059902[0m
( 26.881s) Epoch 172/500: loss=0.060478[0m
( 26.880s) Epoch 173/500: loss=0.060187[0m
( 26.987s) Epoch 174/500: loss=0.064820[0m
( 26.949s) Epoch 175/500: loss=0.061033[0m
( 26.919s) Epoch 176/500: loss=0.062976[0m
( 26.907s) Epoch 177/500: loss=0.062223[0m
( 26.880s) Epoch 178/500: loss=0.058397[0m
( 26.881s) Epoch 179/500: loss=[32m0.057966[0m
( 27.013s) Epoch 180/500: loss=0.058964[0m
( 26.919s) Epoch 181/500: loss=0.059140[0m
( 26.890s) Epoch 182/500: loss=0.058644[0m
( 26.885s) Epoch 183/500: loss=0.059271[0m
( 26.901s) Epoch 184/500: loss=0.062844[0m
( 26.944s) Epoch 185/500: loss=[32m0.056814[0m
( 27.012s) Epoch 186/500: loss=0.060117[0m
( 26.911s) Epoch 187/500: loss=0.061145[0m
( 26.888s) Epoch 188/500: loss=0.057819[0m
( 26.896s) Epoch 189/500: loss=0.057702[0m
( 26.913s) Epoch 190/500: loss=[32m0.056722[0m
( 26.989s) Epoch 191/500: loss=0.059757[0m
( 26.991s) Epoch 192/500: loss=0.056798[0m
( 26.888s) Epoch 193/500: loss=0.059180[0m
( 26.910s) Epoch 194/500: loss=0.057930[0m
( 26.870s) Epoch 195/500: loss=[32m0.055770[0m
( 26.933s) Epoch 196/500: loss=0.058102[0m
( 26.979s) Epoch 197/500: loss=0.056707[0m
( 26.975s) Epoch 198/500: loss=[32m0.055215[0m
( 26.858s) Epoch 199/500: loss=0.058609[0m
( 26.919s) Epoch 200/500: loss=0.057826[0m
( 26.885s) Epoch 201/500: loss=0.055957[0m
( 26.982s) Epoch 202/500: loss=0.056377[0m
( 26.973s) Epoch 203/500: loss=0.059702[0m
( 26.908s) Epoch 204/500: loss=0.058170[0m
( 26.887s) Epoch 205/500: loss=0.056452[0m
( 26.900s) Epoch 206/500: loss=0.058301[0m
( 26.901s) Epoch 207/500: loss=0.056621[0m
( 27.007s) Epoch 208/500: loss=0.058347[0m
( 26.947s) Epoch 209/500: loss=0.058443[0m
( 26.902s) Epoch 210/500: loss=0.060791[0m
( 26.888s) Epoch 211/500: loss=0.059596[0m
( 26.899s) Epoch 212/500: loss=[32m0.053587[0m
( 26.991s) Epoch 213/500: loss=0.056026[0m
( 26.922s) Epoch 214/500: loss=0.057071[0m
( 26.965s) Epoch 215/500: loss=0.055778[0m
( 26.865s) Epoch 216/500: loss=0.057269[0m
( 26.888s) Epoch 217/500: loss=0.055732[0m
( 26.887s) Epoch 218/500: loss=0.056131[0m
( 27.047s) Epoch 219/500: loss=0.057144[0m
( 26.903s) Epoch 220/500: loss=0.056333[0m
( 26.938s) Epoch 221/500: loss=0.058007[0m
( 26.910s) Epoch 222/500: loss=0.056354[0m
( 26.900s) Epoch 223/500: loss=0.056770[0m
( 26.861s) Epoch 224/500: loss=0.054044[0m
( 27.030s) Epoch 225/500: loss=0.056301[0m
( 26.908s) Epoch 226/500: loss=0.054650[0m
( 26.919s) Epoch 227/500: loss=0.056062[0m
( 26.883s) Epoch 228/500: loss=0.058108[0m
( 26.884s) Epoch 229/500: loss=[32m0.051676[0m
( 26.978s) Epoch 230/500: loss=0.054798[0m
( 26.971s) Epoch 231/500: loss=0.057571[0m
( 26.902s) Epoch 232/500: loss=0.054377[0m
( 26.879s) Epoch 233/500: loss=0.056412[0m
( 26.877s) Epoch 234/500: loss=0.053194[0m
( 26.930s) Epoch 235/500: loss=0.054857[0m
( 27.012s) Epoch 236/500: loss=0.056251[0m
( 26.941s) Epoch 237/500: loss=0.056794[0m
( 26.939s) Epoch 238/500: loss=0.056213[0m
( 26.876s) Epoch 239/500: loss=0.054348[0m
( 26.889s) Epoch 240/500: loss=0.053559[0m
( 26.954s) Epoch 241/500: loss=0.056689[0m
( 26.955s) Epoch 242/500: loss=0.055932[0m
( 26.905s) Epoch 243/500: loss=0.054223[0m
( 26.887s) Epoch 244/500: loss=0.053748[0m
( 26.896s) Epoch 245/500: loss=0.056427[0m
( 26.919s) Epoch 246/500: loss=0.053926[0m
( 26.956s) Epoch 247/500: loss=0.054159[0m
( 26.971s) Epoch 248/500: loss=0.057049[0m
( 26.906s) Epoch 249/500: loss=0.056774[0m
( 26.880s) Epoch 250/500: loss=0.052714[0m
( 26.878s) Epoch 251/500: loss=0.056432[0m
( 26.890s) Epoch 252/500: loss=0.055942[0m
( 26.983s) Epoch 253/500: loss=0.053942[0m
( 26.953s) Epoch 254/500: loss=0.058873[0m
( 26.890s) Epoch 255/500: loss=0.057062[0m
( 26.899s) Epoch 256/500: loss=0.055166[0m
( 26.902s) Epoch 257/500: loss=0.056225[0m
( 26.957s) Epoch 258/500: loss=0.056398[0m
( 26.948s) Epoch 259/500: loss=0.055949[0m
( 26.948s) Epoch 260/500: loss=0.057006[0m
( 26.889s) Epoch 261/500: loss=0.055509[0m
( 26.893s) Epoch 262/500: loss=0.055153[0m
( 26.916s) Epoch 263/500: loss=0.057692[0m
( 26.995s) Epoch 264/500: loss=0.054855[0m
( 26.925s) Epoch 265/500: loss=0.056864[0m
( 26.901s) Epoch 266/500: loss=0.055217[0m
( 26.888s) Epoch 267/500: loss=0.054532[0m
( 26.860s) Epoch 268/500: loss=0.056175[0m
( 26.930s) Epoch 269/500: loss=0.056019[0m
( 27.070s) Epoch 270/500: loss=0.058524[0m
( 26.973s) Epoch 271/500: loss=0.054944[0m
( 26.887s) Epoch 272/500: loss=0.057159[0m
( 26.943s) Epoch 273/500: loss=0.056280[0m
( 26.915s) Epoch 274/500: loss=0.055721[0m
( 26.982s) Epoch 275/500: loss=0.054804[0m
( 26.993s) Epoch 276/500: loss=0.055408[0m
( 26.915s) Epoch 277/500: loss=0.053047[0m
( 26.905s) Epoch 278/500: loss=0.054231[0m
( 26.915s) Epoch 279/500: loss=0.057105[0m
( 26.878s) Epoch 280/500: loss=0.054290[0m
( 27.025s) Epoch 281/500: loss=0.056711[0m
( 26.943s) Epoch 282/500: loss=0.055798[0m
( 26.893s) Epoch 283/500: loss=0.054868[0m
( 26.926s) Epoch 284/500: loss=0.056231[0m
( 26.868s) Epoch 285/500: loss=0.052781[0m
( 26.977s) Epoch 286/500: loss=0.053615[0m
( 26.950s) Epoch 287/500: loss=0.053765[0m
( 26.942s) Epoch 288/500: loss=0.055574[0m
( 26.860s) Epoch 289/500: loss=0.056053[0m
( 26.876s) Epoch 290/500: loss=0.053616[0m
( 26.895s) Epoch 291/500: loss=0.054044[0m
( 27.042s) Epoch 292/500: loss=0.055814[0m
( 26.918s) Epoch 293/500: loss=0.055081[0m
( 26.930s) Epoch 294/500: loss=0.054498[0m
( 26.885s) Epoch 295/500: loss=0.055123[0m
( 26.887s) Epoch 296/500: loss=0.055944[0m
( 26.901s) Epoch 297/500: loss=0.056184[0m
( 26.971s) Epoch 298/500: loss=0.054454[0m
( 26.933s) Epoch 299/500: loss=0.055454[0m
( 26.913s) Epoch 300/500: loss=0.057868[0m
( 26.941s) Epoch 301/500: loss=0.058014[0m
( 26.895s) Epoch 302/500: loss=0.054998[0m
( 26.955s) Epoch 303/500: loss=0.056916[0m
( 27.015s) Epoch 304/500: loss=0.056836[0m
( 26.895s) Epoch 305/500: loss=0.054941[0m
( 26.847s) Epoch 306/500: loss=0.055997[0m
( 26.975s) Epoch 307/500: loss=0.058970[0m
( 26.892s) Epoch 308/500: loss=0.052382[0m
( 27.047s) Epoch 309/500: loss=0.056771[0m
( 26.959s) Epoch 310/500: loss=0.057214[0m
( 26.920s) Epoch 311/500: loss=0.058176[0m
( 26.905s) Epoch 312/500: loss=0.057762[0m
( 26.922s) Epoch 313/500: loss=0.056932[0m
( 26.913s) Epoch 314/500: loss=0.058752[0m
( 26.962s) Epoch 315/500: loss=0.055087[0m
( 26.906s) Epoch 316/500: loss=0.054822[0m
( 26.955s) Epoch 317/500: loss=0.055721[0m
( 26.885s) Epoch 318/500: loss=0.058966[0m
( 26.942s) Epoch 319/500: loss=0.058527[0m
( 26.995s) Epoch 320/500: loss=0.056103[0m
( 27.156s) Epoch 321/500: loss=0.058225[0m
( 26.880s) Epoch 322/500: loss=0.055369[0m
( 26.869s) Epoch 323/500: loss=0.056810[0m
( 26.884s) Epoch 324/500: loss=0.055810[0m
( 26.899s) Epoch 325/500: loss=0.055733[0m
( 27.029s) Epoch 326/500: loss=0.060866[0m
( 26.946s) Epoch 327/500: loss=0.057478[0m
( 26.900s) Epoch 328/500: loss=0.056744[0m
( 26.875s) Epoch 329/500: loss=0.058838[0m
( 26.927s) Epoch 330/500: loss=0.057883[0m
( 26.927s) Epoch 331/500: loss=0.057020[0m
( 26.978s) Epoch 332/500: loss=0.057287[0m
( 26.931s) Epoch 333/500: loss=0.054614[0m
( 26.904s) Epoch 334/500: loss=0.057357[0m
( 26.875s) Epoch 335/500: loss=0.055417[0m
( 26.920s) Epoch 336/500: loss=0.055395[0m
( 26.989s) Epoch 337/500: loss=0.056980[0m
( 26.937s) Epoch 338/500: loss=0.056269[0m
( 26.875s) Epoch 339/500: loss=0.056666[0m
( 26.903s) Epoch 340/500: loss=0.059446[0m
( 26.855s) Epoch 341/500: loss=0.057643[0m
( 26.920s) Epoch 342/500: loss=0.056076[0m
( 27.000s) Epoch 343/500: loss=0.059723[0m
( 27.009s) Epoch 344/500: loss=0.058989[0m
( 26.863s) Epoch 345/500: loss=0.057553[0m
( 26.905s) Epoch 346/500: loss=0.058832[0m
( 26.888s) Epoch 347/500: loss=0.058993[0m
( 26.958s) Epoch 348/500: loss=0.059239[0m
( 26.990s) Epoch 349/500: loss=0.060386[0m
( 26.884s) Epoch 350/500: loss=0.055514[0m
( 26.928s) Epoch 351/500: loss=0.056597[0m
( 26.883s) Epoch 352/500: loss=0.058791[0m
( 26.889s) Epoch 353/500: loss=0.056723[0m
( 27.013s) Epoch 354/500: loss=0.061162[0m
( 26.922s) Epoch 355/500: loss=0.058954[0m
( 26.863s) Epoch 356/500: loss=0.058812[0m
( 26.893s) Epoch 357/500: loss=0.062904[0m
( 26.862s) Epoch 358/500: loss=0.059763[0m
( 27.007s) Epoch 359/500: loss=0.061556[0m
( 26.908s) Epoch 360/500: loss=0.060492[0m
( 26.958s) Epoch 361/500: loss=0.060045[0m
( 26.895s) Epoch 362/500: loss=0.058420[0m
( 26.844s) Epoch 363/500: loss=0.059975[0m
( 26.877s) Epoch 364/500: loss=0.063054[0m
( 27.009s) Epoch 365/500: loss=0.058306[0m
( 26.886s) Epoch 366/500: loss=0.057593[0m
( 26.897s) Epoch 367/500: loss=0.060015[0m
( 26.892s) Epoch 368/500: loss=0.061956[0m
( 26.891s) Epoch 369/500: loss=0.060676[0m
( 26.904s) Epoch 370/500: loss=0.057104[0m
( 27.006s) Epoch 371/500: loss=0.061624[0m
( 26.954s) Epoch 372/500: loss=0.061847[0m
( 26.926s) Epoch 373/500: loss=0.061296[0m
( 26.926s) Epoch 374/500: loss=0.058843[0m
( 26.887s) Epoch 375/500: loss=0.059242[0m
( 26.962s) Epoch 376/500: loss=0.063833[0m
( 26.972s) Epoch 377/500: loss=0.061279[0m
( 26.889s) Epoch 378/500: loss=0.061580[0m
( 26.912s) Epoch 379/500: loss=0.065941[0m
( 26.942s) Epoch 380/500: loss=0.058474[0m
( 26.874s) Epoch 381/500: loss=0.062418[0m
( 27.002s) Epoch 382/500: loss=0.060899[0m
( 26.915s) Epoch 383/500: loss=0.062018[0m
( 26.935s) Epoch 384/500: loss=0.062860[0m
( 26.846s) Epoch 385/500: loss=0.062408[0m
( 26.952s) Epoch 386/500: loss=0.058720[0m
( 26.948s) Epoch 387/500: loss=0.059874[0m
( 26.999s) Epoch 388/500: loss=0.058993[0m
( 26.946s) Epoch 389/500: loss=0.064005[0m
( 26.895s) Epoch 390/500: loss=0.059159[0m
( 26.871s) Epoch 391/500: loss=0.065082[0m
( 26.856s) Epoch 392/500: loss=0.059911[0m
( 26.951s) Epoch 393/500: loss=0.068307[0m
( 26.975s) Epoch 394/500: loss=0.061673[0m
( 26.878s) Epoch 395/500: loss=0.062713[0m
( 26.876s) Epoch 396/500: loss=0.067669[0m
( 26.897s) Epoch 397/500: loss=0.067540[0m
( 26.872s) Epoch 398/500: loss=0.061043[0m
( 27.027s) Epoch 399/500: loss=0.067511[0m
( 26.903s) Epoch 400/500: loss=0.065333[0m
( 26.889s) Epoch 401/500: loss=0.066959[0m
( 26.894s) Epoch 402/500: loss=0.065307[0m
( 26.895s) Epoch 403/500: loss=0.064819[0m
( 26.964s) Epoch 404/500: loss=0.062308[0m
( 26.953s) Epoch 405/500: loss=0.064682[0m
( 26.942s) Epoch 406/500: loss=0.060156[0m
( 26.908s) Epoch 407/500: loss=0.061839[0m
( 26.871s) Epoch 408/500: loss=0.063282[0m
( 26.861s) Epoch 409/500: loss=0.067345[0m
( 26.993s) Epoch 410/500: loss=0.061066[0m
( 26.979s) Epoch 411/500: loss=0.064007[0m
( 26.909s) Epoch 412/500: loss=0.066375[0m
( 26.900s) Epoch 413/500: loss=0.066790[0m
( 26.854s) Epoch 414/500: loss=0.061195[0m
( 26.927s) Epoch 415/500: loss=0.062509[0m
( 27.012s) Epoch 416/500: loss=0.064179[0m
( 26.943s) Epoch 417/500: loss=0.068420[0m
( 26.892s) Epoch 418/500: loss=0.061675[0m
( 26.907s) Epoch 419/500: loss=0.061127[0m
( 26.910s) Epoch 420/500: loss=0.065994[0m
( 26.949s) Epoch 421/500: loss=0.063245[0m
( 27.012s) Epoch 422/500: loss=0.066254[0m
( 26.885s) Epoch 423/500: loss=0.064575[0m
( 26.905s) Epoch 424/500: loss=0.063785[0m
( 26.900s) Epoch 425/500: loss=0.064464[0m
( 26.899s) Epoch 426/500: loss=0.062650[0m
( 27.027s) Epoch 427/500: loss=0.063582[0m
( 26.939s) Epoch 428/500: loss=0.064108[0m
( 26.872s) Epoch 429/500: loss=0.062987[0m
( 26.905s) Epoch 430/500: loss=0.062916[0m
( 26.864s) Epoch 431/500: loss=0.064398[0m
( 26.998s) Epoch 432/500: loss=0.064764[0m
( 26.912s) Epoch 433/500: loss=0.062697[0m
( 26.972s) Epoch 434/500: loss=0.062679[0m
( 26.857s) Epoch 435/500: loss=0.061748[0m
( 26.898s) Epoch 436/500: loss=0.067214[0m
( 26.861s) Epoch 437/500: loss=0.061625[0m
( 26.968s) Epoch 438/500: loss=0.064612[0m
( 26.956s) Epoch 439/500: loss=0.063387[0m
( 26.876s) Epoch 440/500: loss=0.066473[0m
( 26.898s) Epoch 441/500: loss=0.063225[0m
( 26.903s) Epoch 442/500: loss=0.065337[0m
( 26.907s) Epoch 443/500: loss=0.061644[0m
( 27.031s) Epoch 444/500: loss=0.063616[0m
( 26.950s) Epoch 445/500: loss=0.059888[0m
( 26.897s) Epoch 446/500: loss=0.064196[0m
( 26.896s) Epoch 447/500: loss=0.067976[0m
( 26.879s) Epoch 448/500: loss=0.063513[0m
( 26.992s) Epoch 449/500: loss=0.066889[0m
( 26.878s) Epoch 450/500: loss=0.065492[0m
( 26.936s) Epoch 451/500: loss=0.065084[0m
( 26.879s) Epoch 452/500: loss=0.067639[0m
( 26.887s) Epoch 453/500: loss=0.064830[0m
( 26.889s) Epoch 454/500: loss=0.062650[0m
( 27.029s) Epoch 455/500: loss=0.061440[0m
( 26.926s) Epoch 456/500: loss=0.061796[0m
( 26.932s) Epoch 457/500: loss=0.061950[0m
( 26.889s) Epoch 458/500: loss=0.066338[0m
( 26.908s) Epoch 459/500: loss=0.062303[0m
( 26.913s) Epoch 460/500: loss=0.061798[0m
( 27.055s) Epoch 461/500: loss=0.065331[0m
( 26.946s) Epoch 462/500: loss=0.060568[0m
( 26.911s) Epoch 463/500: loss=0.065533[0m
( 26.850s) Epoch 464/500: loss=0.060510[0m
( 26.874s) Epoch 465/500: loss=0.061912[0m
( 26.956s) Epoch 466/500: loss=0.062738[0m
( 26.987s) Epoch 467/500: loss=0.065226[0m
( 26.874s) Epoch 468/500: loss=0.066635[0m
( 26.856s) Epoch 469/500: loss=0.064269[0m
( 26.903s) Epoch 470/500: loss=0.062025[0m
( 26.889s) Epoch 471/500: loss=0.063999[0m
( 27.031s) Epoch 472/500: loss=0.061247[0m
( 26.912s) Epoch 473/500: loss=0.061419[0m
( 26.935s) Epoch 474/500: loss=0.064416[0m
( 26.869s) Epoch 475/500: loss=0.065626[0m
( 26.907s) Epoch 476/500: loss=0.066735[0m
( 26.946s) Epoch 477/500: loss=0.061796[0m
( 26.973s) Epoch 478/500: loss=0.063620[0m
( 26.924s) Epoch 479/500: loss=0.059644[0m
( 26.942s) Epoch 480/500: loss=0.061114[0m
( 26.882s) Epoch 481/500: loss=0.061595[0m
( 26.917s) Epoch 482/500: loss=0.060808[0m
( 27.023s) Epoch 483/500: loss=0.056525[0m
( 26.949s) Epoch 484/500: loss=0.060266[0m
( 26.922s) Epoch 485/500: loss=0.063213[0m
( 26.896s) Epoch 486/500: loss=0.060968[0m
( 26.922s) Epoch 487/500: loss=0.058520[0m
( 26.866s) Epoch 488/500: loss=0.057591[0m
( 27.005s) Epoch 489/500: loss=0.060902[0m
( 26.961s) Epoch 490/500: loss=0.061113[0m
( 26.898s) Epoch 491/500: loss=0.058302[0m
( 26.867s) Epoch 492/500: loss=0.060564[0m
( 26.903s) Epoch 493/500: loss=0.064051[0m
( 26.952s) Epoch 494/500: loss=0.064993[0m
( 27.005s) Epoch 495/500: loss=0.064332[0m
( 26.846s) Epoch 496/500: loss=0.060272[0m
( 26.920s) Epoch 497/500: loss=0.061075[0m
( 26.887s) Epoch 498/500: loss=0.064370[0m
( 26.933s) Epoch 499/500: loss=0.059612[0m
( 27.036s) Epoch 500/500: loss=0.064800[0m
Training for 500 epochs took 13461.741s total and 26.923s average
Calculating mean of transformed dataset using the best model state ... 5.179s
Saving best model and options to /home/aditya.bharti/FewShot/cifar100fs_hyperparam/ColorGauss.pth
