Namespace(T_max=250, backbone='resnet50', base_learning_rate=0.1, base_optimizer='SGD', batch_size=256, dampening=0.0, data_percent=20, dataset='cifar100fs', dataset_root=None, distributed=True, episode_strat='SimpleShotEpisodes', eval_freq=2000, fine_tune_epochs=20, fine_tune_save_path='ft0.pth', first_augment='CropResize', head='SimpleMLP', ipca=False, ipca_dim=128, jitter_strength=1.0, k_shot=5, load_from=None, local_rank=0, log_file=<_io.TextIOWrapper name='/home/aditya.bharti/FewShot/cifar100fs_hyperparam/CropGauss.out' mode='a' encoding='UTF-8'>, loss_function='NTXent', model='SimCLRModel', momentum=0.9, n_way=5, nesterov=True, ntxent_temp=0.1, num_epochs=500, num_query=15, num_test_tasks=10000, num_workers=4, pin_memory=True, pretrained=False, progress=False, projection_dim=128, save_model=True, save_path='/home/aditya.bharti/FewShot/cifar100fs_hyperparam/CropGauss.pth', scaler=True, scheduler='CosineAnnealingLR', second_augment='GaussBlur', shuffle=True, simple_opt=True, testing_strat='Classify1NN', use_trainval=True, weight_decay=0.0001)
Starting Training on:
Train:  80 classes
Valid:  16 classes
Test:   20 classes
------------------
( 55.718s) Epoch 001/500: loss=[32m5.147288[0m
( 26.755s) Epoch 002/500: loss=[32m3.875545[0m
( 23.180s) Epoch 003/500: loss=[32m3.261032[0m
( 23.175s) Epoch 004/500: loss=[32m2.571450[0m
( 23.264s) Epoch 005/500: loss=[32m1.958558[0m
( 23.217s) Epoch 006/500: loss=[32m1.618739[0m
( 23.183s) Epoch 007/500: loss=[32m1.452873[0m
( 23.224s) Epoch 008/500: loss=[32m1.278108[0m
( 23.281s) Epoch 009/500: loss=[32m1.182115[0m
( 23.200s) Epoch 010/500: loss=[32m1.133189[0m
( 23.225s) Epoch 011/500: loss=[32m1.061145[0m
( 23.255s) Epoch 012/500: loss=[32m0.989897[0m
( 23.311s) Epoch 013/500: loss=[32m0.932532[0m
( 23.258s) Epoch 014/500: loss=[32m0.911459[0m
( 23.231s) Epoch 015/500: loss=[32m0.856930[0m
( 23.264s) Epoch 016/500: loss=[32m0.817540[0m
( 23.246s) Epoch 017/500: loss=[32m0.778876[0m
( 23.299s) Epoch 018/500: loss=[32m0.768453[0m
( 23.237s) Epoch 019/500: loss=[32m0.741458[0m
( 23.237s) Epoch 020/500: loss=[32m0.712341[0m
( 23.282s) Epoch 021/500: loss=[32m0.710741[0m
( 23.311s) Epoch 022/500: loss=[32m0.672687[0m
( 23.258s) Epoch 023/500: loss=[32m0.667291[0m
( 23.242s) Epoch 024/500: loss=[32m0.643003[0m
( 23.225s) Epoch 025/500: loss=[32m0.638170[0m
( 23.243s) Epoch 026/500: loss=[32m0.617393[0m
( 23.274s) Epoch 027/500: loss=[32m0.602107[0m
( 23.240s) Epoch 028/500: loss=[32m0.590699[0m
( 23.272s) Epoch 029/500: loss=[32m0.569289[0m
( 23.242s) Epoch 030/500: loss=[32m0.558322[0m
( 23.311s) Epoch 031/500: loss=0.562263[0m
( 23.312s) Epoch 032/500: loss=[32m0.547680[0m
( 23.213s) Epoch 033/500: loss=[32m0.532718[0m
( 23.252s) Epoch 034/500: loss=0.548297[0m
( 23.251s) Epoch 035/500: loss=[32m0.532577[0m
( 23.346s) Epoch 036/500: loss=[32m0.524052[0m
( 23.256s) Epoch 037/500: loss=[32m0.522036[0m
( 23.278s) Epoch 038/500: loss=[32m0.510367[0m
( 23.309s) Epoch 039/500: loss=[32m0.507589[0m
( 23.305s) Epoch 040/500: loss=[32m0.489779[0m
( 23.365s) Epoch 041/500: loss=0.497933[0m
( 23.277s) Epoch 042/500: loss=[32m0.480663[0m
( 23.306s) Epoch 043/500: loss=[32m0.467142[0m
( 23.263s) Epoch 044/500: loss=0.472340[0m
( 23.374s) Epoch 045/500: loss=[32m0.465827[0m
( 23.339s) Epoch 046/500: loss=[32m0.458440[0m
( 23.336s) Epoch 047/500: loss=0.459317[0m
( 23.273s) Epoch 048/500: loss=[32m0.455016[0m
( 23.302s) Epoch 049/500: loss=[32m0.450301[0m
( 23.386s) Epoch 050/500: loss=[32m0.443776[0m
( 23.289s) Epoch 051/500: loss=[32m0.429997[0m
( 23.319s) Epoch 052/500: loss=0.441433[0m
( 23.278s) Epoch 053/500: loss=0.446955[0m
( 23.319s) Epoch 054/500: loss=[32m0.415659[0m
( 23.333s) Epoch 055/500: loss=0.433557[0m
( 23.260s) Epoch 056/500: loss=0.431591[0m
( 23.293s) Epoch 057/500: loss=[32m0.409601[0m
( 23.282s) Epoch 058/500: loss=0.416035[0m
( 23.289s) Epoch 059/500: loss=0.413594[0m
( 23.360s) Epoch 060/500: loss=0.413279[0m
( 23.266s) Epoch 061/500: loss=[32m0.404196[0m
( 23.298s) Epoch 062/500: loss=0.408918[0m
( 23.253s) Epoch 063/500: loss=[32m0.402183[0m
( 23.389s) Epoch 064/500: loss=0.402437[0m
( 23.304s) Epoch 065/500: loss=[32m0.391376[0m
( 23.285s) Epoch 066/500: loss=0.395975[0m
( 23.266s) Epoch 067/500: loss=[32m0.389128[0m
( 23.278s) Epoch 068/500: loss=0.399238[0m
( 23.357s) Epoch 069/500: loss=[32m0.384997[0m
( 23.266s) Epoch 070/500: loss=0.386754[0m
( 23.256s) Epoch 071/500: loss=[32m0.368563[0m
( 23.305s) Epoch 072/500: loss=0.382866[0m
( 23.334s) Epoch 073/500: loss=0.371389[0m
( 23.337s) Epoch 074/500: loss=[32m0.365767[0m
( 23.293s) Epoch 075/500: loss=[32m0.358797[0m
( 23.280s) Epoch 076/500: loss=[32m0.349702[0m
( 23.275s) Epoch 077/500: loss=0.366612[0m
( 23.375s) Epoch 078/500: loss=0.376508[0m
( 23.317s) Epoch 079/500: loss=0.351981[0m
( 23.282s) Epoch 080/500: loss=0.350771[0m
( 23.259s) Epoch 081/500: loss=0.352361[0m
( 23.268s) Epoch 082/500: loss=[32m0.345433[0m
( 23.392s) Epoch 083/500: loss=0.365929[0m
( 23.251s) Epoch 084/500: loss=0.359121[0m
( 23.282s) Epoch 085/500: loss=0.352145[0m
( 23.275s) Epoch 086/500: loss=0.353560[0m
( 23.266s) Epoch 087/500: loss=[32m0.340707[0m
( 23.437s) Epoch 088/500: loss=[32m0.340117[0m
( 23.292s) Epoch 089/500: loss=0.357370[0m
( 23.308s) Epoch 090/500: loss=0.340885[0m
( 23.355s) Epoch 091/500: loss=[32m0.333520[0m
( 23.364s) Epoch 092/500: loss=[32m0.323856[0m
( 23.392s) Epoch 093/500: loss=0.330216[0m
( 23.329s) Epoch 094/500: loss=0.337055[0m
( 23.283s) Epoch 095/500: loss=0.335902[0m
( 23.295s) Epoch 096/500: loss=0.334506[0m
( 23.364s) Epoch 097/500: loss=0.329953[0m
( 23.354s) Epoch 098/500: loss=0.324461[0m
( 23.265s) Epoch 099/500: loss=0.336610[0m
( 23.314s) Epoch 100/500: loss=0.325631[0m
( 23.301s) Epoch 101/500: loss=[32m0.323819[0m
( 23.404s) Epoch 102/500: loss=[32m0.321647[0m
( 23.320s) Epoch 103/500: loss=[32m0.314554[0m
( 23.323s) Epoch 104/500: loss=0.318470[0m
( 23.288s) Epoch 105/500: loss=0.320422[0m
( 23.332s) Epoch 106/500: loss=[32m0.313206[0m
( 23.377s) Epoch 107/500: loss=0.331183[0m
( 23.298s) Epoch 108/500: loss=0.320575[0m
( 23.284s) Epoch 109/500: loss=0.313238[0m
( 23.296s) Epoch 110/500: loss=[32m0.304983[0m
( 23.389s) Epoch 111/500: loss=[32m0.297895[0m
( 23.356s) Epoch 112/500: loss=0.303426[0m
( 23.288s) Epoch 113/500: loss=0.298884[0m
( 23.300s) Epoch 114/500: loss=0.310876[0m
( 23.312s) Epoch 115/500: loss=0.303588[0m
( 23.381s) Epoch 116/500: loss=0.309083[0m
( 23.331s) Epoch 117/500: loss=[32m0.289725[0m
( 23.309s) Epoch 118/500: loss=0.297003[0m
( 23.304s) Epoch 119/500: loss=0.306475[0m
( 23.299s) Epoch 120/500: loss=0.304957[0m
( 23.411s) Epoch 121/500: loss=0.300438[0m
( 23.311s) Epoch 122/500: loss=0.297909[0m
( 23.289s) Epoch 123/500: loss=0.293988[0m
( 23.295s) Epoch 124/500: loss=0.290405[0m
( 23.305s) Epoch 125/500: loss=[32m0.289250[0m
( 23.366s) Epoch 126/500: loss=0.291821[0m
( 23.315s) Epoch 127/500: loss=[32m0.288956[0m
( 23.288s) Epoch 128/500: loss=0.294638[0m
( 23.305s) Epoch 129/500: loss=[32m0.283633[0m
( 23.366s) Epoch 130/500: loss=[32m0.282259[0m
( 23.329s) Epoch 131/500: loss=[32m0.276676[0m
( 23.338s) Epoch 132/500: loss=0.290533[0m
( 23.333s) Epoch 133/500: loss=0.284405[0m
( 23.299s) Epoch 134/500: loss=0.287923[0m
( 23.391s) Epoch 135/500: loss=0.285725[0m
( 23.301s) Epoch 136/500: loss=0.288233[0m
( 23.320s) Epoch 137/500: loss=0.289537[0m
( 23.301s) Epoch 138/500: loss=0.279829[0m
( 23.302s) Epoch 139/500: loss=0.279107[0m
( 23.427s) Epoch 140/500: loss=0.280742[0m
( 23.300s) Epoch 141/500: loss=0.277437[0m
( 23.306s) Epoch 142/500: loss=[32m0.274720[0m
( 23.295s) Epoch 143/500: loss=0.277161[0m
( 23.334s) Epoch 144/500: loss=[32m0.271119[0m
( 23.405s) Epoch 145/500: loss=[32m0.270498[0m
( 23.317s) Epoch 146/500: loss=[32m0.265021[0m
( 23.318s) Epoch 147/500: loss=0.269181[0m
( 23.288s) Epoch 148/500: loss=0.275911[0m
( 23.382s) Epoch 149/500: loss=0.273759[0m
( 23.349s) Epoch 150/500: loss=0.275580[0m
( 23.312s) Epoch 151/500: loss=0.266852[0m
( 23.293s) Epoch 152/500: loss=[32m0.263205[0m
( 23.291s) Epoch 153/500: loss=0.267723[0m
( 23.363s) Epoch 154/500: loss=0.264998[0m
( 23.343s) Epoch 155/500: loss=0.268961[0m
( 23.300s) Epoch 156/500: loss=0.266440[0m
( 23.320s) Epoch 157/500: loss=0.274940[0m
( 23.318s) Epoch 158/500: loss=[32m0.261260[0m
( 23.371s) Epoch 159/500: loss=0.266042[0m
( 23.338s) Epoch 160/500: loss=0.267546[0m
( 23.323s) Epoch 161/500: loss=[32m0.255229[0m
( 23.296s) Epoch 162/500: loss=0.262428[0m
( 23.344s) Epoch 163/500: loss=0.256520[0m
( 23.402s) Epoch 164/500: loss=0.264203[0m
( 23.375s) Epoch 165/500: loss=[32m0.254927[0m
( 23.311s) Epoch 166/500: loss=0.262246[0m
( 23.288s) Epoch 167/500: loss=0.259894[0m
( 23.411s) Epoch 168/500: loss=[32m0.254829[0m
( 23.356s) Epoch 169/500: loss=[32m0.250121[0m
( 23.334s) Epoch 170/500: loss=0.254522[0m
( 23.317s) Epoch 171/500: loss=0.257971[0m
( 23.324s) Epoch 172/500: loss=0.251427[0m
( 23.381s) Epoch 173/500: loss=0.251795[0m
( 23.337s) Epoch 174/500: loss=[32m0.248177[0m
( 23.287s) Epoch 175/500: loss=0.248415[0m
( 23.325s) Epoch 176/500: loss=[32m0.247387[0m
( 23.341s) Epoch 177/500: loss=0.254957[0m
( 23.404s) Epoch 178/500: loss=0.254857[0m
( 23.351s) Epoch 179/500: loss=0.261001[0m
( 23.290s) Epoch 180/500: loss=[32m0.240977[0m
( 23.312s) Epoch 181/500: loss=0.252004[0m
( 23.371s) Epoch 182/500: loss=0.245292[0m
( 23.370s) Epoch 183/500: loss=[32m0.238924[0m
( 23.312s) Epoch 184/500: loss=0.242463[0m
( 23.301s) Epoch 185/500: loss=0.242336[0m
( 23.286s) Epoch 186/500: loss=0.244392[0m
( 23.363s) Epoch 187/500: loss=0.239777[0m
( 23.410s) Epoch 188/500: loss=0.241589[0m
( 23.309s) Epoch 189/500: loss=0.242647[0m
( 23.309s) Epoch 190/500: loss=[32m0.236995[0m
( 23.321s) Epoch 191/500: loss=0.242397[0m
( 23.346s) Epoch 192/500: loss=0.245361[0m
( 23.377s) Epoch 193/500: loss=0.237517[0m
( 23.325s) Epoch 194/500: loss=0.244219[0m
( 23.277s) Epoch 195/500: loss=0.237796[0m
( 23.286s) Epoch 196/500: loss=0.243479[0m
( 23.400s) Epoch 197/500: loss=0.240878[0m
( 23.364s) Epoch 198/500: loss=0.238417[0m
( 23.319s) Epoch 199/500: loss=[32m0.234161[0m
( 23.285s) Epoch 200/500: loss=0.234208[0m
( 23.339s) Epoch 201/500: loss=[32m0.230086[0m
( 23.357s) Epoch 202/500: loss=0.237435[0m
( 23.320s) Epoch 203/500: loss=0.242718[0m
( 23.333s) Epoch 204/500: loss=0.235653[0m
( 23.291s) Epoch 205/500: loss=0.240953[0m
( 23.376s) Epoch 206/500: loss=[32m0.226932[0m
( 23.337s) Epoch 207/500: loss=0.229001[0m
( 23.338s) Epoch 208/500: loss=0.227998[0m
( 23.317s) Epoch 209/500: loss=[32m0.223312[0m
( 23.311s) Epoch 210/500: loss=0.236313[0m
( 23.387s) Epoch 211/500: loss=0.233825[0m
( 23.394s) Epoch 212/500: loss=0.224369[0m
( 23.290s) Epoch 213/500: loss=0.235997[0m
( 23.297s) Epoch 214/500: loss=0.230120[0m
( 23.296s) Epoch 215/500: loss=0.230546[0m
( 23.385s) Epoch 216/500: loss=0.225142[0m
( 23.426s) Epoch 217/500: loss=0.232474[0m
( 23.314s) Epoch 218/500: loss=0.233483[0m
( 23.310s) Epoch 219/500: loss=0.230581[0m
( 23.302s) Epoch 220/500: loss=[32m0.218001[0m
( 23.366s) Epoch 221/500: loss=0.241379[0m
( 23.371s) Epoch 222/500: loss=0.228986[0m
( 23.333s) Epoch 223/500: loss=0.230992[0m
( 23.294s) Epoch 224/500: loss=0.231911[0m
( 23.319s) Epoch 225/500: loss=0.233334[0m
( 23.398s) Epoch 226/500: loss=0.223530[0m
( 23.400s) Epoch 227/500: loss=0.224262[0m
( 23.298s) Epoch 228/500: loss=0.230813[0m
( 23.288s) Epoch 229/500: loss=0.236388[0m
( 23.336s) Epoch 230/500: loss=0.231151[0m
( 23.396s) Epoch 231/500: loss=0.229125[0m
( 23.402s) Epoch 232/500: loss=0.228245[0m
( 23.315s) Epoch 233/500: loss=0.239563[0m
( 23.280s) Epoch 234/500: loss=0.223286[0m
( 23.359s) Epoch 235/500: loss=0.228959[0m
( 23.346s) Epoch 236/500: loss=0.228688[0m
( 23.399s) Epoch 237/500: loss=0.225831[0m
( 23.310s) Epoch 238/500: loss=0.225289[0m
( 23.315s) Epoch 239/500: loss=0.228134[0m
( 23.342s) Epoch 240/500: loss=0.223078[0m
( 23.332s) Epoch 241/500: loss=0.223802[0m
( 23.374s) Epoch 242/500: loss=0.231173[0m
( 23.287s) Epoch 243/500: loss=0.224170[0m
( 23.304s) Epoch 244/500: loss=0.229147[0m
( 23.390s) Epoch 245/500: loss=0.223384[0m
( 23.306s) Epoch 246/500: loss=0.221708[0m
( 23.352s) Epoch 247/500: loss=[32m0.215854[0m
( 23.313s) Epoch 248/500: loss=0.227711[0m
( 23.316s) Epoch 249/500: loss=0.229028[0m
( 23.334s) Epoch 250/500: loss=0.235378[0m
( 23.272s) Epoch 251/500: loss=0.222594[0m
( 23.351s) Epoch 252/500: loss=0.229451[0m
( 23.342s) Epoch 253/500: loss=0.225321[0m
( 23.323s) Epoch 254/500: loss=0.229376[0m
( 23.335s) Epoch 255/500: loss=0.224816[0m
( 23.304s) Epoch 256/500: loss=0.224650[0m
( 23.368s) Epoch 257/500: loss=0.224842[0m
( 23.324s) Epoch 258/500: loss=0.225266[0m
( 23.319s) Epoch 259/500: loss=0.233970[0m
( 23.336s) Epoch 260/500: loss=0.233445[0m
( 23.308s) Epoch 261/500: loss=0.225482[0m
( 23.367s) Epoch 262/500: loss=0.233776[0m
( 23.333s) Epoch 263/500: loss=0.227091[0m
( 23.345s) Epoch 264/500: loss=0.224485[0m
( 23.301s) Epoch 265/500: loss=0.227437[0m
( 23.338s) Epoch 266/500: loss=0.227488[0m
( 23.340s) Epoch 267/500: loss=0.227035[0m
( 23.298s) Epoch 268/500: loss=0.232437[0m
( 23.319s) Epoch 269/500: loss=0.229260[0m
( 23.315s) Epoch 270/500: loss=0.233996[0m
( 23.385s) Epoch 271/500: loss=0.237053[0m
( 23.263s) Epoch 272/500: loss=0.227226[0m
( 23.284s) Epoch 273/500: loss=0.230548[0m
( 23.348s) Epoch 274/500: loss=0.227602[0m
( 23.314s) Epoch 275/500: loss=0.224028[0m
( 23.401s) Epoch 276/500: loss=0.230831[0m
( 23.260s) Epoch 277/500: loss=0.220678[0m
( 23.285s) Epoch 278/500: loss=0.233722[0m
( 23.359s) Epoch 279/500: loss=0.219706[0m
( 23.316s) Epoch 280/500: loss=0.222730[0m
( 23.398s) Epoch 281/500: loss=0.225299[0m
( 23.283s) Epoch 282/500: loss=0.225831[0m
( 23.288s) Epoch 283/500: loss=0.224452[0m
( 23.368s) Epoch 284/500: loss=0.228841[0m
( 23.319s) Epoch 285/500: loss=0.231780[0m
( 23.382s) Epoch 286/500: loss=0.235469[0m
( 23.302s) Epoch 287/500: loss=0.232630[0m
( 23.269s) Epoch 288/500: loss=[32m0.213397[0m
( 23.312s) Epoch 289/500: loss=0.234597[0m
( 23.313s) Epoch 290/500: loss=0.223216[0m
( 23.385s) Epoch 291/500: loss=0.229360[0m
( 23.285s) Epoch 292/500: loss=0.236297[0m
( 23.267s) Epoch 293/500: loss=0.237695[0m
( 23.355s) Epoch 294/500: loss=0.231089[0m
( 23.298s) Epoch 295/500: loss=0.230996[0m
( 23.356s) Epoch 296/500: loss=0.233402[0m
( 23.309s) Epoch 297/500: loss=0.229874[0m
( 23.274s) Epoch 298/500: loss=0.230886[0m
( 23.406s) Epoch 299/500: loss=0.232625[0m
( 23.335s) Epoch 300/500: loss=0.229982[0m
( 23.348s) Epoch 301/500: loss=0.225899[0m
( 23.309s) Epoch 302/500: loss=0.227512[0m
( 23.319s) Epoch 303/500: loss=0.228586[0m
( 23.319s) Epoch 304/500: loss=0.227910[0m
( 23.321s) Epoch 305/500: loss=0.236782[0m
( 23.380s) Epoch 306/500: loss=0.227693[0m
( 23.317s) Epoch 307/500: loss=0.233738[0m
( 23.286s) Epoch 308/500: loss=0.232431[0m
( 23.354s) Epoch 309/500: loss=0.235141[0m
( 23.319s) Epoch 310/500: loss=0.230734[0m
( 23.376s) Epoch 311/500: loss=0.234381[0m
( 23.323s) Epoch 312/500: loss=0.231526[0m
( 23.289s) Epoch 313/500: loss=0.232586[0m
( 23.350s) Epoch 314/500: loss=0.229593[0m
( 23.331s) Epoch 315/500: loss=0.236081[0m
( 23.348s) Epoch 316/500: loss=0.235256[0m
( 23.307s) Epoch 317/500: loss=0.234494[0m
( 23.315s) Epoch 318/500: loss=0.232592[0m
( 23.319s) Epoch 319/500: loss=0.233212[0m
( 23.359s) Epoch 320/500: loss=0.233922[0m
( 23.381s) Epoch 321/500: loss=0.232965[0m
( 23.306s) Epoch 322/500: loss=0.237059[0m
( 23.300s) Epoch 323/500: loss=0.227176[0m
( 23.378s) Epoch 324/500: loss=0.233042[0m
( 23.333s) Epoch 325/500: loss=0.236640[0m
( 23.359s) Epoch 326/500: loss=0.236438[0m
( 23.303s) Epoch 327/500: loss=0.240793[0m
( 23.297s) Epoch 328/500: loss=0.234336[0m
( 23.337s) Epoch 329/500: loss=0.237270[0m
( 23.357s) Epoch 330/500: loss=0.234651[0m
( 23.350s) Epoch 331/500: loss=0.235449[0m
( 23.280s) Epoch 332/500: loss=0.233269[0m
( 23.314s) Epoch 333/500: loss=0.240048[0m
( 23.341s) Epoch 334/500: loss=0.234379[0m
( 23.355s) Epoch 335/500: loss=0.234463[0m
( 23.400s) Epoch 336/500: loss=0.243231[0m
( 23.292s) Epoch 337/500: loss=0.235299[0m
( 23.281s) Epoch 338/500: loss=0.236437[0m
( 23.341s) Epoch 339/500: loss=0.239944[0m
( 23.348s) Epoch 340/500: loss=0.242956[0m
( 23.355s) Epoch 341/500: loss=0.243475[0m
( 23.284s) Epoch 342/500: loss=0.244763[0m
( 23.343s) Epoch 343/500: loss=0.249526[0m
( 23.297s) Epoch 344/500: loss=0.238670[0m
( 23.348s) Epoch 345/500: loss=0.237609[0m
( 23.401s) Epoch 346/500: loss=0.243255[0m
( 23.317s) Epoch 347/500: loss=0.242316[0m
( 23.314s) Epoch 348/500: loss=0.237749[0m
( 23.345s) Epoch 349/500: loss=0.239997[0m
( 23.321s) Epoch 350/500: loss=0.239424[0m
( 23.383s) Epoch 351/500: loss=0.243035[0m
( 23.298s) Epoch 352/500: loss=0.241164[0m
( 23.313s) Epoch 353/500: loss=0.239143[0m
( 23.373s) Epoch 354/500: loss=0.245334[0m
( 23.329s) Epoch 355/500: loss=0.239370[0m
( 23.391s) Epoch 356/500: loss=0.251382[0m
( 23.281s) Epoch 357/500: loss=0.248422[0m
( 23.311s) Epoch 358/500: loss=0.248277[0m
( 23.373s) Epoch 359/500: loss=0.241235[0m
( 23.295s) Epoch 360/500: loss=0.240612[0m
( 23.399s) Epoch 361/500: loss=0.236844[0m
( 23.285s) Epoch 362/500: loss=0.245428[0m
( 23.299s) Epoch 363/500: loss=0.262596[0m
( 23.379s) Epoch 364/500: loss=0.246666[0m
( 23.314s) Epoch 365/500: loss=0.247017[0m
( 23.419s) Epoch 366/500: loss=0.239332[0m
( 23.282s) Epoch 367/500: loss=0.249649[0m
( 23.321s) Epoch 368/500: loss=0.245621[0m
( 23.392s) Epoch 369/500: loss=0.238606[0m
( 23.294s) Epoch 370/500: loss=0.249693[0m
( 23.409s) Epoch 371/500: loss=0.255581[0m
( 23.341s) Epoch 372/500: loss=0.248933[0m
( 23.291s) Epoch 373/500: loss=0.258012[0m
( 23.358s) Epoch 374/500: loss=0.254918[0m
( 23.266s) Epoch 375/500: loss=0.246164[0m
( 23.386s) Epoch 376/500: loss=0.281240[0m
( 23.296s) Epoch 377/500: loss=0.267344[0m
( 23.290s) Epoch 378/500: loss=0.260678[0m
( 23.403s) Epoch 379/500: loss=0.254684[0m
( 23.306s) Epoch 380/500: loss=0.246113[0m
( 23.381s) Epoch 381/500: loss=0.257558[0m
( 23.321s) Epoch 382/500: loss=0.256846[0m
( 23.366s) Epoch 383/500: loss=0.257781[0m
( 23.335s) Epoch 384/500: loss=0.258922[0m
( 23.292s) Epoch 385/500: loss=0.253170[0m
( 23.369s) Epoch 386/500: loss=0.254876[0m
( 23.312s) Epoch 387/500: loss=0.250523[0m
( 23.354s) Epoch 388/500: loss=0.259091[0m
( 23.385s) Epoch 389/500: loss=0.250114[0m
( 23.327s) Epoch 390/500: loss=0.255879[0m
( 23.387s) Epoch 391/500: loss=0.254907[0m
( 23.338s) Epoch 392/500: loss=0.257358[0m
( 23.348s) Epoch 393/500: loss=0.251213[0m
( 23.350s) Epoch 394/500: loss=0.256455[0m
( 23.319s) Epoch 395/500: loss=0.254156[0m
( 23.389s) Epoch 396/500: loss=0.249788[0m
( 23.317s) Epoch 397/500: loss=0.269325[0m
( 23.329s) Epoch 398/500: loss=0.249539[0m
( 23.331s) Epoch 399/500: loss=0.264470[0m
( 23.313s) Epoch 400/500: loss=0.251584[0m
( 23.399s) Epoch 401/500: loss=0.258674[0m
( 23.293s) Epoch 402/500: loss=0.258712[0m
( 23.341s) Epoch 403/500: loss=0.267525[0m
( 23.373s) Epoch 404/500: loss=0.270007[0m
( 23.286s) Epoch 405/500: loss=0.261326[0m
( 23.379s) Epoch 406/500: loss=0.257241[0m
( 23.308s) Epoch 407/500: loss=0.256329[0m
( 23.349s) Epoch 408/500: loss=0.249743[0m
( 23.341s) Epoch 409/500: loss=0.255042[0m
( 23.308s) Epoch 410/500: loss=0.260297[0m
( 23.397s) Epoch 411/500: loss=0.254767[0m
( 23.325s) Epoch 412/500: loss=0.258062[0m
( 23.315s) Epoch 413/500: loss=0.261733[0m
( 23.339s) Epoch 414/500: loss=0.256108[0m
( 23.348s) Epoch 415/500: loss=0.252858[0m
( 23.338s) Epoch 416/500: loss=0.256958[0m
( 23.296s) Epoch 417/500: loss=0.262933[0m
( 23.330s) Epoch 418/500: loss=0.252784[0m
( 23.346s) Epoch 419/500: loss=0.258413[0m
( 23.353s) Epoch 420/500: loss=0.253783[0m
( 23.343s) Epoch 421/500: loss=0.252728[0m
( 23.276s) Epoch 422/500: loss=0.281537[0m
( 23.347s) Epoch 423/500: loss=0.261368[0m
( 23.325s) Epoch 424/500: loss=0.251984[0m
( 23.387s) Epoch 425/500: loss=0.303149[0m
( 23.361s) Epoch 426/500: loss=0.270830[0m
( 23.313s) Epoch 427/500: loss=0.273617[0m
( 23.331s) Epoch 428/500: loss=0.256508[0m
( 23.337s) Epoch 429/500: loss=0.256494[0m
( 23.395s) Epoch 430/500: loss=0.257830[0m
( 23.322s) Epoch 431/500: loss=0.254840[0m
( 23.301s) Epoch 432/500: loss=0.255328[0m
( 23.352s) Epoch 433/500: loss=0.251162[0m
( 23.358s) Epoch 434/500: loss=0.259238[0m
( 23.370s) Epoch 435/500: loss=0.251737[0m
( 23.344s) Epoch 436/500: loss=0.255705[0m
( 23.298s) Epoch 437/500: loss=0.254018[0m
( 23.351s) Epoch 438/500: loss=0.254578[0m
( 23.331s) Epoch 439/500: loss=0.260508[0m
( 23.343s) Epoch 440/500: loss=0.287892[0m
( 23.339s) Epoch 441/500: loss=0.262451[0m
( 23.304s) Epoch 442/500: loss=0.246025[0m
( 23.356s) Epoch 443/500: loss=0.256548[0m
( 23.352s) Epoch 444/500: loss=0.249600[0m
( 23.332s) Epoch 445/500: loss=0.248366[0m
( 23.347s) Epoch 446/500: loss=0.253088[0m
( 23.281s) Epoch 447/500: loss=0.250332[0m
( 23.395s) Epoch 448/500: loss=0.264618[0m
( 23.338s) Epoch 449/500: loss=0.244114[0m
( 23.357s) Epoch 450/500: loss=0.251276[0m
( 23.345s) Epoch 451/500: loss=0.245683[0m
( 23.298s) Epoch 452/500: loss=0.252098[0m
( 23.298s) Epoch 453/500: loss=0.250822[0m
( 23.341s) Epoch 454/500: loss=0.268987[0m
( 23.328s) Epoch 455/500: loss=0.257999[0m
( 23.364s) Epoch 456/500: loss=0.252245[0m
( 23.315s) Epoch 457/500: loss=0.255205[0m
( 23.338s) Epoch 458/500: loss=0.246961[0m
( 23.332s) Epoch 459/500: loss=0.246769[0m
( 23.344s) Epoch 460/500: loss=0.250223[0m
( 23.329s) Epoch 461/500: loss=0.251446[0m
( 23.308s) Epoch 462/500: loss=0.250751[0m
( 23.354s) Epoch 463/500: loss=0.243133[0m
( 23.352s) Epoch 464/500: loss=0.242412[0m
( 23.331s) Epoch 465/500: loss=0.242708[0m
( 23.344s) Epoch 466/500: loss=0.244933[0m
( 23.298s) Epoch 467/500: loss=0.251151[0m
( 23.310s) Epoch 468/500: loss=0.266287[0m
( 23.343s) Epoch 469/500: loss=0.250607[0m
( 23.384s) Epoch 470/500: loss=0.250745[0m
( 23.305s) Epoch 471/500: loss=0.253853[0m
( 23.301s) Epoch 472/500: loss=0.251801[0m
( 23.332s) Epoch 473/500: loss=0.245829[0m
( 23.340s) Epoch 474/500: loss=0.246220[0m
( 23.390s) Epoch 475/500: loss=0.235967[0m
( 23.311s) Epoch 476/500: loss=0.236700[0m
( 23.318s) Epoch 477/500: loss=0.244797[0m
( 23.365s) Epoch 478/500: loss=0.231352[0m
( 23.369s) Epoch 479/500: loss=0.240006[0m
( 23.422s) Epoch 480/500: loss=0.241084[0m
( 23.316s) Epoch 481/500: loss=0.246416[0m
( 23.322s) Epoch 482/500: loss=0.238471[0m
( 23.360s) Epoch 483/500: loss=0.239076[0m
( 23.334s) Epoch 484/500: loss=0.248821[0m
( 23.384s) Epoch 485/500: loss=0.234187[0m
( 23.335s) Epoch 486/500: loss=0.235147[0m
( 23.302s) Epoch 487/500: loss=0.236639[0m
( 23.334s) Epoch 488/500: loss=0.237735[0m
( 23.340s) Epoch 489/500: loss=0.232556[0m
( 23.376s) Epoch 490/500: loss=0.237194[0m
( 23.300s) Epoch 491/500: loss=0.241118[0m
( 23.292s) Epoch 492/500: loss=0.233505[0m
( 23.332s) Epoch 493/500: loss=0.242909[0m
( 23.324s) Epoch 494/500: loss=0.243869[0m
( 23.381s) Epoch 495/500: loss=0.239837[0m
( 23.316s) Epoch 496/500: loss=0.234065[0m
( 23.299s) Epoch 497/500: loss=0.238690[0m
( 23.366s) Epoch 498/500: loss=0.242666[0m
( 23.351s) Epoch 499/500: loss=0.239650[0m
( 23.400s) Epoch 500/500: loss=0.229914[0m
Training for 500 epochs took 11698.338s total and 23.397s average
Calculating mean of transformed dataset using the best model state ... 5.199s
Saving best model and options to /home/aditya.bharti/FewShot/cifar100fs_hyperparam/CropGauss.pth
