Namespace(T_max=250, backbone='resnet50', base_learning_rate=0.1, base_optimizer='SGD', batch_size=256, dampening=0.0, data_percent=20, dataset='cifar100fs', dataset_root=None, distributed=True, episode_strat='SimpleShotEpisodes', eval_freq=2000, fine_tune_epochs=20, fine_tune_save_path='ft0.pth', first_augment='CropResize', head='SimpleMLP', ipca=False, ipca_dim=128, jitter_strength=1.0, k_shot=5, load_from=None, local_rank=0, log_file=<_io.TextIOWrapper name='/home/aditya.bharti/FewShot/cifar100fs_hyperparam/CropColor.out' mode='a' encoding='UTF-8'>, loss_function='NTXent', model='SimCLRModel', momentum=0.9, n_way=5, nesterov=True, ntxent_temp=0.1, num_epochs=500, num_query=15, num_test_tasks=10000, num_workers=4, pin_memory=True, pretrained=False, progress=False, projection_dim=128, save_model=True, save_path='/home/aditya.bharti/FewShot/cifar100fs_hyperparam/CropColor.pth', scaler=True, scheduler='CosineAnnealingLR', second_augment='ColorDistort', shuffle=True, simple_opt=True, testing_strat='Classify1NN', use_trainval=True, weight_decay=0.0001)
Starting Training on:
Train:  80 classes
Valid:  16 classes
Test:   20 classes
------------------
( 26.845s) Epoch 001/500: loss=[32m6.012386[0m
( 26.712s) Epoch 002/500: loss=[32m5.332778[0m
( 26.763s) Epoch 003/500: loss=[32m4.854333[0m
( 26.708s) Epoch 004/500: loss=[32m4.571564[0m
( 26.842s) Epoch 005/500: loss=[32m4.291077[0m
( 26.762s) Epoch 006/500: loss=[32m4.012109[0m
( 26.739s) Epoch 007/500: loss=[32m3.767054[0m
( 26.749s) Epoch 008/500: loss=[32m3.546282[0m
( 26.787s) Epoch 009/500: loss=[32m3.282702[0m
( 26.837s) Epoch 010/500: loss=[32m3.081836[0m
( 26.742s) Epoch 011/500: loss=[32m2.866849[0m
( 26.765s) Epoch 012/500: loss=[32m2.680147[0m
( 26.779s) Epoch 013/500: loss=[32m2.614570[0m
( 26.746s) Epoch 014/500: loss=[32m2.471448[0m
( 26.787s) Epoch 015/500: loss=[32m2.345891[0m
( 26.787s) Epoch 016/500: loss=[32m2.311023[0m
( 26.783s) Epoch 017/500: loss=[32m2.197046[0m
( 26.747s) Epoch 018/500: loss=2.214500[0m
( 26.787s) Epoch 019/500: loss=2.221849[0m
( 26.772s) Epoch 020/500: loss=[32m2.064335[0m
( 26.830s) Epoch 021/500: loss=[32m2.009362[0m
( 26.749s) Epoch 022/500: loss=[32m1.970076[0m
( 26.778s) Epoch 023/500: loss=[32m1.902276[0m
( 26.725s) Epoch 024/500: loss=[32m1.892447[0m
( 26.816s) Epoch 025/500: loss=[32m1.874275[0m
( 26.814s) Epoch 026/500: loss=[32m1.828117[0m
( 26.798s) Epoch 027/500: loss=[32m1.777766[0m
( 26.782s) Epoch 028/500: loss=1.784633[0m
( 26.753s) Epoch 029/500: loss=[32m1.758179[0m
( 26.801s) Epoch 030/500: loss=[32m1.714546[0m
( 26.887s) Epoch 031/500: loss=[32m1.701866[0m
( 26.775s) Epoch 032/500: loss=[32m1.684973[0m
( 26.727s) Epoch 033/500: loss=[32m1.632711[0m
( 26.751s) Epoch 034/500: loss=1.653831[0m
( 26.747s) Epoch 035/500: loss=1.946108[0m
( 26.882s) Epoch 036/500: loss=1.845756[0m
( 26.793s) Epoch 037/500: loss=1.715638[0m
( 26.795s) Epoch 038/500: loss=[32m1.630452[0m
( 26.757s) Epoch 039/500: loss=[32m1.601707[0m
( 26.758s) Epoch 040/500: loss=1.608213[0m
( 26.858s) Epoch 041/500: loss=[32m1.547053[0m
( 26.787s) Epoch 042/500: loss=1.548288[0m
( 26.788s) Epoch 043/500: loss=[32m1.502968[0m
( 26.768s) Epoch 044/500: loss=[32m1.480401[0m
( 26.771s) Epoch 045/500: loss=[32m1.477617[0m
( 26.780s) Epoch 046/500: loss=[32m1.454883[0m
( 26.903s) Epoch 047/500: loss=1.458240[0m
( 26.736s) Epoch 048/500: loss=[32m1.411909[0m
( 26.828s) Epoch 049/500: loss=1.458365[0m
( 26.769s) Epoch 050/500: loss=[32m1.391853[0m
( 26.770s) Epoch 051/500: loss=1.419304[0m
( 26.884s) Epoch 052/500: loss=1.416056[0m
( 26.820s) Epoch 053/500: loss=[32m1.369104[0m
( 26.761s) Epoch 054/500: loss=[32m1.351205[0m
( 26.774s) Epoch 055/500: loss=1.360945[0m
( 26.757s) Epoch 056/500: loss=1.357700[0m
( 26.802s) Epoch 057/500: loss=1.402379[0m
( 26.840s) Epoch 058/500: loss=[32m1.343555[0m
( 26.757s) Epoch 059/500: loss=[32m1.332332[0m
( 26.755s) Epoch 060/500: loss=[32m1.299478[0m
( 26.781s) Epoch 061/500: loss=[32m1.288273[0m
( 26.774s) Epoch 062/500: loss=1.295917[0m
( 26.906s) Epoch 063/500: loss=[32m1.287896[0m
( 26.784s) Epoch 064/500: loss=[32m1.286258[0m
( 26.775s) Epoch 065/500: loss=[32m1.277500[0m
( 26.785s) Epoch 066/500: loss=1.277711[0m
( 26.751s) Epoch 067/500: loss=[32m1.252674[0m
( 26.865s) Epoch 068/500: loss=[32m1.248921[0m
( 26.792s) Epoch 069/500: loss=1.287129[0m
( 26.807s) Epoch 070/500: loss=1.254763[0m
( 26.761s) Epoch 071/500: loss=[32m1.247090[0m
( 26.763s) Epoch 072/500: loss=[32m1.222253[0m
( 26.806s) Epoch 073/500: loss=1.231910[0m
( 26.916s) Epoch 074/500: loss=[32m1.215427[0m
( 26.731s) Epoch 075/500: loss=[32m1.191232[0m
( 26.767s) Epoch 076/500: loss=[32m1.188988[0m
( 26.753s) Epoch 077/500: loss=[32m1.173541[0m
( 26.847s) Epoch 078/500: loss=1.195642[0m
( 26.944s) Epoch 079/500: loss=1.183144[0m
( 26.783s) Epoch 080/500: loss=[32m1.172388[0m
( 26.735s) Epoch 081/500: loss=[32m1.164722[0m
( 27.707s) Epoch 082/500: loss=[32m1.157329[0m
( 27.610s) Epoch 083/500: loss=[32m1.153096[0m
( 27.772s) Epoch 084/500: loss=[32m1.152296[0m
( 27.736s) Epoch 085/500: loss=[32m1.127782[0m
( 27.640s) Epoch 086/500: loss=[32m1.127577[0m
( 27.652s) Epoch 087/500: loss=1.147378[0m
( 27.662s) Epoch 088/500: loss=[32m1.126191[0m
( 27.635s) Epoch 089/500: loss=[32m1.106459[0m
( 27.845s) Epoch 090/500: loss=1.141216[0m
( 27.643s) Epoch 091/500: loss=[32m1.072535[0m
( 27.638s) Epoch 092/500: loss=1.107198[0m
( 27.622s) Epoch 093/500: loss=1.091948[0m
( 27.736s) Epoch 094/500: loss=1.085577[0m
( 27.771s) Epoch 095/500: loss=1.087062[0m
( 27.758s) Epoch 096/500: loss=1.085696[0m
( 27.663s) Epoch 097/500: loss=1.089545[0m
( 27.669s) Epoch 098/500: loss=1.083501[0m
( 27.720s) Epoch 099/500: loss=1.075850[0m
( 27.697s) Epoch 100/500: loss=[32m1.063145[0m
( 27.769s) Epoch 101/500: loss=1.065140[0m
( 27.648s) Epoch 102/500: loss=[32m1.054649[0m
( 27.656s) Epoch 103/500: loss=1.071594[0m
( 27.704s) Epoch 104/500: loss=[32m1.026798[0m
( 27.700s) Epoch 105/500: loss=1.043742[0m
( 27.818s) Epoch 106/500: loss=1.031177[0m
( 27.731s) Epoch 107/500: loss=1.041530[0m
( 27.702s) Epoch 108/500: loss=[32m1.018112[0m
( 27.693s) Epoch 109/500: loss=[32m1.007407[0m
( 27.699s) Epoch 110/500: loss=1.014592[0m
( 27.253s) Epoch 111/500: loss=[32m1.000005[0m
( 26.853s) Epoch 112/500: loss=1.001910[0m
( 26.787s) Epoch 113/500: loss=1.025712[0m
( 26.769s) Epoch 114/500: loss=1.000143[0m
( 26.792s) Epoch 115/500: loss=[32m0.993714[0m
( 26.769s) Epoch 116/500: loss=[32m0.988153[0m
( 26.939s) Epoch 117/500: loss=0.999402[0m
( 26.756s) Epoch 118/500: loss=0.990187[0m
( 26.809s) Epoch 119/500: loss=[32m0.969965[0m
( 26.737s) Epoch 120/500: loss=0.971305[0m
( 26.791s) Epoch 121/500: loss=0.981637[0m
( 26.825s) Epoch 122/500: loss=[32m0.962707[0m
( 26.958s) Epoch 123/500: loss=[32m0.959155[0m
( 26.819s) Epoch 124/500: loss=0.972409[0m
( 26.778s) Epoch 125/500: loss=[32m0.952340[0m
( 26.786s) Epoch 126/500: loss=0.952452[0m
( 26.814s) Epoch 127/500: loss=0.954149[0m
( 26.884s) Epoch 128/500: loss=0.955117[0m
( 26.774s) Epoch 129/500: loss=[32m0.941308[0m
( 26.855s) Epoch 130/500: loss=[32m0.919921[0m
( 26.772s) Epoch 131/500: loss=0.923245[0m
( 26.792s) Epoch 132/500: loss=0.938591[0m
( 26.885s) Epoch 133/500: loss=0.930006[0m
( 26.843s) Epoch 134/500: loss=0.930236[0m
( 26.775s) Epoch 135/500: loss=[32m0.906132[0m
( 26.735s) Epoch 136/500: loss=0.917159[0m
( 26.736s) Epoch 137/500: loss=0.918064[0m
( 26.868s) Epoch 138/500: loss=0.923669[0m
( 26.803s) Epoch 139/500: loss=[32m0.902698[0m
( 26.740s) Epoch 140/500: loss=[32m0.893168[0m
( 26.765s) Epoch 141/500: loss=[32m0.886636[0m
( 26.803s) Epoch 142/500: loss=0.904783[0m
( 26.793s) Epoch 143/500: loss=[32m0.882178[0m
( 26.878s) Epoch 144/500: loss=0.885802[0m
( 26.833s) Epoch 145/500: loss=[32m0.882118[0m
( 26.800s) Epoch 146/500: loss=[32m0.880736[0m
( 26.774s) Epoch 147/500: loss=[32m0.860587[0m
( 26.793s) Epoch 148/500: loss=[32m0.859952[0m
( 26.825s) Epoch 149/500: loss=0.871992[0m
( 26.877s) Epoch 150/500: loss=[32m0.847399[0m
( 26.747s) Epoch 151/500: loss=0.877942[0m
( 26.777s) Epoch 152/500: loss=0.847784[0m
( 26.759s) Epoch 153/500: loss=[32m0.847073[0m
( 26.876s) Epoch 154/500: loss=0.853856[0m
( 26.846s) Epoch 155/500: loss=0.849273[0m
( 26.820s) Epoch 156/500: loss=[32m0.835921[0m
( 26.771s) Epoch 157/500: loss=0.845596[0m
( 26.764s) Epoch 158/500: loss=[32m0.826573[0m
( 26.754s) Epoch 159/500: loss=0.836453[0m
( 26.918s) Epoch 160/500: loss=[32m0.819983[0m
( 26.836s) Epoch 161/500: loss=0.820417[0m
( 26.757s) Epoch 162/500: loss=[32m0.800114[0m
( 26.799s) Epoch 163/500: loss=[32m0.798168[0m
( 26.779s) Epoch 164/500: loss=0.819637[0m
( 26.818s) Epoch 165/500: loss=0.821449[0m
( 26.879s) Epoch 166/500: loss=[32m0.770887[0m
( 26.809s) Epoch 167/500: loss=0.811020[0m
( 26.745s) Epoch 168/500: loss=0.791960[0m
( 26.785s) Epoch 169/500: loss=0.812572[0m
( 26.757s) Epoch 170/500: loss=0.780254[0m
( 26.879s) Epoch 171/500: loss=0.774285[0m
( 26.813s) Epoch 172/500: loss=0.789011[0m
( 26.762s) Epoch 173/500: loss=0.775574[0m
( 26.767s) Epoch 174/500: loss=0.781006[0m
( 26.802s) Epoch 175/500: loss=0.771692[0m
( 26.813s) Epoch 176/500: loss=0.780090[0m
( 26.880s) Epoch 177/500: loss=0.771399[0m
( 26.757s) Epoch 178/500: loss=[32m0.749362[0m
( 26.808s) Epoch 179/500: loss=0.760289[0m
( 26.788s) Epoch 180/500: loss=0.749783[0m
( 26.819s) Epoch 181/500: loss=0.749810[0m
( 26.854s) Epoch 182/500: loss=0.752583[0m
( 26.835s) Epoch 183/500: loss=0.776211[0m
( 26.787s) Epoch 184/500: loss=[32m0.745848[0m
( 26.729s) Epoch 185/500: loss=[32m0.742262[0m
( 26.783s) Epoch 186/500: loss=0.746932[0m
( 26.806s) Epoch 187/500: loss=[32m0.705603[0m
( 26.942s) Epoch 188/500: loss=0.739880[0m
( 26.776s) Epoch 189/500: loss=0.736917[0m
( 26.813s) Epoch 190/500: loss=0.741237[0m
( 26.753s) Epoch 191/500: loss=0.745994[0m
( 26.810s) Epoch 192/500: loss=0.733050[0m
( 26.854s) Epoch 193/500: loss=[32m0.696059[0m
( 26.843s) Epoch 194/500: loss=0.713786[0m
( 26.765s) Epoch 195/500: loss=0.724657[0m
( 26.797s) Epoch 196/500: loss=0.722201[0m
( 26.779s) Epoch 197/500: loss=0.719403[0m
( 26.820s) Epoch 198/500: loss=0.730948[0m
( 26.877s) Epoch 199/500: loss=0.708239[0m
( 26.727s) Epoch 200/500: loss=0.699094[0m
( 26.765s) Epoch 201/500: loss=0.697124[0m
( 26.774s) Epoch 202/500: loss=0.708824[0m
( 26.791s) Epoch 203/500: loss=0.698530[0m
( 26.790s) Epoch 204/500: loss=0.708361[0m
( 26.862s) Epoch 205/500: loss=0.700263[0m
( 26.769s) Epoch 206/500: loss=[32m0.683181[0m
( 26.776s) Epoch 207/500: loss=0.691724[0m
( 26.766s) Epoch 208/500: loss=0.698963[0m
( 26.889s) Epoch 209/500: loss=0.688448[0m
( 26.902s) Epoch 210/500: loss=[32m0.681376[0m
( 26.788s) Epoch 211/500: loss=0.691868[0m
( 26.738s) Epoch 212/500: loss=0.684556[0m
( 26.815s) Epoch 213/500: loss=0.689106[0m
( 26.815s) Epoch 214/500: loss=0.702672[0m
( 26.821s) Epoch 215/500: loss=[32m0.676727[0m
( 26.880s) Epoch 216/500: loss=[32m0.664369[0m
( 26.749s) Epoch 217/500: loss=0.672525[0m
( 26.752s) Epoch 218/500: loss=0.687480[0m
( 26.796s) Epoch 219/500: loss=0.675141[0m
( 26.798s) Epoch 220/500: loss=0.679506[0m
( 26.898s) Epoch 221/500: loss=0.665087[0m
( 26.805s) Epoch 222/500: loss=0.672882[0m
( 26.758s) Epoch 223/500: loss=0.673713[0m
( 26.795s) Epoch 224/500: loss=0.681782[0m
( 26.852s) Epoch 225/500: loss=0.682251[0m
( 26.806s) Epoch 226/500: loss=[32m0.661533[0m
( 26.894s) Epoch 227/500: loss=[32m0.654428[0m
( 26.830s) Epoch 228/500: loss=0.675809[0m
( 26.779s) Epoch 229/500: loss=0.676956[0m
( 26.789s) Epoch 230/500: loss=0.670980[0m
( 26.835s) Epoch 231/500: loss=0.664539[0m
( 26.858s) Epoch 232/500: loss=0.665680[0m
( 26.829s) Epoch 233/500: loss=0.671581[0m
( 26.816s) Epoch 234/500: loss=[32m0.654321[0m
( 26.787s) Epoch 235/500: loss=[32m0.640053[0m
( 26.832s) Epoch 236/500: loss=0.661949[0m
( 26.804s) Epoch 237/500: loss=0.656252[0m
( 26.928s) Epoch 238/500: loss=0.660627[0m
( 26.784s) Epoch 239/500: loss=0.654240[0m
( 26.771s) Epoch 240/500: loss=0.661430[0m
( 26.843s) Epoch 241/500: loss=0.644972[0m
( 26.820s) Epoch 242/500: loss=0.659397[0m
( 26.880s) Epoch 243/500: loss=0.645896[0m
( 26.849s) Epoch 244/500: loss=0.673908[0m
( 26.851s) Epoch 245/500: loss=0.658785[0m
( 26.815s) Epoch 246/500: loss=0.643544[0m
( 26.849s) Epoch 247/500: loss=0.645942[0m
( 26.792s) Epoch 248/500: loss=0.644291[0m
( 26.957s) Epoch 249/500: loss=[32m0.639924[0m
( 26.821s) Epoch 250/500: loss=0.640552[0m
( 26.817s) Epoch 251/500: loss=0.659902[0m
( 26.850s) Epoch 252/500: loss=0.658999[0m
( 26.812s) Epoch 253/500: loss=0.648403[0m
( 26.787s) Epoch 254/500: loss=0.650643[0m
( 26.947s) Epoch 255/500: loss=0.651982[0m
( 26.771s) Epoch 256/500: loss=0.657876[0m
( 26.846s) Epoch 257/500: loss=0.647987[0m
( 26.745s) Epoch 258/500: loss=0.653358[0m
( 26.828s) Epoch 259/500: loss=0.640909[0m
( 26.881s) Epoch 260/500: loss=0.641260[0m
( 26.836s) Epoch 261/500: loss=0.655671[0m
( 26.831s) Epoch 262/500: loss=0.661259[0m
( 26.810s) Epoch 263/500: loss=[32m0.636016[0m
( 26.829s) Epoch 264/500: loss=0.648537[0m
( 26.791s) Epoch 265/500: loss=0.649446[0m
( 26.932s) Epoch 266/500: loss=0.659829[0m
( 26.819s) Epoch 267/500: loss=0.655009[0m
( 26.807s) Epoch 268/500: loss=0.653595[0m
( 26.783s) Epoch 269/500: loss=0.653399[0m
( 26.847s) Epoch 270/500: loss=0.659104[0m
( 26.843s) Epoch 271/500: loss=0.660683[0m
( 26.892s) Epoch 272/500: loss=0.656240[0m
( 26.784s) Epoch 273/500: loss=0.663794[0m
( 26.810s) Epoch 274/500: loss=0.657464[0m
( 26.775s) Epoch 275/500: loss=0.660720[0m
( 26.802s) Epoch 276/500: loss=0.646597[0m
( 26.882s) Epoch 277/500: loss=0.655739[0m
( 26.810s) Epoch 278/500: loss=0.657648[0m
( 26.784s) Epoch 279/500: loss=0.648897[0m
( 26.808s) Epoch 280/500: loss=0.661495[0m
( 26.819s) Epoch 281/500: loss=0.646791[0m
( 26.796s) Epoch 282/500: loss=0.650645[0m
( 26.921s) Epoch 283/500: loss=0.654633[0m
( 26.814s) Epoch 284/500: loss=0.653643[0m
( 26.791s) Epoch 285/500: loss=0.650520[0m
( 26.780s) Epoch 286/500: loss=0.659595[0m
( 26.872s) Epoch 287/500: loss=0.668083[0m
( 26.856s) Epoch 288/500: loss=0.672467[0m
( 26.839s) Epoch 289/500: loss=0.660882[0m
( 26.785s) Epoch 290/500: loss=0.654940[0m
( 26.801s) Epoch 291/500: loss=0.655355[0m
( 26.845s) Epoch 292/500: loss=0.668853[0m
( 26.815s) Epoch 293/500: loss=0.657702[0m
( 26.911s) Epoch 294/500: loss=0.665952[0m
( 26.800s) Epoch 295/500: loss=0.671247[0m
( 26.782s) Epoch 296/500: loss=0.655518[0m
( 26.801s) Epoch 297/500: loss=0.664759[0m
( 26.836s) Epoch 298/500: loss=0.655235[0m
( 26.819s) Epoch 299/500: loss=0.648960[0m
( 26.952s) Epoch 300/500: loss=0.671856[0m
( 26.790s) Epoch 301/500: loss=0.665070[0m
( 26.793s) Epoch 302/500: loss=0.665309[0m
( 26.828s) Epoch 303/500: loss=0.671266[0m
( 26.840s) Epoch 304/500: loss=0.675476[0m
( 26.903s) Epoch 305/500: loss=0.666377[0m
( 26.798s) Epoch 306/500: loss=0.667097[0m
( 26.809s) Epoch 307/500: loss=0.683360[0m
( 26.799s) Epoch 308/500: loss=0.681040[0m
( 26.812s) Epoch 309/500: loss=0.666660[0m
( 26.819s) Epoch 310/500: loss=0.678830[0m
( 26.925s) Epoch 311/500: loss=0.667754[0m
( 26.816s) Epoch 312/500: loss=0.658417[0m
( 26.784s) Epoch 313/500: loss=0.674670[0m
( 26.818s) Epoch 314/500: loss=0.674650[0m
( 26.810s) Epoch 315/500: loss=0.686061[0m
( 26.870s) Epoch 316/500: loss=0.696785[0m
( 26.876s) Epoch 317/500: loss=0.676072[0m
( 26.811s) Epoch 318/500: loss=0.691738[0m
( 26.801s) Epoch 319/500: loss=0.684816[0m
( 26.816s) Epoch 320/500: loss=0.690267[0m
( 26.835s) Epoch 321/500: loss=0.682057[0m
( 26.973s) Epoch 322/500: loss=0.672366[0m
( 26.806s) Epoch 323/500: loss=0.673741[0m
( 26.791s) Epoch 324/500: loss=0.800002[0m
( 26.794s) Epoch 325/500: loss=1.039905[0m
( 26.844s) Epoch 326/500: loss=0.800406[0m
( 26.797s) Epoch 327/500: loss=0.745316[0m
( 26.922s) Epoch 328/500: loss=0.719651[0m
( 26.816s) Epoch 329/500: loss=0.726296[0m
( 26.800s) Epoch 330/500: loss=0.733682[0m
( 26.797s) Epoch 331/500: loss=0.721011[0m
( 26.807s) Epoch 332/500: loss=0.725126[0m
( 26.861s) Epoch 333/500: loss=0.713617[0m
( 26.865s) Epoch 334/500: loss=0.695381[0m
( 26.806s) Epoch 335/500: loss=0.713372[0m
( 26.792s) Epoch 336/500: loss=0.714602[0m
( 26.869s) Epoch 337/500: loss=0.713632[0m
( 26.817s) Epoch 338/500: loss=0.724923[0m
( 26.935s) Epoch 339/500: loss=0.723399[0m
( 26.860s) Epoch 340/500: loss=0.733280[0m
( 26.809s) Epoch 341/500: loss=0.727072[0m
( 26.791s) Epoch 342/500: loss=0.726240[0m
( 26.860s) Epoch 343/500: loss=0.704290[0m
( 26.796s) Epoch 344/500: loss=0.721220[0m
( 26.934s) Epoch 345/500: loss=0.721164[0m
( 26.829s) Epoch 346/500: loss=0.721682[0m
( 26.797s) Epoch 347/500: loss=0.739665[0m
( 26.792s) Epoch 348/500: loss=0.726680[0m
( 26.835s) Epoch 349/500: loss=0.721635[0m
( 26.954s) Epoch 350/500: loss=0.724289[0m
( 26.794s) Epoch 351/500: loss=0.725885[0m
( 26.823s) Epoch 352/500: loss=0.729455[0m
( 26.795s) Epoch 353/500: loss=0.729102[0m
( 26.853s) Epoch 354/500: loss=0.724778[0m
( 26.838s) Epoch 355/500: loss=0.714907[0m
( 26.986s) Epoch 356/500: loss=0.738363[0m
( 26.816s) Epoch 357/500: loss=0.728813[0m
( 26.840s) Epoch 358/500: loss=0.736716[0m
( 26.830s) Epoch 359/500: loss=0.726248[0m
( 26.865s) Epoch 360/500: loss=0.740697[0m
( 26.923s) Epoch 361/500: loss=0.750385[0m
( 26.827s) Epoch 362/500: loss=1.365349[0m
( 26.801s) Epoch 363/500: loss=1.011994[0m
( 26.802s) Epoch 364/500: loss=0.920293[0m
( 26.856s) Epoch 365/500: loss=0.855966[0m
( 26.813s) Epoch 366/500: loss=0.865001[0m
( 26.934s) Epoch 367/500: loss=0.805297[0m
( 26.842s) Epoch 368/500: loss=0.799865[0m
( 26.818s) Epoch 369/500: loss=0.796009[0m
( 26.795s) Epoch 370/500: loss=0.809170[0m
( 26.861s) Epoch 371/500: loss=0.785692[0m
( 26.820s) Epoch 372/500: loss=0.792372[0m
( 26.982s) Epoch 373/500: loss=0.775768[0m
( 26.834s) Epoch 374/500: loss=0.776324[0m
( 26.829s) Epoch 375/500: loss=0.893418[0m
( 26.841s) Epoch 376/500: loss=0.811852[0m
( 26.889s) Epoch 377/500: loss=0.794725[0m
( 26.863s) Epoch 378/500: loss=0.780233[0m
( 26.875s) Epoch 379/500: loss=0.794264[0m
( 26.801s) Epoch 380/500: loss=0.781124[0m
( 26.818s) Epoch 381/500: loss=0.786893[0m
( 26.851s) Epoch 382/500: loss=0.778721[0m
( 26.815s) Epoch 383/500: loss=0.773181[0m
( 26.932s) Epoch 384/500: loss=0.768102[0m
( 26.849s) Epoch 385/500: loss=0.777369[0m
( 26.808s) Epoch 386/500: loss=0.758290[0m
( 26.812s) Epoch 387/500: loss=0.779965[0m
( 26.844s) Epoch 388/500: loss=0.780948[0m
( 26.842s) Epoch 389/500: loss=0.775004[0m
( 26.885s) Epoch 390/500: loss=0.775833[0m
( 26.786s) Epoch 391/500: loss=0.769604[0m
( 26.797s) Epoch 392/500: loss=0.770267[0m
( 26.801s) Epoch 393/500: loss=0.769294[0m
( 26.847s) Epoch 394/500: loss=0.767378[0m
( 26.932s) Epoch 395/500: loss=0.764255[0m
( 26.818s) Epoch 396/500: loss=0.748196[0m
( 26.824s) Epoch 397/500: loss=0.769722[0m
( 26.838s) Epoch 398/500: loss=0.762282[0m
( 26.848s) Epoch 399/500: loss=0.761205[0m
( 26.802s) Epoch 400/500: loss=0.753205[0m
( 26.926s) Epoch 401/500: loss=0.778973[0m
( 26.834s) Epoch 402/500: loss=0.772499[0m
( 26.812s) Epoch 403/500: loss=0.758602[0m
( 26.820s) Epoch 404/500: loss=0.767106[0m
( 26.877s) Epoch 405/500: loss=0.765382[0m
( 26.921s) Epoch 406/500: loss=0.784270[0m
( 26.861s) Epoch 407/500: loss=0.763161[0m
( 26.834s) Epoch 408/500: loss=0.761403[0m
( 26.843s) Epoch 409/500: loss=0.763709[0m
( 26.862s) Epoch 410/500: loss=0.758862[0m
( 26.842s) Epoch 411/500: loss=0.771001[0m
( 26.955s) Epoch 412/500: loss=0.739260[0m
( 26.826s) Epoch 413/500: loss=0.761856[0m
( 26.820s) Epoch 414/500: loss=0.764108[0m
( 26.856s) Epoch 415/500: loss=0.770762[0m
( 26.865s) Epoch 416/500: loss=0.762612[0m
( 26.827s) Epoch 417/500: loss=0.767417[0m
( 26.932s) Epoch 418/500: loss=0.764739[0m
( 26.855s) Epoch 419/500: loss=0.759624[0m
( 26.817s) Epoch 420/500: loss=0.766901[0m
( 26.800s) Epoch 421/500: loss=0.768573[0m
( 26.812s) Epoch 422/500: loss=0.738217[0m
( 26.926s) Epoch 423/500: loss=0.753971[0m
( 26.809s) Epoch 424/500: loss=0.771413[0m
( 26.857s) Epoch 425/500: loss=0.752329[0m
( 26.825s) Epoch 426/500: loss=0.760968[0m
( 26.878s) Epoch 427/500: loss=0.771149[0m
( 26.798s) Epoch 428/500: loss=0.751606[0m
( 26.897s) Epoch 429/500: loss=0.745769[0m
( 26.798s) Epoch 430/500: loss=0.764709[0m
( 26.829s) Epoch 431/500: loss=0.743097[0m
( 26.804s) Epoch 432/500: loss=0.760576[0m
( 26.849s) Epoch 433/500: loss=0.758481[0m
( 26.914s) Epoch 434/500: loss=0.752433[0m
( 26.879s) Epoch 435/500: loss=0.759350[0m
( 26.848s) Epoch 436/500: loss=0.761219[0m
( 26.841s) Epoch 437/500: loss=0.732644[0m
( 26.882s) Epoch 438/500: loss=0.755081[0m
( 26.805s) Epoch 439/500: loss=0.745115[0m
( 27.002s) Epoch 440/500: loss=0.724540[0m
( 26.799s) Epoch 441/500: loss=0.752000[0m
( 26.838s) Epoch 442/500: loss=0.747493[0m
( 26.804s) Epoch 443/500: loss=0.729753[0m
( 26.860s) Epoch 444/500: loss=0.742653[0m
( 26.804s) Epoch 445/500: loss=0.744819[0m
( 26.937s) Epoch 446/500: loss=0.734613[0m
( 26.891s) Epoch 447/500: loss=0.731326[0m
( 27.762s) Epoch 448/500: loss=0.728207[0m
( 27.733s) Epoch 449/500: loss=0.724685[0m
( 27.833s) Epoch 450/500: loss=0.734271[0m
( 27.811s) Epoch 451/500: loss=0.722447[0m
( 27.804s) Epoch 452/500: loss=0.753839[0m
( 27.812s) Epoch 453/500: loss=0.730880[0m
( 27.806s) Epoch 454/500: loss=0.730656[0m
( 27.817s) Epoch 455/500: loss=0.732458[0m
( 27.763s) Epoch 456/500: loss=0.730442[0m
( 26.967s) Epoch 457/500: loss=0.743448[0m
( 26.833s) Epoch 458/500: loss=0.722723[0m
( 26.864s) Epoch 459/500: loss=1.186493[0m
( 26.799s) Epoch 460/500: loss=0.904956[0m
( 26.855s) Epoch 461/500: loss=0.822388[0m
( 26.885s) Epoch 462/500: loss=1.000050[0m
( 26.944s) Epoch 463/500: loss=0.879131[0m
( 27.345s) Epoch 464/500: loss=0.827421[0m
( 26.872s) Epoch 465/500: loss=0.790100[0m
( 27.376s) Epoch 466/500: loss=0.777789[0m
( 27.841s) Epoch 467/500: loss=0.777676[0m
( 27.896s) Epoch 468/500: loss=0.758429[0m
( 27.797s) Epoch 469/500: loss=0.744008[0m
( 27.790s) Epoch 470/500: loss=0.780539[0m
( 27.775s) Epoch 471/500: loss=0.817383[0m
( 27.831s) Epoch 472/500: loss=0.766937[0m
( 27.727s) Epoch 473/500: loss=0.729771[0m
( 27.940s) Epoch 474/500: loss=0.744543[0m
( 27.830s) Epoch 475/500: loss=0.716482[0m
( 27.784s) Epoch 476/500: loss=0.723662[0m
( 27.781s) Epoch 477/500: loss=0.717467[0m
( 27.773s) Epoch 478/500: loss=0.725370[0m
( 27.895s) Epoch 479/500: loss=0.711299[0m
( 27.268s) Epoch 480/500: loss=0.717553[0m
( 26.836s) Epoch 481/500: loss=0.718546[0m
( 26.853s) Epoch 482/500: loss=0.695944[0m
( 26.876s) Epoch 483/500: loss=0.706769[0m
( 26.846s) Epoch 484/500: loss=0.701828[0m
( 26.964s) Epoch 485/500: loss=0.693735[0m
( 26.815s) Epoch 486/500: loss=0.703541[0m
( 26.807s) Epoch 487/500: loss=0.717484[0m
( 26.819s) Epoch 488/500: loss=0.694460[0m
( 26.870s) Epoch 489/500: loss=0.694483[0m
( 26.812s) Epoch 490/500: loss=0.698867[0m
( 26.934s) Epoch 491/500: loss=0.700367[0m
( 26.808s) Epoch 492/500: loss=0.689117[0m
( 26.772s) Epoch 493/500: loss=0.694393[0m
( 26.845s) Epoch 494/500: loss=0.687550[0m
( 26.881s) Epoch 495/500: loss=0.672689[0m
( 26.929s) Epoch 496/500: loss=0.683621[0m
( 26.800s) Epoch 497/500: loss=0.663603[0m
( 26.803s) Epoch 498/500: loss=0.670728[0m
( 26.796s) Epoch 499/500: loss=0.688580[0m
( 26.878s) Epoch 500/500: loss=0.695249[0m
Training for 500 epochs took 13460.439s total and 26.921s average
Calculating mean of transformed dataset using the best model state ... 5.177s
Saving best model and options to /home/aditya.bharti/FewShot/cifar100fs_hyperparam/CropColor.pth
