Namespace(T_max=500, backbone='resnet50', base_learning_rate=0.1, base_optimizer='SGD', batch_size=256, dampening=0.0, data_percent=20, dataset='fc100', dataset_root=None, distributed=False, episode_strat='SimpleShotEpisodes', eval_freq=5, fine_tune_epochs=20, fine_tune_save_path='ft0.pth', first_augment='CropResize', head='SimpleMLP', jitter_strength=1.0, k_shot=5, load_from=None, local_rank=0, log_file=<_io.TextIOWrapper name='/home/aditya.bharti/FewShot/fc100_500epoch/CropColor.out' mode='a' encoding='UTF-8'>, loss_function='NTXent', model='SimCLRModel', momentum=0.9, n_way=5, nesterov=True, ntxent_temp=1.0, num_epochs=500, num_query=15, num_test_tasks=10000, num_workers=4, pin_memory=True, pretrained=False, progress=False, projection_dim=128, save_model=True, save_path='/home/aditya.bharti/FewShot/fc100_500epoch/CropColor.pth', scheduler='CosineAnnealingLR', second_augment='ColorDistort', shuffle=True, simple_opt=True, weight_decay=0.0001)
Starting Training on:
Train:  60 classes
Valid:  20 classes
Test:   20 classes
------------------
( 81.462s) Epoch 001/500: loss=[32m5.982801[0m
( 85.020s) Epoch 002/500: loss=[32m5.752647[0m
( 82.326s) Epoch 003/500: loss=[32m5.677278[0m
( 82.341s) Epoch 004/500: loss=[32m5.641892[0m
( 92.853s) Epoch 005/500: loss=[32m5.608536[0m  ( 25.023s)  val_acc=[32m0.022165[0m test_acc=[32m0.049549[0m
( 92.919s) Epoch 006/500: loss=[32m5.589172[0m
( 82.829s) Epoch 007/500: loss=[32m5.571456[0m
( 85.549s) Epoch 008/500: loss=[32m5.557227[0m
( 82.464s) Epoch 009/500: loss=[32m5.547380[0m
( 87.670s) Epoch 010/500: loss=[32m5.536167[0m  ( 18.838s)  val_acc=[32m0.023505[0m test_acc=0.046099[0m
( 82.658s) Epoch 011/500: loss=[32m5.528820[0m
( 81.936s) Epoch 012/500: loss=[32m5.522953[0m
( 81.980s) Epoch 013/500: loss=[32m5.516764[0m
( 81.974s) Epoch 014/500: loss=[32m5.510681[0m
( 87.820s) Epoch 015/500: loss=[32m5.505650[0m  ( 22.615s)  val_acc=[32m0.024035[0m test_acc=0.043664[0m
( 85.078s) Epoch 016/500: loss=[32m5.497706[0m
( 85.115s) Epoch 017/500: loss=[32m5.496711[0m
( 82.553s) Epoch 018/500: loss=[32m5.491323[0m
( 89.802s) Epoch 019/500: loss=[32m5.487813[0m
( 83.044s) Epoch 020/500: loss=[32m5.486640[0m  ( 19.228s)  val_acc=[32m0.026897[0m test_acc=0.046466[0m
( 83.066s) Epoch 021/500: loss=[32m5.479689[0m
( 81.811s) Epoch 022/500: loss=[32m5.478110[0m
( 81.988s) Epoch 023/500: loss=[32m5.474720[0m
( 81.867s) Epoch 024/500: loss=[32m5.471421[0m
( 87.140s) Epoch 025/500: loss=[32m5.467836[0m  ( 21.883s)  val_acc=[32m0.029996[0m test_acc=0.041345[0m
( 82.908s) Epoch 026/500: loss=[32m5.465251[0m
( 81.349s) Epoch 027/500: loss=[32m5.463393[0m
( 81.612s) Epoch 028/500: loss=[32m5.457501[0m
( 81.629s) Epoch 029/500: loss=[32m5.453355[0m
( 81.903s) Epoch 030/500: loss=[32m5.451539[0m  ( 19.112s)  val_acc=0.028555[0m test_acc=0.043480[0m
( 81.879s) Epoch 031/500: loss=[32m5.447994[0m
( 81.656s) Epoch 032/500: loss=[32m5.446150[0m
( 81.519s) Epoch 033/500: loss=[32m5.443082[0m
( 81.564s) Epoch 034/500: loss=5.443796[0m
( 81.819s) Epoch 035/500: loss=5.446059[0m  ( 17.913s)  val_acc=[32m0.030705[0m test_acc=0.047838[0m
( 82.951s) Epoch 036/500: loss=[32m5.438507[0m
( 82.883s) Epoch 037/500: loss=[32m5.433552[0m
( 82.024s) Epoch 038/500: loss=[32m5.431313[0m
( 88.028s) Epoch 039/500: loss=[32m5.431126[0m
( 92.497s) Epoch 040/500: loss=[32m5.428926[0m  ( 17.830s)  val_acc=[32m0.034567[0m test_acc=0.045155[0m
( 82.365s) Epoch 041/500: loss=5.429950[0m
( 84.141s) Epoch 042/500: loss=[32m5.426534[0m
( 97.250s) Epoch 043/500: loss=[32m5.424487[0m
( 96.594s) Epoch 044/500: loss=[32m5.422613[0m
( 91.933s) Epoch 045/500: loss=[32m5.421356[0m  ( 22.212s)  val_acc=0.033285[0m test_acc=0.043163[0m
(109.932s) Epoch 046/500: loss=[32m5.419920[0m
( 86.633s) Epoch 047/500: loss=[32m5.418067[0m
( 81.482s) Epoch 048/500: loss=[32m5.415649[0m
( 85.112s) Epoch 049/500: loss=5.415944[0m
( 81.581s) Epoch 050/500: loss=[32m5.414548[0m  ( 19.001s)  val_acc=0.032635[0m test_acc=0.045183[0m
( 96.670s) Epoch 051/500: loss=5.414592[0m
( 84.852s) Epoch 052/500: loss=[32m5.413159[0m
( 81.634s) Epoch 053/500: loss=[32m5.411782[0m
( 81.609s) Epoch 054/500: loss=[32m5.411027[0m
( 82.176s) Epoch 055/500: loss=[32m5.409397[0m  ( 19.438s)  val_acc=[32m0.035520[0m test_acc=0.045587[0m
( 82.080s) Epoch 056/500: loss=5.410081[0m
( 82.403s) Epoch 057/500: loss=[32m5.408841[0m
( 82.679s) Epoch 058/500: loss=[32m5.406277[0m
( 82.544s) Epoch 059/500: loss=5.408517[0m
( 83.538s) Epoch 060/500: loss=[32m5.405786[0m  ( 19.461s)  val_acc=[32m0.036856[0m test_acc=0.046319[0m
( 81.990s) Epoch 061/500: loss=5.409506[0m
( 82.631s) Epoch 062/500: loss=5.409239[0m
( 82.849s) Epoch 063/500: loss=[32m5.405589[0m
( 82.283s) Epoch 064/500: loss=[32m5.402905[0m
( 84.667s) Epoch 065/500: loss=[32m5.401893[0m  ( 18.575s)  val_acc=[32m0.038520[0m test_acc=[32m0.052979[0m
( 82.386s) Epoch 066/500: loss=[32m5.400391[0m
( 85.197s) Epoch 067/500: loss=[32m5.400149[0m
( 82.131s) Epoch 068/500: loss=[32m5.400030[0m
( 82.015s) Epoch 069/500: loss=[32m5.399139[0m
( 84.853s) Epoch 070/500: loss=[32m5.397125[0m  ( 18.795s)  val_acc=0.037041[0m test_acc=0.050610[0m
( 82.581s) Epoch 071/500: loss=[32m5.396991[0m
( 81.814s) Epoch 072/500: loss=[32m5.396371[0m
( 84.298s) Epoch 073/500: loss=[32m5.396272[0m
( 94.944s) Epoch 074/500: loss=[32m5.395617[0m
( 82.231s) Epoch 075/500: loss=[32m5.394409[0m  ( 19.772s)  val_acc=[32m0.043458[0m test_acc=0.050584[0m
( 82.804s) Epoch 076/500: loss=[32m5.394243[0m
( 82.713s) Epoch 077/500: loss=[32m5.392851[0m
( 82.796s) Epoch 078/500: loss=5.393677[0m
( 82.778s) Epoch 079/500: loss=[32m5.391554[0m
( 82.544s) Epoch 080/500: loss=5.394342[0m  ( 25.505s)  val_acc=[32m0.047079[0m test_acc=0.050856[0m
( 82.954s) Epoch 081/500: loss=5.392269[0m
( 81.875s) Epoch 082/500: loss=[32m5.390636[0m
( 81.793s) Epoch 083/500: loss=[32m5.389819[0m
( 81.853s) Epoch 084/500: loss=5.390286[0m
( 81.793s) Epoch 085/500: loss=5.393783[0m  ( 19.327s)  val_acc=0.043507[0m test_acc=0.050049[0m
( 85.928s) Epoch 086/500: loss=[32m5.388726[0m
( 82.229s) Epoch 087/500: loss=[32m5.388489[0m
( 82.159s) Epoch 088/500: loss=[32m5.388300[0m
( 81.742s) Epoch 089/500: loss=[32m5.387629[0m
( 82.820s) Epoch 090/500: loss=[32m5.386276[0m  ( 19.191s)  val_acc=0.036763[0m test_acc=0.051502[0m
( 85.096s) Epoch 091/500: loss=5.387350[0m
( 88.479s) Epoch 092/500: loss=5.386521[0m
( 83.607s) Epoch 093/500: loss=[32m5.385701[0m
( 81.906s) Epoch 094/500: loss=[32m5.385578[0m
( 83.236s) Epoch 095/500: loss=[32m5.385527[0m  ( 24.241s)  val_acc=0.038171[0m test_acc=0.051165[0m
( 86.742s) Epoch 096/500: loss=[32m5.384266[0m
( 83.165s) Epoch 097/500: loss=5.385746[0m
( 82.991s) Epoch 098/500: loss=[32m5.383120[0m
( 90.994s) Epoch 099/500: loss=5.383616[0m
( 81.401s) Epoch 100/500: loss=[32m5.382378[0m  ( 19.143s)  val_acc=0.045492[0m test_acc=[32m0.054061[0m
( 82.420s) Epoch 101/500: loss=5.382562[0m
( 81.408s) Epoch 102/500: loss=5.386821[0m
( 88.483s) Epoch 103/500: loss=5.388201[0m
( 88.175s) Epoch 104/500: loss=5.382963[0m
( 86.427s) Epoch 105/500: loss=5.386749[0m  ( 23.225s)  val_acc=0.041143[0m test_acc=0.054012[0m
( 91.319s) Epoch 106/500: loss=5.382766[0m
( 81.336s) Epoch 107/500: loss=[32m5.379772[0m
( 81.693s) Epoch 108/500: loss=5.380172[0m
( 81.412s) Epoch 109/500: loss=5.380167[0m
( 81.378s) Epoch 110/500: loss=5.389960[0m  ( 19.439s)  val_acc=0.041188[0m test_acc=0.050682[0m
( 87.888s) Epoch 111/500: loss=5.381326[0m
( 81.606s) Epoch 112/500: loss=5.380773[0m
( 81.537s) Epoch 113/500: loss=[32m5.378554[0m
( 81.429s) Epoch 114/500: loss=5.383383[0m
( 83.651s) Epoch 115/500: loss=5.379749[0m  ( 19.229s)  val_acc=0.045420[0m test_acc=[32m0.056864[0m
( 84.287s) Epoch 116/500: loss=[32m5.377321[0m
( 81.242s) Epoch 117/500: loss=5.378363[0m
( 81.307s) Epoch 118/500: loss=5.382397[0m
( 81.394s) Epoch 119/500: loss=5.378761[0m
( 86.365s) Epoch 120/500: loss=[32m5.374499[0m  ( 19.110s)  val_acc=0.041091[0m test_acc=0.056319[0m
( 84.897s) Epoch 121/500: loss=5.380754[0m
( 83.364s) Epoch 122/500: loss=5.377456[0m
( 85.540s) Epoch 123/500: loss=5.377119[0m
( 81.169s) Epoch 124/500: loss=5.376341[0m
( 81.526s) Epoch 125/500: loss=5.376375[0m  ( 18.986s)  val_acc=0.040115[0m test_acc=[32m0.059715[0m
( 82.870s) Epoch 126/500: loss=5.374586[0m
( 85.429s) Epoch 127/500: loss=[32m5.373321[0m
(100.910s) Epoch 128/500: loss=[32m5.373157[0m
(114.464s) Epoch 129/500: loss=5.373348[0m
(101.749s) Epoch 130/500: loss=5.375209[0m  ( 19.455s)  val_acc=[32m0.049455[0m test_acc=0.058897[0m
( 95.908s) Epoch 131/500: loss=5.374893[0m
( 83.355s) Epoch 132/500: loss=5.373438[0m
( 81.400s) Epoch 133/500: loss=[32m5.371996[0m
( 84.724s) Epoch 134/500: loss=5.373146[0m
( 81.536s) Epoch 135/500: loss=[32m5.371811[0m  ( 19.358s)  val_acc=0.042724[0m test_acc=[32m0.062185[0m
( 82.955s) Epoch 136/500: loss=5.373520[0m
( 81.284s) Epoch 137/500: loss=5.372326[0m
( 81.267s) Epoch 138/500: loss=5.372832[0m
( 81.445s) Epoch 139/500: loss=[32m5.370731[0m
( 81.579s) Epoch 140/500: loss=[32m5.369807[0m  ( 19.057s)  val_acc=0.038303[0m test_acc=0.055880[0m
( 82.748s) Epoch 141/500: loss=5.372829[0m
( 81.221s) Epoch 142/500: loss=5.370172[0m
( 81.726s) Epoch 143/500: loss=5.371138[0m
( 81.709s) Epoch 144/500: loss=[32m5.369719[0m
( 81.338s) Epoch 145/500: loss=[32m5.368864[0m  ( 19.391s)  val_acc=0.043643[0m test_acc=0.057057[0m
( 82.978s) Epoch 146/500: loss=5.369121[0m
( 81.513s) Epoch 147/500: loss=5.369070[0m
( 81.522s) Epoch 148/500: loss=5.382286[0m
( 81.342s) Epoch 149/500: loss=5.372782[0m
( 81.271s) Epoch 150/500: loss=5.369556[0m  ( 19.362s)  val_acc=0.043399[0m test_acc=0.054384[0m
( 84.226s) Epoch 151/500: loss=5.371544[0m
( 81.281s) Epoch 152/500: loss=5.370730[0m
( 81.693s) Epoch 153/500: loss=5.369523[0m
( 81.439s) Epoch 154/500: loss=[32m5.368718[0m
( 81.268s) Epoch 155/500: loss=[32m5.366240[0m  ( 19.683s)  val_acc=0.041218[0m test_acc=0.060756[0m
( 82.678s) Epoch 156/500: loss=5.366287[0m
( 81.249s) Epoch 157/500: loss=5.369484[0m
( 81.264s) Epoch 158/500: loss=5.366692[0m
( 81.723s) Epoch 159/500: loss=5.367862[0m
( 81.516s) Epoch 160/500: loss=5.370615[0m  ( 19.133s)  val_acc=0.047314[0m test_acc=0.058435[0m
( 87.887s) Epoch 161/500: loss=5.366392[0m
( 81.393s) Epoch 162/500: loss=[32m5.366162[0m
( 82.831s) Epoch 163/500: loss=[32m5.364858[0m
( 86.245s) Epoch 164/500: loss=[32m5.363865[0m
( 81.157s) Epoch 165/500: loss=5.364484[0m  ( 19.413s)  val_acc=0.040850[0m test_acc=[32m0.062388[0m
( 82.736s) Epoch 166/500: loss=5.365053[0m
( 81.596s) Epoch 167/500: loss=[32m5.363551[0m
( 81.624s) Epoch 168/500: loss=5.364656[0m
( 81.503s) Epoch 169/500: loss=[32m5.362845[0m
( 81.433s) Epoch 170/500: loss=5.363134[0m  ( 19.160s)  val_acc=0.039211[0m test_acc=0.059596[0m
( 90.171s) Epoch 171/500: loss=5.365028[0m
( 82.274s) Epoch 172/500: loss=5.363744[0m
( 81.157s) Epoch 173/500: loss=5.368827[0m
( 81.518s) Epoch 174/500: loss=5.367461[0m
( 81.415s) Epoch 175/500: loss=5.365459[0m  ( 19.311s)  val_acc=0.047937[0m test_acc=[32m0.066240[0m
( 82.265s) Epoch 176/500: loss=5.363139[0m
( 81.191s) Epoch 177/500: loss=[32m5.362168[0m
( 84.128s) Epoch 178/500: loss=5.368181[0m
( 81.401s) Epoch 179/500: loss=5.364195[0m
( 85.414s) Epoch 180/500: loss=[32m5.362036[0m  ( 22.839s)  val_acc=0.042587[0m test_acc=0.059418[0m
( 89.331s) Epoch 181/500: loss=[32m5.361600[0m
( 81.562s) Epoch 182/500: loss=[32m5.361433[0m
( 81.476s) Epoch 183/500: loss=[32m5.361140[0m
( 89.333s) Epoch 184/500: loss=[32m5.360218[0m
( 86.250s) Epoch 185/500: loss=5.360274[0m  ( 20.272s)  val_acc=[32m0.049870[0m test_acc=0.057254[0m
( 84.463s) Epoch 186/500: loss=5.362394[0m
( 89.181s) Epoch 187/500: loss=5.361397[0m
( 81.306s) Epoch 188/500: loss=[32m5.359724[0m
( 81.500s) Epoch 189/500: loss=[32m5.359590[0m
( 81.859s) Epoch 190/500: loss=5.360512[0m  ( 18.797s)  val_acc=0.048399[0m test_acc=0.065290[0m
( 83.253s) Epoch 191/500: loss=[32m5.358796[0m
( 82.380s) Epoch 192/500: loss=[32m5.358771[0m
( 81.317s) Epoch 193/500: loss=[32m5.358680[0m
( 81.115s) Epoch 194/500: loss=[32m5.357591[0m
( 81.540s) Epoch 195/500: loss=[32m5.356786[0m  ( 19.207s)  val_acc=0.043030[0m test_acc=0.061705[0m
( 82.856s) Epoch 196/500: loss=5.358688[0m
( 87.943s) Epoch 197/500: loss=5.357831[0m
( 81.358s) Epoch 198/500: loss=[32m5.355757[0m
( 81.597s) Epoch 199/500: loss=5.357011[0m
( 81.684s) Epoch 200/500: loss=5.357815[0m  ( 18.801s)  val_acc=0.040075[0m test_acc=[32m0.072134[0m
( 81.510s) Epoch 201/500: loss=5.357783[0m
( 81.308s) Epoch 202/500: loss=5.357114[0m
( 81.380s) Epoch 203/500: loss=5.356285[0m
( 81.486s) Epoch 204/500: loss=5.356908[0m
( 81.161s) Epoch 205/500: loss=5.356352[0m  ( 18.909s)  val_acc=0.039680[0m test_acc=0.065307[0m
( 82.725s) Epoch 206/500: loss=[32m5.354735[0m
( 86.903s) Epoch 207/500: loss=5.355094[0m
( 81.281s) Epoch 208/500: loss=5.355458[0m
( 81.373s) Epoch 209/500: loss=[32m5.354583[0m
( 81.316s) Epoch 210/500: loss=5.362890[0m  ( 19.490s)  val_acc=[32m0.050403[0m test_acc=0.060163[0m
( 84.021s) Epoch 211/500: loss=5.357395[0m
( 84.850s) Epoch 212/500: loss=5.355617[0m
( 87.140s) Epoch 213/500: loss=5.355004[0m
( 81.698s) Epoch 214/500: loss=[32m5.353829[0m
( 81.433s) Epoch 215/500: loss=[32m5.353500[0m  ( 19.293s)  val_acc=0.048037[0m test_acc=0.061886[0m
( 83.572s) Epoch 216/500: loss=[32m5.353009[0m
( 81.400s) Epoch 217/500: loss=5.355221[0m
( 81.591s) Epoch 218/500: loss=5.353155[0m
( 81.340s) Epoch 219/500: loss=5.360950[0m
( 81.858s) Epoch 220/500: loss=5.360893[0m  ( 19.654s)  val_acc=[32m0.051225[0m test_acc=0.062542[0m
( 84.127s) Epoch 221/500: loss=5.355389[0m
( 81.401s) Epoch 222/500: loss=5.355624[0m
( 81.269s) Epoch 223/500: loss=5.354822[0m
( 81.447s) Epoch 224/500: loss=[32m5.352942[0m
( 86.007s) Epoch 225/500: loss=5.354391[0m  ( 19.578s)  val_acc=0.043791[0m test_acc=0.071618[0m
( 83.893s) Epoch 226/500: loss=[32m5.352743[0m
( 81.388s) Epoch 227/500: loss=[32m5.351953[0m
( 82.524s) Epoch 228/500: loss=[32m5.349811[0m
( 81.411s) Epoch 229/500: loss=5.356065[0m
( 81.328s) Epoch 230/500: loss=5.351427[0m  ( 19.600s)  val_acc=0.047531[0m test_acc=0.067140[0m
( 84.077s) Epoch 231/500: loss=5.352076[0m
( 84.077s) Epoch 232/500: loss=5.350011[0m
( 81.456s) Epoch 233/500: loss=5.351165[0m
( 86.505s) Epoch 234/500: loss=5.350698[0m
( 82.810s) Epoch 235/500: loss=[32m5.348856[0m  ( 19.569s)  val_acc=0.043785[0m test_acc=0.069538[0m
( 93.443s) Epoch 236/500: loss=5.350418[0m
( 82.171s) Epoch 237/500: loss=5.348964[0m
( 81.337s) Epoch 238/500: loss=[32m5.348607[0m
( 81.503s) Epoch 239/500: loss=[32m5.348568[0m
( 81.478s) Epoch 240/500: loss=5.349785[0m  ( 19.380s)  val_acc=0.046274[0m test_acc=[32m0.072172[0m
( 83.258s) Epoch 241/500: loss=5.348928[0m
( 84.805s) Epoch 242/500: loss=[32m5.348233[0m
( 82.668s) Epoch 243/500: loss=5.348408[0m
( 81.401s) Epoch 244/500: loss=[32m5.347645[0m
( 81.290s) Epoch 245/500: loss=[32m5.347554[0m  ( 19.563s)  val_acc=0.048415[0m test_acc=[32m0.073542[0m
( 82.591s) Epoch 246/500: loss=5.348252[0m
( 81.111s) Epoch 247/500: loss=5.351599[0m
( 81.180s) Epoch 248/500: loss=[32m5.346970[0m
( 81.316s) Epoch 249/500: loss=[32m5.346163[0m
( 87.509s) Epoch 250/500: loss=5.346617[0m  ( 19.055s)  val_acc=0.049830[0m test_acc=0.063796[0m
( 82.814s) Epoch 251/500: loss=5.346458[0m
( 81.274s) Epoch 252/500: loss=5.346490[0m
( 81.354s) Epoch 253/500: loss=[32m5.345247[0m
( 81.136s) Epoch 254/500: loss=5.345368[0m
( 81.228s) Epoch 255/500: loss=[32m5.345121[0m  ( 19.006s)  val_acc=0.044501[0m test_acc=0.063369[0m
( 82.472s) Epoch 256/500: loss=[32m5.344659[0m
( 80.967s) Epoch 257/500: loss=[32m5.344228[0m
( 81.410s) Epoch 258/500: loss=5.345438[0m
( 81.496s) Epoch 259/500: loss=5.344630[0m
( 85.134s) Epoch 260/500: loss=5.344398[0m  ( 19.281s)  val_acc=0.039641[0m test_acc=0.063905[0m
( 82.109s) Epoch 261/500: loss=[32m5.343605[0m
( 81.386s) Epoch 262/500: loss=[32m5.343166[0m
( 88.063s) Epoch 263/500: loss=5.344112[0m
( 81.656s) Epoch 264/500: loss=5.344403[0m
( 81.536s) Epoch 265/500: loss=[32m5.341793[0m  ( 19.086s)  val_acc=0.048038[0m test_acc=0.072085[0m
( 81.554s) Epoch 266/500: loss=5.343738[0m
( 81.326s) Epoch 267/500: loss=[32m5.341326[0m
( 81.619s) Epoch 268/500: loss=5.343280[0m
( 81.593s) Epoch 269/500: loss=5.342617[0m
( 85.675s) Epoch 270/500: loss=5.342254[0m  ( 23.352s)  val_acc=[32m0.052126[0m test_acc=0.068864[0m
( 82.020s) Epoch 271/500: loss=5.342180[0m
( 81.332s) Epoch 272/500: loss=[32m5.341226[0m
( 81.171s) Epoch 273/500: loss=5.341396[0m
( 81.264s) Epoch 274/500: loss=5.342742[0m
( 85.149s) Epoch 275/500: loss=5.341429[0m  ( 18.941s)  val_acc=0.050109[0m test_acc=0.072566[0m
( 81.938s) Epoch 276/500: loss=5.341309[0m
( 83.022s) Epoch 277/500: loss=5.353948[0m
( 81.258s) Epoch 278/500: loss=5.342366[0m
( 81.294s) Epoch 279/500: loss=5.342469[0m
( 85.235s) Epoch 280/500: loss=[32m5.340591[0m  ( 18.741s)  val_acc=0.047095[0m test_acc=[32m0.074517[0m
( 82.320s) Epoch 281/500: loss=5.340753[0m
( 81.239s) Epoch 282/500: loss=[32m5.340536[0m
( 81.961s) Epoch 283/500: loss=5.341049[0m
( 81.427s) Epoch 284/500: loss=5.341525[0m
( 81.423s) Epoch 285/500: loss=[32m5.339233[0m  ( 19.023s)  val_acc=0.045586[0m test_acc=0.068794[0m
( 90.520s) Epoch 286/500: loss=[32m5.338996[0m
( 81.164s) Epoch 287/500: loss=[32m5.337569[0m
( 81.445s) Epoch 288/500: loss=5.338636[0m
( 81.426s) Epoch 289/500: loss=5.338363[0m
( 81.392s) Epoch 290/500: loss=5.338536[0m  ( 19.226s)  val_acc=0.048074[0m test_acc=0.063753[0m
( 93.407s) Epoch 291/500: loss=5.338387[0m
( 81.921s) Epoch 292/500: loss=[32m5.336895[0m
( 81.158s) Epoch 293/500: loss=5.337560[0m
( 92.931s) Epoch 294/500: loss=[32m5.336871[0m
( 90.813s) Epoch 295/500: loss=5.337505[0m  ( 19.673s)  val_acc=0.047038[0m test_acc=0.068442[0m
( 84.916s) Epoch 296/500: loss=5.337226[0m
( 82.038s) Epoch 297/500: loss=[32m5.335558[0m
( 82.456s) Epoch 298/500: loss=5.336255[0m
( 91.302s) Epoch 299/500: loss=5.336181[0m
( 83.451s) Epoch 300/500: loss=5.335654[0m  ( 19.425s)  val_acc=0.043672[0m test_acc=[32m0.078122[0m
( 84.069s) Epoch 301/500: loss=[32m5.334238[0m
( 81.082s) Epoch 302/500: loss=5.334276[0m
( 82.282s) Epoch 303/500: loss=[32m5.334229[0m
( 81.314s) Epoch 304/500: loss=5.335255[0m
( 81.341s) Epoch 305/500: loss=5.334551[0m  ( 21.375s)  val_acc=[32m0.054460[0m test_acc=0.069836[0m
( 87.792s) Epoch 306/500: loss=5.334472[0m
( 82.061s) Epoch 307/500: loss=[32m5.333478[0m
( 81.221s) Epoch 308/500: loss=5.334125[0m
( 86.046s) Epoch 309/500: loss=5.334015[0m
( 82.211s) Epoch 310/500: loss=5.333805[0m  ( 51.737s)  val_acc=0.044348[0m test_acc=[32m0.079402[0m
( 94.026s) Epoch 311/500: loss=5.334134[0m
( 82.986s) Epoch 312/500: loss=[32m5.332386[0m
( 85.275s) Epoch 313/500: loss=5.332693[0m
( 82.252s) Epoch 314/500: loss=5.333282[0m
( 85.948s) Epoch 315/500: loss=5.332951[0m  ( 19.524s)  val_acc=0.047076[0m test_acc=0.071925[0m
( 83.479s) Epoch 316/500: loss=[32m5.331954[0m
( 87.350s) Epoch 317/500: loss=5.332813[0m
( 82.304s) Epoch 318/500: loss=[32m5.331857[0m
( 81.334s) Epoch 319/500: loss=[32m5.331199[0m
( 81.271s) Epoch 320/500: loss=5.331537[0m  ( 19.415s)  val_acc=0.045276[0m test_acc=0.067807[0m
( 84.393s) Epoch 321/500: loss=[32m5.329665[0m
( 81.248s) Epoch 322/500: loss=5.330706[0m
( 82.910s) Epoch 323/500: loss=5.330240[0m
( 83.572s) Epoch 324/500: loss=[32m5.329462[0m
( 81.316s) Epoch 325/500: loss=5.329713[0m  ( 38.256s)  val_acc=0.052144[0m test_acc=0.065405[0m
( 83.921s) Epoch 326/500: loss=5.330265[0m
( 81.043s) Epoch 327/500: loss=[32m5.328989[0m
( 84.042s) Epoch 328/500: loss=[32m5.328795[0m
( 81.414s) Epoch 329/500: loss=[32m5.328749[0m
( 81.320s) Epoch 330/500: loss=[32m5.327147[0m  ( 18.983s)  val_acc=0.051576[0m test_acc=0.072316[0m
( 86.594s) Epoch 331/500: loss=5.328632[0m
( 81.270s) Epoch 332/500: loss=5.328852[0m
( 81.649s) Epoch 333/500: loss=5.327912[0m
( 81.507s) Epoch 334/500: loss=5.327689[0m
( 83.522s) Epoch 335/500: loss=[32m5.327144[0m  ( 19.270s)  val_acc=0.049026[0m test_acc=0.074842[0m
( 83.034s) Epoch 336/500: loss=5.327362[0m
( 82.412s) Epoch 337/500: loss=[32m5.326853[0m
( 81.550s) Epoch 338/500: loss=[32m5.326264[0m
( 81.112s) Epoch 339/500: loss=5.327370[0m
( 81.426s) Epoch 340/500: loss=5.326839[0m  ( 19.177s)  val_acc=0.051394[0m test_acc=0.073309[0m
( 83.452s) Epoch 341/500: loss=5.326342[0m
( 82.127s) Epoch 342/500: loss=[32m5.326146[0m
( 92.290s) Epoch 343/500: loss=[32m5.325744[0m
( 81.025s) Epoch 344/500: loss=[32m5.325552[0m
( 87.756s) Epoch 345/500: loss=[32m5.324879[0m  ( 19.536s)  val_acc=0.048538[0m test_acc=0.075219[0m
( 97.822s) Epoch 346/500: loss=5.324946[0m
( 81.867s) Epoch 347/500: loss=5.325284[0m
( 81.066s) Epoch 348/500: loss=5.325093[0m
( 81.530s) Epoch 349/500: loss=[32m5.323836[0m
( 81.199s) Epoch 350/500: loss=5.324617[0m  ( 22.019s)  val_acc=0.051998[0m test_acc=0.075732[0m
( 87.794s) Epoch 351/500: loss=[32m5.321824[0m
( 80.978s) Epoch 352/500: loss=5.322501[0m
( 81.483s) Epoch 353/500: loss=5.322998[0m
( 81.365s) Epoch 354/500: loss=5.322157[0m
( 81.469s) Epoch 355/500: loss=5.322323[0m  ( 19.503s)  val_acc=0.044809[0m test_acc=0.078879[0m
( 82.313s) Epoch 356/500: loss=5.323242[0m
( 81.419s) Epoch 357/500: loss=5.321865[0m
( 81.672s) Epoch 358/500: loss=5.323024[0m
( 81.272s) Epoch 359/500: loss=[32m5.320841[0m
( 84.461s) Epoch 360/500: loss=5.321036[0m  ( 20.044s)  val_acc=0.047527[0m test_acc=0.076007[0m
( 82.594s) Epoch 361/500: loss=5.321872[0m
( 81.232s) Epoch 362/500: loss=5.321228[0m
( 86.862s) Epoch 363/500: loss=[32m5.320733[0m
( 95.462s) Epoch 364/500: loss=5.321676[0m
( 82.341s) Epoch 365/500: loss=[32m5.320674[0m  ( 18.900s)  val_acc=0.045803[0m test_acc=0.068438[0m
( 88.719s) Epoch 366/500: loss=[32m5.319518[0m
( 90.224s) Epoch 367/500: loss=5.320122[0m
( 81.259s) Epoch 368/500: loss=[32m5.318194[0m
( 81.196s) Epoch 369/500: loss=5.319521[0m
( 81.394s) Epoch 370/500: loss=[32m5.317498[0m  ( 19.388s)  val_acc=0.048192[0m test_acc=0.074339[0m
( 90.406s) Epoch 371/500: loss=5.319210[0m
( 81.480s) Epoch 372/500: loss=5.317849[0m
( 81.266s) Epoch 373/500: loss=5.317728[0m
( 81.475s) Epoch 374/500: loss=5.318317[0m
( 84.292s) Epoch 375/500: loss=5.318025[0m  ( 18.619s)  val_acc=0.046268[0m test_acc=0.070433[0m
( 82.847s) Epoch 376/500: loss=[32m5.316998[0m
( 82.075s) Epoch 377/500: loss=5.317757[0m
( 82.174s) Epoch 378/500: loss=5.317076[0m
( 81.531s) Epoch 379/500: loss=[32m5.316805[0m
( 81.567s) Epoch 380/500: loss=5.317734[0m  ( 19.033s)  val_acc=0.044290[0m test_acc=0.070981[0m
( 82.984s) Epoch 381/500: loss=5.317325[0m
( 86.708s) Epoch 382/500: loss=[32m5.315903[0m
( 81.187s) Epoch 383/500: loss=[32m5.315685[0m
( 81.336s) Epoch 384/500: loss=5.316566[0m
( 81.273s) Epoch 385/500: loss=5.316836[0m  ( 19.563s)  val_acc=0.050902[0m test_acc=0.068710[0m
( 90.425s) Epoch 386/500: loss=[32m5.315184[0m
(192.363s) Epoch 387/500: loss=[32m5.315089[0m
( 85.394s) Epoch 388/500: loss=[32m5.314646[0m
( 80.936s) Epoch 389/500: loss=[32m5.314484[0m
( 81.719s) Epoch 390/500: loss=5.314532[0m  ( 19.180s)  val_acc=0.045610[0m test_acc=0.068686[0m
( 81.767s) Epoch 391/500: loss=5.315347[0m
( 86.142s) Epoch 392/500: loss=[32m5.313764[0m
( 81.113s) Epoch 393/500: loss=5.313948[0m
( 81.371s) Epoch 394/500: loss=[32m5.312083[0m
( 81.255s) Epoch 395/500: loss=5.312996[0m  ( 19.308s)  val_acc=0.052479[0m test_acc=0.069845[0m
( 87.984s) Epoch 396/500: loss=5.312749[0m
( 82.484s) Epoch 397/500: loss=5.312646[0m
( 84.021s) Epoch 398/500: loss=5.312424[0m
( 85.347s) Epoch 399/500: loss=5.312552[0m
( 86.834s) Epoch 400/500: loss=[32m5.310965[0m  ( 19.249s)  val_acc=0.049330[0m test_acc=0.073363[0m
( 87.195s) Epoch 401/500: loss=[32m5.310756[0m
( 84.537s) Epoch 402/500: loss=5.310771[0m
( 96.490s) Epoch 403/500: loss=5.310880[0m
( 92.550s) Epoch 404/500: loss=[32m5.310659[0m
( 94.813s) Epoch 405/500: loss=5.311458[0m  ( 23.643s)  val_acc=0.049247[0m test_acc=0.071525[0m
( 92.211s) Epoch 406/500: loss=[32m5.310463[0m
( 97.146s) Epoch 407/500: loss=5.310769[0m
( 88.373s) Epoch 408/500: loss=[32m5.310267[0m
( 81.857s) Epoch 409/500: loss=[32m5.309429[0m
( 81.660s) Epoch 410/500: loss=5.309591[0m  ( 18.648s)  val_acc=0.046909[0m test_acc=0.071625[0m
( 83.988s) Epoch 411/500: loss=5.310241[0m
( 81.631s) Epoch 412/500: loss=5.309794[0m
( 87.445s) Epoch 413/500: loss=[32m5.308673[0m
( 89.191s) Epoch 414/500: loss=5.308778[0m
( 81.455s) Epoch 415/500: loss=[32m5.308585[0m  ( 33.194s)  val_acc=0.042429[0m test_acc=0.072032[0m
(101.121s) Epoch 416/500: loss=[32m5.308438[0m
( 85.484s) Epoch 417/500: loss=[32m5.308297[0m
( 88.287s) Epoch 418/500: loss=5.308745[0m
( 82.170s) Epoch 419/500: loss=[32m5.308224[0m
( 89.623s) Epoch 420/500: loss=5.308657[0m  ( 33.068s)  val_acc=0.049061[0m test_acc=0.073156[0m
( 83.367s) Epoch 421/500: loss=5.308416[0m
( 81.949s) Epoch 422/500: loss=[32m5.306103[0m
( 82.207s) Epoch 423/500: loss=5.307290[0m
( 81.926s) Epoch 424/500: loss=5.307376[0m
( 86.860s) Epoch 425/500: loss=5.306697[0m  ( 21.163s)  val_acc=0.045111[0m test_acc=0.073048[0m
( 81.760s) Epoch 426/500: loss=[32m5.306004[0m
( 82.053s) Epoch 427/500: loss=5.306654[0m
( 90.725s) Epoch 428/500: loss=[32m5.305353[0m
( 81.815s) Epoch 429/500: loss=5.307157[0m
( 82.149s) Epoch 430/500: loss=5.306692[0m  ( 18.320s)  val_acc=0.051594[0m test_acc=0.069615[0m
( 81.526s) Epoch 431/500: loss=5.306135[0m
( 82.405s) Epoch 432/500: loss=[32m5.305097[0m
( 81.830s) Epoch 433/500: loss=5.305572[0m
( 81.616s) Epoch 434/500: loss=[32m5.304911[0m
( 86.764s) Epoch 435/500: loss=5.305168[0m  ( 24.059s)  val_acc=0.049189[0m test_acc=0.068199[0m
( 95.742s) Epoch 436/500: loss=[32m5.304491[0m
( 82.282s) Epoch 437/500: loss=5.305688[0m
( 81.892s) Epoch 438/500: loss=5.304928[0m
( 82.061s) Epoch 439/500: loss=5.305719[0m
( 83.938s) Epoch 440/500: loss=5.304697[0m  ( 18.718s)  val_acc=0.042943[0m test_acc=0.075352[0m
( 81.710s) Epoch 441/500: loss=[32m5.304113[0m
( 82.450s) Epoch 442/500: loss=5.304723[0m
( 82.128s) Epoch 443/500: loss=5.304479[0m
( 81.890s) Epoch 444/500: loss=[32m5.303593[0m
( 84.352s) Epoch 445/500: loss=5.303938[0m  ( 18.750s)  val_acc=0.048623[0m test_acc=0.069048[0m
( 81.953s) Epoch 446/500: loss=5.303675[0m
( 84.801s) Epoch 447/500: loss=[32m5.303425[0m
( 86.204s) Epoch 448/500: loss=[32m5.303096[0m
( 82.306s) Epoch 449/500: loss=5.303114[0m
( 82.267s) Epoch 450/500: loss=5.303523[0m  ( 26.152s)  val_acc=0.050376[0m test_acc=0.071841[0m
(104.226s) Epoch 451/500: loss=5.303520[0m
( 96.933s) Epoch 452/500: loss=[32m5.302767[0m
( 81.922s) Epoch 453/500: loss=[32m5.302616[0m
( 82.238s) Epoch 454/500: loss=5.302824[0m
( 83.895s) Epoch 455/500: loss=5.303318[0m  ( 18.698s)  val_acc=0.046571[0m test_acc=0.068562[0m
(100.707s) Epoch 456/500: loss=[32m5.302242[0m
( 81.917s) Epoch 457/500: loss=5.302699[0m
( 82.277s) Epoch 458/500: loss=[32m5.301600[0m
( 83.907s) Epoch 459/500: loss=5.301748[0m
( 86.078s) Epoch 460/500: loss=5.302197[0m  ( 19.943s)  val_acc=0.041481[0m test_acc=0.073216[0m
(101.875s) Epoch 461/500: loss=5.302020[0m
( 85.653s) Epoch 462/500: loss=5.302016[0m
( 94.466s) Epoch 463/500: loss=5.302186[0m
( 89.555s) Epoch 464/500: loss=[32m5.301166[0m
( 82.381s) Epoch 465/500: loss=[32m5.301068[0m  ( 18.809s)  val_acc=0.051096[0m test_acc=0.071383[0m
( 83.745s) Epoch 466/500: loss=5.301489[0m
( 82.356s) Epoch 467/500: loss=5.302191[0m
( 82.191s) Epoch 468/500: loss=5.301498[0m
( 82.165s) Epoch 469/500: loss=5.301234[0m
( 82.143s) Epoch 470/500: loss=[32m5.300486[0m  ( 18.143s)  val_acc=0.047431[0m test_acc=0.070349[0m
( 81.723s) Epoch 471/500: loss=[32m5.300446[0m
( 85.666s) Epoch 472/500: loss=5.300646[0m
( 92.127s) Epoch 473/500: loss=[32m5.300363[0m
( 81.972s) Epoch 474/500: loss=5.301120[0m
( 89.347s) Epoch 475/500: loss=[32m5.300082[0m  ( 18.731s)  val_acc=0.048845[0m test_acc=0.071719[0m
( 81.763s) Epoch 476/500: loss=5.300741[0m
( 81.944s) Epoch 477/500: loss=5.300588[0m
( 82.204s) Epoch 478/500: loss=5.300246[0m
( 83.088s) Epoch 479/500: loss=5.300364[0m
( 82.738s) Epoch 480/500: loss=[32m5.300027[0m  ( 18.644s)  val_acc=0.045448[0m test_acc=0.071007[0m
( 85.093s) Epoch 481/500: loss=5.301546[0m
( 81.968s) Epoch 482/500: loss=5.301055[0m
( 82.252s) Epoch 483/500: loss=5.300336[0m
( 82.128s) Epoch 484/500: loss=5.300542[0m
( 82.189s) Epoch 485/500: loss=5.301527[0m  ( 18.411s)  val_acc=0.044102[0m test_acc=0.073251[0m
( 81.846s) Epoch 486/500: loss=5.300827[0m
( 82.161s) Epoch 487/500: loss=5.301024[0m
( 95.054s) Epoch 488/500: loss=[32m5.299483[0m
( 87.139s) Epoch 489/500: loss=5.299933[0m
( 82.182s) Epoch 490/500: loss=5.299758[0m  ( 28.776s)  val_acc=0.045526[0m test_acc=0.076024[0m
( 86.395s) Epoch 491/500: loss=5.300439[0m
( 83.721s) Epoch 492/500: loss=5.300576[0m
( 87.521s) Epoch 493/500: loss=5.299502[0m
( 82.362s) Epoch 494/500: loss=5.299784[0m
( 82.271s) Epoch 495/500: loss=[32m5.299069[0m  ( 18.303s)  val_acc=0.047071[0m test_acc=0.076342[0m
( 82.042s) Epoch 496/500: loss=5.299772[0m
( 82.226s) Epoch 497/500: loss=5.299879[0m
( 82.128s) Epoch 498/500: loss=5.301946[0m
( 82.591s) Epoch 499/500: loss=5.300640[0m
( 82.064s) Epoch 500/500: loss=5.300054[0m  ( 20.154s)  val_acc=0.047741[0m test_acc=0.073712[0m
Training for 500 epochs took 42119.748s total and 84.239s average
Calculating mean of transformed dataset using the best model state ... 30.160s
Saving best model and options to /home/aditya.bharti/FewShot/fc100_500epoch/CropColor.pth
