Namespace(T_max=100, backbone='resnet50', base_learning_rate=0.1, base_optimizer='SGD', batch_size=256, dampening=0.0, dataset='cifar100fs', dataset_root=None, distributed=False, episode_strat='SimpleShotEpisodes', eval_freq=5, first_augment='CropResize', head='SimpleMLP', jitter_strength=1.0, k_shot=5, load_from=None, local_rank=0, log_file=<_io.TextIOWrapper name='cifar100fs_round3/CropResize_GaussBlur_runs/run1.out' mode='a' encoding='UTF-8'>, loss_function='NTXent', model='SimCLRModel', momentum=0.9, n_way=5, nesterov=True, ntxent_temp=1.0, num_epochs=100, num_query=15, num_test_tasks=10000, num_workers=4, pin_memory=True, pretrained=False, progress=False, projection_dim=128, save_model=True, save_path='cifar100fs_round3/CropResize_GaussBlur_runs/run1.pth', scheduler='CosineAnnealingLR', second_augment='GaussBlur', secondary_optimizer='LARS', shuffle=True, simple_opt=False, weight_decay=0.0001)
Starting Training on:
Train:  64 classes
Valid:  16 classes
Test:   20 classes
------------------
( 34.848s) Epoch 001/100: loss=[32m5.653532[0m
( 31.264s) Epoch 002/100: loss=[32m5.509558[0m
( 32.129s) Epoch 003/100: loss=[32m5.490419[0m
( 32.964s) Epoch 004/100: loss=[32m5.471023[0m
( 33.277s) Epoch 005/100: loss=[32m5.447718[0m  ( 24.697s)  train_acc=[32m0.021707[0m val_acc=[32m0.051407[0m test_acc=[32m0.066923[0m
( 32.141s) Epoch 006/100: loss=[32m5.433001[0m
( 32.876s) Epoch 007/100: loss=[32m5.424693[0m
( 33.513s) Epoch 008/100: loss=[32m5.423553[0m
( 33.304s) Epoch 009/100: loss=[32m5.420604[0m
( 33.663s) Epoch 010/100: loss=[32m5.420341[0m  ( 25.956s)  train_acc=[32m0.024854[0m val_acc=0.046161[0m test_acc=[32m0.068777[0m
( 32.132s) Epoch 011/100: loss=[32m5.416793[0m
( 32.975s) Epoch 012/100: loss=[32m5.415226[0m
( 33.362s) Epoch 013/100: loss=[32m5.409786[0m
( 33.386s) Epoch 014/100: loss=[32m5.408756[0m
( 33.370s) Epoch 015/100: loss=[32m5.404459[0m  ( 24.363s)  train_acc=[32m0.029717[0m val_acc=0.050322[0m test_acc=[32m0.076750[0m
( 33.243s) Epoch 016/100: loss=[32m5.402486[0m
( 32.924s) Epoch 017/100: loss=[32m5.399319[0m
( 33.524s) Epoch 018/100: loss=[32m5.394951[0m
( 33.240s) Epoch 019/100: loss=[32m5.392216[0m
( 33.878s) Epoch 020/100: loss=[32m5.390808[0m  ( 23.395s)  train_acc=[32m0.034389[0m val_acc=0.044876[0m test_acc=0.073325[0m
( 32.805s) Epoch 021/100: loss=[32m5.387745[0m
( 33.165s) Epoch 022/100: loss=[32m5.386423[0m
( 33.389s) Epoch 023/100: loss=[32m5.384217[0m
( 33.358s) Epoch 024/100: loss=[32m5.380965[0m
( 33.990s) Epoch 025/100: loss=[32m5.379627[0m  ( 21.974s)  train_acc=[32m0.035307[0m val_acc=0.041084[0m test_acc=0.074305[0m
( 32.634s) Epoch 026/100: loss=[32m5.378040[0m
( 33.043s) Epoch 027/100: loss=[32m5.375264[0m
( 33.599s) Epoch 028/100: loss=[32m5.374600[0m
( 33.368s) Epoch 029/100: loss=[32m5.372643[0m
( 34.163s) Epoch 030/100: loss=[32m5.371934[0m  ( 20.324s)  train_acc=0.035186[0m val_acc=0.045338[0m test_acc=0.073750[0m
( 32.870s) Epoch 031/100: loss=[32m5.370759[0m
( 33.053s) Epoch 032/100: loss=[32m5.369690[0m
( 33.379s) Epoch 033/100: loss=5.370716[0m
( 33.377s) Epoch 034/100: loss=[32m5.368462[0m
( 33.987s) Epoch 035/100: loss=[32m5.367402[0m  ( 19.521s)  train_acc=[32m0.035367[0m val_acc=0.047077[0m test_acc=[32m0.077166[0m
( 33.086s) Epoch 036/100: loss=[32m5.365873[0m
( 32.973s) Epoch 037/100: loss=[32m5.365095[0m
( 33.522s) Epoch 038/100: loss=5.365518[0m
( 33.275s) Epoch 039/100: loss=[32m5.363310[0m
( 33.972s) Epoch 040/100: loss=[32m5.361942[0m  ( 21.845s)  train_acc=0.035030[0m val_acc=[32m0.056963[0m test_acc=[32m0.080038[0m
( 32.711s) Epoch 041/100: loss=[32m5.361692[0m
( 32.870s) Epoch 042/100: loss=[32m5.360686[0m
( 33.605s) Epoch 043/100: loss=[32m5.359667[0m
( 33.359s) Epoch 044/100: loss=[32m5.358888[0m
( 34.371s) Epoch 045/100: loss=[32m5.357656[0m  ( 18.734s)  train_acc=[32m0.037753[0m val_acc=0.045060[0m test_acc=0.075529[0m
( 33.236s) Epoch 046/100: loss=5.358498[0m
( 33.140s) Epoch 047/100: loss=[32m5.356623[0m
( 33.278s) Epoch 048/100: loss=5.357407[0m
( 33.344s) Epoch 049/100: loss=[32m5.356483[0m
( 34.469s) Epoch 050/100: loss=[32m5.354674[0m  ( 21.648s)  train_acc=0.037002[0m val_acc=0.052708[0m test_acc=0.077869[0m
( 32.937s) Epoch 051/100: loss=[32m5.354328[0m
( 33.249s) Epoch 052/100: loss=[32m5.353544[0m
( 33.374s) Epoch 053/100: loss=[32m5.352043[0m
( 33.604s) Epoch 054/100: loss=5.352719[0m
( 34.620s) Epoch 055/100: loss=5.352472[0m  ( 18.662s)  train_acc=[32m0.037801[0m val_acc=0.046522[0m test_acc=0.073747[0m
( 33.251s) Epoch 056/100: loss=[32m5.351630[0m
( 33.043s) Epoch 057/100: loss=[32m5.349543[0m
( 33.389s) Epoch 058/100: loss=5.349743[0m
( 33.169s) Epoch 059/100: loss=5.349646[0m
( 34.122s) Epoch 060/100: loss=[32m5.348564[0m  ( 20.858s)  train_acc=[32m0.038836[0m val_acc=0.048800[0m test_acc=0.072913[0m
( 33.395s) Epoch 061/100: loss=5.348788[0m
( 33.044s) Epoch 062/100: loss=[32m5.348432[0m
( 33.408s) Epoch 063/100: loss=[32m5.348048[0m
( 33.502s) Epoch 064/100: loss=[32m5.347813[0m
( 34.240s) Epoch 065/100: loss=[32m5.346711[0m  ( 17.253s)  train_acc=0.036208[0m val_acc=0.055262[0m test_acc=0.076946[0m
( 33.244s) Epoch 066/100: loss=[32m5.345796[0m
( 33.476s) Epoch 067/100: loss=5.346207[0m
( 33.380s) Epoch 068/100: loss=[32m5.344874[0m
( 33.267s) Epoch 069/100: loss=5.345221[0m
( 35.188s) Epoch 070/100: loss=5.345431[0m  ( 16.686s)  train_acc=0.038509[0m val_acc=0.047609[0m test_acc=[32m0.085201[0m
( 32.200s) Epoch 071/100: loss=[32m5.343902[0m
( 33.885s) Epoch 072/100: loss=5.344110[0m
( 33.402s) Epoch 073/100: loss=[32m5.343451[0m
( 33.690s) Epoch 074/100: loss=5.343807[0m
( 34.574s) Epoch 075/100: loss=[32m5.343366[0m  ( 17.479s)  train_acc=0.038256[0m val_acc=0.045202[0m test_acc=0.080959[0m
( 32.106s) Epoch 076/100: loss=[32m5.343336[0m
( 34.183s) Epoch 077/100: loss=[32m5.342808[0m
( 33.365s) Epoch 078/100: loss=5.343022[0m
( 34.120s) Epoch 079/100: loss=[32m5.341742[0m
( 33.863s) Epoch 080/100: loss=5.342027[0m  ( 15.128s)  train_acc=0.037823[0m val_acc=0.047177[0m test_acc=[32m0.090908[0m
( 32.370s) Epoch 081/100: loss=[32m5.341511[0m
( 34.109s) Epoch 082/100: loss=[32m5.340058[0m
( 33.281s) Epoch 083/100: loss=5.340821[0m
( 33.915s) Epoch 084/100: loss=[32m5.339545[0m
( 34.039s) Epoch 085/100: loss=[32m5.339288[0m  ( 17.113s)  train_acc=[32m0.039164[0m val_acc=0.053623[0m test_acc=0.073346[0m
( 32.243s) Epoch 086/100: loss=5.340312[0m
( 34.175s) Epoch 087/100: loss=5.340444[0m
( 33.216s) Epoch 088/100: loss=5.339429[0m
( 34.330s) Epoch 089/100: loss=[32m5.339255[0m
( 33.523s) Epoch 090/100: loss=[32m5.339210[0m  ( 16.638s)  train_acc=0.037204[0m val_acc=0.048492[0m test_acc=0.082283[0m
( 32.106s) Epoch 091/100: loss=5.339463[0m
( 33.939s) Epoch 092/100: loss=[32m5.338084[0m
( 33.592s) Epoch 093/100: loss=5.338324[0m
( 34.497s) Epoch 094/100: loss=5.339016[0m
( 34.010s) Epoch 095/100: loss=5.338233[0m  ( 16.984s)  train_acc=[32m0.039653[0m val_acc=0.048979[0m test_acc=0.089633[0m
( 32.563s) Epoch 096/100: loss=[32m5.337451[0m
( 33.243s) Epoch 097/100: loss=5.338706[0m
( 34.560s) Epoch 098/100: loss=5.339132[0m
( 34.071s) Epoch 099/100: loss=[32m5.337191[0m
( 32.045s) Epoch 100/100: loss=5.338230[0m  ( 10.993s)  train_acc=0.038684[0m val_acc=0.051430[0m test_acc=0.073384[0m
Training for 100 epochs took 3339.525s total and 33.395s average
Calculating mean of transformed dataset using the best model state ... 4.896s
Saving best model and options to cifar100fs_round3/CropResize_GaussBlur_runs/run1.pth
