Namespace(T_max=100, backbone='resnet50', base_learning_rate=0.1, base_optimizer='SGD', batch_size=256, dampening=0.0, dataset='fc100', dataset_root=None, distributed=False, episode_strat='SimpleShotEpisodes', eval_freq=5, first_augment='CropResize', head='SimpleMLP', jitter_strength=1.0, k_shot=5, load_from=None, local_rank=0, log_file=<_io.TextIOWrapper name='fc100_round3/CropResize_ColorDistort_runs/run1.out' mode='a' encoding='UTF-8'>, loss_function='NTXent', model='SimCLRModel', momentum=0.9, n_way=5, nesterov=True, ntxent_temp=1.0, num_epochs=100, num_query=15, num_test_tasks=10000, num_workers=2, pin_memory=True, pretrained=False, progress=False, projection_dim=128, save_model=True, save_path='fc100_round3/CropResize_ColorDistort_runs/run1.pth', scheduler='CosineAnnealingLR', second_augment='ColorDistort', secondary_optimizer='LARS', shuffle=True, simple_opt=False, weight_decay=0.0001)
Starting Training on:
Train:  60 classes
Valid:  20 classes
Test:   20 classes
------------------
( 93.805s) Epoch 001/100: loss=[32m6.100176[0m
( 95.552s) Epoch 002/100: loss=[32m5.914314[0m
( 97.334s) Epoch 003/100: loss=[32m5.794933[0m
( 97.039s) Epoch 004/100: loss=[32m5.738638[0m
( 95.202s) Epoch 005/100: loss=[32m5.706603[0m  ( 50.401s)  train_acc=[32m0.032209[0m val_acc=[32m0.022348[0m test_acc=[32m0.045885[0m
( 97.908s) Epoch 006/100: loss=[32m5.677835[0m
( 97.280s) Epoch 007/100: loss=[32m5.654681[0m
( 97.706s) Epoch 008/100: loss=[32m5.639462[0m
( 95.180s) Epoch 009/100: loss=[32m5.622184[0m
( 94.709s) Epoch 010/100: loss=[32m5.609515[0m  ( 47.411s)  train_acc=[32m0.040591[0m val_acc=[32m0.022865[0m test_acc=[32m0.052146[0m
( 94.573s) Epoch 011/100: loss=[32m5.601756[0m
( 96.696s) Epoch 012/100: loss=[32m5.591228[0m
( 96.613s) Epoch 013/100: loss=[32m5.583406[0m
( 96.952s) Epoch 014/100: loss=[32m5.576841[0m
( 96.216s) Epoch 015/100: loss=[32m5.575623[0m  ( 66.416s)  train_acc=[32m0.042486[0m val_acc=[32m0.025310[0m test_acc=0.042187[0m
( 96.019s) Epoch 016/100: loss=[32m5.568001[0m
( 94.990s) Epoch 017/100: loss=[32m5.564438[0m
( 94.854s) Epoch 018/100: loss=[32m5.556158[0m
( 94.212s) Epoch 019/100: loss=[32m5.553762[0m
( 94.048s) Epoch 020/100: loss=[32m5.549958[0m  ( 50.822s)  train_acc=[32m0.043938[0m val_acc=0.024881[0m test_acc=0.050489[0m
( 94.587s) Epoch 021/100: loss=[32m5.546129[0m
( 85.987s) Epoch 022/100: loss=[32m5.540521[0m
( 82.786s) Epoch 023/100: loss=[32m5.538575[0m
( 83.099s) Epoch 024/100: loss=[32m5.533619[0m
( 83.100s) Epoch 025/100: loss=[32m5.531264[0m  (124.764s)  train_acc=[32m0.046586[0m val_acc=[32m0.025979[0m test_acc=0.046200[0m
( 99.604s) Epoch 026/100: loss=[32m5.526627[0m
( 83.235s) Epoch 027/100: loss=[32m5.523075[0m
( 83.302s) Epoch 028/100: loss=[32m5.519602[0m
( 83.144s) Epoch 029/100: loss=[32m5.516528[0m
( 83.136s) Epoch 030/100: loss=[32m5.515452[0m  (125.005s)  train_acc=[32m0.048303[0m val_acc=[32m0.026095[0m test_acc=0.045115[0m
(110.806s) Epoch 031/100: loss=[32m5.514449[0m
( 83.156s) Epoch 032/100: loss=[32m5.508826[0m
( 83.149s) Epoch 033/100: loss=[32m5.506410[0m
( 83.161s) Epoch 034/100: loss=[32m5.505448[0m
( 82.812s) Epoch 035/100: loss=[32m5.501553[0m  ( 49.328s)  train_acc=[32m0.049923[0m val_acc=[32m0.027955[0m test_acc=0.044198[0m
( 82.571s) Epoch 036/100: loss=[32m5.499499[0m
( 83.134s) Epoch 037/100: loss=[32m5.498433[0m
( 83.282s) Epoch 038/100: loss=[32m5.497445[0m
( 83.185s) Epoch 039/100: loss=[32m5.495258[0m
( 83.292s) Epoch 040/100: loss=[32m5.493341[0m  ( 35.113s)  train_acc=[32m0.053488[0m val_acc=[32m0.030659[0m test_acc=0.047694[0m
( 82.853s) Epoch 041/100: loss=[32m5.490137[0m
( 82.722s) Epoch 042/100: loss=[32m5.487741[0m
( 83.154s) Epoch 043/100: loss=[32m5.485988[0m
( 83.062s) Epoch 044/100: loss=[32m5.485113[0m
( 83.111s) Epoch 045/100: loss=[32m5.483240[0m  ( 34.764s)  train_acc=[32m0.054301[0m val_acc=0.028923[0m test_acc=0.045805[0m
( 82.909s) Epoch 046/100: loss=[32m5.482433[0m
( 82.996s) Epoch 047/100: loss=[32m5.480998[0m
( 83.121s) Epoch 048/100: loss=[32m5.480130[0m
( 83.143s) Epoch 049/100: loss=[32m5.478495[0m
( 87.696s) Epoch 050/100: loss=[32m5.476327[0m  ( 42.702s)  train_acc=[32m0.056579[0m val_acc=[32m0.031406[0m test_acc=0.048864[0m
( 82.895s) Epoch 051/100: loss=[32m5.475112[0m
( 83.092s) Epoch 052/100: loss=5.475744[0m
( 83.277s) Epoch 053/100: loss=[32m5.473231[0m
( 83.217s) Epoch 054/100: loss=[32m5.470065[0m
( 83.331s) Epoch 055/100: loss=[32m5.468872[0m  (142.739s)  train_acc=[32m0.058492[0m val_acc=[32m0.032890[0m test_acc=0.044790[0m
(125.354s) Epoch 056/100: loss=[32m5.467053[0m
( 83.195s) Epoch 057/100: loss=5.468420[0m
( 83.129s) Epoch 058/100: loss=5.469621[0m
( 83.013s) Epoch 059/100: loss=5.467605[0m
( 83.263s) Epoch 060/100: loss=[32m5.465749[0m  ( 35.312s)  train_acc=0.057569[0m val_acc=[32m0.034861[0m test_acc=0.042218[0m
( 82.860s) Epoch 061/100: loss=5.466073[0m
( 83.321s) Epoch 062/100: loss=[32m5.463563[0m
( 83.150s) Epoch 063/100: loss=[32m5.462964[0m
( 83.184s) Epoch 064/100: loss=[32m5.462598[0m
( 83.947s) Epoch 065/100: loss=[32m5.462205[0m  (144.615s)  train_acc=0.058068[0m val_acc=[32m0.035413[0m test_acc=0.042967[0m
(203.444s) Epoch 066/100: loss=[32m5.460574[0m
( 83.123s) Epoch 067/100: loss=[32m5.460034[0m
( 83.490s) Epoch 068/100: loss=[32m5.459542[0m
( 83.204s) Epoch 069/100: loss=[32m5.459342[0m
( 83.504s) Epoch 070/100: loss=[32m5.458858[0m  ( 35.321s)  train_acc=[32m0.062390[0m val_acc=0.030143[0m test_acc=0.044492[0m
( 82.811s) Epoch 071/100: loss=5.459366[0m
( 83.230s) Epoch 072/100: loss=[32m5.458412[0m
( 83.323s) Epoch 073/100: loss=[32m5.456185[0m
( 83.276s) Epoch 074/100: loss=5.457584[0m
( 83.198s) Epoch 075/100: loss=5.457347[0m  ( 34.202s)  train_acc=0.059980[0m val_acc=0.032705[0m test_acc=0.042730[0m
( 82.929s) Epoch 076/100: loss=[32m5.456118[0m
( 83.183s) Epoch 077/100: loss=[32m5.455716[0m
( 83.139s) Epoch 078/100: loss=[32m5.454694[0m
( 83.294s) Epoch 079/100: loss=5.454930[0m
( 83.330s) Epoch 080/100: loss=[32m5.454562[0m  ( 34.488s)  train_acc=0.062015[0m val_acc=0.031374[0m test_acc=0.039700[0m
( 82.961s) Epoch 081/100: loss=5.455575[0m
( 88.240s) Epoch 082/100: loss=[32m5.453834[0m
( 85.891s) Epoch 083/100: loss=[32m5.453480[0m
( 83.689s) Epoch 084/100: loss=[32m5.453378[0m
( 83.303s) Epoch 085/100: loss=[32m5.453278[0m  ( 34.923s)  train_acc=[32m0.062581[0m val_acc=0.033383[0m test_acc=0.039920[0m
( 82.999s) Epoch 086/100: loss=5.453625[0m
( 83.391s) Epoch 087/100: loss=5.453494[0m
( 83.621s) Epoch 088/100: loss=[32m5.453127[0m
( 83.402s) Epoch 089/100: loss=[32m5.453094[0m
( 87.459s) Epoch 090/100: loss=5.454239[0m  (229.654s)  train_acc=[32m0.063656[0m val_acc=0.031851[0m test_acc=0.041340[0m
( 81.869s) Epoch 091/100: loss=[32m5.451781[0m
( 83.533s) Epoch 092/100: loss=5.454187[0m
( 82.854s) Epoch 093/100: loss=5.452761[0m
( 83.240s) Epoch 094/100: loss=5.454292[0m
( 95.768s) Epoch 095/100: loss=5.452641[0m  (126.625s)  train_acc=0.062123[0m val_acc=0.033600[0m test_acc=0.042224[0m
( 82.510s) Epoch 096/100: loss=5.454478[0m
( 83.337s) Epoch 097/100: loss=5.452812[0m
( 83.471s) Epoch 098/100: loss=5.451991[0m
( 83.958s) Epoch 099/100: loss=5.454748[0m
( 84.796s) Epoch 100/100: loss=5.453147[0m  ( 63.281s)  train_acc=0.061806[0m val_acc=0.031427[0m test_acc=0.042467[0m
Training for 100 epochs took 8821.179s total and 88.212s average
Calculating mean of transformed dataset using the best model state ... 15.731s
Saving best model and options to fc100_round3/CropResize_ColorDistort_runs/run1.pth
