Starting Training on:
Train:  64 classes
Valid:  16 classes
Test:   20 classes
------------------
(  10.436s) Epoch 001/ 25: loss=[32m7.504703[0m
(  10.211s) Epoch 002/ 25: loss=[32m7.491394[0m
(  10.254s) Epoch 003/ 25: loss=[32m7.475786[0m
(  10.318s) Epoch 004/ 25: loss=[32m7.454898[0m
(  10.230s) Epoch 005/ 25: loss=[32m7.431976[0m (   2.445s) val_acc=[32m0.004234083[0m (   2.640s) test_acc=[32m0.004876565[0m
(   9.032s) Epoch 006/ 25: loss=[32m7.410295[0m
(  10.353s) Epoch 007/ 25: loss=[32m7.386496[0m
(  10.367s) Epoch 008/ 25: loss=[32m7.365924[0m
(  10.316s) Epoch 009/ 25: loss=[32m7.349960[0m
(  10.322s) Epoch 010/ 25: loss=[32m7.334341[0m (   2.694s) val_acc=-0.003770111 (   2.561s) test_acc=[32m0.050236074[0m
(   8.981s) Epoch 011/ 25: loss=[32m7.322415[0m
(  10.318s) Epoch 012/ 25: loss=[32m7.317058[0m
(  10.355s) Epoch 013/ 25: loss=[32m7.309804[0m
(  10.325s) Epoch 014/ 25: loss=[32m7.301521[0m
(  10.230s) Epoch 015/ 25: loss=[32m7.296410[0m (   2.476s) val_acc=0.002087749 (   2.599s) test_acc=0.004338003
(   8.957s) Epoch 016/ 25: loss=[32m7.290317[0m
(  10.327s) Epoch 017/ 25: loss=[32m7.289122[0m
(  10.322s) Epoch 018/ 25: loss=7.289320
(  10.355s) Epoch 019/ 25: loss=[32m7.279845[0m
(  10.353s) Epoch 020/ 25: loss=[32m7.277795[0m (   2.433s) val_acc=[32m0.009433247[0m (   2.610s) test_acc=0.018083642
(   8.969s) Epoch 021/ 25: loss=7.281936
(  10.254s) Epoch 022/ 25: loss=7.279744
(  10.322s) Epoch 023/ 25: loss=7.280924
(  10.332s) Epoch 024/ 25: loss=7.282857
(  10.341s) Epoch 025/ 25: loss=7.281588 (   1.308s) val_acc=-0.002855183 (   1.455s) test_acc=0.001710453
Training for 25 epochs took 252.578s total and 10.103s average
Saving best model and options to aug_toggle4/exp2.pth
