Starting Training on:
Train:  64 classes
Valid:  16 classes
Test:   20 classes
------------------
(  11.123s) Epoch 001/ 25: loss=[32m7.513051[0m
(  11.007s) Epoch 002/ 25: loss=[32m7.509826[0m
(  11.075s) Epoch 003/ 25: loss=[32m7.506964[0m
(  11.117s) Epoch 004/ 25: loss=[32m7.501893[0m
(  11.084s) Epoch 005/ 25: loss=[32m7.497348[0m (   3.076s) val_acc=[32m0.785568647[0m (   2.820s) test_acc=[32m0.001263049[0m
(   9.547s) Epoch 006/ 25: loss=[32m7.495205[0m
(  11.148s) Epoch 007/ 25: loss=[32m7.488636[0m
(  11.147s) Epoch 008/ 25: loss=[32m7.484765[0m
(  11.069s) Epoch 009/ 25: loss=[32m7.482444[0m
(  11.066s) Epoch 010/ 25: loss=7.482674 (   3.182s) val_acc=0.001294831 (   2.812s) test_acc=[32m0.673817101[0m
(   9.562s) Epoch 011/ 25: loss=[32m7.475719[0m
(  11.149s) Epoch 012/ 25: loss=[32m7.471135[0m
(  11.140s) Epoch 013/ 25: loss=7.476621
(  11.165s) Epoch 014/ 25: loss=7.478472
(  11.077s) Epoch 015/ 25: loss=7.473261 (   3.242s) val_acc=0.002189499 (   2.716s) test_acc=0.525780980
(   9.486s) Epoch 016/ 25: loss=7.475089
(  11.027s) Epoch 017/ 25: loss=7.476041
(  11.174s) Epoch 018/ 25: loss=7.473030
(  11.170s) Epoch 019/ 25: loss=[32m7.465897[0m
(  11.150s) Epoch 020/ 25: loss=7.472088 (   3.279s) val_acc=0.000969965 (   2.803s) test_acc=0.455071315
(   9.485s) Epoch 021/ 25: loss=7.469463
(  11.115s) Epoch 022/ 25: loss=7.470534
(  11.172s) Epoch 023/ 25: loss=7.472974
(  11.067s) Epoch 024/ 25: loss=7.475373
(  11.088s) Epoch 025/ 25: loss=7.475336 (   1.302s) val_acc=0.000619417 (   1.401s) test_acc=0.495145560
Training for 25 epochs took 271.413s total and 10.857s average
Saving best model and options to aug_toggle4/exp3.pth
