Namespace(T_max=100, backbone='resnet50', base_learning_rate=0.1, base_optimizer='SGD', batch_size=256, dampening=0.0, dataset='miniImagenet', dataset_root=None, distributed=False, episode_strat='SimpleShotEpisodes', eval_freq=5, first_augment='ColorDistort', head='SimpleMLP', jitter_strength=1.0, k_shot=5, load_from=None, local_rank=0, log_file=<_io.TextIOWrapper name='miniImgnet_round3/ColorDistort_GaussBlur_runs/run1.out' mode='a' encoding='UTF-8'>, loss_function='NTXent', model='SimCLRModel', momentum=0.9, n_way=5, nesterov=True, ntxent_temp=1.0, num_epochs=100, num_query=15, num_test_tasks=10000, num_workers=4, pin_memory=True, pretrained=False, progress=False, projection_dim=128, save_model=True, save_path='miniImgnet_round3/ColorDistort_GaussBlur_runs/run1.pth', scheduler='CosineAnnealingLR', second_augment='GaussBlur', secondary_optimizer='LARS', shuffle=True, simple_opt=False, weight_decay=0.0001)
Starting Training on:
Train:  64 classes
Valid:  16 classes
Test:   20 classes
------------------
( 89.099s) Epoch 001/100: loss=[32m6.129872[0m
( 89.176s) Epoch 002/100: loss=[32m5.856116[0m
( 90.499s) Epoch 003/100: loss=[32m5.621616[0m
( 88.892s) Epoch 004/100: loss=[32m5.507893[0m
( 89.118s) Epoch 005/100: loss=[32m5.442628[0m  ( 41.640s)  train_acc=[32m0.005802[0m val_acc=[32m0.018424[0m test_acc=[32m0.011633[0m
( 89.250s) Epoch 006/100: loss=[32m5.412925[0m
( 89.919s) Epoch 007/100: loss=[32m5.397138[0m
( 89.186s) Epoch 008/100: loss=[32m5.383181[0m
( 89.142s) Epoch 009/100: loss=[32m5.370708[0m
( 88.759s) Epoch 010/100: loss=[32m5.360287[0m  ( 47.936s)  train_acc=0.005761[0m val_acc=0.017326[0m test_acc=0.009942[0m
( 89.142s) Epoch 011/100: loss=[32m5.347614[0m
( 89.354s) Epoch 012/100: loss=[32m5.340537[0m
( 89.148s) Epoch 013/100: loss=[32m5.336502[0m
( 89.333s) Epoch 014/100: loss=[32m5.333177[0m
( 88.918s) Epoch 015/100: loss=[32m5.327925[0m  ( 39.934s)  train_acc=[32m0.006380[0m val_acc=0.017874[0m test_acc=0.009083[0m
( 89.273s) Epoch 016/100: loss=[32m5.324355[0m
( 89.553s) Epoch 017/100: loss=[32m5.320043[0m
( 89.258s) Epoch 018/100: loss=[32m5.316964[0m
( 89.032s) Epoch 019/100: loss=[32m5.315172[0m
( 88.953s) Epoch 020/100: loss=[32m5.312738[0m  ( 37.914s)  train_acc=0.006176[0m val_acc=0.018076[0m test_acc=0.008162[0m
( 89.213s) Epoch 021/100: loss=[32m5.311031[0m
( 89.601s) Epoch 022/100: loss=[32m5.309753[0m
( 89.376s) Epoch 023/100: loss=[32m5.308218[0m
( 89.348s) Epoch 024/100: loss=[32m5.306843[0m
( 89.297s) Epoch 025/100: loss=[32m5.304845[0m  ( 38.870s)  train_acc=[32m0.006572[0m val_acc=[32m0.021030[0m test_acc=0.008833[0m
( 89.513s) Epoch 026/100: loss=[32m5.302362[0m
( 89.471s) Epoch 027/100: loss=[32m5.301532[0m
( 89.576s) Epoch 028/100: loss=[32m5.299693[0m
( 89.567s) Epoch 029/100: loss=[32m5.297496[0m
( 89.506s) Epoch 030/100: loss=[32m5.297306[0m  ( 41.817s)  train_acc=[32m0.006899[0m val_acc=0.019017[0m test_acc=0.010272[0m
( 89.294s) Epoch 031/100: loss=[32m5.295777[0m
( 89.662s) Epoch 032/100: loss=[32m5.294900[0m
( 89.413s) Epoch 033/100: loss=[32m5.293516[0m
( 89.417s) Epoch 034/100: loss=[32m5.293430[0m
( 89.362s) Epoch 035/100: loss=[32m5.292262[0m  ( 38.683s)  train_acc=0.006787[0m val_acc=0.020883[0m test_acc=0.009985[0m
( 89.371s) Epoch 036/100: loss=[32m5.291836[0m
( 91.087s) Epoch 037/100: loss=[32m5.291003[0m
( 89.524s) Epoch 038/100: loss=[32m5.290321[0m
( 89.859s) Epoch 039/100: loss=[32m5.289623[0m
( 89.648s) Epoch 040/100: loss=[32m5.288860[0m  ( 39.954s)  train_acc=0.006734[0m val_acc=0.020939[0m test_acc=0.009206[0m
( 89.308s) Epoch 041/100: loss=[32m5.288012[0m
( 89.873s) Epoch 042/100: loss=[32m5.287557[0m
( 89.735s) Epoch 043/100: loss=[32m5.287226[0m
( 89.301s) Epoch 044/100: loss=[32m5.287215[0m
( 89.677s) Epoch 045/100: loss=[32m5.286163[0m  ( 39.702s)  train_acc=0.006514[0m val_acc=0.018626[0m test_acc=0.009341[0m
( 89.547s) Epoch 046/100: loss=[32m5.285668[0m
( 89.743s) Epoch 047/100: loss=[32m5.285197[0m
( 89.504s) Epoch 048/100: loss=[32m5.285189[0m
( 89.294s) Epoch 049/100: loss=[32m5.284589[0m
( 89.431s) Epoch 050/100: loss=5.284731[0m  ( 43.008s)  train_acc=0.006692[0m val_acc=[32m0.021953[0m test_acc=0.009524[0m
( 89.419s) Epoch 051/100: loss=[32m5.283729[0m
( 89.751s) Epoch 052/100: loss=[32m5.283478[0m
( 89.644s) Epoch 053/100: loss=[32m5.282831[0m
( 89.141s) Epoch 054/100: loss=[32m5.282629[0m
( 89.256s) Epoch 055/100: loss=5.282748[0m  ( 39.876s)  train_acc=0.006666[0m val_acc=0.019755[0m test_acc=0.010003[0m
( 89.320s) Epoch 056/100: loss=[32m5.282516[0m
( 89.648s) Epoch 057/100: loss=[32m5.281882[0m
( 89.513s) Epoch 058/100: loss=[32m5.281444[0m
( 89.279s) Epoch 059/100: loss=5.281554[0m
( 89.171s) Epoch 060/100: loss=5.281610[0m  ( 39.621s)  train_acc=0.006685[0m val_acc=0.021011[0m test_acc=0.009594[0m
( 89.598s) Epoch 061/100: loss=[32m5.280873[0m
( 89.861s) Epoch 062/100: loss=[32m5.280866[0m
( 89.322s) Epoch 063/100: loss=[32m5.280467[0m
( 89.155s) Epoch 064/100: loss=5.280570[0m
( 89.362s) Epoch 065/100: loss=[32m5.279969[0m  ( 40.271s)  train_acc=0.006653[0m val_acc=0.019709[0m test_acc=0.009589[0m
( 89.637s) Epoch 066/100: loss=[32m5.279556[0m
( 89.384s) Epoch 067/100: loss=5.279762[0m
( 89.415s) Epoch 068/100: loss=[32m5.279168[0m
( 89.588s) Epoch 069/100: loss=5.279377[0m
( 89.652s) Epoch 070/100: loss=[32m5.279159[0m  ( 39.696s)  train_acc=0.006524[0m val_acc=0.020367[0m test_acc=0.008417[0m
( 90.941s) Epoch 071/100: loss=5.279499[0m
( 92.959s) Epoch 072/100: loss=[32m5.279150[0m
( 89.795s) Epoch 073/100: loss=[32m5.278889[0m
( 89.994s) Epoch 074/100: loss=[32m5.278699[0m
( 89.822s) Epoch 075/100: loss=[32m5.278531[0m  ( 42.661s)  train_acc=0.006730[0m val_acc=0.020002[0m test_acc=0.009802[0m
( 89.738s) Epoch 076/100: loss=5.279016[0m
( 92.092s) Epoch 077/100: loss=[32m5.278291[0m
( 89.891s) Epoch 078/100: loss=[32m5.278110[0m
( 89.923s) Epoch 079/100: loss=[32m5.277994[0m
( 89.722s) Epoch 080/100: loss=5.278057[0m  ( 40.617s)  train_acc=0.006641[0m val_acc=0.017330[0m test_acc=0.009532[0m
( 90.174s) Epoch 081/100: loss=[32m5.277951[0m
( 90.104s) Epoch 082/100: loss=[32m5.277925[0m
( 89.691s) Epoch 083/100: loss=[32m5.277735[0m
( 89.672s) Epoch 084/100: loss=5.277853[0m
( 89.503s) Epoch 085/100: loss=[32m5.277653[0m  ( 39.689s)  train_acc=0.006812[0m val_acc=0.019806[0m test_acc=0.009386[0m
( 89.918s) Epoch 086/100: loss=5.277909[0m
( 90.150s) Epoch 087/100: loss=5.277904[0m
( 89.532s) Epoch 088/100: loss=[32m5.277033[0m
( 89.649s) Epoch 089/100: loss=5.277277[0m
( 89.495s) Epoch 090/100: loss=5.277202[0m  ( 39.298s)  train_acc=0.006756[0m val_acc=0.020904[0m test_acc=0.010083[0m
( 90.106s) Epoch 091/100: loss=5.277693[0m
( 90.106s) Epoch 092/100: loss=5.277132[0m
( 89.873s) Epoch 093/100: loss=5.277564[0m
( 89.716s) Epoch 094/100: loss=5.277564[0m
( 89.483s) Epoch 095/100: loss=5.277151[0m  ( 38.977s)  train_acc=0.006303[0m val_acc=0.019097[0m test_acc=0.009511[0m
( 89.703s) Epoch 096/100: loss=5.277182[0m
( 89.795s) Epoch 097/100: loss=5.277198[0m
( 89.714s) Epoch 098/100: loss=5.277323[0m
( 89.648s) Epoch 099/100: loss=5.277130[0m
( 89.505s) Epoch 100/100: loss=5.277278[0m  ( 41.413s)  train_acc=0.006540[0m val_acc=0.018911[0m test_acc=0.008759[0m
Training for 100 epochs took 8961.055s total and 89.611s average
Calculating mean of transformed dataset using the best model state ... 21.450s
Saving best model and options to miniImgnet_round3/ColorDistort_GaussBlur_runs/run1.pth
