Namespace(T_max=100, backbone='resnet50', base_learning_rate=0.1, base_optimizer='SGD', batch_size=256, dampening=0.0, dataset='miniImagenet', dataset_root=None, distributed=False, episode_strat='SimpleShotEpisodes', eval_freq=5, first_augment='ColorDistort', head='SimpleMLP', jitter_strength=1.0, k_shot=5, load_from=None, local_rank=0, log_file=<_io.TextIOWrapper name='miniImgnet_round3/ColorDistort_GaussBlur_runs/run2.out' mode='a' encoding='UTF-8'>, loss_function='NTXent', model='SimCLRModel', momentum=0.9, n_way=5, nesterov=True, ntxent_temp=1.0, num_epochs=100, num_query=15, num_test_tasks=10000, num_workers=4, pin_memory=True, pretrained=False, progress=False, projection_dim=128, save_model=True, save_path='miniImgnet_round3/ColorDistort_GaussBlur_runs/run2.pth', scheduler='CosineAnnealingLR', second_augment='GaussBlur', secondary_optimizer='LARS', shuffle=True, simple_opt=False, weight_decay=0.0001)
Starting Training on:
Train:  64 classes
Valid:  16 classes
Test:   20 classes
------------------
( 88.437s) Epoch 001/100: loss=[32m6.131075[0m
( 88.691s) Epoch 002/100: loss=[32m5.867031[0m
( 91.535s) Epoch 003/100: loss=[32m5.624462[0m
( 88.968s) Epoch 004/100: loss=[32m5.514942[0m
( 88.743s) Epoch 005/100: loss=[32m5.443689[0m  ( 41.834s)  train_acc=[32m0.005866[0m val_acc=[32m0.017966[0m test_acc=[32m0.008752[0m
( 88.564s) Epoch 006/100: loss=[32m5.409463[0m
( 89.401s) Epoch 007/100: loss=[32m5.392247[0m
( 88.533s) Epoch 008/100: loss=[32m5.376589[0m
( 88.576s) Epoch 009/100: loss=[32m5.364220[0m
( 88.650s) Epoch 010/100: loss=[32m5.355155[0m  ( 50.499s)  train_acc=[32m0.006303[0m val_acc=0.017710[0m test_acc=[32m0.009641[0m
( 88.312s) Epoch 011/100: loss=[32m5.349039[0m
( 88.777s) Epoch 012/100: loss=[32m5.344211[0m
( 88.488s) Epoch 013/100: loss=[32m5.339949[0m
( 88.764s) Epoch 014/100: loss=[32m5.334134[0m
( 88.886s) Epoch 015/100: loss=[32m5.326860[0m  ( 43.107s)  train_acc=0.006112[0m val_acc=[32m0.019698[0m test_acc=0.009123[0m
( 88.669s) Epoch 016/100: loss=[32m5.323790[0m
( 88.777s) Epoch 017/100: loss=[32m5.319736[0m
( 88.762s) Epoch 018/100: loss=[32m5.316504[0m
( 88.754s) Epoch 019/100: loss=[32m5.312906[0m
( 88.850s) Epoch 020/100: loss=[32m5.311659[0m  ( 39.534s)  train_acc=0.006002[0m val_acc=0.016960[0m test_acc=0.008207[0m
( 88.683s) Epoch 021/100: loss=[32m5.308217[0m
( 88.855s) Epoch 022/100: loss=[32m5.306293[0m
( 88.763s) Epoch 023/100: loss=[32m5.303861[0m
( 88.795s) Epoch 024/100: loss=[32m5.302286[0m
( 88.934s) Epoch 025/100: loss=[32m5.300434[0m  ( 42.553s)  train_acc=0.006286[0m val_acc=0.017727[0m test_acc=0.008784[0m
( 88.769s) Epoch 026/100: loss=[32m5.299243[0m
( 89.213s) Epoch 027/100: loss=[32m5.297508[0m
( 88.993s) Epoch 028/100: loss=[32m5.296892[0m
( 89.045s) Epoch 029/100: loss=[32m5.295516[0m
( 88.808s) Epoch 030/100: loss=[32m5.294948[0m  ( 43.860s)  train_acc=[32m0.006468[0m val_acc=0.018405[0m test_acc=[32m0.009727[0m
( 88.562s) Epoch 031/100: loss=[32m5.294654[0m
( 88.845s) Epoch 032/100: loss=[32m5.292473[0m
( 88.866s) Epoch 033/100: loss=[32m5.292428[0m
( 88.602s) Epoch 034/100: loss=[32m5.290983[0m
( 88.997s) Epoch 035/100: loss=[32m5.290920[0m  ( 42.426s)  train_acc=0.006323[0m val_acc=0.017011[0m test_acc=[32m0.009881[0m
( 88.375s) Epoch 036/100: loss=[32m5.290418[0m
( 91.475s) Epoch 037/100: loss=[32m5.289129[0m
( 89.253s) Epoch 038/100: loss=[32m5.288353[0m
( 88.887s) Epoch 039/100: loss=[32m5.287322[0m
( 88.812s) Epoch 040/100: loss=[32m5.287176[0m  ( 42.449s)  train_acc=[32m0.006580[0m val_acc=0.018342[0m test_acc=0.009173[0m
( 88.433s) Epoch 041/100: loss=[32m5.286296[0m
( 88.625s) Epoch 042/100: loss=[32m5.285867[0m
( 89.011s) Epoch 043/100: loss=[32m5.285604[0m
( 91.170s) Epoch 044/100: loss=5.285614[0m
( 88.895s) Epoch 045/100: loss=[32m5.284423[0m  ( 41.749s)  train_acc=0.006489[0m val_acc=0.019336[0m test_acc=[32m0.010481[0m
( 88.481s) Epoch 046/100: loss=5.284549[0m
( 88.681s) Epoch 047/100: loss=[32m5.283655[0m
( 88.932s) Epoch 048/100: loss=[32m5.283094[0m
( 88.863s) Epoch 049/100: loss=[32m5.283055[0m
( 92.120s) Epoch 050/100: loss=[32m5.282973[0m  ( 43.083s)  train_acc=[32m0.006778[0m val_acc=[32m0.019913[0m test_acc=0.009583[0m
( 88.789s) Epoch 051/100: loss=[32m5.282426[0m
( 88.824s) Epoch 052/100: loss=[32m5.281966[0m
( 89.014s) Epoch 053/100: loss=[32m5.281807[0m
( 88.825s) Epoch 054/100: loss=[32m5.281181[0m
( 91.079s) Epoch 055/100: loss=5.281339[0m  ( 40.617s)  train_acc=0.006589[0m val_acc=0.018415[0m test_acc=0.008817[0m
( 88.803s) Epoch 056/100: loss=[32m5.280490[0m
( 88.924s) Epoch 057/100: loss=[32m5.280338[0m
( 89.066s) Epoch 058/100: loss=[32m5.279888[0m
( 88.874s) Epoch 059/100: loss=5.280161[0m
( 88.834s) Epoch 060/100: loss=[32m5.279754[0m  ( 41.758s)  train_acc=0.006493[0m val_acc=0.019778[0m test_acc=0.009609[0m
( 88.819s) Epoch 061/100: loss=5.280149[0m
( 88.557s) Epoch 062/100: loss=[32m5.279646[0m
( 88.447s) Epoch 063/100: loss=[32m5.279304[0m
( 88.843s) Epoch 064/100: loss=[32m5.278687[0m
( 88.547s) Epoch 065/100: loss=5.279032[0m  ( 43.071s)  train_acc=0.006471[0m val_acc=0.018102[0m test_acc=0.009125[0m
( 88.914s) Epoch 066/100: loss=[32m5.278658[0m
( 88.821s) Epoch 067/100: loss=5.278665[0m
( 88.617s) Epoch 068/100: loss=[32m5.278573[0m
( 88.899s) Epoch 069/100: loss=[32m5.278500[0m
( 91.308s) Epoch 070/100: loss=5.278844[0m  ( 42.256s)  train_acc=0.006302[0m val_acc=0.018309[0m test_acc=0.008748[0m
( 91.045s) Epoch 071/100: loss=[32m5.277887[0m
( 92.786s) Epoch 072/100: loss=5.278078[0m
( 89.027s) Epoch 073/100: loss=5.277996[0m
( 89.853s) Epoch 074/100: loss=[32m5.277797[0m
( 88.830s) Epoch 075/100: loss=[32m5.277562[0m  ( 44.512s)  train_acc=0.006371[0m val_acc=0.019430[0m test_acc=0.010127[0m
( 88.885s) Epoch 076/100: loss=5.277997[0m
( 93.108s) Epoch 077/100: loss=[32m5.276901[0m
( 88.887s) Epoch 078/100: loss=5.277058[0m
( 89.211s) Epoch 079/100: loss=5.277348[0m
( 88.834s) Epoch 080/100: loss=5.277035[0m  ( 43.671s)  train_acc=0.006132[0m val_acc=[32m0.020878[0m test_acc=0.008849[0m
( 89.260s) Epoch 081/100: loss=5.277409[0m
( 89.062s) Epoch 082/100: loss=5.277439[0m
( 88.971s) Epoch 083/100: loss=[32m5.276779[0m
( 89.078s) Epoch 084/100: loss=[32m5.276710[0m
( 89.041s) Epoch 085/100: loss=5.276810[0m  ( 43.002s)  train_acc=0.006518[0m val_acc=0.019360[0m test_acc=0.008028[0m
( 88.957s) Epoch 086/100: loss=5.276945[0m
( 89.083s) Epoch 087/100: loss=[32m5.276598[0m
( 88.827s) Epoch 088/100: loss=5.277183[0m
( 89.128s) Epoch 089/100: loss=5.276621[0m
( 88.887s) Epoch 090/100: loss=[32m5.276121[0m  ( 42.788s)  train_acc=0.006141[0m val_acc=0.019564[0m test_acc=0.010180[0m
( 89.408s) Epoch 091/100: loss=5.276469[0m
( 88.869s) Epoch 092/100: loss=5.276250[0m
( 89.523s) Epoch 093/100: loss=5.276185[0m
( 89.012s) Epoch 094/100: loss=5.276423[0m
( 88.930s) Epoch 095/100: loss=[32m5.275880[0m  ( 43.180s)  train_acc=0.006528[0m val_acc=0.018201[0m test_acc=0.008955[0m
( 88.888s) Epoch 096/100: loss=5.276358[0m
( 88.949s) Epoch 097/100: loss=5.276483[0m
( 88.704s) Epoch 098/100: loss=5.276425[0m
( 88.849s) Epoch 099/100: loss=5.276540[0m
( 88.809s) Epoch 100/100: loss=5.276488[0m  ( 45.301s)  train_acc=0.006375[0m val_acc=0.018956[0m test_acc=0.008791[0m
Training for 100 epochs took 8911.384s total and 89.114s average
Calculating mean of transformed dataset using the best model state ... 21.485s
Saving best model and options to miniImgnet_round3/ColorDistort_GaussBlur_runs/run2.pth
