Namespace(T_max=100, backbone='resnet50', base_learning_rate=0.1, base_optimizer='SGD', batch_size=256, dampening=0.0, dataset='miniImagenet', dataset_root=None, distributed=False, episode_strat='SimpleShotEpisodes', eval_freq=5, first_augment='ColorDistort', head='SimpleMLP', jitter_strength=1.0, k_shot=5, load_from=None, local_rank=0, log_file=<_io.TextIOWrapper name='miniImgnet_round3/ColorDistort_GaussBlur_runs/run3.out' mode='a' encoding='UTF-8'>, loss_function='NTXent', model='SimCLRModel', momentum=0.9, n_way=5, nesterov=True, ntxent_temp=1.0, num_epochs=100, num_query=15, num_test_tasks=10000, num_workers=4, pin_memory=True, pretrained=False, progress=False, projection_dim=128, save_model=True, save_path='miniImgnet_round3/ColorDistort_GaussBlur_runs/run3.pth', scheduler='CosineAnnealingLR', second_augment='GaussBlur', secondary_optimizer='LARS', shuffle=True, simple_opt=False, weight_decay=0.0001)
Starting Training on:
Train:  64 classes
Valid:  16 classes
Test:   20 classes
------------------
( 89.469s) Epoch 001/100: loss=[32m6.093397[0m
( 89.600s) Epoch 002/100: loss=[32m5.799199[0m
( 91.638s) Epoch 003/100: loss=[32m5.616638[0m
( 90.043s) Epoch 004/100: loss=[32m5.491775[0m
( 89.661s) Epoch 005/100: loss=[32m5.433938[0m  ( 37.644s)  train_acc=[32m0.006697[0m val_acc=[32m0.018336[0m test_acc=[32m0.009102[0m
( 90.129s) Epoch 006/100: loss=[32m5.402517[0m
( 90.814s) Epoch 007/100: loss=[32m5.378047[0m
( 89.537s) Epoch 008/100: loss=[32m5.357299[0m
( 89.394s) Epoch 009/100: loss=[32m5.345420[0m
( 89.238s) Epoch 010/100: loss=[32m5.339598[0m  ( 48.012s)  train_acc=[32m0.007530[0m val_acc=[32m0.020056[0m test_acc=[32m0.010354[0m
( 90.170s) Epoch 011/100: loss=[32m5.334456[0m
( 89.857s) Epoch 012/100: loss=[32m5.329126[0m
( 89.202s) Epoch 013/100: loss=[32m5.323790[0m
( 89.216s) Epoch 014/100: loss=[32m5.319081[0m
( 89.289s) Epoch 015/100: loss=[32m5.316401[0m  ( 36.528s)  train_acc=[32m0.007891[0m val_acc=[32m0.022023[0m test_acc=[32m0.011665[0m
( 90.189s) Epoch 016/100: loss=[32m5.313705[0m
( 90.243s) Epoch 017/100: loss=[32m5.312311[0m
( 89.421s) Epoch 018/100: loss=[32m5.311154[0m
( 89.476s) Epoch 019/100: loss=[32m5.309601[0m
( 89.319s) Epoch 020/100: loss=[32m5.307557[0m  ( 38.588s)  train_acc=0.007508[0m val_acc=0.020004[0m test_acc=[32m0.011682[0m
( 89.838s) Epoch 021/100: loss=[32m5.307037[0m
( 89.404s) Epoch 022/100: loss=[32m5.305723[0m
( 89.124s) Epoch 023/100: loss=[32m5.304287[0m
( 89.281s) Epoch 024/100: loss=[32m5.304106[0m
( 89.158s) Epoch 025/100: loss=[32m5.302452[0m  ( 39.098s)  train_acc=[32m0.007958[0m val_acc=[32m0.023194[0m test_acc=0.011024[0m
( 89.953s) Epoch 026/100: loss=[32m5.302054[0m
( 89.594s) Epoch 027/100: loss=[32m5.300780[0m
( 89.339s) Epoch 028/100: loss=[32m5.299559[0m
( 89.269s) Epoch 029/100: loss=[32m5.298818[0m
( 89.424s) Epoch 030/100: loss=5.298854[0m  ( 41.265s)  train_acc=0.007476[0m val_acc=[32m0.023214[0m test_acc=0.011171[0m
( 89.820s) Epoch 031/100: loss=[32m5.296403[0m
( 89.522s) Epoch 032/100: loss=[32m5.296202[0m
( 89.512s) Epoch 033/100: loss=[32m5.294971[0m
( 89.321s) Epoch 034/100: loss=[32m5.293566[0m
( 89.532s) Epoch 035/100: loss=[32m5.293356[0m  ( 39.272s)  train_acc=0.007388[0m val_acc=0.021760[0m test_acc=[32m0.011800[0m
( 89.699s) Epoch 036/100: loss=[32m5.292952[0m
( 91.445s) Epoch 037/100: loss=[32m5.291810[0m
( 89.470s) Epoch 038/100: loss=[32m5.291067[0m
( 89.343s) Epoch 039/100: loss=[32m5.290434[0m
( 89.394s) Epoch 040/100: loss=[32m5.289862[0m  ( 39.234s)  train_acc=0.007263[0m val_acc=0.021289[0m test_acc=0.010139[0m
( 90.168s) Epoch 041/100: loss=[32m5.289288[0m
( 89.703s) Epoch 042/100: loss=[32m5.287978[0m
( 89.479s) Epoch 043/100: loss=[32m5.287736[0m
( 90.414s) Epoch 044/100: loss=[32m5.287529[0m
( 89.567s) Epoch 045/100: loss=[32m5.286944[0m  ( 36.920s)  train_acc=0.007404[0m val_acc=0.022873[0m test_acc=0.009676[0m
( 90.486s) Epoch 046/100: loss=[32m5.286769[0m
( 89.739s) Epoch 047/100: loss=[32m5.285790[0m
( 89.476s) Epoch 048/100: loss=[32m5.285698[0m
( 89.467s) Epoch 049/100: loss=[32m5.285088[0m
( 91.857s) Epoch 050/100: loss=[32m5.284650[0m  ( 36.913s)  train_acc=0.007356[0m val_acc=0.021449[0m test_acc=0.010807[0m
( 90.174s) Epoch 051/100: loss=[32m5.284604[0m
( 90.537s) Epoch 052/100: loss=[32m5.283799[0m
( 90.111s) Epoch 053/100: loss=[32m5.283349[0m
( 89.482s) Epoch 054/100: loss=[32m5.283333[0m
( 90.912s) Epoch 055/100: loss=5.283394[0m  ( 35.908s)  train_acc=0.007188[0m val_acc=0.019852[0m test_acc=0.011204[0m
( 90.281s) Epoch 056/100: loss=[32m5.283284[0m
( 90.538s) Epoch 057/100: loss=[32m5.282891[0m
( 90.265s) Epoch 058/100: loss=5.282960[0m
( 89.529s) Epoch 059/100: loss=[32m5.282145[0m
( 89.340s) Epoch 060/100: loss=[32m5.281963[0m  ( 37.421s)  train_acc=0.007239[0m val_acc=0.021151[0m test_acc=0.009160[0m
( 90.363s) Epoch 061/100: loss=[32m5.281697[0m
( 90.269s) Epoch 062/100: loss=5.281819[0m
( 89.605s) Epoch 063/100: loss=[32m5.281306[0m
( 89.373s) Epoch 064/100: loss=[32m5.281177[0m
( 89.475s) Epoch 065/100: loss=5.281296[0m  ( 40.552s)  train_acc=0.007584[0m val_acc=0.022116[0m test_acc=0.010490[0m
( 89.924s) Epoch 066/100: loss=5.281464[0m
( 89.686s) Epoch 067/100: loss=[32m5.281135[0m
( 89.525s) Epoch 068/100: loss=5.281288[0m
( 89.595s) Epoch 069/100: loss=[32m5.280234[0m
( 90.248s) Epoch 070/100: loss=5.280298[0m  ( 35.502s)  train_acc=0.007194[0m val_acc=0.022296[0m test_acc=0.009243[0m
( 91.897s) Epoch 071/100: loss=[32m5.280102[0m
( 93.239s) Epoch 072/100: loss=[32m5.279863[0m
( 90.765s) Epoch 073/100: loss=5.280297[0m
( 90.918s) Epoch 074/100: loss=5.280079[0m
( 89.720s) Epoch 075/100: loss=[32m5.279472[0m  ( 39.543s)  train_acc=0.007350[0m val_acc=0.020942[0m test_acc=0.010033[0m
( 90.498s) Epoch 076/100: loss=5.279725[0m
( 93.419s) Epoch 077/100: loss=[32m5.279050[0m
( 90.738s) Epoch 078/100: loss=5.279530[0m
( 89.803s) Epoch 079/100: loss=5.279381[0m
( 89.842s) Epoch 080/100: loss=5.279642[0m  ( 38.785s)  train_acc=0.007529[0m val_acc=0.022407[0m test_acc=0.009339[0m
( 90.434s) Epoch 081/100: loss=[32m5.279011[0m
( 90.450s) Epoch 082/100: loss=5.279170[0m
( 89.811s) Epoch 083/100: loss=5.279249[0m
( 89.830s) Epoch 084/100: loss=[32m5.278674[0m
( 89.873s) Epoch 085/100: loss=5.278817[0m  ( 38.046s)  train_acc=0.007395[0m val_acc=0.020912[0m test_acc=0.009992[0m
( 90.776s) Epoch 086/100: loss=[32m5.278634[0m
( 90.506s) Epoch 087/100: loss=[32m5.278483[0m
( 89.859s) Epoch 088/100: loss=5.278506[0m
( 89.974s) Epoch 089/100: loss=5.278637[0m
( 89.927s) Epoch 090/100: loss=[32m5.278477[0m  ( 37.799s)  train_acc=0.007078[0m val_acc=0.022332[0m test_acc=0.010237[0m
( 90.620s) Epoch 091/100: loss=[32m5.278195[0m
( 90.689s) Epoch 092/100: loss=5.278543[0m
( 89.593s) Epoch 093/100: loss=5.278830[0m
( 89.961s) Epoch 094/100: loss=5.278623[0m
( 89.878s) Epoch 095/100: loss=5.278230[0m  ( 36.211s)  train_acc=0.007112[0m val_acc=0.021826[0m test_acc=0.011427[0m
( 90.436s) Epoch 096/100: loss=5.278418[0m
( 90.645s) Epoch 097/100: loss=[32m5.277967[0m
( 90.424s) Epoch 098/100: loss=5.278379[0m
( 90.104s) Epoch 099/100: loss=5.278183[0m
( 89.699s) Epoch 100/100: loss=5.278384[0m  ( 40.404s)  train_acc=0.007064[0m val_acc=0.021364[0m test_acc=0.010292[0m
Training for 100 epochs took 9001.264s total and 90.013s average
Calculating mean of transformed dataset using the best model state ... 20.457s
Saving best model and options to miniImgnet_round3/ColorDistort_GaussBlur_runs/run3.pth
