Namespace(T_max=500, backbone='resnet50', base_learning_rate=0.1, base_optimizer='SGD', batch_size=512, dampening=0.0, data_percent=20, dataset='cifar100fs', dataset_root=None, distributed=False, episode_strat='SimpleShotEpisodes', eval_freq=20, fine_tune_epochs=20, first_augment='ColorDistort', head='SimpleMLP', jitter_strength=1.0, k_shot=5, load_from=None, local_rank=0, log_file=<_io.TextIOWrapper name='/home/aditya.bharti/FewShot/cifar100fs_500epoch/ColorGauss.out' mode='a' encoding='UTF-8'>, loss_function='NTXent', model='SimCLRModel', momentum=0.9, n_way=5, nesterov=True, ntxent_temp=1.0, num_epochs=500, num_query=15, num_test_tasks=10000, num_workers=4, pin_memory=True, pretrained=False, progress=False, projection_dim=128, save_model=True, save_path='/home/aditya.bharti/FewShot/cifar100fs_500epoch/ColorGauss.pth', scheduler='CosineAnnealingLR', second_augment='GaussBlur', shuffle=True, simple_opt=True, weight_decay=0.0001)
Starting Training on:
Train:  64 classes
Valid:  16 classes
Test:   20 classes
------------------
( 37.188s) Epoch 001/500: loss=[32m6.341086[0m
( 37.682s) Epoch 002/500: loss=[32m6.098039[0m
( 37.820s) Epoch 003/500: loss=[32m6.075459[0m
( 37.407s) Epoch 004/500: loss=[32m6.063311[0m
( 37.522s) Epoch 005/500: loss=[32m6.056894[0m
( 37.586s) Epoch 006/500: loss=[32m6.051328[0m
( 37.721s) Epoch 007/500: loss=[32m6.047382[0m
( 37.361s) Epoch 008/500: loss=[32m6.042776[0m
( 37.537s) Epoch 009/500: loss=[32m6.030860[0m
( 37.409s) Epoch 010/500: loss=[32m6.019747[0m
( 37.373s) Epoch 011/500: loss=[32m6.014029[0m
( 37.584s) Epoch 012/500: loss=[32m6.011829[0m
( 37.423s) Epoch 013/500: loss=[32m6.003250[0m
( 37.943s) Epoch 014/500: loss=[32m5.998681[0m
( 37.414s) Epoch 015/500: loss=[32m5.995727[0m
( 37.901s) Epoch 016/500: loss=[32m5.994187[0m
( 37.756s) Epoch 017/500: loss=[32m5.993417[0m
( 37.647s) Epoch 018/500: loss=[32m5.991649[0m
( 37.434s) Epoch 019/500: loss=[32m5.991286[0m
( 37.349s) Epoch 020/500: loss=[32m5.989568[0m  ( 10.264s)  val_acc=[32m0.025157[0m test_acc=[32m0.029067[0m
( 37.228s) Epoch 021/500: loss=[32m5.989116[0m
( 37.472s) Epoch 022/500: loss=[32m5.987701[0m
( 37.126s) Epoch 023/500: loss=5.988055[0m
( 37.259s) Epoch 024/500: loss=[32m5.986629[0m
( 37.778s) Epoch 025/500: loss=5.986940[0m
( 37.377s) Epoch 026/500: loss=[32m5.985702[0m
( 37.458s) Epoch 027/500: loss=[32m5.984575[0m
( 37.216s) Epoch 028/500: loss=[32m5.982177[0m
( 37.399s) Epoch 029/500: loss=[32m5.981457[0m
( 37.536s) Epoch 030/500: loss=[32m5.980737[0m
( 37.356s) Epoch 031/500: loss=[32m5.978662[0m
( 37.478s) Epoch 032/500: loss=5.978871[0m
( 37.625s) Epoch 033/500: loss=[32m5.977888[0m
( 37.535s) Epoch 034/500: loss=[32m5.977691[0m
( 37.933s) Epoch 035/500: loss=[32m5.976363[0m
( 37.829s) Epoch 036/500: loss=5.976565[0m
( 37.817s) Epoch 037/500: loss=[32m5.976252[0m
( 37.621s) Epoch 038/500: loss=[32m5.975405[0m
( 37.462s) Epoch 039/500: loss=[32m5.974560[0m
( 37.776s) Epoch 040/500: loss=5.974952[0m  ( 10.512s)  val_acc=[32m0.031152[0m test_acc=[32m0.031287[0m
( 37.259s) Epoch 041/500: loss=[32m5.974346[0m
( 37.739s) Epoch 042/500: loss=[32m5.972957[0m
( 37.554s) Epoch 043/500: loss=[32m5.972524[0m
( 37.744s) Epoch 044/500: loss=[32m5.972459[0m
( 37.213s) Epoch 045/500: loss=[32m5.971921[0m
( 37.502s) Epoch 046/500: loss=[32m5.970779[0m
( 37.536s) Epoch 047/500: loss=5.971596[0m
( 37.699s) Epoch 048/500: loss=[32m5.970052[0m
( 37.274s) Epoch 049/500: loss=5.970388[0m
( 37.355s) Epoch 050/500: loss=[32m5.969964[0m
( 37.231s) Epoch 051/500: loss=[32m5.969435[0m
( 37.007s) Epoch 052/500: loss=[32m5.968309[0m
( 37.625s) Epoch 053/500: loss=5.968435[0m
( 37.682s) Epoch 054/500: loss=5.968499[0m
( 37.553s) Epoch 055/500: loss=[32m5.968097[0m
( 37.836s) Epoch 056/500: loss=[32m5.967516[0m
( 37.312s) Epoch 057/500: loss=[32m5.966879[0m
( 37.508s) Epoch 058/500: loss=5.967121[0m
( 37.324s) Epoch 059/500: loss=[32m5.966415[0m
( 37.130s) Epoch 060/500: loss=5.966664[0m  ( 10.152s)  val_acc=0.029372[0m test_acc=0.028313[0m
( 38.017s) Epoch 061/500: loss=[32m5.966178[0m
( 37.427s) Epoch 062/500: loss=[32m5.966163[0m
( 37.476s) Epoch 063/500: loss=[32m5.965533[0m
( 37.846s) Epoch 064/500: loss=5.965850[0m
( 37.570s) Epoch 065/500: loss=5.965603[0m
( 37.418s) Epoch 066/500: loss=[32m5.965505[0m
( 37.829s) Epoch 067/500: loss=[32m5.965093[0m
( 37.586s) Epoch 068/500: loss=[32m5.964451[0m
( 37.403s) Epoch 069/500: loss=5.965595[0m
( 37.443s) Epoch 070/500: loss=5.964600[0m
( 37.665s) Epoch 071/500: loss=5.964610[0m
( 37.546s) Epoch 072/500: loss=[32m5.964309[0m
( 37.281s) Epoch 073/500: loss=[32m5.963538[0m
( 37.272s) Epoch 074/500: loss=5.964180[0m
( 37.629s) Epoch 075/500: loss=5.964021[0m
( 37.311s) Epoch 076/500: loss=5.963658[0m
( 37.369s) Epoch 077/500: loss=5.964509[0m
( 37.402s) Epoch 078/500: loss=[32m5.963525[0m
( 37.759s) Epoch 079/500: loss=[32m5.963331[0m
( 37.067s) Epoch 080/500: loss=[32m5.962763[0m  ( 10.213s)  val_acc=0.029559[0m test_acc=0.029990[0m
( 37.387s) Epoch 081/500: loss=5.963653[0m
( 37.482s) Epoch 082/500: loss=5.963187[0m
( 37.485s) Epoch 083/500: loss=[32m5.962513[0m
( 37.582s) Epoch 084/500: loss=5.962656[0m
( 37.918s) Epoch 085/500: loss=5.962604[0m
( 37.538s) Epoch 086/500: loss=[32m5.961974[0m
( 37.283s) Epoch 087/500: loss=[32m5.961611[0m
( 37.376s) Epoch 088/500: loss=5.961798[0m
( 37.618s) Epoch 089/500: loss=[32m5.961397[0m
( 37.503s) Epoch 090/500: loss=5.961653[0m
( 37.167s) Epoch 091/500: loss=5.961420[0m
( 37.730s) Epoch 092/500: loss=[32m5.960744[0m
( 37.524s) Epoch 093/500: loss=5.960825[0m
( 37.510s) Epoch 094/500: loss=[32m5.960454[0m
( 37.274s) Epoch 095/500: loss=5.960638[0m
( 37.639s) Epoch 096/500: loss=[32m5.960376[0m
( 37.294s) Epoch 097/500: loss=5.960839[0m
( 37.459s) Epoch 098/500: loss=5.960572[0m
( 37.305s) Epoch 099/500: loss=[32m5.960213[0m
( 37.273s) Epoch 100/500: loss=5.960310[0m  ( 10.198s)  val_acc=0.029442[0m test_acc=0.028482[0m
( 37.409s) Epoch 101/500: loss=[32m5.960035[0m
( 37.995s) Epoch 102/500: loss=[32m5.959684[0m
( 37.459s) Epoch 103/500: loss=[32m5.959289[0m
( 38.021s) Epoch 104/500: loss=5.959301[0m
( 37.503s) Epoch 105/500: loss=[32m5.959083[0m
( 37.692s) Epoch 106/500: loss=5.959284[0m
( 37.513s) Epoch 107/500: loss=5.959242[0m
( 37.426s) Epoch 108/500: loss=5.959121[0m
( 37.289s) Epoch 109/500: loss=5.959301[0m
( 37.637s) Epoch 110/500: loss=[32m5.958786[0m
( 37.461s) Epoch 111/500: loss=[32m5.958505[0m
( 37.677s) Epoch 112/500: loss=5.959234[0m
( 37.800s) Epoch 113/500: loss=5.959386[0m
( 37.443s) Epoch 114/500: loss=5.958529[0m
( 37.354s) Epoch 115/500: loss=[32m5.958461[0m
( 37.408s) Epoch 116/500: loss=[32m5.957486[0m
( 37.253s) Epoch 117/500: loss=5.958017[0m
( 37.648s) Epoch 118/500: loss=5.957590[0m
( 37.319s) Epoch 119/500: loss=5.957777[0m
( 37.346s) Epoch 120/500: loss=5.958113[0m  (  9.648s)  val_acc=[32m0.032038[0m test_acc=[32m0.032066[0m
( 37.382s) Epoch 121/500: loss=5.958263[0m
( 37.067s) Epoch 122/500: loss=5.957999[0m
( 37.440s) Epoch 123/500: loss=5.957831[0m
( 37.206s) Epoch 124/500: loss=5.958135[0m
( 37.482s) Epoch 125/500: loss=[32m5.957462[0m
( 37.462s) Epoch 126/500: loss=5.957463[0m
( 37.347s) Epoch 127/500: loss=5.957482[0m
( 37.710s) Epoch 128/500: loss=[32m5.956924[0m
( 37.446s) Epoch 129/500: loss=5.957746[0m
( 37.479s) Epoch 130/500: loss=5.957848[0m
( 37.327s) Epoch 131/500: loss=5.957289[0m
( 37.574s) Epoch 132/500: loss=[32m5.956911[0m
( 37.374s) Epoch 133/500: loss=5.957177[0m
( 37.280s) Epoch 134/500: loss=[32m5.956331[0m
( 37.395s) Epoch 135/500: loss=[32m5.956285[0m
( 37.501s) Epoch 136/500: loss=5.956795[0m
( 37.671s) Epoch 137/500: loss=5.956401[0m
( 37.628s) Epoch 138/500: loss=5.956707[0m
( 37.455s) Epoch 139/500: loss=5.957011[0m
( 37.590s) Epoch 140/500: loss=[32m5.956185[0m  (  9.946s)  val_acc=0.027814[0m test_acc=0.029671[0m
( 37.312s) Epoch 141/500: loss=[32m5.956065[0m
( 37.228s) Epoch 142/500: loss=5.956340[0m
( 37.364s) Epoch 143/500: loss=[32m5.955974[0m
( 37.287s) Epoch 144/500: loss=5.956312[0m
( 37.771s) Epoch 145/500: loss=5.956498[0m
( 36.991s) Epoch 146/500: loss=5.956272[0m
( 37.665s) Epoch 147/500: loss=5.956229[0m
( 37.531s) Epoch 148/500: loss=5.956038[0m
( 37.384s) Epoch 149/500: loss=5.956511[0m
( 37.549s) Epoch 150/500: loss=[32m5.955723[0m
( 37.662s) Epoch 151/500: loss=5.956212[0m
( 37.499s) Epoch 152/500: loss=[32m5.955201[0m
( 37.595s) Epoch 153/500: loss=5.955817[0m
( 37.665s) Epoch 154/500: loss=5.955639[0m
( 37.513s) Epoch 155/500: loss=5.955748[0m
( 37.294s) Epoch 156/500: loss=5.955803[0m
( 37.632s) Epoch 157/500: loss=5.955992[0m
( 37.541s) Epoch 158/500: loss=5.955805[0m
( 37.440s) Epoch 159/500: loss=5.955639[0m
( 37.472s) Epoch 160/500: loss=5.955385[0m  ( 10.134s)  val_acc=[32m0.036097[0m test_acc=[32m0.032470[0m
( 37.926s) Epoch 161/500: loss=5.955331[0m
( 37.145s) Epoch 162/500: loss=5.955480[0m
( 37.586s) Epoch 163/500: loss=[32m5.955159[0m
( 37.480s) Epoch 164/500: loss=[32m5.955060[0m
( 37.196s) Epoch 165/500: loss=5.955372[0m
( 37.496s) Epoch 166/500: loss=[32m5.954352[0m
( 37.327s) Epoch 167/500: loss=5.954852[0m
( 37.183s) Epoch 168/500: loss=5.955211[0m
( 37.556s) Epoch 169/500: loss=5.955035[0m
( 37.637s) Epoch 170/500: loss=5.954915[0m
( 37.186s) Epoch 171/500: loss=[32m5.953699[0m
( 37.507s) Epoch 172/500: loss=5.954679[0m
( 37.099s) Epoch 173/500: loss=5.955271[0m
( 37.356s) Epoch 174/500: loss=5.954427[0m
( 37.529s) Epoch 175/500: loss=5.954115[0m
( 37.146s) Epoch 176/500: loss=5.954981[0m
( 37.464s) Epoch 177/500: loss=5.954464[0m
( 37.664s) Epoch 178/500: loss=5.954690[0m
( 37.553s) Epoch 179/500: loss=5.954654[0m
( 37.216s) Epoch 180/500: loss=5.953808[0m  (  9.929s)  val_acc=0.027326[0m test_acc=0.026926[0m
( 37.172s) Epoch 181/500: loss=5.954305[0m
( 37.228s) Epoch 182/500: loss=5.954381[0m
( 37.341s) Epoch 183/500: loss=5.954224[0m
( 37.407s) Epoch 184/500: loss=5.954314[0m
( 37.242s) Epoch 185/500: loss=[32m5.953597[0m
( 37.483s) Epoch 186/500: loss=5.953998[0m
( 37.563s) Epoch 187/500: loss=5.954173[0m
( 37.998s) Epoch 188/500: loss=[32m5.953596[0m
( 37.290s) Epoch 189/500: loss=5.954430[0m
( 37.303s) Epoch 190/500: loss=5.954247[0m
( 37.469s) Epoch 191/500: loss=5.954051[0m
( 37.342s) Epoch 192/500: loss=[32m5.953414[0m
( 37.361s) Epoch 193/500: loss=5.953414[0m
( 37.477s) Epoch 194/500: loss=[32m5.952931[0m
( 37.270s) Epoch 195/500: loss=5.953748[0m
( 37.762s) Epoch 196/500: loss=5.953662[0m
( 37.607s) Epoch 197/500: loss=5.953964[0m
( 37.209s) Epoch 198/500: loss=5.953570[0m
( 37.119s) Epoch 199/500: loss=5.953220[0m
( 37.373s) Epoch 200/500: loss=5.953286[0m  (  9.995s)  val_acc=0.030968[0m test_acc=[32m0.034035[0m
( 37.219s) Epoch 201/500: loss=[32m5.952899[0m
( 37.196s) Epoch 202/500: loss=[32m5.952751[0m
( 37.450s) Epoch 203/500: loss=5.953254[0m
( 37.480s) Epoch 204/500: loss=5.953147[0m
( 37.516s) Epoch 205/500: loss=5.953364[0m
( 37.264s) Epoch 206/500: loss=5.952946[0m
( 37.344s) Epoch 207/500: loss=5.953058[0m
( 37.723s) Epoch 208/500: loss=5.953175[0m
( 37.480s) Epoch 209/500: loss=5.953118[0m
( 37.515s) Epoch 210/500: loss=5.952896[0m
( 37.536s) Epoch 211/500: loss=[32m5.952584[0m
( 37.675s) Epoch 212/500: loss=5.952634[0m
( 37.680s) Epoch 213/500: loss=[32m5.952321[0m
( 37.830s) Epoch 214/500: loss=5.952440[0m
( 37.547s) Epoch 215/500: loss=5.952571[0m
( 37.383s) Epoch 216/500: loss=5.952407[0m
( 37.800s) Epoch 217/500: loss=5.952552[0m
( 37.166s) Epoch 218/500: loss=5.952347[0m
( 37.469s) Epoch 219/500: loss=[32m5.952023[0m
( 37.553s) Epoch 220/500: loss=5.952453[0m  (  9.977s)  val_acc=0.032076[0m test_acc=0.028876[0m
( 37.767s) Epoch 221/500: loss=5.952330[0m
( 37.383s) Epoch 222/500: loss=5.952480[0m
( 37.666s) Epoch 223/500: loss=5.952596[0m
( 37.215s) Epoch 224/500: loss=5.952423[0m
( 37.515s) Epoch 225/500: loss=[32m5.951672[0m
( 37.726s) Epoch 226/500: loss=5.952117[0m
( 37.683s) Epoch 227/500: loss=5.952526[0m
( 37.585s) Epoch 228/500: loss=5.951971[0m
( 37.212s) Epoch 229/500: loss=5.951688[0m
( 37.378s) Epoch 230/500: loss=5.952356[0m
( 37.270s) Epoch 231/500: loss=[32m5.951397[0m
( 37.165s) Epoch 232/500: loss=5.951822[0m
( 37.379s) Epoch 233/500: loss=5.951582[0m
( 37.428s) Epoch 234/500: loss=5.951587[0m
( 37.209s) Epoch 235/500: loss=[32m5.951151[0m
( 37.638s) Epoch 236/500: loss=[32m5.950992[0m
( 37.125s) Epoch 237/500: loss=5.951033[0m
( 37.273s) Epoch 238/500: loss=[32m5.950478[0m
( 37.225s) Epoch 239/500: loss=5.951030[0m
( 37.305s) Epoch 240/500: loss=5.951097[0m  (  9.253s)  val_acc=0.032732[0m test_acc=0.033047[0m
( 37.344s) Epoch 241/500: loss=5.951384[0m
( 37.935s) Epoch 242/500: loss=5.951152[0m
( 37.273s) Epoch 243/500: loss=5.951709[0m
( 37.296s) Epoch 244/500: loss=5.951245[0m
( 37.457s) Epoch 245/500: loss=5.951013[0m
( 37.379s) Epoch 246/500: loss=5.950730[0m
( 37.424s) Epoch 247/500: loss=5.950814[0m
( 37.351s) Epoch 248/500: loss=5.951001[0m
( 37.405s) Epoch 249/500: loss=5.950699[0m
( 37.255s) Epoch 250/500: loss=5.951375[0m
( 37.576s) Epoch 251/500: loss=5.950515[0m
( 37.412s) Epoch 252/500: loss=5.950563[0m
( 37.303s) Epoch 253/500: loss=[32m5.949869[0m
( 37.410s) Epoch 254/500: loss=5.950795[0m
( 37.399s) Epoch 255/500: loss=5.950804[0m
( 37.601s) Epoch 256/500: loss=5.950566[0m
( 37.573s) Epoch 257/500: loss=5.950300[0m
( 37.250s) Epoch 258/500: loss=[32m5.949703[0m
( 37.308s) Epoch 259/500: loss=5.949862[0m
( 37.506s) Epoch 260/500: loss=5.950030[0m  ( 10.368s)  val_acc=0.033723[0m test_acc=[32m0.036808[0m
( 37.213s) Epoch 261/500: loss=5.950095[0m
( 37.346s) Epoch 262/500: loss=[32m5.949505[0m
( 37.562s) Epoch 263/500: loss=5.949682[0m
( 37.409s) Epoch 264/500: loss=[32m5.949389[0m
( 37.671s) Epoch 265/500: loss=5.949852[0m
( 37.275s) Epoch 266/500: loss=5.950097[0m
( 37.241s) Epoch 267/500: loss=5.949543[0m
( 37.440s) Epoch 268/500: loss=5.950322[0m
( 37.158s) Epoch 269/500: loss=5.949714[0m
( 37.449s) Epoch 270/500: loss=[32m5.949347[0m
( 37.808s) Epoch 271/500: loss=[32m5.949253[0m
( 37.208s) Epoch 272/500: loss=5.949818[0m
( 37.660s) Epoch 273/500: loss=5.949375[0m
( 37.535s) Epoch 274/500: loss=5.949385[0m
( 37.451s) Epoch 275/500: loss=5.949426[0m
( 37.368s) Epoch 276/500: loss=5.949806[0m
( 37.426s) Epoch 277/500: loss=5.949439[0m
( 37.363s) Epoch 278/500: loss=5.949263[0m
( 37.019s) Epoch 279/500: loss=5.949507[0m
( 37.415s) Epoch 280/500: loss=[32m5.949122[0m  ( 10.198s)  val_acc=0.035207[0m test_acc=0.031913[0m
( 38.085s) Epoch 281/500: loss=[32m5.948874[0m
( 37.466s) Epoch 282/500: loss=[32m5.948525[0m
( 37.398s) Epoch 283/500: loss=5.948623[0m
( 37.403s) Epoch 284/500: loss=[32m5.948049[0m
( 37.237s) Epoch 285/500: loss=5.948968[0m
( 37.536s) Epoch 286/500: loss=5.948755[0m
( 37.424s) Epoch 287/500: loss=5.948781[0m
( 37.395s) Epoch 288/500: loss=5.948783[0m
( 37.622s) Epoch 289/500: loss=5.948607[0m
( 37.856s) Epoch 290/500: loss=5.948835[0m
( 37.153s) Epoch 291/500: loss=5.948231[0m
( 37.600s) Epoch 292/500: loss=5.948185[0m
( 37.338s) Epoch 293/500: loss=5.948389[0m
( 37.562s) Epoch 294/500: loss=5.948112[0m
( 37.520s) Epoch 295/500: loss=5.948378[0m
( 37.290s) Epoch 296/500: loss=5.948071[0m
( 37.476s) Epoch 297/500: loss=5.948140[0m
( 37.414s) Epoch 298/500: loss=[32m5.947539[0m
( 37.453s) Epoch 299/500: loss=5.947945[0m
( 37.352s) Epoch 300/500: loss=5.948096[0m  ( 10.121s)  val_acc=0.032553[0m test_acc=0.033386[0m
( 37.343s) Epoch 301/500: loss=5.947809[0m
( 37.940s) Epoch 302/500: loss=5.947866[0m
( 37.275s) Epoch 303/500: loss=5.947878[0m
( 37.510s) Epoch 304/500: loss=5.947735[0m
( 37.322s) Epoch 305/500: loss=[32m5.947447[0m
( 37.307s) Epoch 306/500: loss=[32m5.947199[0m
( 37.497s) Epoch 307/500: loss=5.947570[0m
( 37.574s) Epoch 308/500: loss=[32m5.946769[0m
( 37.512s) Epoch 309/500: loss=5.947293[0m
( 37.278s) Epoch 310/500: loss=5.947402[0m
( 37.081s) Epoch 311/500: loss=5.947577[0m
( 37.029s) Epoch 312/500: loss=5.946998[0m
( 37.201s) Epoch 313/500: loss=[32m5.946689[0m
( 37.277s) Epoch 314/500: loss=[32m5.946664[0m
( 37.813s) Epoch 315/500: loss=5.946713[0m
( 37.395s) Epoch 316/500: loss=5.947318[0m
( 37.290s) Epoch 317/500: loss=5.946881[0m
( 37.454s) Epoch 318/500: loss=5.947045[0m
( 37.432s) Epoch 319/500: loss=5.947132[0m
( 37.761s) Epoch 320/500: loss=5.947381[0m  ( 10.272s)  val_acc=0.032535[0m test_acc=0.033395[0m
( 37.340s) Epoch 321/500: loss=5.946782[0m
( 37.448s) Epoch 322/500: loss=[32m5.946462[0m
( 37.921s) Epoch 323/500: loss=5.946803[0m
( 37.539s) Epoch 324/500: loss=[32m5.946367[0m
( 37.425s) Epoch 325/500: loss=5.946557[0m
( 37.510s) Epoch 326/500: loss=[32m5.946226[0m
( 37.457s) Epoch 327/500: loss=5.946323[0m
( 38.128s) Epoch 328/500: loss=5.946506[0m
( 37.481s) Epoch 329/500: loss=[32m5.945897[0m
( 37.646s) Epoch 330/500: loss=5.946221[0m
( 37.404s) Epoch 331/500: loss=5.946259[0m
( 37.079s) Epoch 332/500: loss=5.946607[0m
( 37.354s) Epoch 333/500: loss=5.946041[0m
( 37.584s) Epoch 334/500: loss=[32m5.945893[0m
( 37.378s) Epoch 335/500: loss=5.946307[0m
( 37.535s) Epoch 336/500: loss=[32m5.945668[0m
( 37.621s) Epoch 337/500: loss=5.945957[0m
( 37.641s) Epoch 338/500: loss=5.945704[0m
( 37.677s) Epoch 339/500: loss=5.946130[0m
( 37.250s) Epoch 340/500: loss=5.945993[0m  (  9.909s)  val_acc=0.033039[0m test_acc=0.031859[0m
( 37.998s) Epoch 341/500: loss=5.945926[0m
( 37.556s) Epoch 342/500: loss=[32m5.945483[0m
( 37.534s) Epoch 343/500: loss=5.945713[0m
( 38.011s) Epoch 344/500: loss=[32m5.945309[0m
( 37.297s) Epoch 345/500: loss=[32m5.944735[0m
( 37.322s) Epoch 346/500: loss=5.944986[0m
( 37.419s) Epoch 347/500: loss=5.945323[0m
( 37.267s) Epoch 348/500: loss=5.945207[0m
( 37.740s) Epoch 349/500: loss=5.945419[0m
( 37.019s) Epoch 350/500: loss=5.945705[0m
( 37.789s) Epoch 351/500: loss=5.945332[0m
( 37.612s) Epoch 352/500: loss=5.944874[0m
( 37.278s) Epoch 353/500: loss=5.945225[0m
( 37.538s) Epoch 354/500: loss=5.945362[0m
( 37.548s) Epoch 355/500: loss=5.945000[0m
( 37.408s) Epoch 356/500: loss=5.944776[0m
( 37.608s) Epoch 357/500: loss=[32m5.944608[0m
( 37.485s) Epoch 358/500: loss=5.944611[0m
( 36.982s) Epoch 359/500: loss=5.944646[0m
( 37.469s) Epoch 360/500: loss=[32m5.944468[0m  (  9.778s)  val_acc=0.028469[0m test_acc=0.030805[0m
( 37.264s) Epoch 361/500: loss=5.945342[0m
( 37.234s) Epoch 362/500: loss=5.945225[0m
( 37.499s) Epoch 363/500: loss=5.944581[0m
( 37.506s) Epoch 364/500: loss=5.944596[0m
( 37.359s) Epoch 365/500: loss=[32m5.944215[0m
( 37.489s) Epoch 366/500: loss=5.944468[0m
( 37.625s) Epoch 367/500: loss=5.944386[0m
( 37.103s) Epoch 368/500: loss=[32m5.943925[0m
( 37.677s) Epoch 369/500: loss=5.944227[0m
( 37.672s) Epoch 370/500: loss=5.943949[0m
( 37.275s) Epoch 371/500: loss=5.944257[0m
( 37.129s) Epoch 372/500: loss=5.943971[0m
( 37.406s) Epoch 373/500: loss=[32m5.943897[0m
( 37.181s) Epoch 374/500: loss=[32m5.943545[0m
( 37.804s) Epoch 375/500: loss=5.943566[0m
( 37.308s) Epoch 376/500: loss=[32m5.943505[0m
( 37.550s) Epoch 377/500: loss=5.943518[0m
( 37.675s) Epoch 378/500: loss=5.943599[0m
( 37.263s) Epoch 379/500: loss=[32m5.943365[0m
( 37.534s) Epoch 380/500: loss=[32m5.943343[0m  ( 10.775s)  val_acc=0.029197[0m test_acc=0.030612[0m
( 37.074s) Epoch 381/500: loss=5.943647[0m
( 37.332s) Epoch 382/500: loss=[32m5.943140[0m
( 37.527s) Epoch 383/500: loss=5.943181[0m
( 37.587s) Epoch 384/500: loss=5.943198[0m
( 37.834s) Epoch 385/500: loss=[32m5.943115[0m
( 37.410s) Epoch 386/500: loss=5.943138[0m
( 37.612s) Epoch 387/500: loss=5.943327[0m
( 37.505s) Epoch 388/500: loss=5.943237[0m
( 37.469s) Epoch 389/500: loss=5.943642[0m
( 37.150s) Epoch 390/500: loss=5.943208[0m
( 37.345s) Epoch 391/500: loss=[32m5.942934[0m
( 37.490s) Epoch 392/500: loss=[32m5.942781[0m
( 37.215s) Epoch 393/500: loss=5.942805[0m
( 37.322s) Epoch 394/500: loss=5.943056[0m
( 37.365s) Epoch 395/500: loss=5.942824[0m
( 37.625s) Epoch 396/500: loss=[32m5.942597[0m
( 37.286s) Epoch 397/500: loss=[32m5.942438[0m
( 37.520s) Epoch 398/500: loss=[32m5.942349[0m
( 37.172s) Epoch 399/500: loss=5.942900[0m
( 37.323s) Epoch 400/500: loss=5.942545[0m  ( 10.457s)  val_acc=0.029907[0m test_acc=0.025834[0m
( 37.090s) Epoch 401/500: loss=5.942386[0m
( 36.959s) Epoch 402/500: loss=[32m5.942299[0m
( 37.552s) Epoch 403/500: loss=[32m5.942184[0m
( 37.520s) Epoch 404/500: loss=5.942569[0m
( 37.579s) Epoch 405/500: loss=5.942646[0m
( 37.532s) Epoch 406/500: loss=5.942713[0m
( 37.012s) Epoch 407/500: loss=[32m5.942182[0m
( 37.686s) Epoch 408/500: loss=[32m5.941963[0m
( 37.423s) Epoch 409/500: loss=5.942423[0m
( 37.852s) Epoch 410/500: loss=5.942368[0m
( 37.569s) Epoch 411/500: loss=5.942357[0m
( 37.044s) Epoch 412/500: loss=[32m5.941946[0m
( 37.384s) Epoch 413/500: loss=5.942289[0m
( 37.470s) Epoch 414/500: loss=5.942267[0m
( 37.366s) Epoch 415/500: loss=5.942090[0m
( 37.436s) Epoch 416/500: loss=[32m5.941816[0m
( 37.585s) Epoch 417/500: loss=5.941965[0m
( 37.428s) Epoch 418/500: loss=[32m5.941743[0m
( 37.500s) Epoch 419/500: loss=[32m5.941684[0m
( 37.398s) Epoch 420/500: loss=[32m5.941447[0m  (  9.972s)  val_acc=0.023199[0m test_acc=0.031758[0m
( 37.102s) Epoch 421/500: loss=5.942040[0m
( 37.435s) Epoch 422/500: loss=5.941885[0m
( 37.379s) Epoch 423/500: loss=[32m5.941395[0m
( 37.579s) Epoch 424/500: loss=5.941435[0m
( 38.061s) Epoch 425/500: loss=[32m5.941284[0m
( 37.565s) Epoch 426/500: loss=5.941552[0m
( 37.316s) Epoch 427/500: loss=5.941671[0m
( 37.642s) Epoch 428/500: loss=5.941635[0m
( 37.566s) Epoch 429/500: loss=5.941637[0m
( 37.630s) Epoch 430/500: loss=5.941424[0m
( 37.272s) Epoch 431/500: loss=5.941818[0m
( 37.346s) Epoch 432/500: loss=5.941303[0m
( 37.471s) Epoch 433/500: loss=5.941380[0m
( 37.496s) Epoch 434/500: loss=5.941419[0m
( 37.552s) Epoch 435/500: loss=[32m5.941107[0m
( 37.795s) Epoch 436/500: loss=5.941324[0m
( 37.326s) Epoch 437/500: loss=5.941567[0m
( 37.556s) Epoch 438/500: loss=5.941544[0m
( 37.332s) Epoch 439/500: loss=5.941265[0m
( 37.316s) Epoch 440/500: loss=5.941294[0m  (  9.633s)  val_acc=0.033058[0m test_acc=0.034218[0m
( 37.788s) Epoch 441/500: loss=5.941289[0m
( 37.318s) Epoch 442/500: loss=5.941202[0m
( 37.584s) Epoch 443/500: loss=[32m5.941067[0m
( 37.612s) Epoch 444/500: loss=5.941098[0m
( 37.937s) Epoch 445/500: loss=[32m5.941035[0m
( 38.084s) Epoch 446/500: loss=5.941042[0m
( 37.365s) Epoch 447/500: loss=[32m5.941013[0m
( 37.348s) Epoch 448/500: loss=[32m5.940915[0m
( 37.526s) Epoch 449/500: loss=[32m5.940837[0m
( 37.603s) Epoch 450/500: loss=5.940846[0m
( 37.812s) Epoch 451/500: loss=5.940900[0m
( 37.515s) Epoch 452/500: loss=[32m5.940822[0m
( 37.357s) Epoch 453/500: loss=5.941148[0m
( 37.778s) Epoch 454/500: loss=[32m5.940809[0m
( 37.471s) Epoch 455/500: loss=[32m5.940609[0m
( 37.111s) Epoch 456/500: loss=5.940689[0m
( 37.489s) Epoch 457/500: loss=5.940736[0m
( 37.419s) Epoch 458/500: loss=5.940742[0m
( 38.092s) Epoch 459/500: loss=5.940916[0m
( 37.413s) Epoch 460/500: loss=[32m5.940471[0m  ( 10.081s)  val_acc=0.031034[0m test_acc=0.030328[0m
( 37.194s) Epoch 461/500: loss=5.940630[0m
( 37.649s) Epoch 462/500: loss=5.940498[0m
( 37.682s) Epoch 463/500: loss=5.940551[0m
( 37.521s) Epoch 464/500: loss=5.940712[0m
( 37.466s) Epoch 465/500: loss=5.940828[0m
( 37.641s) Epoch 466/500: loss=5.940550[0m
( 37.953s) Epoch 467/500: loss=5.940741[0m
( 37.365s) Epoch 468/500: loss=5.940737[0m
( 37.884s) Epoch 469/500: loss=[32m5.940381[0m
( 37.347s) Epoch 470/500: loss=5.940696[0m
( 37.632s) Epoch 471/500: loss=5.940535[0m
( 37.840s) Epoch 472/500: loss=5.940529[0m
( 37.490s) Epoch 473/500: loss=5.940449[0m
( 37.496s) Epoch 474/500: loss=5.940471[0m
( 37.167s) Epoch 475/500: loss=5.940673[0m
( 37.631s) Epoch 476/500: loss=[32m5.940343[0m
( 37.430s) Epoch 477/500: loss=5.940565[0m
( 37.313s) Epoch 478/500: loss=5.940388[0m
( 37.430s) Epoch 479/500: loss=5.940478[0m
( 37.785s) Epoch 480/500: loss=[32m5.940271[0m  ( 10.013s)  val_acc=0.028321[0m test_acc=0.028995[0m
( 37.458s) Epoch 481/500: loss=5.940551[0m
( 37.477s) Epoch 482/500: loss=5.940506[0m
( 37.578s) Epoch 483/500: loss=5.940343[0m
( 37.164s) Epoch 484/500: loss=5.940458[0m
( 37.758s) Epoch 485/500: loss=[32m5.940203[0m
( 37.430s) Epoch 486/500: loss=[32m5.940190[0m
( 37.835s) Epoch 487/500: loss=5.940406[0m
( 37.848s) Epoch 488/500: loss=5.940396[0m
( 37.523s) Epoch 489/500: loss=5.940560[0m
( 37.842s) Epoch 490/500: loss=5.940196[0m
( 37.545s) Epoch 491/500: loss=5.940411[0m
( 37.370s) Epoch 492/500: loss=5.940192[0m
( 37.816s) Epoch 493/500: loss=5.940405[0m
( 37.420s) Epoch 494/500: loss=5.940221[0m
( 37.587s) Epoch 495/500: loss=[32m5.940177[0m
( 37.737s) Epoch 496/500: loss=5.940419[0m
( 37.532s) Epoch 497/500: loss=[32m5.940173[0m
( 37.462s) Epoch 498/500: loss=5.940489[0m
( 37.414s) Epoch 499/500: loss=5.940185[0m
( 37.361s) Epoch 500/500: loss=5.940352[0m  (  9.482s)  val_acc=0.031855[0m test_acc=0.025235[0m
Training for 500 epochs took 18736.352s total and 37.473s average
Calculating mean of transformed dataset using the best model state ... 11.528s
Saving best model and options to /home/aditya.bharti/FewShot/cifar100fs_500epoch/ColorGauss.pth
