Namespace(T_max=500, backbone='resnet50', base_learning_rate=0.1, base_optimizer='SGD', batch_size=512, dampening=0.0, data_percent=20, dataset='cifar100fs', dataset_root=None, distributed=False, episode_strat='SimpleShotEpisodes', eval_freq=20, fine_tune_epochs=20, fine_tune_save_path='ft0.pth', first_augment='CropResize', head='SimpleMLP', jitter_strength=1.0, k_shot=5, load_from=None, local_rank=0, log_file=<_io.TextIOWrapper name='/home/aditya.bharti/FewShot/cifar100fs_500epoch/CropColor.out' mode='a' encoding='UTF-8'>, loss_function='NTXent', model='SimCLRModel', momentum=0.9, n_way=5, nesterov=True, ntxent_temp=1.0, num_epochs=500, num_query=15, num_test_tasks=10000, num_workers=4, pin_memory=True, pretrained=False, progress=False, projection_dim=128, save_model=True, save_path='/home/aditya.bharti/FewShot/cifar100fs_500epoch/CropColor.pth', scheduler='CosineAnnealingLR', second_augment='ColorDistort', shuffle=True, simple_opt=True, weight_decay=0.0001)
Starting Training on:
Train:  64 classes
Valid:  16 classes
Test:   20 classes
------------------
( 36.798s) Epoch 001/500: loss=[32m6.612423[0m
( 37.569s) Epoch 002/500: loss=[32m6.420300[0m
( 37.604s) Epoch 003/500: loss=[32m6.387479[0m
( 37.500s) Epoch 004/500: loss=[32m6.372046[0m
( 37.530s) Epoch 005/500: loss=[32m6.360838[0m
( 37.722s) Epoch 006/500: loss=[32m6.350107[0m
( 37.706s) Epoch 007/500: loss=[32m6.339223[0m
( 37.461s) Epoch 008/500: loss=[32m6.332054[0m
( 37.355s) Epoch 009/500: loss=[32m6.327470[0m
( 37.681s) Epoch 010/500: loss=[32m6.320279[0m
( 37.698s) Epoch 011/500: loss=[32m6.314014[0m
( 37.379s) Epoch 012/500: loss=[32m6.311786[0m
( 37.366s) Epoch 013/500: loss=[32m6.304569[0m
( 37.668s) Epoch 014/500: loss=[32m6.292055[0m
( 37.828s) Epoch 015/500: loss=[32m6.286903[0m
( 37.623s) Epoch 016/500: loss=[32m6.275970[0m
( 37.227s) Epoch 017/500: loss=[32m6.274445[0m
( 36.918s) Epoch 018/500: loss=[32m6.266623[0m
( 37.287s) Epoch 019/500: loss=[32m6.266037[0m
( 37.405s) Epoch 020/500: loss=[32m6.263543[0m  ( 10.445s)  val_acc=[32m0.065879[0m test_acc=[32m0.061861[0m
( 37.521s) Epoch 021/500: loss=[32m6.259994[0m
( 36.906s) Epoch 022/500: loss=[32m6.255826[0m
( 38.139s) Epoch 023/500: loss=[32m6.251321[0m
( 37.222s) Epoch 024/500: loss=6.253512[0m
( 37.365s) Epoch 025/500: loss=[32m6.246520[0m
( 37.323s) Epoch 026/500: loss=[32m6.243828[0m
( 37.446s) Epoch 027/500: loss=6.244157[0m
( 37.509s) Epoch 028/500: loss=[32m6.238360[0m
( 37.180s) Epoch 029/500: loss=[32m6.234563[0m
( 37.431s) Epoch 030/500: loss=[32m6.233426[0m
( 37.260s) Epoch 031/500: loss=6.239949[0m
( 36.940s) Epoch 032/500: loss=6.234953[0m
( 37.226s) Epoch 033/500: loss=[32m6.226565[0m
( 37.394s) Epoch 034/500: loss=[32m6.225071[0m
( 37.523s) Epoch 035/500: loss=[32m6.221758[0m
( 37.326s) Epoch 036/500: loss=[32m6.219364[0m
( 37.575s) Epoch 037/500: loss=[32m6.216896[0m
( 37.109s) Epoch 038/500: loss=[32m6.213771[0m
( 37.517s) Epoch 039/500: loss=[32m6.212558[0m
( 37.271s) Epoch 040/500: loss=[32m6.212222[0m  ( 10.038s)  val_acc=[32m0.069456[0m test_acc=[32m0.075081[0m
( 37.628s) Epoch 041/500: loss=[32m6.209530[0m
( 37.072s) Epoch 042/500: loss=6.210699[0m
( 37.337s) Epoch 043/500: loss=[32m6.207325[0m
( 37.359s) Epoch 044/500: loss=[32m6.205953[0m
( 37.189s) Epoch 045/500: loss=[32m6.203790[0m
( 37.120s) Epoch 046/500: loss=[32m6.202802[0m
( 37.360s) Epoch 047/500: loss=[32m6.200911[0m
( 37.246s) Epoch 048/500: loss=6.202232[0m
( 37.605s) Epoch 049/500: loss=[32m6.200268[0m
( 37.383s) Epoch 050/500: loss=[32m6.197129[0m
( 37.311s) Epoch 051/500: loss=[32m6.196943[0m
( 37.315s) Epoch 052/500: loss=6.197163[0m
( 37.042s) Epoch 053/500: loss=6.202154[0m
( 37.541s) Epoch 054/500: loss=6.197360[0m
( 37.470s) Epoch 055/500: loss=[32m6.196755[0m
( 37.295s) Epoch 056/500: loss=[32m6.195412[0m
( 37.125s) Epoch 057/500: loss=[32m6.191899[0m
( 37.315s) Epoch 058/500: loss=[32m6.191328[0m
( 37.308s) Epoch 059/500: loss=6.193216[0m
( 37.405s) Epoch 060/500: loss=[32m6.190417[0m  (  9.954s)  val_acc=[32m0.087129[0m test_acc=[32m0.089203[0m
( 37.057s) Epoch 061/500: loss=[32m6.189433[0m
( 37.635s) Epoch 062/500: loss=[32m6.188272[0m
( 37.328s) Epoch 063/500: loss=[32m6.187050[0m
( 37.122s) Epoch 064/500: loss=6.187654[0m
( 37.120s) Epoch 065/500: loss=6.189346[0m
( 37.192s) Epoch 066/500: loss=6.194741[0m
( 37.263s) Epoch 067/500: loss=[32m6.186865[0m
( 37.173s) Epoch 068/500: loss=[32m6.184695[0m
( 37.396s) Epoch 069/500: loss=[32m6.182535[0m
( 37.425s) Epoch 070/500: loss=6.183004[0m
( 37.268s) Epoch 071/500: loss=[32m6.182216[0m
( 37.017s) Epoch 072/500: loss=[32m6.179870[0m
( 37.387s) Epoch 073/500: loss=6.179932[0m
( 37.437s) Epoch 074/500: loss=[32m6.178274[0m
( 37.262s) Epoch 075/500: loss=[32m6.177704[0m
( 37.621s) Epoch 076/500: loss=[32m6.175527[0m
( 37.059s) Epoch 077/500: loss=6.176208[0m
( 37.198s) Epoch 078/500: loss=[32m6.174108[0m
( 37.204s) Epoch 079/500: loss=6.185708[0m
( 37.748s) Epoch 080/500: loss=6.181712[0m  ( 10.589s)  val_acc=[32m0.101139[0m test_acc=[32m0.102856[0m
( 37.090s) Epoch 081/500: loss=6.175123[0m
( 37.167s) Epoch 082/500: loss=6.174172[0m
( 37.278s) Epoch 083/500: loss=[32m6.173834[0m
( 36.869s) Epoch 084/500: loss=6.174016[0m
( 37.478s) Epoch 085/500: loss=[32m6.171427[0m
( 37.265s) Epoch 086/500: loss=[32m6.170711[0m
( 37.288s) Epoch 087/500: loss=[32m6.170327[0m
( 37.676s) Epoch 088/500: loss=6.170944[0m
( 37.091s) Epoch 089/500: loss=[32m6.168438[0m
( 37.248s) Epoch 090/500: loss=6.169634[0m
( 37.150s) Epoch 091/500: loss=[32m6.167413[0m
( 37.280s) Epoch 092/500: loss=[32m6.165363[0m
( 37.525s) Epoch 093/500: loss=6.168238[0m
( 37.296s) Epoch 094/500: loss=6.166252[0m
( 37.240s) Epoch 095/500: loss=6.166099[0m
( 37.064s) Epoch 096/500: loss=6.165989[0m
( 37.491s) Epoch 097/500: loss=[32m6.164651[0m
( 37.669s) Epoch 098/500: loss=[32m6.163799[0m
( 37.574s) Epoch 099/500: loss=6.164658[0m
( 37.667s) Epoch 100/500: loss=6.169534[0m  ( 10.493s)  val_acc=0.056058[0m test_acc=0.061654[0m
( 37.576s) Epoch 101/500: loss=6.195835[0m
( 37.430s) Epoch 102/500: loss=6.175198[0m
( 37.283s) Epoch 103/500: loss=6.167721[0m
( 37.701s) Epoch 104/500: loss=6.166472[0m
( 37.490s) Epoch 105/500: loss=[32m6.162071[0m
( 37.336s) Epoch 106/500: loss=6.170420[0m
( 37.212s) Epoch 107/500: loss=6.167811[0m
( 37.276s) Epoch 108/500: loss=6.165072[0m
( 37.293s) Epoch 109/500: loss=6.164580[0m
( 37.517s) Epoch 110/500: loss=6.162351[0m
( 37.245s) Epoch 111/500: loss=6.162292[0m
( 37.283s) Epoch 112/500: loss=6.162489[0m
( 37.274s) Epoch 113/500: loss=[32m6.160259[0m
( 37.565s) Epoch 114/500: loss=6.161690[0m
( 37.373s) Epoch 115/500: loss=6.169030[0m
( 37.729s) Epoch 116/500: loss=6.165485[0m
( 37.308s) Epoch 117/500: loss=6.161435[0m
( 37.500s) Epoch 118/500: loss=[32m6.158679[0m
( 37.182s) Epoch 119/500: loss=6.159207[0m
( 37.520s) Epoch 120/500: loss=[32m6.157791[0m  ( 10.159s)  val_acc=[32m0.108919[0m test_acc=0.099726[0m
( 37.388s) Epoch 121/500: loss=6.161607[0m
( 37.757s) Epoch 122/500: loss=6.158365[0m
( 37.482s) Epoch 123/500: loss=6.158027[0m
( 37.430s) Epoch 124/500: loss=[32m6.157238[0m
( 37.544s) Epoch 125/500: loss=[32m6.155867[0m
( 37.614s) Epoch 126/500: loss=[32m6.154651[0m
( 37.762s) Epoch 127/500: loss=6.155462[0m
( 37.275s) Epoch 128/500: loss=[32m6.152785[0m
( 37.392s) Epoch 129/500: loss=6.155690[0m
( 37.297s) Epoch 130/500: loss=6.154551[0m
( 37.356s) Epoch 131/500: loss=6.153389[0m
( 37.567s) Epoch 132/500: loss=6.159293[0m
( 37.139s) Epoch 133/500: loss=6.162199[0m
( 37.115s) Epoch 134/500: loss=6.154718[0m
( 37.666s) Epoch 135/500: loss=6.154089[0m
( 37.227s) Epoch 136/500: loss=6.154403[0m
( 37.036s) Epoch 137/500: loss=[32m6.152317[0m
( 37.226s) Epoch 138/500: loss=[32m6.151642[0m
( 37.278s) Epoch 139/500: loss=[32m6.149890[0m
( 37.561s) Epoch 140/500: loss=6.153495[0m  (  9.920s)  val_acc=0.103902[0m test_acc=[32m0.116741[0m
( 37.133s) Epoch 141/500: loss=6.151718[0m
( 36.725s) Epoch 142/500: loss=6.151782[0m
( 37.245s) Epoch 143/500: loss=6.151005[0m
( 37.382s) Epoch 144/500: loss=6.150585[0m
( 37.379s) Epoch 145/500: loss=[32m6.149145[0m
( 37.358s) Epoch 146/500: loss=6.150261[0m
( 37.450s) Epoch 147/500: loss=[32m6.148630[0m
( 37.473s) Epoch 148/500: loss=6.149138[0m
( 37.196s) Epoch 149/500: loss=[32m6.147583[0m
( 37.468s) Epoch 150/500: loss=6.148531[0m
( 37.412s) Epoch 151/500: loss=6.148043[0m
( 37.571s) Epoch 152/500: loss=[32m6.147089[0m
( 37.767s) Epoch 153/500: loss=6.150185[0m
( 37.422s) Epoch 154/500: loss=6.154241[0m
( 37.039s) Epoch 155/500: loss=[32m6.146521[0m
( 37.432s) Epoch 156/500: loss=6.147822[0m
( 36.883s) Epoch 157/500: loss=[32m6.145392[0m
( 37.633s) Epoch 158/500: loss=6.145981[0m
( 37.217s) Epoch 159/500: loss=6.145633[0m
( 37.492s) Epoch 160/500: loss=6.145748[0m  ( 10.397s)  val_acc=[32m0.120493[0m test_acc=[32m0.122704[0m
( 38.279s) Epoch 161/500: loss=[32m6.144979[0m
( 37.287s) Epoch 162/500: loss=[32m6.143909[0m
( 37.219s) Epoch 163/500: loss=6.144194[0m
( 37.469s) Epoch 164/500: loss=6.143996[0m
( 37.269s) Epoch 165/500: loss=[32m6.143585[0m
( 37.473s) Epoch 166/500: loss=6.146315[0m
( 37.204s) Epoch 167/500: loss=6.144747[0m
( 37.422s) Epoch 168/500: loss=[32m6.142484[0m
( 37.661s) Epoch 169/500: loss=6.142696[0m
( 37.407s) Epoch 170/500: loss=[32m6.141118[0m
( 37.400s) Epoch 171/500: loss=6.141280[0m
( 37.347s) Epoch 172/500: loss=[32m6.140266[0m
( 37.331s) Epoch 173/500: loss=[32m6.138506[0m
( 37.072s) Epoch 174/500: loss=6.138732[0m
( 37.575s) Epoch 175/500: loss=6.139706[0m
( 37.438s) Epoch 176/500: loss=[32m6.138398[0m
( 37.473s) Epoch 177/500: loss=6.139792[0m
( 37.450s) Epoch 178/500: loss=[32m6.137990[0m
( 37.591s) Epoch 179/500: loss=[32m6.136734[0m
( 37.242s) Epoch 180/500: loss=[32m6.135026[0m  ( 10.451s)  val_acc=[32m0.144917[0m test_acc=[32m0.127647[0m
( 37.179s) Epoch 181/500: loss=6.137872[0m
( 37.776s) Epoch 182/500: loss=[32m6.133966[0m
( 37.431s) Epoch 183/500: loss=[32m6.132297[0m
( 37.167s) Epoch 184/500: loss=6.135968[0m
( 37.429s) Epoch 185/500: loss=6.134008[0m
( 37.127s) Epoch 186/500: loss=[32m6.132025[0m
( 37.420s) Epoch 187/500: loss=6.132229[0m
( 37.401s) Epoch 188/500: loss=6.132245[0m
( 37.383s) Epoch 189/500: loss=6.132747[0m
( 36.839s) Epoch 190/500: loss=[32m6.129696[0m
( 37.253s) Epoch 191/500: loss=6.130552[0m
( 37.654s) Epoch 192/500: loss=6.135854[0m
( 37.230s) Epoch 193/500: loss=6.130718[0m
( 37.387s) Epoch 194/500: loss=[32m6.129644[0m
( 37.560s) Epoch 195/500: loss=[32m6.128235[0m
( 37.262s) Epoch 196/500: loss=6.130440[0m
( 37.585s) Epoch 197/500: loss=6.129044[0m
( 37.474s) Epoch 198/500: loss=[32m6.127484[0m
( 37.529s) Epoch 199/500: loss=6.128174[0m
( 37.214s) Epoch 200/500: loss=[32m6.126616[0m  ( 10.990s)  val_acc=[32m0.154691[0m test_acc=[32m0.132796[0m
( 37.520s) Epoch 201/500: loss=[32m6.126008[0m
( 37.633s) Epoch 202/500: loss=[32m6.125330[0m
( 37.361s) Epoch 203/500: loss=[32m6.125121[0m
( 37.656s) Epoch 204/500: loss=6.125225[0m
( 37.416s) Epoch 205/500: loss=[32m6.124859[0m
( 37.525s) Epoch 206/500: loss=6.125311[0m
( 37.469s) Epoch 207/500: loss=[32m6.124428[0m
( 38.006s) Epoch 208/500: loss=6.124621[0m
( 37.567s) Epoch 209/500: loss=[32m6.122167[0m
( 37.578s) Epoch 210/500: loss=[32m6.122076[0m
( 37.169s) Epoch 211/500: loss=[32m6.121585[0m
( 37.457s) Epoch 212/500: loss=[32m6.121062[0m
( 37.664s) Epoch 213/500: loss=6.121499[0m
( 37.159s) Epoch 214/500: loss=[32m6.119803[0m
( 37.550s) Epoch 215/500: loss=6.120887[0m
( 37.196s) Epoch 216/500: loss=[32m6.119368[0m
( 37.328s) Epoch 217/500: loss=6.120578[0m
( 37.159s) Epoch 218/500: loss=[32m6.119267[0m
( 37.671s) Epoch 219/500: loss=6.119465[0m
( 37.322s) Epoch 220/500: loss=[32m6.118426[0m  ( 10.206s)  val_acc=[32m0.167143[0m test_acc=[32m0.146858[0m
( 37.981s) Epoch 221/500: loss=6.119104[0m
( 37.418s) Epoch 222/500: loss=6.118562[0m
( 37.269s) Epoch 223/500: loss=[32m6.116806[0m
( 37.384s) Epoch 224/500: loss=6.117565[0m
( 37.395s) Epoch 225/500: loss=6.117165[0m
( 37.653s) Epoch 226/500: loss=6.125815[0m
( 37.230s) Epoch 227/500: loss=6.117376[0m
( 37.069s) Epoch 228/500: loss=[32m6.116266[0m
( 37.336s) Epoch 229/500: loss=6.116968[0m
( 37.294s) Epoch 230/500: loss=6.116513[0m
( 37.589s) Epoch 231/500: loss=[32m6.115551[0m
( 37.771s) Epoch 232/500: loss=[32m6.115127[0m
( 37.121s) Epoch 233/500: loss=[32m6.113812[0m
( 37.422s) Epoch 234/500: loss=[32m6.113725[0m
( 37.216s) Epoch 235/500: loss=6.114244[0m
( 37.496s) Epoch 236/500: loss=[32m6.113433[0m
( 37.160s) Epoch 237/500: loss=[32m6.112325[0m
( 37.712s) Epoch 238/500: loss=6.115475[0m
( 37.443s) Epoch 239/500: loss=[32m6.112301[0m
( 37.370s) Epoch 240/500: loss=6.112855[0m  (  9.506s)  val_acc=[32m0.167274[0m test_acc=[32m0.179361[0m
( 36.779s) Epoch 241/500: loss=[32m6.111716[0m
( 37.673s) Epoch 242/500: loss=[32m6.110114[0m
( 37.269s) Epoch 243/500: loss=6.120387[0m
( 37.147s) Epoch 244/500: loss=6.115208[0m
( 37.665s) Epoch 245/500: loss=6.111124[0m
( 37.466s) Epoch 246/500: loss=6.123589[0m
( 37.291s) Epoch 247/500: loss=6.115200[0m
( 37.208s) Epoch 248/500: loss=6.112555[0m
( 37.445s) Epoch 249/500: loss=6.112185[0m
( 37.395s) Epoch 250/500: loss=6.111220[0m
( 37.167s) Epoch 251/500: loss=[32m6.109503[0m
( 37.426s) Epoch 252/500: loss=6.109680[0m
( 37.337s) Epoch 253/500: loss=6.110038[0m
( 37.299s) Epoch 254/500: loss=6.114214[0m
( 37.251s) Epoch 255/500: loss=6.112563[0m
( 37.400s) Epoch 256/500: loss=[32m6.108634[0m
( 37.688s) Epoch 257/500: loss=[32m6.108106[0m
( 37.395s) Epoch 258/500: loss=6.108309[0m
( 37.102s) Epoch 259/500: loss=[32m6.106648[0m
( 37.263s) Epoch 260/500: loss=[32m6.106047[0m  (  9.396s)  val_acc=[32m0.168489[0m test_acc=0.172103[0m
( 37.485s) Epoch 261/500: loss=6.106234[0m
( 36.988s) Epoch 262/500: loss=[32m6.103144[0m
( 37.308s) Epoch 263/500: loss=6.106524[0m
( 37.392s) Epoch 264/500: loss=6.105736[0m
( 37.581s) Epoch 265/500: loss=6.103267[0m
( 37.399s) Epoch 266/500: loss=6.104477[0m
( 37.249s) Epoch 267/500: loss=6.104176[0m
( 37.410s) Epoch 268/500: loss=[32m6.102695[0m
( 37.515s) Epoch 269/500: loss=[32m6.102206[0m
( 37.427s) Epoch 270/500: loss=6.102970[0m
( 37.469s) Epoch 271/500: loss=6.103523[0m
( 37.249s) Epoch 272/500: loss=6.102481[0m
( 37.066s) Epoch 273/500: loss=[32m6.100639[0m
( 37.137s) Epoch 274/500: loss=6.101897[0m
( 37.569s) Epoch 275/500: loss=[32m6.099512[0m
( 37.593s) Epoch 276/500: loss=6.099633[0m
( 37.850s) Epoch 277/500: loss=6.100333[0m
( 37.234s) Epoch 278/500: loss=[32m6.099182[0m
( 37.583s) Epoch 279/500: loss=6.100224[0m
( 37.322s) Epoch 280/500: loss=6.099397[0m  ( 10.117s)  val_acc=[32m0.185333[0m test_acc=0.178336[0m
( 37.816s) Epoch 281/500: loss=[32m6.097122[0m
( 37.292s) Epoch 282/500: loss=6.099144[0m
( 37.759s) Epoch 283/500: loss=6.097158[0m
( 37.569s) Epoch 284/500: loss=6.098156[0m
( 37.628s) Epoch 285/500: loss=[32m6.096871[0m
( 37.320s) Epoch 286/500: loss=6.097251[0m
( 37.091s) Epoch 287/500: loss=6.097396[0m
( 36.996s) Epoch 288/500: loss=[32m6.096303[0m
( 37.425s) Epoch 289/500: loss=6.097287[0m
( 37.394s) Epoch 290/500: loss=6.096709[0m
( 37.438s) Epoch 291/500: loss=[32m6.095223[0m
( 37.037s) Epoch 292/500: loss=[32m6.095067[0m
( 37.512s) Epoch 293/500: loss=[32m6.093819[0m
( 37.628s) Epoch 294/500: loss=6.094803[0m
( 37.673s) Epoch 295/500: loss=6.095219[0m
( 37.688s) Epoch 296/500: loss=6.095081[0m
( 37.228s) Epoch 297/500: loss=[32m6.093022[0m
( 37.517s) Epoch 298/500: loss=6.093732[0m
( 37.946s) Epoch 299/500: loss=6.094688[0m
( 37.819s) Epoch 300/500: loss=[32m6.092279[0m  ( 10.154s)  val_acc=0.167508[0m test_acc=[32m0.188165[0m
( 37.380s) Epoch 301/500: loss=[32m6.092209[0m
( 37.510s) Epoch 302/500: loss=[32m6.092061[0m
( 37.328s) Epoch 303/500: loss=[32m6.091608[0m
( 37.437s) Epoch 304/500: loss=6.092246[0m
( 37.393s) Epoch 305/500: loss=[32m6.091047[0m
( 37.515s) Epoch 306/500: loss=6.091402[0m
( 37.237s) Epoch 307/500: loss=[32m6.089424[0m
( 37.638s) Epoch 308/500: loss=6.092695[0m
( 37.796s) Epoch 309/500: loss=6.089588[0m
( 37.206s) Epoch 310/500: loss=6.090144[0m
( 37.513s) Epoch 311/500: loss=6.090199[0m
( 38.019s) Epoch 312/500: loss=6.090129[0m
( 37.509s) Epoch 313/500: loss=6.089970[0m
( 37.423s) Epoch 314/500: loss=[32m6.088276[0m
( 37.744s) Epoch 315/500: loss=6.088725[0m
( 37.407s) Epoch 316/500: loss=[32m6.087621[0m
( 37.630s) Epoch 317/500: loss=[32m6.086587[0m
( 37.100s) Epoch 318/500: loss=[32m6.085423[0m
( 37.124s) Epoch 319/500: loss=6.085699[0m
( 37.292s) Epoch 320/500: loss=6.087213[0m  (  9.992s)  val_acc=0.176041[0m test_acc=[32m0.190667[0m
( 37.102s) Epoch 321/500: loss=[32m6.084367[0m
( 36.743s) Epoch 322/500: loss=6.084479[0m
( 37.386s) Epoch 323/500: loss=6.085771[0m
( 37.646s) Epoch 324/500: loss=[32m6.084103[0m
( 37.054s) Epoch 325/500: loss=6.084616[0m
( 37.438s) Epoch 326/500: loss=6.085286[0m
( 37.423s) Epoch 327/500: loss=[32m6.082512[0m
( 37.251s) Epoch 328/500: loss=6.083387[0m
( 37.044s) Epoch 329/500: loss=6.083754[0m
( 37.022s) Epoch 330/500: loss=6.082564[0m
( 37.328s) Epoch 331/500: loss=[32m6.081995[0m
( 37.348s) Epoch 332/500: loss=6.082368[0m
( 37.287s) Epoch 333/500: loss=[32m6.080569[0m
( 37.160s) Epoch 334/500: loss=6.081214[0m
( 37.150s) Epoch 335/500: loss=6.081327[0m
( 37.237s) Epoch 336/500: loss=[32m6.079745[0m
( 37.518s) Epoch 337/500: loss=[32m6.079134[0m
( 37.203s) Epoch 338/500: loss=6.081029[0m
( 37.251s) Epoch 339/500: loss=6.079194[0m
( 37.016s) Epoch 340/500: loss=6.080072[0m  ( 10.384s)  val_acc=0.178675[0m test_acc=[32m0.203553[0m
( 38.097s) Epoch 341/500: loss=[32m6.078961[0m
( 37.417s) Epoch 342/500: loss=[32m6.078526[0m
( 37.109s) Epoch 343/500: loss=[32m6.077411[0m
( 37.517s) Epoch 344/500: loss=6.078327[0m
( 37.400s) Epoch 345/500: loss=[32m6.077072[0m
( 37.210s) Epoch 346/500: loss=6.077839[0m
( 37.633s) Epoch 347/500: loss=6.078752[0m
( 37.628s) Epoch 348/500: loss=[32m6.076857[0m
( 37.379s) Epoch 349/500: loss=[32m6.075534[0m
( 37.152s) Epoch 350/500: loss=[32m6.074734[0m
( 37.441s) Epoch 351/500: loss=6.075379[0m
( 37.201s) Epoch 352/500: loss=6.075714[0m
( 37.692s) Epoch 353/500: loss=6.075005[0m
( 37.493s) Epoch 354/500: loss=[32m6.074441[0m
( 37.351s) Epoch 355/500: loss=6.076432[0m
( 37.341s) Epoch 356/500: loss=[32m6.073486[0m
( 37.319s) Epoch 357/500: loss=6.073632[0m
( 37.314s) Epoch 358/500: loss=[32m6.072962[0m
( 37.697s) Epoch 359/500: loss=[32m6.072748[0m
( 37.307s) Epoch 360/500: loss=[32m6.072341[0m  ( 10.129s)  val_acc=0.162277[0m test_acc=0.200771[0m
( 37.292s) Epoch 361/500: loss=6.072776[0m
( 37.400s) Epoch 362/500: loss=[32m6.071605[0m
( 37.472s) Epoch 363/500: loss=[32m6.071210[0m
( 37.176s) Epoch 364/500: loss=6.071354[0m
( 37.428s) Epoch 365/500: loss=6.071468[0m
( 37.276s) Epoch 366/500: loss=[32m6.068529[0m
( 37.492s) Epoch 367/500: loss=6.070161[0m
( 37.396s) Epoch 368/500: loss=6.070217[0m
( 37.489s) Epoch 369/500: loss=[32m6.067694[0m
( 37.478s) Epoch 370/500: loss=6.068234[0m
( 37.507s) Epoch 371/500: loss=6.069441[0m
( 37.229s) Epoch 372/500: loss=6.067785[0m
( 37.571s) Epoch 373/500: loss=[32m6.067322[0m
( 37.174s) Epoch 374/500: loss=6.067718[0m
( 37.492s) Epoch 375/500: loss=[32m6.066475[0m
( 37.477s) Epoch 376/500: loss=6.066852[0m
( 37.470s) Epoch 377/500: loss=[32m6.066025[0m
( 37.563s) Epoch 378/500: loss=6.066343[0m
( 37.388s) Epoch 379/500: loss=[32m6.065272[0m
( 37.685s) Epoch 380/500: loss=6.065930[0m  ( 10.544s)  val_acc=0.177995[0m test_acc=[32m0.213384[0m
( 37.314s) Epoch 381/500: loss=[32m6.064879[0m
( 37.541s) Epoch 382/500: loss=6.065185[0m
( 37.675s) Epoch 383/500: loss=[32m6.064605[0m
( 37.520s) Epoch 384/500: loss=[32m6.063447[0m
( 37.447s) Epoch 385/500: loss=6.064798[0m
( 37.342s) Epoch 386/500: loss=6.064269[0m
( 37.047s) Epoch 387/500: loss=[32m6.063433[0m
( 37.614s) Epoch 388/500: loss=[32m6.062401[0m
( 37.526s) Epoch 389/500: loss=[32m6.062019[0m
( 37.174s) Epoch 390/500: loss=[32m6.061701[0m
( 37.273s) Epoch 391/500: loss=[32m6.061394[0m
( 36.982s) Epoch 392/500: loss=[32m6.059734[0m
( 37.099s) Epoch 393/500: loss=6.060072[0m
( 37.333s) Epoch 394/500: loss=6.060516[0m
( 37.418s) Epoch 395/500: loss=[32m6.059525[0m
( 37.560s) Epoch 396/500: loss=6.060374[0m
( 37.379s) Epoch 397/500: loss=[32m6.059301[0m
( 37.082s) Epoch 398/500: loss=[32m6.058286[0m
( 37.255s) Epoch 399/500: loss=[32m6.056801[0m
( 37.292s) Epoch 400/500: loss=6.058028[0m  (  9.878s)  val_acc=0.164393[0m test_acc=0.196914[0m
( 38.058s) Epoch 401/500: loss=6.057614[0m
( 37.270s) Epoch 402/500: loss=6.058341[0m
( 37.384s) Epoch 403/500: loss=6.057033[0m
( 37.566s) Epoch 404/500: loss=6.057090[0m
( 37.637s) Epoch 405/500: loss=6.056949[0m
( 37.040s) Epoch 406/500: loss=[32m6.056256[0m
( 37.473s) Epoch 407/500: loss=[32m6.055868[0m
( 37.024s) Epoch 408/500: loss=[32m6.055441[0m
( 37.503s) Epoch 409/500: loss=[32m6.054655[0m
( 37.016s) Epoch 410/500: loss=6.054804[0m
( 37.376s) Epoch 411/500: loss=6.055541[0m
( 37.217s) Epoch 412/500: loss=[32m6.054170[0m
( 37.263s) Epoch 413/500: loss=[32m6.053089[0m
( 37.638s) Epoch 414/500: loss=[32m6.052778[0m
( 37.427s) Epoch 415/500: loss=6.053755[0m
( 37.589s) Epoch 416/500: loss=6.053613[0m
( 37.364s) Epoch 417/500: loss=6.053270[0m
( 37.223s) Epoch 418/500: loss=[32m6.051829[0m
( 37.417s) Epoch 419/500: loss=6.052017[0m
( 37.267s) Epoch 420/500: loss=6.051899[0m  ( 10.137s)  val_acc=[32m0.192920[0m test_acc=0.201896[0m
( 37.278s) Epoch 421/500: loss=[32m6.051088[0m
( 37.534s) Epoch 422/500: loss=[32m6.050499[0m
( 37.412s) Epoch 423/500: loss=6.051138[0m
( 37.870s) Epoch 424/500: loss=6.050809[0m
( 37.441s) Epoch 425/500: loss=6.050878[0m
( 37.596s) Epoch 426/500: loss=[32m6.049115[0m
( 37.354s) Epoch 427/500: loss=6.050755[0m
( 37.605s) Epoch 428/500: loss=6.049620[0m
( 37.471s) Epoch 429/500: loss=6.049683[0m
( 37.268s) Epoch 430/500: loss=[32m6.049035[0m
( 37.304s) Epoch 431/500: loss=[32m6.048312[0m
( 37.685s) Epoch 432/500: loss=[32m6.047727[0m
( 37.329s) Epoch 433/500: loss=6.049949[0m
( 37.265s) Epoch 434/500: loss=6.048248[0m
( 37.359s) Epoch 435/500: loss=6.048278[0m
( 37.225s) Epoch 436/500: loss=[32m6.047017[0m
( 37.125s) Epoch 437/500: loss=[32m6.046575[0m
( 37.240s) Epoch 438/500: loss=6.046725[0m
( 37.010s) Epoch 439/500: loss=6.047374[0m
( 37.297s) Epoch 440/500: loss=[32m6.045987[0m  ( 10.497s)  val_acc=0.168839[0m test_acc=[32m0.225697[0m
( 36.928s) Epoch 441/500: loss=6.047197[0m
( 37.517s) Epoch 442/500: loss=6.046353[0m
( 37.646s) Epoch 443/500: loss=[32m6.045678[0m
( 37.259s) Epoch 444/500: loss=6.045903[0m
( 37.479s) Epoch 445/500: loss=[32m6.044989[0m
( 37.128s) Epoch 446/500: loss=6.046265[0m
( 37.251s) Epoch 447/500: loss=6.046104[0m
( 37.406s) Epoch 448/500: loss=6.045019[0m
( 37.455s) Epoch 449/500: loss=[32m6.044454[0m
( 37.702s) Epoch 450/500: loss=6.044666[0m
( 36.986s) Epoch 451/500: loss=[32m6.044061[0m
( 37.262s) Epoch 452/500: loss=6.044328[0m
( 37.319s) Epoch 453/500: loss=6.044574[0m
( 37.349s) Epoch 454/500: loss=[32m6.043655[0m
( 36.961s) Epoch 455/500: loss=[32m6.043104[0m
( 36.998s) Epoch 456/500: loss=[32m6.042866[0m
( 37.416s) Epoch 457/500: loss=6.042930[0m
( 36.941s) Epoch 458/500: loss=6.043691[0m
( 37.392s) Epoch 459/500: loss=[32m6.042719[0m
( 37.160s) Epoch 460/500: loss=6.043165[0m  (  9.925s)  val_acc=0.181481[0m test_acc=0.202288[0m
( 38.018s) Epoch 461/500: loss=6.043089[0m
( 37.376s) Epoch 462/500: loss=[32m6.042676[0m
( 37.525s) Epoch 463/500: loss=6.042901[0m
( 37.470s) Epoch 464/500: loss=6.043029[0m
( 37.502s) Epoch 465/500: loss=[32m6.042630[0m
( 37.473s) Epoch 466/500: loss=[32m6.040521[0m
( 37.225s) Epoch 467/500: loss=6.042173[0m
( 37.285s) Epoch 468/500: loss=6.041498[0m
( 37.289s) Epoch 469/500: loss=6.041836[0m
( 37.369s) Epoch 470/500: loss=6.041731[0m
( 37.241s) Epoch 471/500: loss=6.042655[0m
( 37.412s) Epoch 472/500: loss=6.041900[0m
( 37.392s) Epoch 473/500: loss=6.041152[0m
( 37.462s) Epoch 474/500: loss=6.041584[0m
( 37.052s) Epoch 475/500: loss=6.040934[0m
( 37.469s) Epoch 476/500: loss=6.041295[0m
( 37.107s) Epoch 477/500: loss=6.041154[0m
( 37.339s) Epoch 478/500: loss=[32m6.040437[0m
( 37.233s) Epoch 479/500: loss=6.040911[0m
( 37.186s) Epoch 480/500: loss=6.041139[0m  ( 10.007s)  val_acc=[32m0.195197[0m test_acc=0.210659[0m
( 37.398s) Epoch 481/500: loss=6.041642[0m
( 37.381s) Epoch 482/500: loss=6.041491[0m
( 37.581s) Epoch 483/500: loss=6.041294[0m
( 37.266s) Epoch 484/500: loss=6.041067[0m
( 37.505s) Epoch 485/500: loss=6.041640[0m
( 37.365s) Epoch 486/500: loss=6.040841[0m
( 37.656s) Epoch 487/500: loss=[32m6.040182[0m
( 37.184s) Epoch 488/500: loss=6.040725[0m
( 37.264s) Epoch 489/500: loss=6.041634[0m
( 37.268s) Epoch 490/500: loss=6.040812[0m
( 37.548s) Epoch 491/500: loss=6.040333[0m
( 37.440s) Epoch 492/500: loss=[32m6.039541[0m
( 37.268s) Epoch 493/500: loss=6.040151[0m
( 37.236s) Epoch 494/500: loss=[32m6.039423[0m
( 37.535s) Epoch 495/500: loss=6.040924[0m
( 37.339s) Epoch 496/500: loss=6.040310[0m
( 37.150s) Epoch 497/500: loss=6.040374[0m
( 37.089s) Epoch 498/500: loss=6.040183[0m
( 37.197s) Epoch 499/500: loss=6.040887[0m
( 37.327s) Epoch 500/500: loss=6.040482[0m  (  9.884s)  val_acc=0.188485[0m test_acc=[32m0.231413[0m
Training for 500 epochs took 18689.290s total and 37.379s average
Calculating mean of transformed dataset using the best model state ... 11.414s
Saving best model and options to /home/aditya.bharti/FewShot/cifar100fs_500epoch/CropColor.pth
