Starting Training on:
Train:  64 classes
Valid:  16 classes
Test:   20 classes
------------------
( 28.385s) Epoch 001/100: loss=[32m6.194358[0m
( 28.088s) Epoch 002/100: loss=[32m6.182000[0m
( 28.128s) Epoch 003/100: loss=[32m6.181519[0m
( 28.226s) Epoch 004/100: loss=[32m6.167674[0m
( 28.212s) Epoch 005/100: loss=[32m6.157712[0m  ( 11.550s)  train_acc=[32m-0.001327[0m val_acc=[32m-0.004141[0m test_acc=[32m0.939222[0m
( 27.082s) Epoch 006/100: loss=[32m6.137958[0m
( 28.060s) Epoch 007/100: loss=[32m6.113983[0m
( 28.256s) Epoch 008/100: loss=[32m6.103124[0m
( 28.237s) Epoch 009/100: loss=[32m6.086918[0m
( 28.268s) Epoch 010/100: loss=[32m6.078505[0m  ( 11.470s)  train_acc=-0.001533[0m val_acc=-0.004413[0m test_acc=0.594262[0m
( 27.111s) Epoch 011/100: loss=[32m6.063613[0m
( 28.161s) Epoch 012/100: loss=[32m6.054833[0m
( 28.211s) Epoch 013/100: loss=[32m6.048243[0m
( 28.345s) Epoch 014/100: loss=[32m6.034005[0m
( 28.247s) Epoch 015/100: loss=6.037292[0m  ( 11.333s)  train_acc=-0.001534[0m val_acc=[32m0.113957[0m test_acc=0.499134[0m
( 27.061s) Epoch 016/100: loss=[32m6.029564[0m
( 28.186s) Epoch 017/100: loss=[32m6.015339[0m
( 28.213s) Epoch 018/100: loss=[32m6.008903[0m
( 28.266s) Epoch 019/100: loss=6.010762[0m
( 28.268s) Epoch 020/100: loss=[32m5.997119[0m  ( 11.536s)  train_acc=-0.001511[0m val_acc=-0.005428[0m test_acc=0.598229[0m
( 27.050s) Epoch 021/100: loss=[32m5.995406[0m
( 28.142s) Epoch 022/100: loss=[32m5.978296[0m
( 28.192s) Epoch 023/100: loss=[32m5.976624[0m
( 28.188s) Epoch 024/100: loss=[32m5.967403[0m
( 28.243s) Epoch 025/100: loss=[32m5.953311[0m  ( 11.400s)  train_acc=-0.001462[0m val_acc=0.113546[0m test_acc=0.171174[0m
( 27.050s) Epoch 026/100: loss=5.953706[0m
( 28.205s) Epoch 027/100: loss=[32m5.941032[0m
( 28.116s) Epoch 028/100: loss=[32m5.936777[0m
( 28.267s) Epoch 029/100: loss=[32m5.929776[0m
( 28.244s) Epoch 030/100: loss=[32m5.924609[0m  ( 11.572s)  train_acc=-0.001576[0m val_acc=[32m0.138992[0m test_acc=0.133357[0m
( 27.004s) Epoch 031/100: loss=[32m5.912817[0m
( 28.156s) Epoch 032/100: loss=[32m5.904572[0m
( 28.264s) Epoch 033/100: loss=[32m5.896346[0m
( 28.294s) Epoch 034/100: loss=[32m5.892251[0m
( 28.248s) Epoch 035/100: loss=[32m5.883059[0m  ( 11.685s)  train_acc=-0.001570[0m val_acc=0.113982[0m test_acc=0.134035[0m
( 27.020s) Epoch 036/100: loss=[32m5.881677[0m
( 28.108s) Epoch 037/100: loss=[32m5.871447[0m
( 28.108s) Epoch 038/100: loss=[32m5.868075[0m
( 28.188s) Epoch 039/100: loss=[32m5.858486[0m
( 28.195s) Epoch 040/100: loss=[32m5.857561[0m  ( 11.603s)  train_acc=-0.001453[0m val_acc=0.099004[0m test_acc=0.486680[0m
( 27.095s) Epoch 041/100: loss=[32m5.857067[0m
( 28.204s) Epoch 042/100: loss=[32m5.854303[0m
( 28.269s) Epoch 043/100: loss=[32m5.847217[0m
( 28.221s) Epoch 044/100: loss=[32m5.841594[0m
( 28.157s) Epoch 045/100: loss=[32m5.835624[0m  ( 11.676s)  train_acc=-0.001613[0m val_acc=0.044667[0m test_acc=0.219180[0m
( 27.156s) Epoch 046/100: loss=[32m5.835442[0m
( 28.162s) Epoch 047/100: loss=[32m5.831532[0m
( 28.219s) Epoch 048/100: loss=[32m5.823800[0m
( 28.320s) Epoch 049/100: loss=[32m5.820176[0m
( 28.159s) Epoch 050/100: loss=[32m5.814303[0m  ( 11.614s)  train_acc=-0.001494[0m val_acc=0.084744[0m test_acc=0.158600[0m
( 27.061s) Epoch 051/100: loss=[32m5.813653[0m
( 28.181s) Epoch 052/100: loss=[32m5.813013[0m
( 28.135s) Epoch 053/100: loss=[32m5.811216[0m
( 28.223s) Epoch 054/100: loss=[32m5.808149[0m
( 28.254s) Epoch 055/100: loss=5.808888[0m  ( 11.591s)  train_acc=-0.001591[0m val_acc=0.049724[0m test_acc=0.197598[0m
( 27.065s) Epoch 056/100: loss=[32m5.808043[0m
( 28.136s) Epoch 057/100: loss=[32m5.803624[0m
( 28.203s) Epoch 058/100: loss=[32m5.802577[0m
( 28.226s) Epoch 059/100: loss=[32m5.799638[0m
( 28.196s) Epoch 060/100: loss=[32m5.797424[0m  ( 11.439s)  train_acc=-0.001569[0m val_acc=0.066249[0m test_acc=0.490764[0m
( 27.112s) Epoch 061/100: loss=[32m5.792837[0m
( 28.160s) Epoch 062/100: loss=5.799801[0m
( 28.167s) Epoch 063/100: loss=5.798382[0m
( 28.241s) Epoch 064/100: loss=5.796350[0m
( 28.210s) Epoch 065/100: loss=[32m5.786796[0m  ( 11.593s)  train_acc=-0.001592[0m val_acc=0.091543[0m test_acc=0.135292[0m
( 27.072s) Epoch 066/100: loss=5.789375[0m
( 28.126s) Epoch 067/100: loss=[32m5.783678[0m
( 28.136s) Epoch 068/100: loss=5.787803[0m
( 28.162s) Epoch 069/100: loss=5.787696[0m
( 28.263s) Epoch 070/100: loss=5.789170[0m  ( 11.525s)  train_acc=-0.001550[0m val_acc=0.091470[0m test_acc=0.133587[0m
( 26.969s) Epoch 071/100: loss=5.784014[0m
( 28.169s) Epoch 072/100: loss=[32m5.777230[0m
( 28.250s) Epoch 073/100: loss=5.781714[0m
( 28.250s) Epoch 074/100: loss=5.779594[0m
( 28.213s) Epoch 075/100: loss=[32m5.773343[0m  ( 11.472s)  train_acc=-0.001546[0m val_acc=0.039839[0m test_acc=0.489733[0m
( 27.002s) Epoch 076/100: loss=[32m5.770157[0m
( 28.218s) Epoch 077/100: loss=5.779389[0m
( 28.173s) Epoch 078/100: loss=5.784267[0m
( 28.212s) Epoch 079/100: loss=5.779333[0m
( 28.212s) Epoch 080/100: loss=5.777734[0m  ( 11.621s)  train_acc=-0.001564[0m val_acc=0.049516[0m test_acc=0.754562[0m
( 27.149s) Epoch 081/100: loss=[32m5.770140[0m
( 28.085s) Epoch 082/100: loss=5.775144[0m
( 28.307s) Epoch 083/100: loss=5.772432[0m
( 28.210s) Epoch 084/100: loss=5.771550[0m
( 28.222s) Epoch 085/100: loss=5.773957[0m  ( 11.558s)  train_acc=-0.001562[0m val_acc=0.092126[0m test_acc=0.134679[0m
( 27.062s) Epoch 086/100: loss=5.775735[0m
( 28.177s) Epoch 087/100: loss=5.771949[0m
( 28.347s) Epoch 088/100: loss=5.772994[0m
( 28.245s) Epoch 089/100: loss=[32m5.765484[0m
( 28.210s) Epoch 090/100: loss=5.770349[0m  ( 11.355s)  train_acc=-0.001600[0m val_acc=0.054111[0m test_acc=0.344423[0m
( 27.054s) Epoch 091/100: loss=5.771245[0m
( 28.208s) Epoch 092/100: loss=5.777557[0m
( 28.206s) Epoch 093/100: loss=5.770741[0m
( 28.206s) Epoch 094/100: loss=5.770281[0m
( 28.308s) Epoch 095/100: loss=5.770814[0m  ( 11.340s)  train_acc=-0.001627[0m val_acc=0.060954[0m test_acc=0.537105[0m
( 27.089s) Epoch 096/100: loss=5.768125[0m
( 28.277s) Epoch 097/100: loss=5.776445[0m
( 28.214s) Epoch 098/100: loss=5.769095[0m
( 28.228s) Epoch 099/100: loss=5.772236[0m
( 28.232s) Epoch 100/100: loss=5.777956[0m  (  9.360s)  train_acc=-0.001503[0m val_acc=0.065922[0m test_acc=0.408759[0m
Training for 100 epochs took 2799.283s total and 27.993s average
Saving best model and options to miniImgnet_experiments/CropResize_ColorDistort_runs/run2.pth
