Starting Training on:
Train:  64 classes
Valid:  16 classes
Test:   20 classes
------------------
( 28.460s) Epoch 001/100: loss=[32m6.198846[0m
( 28.085s) Epoch 002/100: loss=[32m6.189168[0m
( 28.205s) Epoch 003/100: loss=[32m6.184441[0m
( 28.185s) Epoch 004/100: loss=[32m6.173960[0m
( 28.240s) Epoch 005/100: loss=[32m6.166202[0m  ( 11.252s)  train_acc=[32m-0.001492[0m val_acc=[32m0.361977[0m test_acc=[32m0.238742[0m
( 27.159s) Epoch 006/100: loss=[32m6.154597[0m
( 28.201s) Epoch 007/100: loss=[32m6.139715[0m
( 28.251s) Epoch 008/100: loss=[32m6.120857[0m
( 28.242s) Epoch 009/100: loss=[32m6.104315[0m
( 28.307s) Epoch 010/100: loss=[32m6.087894[0m  ( 11.265s)  train_acc=-0.001513[0m val_acc=[32m0.966535[0m test_acc=[32m0.551292[0m
( 27.069s) Epoch 011/100: loss=[32m6.081986[0m
( 28.196s) Epoch 012/100: loss=[32m6.073679[0m
( 28.225s) Epoch 013/100: loss=[32m6.063384[0m
( 28.318s) Epoch 014/100: loss=[32m6.053666[0m
( 28.198s) Epoch 015/100: loss=[32m6.049516[0m  ( 11.264s)  train_acc=-0.001545[0m val_acc=0.395923[0m test_acc=0.297140[0m
( 27.037s) Epoch 016/100: loss=[32m6.038219[0m
( 28.149s) Epoch 017/100: loss=[32m6.031950[0m
( 28.234s) Epoch 018/100: loss=[32m6.023749[0m
( 28.243s) Epoch 019/100: loss=[32m6.018399[0m
( 28.203s) Epoch 020/100: loss=[32m6.011176[0m  ( 11.219s)  train_acc=-0.001525[0m val_acc=-0.005254[0m test_acc=-0.004448[0m
( 27.139s) Epoch 021/100: loss=[32m6.004502[0m
( 28.220s) Epoch 022/100: loss=[32m5.995152[0m
( 28.219s) Epoch 023/100: loss=[32m5.991819[0m
( 28.320s) Epoch 024/100: loss=[32m5.985392[0m
( 28.286s) Epoch 025/100: loss=[32m5.984925[0m  ( 11.511s)  train_acc=-0.001508[0m val_acc=0.364351[0m test_acc=0.277330[0m
( 27.125s) Epoch 026/100: loss=[32m5.965199[0m
( 28.257s) Epoch 027/100: loss=5.972256[0m
( 28.242s) Epoch 028/100: loss=[32m5.964518[0m
( 28.216s) Epoch 029/100: loss=[32m5.958502[0m
( 28.287s) Epoch 030/100: loss=[32m5.943052[0m  ( 11.272s)  train_acc=-0.001523[0m val_acc=0.363688[0m test_acc=0.292352[0m
( 27.073s) Epoch 031/100: loss=[32m5.934384[0m
( 28.193s) Epoch 032/100: loss=[32m5.926008[0m
( 28.268s) Epoch 033/100: loss=[32m5.918496[0m
( 28.259s) Epoch 034/100: loss=[32m5.917813[0m
( 28.351s) Epoch 035/100: loss=[32m5.907242[0m  ( 11.212s)  train_acc=-0.001597[0m val_acc=0.363881[0m test_acc=0.275717[0m
( 27.122s) Epoch 036/100: loss=[32m5.904577[0m
( 28.117s) Epoch 037/100: loss=[32m5.902496[0m
( 28.290s) Epoch 038/100: loss=[32m5.896599[0m
( 28.140s) Epoch 039/100: loss=[32m5.886529[0m
( 28.337s) Epoch 040/100: loss=[32m5.883807[0m  ( 11.416s)  train_acc=-0.001605[0m val_acc=0.366011[0m test_acc=0.247790[0m
( 27.088s) Epoch 041/100: loss=[32m5.878645[0m
( 28.215s) Epoch 042/100: loss=5.883973[0m
( 28.337s) Epoch 043/100: loss=[32m5.873932[0m
( 28.250s) Epoch 044/100: loss=[32m5.868226[0m
( 28.230s) Epoch 045/100: loss=[32m5.864357[0m  ( 11.529s)  train_acc=-0.001559[0m val_acc=0.365973[0m test_acc=0.229278[0m
( 26.975s) Epoch 046/100: loss=[32m5.857835[0m
( 28.213s) Epoch 047/100: loss=5.862523[0m
( 28.283s) Epoch 048/100: loss=5.859165[0m
( 28.270s) Epoch 049/100: loss=[32m5.857417[0m
( 28.218s) Epoch 050/100: loss=[32m5.852098[0m  ( 11.276s)  train_acc=-0.001622[0m val_acc=0.365186[0m test_acc=0.373936[0m
( 27.032s) Epoch 051/100: loss=[32m5.848772[0m
( 28.183s) Epoch 052/100: loss=[32m5.846451[0m
( 28.258s) Epoch 053/100: loss=[32m5.839322[0m
( 28.298s) Epoch 054/100: loss=5.841187[0m
( 28.267s) Epoch 055/100: loss=[32m5.837583[0m  ( 11.351s)  train_acc=-0.001577[0m val_acc=0.398897[0m test_acc=0.293971[0m
( 27.081s) Epoch 056/100: loss=[32m5.832546[0m
( 28.196s) Epoch 057/100: loss=[32m5.828740[0m
( 28.184s) Epoch 058/100: loss=5.834623[0m
( 28.293s) Epoch 059/100: loss=[32m5.820705[0m
( 28.232s) Epoch 060/100: loss=5.828616[0m  ( 11.728s)  train_acc=-0.001605[0m val_acc=0.367340[0m test_acc=0.273082[0m
( 27.141s) Epoch 061/100: loss=5.829645[0m
( 28.203s) Epoch 062/100: loss=5.825137[0m
( 28.220s) Epoch 063/100: loss=5.821572[0m
( 28.256s) Epoch 064/100: loss=[32m5.816413[0m
( 28.259s) Epoch 065/100: loss=5.821717[0m  ( 11.489s)  train_acc=-0.001573[0m val_acc=0.398179[0m test_acc=0.292098[0m
( 27.162s) Epoch 066/100: loss=5.817210[0m
( 28.153s) Epoch 067/100: loss=[32m5.813516[0m
( 28.249s) Epoch 068/100: loss=[32m5.811586[0m
( 28.262s) Epoch 069/100: loss=[32m5.802884[0m
( 28.239s) Epoch 070/100: loss=5.815052[0m  ( 11.569s)  train_acc=-0.001625[0m val_acc=0.398547[0m test_acc=0.290221[0m
( 26.947s) Epoch 071/100: loss=5.814342[0m
( 28.158s) Epoch 072/100: loss=5.806959[0m
( 28.309s) Epoch 073/100: loss=5.807933[0m
( 28.142s) Epoch 074/100: loss=5.805850[0m
( 28.299s) Epoch 075/100: loss=5.810931[0m  ( 11.358s)  train_acc=-0.001537[0m val_acc=0.398326[0m test_acc=0.294579[0m
( 27.045s) Epoch 076/100: loss=5.813296[0m
( 28.075s) Epoch 077/100: loss=5.812987[0m
( 28.185s) Epoch 078/100: loss=5.814138[0m
( 28.228s) Epoch 079/100: loss=5.806949[0m
( 28.268s) Epoch 080/100: loss=5.807970[0m  ( 11.541s)  train_acc=-0.001612[0m val_acc=0.365870[0m test_acc=0.272261[0m
( 27.091s) Epoch 081/100: loss=5.808144[0m
( 28.168s) Epoch 082/100: loss=5.805798[0m
( 28.173s) Epoch 083/100: loss=5.808106[0m
( 28.202s) Epoch 084/100: loss=5.803626[0m
( 28.304s) Epoch 085/100: loss=[32m5.800199[0m  ( 11.384s)  train_acc=[32m-0.001487[0m val_acc=0.396933[0m test_acc=0.293536[0m
( 27.020s) Epoch 086/100: loss=5.800651[0m
( 28.205s) Epoch 087/100: loss=5.811170[0m
( 28.267s) Epoch 088/100: loss=5.801475[0m
( 28.203s) Epoch 089/100: loss=5.801108[0m
( 28.250s) Epoch 090/100: loss=5.801007[0m  ( 11.411s)  train_acc=-0.001592[0m val_acc=0.367162[0m test_acc=0.266311[0m
( 27.123s) Epoch 091/100: loss=5.800887[0m
( 28.222s) Epoch 092/100: loss=5.803969[0m
( 28.234s) Epoch 093/100: loss=5.801465[0m
( 28.181s) Epoch 094/100: loss=5.805400[0m
( 28.268s) Epoch 095/100: loss=5.803896[0m  ( 11.490s)  train_acc=[32m-0.001413[0m val_acc=0.367228[0m test_acc=0.277604[0m
( 27.114s) Epoch 096/100: loss=[32m5.797873[0m
( 28.181s) Epoch 097/100: loss=[32m5.797055[0m
( 28.244s) Epoch 098/100: loss=5.797922[0m
( 28.367s) Epoch 099/100: loss=5.798177[0m
( 28.265s) Epoch 100/100: loss=5.799601[0m  (  9.326s)  train_acc=-0.001527[0m val_acc=0.366861[0m test_acc=0.274581[0m
Training for 100 epochs took 2801.647s total and 28.016s average
Saving best model and options to miniImgnet_experiments/CropResize_ColorDistort_runs/run3.pth
