Starting Training on:
Train:  64 classes
Valid:  16 classes
Test:   20 classes
------------------
( 28.392s) Epoch 001/100: loss=[32m6.201027[0m
( 28.048s) Epoch 002/100: loss=[32m6.188624[0m
( 28.267s) Epoch 003/100: loss=[32m6.187974[0m
( 28.159s) Epoch 004/100: loss=[32m6.179815[0m
( 28.154s) Epoch 005/100: loss=[32m6.177891[0m  ( 11.526s)  train_acc=[32m-0.001490[0m val_acc=[32m-0.005328[0m test_acc=[32m0.055964[0m
( 27.072s) Epoch 006/100: loss=[32m6.168517[0m
( 28.153s) Epoch 007/100: loss=[32m6.152907[0m
( 28.183s) Epoch 008/100: loss=[32m6.131742[0m
( 28.333s) Epoch 009/100: loss=[32m6.115335[0m
( 28.137s) Epoch 010/100: loss=[32m6.097075[0m  ( 11.549s)  train_acc=[32m-0.001483[0m val_acc=[32m0.295117[0m test_acc=[32m0.492466[0m
( 26.942s) Epoch 011/100: loss=[32m6.084046[0m
( 28.152s) Epoch 012/100: loss=[32m6.070522[0m
( 28.276s) Epoch 013/100: loss=[32m6.056214[0m
( 28.147s) Epoch 014/100: loss=[32m6.046642[0m
( 28.245s) Epoch 015/100: loss=[32m6.045058[0m  ( 11.299s)  train_acc=-0.001493[0m val_acc=[32m0.975100[0m test_acc=0.012773[0m
( 26.994s) Epoch 016/100: loss=[32m6.038973[0m
( 28.175s) Epoch 017/100: loss=[32m6.022294[0m
( 28.180s) Epoch 018/100: loss=6.026243[0m
( 28.235s) Epoch 019/100: loss=[32m6.011645[0m
( 28.145s) Epoch 020/100: loss=[32m6.007664[0m  ( 11.540s)  train_acc=-0.001538[0m val_acc=[32m0.977341[0m test_acc=0.013001[0m
( 27.070s) Epoch 021/100: loss=[32m6.004309[0m
( 28.041s) Epoch 022/100: loss=[32m5.998321[0m
( 28.192s) Epoch 023/100: loss=[32m5.997360[0m
( 28.219s) Epoch 024/100: loss=[32m5.986653[0m
( 28.179s) Epoch 025/100: loss=[32m5.979723[0m  ( 11.528s)  train_acc=-0.001497[0m val_acc=[32m0.977543[0m test_acc=0.452338[0m
( 27.031s) Epoch 026/100: loss=[32m5.975856[0m
( 28.225s) Epoch 027/100: loss=[32m5.966188[0m
( 28.194s) Epoch 028/100: loss=[32m5.964534[0m
( 28.299s) Epoch 029/100: loss=[32m5.954299[0m
( 28.260s) Epoch 030/100: loss=[32m5.945221[0m  ( 11.491s)  train_acc=-0.001551[0m val_acc=0.976360[0m test_acc=-0.004482[0m
( 27.084s) Epoch 031/100: loss=[32m5.944163[0m
( 28.083s) Epoch 032/100: loss=[32m5.934149[0m
( 28.227s) Epoch 033/100: loss=[32m5.931908[0m
( 28.181s) Epoch 034/100: loss=[32m5.923572[0m
( 28.275s) Epoch 035/100: loss=[32m5.916672[0m  ( 11.893s)  train_acc=-0.001567[0m val_acc=[32m0.978278[0m test_acc=-0.004031[0m
( 26.999s) Epoch 036/100: loss=[32m5.908922[0m
( 28.210s) Epoch 037/100: loss=[32m5.902682[0m
( 28.158s) Epoch 038/100: loss=[32m5.897186[0m
( 28.345s) Epoch 039/100: loss=[32m5.889679[0m
( 28.215s) Epoch 040/100: loss=[32m5.882457[0m  ( 11.525s)  train_acc=-0.001579[0m val_acc=0.976993[0m test_acc=0.452599[0m
( 27.138s) Epoch 041/100: loss=[32m5.880878[0m
( 28.129s) Epoch 042/100: loss=[32m5.874822[0m
( 28.298s) Epoch 043/100: loss=[32m5.870147[0m
( 28.194s) Epoch 044/100: loss=[32m5.867769[0m
( 28.276s) Epoch 045/100: loss=5.868821[0m  ( 11.484s)  train_acc=-0.001510[0m val_acc=[32m0.979053[0m test_acc=0.448497[0m
( 27.060s) Epoch 046/100: loss=[32m5.862604[0m
( 28.266s) Epoch 047/100: loss=[32m5.857213[0m
( 28.311s) Epoch 048/100: loss=[32m5.854346[0m
( 28.226s) Epoch 049/100: loss=[32m5.849941[0m
( 28.268s) Epoch 050/100: loss=[32m5.849509[0m  ( 11.429s)  train_acc=-0.001522[0m val_acc=[32m0.979438[0m test_acc=0.453355[0m
( 27.024s) Epoch 051/100: loss=[32m5.839665[0m
( 28.207s) Epoch 052/100: loss=5.843044[0m
( 28.218s) Epoch 053/100: loss=[32m5.832961[0m
( 28.233s) Epoch 054/100: loss=5.834797[0m
( 28.249s) Epoch 055/100: loss=5.835967[0m  ( 11.304s)  train_acc=-0.001505[0m val_acc=[32m0.983002[0m test_acc=0.451929[0m
( 27.024s) Epoch 056/100: loss=[32m5.832602[0m
( 28.227s) Epoch 057/100: loss=[32m5.824623[0m
( 28.269s) Epoch 058/100: loss=5.829746[0m
( 28.230s) Epoch 059/100: loss=[32m5.817499[0m
( 28.232s) Epoch 060/100: loss=5.822348[0m  ( 11.550s)  train_acc=-0.001579[0m val_acc=0.977383[0m test_acc=0.452558[0m
( 27.003s) Epoch 061/100: loss=5.819962[0m
( 28.152s) Epoch 062/100: loss=[32m5.814906[0m
( 28.251s) Epoch 063/100: loss=[32m5.814492[0m
( 28.257s) Epoch 064/100: loss=5.815088[0m
( 28.217s) Epoch 065/100: loss=[32m5.813437[0m  ( 11.512s)  train_acc=-0.001573[0m val_acc=0.978592[0m test_acc=0.450245[0m
( 27.007s) Epoch 066/100: loss=[32m5.807652[0m
( 28.181s) Epoch 067/100: loss=[32m5.800702[0m
( 28.253s) Epoch 068/100: loss=5.807151[0m
( 28.202s) Epoch 069/100: loss=5.802681[0m
( 28.209s) Epoch 070/100: loss=5.806161[0m  ( 11.611s)  train_acc=-0.001558[0m val_acc=0.979222[0m test_acc=0.452208[0m
( 27.064s) Epoch 071/100: loss=5.802903[0m
( 28.190s) Epoch 072/100: loss=[32m5.796070[0m
( 28.204s) Epoch 073/100: loss=5.801857[0m
( 28.261s) Epoch 074/100: loss=[32m5.794029[0m
( 28.308s) Epoch 075/100: loss=5.801254[0m  ( 11.244s)  train_acc=-0.001539[0m val_acc=0.980965[0m test_acc=0.450816[0m
( 27.048s) Epoch 076/100: loss=[32m5.789611[0m
( 28.150s) Epoch 077/100: loss=5.792068[0m
( 28.216s) Epoch 078/100: loss=5.793182[0m
( 28.132s) Epoch 079/100: loss=5.790137[0m
( 28.180s) Epoch 080/100: loss=5.791717[0m  ( 11.415s)  train_acc=-0.001643[0m val_acc=0.365329[0m test_acc=0.264616[0m
( 27.125s) Epoch 081/100: loss=5.797617[0m
( 28.156s) Epoch 082/100: loss=5.790994[0m
( 28.175s) Epoch 083/100: loss=[32m5.785959[0m
( 28.190s) Epoch 084/100: loss=[32m5.782068[0m
( 28.253s) Epoch 085/100: loss=5.791066[0m  ( 11.361s)  train_acc=[32m-0.001458[0m val_acc=0.978651[0m test_acc=[32m0.983207[0m
( 27.100s) Epoch 086/100: loss=5.791428[0m
( 28.153s) Epoch 087/100: loss=5.788656[0m
( 28.250s) Epoch 088/100: loss=5.782677[0m
( 28.267s) Epoch 089/100: loss=5.790358[0m
( 28.196s) Epoch 090/100: loss=5.788408[0m  ( 11.401s)  train_acc=-0.001583[0m val_acc=0.980346[0m test_acc=0.547349[0m
( 27.007s) Epoch 091/100: loss=5.792290[0m
( 28.140s) Epoch 092/100: loss=5.794057[0m
( 28.265s) Epoch 093/100: loss=5.786010[0m
( 28.248s) Epoch 094/100: loss=5.786491[0m
( 28.236s) Epoch 095/100: loss=5.789556[0m  ( 11.346s)  train_acc=-0.001578[0m val_acc=0.244331[0m test_acc=0.324511[0m
( 27.045s) Epoch 096/100: loss=5.786063[0m
( 28.213s) Epoch 097/100: loss=5.787581[0m
( 28.169s) Epoch 098/100: loss=5.784924[0m
( 28.272s) Epoch 099/100: loss=[32m5.779738[0m
( 28.290s) Epoch 100/100: loss=5.789625[0m  (  9.645s)  train_acc=-0.001551[0m val_acc=0.171839[0m test_acc=0.095790[0m
Training for 100 epochs took 2799.187s total and 27.992s average
Saving best model and options to miniImgnet_experiments/CropResize_ColorDistort_runs/run4.pth
