Starting Training on:
Train:  64 classes
Valid:  16 classes
Test:   20 classes
------------------
( 28.388s) Epoch 001/100: loss=[32m6.199083[0m
( 28.082s) Epoch 002/100: loss=[32m6.189406[0m
( 28.238s) Epoch 003/100: loss=[32m6.188373[0m
( 28.303s) Epoch 004/100: loss=[32m6.180365[0m
( 28.213s) Epoch 005/100: loss=[32m6.178302[0m  ( 11.410s)  train_acc=[32m-0.001428[0m val_acc=[32m0.172132[0m test_acc=[32m0.074059[0m
( 27.132s) Epoch 006/100: loss=6.179605[0m
( 28.136s) Epoch 007/100: loss=[32m6.167288[0m
( 28.217s) Epoch 008/100: loss=[32m6.153048[0m
( 28.160s) Epoch 009/100: loss=[32m6.139122[0m
( 28.173s) Epoch 010/100: loss=[32m6.113387[0m  ( 11.082s)  train_acc=-0.001463[0m val_acc=[32m0.970796[0m test_acc=[32m0.542712[0m
( 26.965s) Epoch 011/100: loss=[32m6.090979[0m
( 28.136s) Epoch 012/100: loss=[32m6.080679[0m
( 28.139s) Epoch 013/100: loss=[32m6.068052[0m
( 28.250s) Epoch 014/100: loss=[32m6.055120[0m
( 28.091s) Epoch 015/100: loss=[32m6.051610[0m  ( 11.337s)  train_acc=-0.001486[0m val_acc=[32m0.974737[0m test_acc=[32m0.551837[0m
( 27.013s) Epoch 016/100: loss=[32m6.038077[0m
( 28.251s) Epoch 017/100: loss=[32m6.029974[0m
( 28.197s) Epoch 018/100: loss=[32m6.027885[0m
( 28.217s) Epoch 019/100: loss=[32m6.016425[0m
( 28.241s) Epoch 020/100: loss=[32m6.013150[0m  ( 11.590s)  train_acc=-0.001507[0m val_acc=0.973728[0m test_acc=[32m0.977569[0m
( 27.063s) Epoch 021/100: loss=[32m6.002293[0m
( 28.130s) Epoch 022/100: loss=[32m6.000713[0m
( 28.237s) Epoch 023/100: loss=[32m5.987823[0m
( 28.268s) Epoch 024/100: loss=[32m5.979466[0m
( 28.208s) Epoch 025/100: loss=[32m5.968815[0m  ( 11.447s)  train_acc=-0.001536[0m val_acc=0.397201[0m test_acc=0.308653[0m
( 27.032s) Epoch 026/100: loss=[32m5.966231[0m
( 28.097s) Epoch 027/100: loss=[32m5.950154[0m
( 28.147s) Epoch 028/100: loss=[32m5.948667[0m
( 28.270s) Epoch 029/100: loss=[32m5.937561[0m
( 28.273s) Epoch 030/100: loss=[32m5.934048[0m  ( 11.255s)  train_acc=-0.001503[0m val_acc=0.395302[0m test_acc=0.298604[0m
( 26.989s) Epoch 031/100: loss=[32m5.925448[0m
( 28.198s) Epoch 032/100: loss=[32m5.919632[0m
( 28.150s) Epoch 033/100: loss=[32m5.914021[0m
( 28.152s) Epoch 034/100: loss=[32m5.906584[0m
( 28.219s) Epoch 035/100: loss=5.908488[0m  ( 11.319s)  train_acc=-0.001579[0m val_acc=[32m0.977528[0m test_acc=0.975879[0m
( 27.001s) Epoch 036/100: loss=[32m5.903446[0m
( 28.179s) Epoch 037/100: loss=[32m5.891218[0m
( 28.194s) Epoch 038/100: loss=[32m5.880835[0m
( 28.232s) Epoch 039/100: loss=[32m5.879316[0m
( 28.266s) Epoch 040/100: loss=[32m5.876042[0m  ( 11.174s)  train_acc=-0.001551[0m val_acc=0.365473[0m test_acc=0.291211[0m
( 27.027s) Epoch 041/100: loss=[32m5.868511[0m
( 28.212s) Epoch 042/100: loss=[32m5.864588[0m
( 28.123s) Epoch 043/100: loss=5.867795[0m
( 28.151s) Epoch 044/100: loss=[32m5.856991[0m
( 28.180s) Epoch 045/100: loss=[32m5.856042[0m  ( 11.417s)  train_acc=-0.001528[0m val_acc=0.365465[0m test_acc=0.292133[0m
( 27.069s) Epoch 046/100: loss=[32m5.845079[0m
( 28.073s) Epoch 047/100: loss=[32m5.841614[0m
( 28.268s) Epoch 048/100: loss=[32m5.835809[0m
( 28.162s) Epoch 049/100: loss=[32m5.833616[0m
( 28.176s) Epoch 050/100: loss=5.834310[0m  ( 11.347s)  train_acc=-0.001574[0m val_acc=0.398022[0m test_acc=0.301156[0m
( 27.057s) Epoch 051/100: loss=[32m5.827840[0m
( 28.251s) Epoch 052/100: loss=[32m5.826199[0m
( 28.200s) Epoch 053/100: loss=[32m5.818583[0m
( 28.286s) Epoch 054/100: loss=5.825341[0m
( 28.245s) Epoch 055/100: loss=[32m5.818281[0m  ( 11.398s)  train_acc=-0.001587[0m val_acc=0.397102[0m test_acc=0.299585[0m
( 27.148s) Epoch 056/100: loss=[32m5.816351[0m
( 28.301s) Epoch 057/100: loss=5.818626[0m
( 28.217s) Epoch 058/100: loss=[32m5.813396[0m
( 28.248s) Epoch 059/100: loss=5.815647[0m
( 28.213s) Epoch 060/100: loss=[32m5.806880[0m  ( 11.310s)  train_acc=-0.001564[0m val_acc=0.364644[0m test_acc=0.551685[0m
( 27.124s) Epoch 061/100: loss=[32m5.805828[0m
( 28.130s) Epoch 062/100: loss=[32m5.804414[0m
( 28.216s) Epoch 063/100: loss=[32m5.803869[0m
( 28.269s) Epoch 064/100: loss=5.807590[0m
( 28.283s) Epoch 065/100: loss=5.806827[0m  ( 11.217s)  train_acc=-0.001587[0m val_acc=0.130934[0m test_acc=0.722223[0m
( 26.943s) Epoch 066/100: loss=[32m5.802179[0m
( 28.275s) Epoch 067/100: loss=5.802988[0m
( 28.275s) Epoch 068/100: loss=[32m5.796014[0m
( 28.175s) Epoch 069/100: loss=5.797123[0m
( 28.321s) Epoch 070/100: loss=[32m5.794863[0m  ( 11.036s)  train_acc=-0.001571[0m val_acc=0.367216[0m test_acc=0.229732[0m
( 27.192s) Epoch 071/100: loss=[32m5.790868[0m
( 28.196s) Epoch 072/100: loss=5.797336[0m
( 28.273s) Epoch 073/100: loss=5.793579[0m
( 28.376s) Epoch 074/100: loss=[32m5.787091[0m
( 28.243s) Epoch 075/100: loss=[32m5.785431[0m  ( 10.963s)  train_acc=-0.001544[0m val_acc=[32m0.978508[0m test_acc=[32m0.980132[0m
( 27.029s) Epoch 076/100: loss=5.787571[0m
( 28.242s) Epoch 077/100: loss=[32m5.783478[0m
( 28.175s) Epoch 078/100: loss=5.784801[0m
( 28.247s) Epoch 079/100: loss=5.790250[0m
( 28.167s) Epoch 080/100: loss=[32m5.782105[0m  ( 11.107s)  train_acc=-0.001600[0m val_acc=[32m0.981081[0m test_acc=0.509026[0m
( 27.129s) Epoch 081/100: loss=5.787712[0m
( 28.072s) Epoch 082/100: loss=5.785124[0m
( 28.191s) Epoch 083/100: loss=5.785109[0m
( 28.207s) Epoch 084/100: loss=5.786348[0m
( 28.160s) Epoch 085/100: loss=5.786697[0m  ( 11.494s)  train_acc=-0.001527[0m val_acc=0.398947[0m test_acc=0.248554[0m
( 27.028s) Epoch 086/100: loss=5.788878[0m
( 28.244s) Epoch 087/100: loss=5.792263[0m
( 28.191s) Epoch 088/100: loss=5.784098[0m
( 28.168s) Epoch 089/100: loss=5.784986[0m
( 28.228s) Epoch 090/100: loss=5.784142[0m  ( 11.370s)  train_acc=-0.001544[0m val_acc=0.397982[0m test_acc=0.314314[0m
( 27.032s) Epoch 091/100: loss=[32m5.778641[0m
( 28.186s) Epoch 092/100: loss=5.782038[0m
( 28.047s) Epoch 093/100: loss=[32m5.772631[0m
( 28.152s) Epoch 094/100: loss=5.781009[0m
( 28.144s) Epoch 095/100: loss=5.782616[0m  ( 11.591s)  train_acc=-0.001582[0m val_acc=0.396335[0m test_acc=0.310922[0m
( 27.066s) Epoch 096/100: loss=5.778134[0m
( 28.108s) Epoch 097/100: loss=5.783775[0m
( 28.248s) Epoch 098/100: loss=5.776411[0m
( 28.162s) Epoch 099/100: loss=5.783358[0m
( 28.264s) Epoch 100/100: loss=5.777897[0m  (  9.785s)  train_acc=-0.001501[0m val_acc=0.397712[0m test_acc=0.314745[0m
Training for 100 epochs took 2798.636s total and 27.986s average
Saving best model and options to miniImgnet_experiments/CropResize_ColorDistort_runs/run5.pth
