Starting Training on:
Train:  64 classes
Valid:  16 classes
Test:   20 classes
------------------
( 28.531s) Epoch 001/100: loss=[32m6.204066[0m
( 28.194s) Epoch 002/100: loss=[32m6.192014[0m
( 28.281s) Epoch 003/100: loss=[32m6.187587[0m
( 28.274s) Epoch 004/100: loss=6.189056[0m
( 28.322s) Epoch 005/100: loss=[32m6.182764[0m  ( 11.349s)  train_acc=[32m-0.001328[0m val_acc=[32m0.355093[0m test_acc=[32m0.293759[0m
( 27.149s) Epoch 006/100: loss=[32m6.173643[0m
( 28.236s) Epoch 007/100: loss=[32m6.168504[0m
( 28.175s) Epoch 008/100: loss=[32m6.154747[0m
( 28.194s) Epoch 009/100: loss=[32m6.144563[0m
( 28.171s) Epoch 010/100: loss=[32m6.119185[0m  ( 11.247s)  train_acc=-0.001510[0m val_acc=[32m0.393966[0m test_acc=[32m0.312385[0m
( 27.114s) Epoch 011/100: loss=[32m6.105426[0m
( 28.169s) Epoch 012/100: loss=[32m6.084605[0m
( 28.264s) Epoch 013/100: loss=[32m6.070464[0m
( 28.194s) Epoch 014/100: loss=[32m6.059337[0m
( 28.265s) Epoch 015/100: loss=[32m6.050780[0m  ( 11.074s)  train_acc=-0.001517[0m val_acc=0.359467[0m test_acc=0.291061[0m
( 27.062s) Epoch 016/100: loss=[32m6.041494[0m
( 28.301s) Epoch 017/100: loss=[32m6.031388[0m
( 28.246s) Epoch 018/100: loss=[32m6.029070[0m
( 28.278s) Epoch 019/100: loss=[32m6.020813[0m
( 28.240s) Epoch 020/100: loss=[32m6.006830[0m  ( 10.953s)  train_acc=-0.001453[0m val_acc=0.365560[0m test_acc=0.293828[0m
( 27.059s) Epoch 021/100: loss=[32m6.002993[0m
( 28.214s) Epoch 022/100: loss=[32m5.991703[0m
( 28.274s) Epoch 023/100: loss=[32m5.988423[0m
( 28.257s) Epoch 024/100: loss=[32m5.981267[0m
( 28.240s) Epoch 025/100: loss=[32m5.968826[0m  ( 10.930s)  train_acc=-0.001506[0m val_acc=0.364044[0m test_acc=0.293054[0m
( 27.147s) Epoch 026/100: loss=[32m5.954063[0m
( 28.252s) Epoch 027/100: loss=[32m5.946941[0m
( 28.333s) Epoch 028/100: loss=[32m5.939448[0m
( 28.325s) Epoch 029/100: loss=[32m5.926499[0m
( 28.228s) Epoch 030/100: loss=[32m5.922427[0m  ( 11.089s)  train_acc=-0.001563[0m val_acc=0.366019[0m test_acc=0.294297[0m
( 27.080s) Epoch 031/100: loss=[32m5.907305[0m
( 28.252s) Epoch 032/100: loss=[32m5.905475[0m
( 28.263s) Epoch 033/100: loss=[32m5.898662[0m
( 28.345s) Epoch 034/100: loss=[32m5.882515[0m
( 28.310s) Epoch 035/100: loss=[32m5.874259[0m  ( 11.030s)  train_acc=-0.001584[0m val_acc=0.364648[0m test_acc=0.292593[0m
( 27.099s) Epoch 036/100: loss=[32m5.873763[0m
( 28.188s) Epoch 037/100: loss=[32m5.867902[0m
( 28.230s) Epoch 038/100: loss=5.869001[0m
( 28.254s) Epoch 039/100: loss=[32m5.862337[0m
( 28.267s) Epoch 040/100: loss=[32m5.856013[0m  ( 10.831s)  train_acc=-0.001534[0m val_acc=[32m0.397266[0m test_acc=[32m0.313523[0m
( 27.030s) Epoch 041/100: loss=[32m5.851750[0m
( 28.286s) Epoch 042/100: loss=[32m5.845255[0m
( 28.232s) Epoch 043/100: loss=[32m5.844996[0m
( 28.259s) Epoch 044/100: loss=[32m5.838555[0m
( 28.222s) Epoch 045/100: loss=5.843339[0m  ( 11.045s)  train_acc=-0.001582[0m val_acc=0.366490[0m test_acc=0.295057[0m
( 27.165s) Epoch 046/100: loss=[32m5.835654[0m
( 28.262s) Epoch 047/100: loss=[32m5.828889[0m
( 28.237s) Epoch 048/100: loss=5.829324[0m
( 28.328s) Epoch 049/100: loss=5.832578[0m
( 28.351s) Epoch 050/100: loss=[32m5.823767[0m  ( 11.517s)  train_acc=-0.001602[0m val_acc=0.365430[0m test_acc=0.294977[0m
( 27.036s) Epoch 051/100: loss=[32m5.816855[0m
( 28.152s) Epoch 052/100: loss=5.827843[0m
( 28.091s) Epoch 053/100: loss=5.817356[0m
( 28.218s) Epoch 054/100: loss=[32m5.816048[0m
( 28.301s) Epoch 055/100: loss=[32m5.809354[0m  ( 11.274s)  train_acc=-0.001556[0m val_acc=0.395342[0m test_acc=0.313291[0m
( 27.049s) Epoch 056/100: loss=[32m5.807244[0m
( 28.194s) Epoch 057/100: loss=5.810537[0m
( 28.259s) Epoch 058/100: loss=[32m5.807003[0m
( 28.180s) Epoch 059/100: loss=5.809585[0m
( 28.249s) Epoch 060/100: loss=[32m5.805368[0m  ( 11.098s)  train_acc=-0.001466[0m val_acc=0.366374[0m test_acc=0.294857[0m
( 27.127s) Epoch 061/100: loss=[32m5.800788[0m
( 28.224s) Epoch 062/100: loss=5.801867[0m
( 28.267s) Epoch 063/100: loss=[32m5.797946[0m
( 28.274s) Epoch 064/100: loss=5.803317[0m
( 28.163s) Epoch 065/100: loss=5.798623[0m  ( 11.321s)  train_acc=-0.001536[0m val_acc=[32m0.398266[0m test_acc=[32m0.313980[0m
( 27.103s) Epoch 066/100: loss=5.799565[0m
( 28.127s) Epoch 067/100: loss=[32m5.797216[0m
( 28.279s) Epoch 068/100: loss=5.797320[0m
( 28.161s) Epoch 069/100: loss=[32m5.794408[0m
( 28.224s) Epoch 070/100: loss=5.795079[0m  ( 11.401s)  train_acc=-0.001547[0m val_acc=0.366285[0m test_acc=0.295996[0m
( 27.031s) Epoch 071/100: loss=5.797321[0m
( 28.145s) Epoch 072/100: loss=[32m5.787419[0m
( 28.222s) Epoch 073/100: loss=5.789769[0m
( 28.367s) Epoch 074/100: loss=5.795621[0m
( 28.334s) Epoch 075/100: loss=5.793569[0m  ( 11.568s)  train_acc=-0.001622[0m val_acc=0.397718[0m test_acc=[32m0.314537[0m
( 27.002s) Epoch 076/100: loss=5.789604[0m
( 28.338s) Epoch 077/100: loss=[32m5.787040[0m
( 28.198s) Epoch 078/100: loss=5.790829[0m
( 28.200s) Epoch 079/100: loss=5.788743[0m
( 28.278s) Epoch 080/100: loss=5.787773[0m  ( 11.403s)  train_acc=-0.001488[0m val_acc=0.397491[0m test_acc=0.314297[0m
( 27.027s) Epoch 081/100: loss=[32m5.784269[0m
( 28.185s) Epoch 082/100: loss=[32m5.782948[0m
( 28.280s) Epoch 083/100: loss=5.787593[0m
( 28.346s) Epoch 084/100: loss=5.783414[0m
( 28.245s) Epoch 085/100: loss=5.785583[0m  ( 11.542s)  train_acc=-0.001557[0m val_acc=0.396923[0m test_acc=0.313514[0m
( 26.959s) Epoch 086/100: loss=[32m5.778790[0m
( 28.215s) Epoch 087/100: loss=5.781083[0m
( 28.158s) Epoch 088/100: loss=5.782425[0m
( 28.250s) Epoch 089/100: loss=5.783358[0m
( 28.245s) Epoch 090/100: loss=5.788054[0m  ( 11.604s)  train_acc=-0.001550[0m val_acc=0.394738[0m test_acc=0.313837[0m
( 26.999s) Epoch 091/100: loss=[32m5.775921[0m
( 28.151s) Epoch 092/100: loss=5.782189[0m
( 28.248s) Epoch 093/100: loss=5.781226[0m
( 28.231s) Epoch 094/100: loss=5.784644[0m
( 28.299s) Epoch 095/100: loss=5.782979[0m  ( 10.884s)  train_acc=-0.001515[0m val_acc=0.366239[0m test_acc=0.296237[0m
( 27.058s) Epoch 096/100: loss=5.782419[0m
( 28.317s) Epoch 097/100: loss=5.784230[0m
( 28.257s) Epoch 098/100: loss=[32m5.775876[0m
( 28.255s) Epoch 099/100: loss=5.784936[0m
( 28.148s) Epoch 100/100: loss=[32m5.772586[0m  (  9.072s)  train_acc=-0.001519[0m val_acc=0.366053[0m test_acc=0.295744[0m
Training for 100 epochs took 2802.315s total and 28.023s average
Saving best model and options to miniImgnet_experiments/CropResize_ColorDistort_runs/run6.pth
