Starting Training on:
Train:  64 classes
Valid:  16 classes
Test:   20 classes
------------------
( 28.278s) Epoch 001/100: loss=[32m6.198206[0m
( 27.838s) Epoch 002/100: loss=[32m6.183671[0m
( 28.035s) Epoch 003/100: loss=[32m6.176556[0m
( 28.173s) Epoch 004/100: loss=[32m6.171065[0m
( 28.073s) Epoch 005/100: loss=[32m6.167267[0m  ( 11.158s)  train_acc=[32m-0.001324[0m val_acc=[32m0.975910[0m test_acc=[32m0.550690[0m
( 26.921s) Epoch 006/100: loss=[32m6.157392[0m
( 28.047s) Epoch 007/100: loss=[32m6.142753[0m
( 28.076s) Epoch 008/100: loss=[32m6.130021[0m
( 28.112s) Epoch 009/100: loss=[32m6.110942[0m
( 28.050s) Epoch 010/100: loss=[32m6.095315[0m  ( 11.240s)  train_acc=-0.001444[0m val_acc=0.363892[0m test_acc=0.289583[0m
( 26.918s) Epoch 011/100: loss=[32m6.087624[0m
( 27.999s) Epoch 012/100: loss=[32m6.071764[0m
( 28.035s) Epoch 013/100: loss=[32m6.055579[0m
( 28.066s) Epoch 014/100: loss=[32m6.052718[0m
( 28.204s) Epoch 015/100: loss=[32m6.038748[0m  ( 11.466s)  train_acc=-0.001487[0m val_acc=0.395569[0m test_acc=0.245219[0m
( 26.868s) Epoch 016/100: loss=[32m6.031347[0m
( 28.078s) Epoch 017/100: loss=[32m6.029396[0m
( 28.088s) Epoch 018/100: loss=[32m6.022419[0m
( 28.129s) Epoch 019/100: loss=[32m6.014984[0m
( 28.079s) Epoch 020/100: loss=[32m6.013189[0m  ( 11.383s)  train_acc=-0.001428[0m val_acc=0.362944[0m test_acc=0.227142[0m
( 26.943s) Epoch 021/100: loss=[32m6.006011[0m
( 28.052s) Epoch 022/100: loss=[32m5.994608[0m
( 28.027s) Epoch 023/100: loss=[32m5.990531[0m
( 28.036s) Epoch 024/100: loss=[32m5.979875[0m
( 28.059s) Epoch 025/100: loss=[32m5.972972[0m  ( 11.458s)  train_acc=-0.001515[0m val_acc=0.362945[0m test_acc=0.250460[0m
( 26.905s) Epoch 026/100: loss=[32m5.965534[0m
( 27.925s) Epoch 027/100: loss=[32m5.964605[0m
( 28.146s) Epoch 028/100: loss=[32m5.958230[0m
( 28.042s) Epoch 029/100: loss=[32m5.955832[0m
( 28.124s) Epoch 030/100: loss=[32m5.945262[0m  ( 11.575s)  train_acc=-0.001591[0m val_acc=0.362337[0m test_acc=0.286364[0m
( 26.907s) Epoch 031/100: loss=[32m5.944643[0m
( 28.021s) Epoch 032/100: loss=[32m5.936313[0m
( 28.101s) Epoch 033/100: loss=[32m5.936197[0m
( 28.062s) Epoch 034/100: loss=[32m5.929426[0m
( 28.163s) Epoch 035/100: loss=[32m5.920357[0m  ( 11.147s)  train_acc=-0.001570[0m val_acc=0.362054[0m test_acc=0.274774[0m
( 26.864s) Epoch 036/100: loss=[32m5.909129[0m
( 27.909s) Epoch 037/100: loss=5.913638[0m
( 28.099s) Epoch 038/100: loss=[32m5.906057[0m
( 28.146s) Epoch 039/100: loss=[32m5.897791[0m
( 28.166s) Epoch 040/100: loss=5.899109[0m  ( 11.093s)  train_acc=-0.001621[0m val_acc=0.236083[0m test_acc=0.190480[0m
( 26.945s) Epoch 041/100: loss=[32m5.889016[0m
( 28.058s) Epoch 042/100: loss=[32m5.886701[0m
( 28.108s) Epoch 043/100: loss=5.889111[0m
( 28.159s) Epoch 044/100: loss=[32m5.881200[0m
( 28.064s) Epoch 045/100: loss=[32m5.869534[0m  ( 10.884s)  train_acc=-0.001527[0m val_acc=0.269241[0m test_acc=0.220037[0m
( 26.899s) Epoch 046/100: loss=5.869597[0m
( 28.060s) Epoch 047/100: loss=[32m5.869224[0m
( 28.236s) Epoch 048/100: loss=5.870502[0m
( 28.050s) Epoch 049/100: loss=[32m5.863446[0m
( 28.139s) Epoch 050/100: loss=[32m5.861053[0m  ( 11.482s)  train_acc=-0.001611[0m val_acc=0.393673[0m test_acc=0.292427[0m
( 26.916s) Epoch 051/100: loss=[32m5.853218[0m
( 28.058s) Epoch 052/100: loss=5.853371[0m
( 28.186s) Epoch 053/100: loss=[32m5.850500[0m
( 28.138s) Epoch 054/100: loss=[32m5.837105[0m
( 28.166s) Epoch 055/100: loss=5.840853[0m  ( 11.453s)  train_acc=-0.001505[0m val_acc=0.396191[0m test_acc=0.295991[0m
( 26.954s) Epoch 056/100: loss=5.841314[0m
( 28.017s) Epoch 057/100: loss=[32m5.832016[0m
( 28.099s) Epoch 058/100: loss=5.846091[0m
( 28.118s) Epoch 059/100: loss=[32m5.831213[0m
( 28.252s) Epoch 060/100: loss=[32m5.828164[0m  ( 11.212s)  train_acc=-0.001580[0m val_acc=0.396490[0m test_acc=0.272719[0m
( 26.895s) Epoch 061/100: loss=5.834848[0m
( 28.064s) Epoch 062/100: loss=5.828188[0m
( 28.052s) Epoch 063/100: loss=[32m5.823919[0m
( 28.083s) Epoch 064/100: loss=[32m5.819969[0m
( 28.134s) Epoch 065/100: loss=5.827513[0m  ( 11.550s)  train_acc=-0.001538[0m val_acc=0.361955[0m test_acc=0.277113[0m
( 26.917s) Epoch 066/100: loss=5.827514[0m
( 28.040s) Epoch 067/100: loss=[32m5.817581[0m
( 28.088s) Epoch 068/100: loss=5.822074[0m
( 28.138s) Epoch 069/100: loss=5.819205[0m
( 28.141s) Epoch 070/100: loss=5.819803[0m  ( 11.322s)  train_acc=-0.001560[0m val_acc=0.237024[0m test_acc=0.186768[0m
( 26.938s) Epoch 071/100: loss=5.818008[0m
( 28.014s) Epoch 072/100: loss=[32m5.816557[0m
( 28.208s) Epoch 073/100: loss=[32m5.815212[0m
( 28.121s) Epoch 074/100: loss=[32m5.813105[0m
( 28.122s) Epoch 075/100: loss=5.814639[0m  ( 11.406s)  train_acc=-0.001551[0m val_acc=0.365224[0m test_acc=0.273445[0m
( 26.906s) Epoch 076/100: loss=[32m5.812245[0m
( 27.981s) Epoch 077/100: loss=5.814972[0m
( 28.141s) Epoch 078/100: loss=[32m5.811724[0m
( 28.163s) Epoch 079/100: loss=5.817115[0m
( 28.128s) Epoch 080/100: loss=5.812314[0m  ( 11.497s)  train_acc=-0.001586[0m val_acc=0.364876[0m test_acc=0.272346[0m
( 26.935s) Epoch 081/100: loss=5.814906[0m
( 27.992s) Epoch 082/100: loss=5.816748[0m
( 28.089s) Epoch 083/100: loss=5.814657[0m
( 28.101s) Epoch 084/100: loss=5.819117[0m
( 28.068s) Epoch 085/100: loss=[32m5.810461[0m  ( 11.279s)  train_acc=-0.001635[0m val_acc=0.245925[0m test_acc=0.172981[0m
( 26.910s) Epoch 086/100: loss=5.812405[0m
( 28.110s) Epoch 087/100: loss=5.814395[0m
( 28.108s) Epoch 088/100: loss=5.811793[0m
( 28.183s) Epoch 089/100: loss=5.812005[0m
( 28.088s) Epoch 090/100: loss=[32m5.808139[0m  ( 11.571s)  train_acc=-0.001598[0m val_acc=0.361972[0m test_acc=0.273052[0m
( 26.963s) Epoch 091/100: loss=5.812436[0m
( 28.057s) Epoch 092/100: loss=5.809028[0m
( 28.145s) Epoch 093/100: loss=5.811174[0m
( 28.115s) Epoch 094/100: loss=5.814290[0m
( 28.047s) Epoch 095/100: loss=5.814772[0m  ( 11.181s)  train_acc=-0.001571[0m val_acc=0.395875[0m test_acc=0.293298[0m
( 26.854s) Epoch 096/100: loss=5.818936[0m
( 28.116s) Epoch 097/100: loss=5.811298[0m
( 28.116s) Epoch 098/100: loss=5.819135[0m
( 28.158s) Epoch 099/100: loss=5.814878[0m
( 28.164s) Epoch 100/100: loss=[32m5.805570[0m  (  9.520s)  train_acc=-0.001545[0m val_acc=0.397778[0m test_acc=0.293109[0m
Training for 100 epochs took 2786.979s total and 27.870s average
Saving best model and options to miniImgnet_experiments/CropResize_ColorDistort_runs/run7.pth
