(0.032s avg / 319.315s) Using file /home/aditya.bharti/FewShot/ft_10p20e/fc100_round3/CropResize_ColorDistort_runs/run3.pth: 0.28726400000000973
(0.032s avg / 324.980s) Using file /home/aditya.bharti/FewShot/ft_10p20e/fc100_round3/CropResize_ColorDistort_runs/run4.pth: 0.28593200000000923
(0.032s avg / 324.255s) Using file /home/aditya.bharti/FewShot/ft_10p20e/fc100_round3/CropResize_ColorDistort_runs/run1.pth: 0.2616693333333351
(0.033s avg / 327.331s) Using file /home/aditya.bharti/FewShot/ft_10p20e/fc100_round3/CropResize_ColorDistort_runs/run2.pth: 0.27417333333333943
(0.032s avg / 325.028s) Using file /home/aditya.bharti/FewShot/ft_10p20e/fc100_round3/CropResize_GaussBlur_runs/run3.pth: 0.30389066666668274
(0.033s avg / 326.959s) Using file /home/aditya.bharti/FewShot/ft_10p20e/fc100_round3/CropResize_GaussBlur_runs/run4.pth: 0.3088666666666858
(0.032s avg / 324.722s) Using file /home/aditya.bharti/FewShot/ft_10p20e/fc100_round3/CropResize_GaussBlur_runs/run1.pth: 0.3040800000000155
(0.032s avg / 324.012s) Using file /home/aditya.bharti/FewShot/ft_10p20e/fc100_round3/CropResize_GaussBlur_runs/run2.pth: 0.3090613333333519
(0.032s avg / 324.916s) Using file /home/aditya.bharti/FewShot/ft_10p20e/fc100_round3/ColorDistort_GaussBlur_runs/run3.pth: 0.25286800000000115
(0.032s avg / 325.757s) Using file /home/aditya.bharti/FewShot/ft_10p20e/fc100_round3/ColorDistort_GaussBlur_runs/run4.pth: 0.26087600000000105
(0.033s avg / 327.823s) Using file /home/aditya.bharti/FewShot/ft_10p20e/fc100_round3/ColorDistort_GaussBlur_runs/run1.pth: 0.2457199999999976
(0.033s avg / 330.442s) Using file /home/aditya.bharti/FewShot/ft_10p20e/fc100_round3/ColorDistort_GaussBlur_runs/run2.pth: 0.272678666666672
(0.018s avg / 179.649s) Using file /home/aditya.bharti/FewShot/ft_10p20e/cifar100fs_round3/CropResize_ColorDistort_runs/run3.pth: 0.22839200000000207
(0.018s avg / 178.610s) Using file /home/aditya.bharti/FewShot/ft_10p20e/cifar100fs_round3/CropResize_ColorDistort_runs/run4.pth: 0.2419880000000005
(0.018s avg / 178.846s) Using file /home/aditya.bharti/FewShot/ft_10p20e/cifar100fs_round3/CropResize_ColorDistort_runs/run1.pth: 0.23240933333333447
(0.018s avg / 179.554s) Using file /home/aditya.bharti/FewShot/ft_10p20e/cifar100fs_round3/CropResize_ColorDistort_runs/run2.pth: 0.23120133333333248
(0.018s avg / 178.802s) Using file /home/aditya.bharti/FewShot/ft_10p20e/cifar100fs_round3/CropResize_GaussBlur_runs/run3.pth: 0.3473000000000265
(0.019s avg / 181.016s) Using file /home/aditya.bharti/FewShot/ft_10p20e/cifar100fs_round3/CropResize_GaussBlur_runs/run4.pth: 0.3324813333333564
(0.018s avg / 181.526s) Using file /home/aditya.bharti/FewShot/ft_10p20e/cifar100fs_round3/CropResize_GaussBlur_runs/run1.pth: 0.34018533333335654
(0.019s avg / 184.576s) Using file /home/aditya.bharti/FewShot/ft_10p20e/cifar100fs_round3/CropResize_GaussBlur_runs/run2.pth: 0.3555680000000257
(0.018s avg / 182.093s) Using file /home/aditya.bharti/FewShot/ft_10p20e/cifar100fs_round3/ColorDistort_GaussBlur_runs/run3.pth: 0.2528893333333342
(0.019s avg / 185.175s) Using file /home/aditya.bharti/FewShot/ft_10p20e/cifar100fs_round3/ColorDistort_GaussBlur_runs/run4.pth: 0.2611493333333343
(0.017s avg / 180.873s) Using file /home/aditya.bharti/FewShot/ft_10p20e/cifar100fs_round3/ColorDistort_GaussBlur_runs/run1.pth: 0.2707053333333361
(0.018s avg / 177.102s) Using file /home/aditya.bharti/FewShot/ft_10p20e/cifar100fs_round3/ColorDistort_GaussBlur_runs/run2.pth: 0.2536079999999995
(0.032s avg / 321.814s) Using file /home/aditya.bharti/FewShot/ft_10p20e/miniImgnet_round3/CropResize_ColorDistort_runs/run3.pth: 0.236129333333334
(0.033s avg / 327.669s) Using file /home/aditya.bharti/FewShot/ft_10p20e/miniImgnet_round3/CropResize_ColorDistort_runs/run4.pth: 0.2420853333333323
(0.032s avg / 326.082s) Using file /home/aditya.bharti/FewShot/ft_10p20e/miniImgnet_round3/CropResize_ColorDistort_runs/run1.pth: 0.2478040000000008
(0.033s avg / 327.803s) Using file /home/aditya.bharti/FewShot/ft_10p20e/miniImgnet_round3/CropResize_ColorDistort_runs/run2.pth: 0.25030133333333304
(0.033s avg / 326.657s) Using file /home/aditya.bharti/FewShot/ft_10p20e/miniImgnet_round3/CropResize_GaussBlur_runs/run3.pth: 0.2693973333333386
(0.033s avg / 328.314s) Using file /home/aditya.bharti/FewShot/ft_10p20e/miniImgnet_round3/CropResize_GaussBlur_runs/run4.pth: 0.2587253333333351
(0.033s avg / 330.150s) Using file /home/aditya.bharti/FewShot/ft_10p20e/miniImgnet_round3/CropResize_GaussBlur_runs/run1.pth: 0.26604666666666893
(0.033s avg / 328.967s) Using file /home/aditya.bharti/FewShot/ft_10p20e/miniImgnet_round3/CropResize_GaussBlur_runs/run2.pth: 0.26759066666667125
(0.033s avg / 329.893s) Using file /home/aditya.bharti/FewShot/ft_10p20e/miniImgnet_round3/ColorDistort_GaussBlur_runs/run3.pth: 0.23238266666666632
(0.033s avg / 331.756s) Using file /home/aditya.bharti/FewShot/ft_10p20e/miniImgnet_round3/ColorDistort_GaussBlur_runs/run4.pth: 0.22828666666666778
(0.033s avg / 326.826s) Using file /home/aditya.bharti/FewShot/ft_10p20e/miniImgnet_round3/ColorDistort_GaussBlur_runs/run1.pth: 0.22851600000000052
(0.033s avg / 328.942s) Using file /home/aditya.bharti/FewShot/ft_10p20e/miniImgnet_round3/ColorDistort_GaussBlur_runs/run2.pth: 0.22929733333333538
