Namespace(T_max=250, backbone='resnet50', base_learning_rate=0.1, base_optimizer='SGD', batch_size=256, dampening=0.0, data_percent=20, dataset='fc100', dataset_root=None, distributed=True, episode_strat='SimpleShotEpisodes', eval_freq=2000, fine_tune_epochs=20, fine_tune_save_path='ft0.pth', first_augment='ColorDistort', head='SimpleMLP', ipca=False, ipca_dim=128, jitter_strength=1.0, k_shot=5, load_from=None, local_rank=0, log_file=<_io.TextIOWrapper name='/home/aditya.bharti/FewShot/fc100_hyperparam/ColorGauss.out' mode='a' encoding='UTF-8'>, loss_function='NTXent', model='SimCLRModel', momentum=0.9, n_way=5, nesterov=True, ntxent_temp=0.1, num_epochs=500, num_query=15, num_test_tasks=10000, num_workers=4, pin_memory=True, pretrained=False, progress=False, projection_dim=128, save_model=True, save_path='/home/aditya.bharti/FewShot/fc100_hyperparam/ColorGauss.pth', scaler=True, scheduler='CosineAnnealingLR', second_augment='GaussBlur', shuffle=True, simple_opt=True, testing_strat='Classify1NN', use_trainval=True, weight_decay=0.0001)
Starting Training on:
Train:  80 classes
Valid:  20 classes
Test:   20 classes
------------------
( 66.933s) Epoch 001/500: loss=[32m5.877343[0m
( 67.593s) Epoch 002/500: loss=[32m4.861580[0m
( 67.793s) Epoch 003/500: loss=[32m3.558515[0m
( 67.078s) Epoch 004/500: loss=[32m2.034655[0m
( 67.143s) Epoch 005/500: loss=[32m1.261394[0m
( 66.911s) Epoch 006/500: loss=[32m0.871229[0m
( 67.322s) Epoch 007/500: loss=[32m0.584038[0m
( 67.471s) Epoch 008/500: loss=[32m0.464089[0m
( 67.491s) Epoch 009/500: loss=[32m0.357906[0m
( 67.272s) Epoch 010/500: loss=[32m0.274047[0m
( 67.356s) Epoch 011/500: loss=[32m0.229890[0m
( 67.531s) Epoch 012/500: loss=[32m0.210796[0m
( 68.106s) Epoch 013/500: loss=[32m0.190432[0m
( 67.184s) Epoch 014/500: loss=[32m0.181190[0m
( 67.415s) Epoch 015/500: loss=[32m0.164632[0m
( 67.173s) Epoch 016/500: loss=[32m0.162529[0m
( 67.664s) Epoch 017/500: loss=[32m0.148698[0m
( 67.128s) Epoch 018/500: loss=[32m0.147704[0m
( 67.189s) Epoch 019/500: loss=[32m0.139878[0m
( 67.243s) Epoch 020/500: loss=[32m0.138497[0m
( 67.971s) Epoch 021/500: loss=[32m0.134800[0m
( 67.178s) Epoch 022/500: loss=[32m0.129027[0m
( 67.601s) Epoch 023/500: loss=[32m0.122544[0m
( 67.226s) Epoch 024/500: loss=[32m0.119000[0m
( 67.110s) Epoch 025/500: loss=[32m0.117204[0m
( 67.176s) Epoch 026/500: loss=0.119253[0m
( 66.946s) Epoch 027/500: loss=[32m0.110912[0m
( 67.117s) Epoch 028/500: loss=[32m0.099654[0m
( 66.956s) Epoch 029/500: loss=0.105483[0m
( 67.099s) Epoch 030/500: loss=0.110091[0m
( 67.141s) Epoch 031/500: loss=0.100418[0m
( 67.213s) Epoch 032/500: loss=[32m0.098056[0m
( 67.197s) Epoch 033/500: loss=0.099010[0m
( 68.282s) Epoch 034/500: loss=[32m0.096698[0m
( 67.276s) Epoch 035/500: loss=[32m0.095278[0m
( 67.198s) Epoch 036/500: loss=[32m0.092593[0m
( 67.142s) Epoch 037/500: loss=0.096265[0m
( 67.251s) Epoch 038/500: loss=0.097586[0m
( 67.203s) Epoch 039/500: loss=[32m0.092218[0m
( 67.107s) Epoch 040/500: loss=[32m0.090722[0m
( 67.154s) Epoch 041/500: loss=0.091851[0m
( 66.935s) Epoch 042/500: loss=[32m0.088442[0m
( 67.112s) Epoch 043/500: loss=0.088940[0m
( 67.275s) Epoch 044/500: loss=[32m0.088251[0m
( 67.657s) Epoch 045/500: loss=[32m0.085508[0m
( 67.338s) Epoch 046/500: loss=[32m0.081712[0m
( 66.885s) Epoch 047/500: loss=[32m0.079612[0m
( 67.188s) Epoch 048/500: loss=0.082331[0m
( 67.346s) Epoch 049/500: loss=0.086089[0m
( 67.005s) Epoch 050/500: loss=[32m0.079301[0m
( 67.189s) Epoch 051/500: loss=0.079742[0m
( 67.149s) Epoch 052/500: loss=[32m0.079276[0m
( 67.124s) Epoch 053/500: loss=[32m0.077374[0m
( 67.009s) Epoch 054/500: loss=0.078137[0m
( 67.615s) Epoch 055/500: loss=0.077614[0m
( 67.085s) Epoch 056/500: loss=0.077787[0m
( 67.082s) Epoch 057/500: loss=[32m0.077060[0m
( 69.471s) Epoch 058/500: loss=[32m0.075245[0m
( 70.409s) Epoch 059/500: loss=[32m0.075192[0m
( 69.370s) Epoch 060/500: loss=0.075575[0m
( 67.885s) Epoch 061/500: loss=0.079251[0m
( 69.285s) Epoch 062/500: loss=0.078875[0m
( 71.260s) Epoch 063/500: loss=[32m0.071437[0m
( 73.985s) Epoch 064/500: loss=0.073603[0m
( 71.536s) Epoch 065/500: loss=[32m0.071047[0m
( 71.888s) Epoch 066/500: loss=0.078874[0m
( 71.718s) Epoch 067/500: loss=0.071935[0m
( 67.766s) Epoch 068/500: loss=0.071252[0m
( 67.229s) Epoch 069/500: loss=0.072033[0m
( 67.400s) Epoch 070/500: loss=0.073831[0m
( 67.121s) Epoch 071/500: loss=0.071536[0m
( 67.094s) Epoch 072/500: loss=[32m0.070830[0m
( 67.140s) Epoch 073/500: loss=[32m0.069887[0m
( 67.049s) Epoch 074/500: loss=0.071813[0m
( 67.148s) Epoch 075/500: loss=0.070351[0m
( 66.983s) Epoch 076/500: loss=[32m0.069061[0m
( 66.937s) Epoch 077/500: loss=[32m0.068339[0m
( 67.088s) Epoch 078/500: loss=0.069219[0m
( 67.088s) Epoch 079/500: loss=[32m0.066512[0m
( 66.939s) Epoch 080/500: loss=0.067017[0m
( 67.674s) Epoch 081/500: loss=[32m0.066234[0m
( 67.169s) Epoch 082/500: loss=[32m0.065901[0m
( 67.321s) Epoch 083/500: loss=0.067306[0m
( 67.231s) Epoch 084/500: loss=[32m0.065534[0m
( 67.089s) Epoch 085/500: loss=[32m0.062488[0m
( 67.087s) Epoch 086/500: loss=0.066001[0m
( 67.279s) Epoch 087/500: loss=0.072264[0m
( 67.027s) Epoch 088/500: loss=0.065283[0m
( 67.137s) Epoch 089/500: loss=0.065301[0m
( 67.094s) Epoch 090/500: loss=0.065471[0m
( 67.323s) Epoch 091/500: loss=0.064662[0m
( 67.522s) Epoch 092/500: loss=0.066214[0m
( 66.848s) Epoch 093/500: loss=0.064086[0m
( 67.093s) Epoch 094/500: loss=0.065631[0m
( 67.029s) Epoch 095/500: loss=[32m0.061957[0m
( 66.918s) Epoch 096/500: loss=0.066987[0m
( 66.996s) Epoch 097/500: loss=[32m0.061501[0m
( 67.152s) Epoch 098/500: loss=[32m0.058960[0m
( 66.958s) Epoch 099/500: loss=0.060181[0m
( 67.067s) Epoch 100/500: loss=0.061413[0m
( 67.293s) Epoch 101/500: loss=0.065699[0m
( 67.398s) Epoch 102/500: loss=0.065174[0m
( 67.776s) Epoch 103/500: loss=0.063451[0m
( 66.838s) Epoch 104/500: loss=0.059631[0m
( 67.158s) Epoch 105/500: loss=[32m0.056833[0m
( 66.821s) Epoch 106/500: loss=0.057784[0m
( 67.161s) Epoch 107/500: loss=0.063011[0m
( 66.997s) Epoch 108/500: loss=0.063583[0m
( 67.506s) Epoch 109/500: loss=0.060844[0m
( 66.907s) Epoch 110/500: loss=0.061082[0m
( 66.981s) Epoch 111/500: loss=0.060100[0m
( 66.865s) Epoch 112/500: loss=0.060763[0m
( 67.444s) Epoch 113/500: loss=0.059462[0m
( 67.373s) Epoch 114/500: loss=0.060658[0m
( 67.175s) Epoch 115/500: loss=0.057516[0m
( 67.058s) Epoch 116/500: loss=0.056939[0m
( 66.937s) Epoch 117/500: loss=0.060160[0m
( 67.182s) Epoch 118/500: loss=0.060157[0m
( 67.171s) Epoch 119/500: loss=0.059576[0m
( 67.050s) Epoch 120/500: loss=0.057021[0m
( 66.988s) Epoch 121/500: loss=0.058563[0m
( 67.075s) Epoch 122/500: loss=0.056986[0m
( 67.035s) Epoch 123/500: loss=[32m0.055119[0m
( 67.351s) Epoch 124/500: loss=0.058561[0m
( 67.023s) Epoch 125/500: loss=0.060559[0m
( 66.879s) Epoch 126/500: loss=0.056331[0m
( 66.807s) Epoch 127/500: loss=0.058641[0m
( 67.006s) Epoch 128/500: loss=0.058948[0m
( 67.028s) Epoch 129/500: loss=0.058155[0m
( 66.938s) Epoch 130/500: loss=[32m0.054896[0m
( 67.043s) Epoch 131/500: loss=0.056736[0m
( 67.270s) Epoch 132/500: loss=[32m0.053754[0m
( 67.142s) Epoch 133/500: loss=0.055080[0m
( 67.305s) Epoch 134/500: loss=0.058589[0m
( 67.383s) Epoch 135/500: loss=0.059045[0m
( 67.022s) Epoch 136/500: loss=0.054512[0m
( 66.957s) Epoch 137/500: loss=0.056516[0m
( 67.084s) Epoch 138/500: loss=0.055021[0m
( 69.322s) Epoch 139/500: loss=0.056841[0m
( 67.073s) Epoch 140/500: loss=0.055302[0m
( 66.827s) Epoch 141/500: loss=0.057314[0m
( 67.028s) Epoch 142/500: loss=0.054127[0m
( 67.221s) Epoch 143/500: loss=0.057140[0m
( 67.204s) Epoch 144/500: loss=0.058677[0m
( 67.277s) Epoch 145/500: loss=0.054831[0m
( 67.759s) Epoch 146/500: loss=0.054039[0m
( 66.880s) Epoch 147/500: loss=0.055875[0m
( 66.885s) Epoch 148/500: loss=0.054442[0m
( 67.247s) Epoch 149/500: loss=0.054446[0m
( 66.892s) Epoch 150/500: loss=[32m0.052212[0m
( 67.052s) Epoch 151/500: loss=[32m0.052078[0m
( 66.984s) Epoch 152/500: loss=0.055144[0m
( 67.014s) Epoch 153/500: loss=0.053237[0m
( 67.252s) Epoch 154/500: loss=[32m0.051889[0m
( 66.961s) Epoch 155/500: loss=0.052778[0m
( 67.426s) Epoch 156/500: loss=0.057477[0m
( 67.277s) Epoch 157/500: loss=0.054026[0m
( 67.000s) Epoch 158/500: loss=0.055291[0m
( 66.961s) Epoch 159/500: loss=0.053673[0m
( 66.834s) Epoch 160/500: loss=0.054421[0m
( 67.019s) Epoch 161/500: loss=0.053109[0m
( 67.000s) Epoch 162/500: loss=0.056010[0m
( 66.754s) Epoch 163/500: loss=0.052401[0m
( 66.838s) Epoch 164/500: loss=[32m0.051298[0m
( 66.990s) Epoch 165/500: loss=0.052284[0m
( 66.992s) Epoch 166/500: loss=0.052896[0m
( 66.787s) Epoch 167/500: loss=0.051546[0m
( 67.060s) Epoch 168/500: loss=0.052103[0m
( 66.644s) Epoch 169/500: loss=[32m0.051046[0m
( 67.161s) Epoch 170/500: loss=0.053041[0m
( 67.188s) Epoch 171/500: loss=0.052571[0m
( 67.598s) Epoch 172/500: loss=0.053299[0m
( 67.309s) Epoch 173/500: loss=0.052100[0m
( 67.176s) Epoch 174/500: loss=0.051847[0m
( 67.202s) Epoch 175/500: loss=0.054057[0m
( 67.092s) Epoch 176/500: loss=0.051084[0m
( 67.392s) Epoch 177/500: loss=0.054078[0m
( 68.075s) Epoch 178/500: loss=[32m0.048168[0m
( 67.922s) Epoch 179/500: loss=0.052732[0m
( 67.184s) Epoch 180/500: loss=0.049105[0m
( 67.298s) Epoch 181/500: loss=0.049773[0m
( 67.518s) Epoch 182/500: loss=0.051379[0m
( 67.411s) Epoch 183/500: loss=0.052671[0m
( 67.452s) Epoch 184/500: loss=0.050438[0m
( 67.187s) Epoch 185/500: loss=0.051038[0m
( 66.995s) Epoch 186/500: loss=0.052124[0m
( 66.957s) Epoch 187/500: loss=0.050778[0m
( 67.656s) Epoch 188/500: loss=0.051213[0m
( 68.071s) Epoch 189/500: loss=0.048607[0m
( 67.665s) Epoch 190/500: loss=0.052620[0m
( 67.173s) Epoch 191/500: loss=0.048743[0m
( 67.109s) Epoch 192/500: loss=0.049638[0m
( 67.341s) Epoch 193/500: loss=0.050165[0m
( 67.542s) Epoch 194/500: loss=0.049016[0m
( 67.593s) Epoch 195/500: loss=0.049509[0m
( 67.468s) Epoch 196/500: loss=0.049006[0m
( 67.259s) Epoch 197/500: loss=0.049012[0m
( 67.495s) Epoch 198/500: loss=0.050953[0m
( 68.210s) Epoch 199/500: loss=[32m0.047704[0m
( 67.347s) Epoch 200/500: loss=0.048895[0m
( 67.296s) Epoch 201/500: loss=0.049666[0m
( 67.180s) Epoch 202/500: loss=0.050870[0m
( 67.093s) Epoch 203/500: loss=0.052440[0m
( 67.362s) Epoch 204/500: loss=0.048749[0m
( 67.791s) Epoch 205/500: loss=0.048468[0m
( 67.538s) Epoch 206/500: loss=0.049072[0m
( 67.472s) Epoch 207/500: loss=0.048919[0m
( 67.673s) Epoch 208/500: loss=0.050142[0m
( 68.579s) Epoch 209/500: loss=0.049065[0m
( 67.553s) Epoch 210/500: loss=0.050301[0m
( 67.608s) Epoch 211/500: loss=0.050146[0m
( 67.364s) Epoch 212/500: loss=0.049342[0m
( 67.443s) Epoch 213/500: loss=0.049594[0m
( 67.469s) Epoch 214/500: loss=[32m0.047673[0m
( 67.262s) Epoch 215/500: loss=0.050271[0m
( 67.586s) Epoch 216/500: loss=0.048374[0m
( 67.380s) Epoch 217/500: loss=0.051390[0m
( 67.715s) Epoch 218/500: loss=0.050904[0m
( 68.467s) Epoch 219/500: loss=0.048263[0m
( 67.555s) Epoch 220/500: loss=0.048604[0m
( 67.372s) Epoch 221/500: loss=0.048413[0m
( 67.100s) Epoch 222/500: loss=0.049010[0m
( 67.245s) Epoch 223/500: loss=0.048776[0m
( 67.462s) Epoch 224/500: loss=[32m0.047377[0m
( 67.501s) Epoch 225/500: loss=0.048590[0m
( 67.450s) Epoch 226/500: loss=[32m0.046853[0m
( 67.380s) Epoch 227/500: loss=0.049907[0m
( 67.329s) Epoch 228/500: loss=0.048259[0m
( 68.581s) Epoch 229/500: loss=0.047456[0m
( 67.710s) Epoch 230/500: loss=0.047923[0m
( 67.716s) Epoch 231/500: loss=0.047731[0m
( 67.654s) Epoch 232/500: loss=0.049021[0m
( 67.342s) Epoch 233/500: loss=0.047439[0m
( 67.355s) Epoch 234/500: loss=0.047639[0m
( 67.483s) Epoch 235/500: loss=0.049802[0m
( 67.398s) Epoch 236/500: loss=0.051079[0m
( 67.359s) Epoch 237/500: loss=0.047749[0m
( 67.421s) Epoch 238/500: loss=0.047223[0m
( 68.788s) Epoch 239/500: loss=0.047344[0m
( 67.403s) Epoch 240/500: loss=0.047793[0m
( 67.363s) Epoch 241/500: loss=0.049841[0m
( 67.373s) Epoch 242/500: loss=0.049502[0m
( 67.211s) Epoch 243/500: loss=0.047483[0m
( 67.095s) Epoch 244/500: loss=0.049786[0m
( 67.230s) Epoch 245/500: loss=0.048763[0m
( 67.324s) Epoch 246/500: loss=[32m0.046152[0m
( 67.222s) Epoch 247/500: loss=0.048860[0m
( 67.433s) Epoch 248/500: loss=0.049216[0m
( 68.301s) Epoch 249/500: loss=0.046757[0m
( 67.873s) Epoch 250/500: loss=0.047583[0m
( 67.365s) Epoch 251/500: loss=0.048222[0m
( 67.401s) Epoch 252/500: loss=0.048385[0m
( 67.003s) Epoch 253/500: loss=0.047691[0m
( 66.913s) Epoch 254/500: loss=[32m0.044811[0m
( 66.806s) Epoch 255/500: loss=0.046710[0m
( 66.891s) Epoch 256/500: loss=0.051156[0m
( 66.733s) Epoch 257/500: loss=0.048754[0m
( 66.631s) Epoch 258/500: loss=0.048812[0m
( 66.940s) Epoch 259/500: loss=0.048528[0m
( 67.518s) Epoch 260/500: loss=0.049557[0m
( 66.688s) Epoch 261/500: loss=0.050223[0m
( 66.805s) Epoch 262/500: loss=0.049433[0m
( 66.916s) Epoch 263/500: loss=0.047011[0m
( 66.822s) Epoch 264/500: loss=0.047466[0m
( 66.831s) Epoch 265/500: loss=0.047815[0m
( 67.135s) Epoch 266/500: loss=0.047542[0m
( 66.917s) Epoch 267/500: loss=0.049251[0m
( 67.185s) Epoch 268/500: loss=0.049289[0m
( 66.928s) Epoch 269/500: loss=0.048855[0m
( 67.208s) Epoch 270/500: loss=0.047823[0m
( 67.880s) Epoch 271/500: loss=0.049291[0m
( 66.772s) Epoch 272/500: loss=0.046628[0m
( 67.132s) Epoch 273/500: loss=0.048320[0m
( 67.162s) Epoch 274/500: loss=0.048785[0m
( 66.967s) Epoch 275/500: loss=0.047762[0m
( 66.970s) Epoch 276/500: loss=0.047932[0m
( 66.929s) Epoch 277/500: loss=0.049628[0m
( 66.810s) Epoch 278/500: loss=0.046873[0m
( 66.705s) Epoch 279/500: loss=0.047588[0m
( 67.002s) Epoch 280/500: loss=0.050144[0m
( 66.708s) Epoch 281/500: loss=0.047829[0m
( 67.279s) Epoch 282/500: loss=0.049831[0m
( 67.283s) Epoch 283/500: loss=0.048781[0m
( 66.908s) Epoch 284/500: loss=0.050955[0m
( 66.887s) Epoch 285/500: loss=0.050124[0m
( 66.952s) Epoch 286/500: loss=0.048788[0m
( 66.917s) Epoch 287/500: loss=0.050171[0m
( 66.852s) Epoch 288/500: loss=0.048882[0m
( 67.160s) Epoch 289/500: loss=0.049475[0m
( 66.579s) Epoch 290/500: loss=0.047351[0m
( 67.131s) Epoch 291/500: loss=0.049804[0m
( 66.824s) Epoch 292/500: loss=0.050979[0m
( 67.423s) Epoch 293/500: loss=0.048047[0m
( 67.004s) Epoch 294/500: loss=0.046654[0m
( 67.093s) Epoch 295/500: loss=0.047419[0m
( 66.970s) Epoch 296/500: loss=0.047818[0m
( 66.797s) Epoch 297/500: loss=0.048647[0m
( 67.084s) Epoch 298/500: loss=0.050236[0m
( 67.245s) Epoch 299/500: loss=0.048325[0m
( 66.982s) Epoch 300/500: loss=0.047787[0m
( 66.685s) Epoch 301/500: loss=0.047669[0m
( 67.131s) Epoch 302/500: loss=0.049273[0m
( 67.076s) Epoch 303/500: loss=0.048334[0m
( 67.373s) Epoch 304/500: loss=0.048732[0m
( 67.249s) Epoch 305/500: loss=0.052729[0m
( 67.087s) Epoch 306/500: loss=0.048583[0m
( 67.097s) Epoch 307/500: loss=0.051177[0m
( 66.935s) Epoch 308/500: loss=0.047154[0m
( 67.051s) Epoch 309/500: loss=0.047747[0m
( 67.163s) Epoch 310/500: loss=0.049820[0m
( 67.054s) Epoch 311/500: loss=0.051156[0m
( 66.966s) Epoch 312/500: loss=0.049254[0m
( 66.988s) Epoch 313/500: loss=0.048380[0m
( 67.367s) Epoch 314/500: loss=0.049428[0m
( 67.649s) Epoch 315/500: loss=0.047087[0m
( 67.004s) Epoch 316/500: loss=0.048330[0m
( 66.817s) Epoch 317/500: loss=0.049895[0m
( 67.053s) Epoch 318/500: loss=0.047669[0m
( 66.908s) Epoch 319/500: loss=0.048062[0m
( 66.719s) Epoch 320/500: loss=0.051160[0m
( 66.877s) Epoch 321/500: loss=0.048204[0m
( 66.871s) Epoch 322/500: loss=0.051593[0m
( 66.832s) Epoch 323/500: loss=0.049695[0m
( 66.908s) Epoch 324/500: loss=0.051216[0m
( 66.888s) Epoch 325/500: loss=0.047251[0m
( 67.521s) Epoch 326/500: loss=0.048518[0m
( 66.852s) Epoch 327/500: loss=0.049540[0m
( 66.903s) Epoch 328/500: loss=0.048249[0m
( 66.814s) Epoch 329/500: loss=0.047744[0m
( 66.634s) Epoch 330/500: loss=0.048167[0m
( 66.626s) Epoch 331/500: loss=0.047508[0m
( 66.858s) Epoch 332/500: loss=0.048735[0m
( 66.538s) Epoch 333/500: loss=0.046451[0m
( 66.818s) Epoch 334/500: loss=0.047278[0m
( 66.764s) Epoch 335/500: loss=0.051483[0m
( 66.718s) Epoch 336/500: loss=0.049755[0m
( 67.340s) Epoch 337/500: loss=0.050502[0m
( 66.929s) Epoch 338/500: loss=0.050033[0m
( 66.820s) Epoch 339/500: loss=0.048863[0m
( 66.927s) Epoch 340/500: loss=0.048562[0m
( 66.884s) Epoch 341/500: loss=0.048974[0m
( 66.822s) Epoch 342/500: loss=0.050791[0m
( 66.849s) Epoch 343/500: loss=0.050484[0m
( 66.817s) Epoch 344/500: loss=0.048855[0m
( 66.903s) Epoch 345/500: loss=0.050215[0m
( 66.951s) Epoch 346/500: loss=0.050177[0m
( 66.956s) Epoch 347/500: loss=0.050129[0m
( 66.833s) Epoch 348/500: loss=0.050119[0m
( 67.464s) Epoch 349/500: loss=0.048696[0m
( 67.131s) Epoch 350/500: loss=0.049394[0m
( 66.877s) Epoch 351/500: loss=0.052645[0m
( 66.947s) Epoch 352/500: loss=0.050733[0m
( 66.843s) Epoch 353/500: loss=0.048448[0m
( 66.812s) Epoch 354/500: loss=0.047405[0m
( 67.011s) Epoch 355/500: loss=0.052270[0m
( 66.703s) Epoch 356/500: loss=0.051087[0m
( 66.918s) Epoch 357/500: loss=0.048839[0m
( 66.956s) Epoch 358/500: loss=0.051327[0m
( 66.974s) Epoch 359/500: loss=0.051546[0m
( 67.695s) Epoch 360/500: loss=0.049137[0m
( 67.037s) Epoch 361/500: loss=0.049714[0m
( 66.779s) Epoch 362/500: loss=0.049953[0m
( 66.972s) Epoch 363/500: loss=0.051910[0m
( 66.970s) Epoch 364/500: loss=0.052369[0m
( 66.796s) Epoch 365/500: loss=0.051464[0m
( 67.238s) Epoch 366/500: loss=0.050568[0m
( 67.019s) Epoch 367/500: loss=0.052579[0m
( 66.845s) Epoch 368/500: loss=0.051171[0m
( 66.853s) Epoch 369/500: loss=0.049699[0m
( 67.094s) Epoch 370/500: loss=0.049989[0m
( 67.675s) Epoch 371/500: loss=0.049382[0m
( 66.881s) Epoch 372/500: loss=0.052151[0m
( 67.019s) Epoch 373/500: loss=0.047073[0m
( 66.925s) Epoch 374/500: loss=0.050249[0m
( 66.833s) Epoch 375/500: loss=0.052348[0m
( 66.935s) Epoch 376/500: loss=0.051667[0m
( 66.824s) Epoch 377/500: loss=0.052585[0m
( 67.247s) Epoch 378/500: loss=0.055052[0m
( 67.058s) Epoch 379/500: loss=0.052682[0m
( 67.157s) Epoch 380/500: loss=0.050590[0m
( 67.133s) Epoch 381/500: loss=0.051065[0m
( 67.640s) Epoch 382/500: loss=0.051718[0m
( 66.946s) Epoch 383/500: loss=0.054071[0m
( 67.303s) Epoch 384/500: loss=0.051766[0m
( 67.013s) Epoch 385/500: loss=0.053101[0m
( 67.005s) Epoch 386/500: loss=0.052092[0m
( 66.572s) Epoch 387/500: loss=0.052450[0m
( 67.157s) Epoch 388/500: loss=0.050469[0m
( 66.878s) Epoch 389/500: loss=0.052935[0m
( 66.868s) Epoch 390/500: loss=0.049860[0m
( 66.794s) Epoch 391/500: loss=0.052722[0m
( 67.123s) Epoch 392/500: loss=0.051989[0m
( 67.196s) Epoch 393/500: loss=0.053009[0m
( 66.783s) Epoch 394/500: loss=0.054847[0m
( 66.630s) Epoch 395/500: loss=0.052312[0m
( 67.113s) Epoch 396/500: loss=0.054635[0m
( 67.063s) Epoch 397/500: loss=0.052939[0m
( 67.079s) Epoch 398/500: loss=0.055282[0m
( 66.947s) Epoch 399/500: loss=0.054180[0m
( 66.804s) Epoch 400/500: loss=0.053542[0m
( 66.966s) Epoch 401/500: loss=0.053335[0m
( 67.120s) Epoch 402/500: loss=0.051738[0m
( 66.929s) Epoch 403/500: loss=0.051281[0m
( 67.594s) Epoch 404/500: loss=0.052486[0m
( 66.724s) Epoch 405/500: loss=0.050212[0m
( 66.933s) Epoch 406/500: loss=0.052132[0m
( 67.033s) Epoch 407/500: loss=0.052988[0m
( 66.795s) Epoch 408/500: loss=0.054741[0m
( 66.622s) Epoch 409/500: loss=0.053479[0m
( 66.599s) Epoch 410/500: loss=0.052434[0m
( 66.507s) Epoch 411/500: loss=0.051120[0m
( 66.592s) Epoch 412/500: loss=0.050895[0m
( 66.624s) Epoch 413/500: loss=0.053074[0m
( 66.770s) Epoch 414/500: loss=0.053514[0m
( 67.129s) Epoch 415/500: loss=0.050936[0m
( 67.019s) Epoch 416/500: loss=0.054504[0m
( 66.724s) Epoch 417/500: loss=0.054796[0m
( 66.617s) Epoch 418/500: loss=0.052647[0m
( 66.483s) Epoch 419/500: loss=0.051918[0m
( 66.850s) Epoch 420/500: loss=0.052693[0m
( 66.725s) Epoch 421/500: loss=0.052438[0m
( 66.663s) Epoch 422/500: loss=0.053869[0m
( 66.721s) Epoch 423/500: loss=0.050508[0m
( 66.942s) Epoch 424/500: loss=0.052116[0m
( 66.604s) Epoch 425/500: loss=0.052973[0m
( 66.789s) Epoch 426/500: loss=0.053230[0m
( 66.881s) Epoch 427/500: loss=0.055782[0m
( 66.506s) Epoch 428/500: loss=0.055086[0m
( 66.758s) Epoch 429/500: loss=0.055187[0m
( 66.486s) Epoch 430/500: loss=0.054604[0m
( 66.362s) Epoch 431/500: loss=0.056852[0m
( 66.468s) Epoch 432/500: loss=0.057279[0m
( 66.434s) Epoch 433/500: loss=0.053439[0m
( 66.615s) Epoch 434/500: loss=0.053119[0m
( 66.438s) Epoch 435/500: loss=0.055221[0m
( 66.770s) Epoch 436/500: loss=0.056602[0m
( 66.468s) Epoch 437/500: loss=0.055291[0m
( 66.867s) Epoch 438/500: loss=0.050569[0m
( 67.287s) Epoch 439/500: loss=0.055426[0m
( 66.540s) Epoch 440/500: loss=0.054732[0m
( 66.959s) Epoch 441/500: loss=0.052226[0m
( 66.890s) Epoch 442/500: loss=0.051632[0m
( 66.670s) Epoch 443/500: loss=0.054031[0m
( 66.862s) Epoch 444/500: loss=0.052661[0m
( 66.777s) Epoch 445/500: loss=0.051011[0m
( 66.520s) Epoch 446/500: loss=0.050536[0m
( 66.439s) Epoch 447/500: loss=0.051659[0m
( 66.543s) Epoch 448/500: loss=0.053662[0m
( 66.761s) Epoch 449/500: loss=0.053443[0m
( 67.089s) Epoch 450/500: loss=0.051819[0m
( 66.900s) Epoch 451/500: loss=0.050352[0m
( 66.489s) Epoch 452/500: loss=0.052672[0m
( 66.423s) Epoch 453/500: loss=0.053347[0m
( 66.752s) Epoch 454/500: loss=0.052444[0m
( 66.771s) Epoch 455/500: loss=0.051977[0m
( 66.701s) Epoch 456/500: loss=0.051383[0m
( 66.938s) Epoch 457/500: loss=0.052125[0m
( 66.758s) Epoch 458/500: loss=0.053779[0m
( 66.655s) Epoch 459/500: loss=0.052390[0m
( 66.658s) Epoch 460/500: loss=0.054150[0m
( 66.700s) Epoch 461/500: loss=0.053362[0m
( 67.147s) Epoch 462/500: loss=0.054613[0m
( 68.452s) Epoch 463/500: loss=0.054470[0m
( 66.775s) Epoch 464/500: loss=0.056567[0m
( 66.670s) Epoch 465/500: loss=0.054653[0m
( 66.634s) Epoch 466/500: loss=0.056384[0m
( 66.621s) Epoch 467/500: loss=0.052732[0m
( 66.627s) Epoch 468/500: loss=0.054141[0m
( 66.536s) Epoch 469/500: loss=0.050983[0m
( 67.050s) Epoch 470/500: loss=0.054220[0m
( 66.564s) Epoch 471/500: loss=0.054905[0m
( 66.683s) Epoch 472/500: loss=0.052772[0m
( 67.134s) Epoch 473/500: loss=0.053620[0m
( 66.950s) Epoch 474/500: loss=0.049601[0m
( 66.784s) Epoch 475/500: loss=0.054141[0m
( 66.749s) Epoch 476/500: loss=0.054078[0m
( 66.683s) Epoch 477/500: loss=0.053164[0m
( 67.313s) Epoch 478/500: loss=0.051959[0m
( 66.631s) Epoch 479/500: loss=0.051364[0m
( 66.833s) Epoch 480/500: loss=0.053208[0m
( 66.398s) Epoch 481/500: loss=0.053375[0m
( 66.879s) Epoch 482/500: loss=0.051188[0m
( 66.560s) Epoch 483/500: loss=0.053860[0m
( 67.048s) Epoch 484/500: loss=0.052319[0m
( 67.313s) Epoch 485/500: loss=0.057627[0m
( 66.912s) Epoch 486/500: loss=0.055508[0m
( 67.038s) Epoch 487/500: loss=0.053464[0m
( 67.107s) Epoch 488/500: loss=0.056474[0m
( 66.778s) Epoch 489/500: loss=0.052384[0m
( 67.014s) Epoch 490/500: loss=0.052114[0m
( 66.862s) Epoch 491/500: loss=0.053835[0m
( 66.469s) Epoch 492/500: loss=0.052259[0m
( 66.743s) Epoch 493/500: loss=0.052761[0m
( 66.580s) Epoch 494/500: loss=0.051118[0m
( 66.608s) Epoch 495/500: loss=0.053941[0m
( 67.338s) Epoch 496/500: loss=0.053360[0m
( 66.642s) Epoch 497/500: loss=0.050108[0m
( 66.793s) Epoch 498/500: loss=0.049793[0m
( 66.995s) Epoch 499/500: loss=0.051237[0m
( 66.837s) Epoch 500/500: loss=0.048659[0m
Training for 500 epochs took 33582.487s total and 67.165s average
Calculating mean of transformed dataset using the best model state ... 8.824s
Saving best model and options to /home/aditya.bharti/FewShot/fc100_hyperparam/ColorGauss.pth
