Namespace(T_max=250, backbone='resnet50', base_learning_rate=0.1, base_optimizer='SGD', batch_size=256, dampening=0.0, data_percent=20, dataset='fc100', dataset_root=None, distributed=True, episode_strat='SimpleShotEpisodes', eval_freq=2000, fine_tune_epochs=20, fine_tune_save_path='ft0.pth', first_augment='CropResize', head='SimpleMLP', ipca=False, ipca_dim=128, jitter_strength=1.0, k_shot=5, load_from=None, local_rank=0, log_file=<_io.TextIOWrapper name='/home/aditya.bharti/FewShot/fc100_hyperparam/CropColor.out' mode='a' encoding='UTF-8'>, loss_function='NTXent', model='SimCLRModel', momentum=0.9, n_way=5, nesterov=True, ntxent_temp=0.1, num_epochs=500, num_query=15, num_test_tasks=10000, num_workers=4, pin_memory=True, pretrained=False, progress=False, projection_dim=128, save_model=True, save_path='/home/aditya.bharti/FewShot/fc100_hyperparam/CropColor.pth', scaler=True, scheduler='CosineAnnealingLR', second_augment='ColorDistort', shuffle=True, simple_opt=True, testing_strat='Classify1NN', use_trainval=True, weight_decay=0.0001)
Starting Training on:
Train:  80 classes
Valid:  20 classes
Test:   20 classes
------------------
( 55.689s) Epoch 001/500: loss=[32m6.234886[0m
( 55.130s) Epoch 002/500: loss=[32m6.233501[0m
( 55.140s) Epoch 003/500: loss=[32m6.233495[0m
( 55.063s) Epoch 004/500: loss=[32m6.233488[0m
( 55.133s) Epoch 005/500: loss=[32m6.233475[0m
( 55.098s) Epoch 006/500: loss=[32m6.233456[0m
( 55.135s) Epoch 007/500: loss=[32m6.233424[0m
( 55.038s) Epoch 008/500: loss=[32m6.233331[0m
( 55.080s) Epoch 009/500: loss=[32m6.233018[0m
( 55.111s) Epoch 010/500: loss=[32m6.221179[0m
( 55.036s) Epoch 011/500: loss=[32m5.994049[0m
( 54.976s) Epoch 012/500: loss=[32m5.822248[0m
( 55.055s) Epoch 013/500: loss=[32m5.783968[0m
( 55.080s) Epoch 014/500: loss=[32m5.734118[0m
( 55.133s) Epoch 015/500: loss=[32m5.457113[0m
( 55.203s) Epoch 016/500: loss=[32m5.317459[0m
( 55.141s) Epoch 017/500: loss=[32m5.245219[0m
( 55.127s) Epoch 018/500: loss=[32m5.156165[0m
( 55.166s) Epoch 019/500: loss=[32m4.924097[0m
( 55.131s) Epoch 020/500: loss=[32m4.728456[0m
( 55.161s) Epoch 021/500: loss=[32m4.623022[0m
( 55.120s) Epoch 022/500: loss=[32m4.362460[0m
( 55.092s) Epoch 023/500: loss=[32m4.194853[0m
( 55.239s) Epoch 024/500: loss=[32m4.050203[0m
( 55.249s) Epoch 025/500: loss=[32m3.889395[0m
( 55.263s) Epoch 026/500: loss=[32m3.707858[0m
( 55.242s) Epoch 027/500: loss=[32m3.361169[0m
( 55.222s) Epoch 028/500: loss=[32m3.004869[0m
( 55.100s) Epoch 029/500: loss=[32m2.584878[0m
( 55.367s) Epoch 030/500: loss=[32m2.323631[0m
( 55.278s) Epoch 031/500: loss=[32m2.137800[0m
( 55.274s) Epoch 032/500: loss=[32m1.989586[0m
( 55.199s) Epoch 033/500: loss=[32m1.908904[0m
( 55.169s) Epoch 034/500: loss=[32m1.769513[0m
( 55.170s) Epoch 035/500: loss=[32m1.607145[0m
( 55.226s) Epoch 036/500: loss=1.643550[0m
( 55.013s) Epoch 037/500: loss=[32m1.498807[0m
( 55.124s) Epoch 038/500: loss=[32m1.416418[0m
( 55.063s) Epoch 039/500: loss=[32m1.359904[0m
( 55.107s) Epoch 040/500: loss=[32m1.299928[0m
( 55.239s) Epoch 041/500: loss=[32m1.265596[0m
( 55.126s) Epoch 042/500: loss=[32m1.214981[0m
( 55.042s) Epoch 043/500: loss=[32m1.205417[0m
( 55.214s) Epoch 044/500: loss=[32m1.151526[0m
( 55.019s) Epoch 045/500: loss=[32m1.134506[0m
( 55.311s) Epoch 046/500: loss=[32m1.083117[0m
( 55.150s) Epoch 047/500: loss=1.084898[0m
( 55.136s) Epoch 048/500: loss=1.109158[0m
( 55.096s) Epoch 049/500: loss=[32m1.040299[0m
( 55.107s) Epoch 050/500: loss=[32m1.039700[0m
( 55.187s) Epoch 051/500: loss=[32m1.004859[0m
( 55.116s) Epoch 052/500: loss=[32m0.988958[0m
( 55.136s) Epoch 053/500: loss=1.008849[0m
( 55.051s) Epoch 054/500: loss=[32m0.955294[0m
( 55.102s) Epoch 055/500: loss=[32m0.931095[0m
( 55.049s) Epoch 056/500: loss=0.932128[0m
( 55.170s) Epoch 057/500: loss=[32m0.922778[0m
( 55.102s) Epoch 058/500: loss=[32m0.889896[0m
( 55.110s) Epoch 059/500: loss=0.897375[0m
( 55.142s) Epoch 060/500: loss=[32m0.878293[0m
( 55.248s) Epoch 061/500: loss=0.883590[0m
( 55.048s) Epoch 062/500: loss=[32m0.858074[0m
( 55.206s) Epoch 063/500: loss=[32m0.852726[0m
( 55.006s) Epoch 064/500: loss=[32m0.850418[0m
( 55.075s) Epoch 065/500: loss=[32m0.833743[0m
( 55.101s) Epoch 066/500: loss=0.837673[0m
( 55.171s) Epoch 067/500: loss=[32m0.828536[0m
( 55.242s) Epoch 068/500: loss=[32m0.817480[0m
( 55.052s) Epoch 069/500: loss=[32m0.809054[0m
( 55.102s) Epoch 070/500: loss=0.809630[0m
( 55.131s) Epoch 071/500: loss=0.837129[0m
( 55.154s) Epoch 072/500: loss=[32m0.793690[0m
( 55.374s) Epoch 073/500: loss=0.796674[0m
( 55.120s) Epoch 074/500: loss=[32m0.773096[0m
( 55.130s) Epoch 075/500: loss=[32m0.768895[0m
( 55.178s) Epoch 076/500: loss=[32m0.768587[0m
( 55.092s) Epoch 077/500: loss=[32m0.755102[0m
( 55.211s) Epoch 078/500: loss=0.765583[0m
( 55.037s) Epoch 079/500: loss=[32m0.747541[0m
( 55.176s) Epoch 080/500: loss=[32m0.736203[0m
( 55.107s) Epoch 081/500: loss=0.738808[0m
( 55.119s) Epoch 082/500: loss=0.738615[0m
( 55.258s) Epoch 083/500: loss=[32m0.734677[0m
( 55.312s) Epoch 084/500: loss=[32m0.718424[0m
( 55.126s) Epoch 085/500: loss=0.720401[0m
( 55.297s) Epoch 086/500: loss=[32m0.709324[0m
( 55.282s) Epoch 087/500: loss=[32m0.708592[0m
( 55.169s) Epoch 088/500: loss=0.712175[0m
( 55.215s) Epoch 089/500: loss=[32m0.706347[0m
( 55.207s) Epoch 090/500: loss=[32m0.699722[0m
( 55.183s) Epoch 091/500: loss=[32m0.682291[0m
( 55.188s) Epoch 092/500: loss=0.684427[0m
( 55.187s) Epoch 093/500: loss=0.692477[0m
( 55.339s) Epoch 094/500: loss=0.689069[0m
( 55.220s) Epoch 095/500: loss=[32m0.675142[0m
( 55.300s) Epoch 096/500: loss=[32m0.668035[0m
( 55.279s) Epoch 097/500: loss=[32m0.660793[0m
( 55.299s) Epoch 098/500: loss=[32m0.655675[0m
( 55.286s) Epoch 099/500: loss=[32m0.639722[0m
( 55.231s) Epoch 100/500: loss=0.661878[0m
( 55.293s) Epoch 101/500: loss=0.651474[0m
( 55.260s) Epoch 102/500: loss=[32m0.633612[0m
( 55.228s) Epoch 103/500: loss=[32m0.632431[0m
( 55.334s) Epoch 104/500: loss=[32m0.623818[0m
( 55.369s) Epoch 105/500: loss=0.635468[0m
( 55.259s) Epoch 106/500: loss=0.650722[0m
( 55.306s) Epoch 107/500: loss=[32m0.617795[0m
( 55.356s) Epoch 108/500: loss=0.641577[0m
( 55.298s) Epoch 109/500: loss=0.622930[0m
( 55.252s) Epoch 110/500: loss=[32m0.614514[0m
( 55.571s) Epoch 111/500: loss=[32m0.611371[0m
( 55.289s) Epoch 112/500: loss=0.614084[0m
( 55.136s) Epoch 113/500: loss=[32m0.610251[0m
( 55.206s) Epoch 114/500: loss=[32m0.601093[0m
( 55.230s) Epoch 115/500: loss=[32m0.591563[0m
( 55.247s) Epoch 116/500: loss=[32m0.587398[0m
( 55.170s) Epoch 117/500: loss=[32m0.584344[0m
( 55.102s) Epoch 118/500: loss=[32m0.581643[0m
( 55.179s) Epoch 119/500: loss=0.602892[0m
( 55.083s) Epoch 120/500: loss=0.608150[0m
( 55.264s) Epoch 121/500: loss=[32m0.569976[0m
( 55.095s) Epoch 122/500: loss=0.572366[0m
( 55.180s) Epoch 123/500: loss=0.576614[0m
( 55.055s) Epoch 124/500: loss=0.575141[0m
( 55.137s) Epoch 125/500: loss=[32m0.567991[0m
( 55.257s) Epoch 126/500: loss=[32m0.561423[0m
( 55.226s) Epoch 127/500: loss=[32m0.558691[0m
( 55.223s) Epoch 128/500: loss=[32m0.550801[0m
( 55.054s) Epoch 129/500: loss=0.553911[0m
( 55.068s) Epoch 130/500: loss=0.553643[0m
( 55.138s) Epoch 131/500: loss=0.551605[0m
( 55.268s) Epoch 132/500: loss=[32m0.544955[0m
( 55.372s) Epoch 133/500: loss=0.547646[0m
( 55.250s) Epoch 134/500: loss=0.548155[0m
( 55.308s) Epoch 135/500: loss=[32m0.537339[0m
( 55.228s) Epoch 136/500: loss=[32m0.530160[0m
( 55.133s) Epoch 137/500: loss=0.544795[0m
( 55.240s) Epoch 138/500: loss=0.536700[0m
( 55.152s) Epoch 139/500: loss=[32m0.524762[0m
( 55.096s) Epoch 140/500: loss=0.536268[0m
( 55.262s) Epoch 141/500: loss=0.526260[0m
( 55.231s) Epoch 142/500: loss=0.539836[0m
( 55.191s) Epoch 143/500: loss=[32m0.513223[0m
( 55.190s) Epoch 144/500: loss=0.522754[0m
( 55.257s) Epoch 145/500: loss=0.519897[0m
( 55.150s) Epoch 146/500: loss=0.521648[0m
( 55.127s) Epoch 147/500: loss=[32m0.510793[0m
( 55.141s) Epoch 148/500: loss=0.514467[0m
( 55.286s) Epoch 149/500: loss=[32m0.503585[0m
( 55.163s) Epoch 150/500: loss=0.514054[0m
( 55.147s) Epoch 151/500: loss=[32m0.501052[0m
( 55.211s) Epoch 152/500: loss=0.509120[0m
( 55.231s) Epoch 153/500: loss=0.510586[0m
( 55.271s) Epoch 154/500: loss=[32m0.492962[0m
( 55.151s) Epoch 155/500: loss=[32m0.488053[0m
( 55.174s) Epoch 156/500: loss=0.495162[0m
( 55.141s) Epoch 157/500: loss=[32m0.484352[0m
( 55.167s) Epoch 158/500: loss=[32m0.478530[0m
( 55.295s) Epoch 159/500: loss=0.481067[0m
( 55.233s) Epoch 160/500: loss=0.493937[0m
( 55.156s) Epoch 161/500: loss=0.489280[0m
( 55.153s) Epoch 162/500: loss=0.486686[0m
( 55.185s) Epoch 163/500: loss=0.486060[0m
( 55.140s) Epoch 164/500: loss=[32m0.468570[0m
( 55.420s) Epoch 165/500: loss=0.468889[0m
( 55.140s) Epoch 166/500: loss=0.476608[0m
( 55.248s) Epoch 167/500: loss=[32m0.462271[0m
( 55.265s) Epoch 168/500: loss=0.467264[0m
( 55.274s) Epoch 169/500: loss=0.466127[0m
( 55.302s) Epoch 170/500: loss=[32m0.461558[0m
( 55.308s) Epoch 171/500: loss=0.465106[0m
( 55.296s) Epoch 172/500: loss=0.469569[0m
( 55.210s) Epoch 173/500: loss=[32m0.453695[0m
( 55.239s) Epoch 174/500: loss=0.464597[0m
( 55.198s) Epoch 175/500: loss=[32m0.451951[0m
( 55.211s) Epoch 176/500: loss=0.459878[0m
( 55.048s) Epoch 177/500: loss=[32m0.449793[0m
( 55.092s) Epoch 178/500: loss=[32m0.449331[0m
( 55.150s) Epoch 179/500: loss=0.452421[0m
( 55.110s) Epoch 180/500: loss=[32m0.447990[0m
( 55.261s) Epoch 181/500: loss=0.459247[0m
( 55.194s) Epoch 182/500: loss=[32m0.432191[0m
( 55.215s) Epoch 183/500: loss=0.435519[0m
( 55.212s) Epoch 184/500: loss=0.433294[0m
( 55.231s) Epoch 185/500: loss=0.438844[0m
( 55.158s) Epoch 186/500: loss=0.441529[0m
( 55.290s) Epoch 187/500: loss=0.439531[0m
( 55.212s) Epoch 188/500: loss=0.441470[0m
( 55.101s) Epoch 189/500: loss=[32m0.424374[0m
( 55.097s) Epoch 190/500: loss=0.443921[0m
( 54.999s) Epoch 191/500: loss=0.430986[0m
( 55.238s) Epoch 192/500: loss=0.442696[0m
( 55.120s) Epoch 193/500: loss=[32m0.422174[0m
( 55.239s) Epoch 194/500: loss=0.425881[0m
( 55.070s) Epoch 195/500: loss=0.424180[0m
( 55.154s) Epoch 196/500: loss=[32m0.415549[0m
( 55.158s) Epoch 197/500: loss=0.423841[0m
( 55.243s) Epoch 198/500: loss=0.419626[0m
( 55.153s) Epoch 199/500: loss=0.425706[0m
( 55.156s) Epoch 200/500: loss=[32m0.408632[0m
( 55.144s) Epoch 201/500: loss=0.421436[0m
( 55.071s) Epoch 202/500: loss=0.414440[0m
( 55.264s) Epoch 203/500: loss=0.419605[0m
( 55.057s) Epoch 204/500: loss=0.416276[0m
( 55.178s) Epoch 205/500: loss=[32m0.406084[0m
( 55.071s) Epoch 206/500: loss=0.411335[0m
( 55.082s) Epoch 207/500: loss=0.411722[0m
( 55.046s) Epoch 208/500: loss=0.417363[0m
( 55.352s) Epoch 209/500: loss=0.409372[0m
( 55.251s) Epoch 210/500: loss=[32m0.402452[0m
( 55.194s) Epoch 211/500: loss=0.409436[0m
( 55.134s) Epoch 212/500: loss=0.406901[0m
( 55.186s) Epoch 213/500: loss=[32m0.393228[0m
( 55.432s) Epoch 214/500: loss=0.405286[0m
( 55.112s) Epoch 215/500: loss=[32m0.390022[0m
( 55.166s) Epoch 216/500: loss=0.398178[0m
( 55.125s) Epoch 217/500: loss=0.391207[0m
( 55.236s) Epoch 218/500: loss=0.395479[0m
( 55.237s) Epoch 219/500: loss=0.407658[0m
( 55.384s) Epoch 220/500: loss=0.408991[0m
( 55.247s) Epoch 221/500: loss=0.400163[0m
( 55.276s) Epoch 222/500: loss=0.394913[0m
( 55.223s) Epoch 223/500: loss=0.391735[0m
( 55.217s) Epoch 224/500: loss=0.395625[0m
( 55.301s) Epoch 225/500: loss=0.396299[0m
( 55.207s) Epoch 226/500: loss=0.390291[0m
( 55.239s) Epoch 227/500: loss=0.392300[0m
( 55.217s) Epoch 228/500: loss=0.396381[0m
( 55.160s) Epoch 229/500: loss=0.397842[0m
( 55.260s) Epoch 230/500: loss=0.410732[0m
( 55.386s) Epoch 231/500: loss=0.401620[0m
( 55.358s) Epoch 232/500: loss=[32m0.388089[0m
( 55.257s) Epoch 233/500: loss=0.398451[0m
( 55.272s) Epoch 234/500: loss=0.391821[0m
( 55.223s) Epoch 235/500: loss=0.390284[0m
( 55.309s) Epoch 236/500: loss=0.394452[0m
( 55.197s) Epoch 237/500: loss=0.391278[0m
( 55.132s) Epoch 238/500: loss=[32m0.382588[0m
( 55.165s) Epoch 239/500: loss=0.387747[0m
( 55.048s) Epoch 240/500: loss=0.397709[0m
( 55.073s) Epoch 241/500: loss=0.393843[0m
( 55.363s) Epoch 242/500: loss=0.389904[0m
( 55.228s) Epoch 243/500: loss=0.392911[0m
( 55.202s) Epoch 244/500: loss=0.388150[0m
( 55.274s) Epoch 245/500: loss=0.393427[0m
( 55.177s) Epoch 246/500: loss=0.395598[0m
( 55.232s) Epoch 247/500: loss=0.386641[0m
( 55.300s) Epoch 248/500: loss=0.388103[0m
( 55.247s) Epoch 249/500: loss=0.388869[0m
( 55.106s) Epoch 250/500: loss=0.398222[0m
( 55.178s) Epoch 251/500: loss=0.398004[0m
( 55.110s) Epoch 252/500: loss=0.390897[0m
( 55.218s) Epoch 253/500: loss=0.388769[0m
( 55.300s) Epoch 254/500: loss=0.395479[0m
( 55.277s) Epoch 255/500: loss=[32m0.381466[0m
( 55.139s) Epoch 256/500: loss=0.392746[0m
( 55.239s) Epoch 257/500: loss=0.385612[0m
( 55.315s) Epoch 258/500: loss=0.391889[0m
( 55.265s) Epoch 259/500: loss=0.399849[0m
( 55.164s) Epoch 260/500: loss=0.389565[0m
( 55.136s) Epoch 261/500: loss=0.389059[0m
( 55.184s) Epoch 262/500: loss=0.384782[0m
( 55.189s) Epoch 263/500: loss=0.398520[0m
( 55.280s) Epoch 264/500: loss=0.386781[0m
( 55.270s) Epoch 265/500: loss=0.387540[0m
( 55.337s) Epoch 266/500: loss=0.393402[0m
( 55.264s) Epoch 267/500: loss=0.393207[0m
( 55.208s) Epoch 268/500: loss=0.391836[0m
( 55.288s) Epoch 269/500: loss=0.404829[0m
( 55.280s) Epoch 270/500: loss=0.398723[0m
( 55.431s) Epoch 271/500: loss=0.390699[0m
( 55.390s) Epoch 272/500: loss=0.390552[0m
( 55.314s) Epoch 273/500: loss=0.394102[0m
( 55.312s) Epoch 274/500: loss=0.396389[0m
( 55.451s) Epoch 275/500: loss=0.399303[0m
( 55.527s) Epoch 276/500: loss=0.391975[0m
( 55.352s) Epoch 277/500: loss=0.397313[0m
( 55.380s) Epoch 278/500: loss=0.386094[0m
( 55.310s) Epoch 279/500: loss=0.395811[0m
( 55.320s) Epoch 280/500: loss=0.384018[0m
( 55.376s) Epoch 281/500: loss=0.401391[0m
( 55.274s) Epoch 282/500: loss=0.403959[0m
( 55.283s) Epoch 283/500: loss=0.395245[0m
( 55.239s) Epoch 284/500: loss=0.390744[0m
( 55.122s) Epoch 285/500: loss=0.397901[0m
( 55.235s) Epoch 286/500: loss=0.402727[0m
( 55.384s) Epoch 287/500: loss=0.394178[0m
( 55.278s) Epoch 288/500: loss=0.394841[0m
( 55.265s) Epoch 289/500: loss=0.389650[0m
( 55.279s) Epoch 290/500: loss=0.400176[0m
( 55.346s) Epoch 291/500: loss=0.394472[0m
( 55.274s) Epoch 292/500: loss=0.389778[0m
( 55.310s) Epoch 293/500: loss=0.389907[0m
( 55.190s) Epoch 294/500: loss=0.394387[0m
( 55.205s) Epoch 295/500: loss=0.405332[0m
( 55.314s) Epoch 296/500: loss=0.401070[0m
( 55.274s) Epoch 297/500: loss=0.387531[0m
( 55.472s) Epoch 298/500: loss=0.406271[0m
( 55.581s) Epoch 299/500: loss=0.391022[0m
( 55.322s) Epoch 300/500: loss=0.405459[0m
( 55.268s) Epoch 301/500: loss=0.397204[0m
( 55.329s) Epoch 302/500: loss=0.397773[0m
( 55.268s) Epoch 303/500: loss=0.402804[0m
( 55.366s) Epoch 304/500: loss=0.405926[0m
( 55.320s) Epoch 305/500: loss=0.404675[0m
( 55.301s) Epoch 306/500: loss=0.390555[0m
( 55.204s) Epoch 307/500: loss=0.419480[0m
( 55.347s) Epoch 308/500: loss=0.391851[0m
( 55.351s) Epoch 309/500: loss=0.405296[0m
( 55.413s) Epoch 310/500: loss=0.404497[0m
( 55.249s) Epoch 311/500: loss=0.409958[0m
( 55.274s) Epoch 312/500: loss=0.397471[0m
( 55.306s) Epoch 313/500: loss=0.404711[0m
( 55.112s) Epoch 314/500: loss=0.407598[0m
( 55.320s) Epoch 315/500: loss=0.411959[0m
( 55.236s) Epoch 316/500: loss=0.409020[0m
( 55.276s) Epoch 317/500: loss=0.402202[0m
( 55.274s) Epoch 318/500: loss=0.396768[0m
( 55.380s) Epoch 319/500: loss=0.405254[0m
( 55.416s) Epoch 320/500: loss=0.402925[0m
( 55.380s) Epoch 321/500: loss=0.418885[0m
( 55.187s) Epoch 322/500: loss=0.399669[0m
( 55.327s) Epoch 323/500: loss=0.405250[0m
( 55.236s) Epoch 324/500: loss=0.402503[0m
( 55.215s) Epoch 325/500: loss=0.401255[0m
( 55.465s) Epoch 326/500: loss=0.400643[0m
( 55.375s) Epoch 327/500: loss=0.410809[0m
( 55.281s) Epoch 328/500: loss=0.414352[0m
( 55.317s) Epoch 329/500: loss=0.410334[0m
( 55.301s) Epoch 330/500: loss=0.423486[0m
( 55.383s) Epoch 331/500: loss=0.402319[0m
( 55.371s) Epoch 332/500: loss=0.406534[0m
( 55.340s) Epoch 333/500: loss=0.407801[0m
( 55.383s) Epoch 334/500: loss=0.418704[0m
( 55.340s) Epoch 335/500: loss=0.419176[0m
( 55.277s) Epoch 336/500: loss=0.408644[0m
( 55.358s) Epoch 337/500: loss=0.411530[0m
( 55.393s) Epoch 338/500: loss=0.414031[0m
( 55.363s) Epoch 339/500: loss=0.421393[0m
( 55.312s) Epoch 340/500: loss=0.416722[0m
( 55.301s) Epoch 341/500: loss=0.415634[0m
( 55.252s) Epoch 342/500: loss=0.419055[0m
( 55.415s) Epoch 343/500: loss=0.411304[0m
( 55.491s) Epoch 344/500: loss=0.420489[0m
( 55.408s) Epoch 345/500: loss=0.415627[0m
( 55.460s) Epoch 346/500: loss=0.419015[0m
( 55.377s) Epoch 347/500: loss=0.406738[0m
( 55.486s) Epoch 348/500: loss=0.407506[0m
( 55.556s) Epoch 349/500: loss=0.427942[0m
( 55.335s) Epoch 350/500: loss=0.422749[0m
( 55.401s) Epoch 351/500: loss=0.436740[0m
( 55.495s) Epoch 352/500: loss=0.419174[0m
( 55.410s) Epoch 353/500: loss=0.425995[0m
( 55.449s) Epoch 354/500: loss=0.423391[0m
( 55.427s) Epoch 355/500: loss=0.429932[0m
( 55.222s) Epoch 356/500: loss=0.429296[0m
( 55.252s) Epoch 357/500: loss=0.432845[0m
( 55.277s) Epoch 358/500: loss=0.424576[0m
( 55.247s) Epoch 359/500: loss=0.420242[0m
( 55.322s) Epoch 360/500: loss=0.429360[0m
( 55.370s) Epoch 361/500: loss=0.428516[0m
( 55.291s) Epoch 362/500: loss=0.444461[0m
( 55.339s) Epoch 363/500: loss=0.419347[0m
( 55.269s) Epoch 364/500: loss=0.432240[0m
( 55.272s) Epoch 365/500: loss=0.434360[0m
( 55.389s) Epoch 366/500: loss=0.429592[0m
( 55.264s) Epoch 367/500: loss=0.418628[0m
( 55.299s) Epoch 368/500: loss=0.921381[0m
( 55.217s) Epoch 369/500: loss=0.656718[0m
( 55.138s) Epoch 370/500: loss=0.523298[0m
( 55.312s) Epoch 371/500: loss=0.481142[0m
( 55.390s) Epoch 372/500: loss=0.467931[0m
( 55.345s) Epoch 373/500: loss=0.473248[0m
( 55.352s) Epoch 374/500: loss=0.468718[0m
( 55.320s) Epoch 375/500: loss=0.471126[0m
( 55.323s) Epoch 376/500: loss=0.456874[0m
( 55.378s) Epoch 377/500: loss=0.461872[0m
( 55.385s) Epoch 378/500: loss=0.447169[0m
( 55.373s) Epoch 379/500: loss=0.451008[0m
( 55.369s) Epoch 380/500: loss=0.454517[0m
( 55.292s) Epoch 381/500: loss=0.451376[0m
( 55.495s) Epoch 382/500: loss=0.441252[0m
( 55.428s) Epoch 383/500: loss=0.452837[0m
( 55.385s) Epoch 384/500: loss=0.457351[0m
( 55.478s) Epoch 385/500: loss=0.450311[0m
( 55.345s) Epoch 386/500: loss=0.444047[0m
( 55.265s) Epoch 387/500: loss=0.437009[0m
( 55.396s) Epoch 388/500: loss=0.451474[0m
( 55.327s) Epoch 389/500: loss=0.449205[0m
( 55.350s) Epoch 390/500: loss=0.444445[0m
( 55.299s) Epoch 391/500: loss=0.449826[0m
( 55.259s) Epoch 392/500: loss=0.443543[0m
( 55.663s) Epoch 393/500: loss=0.448682[0m
( 55.247s) Epoch 394/500: loss=0.445087[0m
( 55.214s) Epoch 395/500: loss=0.437070[0m
( 55.258s) Epoch 396/500: loss=0.441077[0m
( 55.278s) Epoch 397/500: loss=0.450326[0m
( 55.268s) Epoch 398/500: loss=0.434430[0m
( 55.347s) Epoch 399/500: loss=0.895836[0m
( 55.299s) Epoch 400/500: loss=0.605006[0m
( 55.297s) Epoch 401/500: loss=0.576684[0m
( 55.328s) Epoch 402/500: loss=0.516657[0m
( 55.278s) Epoch 403/500: loss=0.504930[0m
( 55.398s) Epoch 404/500: loss=0.488227[0m
( 55.249s) Epoch 405/500: loss=0.484395[0m
( 55.315s) Epoch 406/500: loss=0.481373[0m
( 55.328s) Epoch 407/500: loss=0.467769[0m
( 55.354s) Epoch 408/500: loss=0.451141[0m
( 55.418s) Epoch 409/500: loss=0.477376[0m
( 55.428s) Epoch 410/500: loss=0.469882[0m
( 55.497s) Epoch 411/500: loss=0.463187[0m
( 55.371s) Epoch 412/500: loss=0.455262[0m
( 55.390s) Epoch 413/500: loss=0.451210[0m
( 55.398s) Epoch 414/500: loss=0.465208[0m
( 55.375s) Epoch 415/500: loss=0.452991[0m
( 55.437s) Epoch 416/500: loss=0.447159[0m
( 55.513s) Epoch 417/500: loss=0.458195[0m
( 55.327s) Epoch 418/500: loss=0.465320[0m
( 55.331s) Epoch 419/500: loss=0.450974[0m
( 55.362s) Epoch 420/500: loss=0.456275[0m
( 55.511s) Epoch 421/500: loss=0.439420[0m
( 55.477s) Epoch 422/500: loss=0.447241[0m
( 55.272s) Epoch 423/500: loss=0.444619[0m
( 55.377s) Epoch 424/500: loss=0.449129[0m
( 55.275s) Epoch 425/500: loss=0.436197[0m
( 55.335s) Epoch 426/500: loss=0.442828[0m
( 55.377s) Epoch 427/500: loss=0.440906[0m
( 55.270s) Epoch 428/500: loss=0.444575[0m
( 55.258s) Epoch 429/500: loss=0.436817[0m
( 55.358s) Epoch 430/500: loss=0.442243[0m
( 55.356s) Epoch 431/500: loss=0.437601[0m
( 55.300s) Epoch 432/500: loss=0.440194[0m
( 55.337s) Epoch 433/500: loss=0.438251[0m
( 55.406s) Epoch 434/500: loss=0.439263[0m
( 55.209s) Epoch 435/500: loss=0.437084[0m
( 55.346s) Epoch 436/500: loss=0.424154[0m
( 55.303s) Epoch 437/500: loss=0.444690[0m
( 55.385s) Epoch 438/500: loss=0.437731[0m
( 56.354s) Epoch 439/500: loss=0.428286[0m
( 55.353s) Epoch 440/500: loss=0.593533[0m
( 55.292s) Epoch 441/500: loss=0.790988[0m
( 55.303s) Epoch 442/500: loss=0.515898[0m
( 55.291s) Epoch 443/500: loss=0.473610[0m
( 55.503s) Epoch 444/500: loss=0.489399[0m
( 55.399s) Epoch 445/500: loss=0.467746[0m
( 55.292s) Epoch 446/500: loss=0.457512[0m
( 55.307s) Epoch 447/500: loss=0.442515[0m
( 55.298s) Epoch 448/500: loss=0.436431[0m
( 55.397s) Epoch 449/500: loss=0.438934[0m
( 55.448s) Epoch 450/500: loss=0.425885[0m
( 55.337s) Epoch 451/500: loss=1.134574[0m
( 55.324s) Epoch 452/500: loss=0.838440[0m
( 55.327s) Epoch 453/500: loss=0.595987[0m
( 55.265s) Epoch 454/500: loss=0.561977[0m
( 55.371s) Epoch 455/500: loss=0.535241[0m
( 55.336s) Epoch 456/500: loss=0.510974[0m
( 55.269s) Epoch 457/500: loss=0.617707[0m
( 55.218s) Epoch 458/500: loss=0.542412[0m
( 55.254s) Epoch 459/500: loss=0.487087[0m
( 55.323s) Epoch 460/500: loss=0.640430[0m
( 55.261s) Epoch 461/500: loss=0.513402[0m
( 55.351s) Epoch 462/500: loss=0.478497[0m
( 55.313s) Epoch 463/500: loss=0.468104[0m
( 55.188s) Epoch 464/500: loss=0.470733[0m
( 55.178s) Epoch 465/500: loss=0.460012[0m
( 55.143s) Epoch 466/500: loss=0.454814[0m
( 55.269s) Epoch 467/500: loss=0.444852[0m
( 55.140s) Epoch 468/500: loss=0.446971[0m
( 55.104s) Epoch 469/500: loss=0.443349[0m
( 55.188s) Epoch 470/500: loss=0.445449[0m
( 55.106s) Epoch 471/500: loss=0.453344[0m
( 55.135s) Epoch 472/500: loss=0.436841[0m
( 55.077s) Epoch 473/500: loss=0.439947[0m
( 55.088s) Epoch 474/500: loss=0.437617[0m
( 55.058s) Epoch 475/500: loss=0.426802[0m
( 55.042s) Epoch 476/500: loss=0.431849[0m
( 55.025s) Epoch 477/500: loss=0.428477[0m
( 55.066s) Epoch 478/500: loss=0.491063[0m
( 54.998s) Epoch 479/500: loss=0.502465[0m
( 55.020s) Epoch 480/500: loss=0.438440[0m
( 55.011s) Epoch 481/500: loss=0.421344[0m
( 54.887s) Epoch 482/500: loss=0.423016[0m
( 55.028s) Epoch 483/500: loss=0.419972[0m
( 55.021s) Epoch 484/500: loss=0.427191[0m
( 54.889s) Epoch 485/500: loss=0.417942[0m
( 54.915s) Epoch 486/500: loss=0.419604[0m
( 55.004s) Epoch 487/500: loss=0.419858[0m
( 54.903s) Epoch 488/500: loss=0.401825[0m
( 55.071s) Epoch 489/500: loss=0.411764[0m
( 55.056s) Epoch 490/500: loss=0.410912[0m
( 54.996s) Epoch 491/500: loss=0.404878[0m
( 54.915s) Epoch 492/500: loss=0.406255[0m
( 55.009s) Epoch 493/500: loss=0.402900[0m
( 55.024s) Epoch 494/500: loss=0.399098[0m
( 55.050s) Epoch 495/500: loss=0.407301[0m
( 55.126s) Epoch 496/500: loss=0.383701[0m
( 55.125s) Epoch 497/500: loss=0.413282[0m
( 55.123s) Epoch 498/500: loss=0.404689[0m
( 55.052s) Epoch 499/500: loss=0.386279[0m
( 55.188s) Epoch 500/500: loss=0.391007[0m
Training for 500 epochs took 27620.490s total and 55.241s average
Calculating mean of transformed dataset using the best model state ... 8.837s
Saving best model and options to /home/aditya.bharti/FewShot/fc100_hyperparam/CropColor.pth
