Namespace(T_max=250, backbone='resnet50', base_learning_rate=0.1, base_optimizer='SGD', batch_size=256, dampening=0.0, data_percent=20, dataset='fc100', dataset_root=None, distributed=True, episode_strat='SimpleShotEpisodes', eval_freq=2000, fine_tune_epochs=20, fine_tune_save_path='ft0.pth', first_augment='CropResize', head='SimpleMLP', ipca=False, ipca_dim=128, jitter_strength=1.0, k_shot=5, load_from=None, local_rank=0, log_file=<_io.TextIOWrapper name='/home/aditya.bharti/FewShot/fc100_hyperparam/CropGauss.out' mode='a' encoding='UTF-8'>, loss_function='NTXent', model='SimCLRModel', momentum=0.9, n_way=5, nesterov=True, ntxent_temp=0.1, num_epochs=500, num_query=15, num_test_tasks=10000, num_workers=4, pin_memory=True, pretrained=False, progress=False, projection_dim=128, save_model=True, save_path='/home/aditya.bharti/FewShot/fc100_hyperparam/CropGauss.pth', scaler=True, scheduler='CosineAnnealingLR', second_augment='GaussBlur', shuffle=True, simple_opt=True, testing_strat='Classify1NN', use_trainval=True, weight_decay=0.0001)
Starting Training on:
Train:  80 classes
Valid:  20 classes
Test:   20 classes
------------------
( 87.497s) Epoch 001/500: loss=[32m5.345707[0m
( 53.374s) Epoch 002/500: loss=[32m4.606199[0m
( 49.743s) Epoch 003/500: loss=[32m4.043054[0m
( 49.923s) Epoch 004/500: loss=[32m3.677755[0m
( 49.967s) Epoch 005/500: loss=[32m2.964043[0m
( 50.033s) Epoch 006/500: loss=[32m2.443095[0m
( 50.105s) Epoch 007/500: loss=[32m2.058109[0m
( 50.036s) Epoch 008/500: loss=[32m1.702114[0m
( 50.125s) Epoch 009/500: loss=[32m1.416288[0m
( 50.073s) Epoch 010/500: loss=[32m1.142637[0m
( 50.042s) Epoch 011/500: loss=[32m0.990491[0m
( 50.107s) Epoch 012/500: loss=[32m0.922283[0m
( 49.992s) Epoch 013/500: loss=[32m0.837063[0m
( 50.058s) Epoch 014/500: loss=[32m0.773760[0m
( 50.062s) Epoch 015/500: loss=[32m0.695476[0m
( 50.147s) Epoch 016/500: loss=[32m0.645940[0m
( 50.199s) Epoch 017/500: loss=[32m0.602009[0m
( 50.304s) Epoch 018/500: loss=[32m0.568668[0m
( 50.164s) Epoch 019/500: loss=[32m0.538771[0m
( 50.172s) Epoch 020/500: loss=[32m0.497949[0m
( 50.170s) Epoch 021/500: loss=[32m0.490292[0m
( 50.237s) Epoch 022/500: loss=[32m0.481205[0m
( 50.052s) Epoch 023/500: loss=[32m0.459021[0m
( 50.056s) Epoch 024/500: loss=[32m0.456684[0m
( 50.064s) Epoch 025/500: loss=[32m0.420554[0m
( 50.057s) Epoch 026/500: loss=[32m0.413287[0m
( 50.158s) Epoch 027/500: loss=[32m0.409478[0m
( 50.044s) Epoch 028/500: loss=[32m0.401699[0m
( 50.143s) Epoch 029/500: loss=[32m0.395326[0m
( 50.174s) Epoch 030/500: loss=[32m0.390579[0m
( 50.201s) Epoch 031/500: loss=[32m0.384255[0m
( 50.196s) Epoch 032/500: loss=[32m0.370804[0m
( 50.163s) Epoch 033/500: loss=[32m0.356886[0m
( 50.150s) Epoch 034/500: loss=[32m0.353894[0m
( 50.232s) Epoch 035/500: loss=[32m0.349165[0m
( 50.288s) Epoch 036/500: loss=[32m0.346955[0m
( 50.137s) Epoch 037/500: loss=[32m0.342945[0m
( 50.113s) Epoch 038/500: loss=[32m0.331508[0m
( 50.353s) Epoch 039/500: loss=[32m0.324911[0m
( 50.121s) Epoch 040/500: loss=[32m0.319641[0m
( 50.267s) Epoch 041/500: loss=[32m0.311668[0m
( 50.022s) Epoch 042/500: loss=[32m0.310759[0m
( 50.175s) Epoch 043/500: loss=[32m0.310606[0m
( 50.172s) Epoch 044/500: loss=[32m0.306508[0m
( 50.082s) Epoch 045/500: loss=[32m0.290390[0m
( 50.277s) Epoch 046/500: loss=0.304912[0m
( 50.274s) Epoch 047/500: loss=0.308338[0m
( 50.245s) Epoch 048/500: loss=[32m0.286436[0m
( 50.201s) Epoch 049/500: loss=0.288949[0m
( 50.219s) Epoch 050/500: loss=[32m0.278351[0m
( 50.076s) Epoch 051/500: loss=0.284921[0m
( 50.133s) Epoch 052/500: loss=[32m0.276836[0m
( 50.112s) Epoch 053/500: loss=0.277312[0m
( 50.170s) Epoch 054/500: loss=0.278826[0m
( 50.133s) Epoch 055/500: loss=[32m0.270434[0m
( 50.073s) Epoch 056/500: loss=[32m0.265287[0m
( 50.093s) Epoch 057/500: loss=0.266806[0m
( 50.035s) Epoch 058/500: loss=0.266174[0m
( 50.215s) Epoch 059/500: loss=0.266940[0m
( 50.198s) Epoch 060/500: loss=[32m0.260269[0m
( 50.077s) Epoch 061/500: loss=0.260672[0m
( 50.165s) Epoch 062/500: loss=[32m0.259746[0m
( 50.152s) Epoch 063/500: loss=[32m0.255872[0m
( 50.094s) Epoch 064/500: loss=[32m0.250402[0m
( 50.176s) Epoch 065/500: loss=0.251192[0m
( 50.153s) Epoch 066/500: loss=0.255714[0m
( 50.156s) Epoch 067/500: loss=0.254086[0m
( 50.234s) Epoch 068/500: loss=[32m0.243723[0m
( 50.204s) Epoch 069/500: loss=0.246396[0m
( 50.208s) Epoch 070/500: loss=0.250190[0m
( 50.170s) Epoch 071/500: loss=0.246832[0m
( 50.134s) Epoch 072/500: loss=[32m0.242862[0m
( 50.159s) Epoch 073/500: loss=[32m0.240327[0m
( 50.219s) Epoch 074/500: loss=[32m0.234919[0m
( 50.181s) Epoch 075/500: loss=0.237283[0m
( 50.193s) Epoch 076/500: loss=[32m0.230562[0m
( 50.098s) Epoch 077/500: loss=0.231850[0m
( 50.199s) Epoch 078/500: loss=0.232233[0m
( 50.222s) Epoch 079/500: loss=0.233954[0m
( 50.200s) Epoch 080/500: loss=[32m0.228092[0m
( 50.097s) Epoch 081/500: loss=0.231824[0m
( 50.114s) Epoch 082/500: loss=0.230971[0m
( 50.176s) Epoch 083/500: loss=0.232330[0m
( 50.161s) Epoch 084/500: loss=[32m0.225333[0m
( 50.104s) Epoch 085/500: loss=[32m0.222265[0m
( 50.060s) Epoch 086/500: loss=0.225357[0m
( 50.191s) Epoch 087/500: loss=0.223666[0m
( 50.154s) Epoch 088/500: loss=[32m0.216106[0m
( 50.153s) Epoch 089/500: loss=[32m0.214115[0m
( 50.135s) Epoch 090/500: loss=0.222313[0m
( 50.102s) Epoch 091/500: loss=[32m0.213628[0m
( 50.277s) Epoch 092/500: loss=0.217251[0m
( 50.131s) Epoch 093/500: loss=0.214178[0m
( 50.043s) Epoch 094/500: loss=0.214876[0m
( 50.174s) Epoch 095/500: loss=0.214240[0m
( 50.100s) Epoch 096/500: loss=[32m0.211825[0m
( 50.204s) Epoch 097/500: loss=[32m0.211372[0m
( 50.240s) Epoch 098/500: loss=[32m0.210278[0m
( 50.148s) Epoch 099/500: loss=[32m0.207355[0m
( 50.080s) Epoch 100/500: loss=0.214030[0m
( 50.194s) Epoch 101/500: loss=[32m0.205761[0m
( 50.184s) Epoch 102/500: loss=0.210602[0m
( 50.119s) Epoch 103/500: loss=0.207060[0m
( 50.186s) Epoch 104/500: loss=[32m0.205609[0m
( 50.075s) Epoch 105/500: loss=0.211436[0m
( 50.177s) Epoch 106/500: loss=[32m0.201920[0m
( 50.188s) Epoch 107/500: loss=0.203474[0m
( 50.199s) Epoch 108/500: loss=0.202346[0m
( 50.251s) Epoch 109/500: loss=[32m0.201875[0m
( 50.139s) Epoch 110/500: loss=0.202706[0m
( 50.267s) Epoch 111/500: loss=0.202552[0m
( 50.167s) Epoch 112/500: loss=0.204240[0m
( 50.209s) Epoch 113/500: loss=[32m0.190729[0m
( 50.251s) Epoch 114/500: loss=0.194404[0m
( 50.307s) Epoch 115/500: loss=0.200007[0m
( 50.198s) Epoch 116/500: loss=0.191359[0m
( 50.228s) Epoch 117/500: loss=0.197792[0m
( 50.186s) Epoch 118/500: loss=0.191739[0m
( 50.185s) Epoch 119/500: loss=[32m0.187640[0m
( 50.333s) Epoch 120/500: loss=0.195063[0m
( 50.247s) Epoch 121/500: loss=0.187785[0m
( 50.301s) Epoch 122/500: loss=0.193077[0m
( 50.264s) Epoch 123/500: loss=0.193557[0m
( 50.285s) Epoch 124/500: loss=0.191224[0m
( 50.298s) Epoch 125/500: loss=0.187771[0m
( 50.252s) Epoch 126/500: loss=0.188840[0m
( 50.339s) Epoch 127/500: loss=0.190994[0m
( 50.277s) Epoch 128/500: loss=[32m0.187607[0m
( 50.356s) Epoch 129/500: loss=0.191467[0m
( 50.381s) Epoch 130/500: loss=0.189501[0m
( 50.262s) Epoch 131/500: loss=[32m0.183518[0m
( 50.305s) Epoch 132/500: loss=0.189213[0m
( 50.330s) Epoch 133/500: loss=[32m0.182834[0m
( 50.241s) Epoch 134/500: loss=0.187765[0m
( 50.378s) Epoch 135/500: loss=[32m0.182800[0m
( 50.321s) Epoch 136/500: loss=[32m0.178909[0m
( 50.254s) Epoch 137/500: loss=0.183179[0m
( 50.352s) Epoch 138/500: loss=0.185789[0m
( 50.287s) Epoch 139/500: loss=0.185310[0m
( 50.365s) Epoch 140/500: loss=0.182906[0m
( 50.213s) Epoch 141/500: loss=0.184340[0m
( 50.208s) Epoch 142/500: loss=[32m0.177783[0m
( 50.188s) Epoch 143/500: loss=[32m0.177577[0m
( 50.249s) Epoch 144/500: loss=0.181394[0m
( 50.156s) Epoch 145/500: loss=[32m0.175823[0m
( 50.091s) Epoch 146/500: loss=0.176197[0m
( 50.088s) Epoch 147/500: loss=0.177537[0m
( 50.159s) Epoch 148/500: loss=[32m0.174002[0m
( 50.253s) Epoch 149/500: loss=0.182101[0m
( 50.198s) Epoch 150/500: loss=0.179444[0m
( 50.131s) Epoch 151/500: loss=0.179821[0m
( 50.179s) Epoch 152/500: loss=0.179552[0m
( 50.164s) Epoch 153/500: loss=0.175816[0m
( 50.325s) Epoch 154/500: loss=[32m0.172479[0m
( 50.199s) Epoch 155/500: loss=0.176618[0m
( 50.198s) Epoch 156/500: loss=0.175204[0m
( 50.287s) Epoch 157/500: loss=0.175170[0m
( 50.243s) Epoch 158/500: loss=0.174003[0m
( 50.145s) Epoch 159/500: loss=[32m0.168477[0m
( 50.137s) Epoch 160/500: loss=0.173883[0m
( 50.049s) Epoch 161/500: loss=0.169542[0m
( 50.156s) Epoch 162/500: loss=[32m0.168176[0m
( 50.174s) Epoch 163/500: loss=0.169387[0m
( 50.113s) Epoch 164/500: loss=0.171586[0m
( 50.196s) Epoch 165/500: loss=0.173012[0m
( 50.225s) Epoch 166/500: loss=0.168482[0m
( 50.343s) Epoch 167/500: loss=0.174753[0m
( 50.245s) Epoch 168/500: loss=0.170916[0m
( 50.174s) Epoch 169/500: loss=0.169447[0m
( 50.285s) Epoch 170/500: loss=0.175575[0m
( 50.256s) Epoch 171/500: loss=0.172384[0m
( 50.220s) Epoch 172/500: loss=[32m0.167461[0m
( 50.222s) Epoch 173/500: loss=[32m0.166339[0m
( 50.170s) Epoch 174/500: loss=0.167941[0m
( 50.189s) Epoch 175/500: loss=0.167537[0m
( 50.258s) Epoch 176/500: loss=[32m0.166011[0m
( 50.317s) Epoch 177/500: loss=0.170020[0m
( 50.267s) Epoch 178/500: loss=0.167536[0m
( 50.215s) Epoch 179/500: loss=[32m0.165973[0m
( 50.238s) Epoch 180/500: loss=0.172504[0m
( 50.219s) Epoch 181/500: loss=0.170251[0m
( 50.326s) Epoch 182/500: loss=0.166131[0m
( 50.312s) Epoch 183/500: loss=[32m0.164494[0m
( 50.211s) Epoch 184/500: loss=0.169482[0m
( 50.277s) Epoch 185/500: loss=[32m0.160645[0m
( 50.260s) Epoch 186/500: loss=0.164304[0m
( 50.369s) Epoch 187/500: loss=0.163363[0m
( 50.280s) Epoch 188/500: loss=0.161421[0m
( 50.254s) Epoch 189/500: loss=[32m0.157434[0m
( 50.256s) Epoch 190/500: loss=0.164945[0m
( 50.270s) Epoch 191/500: loss=0.165225[0m
( 50.209s) Epoch 192/500: loss=0.160048[0m
( 50.291s) Epoch 193/500: loss=0.157440[0m
( 50.165s) Epoch 194/500: loss=0.162553[0m
( 50.111s) Epoch 195/500: loss=0.157782[0m
( 50.126s) Epoch 196/500: loss=0.161091[0m
( 50.239s) Epoch 197/500: loss=[32m0.156716[0m
( 50.133s) Epoch 198/500: loss=0.160899[0m
( 50.181s) Epoch 199/500: loss=0.159024[0m
( 50.309s) Epoch 200/500: loss=0.162191[0m
( 50.291s) Epoch 201/500: loss=[32m0.154015[0m
( 50.254s) Epoch 202/500: loss=0.162797[0m
( 50.276s) Epoch 203/500: loss=0.159593[0m
( 50.230s) Epoch 204/500: loss=0.162205[0m
( 50.270s) Epoch 205/500: loss=0.159759[0m
( 50.270s) Epoch 206/500: loss=0.162580[0m
( 50.252s) Epoch 207/500: loss=0.163434[0m
( 50.210s) Epoch 208/500: loss=0.155991[0m
( 50.199s) Epoch 209/500: loss=0.158362[0m
( 50.214s) Epoch 210/500: loss=0.157097[0m
( 50.300s) Epoch 211/500: loss=0.157626[0m
( 50.279s) Epoch 212/500: loss=[32m0.153740[0m
( 50.425s) Epoch 213/500: loss=[32m0.151735[0m
( 50.395s) Epoch 214/500: loss=0.153752[0m
( 50.313s) Epoch 215/500: loss=0.154302[0m
( 50.307s) Epoch 216/500: loss=0.152331[0m
( 50.323s) Epoch 217/500: loss=0.161961[0m
( 50.436s) Epoch 218/500: loss=0.157346[0m
( 50.410s) Epoch 219/500: loss=0.153303[0m
( 50.490s) Epoch 220/500: loss=0.151758[0m
( 50.463s) Epoch 221/500: loss=0.155536[0m
( 50.308s) Epoch 222/500: loss=0.158860[0m
( 50.454s) Epoch 223/500: loss=0.156599[0m
( 50.411s) Epoch 224/500: loss=[32m0.147343[0m
( 50.383s) Epoch 225/500: loss=0.156247[0m
( 50.356s) Epoch 226/500: loss=0.156530[0m
( 50.358s) Epoch 227/500: loss=0.151066[0m
( 50.351s) Epoch 228/500: loss=0.154416[0m
( 50.365s) Epoch 229/500: loss=0.156047[0m
( 50.468s) Epoch 230/500: loss=0.153817[0m
( 50.418s) Epoch 231/500: loss=0.148262[0m
( 50.498s) Epoch 232/500: loss=0.150071[0m
( 50.382s) Epoch 233/500: loss=0.154801[0m
( 50.410s) Epoch 234/500: loss=0.152152[0m
( 50.416s) Epoch 235/500: loss=0.152984[0m
( 50.446s) Epoch 236/500: loss=0.153386[0m
( 50.373s) Epoch 237/500: loss=0.152468[0m
( 50.462s) Epoch 238/500: loss=0.151134[0m
( 50.348s) Epoch 239/500: loss=0.154119[0m
( 50.401s) Epoch 240/500: loss=0.158995[0m
( 50.433s) Epoch 241/500: loss=0.154169[0m
( 50.344s) Epoch 242/500: loss=0.158913[0m
( 50.367s) Epoch 243/500: loss=0.151881[0m
( 50.271s) Epoch 244/500: loss=0.153611[0m
( 50.291s) Epoch 245/500: loss=0.153586[0m
( 50.396s) Epoch 246/500: loss=0.151843[0m
( 50.351s) Epoch 247/500: loss=0.155747[0m
( 50.396s) Epoch 248/500: loss=0.150710[0m
( 50.361s) Epoch 249/500: loss=0.149949[0m
( 50.425s) Epoch 250/500: loss=0.152748[0m
( 50.312s) Epoch 251/500: loss=0.155377[0m
( 50.331s) Epoch 252/500: loss=0.152454[0m
( 50.263s) Epoch 253/500: loss=0.152396[0m
( 50.372s) Epoch 254/500: loss=0.153479[0m
( 50.353s) Epoch 255/500: loss=0.153704[0m
( 50.415s) Epoch 256/500: loss=0.161264[0m
( 50.309s) Epoch 257/500: loss=0.150365[0m
( 50.218s) Epoch 258/500: loss=0.152119[0m
( 50.222s) Epoch 259/500: loss=0.149061[0m
( 50.368s) Epoch 260/500: loss=0.156742[0m
( 50.340s) Epoch 261/500: loss=0.155050[0m
( 50.399s) Epoch 262/500: loss=0.154325[0m
( 50.238s) Epoch 263/500: loss=0.148562[0m
( 50.394s) Epoch 264/500: loss=0.154672[0m
( 50.368s) Epoch 265/500: loss=0.153695[0m
( 50.410s) Epoch 266/500: loss=0.154848[0m
( 50.257s) Epoch 267/500: loss=0.157848[0m
( 50.369s) Epoch 268/500: loss=0.151429[0m
( 50.348s) Epoch 269/500: loss=0.154556[0m
( 50.313s) Epoch 270/500: loss=0.151858[0m
( 50.288s) Epoch 271/500: loss=0.151880[0m
( 50.386s) Epoch 272/500: loss=0.152915[0m
( 50.442s) Epoch 273/500: loss=0.156371[0m
( 50.413s) Epoch 274/500: loss=0.154198[0m
( 50.439s) Epoch 275/500: loss=0.149908[0m
( 50.427s) Epoch 276/500: loss=0.155530[0m
( 50.392s) Epoch 277/500: loss=0.158799[0m
( 50.369s) Epoch 278/500: loss=0.154451[0m
( 50.300s) Epoch 279/500: loss=0.154195[0m
( 50.354s) Epoch 280/500: loss=0.151649[0m
( 50.351s) Epoch 281/500: loss=0.152525[0m
( 50.277s) Epoch 282/500: loss=0.151862[0m
( 50.330s) Epoch 283/500: loss=0.155912[0m
( 50.266s) Epoch 284/500: loss=0.155282[0m
( 50.413s) Epoch 285/500: loss=0.152634[0m
( 50.298s) Epoch 286/500: loss=0.151377[0m
( 50.382s) Epoch 287/500: loss=0.154622[0m
( 50.339s) Epoch 288/500: loss=0.155607[0m
( 50.363s) Epoch 289/500: loss=0.151190[0m
( 50.428s) Epoch 290/500: loss=0.157787[0m
( 50.384s) Epoch 291/500: loss=0.155065[0m
( 50.291s) Epoch 292/500: loss=0.151368[0m
( 50.401s) Epoch 293/500: loss=0.155258[0m
( 50.331s) Epoch 294/500: loss=0.154890[0m
( 50.390s) Epoch 295/500: loss=0.156316[0m
( 50.367s) Epoch 296/500: loss=0.155767[0m
( 50.393s) Epoch 297/500: loss=0.156347[0m
( 50.280s) Epoch 298/500: loss=0.154487[0m
( 50.433s) Epoch 299/500: loss=0.159325[0m
( 50.479s) Epoch 300/500: loss=0.156460[0m
( 50.393s) Epoch 301/500: loss=0.153475[0m
( 50.426s) Epoch 302/500: loss=0.154544[0m
( 50.395s) Epoch 303/500: loss=0.159466[0m
( 50.402s) Epoch 304/500: loss=0.154734[0m
( 50.446s) Epoch 305/500: loss=0.156988[0m
( 50.410s) Epoch 306/500: loss=0.158229[0m
( 50.358s) Epoch 307/500: loss=0.158610[0m
( 50.407s) Epoch 308/500: loss=0.153820[0m
( 50.393s) Epoch 309/500: loss=0.155480[0m
( 50.540s) Epoch 310/500: loss=0.155845[0m
( 50.378s) Epoch 311/500: loss=0.152234[0m
( 50.447s) Epoch 312/500: loss=0.153463[0m
( 50.226s) Epoch 313/500: loss=0.152788[0m
( 50.308s) Epoch 314/500: loss=0.158894[0m
( 50.334s) Epoch 315/500: loss=0.156081[0m
( 50.289s) Epoch 316/500: loss=0.155977[0m
( 50.500s) Epoch 317/500: loss=0.158341[0m
( 50.403s) Epoch 318/500: loss=0.155784[0m
( 50.340s) Epoch 319/500: loss=0.153607[0m
( 50.493s) Epoch 320/500: loss=0.158936[0m
( 50.399s) Epoch 321/500: loss=0.156990[0m
( 50.473s) Epoch 322/500: loss=0.153002[0m
( 50.385s) Epoch 323/500: loss=0.160098[0m
( 50.484s) Epoch 324/500: loss=0.156119[0m
( 50.513s) Epoch 325/500: loss=0.157225[0m
( 50.370s) Epoch 326/500: loss=0.158251[0m
( 50.486s) Epoch 327/500: loss=0.156753[0m
( 50.345s) Epoch 328/500: loss=0.162471[0m
( 50.395s) Epoch 329/500: loss=0.158346[0m
( 50.492s) Epoch 330/500: loss=0.158408[0m
( 50.449s) Epoch 331/500: loss=0.162148[0m
( 50.461s) Epoch 332/500: loss=0.164088[0m
( 50.346s) Epoch 333/500: loss=0.157158[0m
( 50.305s) Epoch 334/500: loss=0.162825[0m
( 50.460s) Epoch 335/500: loss=0.158781[0m
( 50.508s) Epoch 336/500: loss=0.163710[0m
( 51.141s) Epoch 337/500: loss=0.156787[0m
( 50.405s) Epoch 338/500: loss=0.157840[0m
( 50.441s) Epoch 339/500: loss=0.159518[0m
( 50.560s) Epoch 340/500: loss=0.156245[0m
( 50.448s) Epoch 341/500: loss=0.163760[0m
( 50.487s) Epoch 342/500: loss=0.157793[0m
( 50.436s) Epoch 343/500: loss=0.157216[0m
( 50.439s) Epoch 344/500: loss=0.157940[0m
( 50.496s) Epoch 345/500: loss=0.163429[0m
( 50.406s) Epoch 346/500: loss=0.160734[0m
( 50.331s) Epoch 347/500: loss=0.158995[0m
( 50.375s) Epoch 348/500: loss=0.161072[0m
( 50.461s) Epoch 349/500: loss=0.157796[0m
( 50.465s) Epoch 350/500: loss=0.163358[0m
( 50.501s) Epoch 351/500: loss=0.160481[0m
( 50.367s) Epoch 352/500: loss=0.165879[0m
( 50.507s) Epoch 353/500: loss=0.166538[0m
( 50.408s) Epoch 354/500: loss=0.162400[0m
( 50.473s) Epoch 355/500: loss=0.168596[0m
( 50.496s) Epoch 356/500: loss=0.160025[0m
( 50.405s) Epoch 357/500: loss=0.161055[0m
( 50.389s) Epoch 358/500: loss=0.162545[0m
( 50.439s) Epoch 359/500: loss=0.166276[0m
( 50.497s) Epoch 360/500: loss=0.166531[0m
( 50.426s) Epoch 361/500: loss=0.157198[0m
( 50.445s) Epoch 362/500: loss=0.167690[0m
( 50.470s) Epoch 363/500: loss=0.165700[0m
( 50.434s) Epoch 364/500: loss=0.162110[0m
( 50.495s) Epoch 365/500: loss=0.163171[0m
( 50.489s) Epoch 366/500: loss=0.164295[0m
( 50.444s) Epoch 367/500: loss=0.164362[0m
( 50.459s) Epoch 368/500: loss=0.169559[0m
( 50.451s) Epoch 369/500: loss=0.168614[0m
( 50.476s) Epoch 370/500: loss=0.165697[0m
( 50.441s) Epoch 371/500: loss=0.174008[0m
( 50.477s) Epoch 372/500: loss=0.168225[0m
( 50.444s) Epoch 373/500: loss=0.169685[0m
( 50.480s) Epoch 374/500: loss=0.158048[0m
( 50.476s) Epoch 375/500: loss=0.163189[0m
( 50.463s) Epoch 376/500: loss=0.165047[0m
( 50.519s) Epoch 377/500: loss=0.165882[0m
( 50.496s) Epoch 378/500: loss=0.165662[0m
( 50.436s) Epoch 379/500: loss=0.165189[0m
( 50.486s) Epoch 380/500: loss=0.165322[0m
( 50.498s) Epoch 381/500: loss=0.168050[0m
( 50.427s) Epoch 382/500: loss=0.164712[0m
( 50.502s) Epoch 383/500: loss=0.176016[0m
( 50.383s) Epoch 384/500: loss=0.166019[0m
( 50.489s) Epoch 385/500: loss=0.165591[0m
( 50.511s) Epoch 386/500: loss=0.166449[0m
( 50.420s) Epoch 387/500: loss=0.167031[0m
( 50.509s) Epoch 388/500: loss=0.164458[0m
( 50.500s) Epoch 389/500: loss=0.167505[0m
( 50.482s) Epoch 390/500: loss=0.167340[0m
( 50.508s) Epoch 391/500: loss=0.167593[0m
( 50.483s) Epoch 392/500: loss=0.166136[0m
( 50.478s) Epoch 393/500: loss=0.172249[0m
( 50.478s) Epoch 394/500: loss=0.172636[0m
( 50.448s) Epoch 395/500: loss=0.167303[0m
( 50.484s) Epoch 396/500: loss=0.170315[0m
( 50.491s) Epoch 397/500: loss=0.171924[0m
( 50.404s) Epoch 398/500: loss=0.171889[0m
( 50.501s) Epoch 399/500: loss=0.167580[0m
( 50.474s) Epoch 400/500: loss=0.171616[0m
( 50.538s) Epoch 401/500: loss=0.171645[0m
( 50.464s) Epoch 402/500: loss=0.167141[0m
( 50.481s) Epoch 403/500: loss=0.171050[0m
( 50.524s) Epoch 404/500: loss=0.168549[0m
( 50.502s) Epoch 405/500: loss=0.170356[0m
( 50.581s) Epoch 406/500: loss=0.168558[0m
( 50.360s) Epoch 407/500: loss=0.171643[0m
( 50.448s) Epoch 408/500: loss=0.174181[0m
( 50.494s) Epoch 409/500: loss=0.163551[0m
( 50.586s) Epoch 410/500: loss=0.171393[0m
( 50.463s) Epoch 411/500: loss=0.170312[0m
( 50.490s) Epoch 412/500: loss=0.167567[0m
( 50.457s) Epoch 413/500: loss=0.173000[0m
( 50.422s) Epoch 414/500: loss=0.163716[0m
( 50.488s) Epoch 415/500: loss=0.175429[0m
( 50.447s) Epoch 416/500: loss=0.171508[0m
( 50.518s) Epoch 417/500: loss=0.171554[0m
( 50.508s) Epoch 418/500: loss=0.168632[0m
( 50.684s) Epoch 419/500: loss=0.172129[0m
( 50.618s) Epoch 420/500: loss=0.170184[0m
( 50.591s) Epoch 421/500: loss=0.172229[0m
( 50.488s) Epoch 422/500: loss=0.165389[0m
( 50.525s) Epoch 423/500: loss=0.168194[0m
( 50.480s) Epoch 424/500: loss=0.172382[0m
( 50.611s) Epoch 425/500: loss=0.173104[0m
( 50.506s) Epoch 426/500: loss=0.168748[0m
( 50.505s) Epoch 427/500: loss=0.172036[0m
( 50.486s) Epoch 428/500: loss=0.168617[0m
( 50.547s) Epoch 429/500: loss=0.173774[0m
( 50.517s) Epoch 430/500: loss=0.170648[0m
( 50.390s) Epoch 431/500: loss=0.165305[0m
( 50.506s) Epoch 432/500: loss=0.170549[0m
( 50.472s) Epoch 433/500: loss=0.167408[0m
( 50.532s) Epoch 434/500: loss=0.166571[0m
( 50.514s) Epoch 435/500: loss=0.163794[0m
( 50.557s) Epoch 436/500: loss=0.166311[0m
( 50.490s) Epoch 437/500: loss=0.166524[0m
( 50.520s) Epoch 438/500: loss=0.167386[0m
( 50.506s) Epoch 439/500: loss=0.171306[0m
( 50.509s) Epoch 440/500: loss=0.170402[0m
( 50.541s) Epoch 441/500: loss=0.170354[0m
( 50.535s) Epoch 442/500: loss=0.162436[0m
( 50.465s) Epoch 443/500: loss=0.173721[0m
( 50.502s) Epoch 444/500: loss=0.169770[0m
( 50.483s) Epoch 445/500: loss=0.170470[0m
( 50.464s) Epoch 446/500: loss=0.172161[0m
( 50.446s) Epoch 447/500: loss=0.171733[0m
( 50.529s) Epoch 448/500: loss=0.167924[0m
( 50.626s) Epoch 449/500: loss=0.171094[0m
( 50.529s) Epoch 450/500: loss=0.165913[0m
( 50.512s) Epoch 451/500: loss=0.165569[0m
( 50.440s) Epoch 452/500: loss=0.169211[0m
( 50.498s) Epoch 453/500: loss=0.164561[0m
( 50.494s) Epoch 454/500: loss=0.162792[0m
( 50.559s) Epoch 455/500: loss=0.170571[0m
( 50.440s) Epoch 456/500: loss=0.166985[0m
( 50.515s) Epoch 457/500: loss=0.162540[0m
( 50.496s) Epoch 458/500: loss=0.168487[0m
( 50.536s) Epoch 459/500: loss=0.167903[0m
( 50.517s) Epoch 460/500: loss=0.162791[0m
( 50.479s) Epoch 461/500: loss=0.159934[0m
( 50.478s) Epoch 462/500: loss=0.168329[0m
( 50.484s) Epoch 463/500: loss=0.165786[0m
( 50.544s) Epoch 464/500: loss=0.162763[0m
( 50.518s) Epoch 465/500: loss=0.161724[0m
( 50.546s) Epoch 466/500: loss=0.162915[0m
( 50.497s) Epoch 467/500: loss=0.168910[0m
( 50.487s) Epoch 468/500: loss=0.166658[0m
( 50.584s) Epoch 469/500: loss=0.167683[0m
( 50.443s) Epoch 470/500: loss=0.162968[0m
( 50.556s) Epoch 471/500: loss=0.163363[0m
( 50.504s) Epoch 472/500: loss=0.165901[0m
( 50.540s) Epoch 473/500: loss=0.166493[0m
( 50.566s) Epoch 474/500: loss=0.167796[0m
( 50.585s) Epoch 475/500: loss=0.157702[0m
( 50.560s) Epoch 476/500: loss=0.161469[0m
( 50.515s) Epoch 477/500: loss=0.169404[0m
( 50.529s) Epoch 478/500: loss=0.155313[0m
( 50.544s) Epoch 479/500: loss=0.158122[0m
( 50.638s) Epoch 480/500: loss=0.171582[0m
( 50.573s) Epoch 481/500: loss=0.160774[0m
( 50.505s) Epoch 482/500: loss=0.161730[0m
( 50.424s) Epoch 483/500: loss=0.161702[0m
( 50.542s) Epoch 484/500: loss=0.161324[0m
( 50.516s) Epoch 485/500: loss=0.160952[0m
( 50.421s) Epoch 486/500: loss=0.165538[0m
( 50.498s) Epoch 487/500: loss=0.159842[0m
( 50.466s) Epoch 488/500: loss=0.161135[0m
( 50.469s) Epoch 489/500: loss=0.163324[0m
( 50.573s) Epoch 490/500: loss=0.158068[0m
( 50.575s) Epoch 491/500: loss=0.161080[0m
( 50.506s) Epoch 492/500: loss=0.159727[0m
( 50.519s) Epoch 493/500: loss=0.157987[0m
( 50.557s) Epoch 494/500: loss=0.156751[0m
( 50.511s) Epoch 495/500: loss=0.157112[0m
( 50.549s) Epoch 496/500: loss=0.164424[0m
( 50.468s) Epoch 497/500: loss=0.161862[0m
( 50.456s) Epoch 498/500: loss=0.157695[0m
( 50.530s) Epoch 499/500: loss=0.161919[0m
( 50.561s) Epoch 500/500: loss=0.155926[0m
Training for 500 epochs took 25209.323s total and 50.419s average
Calculating mean of transformed dataset using the best model state ... 8.858s
Saving best model and options to /home/aditya.bharti/FewShot/fc100_hyperparam/CropGauss.pth
