Namespace(T_max=100, backbone='resnet50', base_learning_rate=0.01, base_optimizer='SGD', batch_size=256, dampening=0.0, dataset='cifar100fs', dataset_root=None, episode_strat='SimpleShotEpisodes', eval_freq=5, first_augment='CropResize', head='SimpleMLP', jitter_strength=1.0, k_shot=5, load_from=None, local_rank=0, log_file='cifar100fs_experiments/CropResize_GaussBlur_runs/run1.out', loss_function='NTXent', model='SimCLRModel', momentum=0.9, n_way=5, nesterov=True, ntxent_temp=1.0, num_epochs=100, num_query=15, num_test_tasks=10000, num_workers=4, pin_memory=True, pretrained=False, progress=False, projection_dim=128, save_model=True, save_path='cifar100fs_experiments/CropResize_GaussBlur_runs/run1.pth', scheduler='CosineAnnealingLR', second_augment='GaussBlur', secondary_optimizer='LARS', shuffle=True, simple_opt=False, weight_decay=0.0001)
Starting Training on:
Train:  64 classes
Valid:  16 classes
Test:   20 classes
------------------
( 16.110s) Epoch 001/100: loss=[32m5.931806[0m
( 13.430s) Epoch 002/100: loss=[32m5.714688[0m
( 13.200s) Epoch 003/100: loss=[32m5.648663[0m
( 13.243s) Epoch 004/100: loss=[32m5.612810[0m
( 13.281s) Epoch 005/100: loss=[32m5.589931[0m  (  9.725s)  train_acc=[32m-0.001312[0m val_acc=[32m0.970581[0m test_acc=[32m0.524623[0m
( 12.921s) Epoch 006/100: loss=[32m5.566739[0m
( 13.324s) Epoch 007/100: loss=[32m5.549979[0m
( 13.297s) Epoch 008/100: loss=[32m5.532498[0m
( 13.226s) Epoch 009/100: loss=[32m5.529577[0m
( 13.390s) Epoch 010/100: loss=[32m5.515210[0m  (  6.908s)  train_acc=-0.001371[0m val_acc=[32m0.975788[0m test_acc=0.506533[0m
( 12.820s) Epoch 011/100: loss=[32m5.494898[0m
( 13.361s) Epoch 012/100: loss=[32m5.482390[0m
( 13.328s) Epoch 013/100: loss=[32m5.473070[0m
( 13.253s) Epoch 014/100: loss=[32m5.463352[0m
( 13.359s) Epoch 015/100: loss=[32m5.457696[0m  (  8.074s)  train_acc=-0.001485[0m val_acc=-0.003951[0m test_acc=0.056847[0m
( 12.887s) Epoch 016/100: loss=[32m5.452565[0m
( 13.415s) Epoch 017/100: loss=5.455431[0m
( 13.368s) Epoch 018/100: loss=[32m5.450342[0m
( 13.339s) Epoch 019/100: loss=5.451014[0m
( 13.388s) Epoch 020/100: loss=[32m5.445494[0m  (  6.674s)  train_acc=-0.001416[0m val_acc=0.395388[0m test_acc=0.242280[0m
( 12.871s) Epoch 021/100: loss=5.445841[0m
( 13.302s) Epoch 022/100: loss=[32m5.441604[0m
( 13.368s) Epoch 023/100: loss=[32m5.438689[0m
( 13.349s) Epoch 024/100: loss=5.438751[0m
( 13.270s) Epoch 025/100: loss=[32m5.434158[0m  (  6.734s)  train_acc=-0.001469[0m val_acc=-0.005326[0m test_acc=0.056897[0m
( 12.871s) Epoch 026/100: loss=5.437037[0m
( 13.430s) Epoch 027/100: loss=[32m5.432203[0m
( 13.352s) Epoch 028/100: loss=[32m5.431774[0m
( 13.314s) Epoch 029/100: loss=[32m5.426197[0m
( 13.414s) Epoch 030/100: loss=[32m5.425779[0m  (  6.595s)  train_acc=-0.001574[0m val_acc=-0.003900[0m test_acc=-0.002531[0m
( 12.914s) Epoch 031/100: loss=[32m5.423467[0m
( 13.411s) Epoch 032/100: loss=[32m5.420542[0m
( 13.440s) Epoch 033/100: loss=[32m5.418256[0m
( 13.396s) Epoch 034/100: loss=5.419067[0m
( 13.299s) Epoch 035/100: loss=[32m5.416603[0m  (  6.578s)  train_acc=-0.001523[0m val_acc=-0.004864[0m test_acc=0.056850[0m
( 12.927s) Epoch 036/100: loss=[32m5.416214[0m
( 13.431s) Epoch 037/100: loss=[32m5.414979[0m
( 13.265s) Epoch 038/100: loss=[32m5.410144[0m
( 13.377s) Epoch 039/100: loss=5.413225[0m
( 13.484s) Epoch 040/100: loss=[32m5.409803[0m  (  8.163s)  train_acc=-0.001591[0m val_acc=-0.005173[0m test_acc=0.056875[0m
( 12.837s) Epoch 041/100: loss=5.409822[0m
( 13.375s) Epoch 042/100: loss=5.409897[0m
( 13.360s) Epoch 043/100: loss=[32m5.405841[0m
( 13.321s) Epoch 044/100: loss=5.407396[0m
( 13.297s) Epoch 045/100: loss=5.406329[0m  (  6.582s)  train_acc=-0.001622[0m val_acc=-0.005090[0m test_acc=0.047452[0m
( 12.952s) Epoch 046/100: loss=[32m5.405294[0m
( 13.399s) Epoch 047/100: loss=5.406600[0m
( 13.406s) Epoch 048/100: loss=5.405908[0m
( 13.345s) Epoch 049/100: loss=5.406282[0m
( 13.306s) Epoch 050/100: loss=5.406046[0m  (  6.565s)  train_acc=-0.001547[0m val_acc=-0.005123[0m test_acc=0.056463[0m
( 12.879s) Epoch 051/100: loss=[32m5.401429[0m
( 13.304s) Epoch 052/100: loss=[32m5.400675[0m
( 13.325s) Epoch 053/100: loss=[32m5.399765[0m
( 13.435s) Epoch 054/100: loss=5.400540[0m
( 13.441s) Epoch 055/100: loss=5.400783[0m  (  6.729s)  train_acc=-0.001580[0m val_acc=-0.004902[0m test_acc=0.047617[0m
( 12.847s) Epoch 056/100: loss=5.400669[0m
( 13.329s) Epoch 057/100: loss=5.399912[0m
( 13.340s) Epoch 058/100: loss=[32m5.397721[0m
( 13.341s) Epoch 059/100: loss=5.399830[0m
( 13.358s) Epoch 060/100: loss=5.401813[0m  (  6.485s)  train_acc=-0.001565[0m val_acc=-0.004024[0m test_acc=0.056651[0m
( 12.841s) Epoch 061/100: loss=[32m5.395645[0m
( 13.355s) Epoch 062/100: loss=5.397629[0m
( 13.337s) Epoch 063/100: loss=5.396301[0m
( 13.345s) Epoch 064/100: loss=5.398247[0m
( 13.317s) Epoch 065/100: loss=5.398789[0m  (  8.158s)  train_acc=-0.001628[0m val_acc=-0.004835[0m test_acc=0.056640[0m
( 12.969s) Epoch 066/100: loss=5.397196[0m
( 13.248s) Epoch 067/100: loss=[32m5.395356[0m
( 13.259s) Epoch 068/100: loss=[32m5.393379[0m
( 13.382s) Epoch 069/100: loss=5.397919[0m
( 13.374s) Epoch 070/100: loss=5.395620[0m  (  6.478s)  train_acc=-0.001591[0m val_acc=-0.003820[0m test_acc=0.056572[0m
( 12.772s) Epoch 071/100: loss=5.396393[0m
( 13.334s) Epoch 072/100: loss=5.394515[0m
( 13.365s) Epoch 073/100: loss=5.394919[0m
( 13.468s) Epoch 074/100: loss=[32m5.392838[0m
( 13.430s) Epoch 075/100: loss=5.395742[0m  (  6.692s)  train_acc=-0.001552[0m val_acc=-0.004556[0m test_acc=0.047583[0m
( 12.920s) Epoch 076/100: loss=[32m5.391688[0m
( 13.391s) Epoch 077/100: loss=5.395904[0m
( 13.393s) Epoch 078/100: loss=5.392420[0m
( 13.314s) Epoch 079/100: loss=5.394972[0m
( 13.366s) Epoch 080/100: loss=5.396860[0m  (  6.565s)  train_acc=-0.001560[0m val_acc=-0.005043[0m test_acc=0.007113[0m
( 12.889s) Epoch 081/100: loss=5.393969[0m
( 13.299s) Epoch 082/100: loss=5.392151[0m
( 13.440s) Epoch 083/100: loss=5.395014[0m
( 13.304s) Epoch 084/100: loss=5.392959[0m
( 13.291s) Epoch 085/100: loss=5.396088[0m  (  6.531s)  train_acc=-0.001518[0m val_acc=-0.005111[0m test_acc=0.012752[0m
( 12.884s) Epoch 086/100: loss=5.393030[0m
( 13.403s) Epoch 087/100: loss=[32m5.391204[0m
( 13.386s) Epoch 088/100: loss=5.391726[0m
( 13.349s) Epoch 089/100: loss=5.393322[0m
( 13.368s) Epoch 090/100: loss=5.393610[0m  (  8.134s)  train_acc=-0.001567[0m val_acc=-0.004465[0m test_acc=0.047505[0m
( 13.003s) Epoch 091/100: loss=5.393894[0m
( 13.366s) Epoch 092/100: loss=5.392566[0m
( 13.320s) Epoch 093/100: loss=5.393444[0m
( 13.343s) Epoch 094/100: loss=[32m5.389972[0m
( 13.373s) Epoch 095/100: loss=5.393430[0m  (  6.548s)  train_acc=-0.001592[0m val_acc=-0.004177[0m test_acc=0.056728[0m
( 12.941s) Epoch 096/100: loss=5.393667[0m
( 13.379s) Epoch 097/100: loss=5.394365[0m
( 13.288s) Epoch 098/100: loss=5.394427[0m
( 13.358s) Epoch 099/100: loss=5.392822[0m
( 13.335s) Epoch 100/100: loss=5.393754[0m  (  5.089s)  train_acc=-0.001456[0m val_acc=-0.004975[0m test_acc=0.007201[0m
Training for 100 epochs took 1329.125s total and 13.291s average
Saving best model and options to cifar100fs_experiments/CropResize_GaussBlur_runs/run1.pth
