Namespace(T_max=100, backbone='resnet50', base_learning_rate=0.01, base_optimizer='SGD', batch_size=256, dampening=0.0, dataset='cifar100fs', dataset_root=None, episode_strat='SimpleShotEpisodes', eval_freq=5, first_augment='CropResize', head='SimpleMLP', jitter_strength=1.0, k_shot=5, load_from=None, local_rank=0, log_file='cifar100fs_experiments/CropResize_GaussBlur_runs/run2.out', loss_function='NTXent', model='SimCLRModel', momentum=0.9, n_way=5, nesterov=True, ntxent_temp=1.0, num_epochs=100, num_query=15, num_test_tasks=10000, num_workers=4, pin_memory=True, pretrained=False, progress=False, projection_dim=128, save_model=True, save_path='cifar100fs_experiments/CropResize_GaussBlur_runs/run2.pth', scheduler='CosineAnnealingLR', second_augment='GaussBlur', secondary_optimizer='LARS', shuffle=True, simple_opt=False, weight_decay=0.0001)
Starting Training on:
Train:  64 classes
Valid:  16 classes
Test:   20 classes
------------------
( 13.618s) Epoch 001/100: loss=[32m5.928543[0m
( 13.309s) Epoch 002/100: loss=[32m5.714782[0m
( 13.403s) Epoch 003/100: loss=[32m5.642748[0m
( 13.355s) Epoch 004/100: loss=[32m5.604151[0m
( 13.234s) Epoch 005/100: loss=[32m5.571333[0m  (  6.669s)  train_acc=[32m-0.001427[0m val_acc=[32m0.364484[0m test_acc=[32m0.275360[0m
( 12.952s) Epoch 006/100: loss=[32m5.554770[0m
( 13.299s) Epoch 007/100: loss=[32m5.539857[0m
( 13.388s) Epoch 008/100: loss=[32m5.530790[0m
( 13.289s) Epoch 009/100: loss=[32m5.526156[0m
( 13.440s) Epoch 010/100: loss=[32m5.522443[0m  (  7.358s)  train_acc=[32m-0.001390[0m val_acc=[32m0.926341[0m test_acc=[32m0.717816[0m
( 12.895s) Epoch 011/100: loss=[32m5.517923[0m
( 13.454s) Epoch 012/100: loss=[32m5.506853[0m
( 13.320s) Epoch 013/100: loss=[32m5.505938[0m
( 13.271s) Epoch 014/100: loss=[32m5.505140[0m
( 13.418s) Epoch 015/100: loss=[32m5.492396[0m  (  6.975s)  train_acc=-0.001435[0m val_acc=0.359504[0m test_acc=0.555803[0m
( 12.991s) Epoch 016/100: loss=[32m5.482580[0m
( 13.380s) Epoch 017/100: loss=[32m5.473280[0m
( 13.355s) Epoch 018/100: loss=[32m5.468581[0m
( 13.380s) Epoch 019/100: loss=[32m5.463279[0m
( 13.497s) Epoch 020/100: loss=[32m5.455565[0m  (  6.676s)  train_acc=-0.001454[0m val_acc=0.365681[0m test_acc=0.279085[0m
( 12.883s) Epoch 021/100: loss=5.455780[0m
( 13.336s) Epoch 022/100: loss=[32m5.447537[0m
( 13.353s) Epoch 023/100: loss=5.449293[0m
( 13.313s) Epoch 024/100: loss=[32m5.442601[0m
( 13.311s) Epoch 025/100: loss=5.444154[0m  (  6.508s)  train_acc=-0.001515[0m val_acc=0.395517[0m test_acc=0.288383[0m
( 12.892s) Epoch 026/100: loss=[32m5.440268[0m
( 13.418s) Epoch 027/100: loss=[32m5.435829[0m
( 13.289s) Epoch 028/100: loss=5.436002[0m
( 13.254s) Epoch 029/100: loss=[32m5.432202[0m
( 13.398s) Epoch 030/100: loss=[32m5.428669[0m  (  6.598s)  train_acc=-0.001552[0m val_acc=0.397498[0m test_acc=0.299511[0m
( 12.875s) Epoch 031/100: loss=[32m5.427853[0m
( 13.425s) Epoch 032/100: loss=[32m5.425372[0m
( 13.382s) Epoch 033/100: loss=[32m5.424443[0m
( 13.411s) Epoch 034/100: loss=[32m5.419397[0m
( 13.342s) Epoch 035/100: loss=5.419615[0m  (  6.653s)  train_acc=-0.001615[0m val_acc=0.394287[0m test_acc=0.280381[0m
( 13.004s) Epoch 036/100: loss=5.424238[0m
( 13.382s) Epoch 037/100: loss=[32m5.417546[0m
( 13.355s) Epoch 038/100: loss=[32m5.416058[0m
( 13.449s) Epoch 039/100: loss=5.416451[0m
( 13.333s) Epoch 040/100: loss=[32m5.414598[0m  (  8.077s)  train_acc=-0.001573[0m val_acc=0.362149[0m test_acc=0.264685[0m
( 12.950s) Epoch 041/100: loss=[32m5.412939[0m
( 13.270s) Epoch 042/100: loss=[32m5.410216[0m
( 13.362s) Epoch 043/100: loss=5.411348[0m
( 13.302s) Epoch 044/100: loss=5.411573[0m
( 13.326s) Epoch 045/100: loss=[32m5.409489[0m  (  6.793s)  train_acc=-0.001567[0m val_acc=0.396560[0m test_acc=0.281684[0m
( 12.779s) Epoch 046/100: loss=5.410200[0m
( 13.348s) Epoch 047/100: loss=[32m5.406929[0m
( 13.340s) Epoch 048/100: loss=5.409533[0m
( 13.307s) Epoch 049/100: loss=5.408040[0m
( 13.470s) Epoch 050/100: loss=[32m5.405861[0m  (  6.545s)  train_acc=-0.001537[0m val_acc=0.363948[0m test_acc=0.292677[0m
( 12.884s) Epoch 051/100: loss=[32m5.404700[0m
( 13.373s) Epoch 052/100: loss=[32m5.404697[0m
( 13.391s) Epoch 053/100: loss=5.405664[0m
( 13.326s) Epoch 054/100: loss=[32m5.403600[0m
( 13.340s) Epoch 055/100: loss=5.405528[0m  (  6.618s)  train_acc=-0.001614[0m val_acc=0.362954[0m test_acc=0.288483[0m
( 12.938s) Epoch 056/100: loss=[32m5.401502[0m
( 13.403s) Epoch 057/100: loss=5.403749[0m
( 13.368s) Epoch 058/100: loss=5.406168[0m
( 13.423s) Epoch 059/100: loss=5.402078[0m
( 13.335s) Epoch 060/100: loss=5.402161[0m  (  6.540s)  train_acc=-0.001503[0m val_acc=0.392263[0m test_acc=0.311190[0m
( 12.930s) Epoch 061/100: loss=[32m5.400315[0m
( 13.399s) Epoch 062/100: loss=[32m5.399436[0m
( 13.349s) Epoch 063/100: loss=5.403133[0m
( 13.343s) Epoch 064/100: loss=5.399899[0m
( 13.403s) Epoch 065/100: loss=5.403529[0m  (  7.703s)  train_acc=-0.001587[0m val_acc=0.363052[0m test_acc=0.289195[0m
( 12.929s) Epoch 066/100: loss=5.399839[0m
( 13.480s) Epoch 067/100: loss=5.400016[0m
( 13.357s) Epoch 068/100: loss=[32m5.398673[0m
( 13.326s) Epoch 069/100: loss=[32m5.398602[0m
( 13.257s) Epoch 070/100: loss=[32m5.397778[0m  (  6.602s)  train_acc=-0.001580[0m val_acc=0.396068[0m test_acc=0.306131[0m
( 12.818s) Epoch 071/100: loss=5.399106[0m
( 13.342s) Epoch 072/100: loss=[32m5.394890[0m
( 13.360s) Epoch 073/100: loss=5.399382[0m
( 13.366s) Epoch 074/100: loss=5.398611[0m
( 13.248s) Epoch 075/100: loss=5.398328[0m  (  6.750s)  train_acc=-0.001630[0m val_acc=0.365633[0m test_acc=0.545089[0m
( 12.900s) Epoch 076/100: loss=5.395531[0m
( 13.327s) Epoch 077/100: loss=[32m5.394828[0m
( 13.378s) Epoch 078/100: loss=5.396747[0m
( 13.403s) Epoch 079/100: loss=5.399716[0m
( 13.233s) Epoch 080/100: loss=5.399514[0m  (  6.518s)  train_acc=-0.001518[0m val_acc=0.395829[0m test_acc=0.306600[0m
( 12.935s) Epoch 081/100: loss=5.397212[0m
( 13.341s) Epoch 082/100: loss=5.397965[0m
( 13.335s) Epoch 083/100: loss=5.397520[0m
( 13.319s) Epoch 084/100: loss=5.395872[0m
( 13.386s) Epoch 085/100: loss=5.398975[0m  (  6.562s)  train_acc=-0.001570[0m val_acc=0.392986[0m test_acc=0.309813[0m
( 12.804s) Epoch 086/100: loss=5.396282[0m
( 13.355s) Epoch 087/100: loss=5.398237[0m
( 13.336s) Epoch 088/100: loss=5.398666[0m
( 13.309s) Epoch 089/100: loss=5.397160[0m
( 13.367s) Epoch 090/100: loss=[32m5.394000[0m  (  7.745s)  train_acc=-0.001627[0m val_acc=0.398004[0m test_acc=0.299930[0m
( 12.932s) Epoch 091/100: loss=5.397567[0m
( 13.403s) Epoch 092/100: loss=5.397800[0m
( 13.346s) Epoch 093/100: loss=[32m5.393927[0m
( 13.334s) Epoch 094/100: loss=5.394818[0m
( 13.345s) Epoch 095/100: loss=5.396589[0m  (  6.655s)  train_acc=-0.001489[0m val_acc=0.392667[0m test_acc=0.298524[0m
( 12.947s) Epoch 096/100: loss=5.398772[0m
( 13.307s) Epoch 097/100: loss=5.397855[0m
( 13.305s) Epoch 098/100: loss=5.398082[0m
( 13.321s) Epoch 099/100: loss=5.396596[0m
( 13.319s) Epoch 100/100: loss=5.396263[0m  (  5.197s)  train_acc=-0.001545[0m val_acc=0.394213[0m test_acc=0.309976[0m
Training for 100 epochs took 1327.084s total and 13.271s average
Saving best model and options to cifar100fs_experiments/CropResize_GaussBlur_runs/run2.pth
