Namespace(T_max=100, backbone='resnet50', base_learning_rate=0.01, base_optimizer='SGD', batch_size=256, dampening=0.0, dataset='cifar100fs', dataset_root=None, episode_strat='SimpleShotEpisodes', eval_freq=5, first_augment='CropResize', head='SimpleMLP', jitter_strength=1.0, k_shot=5, load_from=None, local_rank=0, log_file='cifar100fs_experiments/CropResize_GaussBlur_runs/run4.out', loss_function='NTXent', model='SimCLRModel', momentum=0.9, n_way=5, nesterov=True, ntxent_temp=1.0, num_epochs=100, num_query=15, num_test_tasks=10000, num_workers=4, pin_memory=True, pretrained=False, progress=False, projection_dim=128, save_model=True, save_path='cifar100fs_experiments/CropResize_GaussBlur_runs/run4.pth', scheduler='CosineAnnealingLR', second_augment='GaussBlur', secondary_optimizer='LARS', shuffle=True, simple_opt=False, weight_decay=0.0001)
Starting Training on:
Train:  64 classes
Valid:  16 classes
Test:   20 classes
------------------
( 13.572s) Epoch 001/100: loss=[32m5.929191[0m
( 13.363s) Epoch 002/100: loss=[32m5.709510[0m
( 13.379s) Epoch 003/100: loss=[32m5.646314[0m
( 13.349s) Epoch 004/100: loss=[32m5.611654[0m
( 13.239s) Epoch 005/100: loss=[32m5.591493[0m  (  6.581s)  train_acc=[32m-0.001400[0m val_acc=[32m0.362003[0m test_acc=[32m0.280700[0m
( 12.832s) Epoch 006/100: loss=[32m5.572026[0m
( 13.373s) Epoch 007/100: loss=[32m5.554531[0m
( 13.330s) Epoch 008/100: loss=[32m5.541156[0m
( 13.297s) Epoch 009/100: loss=[32m5.527753[0m
( 13.390s) Epoch 010/100: loss=[32m5.521523[0m  (  7.820s)  train_acc=-0.001475[0m val_acc=[32m0.923938[0m test_acc=0.238241[0m
( 12.933s) Epoch 011/100: loss=[32m5.512938[0m
( 13.342s) Epoch 012/100: loss=[32m5.508091[0m
( 13.276s) Epoch 013/100: loss=[32m5.501945[0m
( 13.424s) Epoch 014/100: loss=[32m5.492861[0m
( 13.256s) Epoch 015/100: loss=[32m5.481224[0m  (  6.458s)  train_acc=[32m-0.001372[0m val_acc=0.365169[0m test_acc=0.236182[0m
( 12.839s) Epoch 016/100: loss=[32m5.470979[0m
( 13.324s) Epoch 017/100: loss=[32m5.460526[0m
( 13.330s) Epoch 018/100: loss=[32m5.456702[0m
( 13.416s) Epoch 019/100: loss=[32m5.455606[0m
( 13.278s) Epoch 020/100: loss=[32m5.452657[0m  (  6.607s)  train_acc=-0.001502[0m val_acc=0.394869[0m test_acc=0.256067[0m
( 12.799s) Epoch 021/100: loss=[32m5.451973[0m
( 13.302s) Epoch 022/100: loss=[32m5.445409[0m
( 13.351s) Epoch 023/100: loss=[32m5.444415[0m
( 13.333s) Epoch 024/100: loss=[32m5.440583[0m
( 13.370s) Epoch 025/100: loss=[32m5.437234[0m  (  6.627s)  train_acc=-0.001553[0m val_acc=0.363873[0m test_acc=[32m0.545571[0m
( 12.855s) Epoch 026/100: loss=[32m5.434871[0m
( 13.360s) Epoch 027/100: loss=[32m5.431055[0m
( 13.261s) Epoch 028/100: loss=5.433166[0m
( 13.349s) Epoch 029/100: loss=5.435126[0m
( 13.361s) Epoch 030/100: loss=[32m5.429157[0m  (  6.508s)  train_acc=-0.001572[0m val_acc=0.360793[0m test_acc=0.288222[0m
( 12.857s) Epoch 031/100: loss=[32m5.426653[0m
( 13.284s) Epoch 032/100: loss=5.427931[0m
( 13.363s) Epoch 033/100: loss=[32m5.424388[0m
( 13.400s) Epoch 034/100: loss=[32m5.422401[0m
( 13.310s) Epoch 035/100: loss=[32m5.418786[0m  (  7.336s)  train_acc=-0.001543[0m val_acc=0.396560[0m test_acc=0.291958[0m
( 12.911s) Epoch 036/100: loss=[32m5.418590[0m
( 13.300s) Epoch 037/100: loss=[32m5.417769[0m
( 13.350s) Epoch 038/100: loss=[32m5.415807[0m
( 13.257s) Epoch 039/100: loss=[32m5.414575[0m
( 13.356s) Epoch 040/100: loss=[32m5.414176[0m  (  7.270s)  train_acc=-0.001503[0m val_acc=0.392870[0m test_acc=0.288559[0m
( 12.860s) Epoch 041/100: loss=[32m5.411931[0m
( 13.297s) Epoch 042/100: loss=[32m5.408477[0m
( 13.251s) Epoch 043/100: loss=[32m5.408379[0m
( 13.348s) Epoch 044/100: loss=[32m5.405423[0m
( 13.427s) Epoch 045/100: loss=5.408991[0m  (  6.604s)  train_acc=-0.001539[0m val_acc=0.362630[0m test_acc=[32m0.545847[0m
( 12.948s) Epoch 046/100: loss=[32m5.405382[0m
( 13.325s) Epoch 047/100: loss=5.405967[0m
( 13.233s) Epoch 048/100: loss=[32m5.404908[0m
( 13.409s) Epoch 049/100: loss=[32m5.404717[0m
( 13.404s) Epoch 050/100: loss=[32m5.402267[0m  (  6.583s)  train_acc=-0.001589[0m val_acc=0.394484[0m test_acc=0.298347[0m
( 12.825s) Epoch 051/100: loss=5.404223[0m
( 13.279s) Epoch 052/100: loss=5.403930[0m
( 13.367s) Epoch 053/100: loss=5.402489[0m
( 13.368s) Epoch 054/100: loss=[32m5.397685[0m
( 13.395s) Epoch 055/100: loss=5.402684[0m  (  6.503s)  train_acc=-0.001441[0m val_acc=0.393873[0m test_acc=0.309611[0m
( 12.899s) Epoch 056/100: loss=5.400467[0m
( 13.244s) Epoch 057/100: loss=5.398984[0m
( 13.305s) Epoch 058/100: loss=[32m5.397461[0m
( 13.356s) Epoch 059/100: loss=[32m5.394500[0m
( 13.268s) Epoch 060/100: loss=5.394609[0m  (  6.579s)  train_acc=-0.001517[0m val_acc=0.393093[0m test_acc=0.307658[0m
( 12.886s) Epoch 061/100: loss=5.399483[0m
( 13.213s) Epoch 062/100: loss=5.398860[0m
( 13.450s) Epoch 063/100: loss=5.394748[0m
( 13.349s) Epoch 064/100: loss=5.396193[0m
( 13.404s) Epoch 065/100: loss=5.395295[0m  (  8.026s)  train_acc=-0.001571[0m val_acc=0.365412[0m test_acc=0.289301[0m
( 12.874s) Epoch 066/100: loss=5.395792[0m
( 13.226s) Epoch 067/100: loss=5.395143[0m
( 13.393s) Epoch 068/100: loss=[32m5.394108[0m
( 13.307s) Epoch 069/100: loss=5.394546[0m
( 13.391s) Epoch 070/100: loss=[32m5.392949[0m  (  6.595s)  train_acc=-0.001510[0m val_acc=0.394678[0m test_acc=0.287375[0m
( 12.937s) Epoch 071/100: loss=[32m5.392127[0m
( 13.414s) Epoch 072/100: loss=5.393135[0m
( 13.375s) Epoch 073/100: loss=5.392761[0m
( 13.350s) Epoch 074/100: loss=5.394551[0m
( 13.300s) Epoch 075/100: loss=5.394141[0m  (  6.642s)  train_acc=-0.001535[0m val_acc=0.393523[0m test_acc=0.309398[0m
( 12.960s) Epoch 076/100: loss=[32m5.392094[0m
( 13.330s) Epoch 077/100: loss=[32m5.390362[0m
( 13.344s) Epoch 078/100: loss=5.392001[0m
( 13.353s) Epoch 079/100: loss=5.392858[0m
( 13.342s) Epoch 080/100: loss=[32m5.390002[0m  (  6.612s)  train_acc=-0.001485[0m val_acc=0.359538[0m test_acc=0.288012[0m
( 12.835s) Epoch 081/100: loss=5.392477[0m
( 13.289s) Epoch 082/100: loss=5.394479[0m
( 13.290s) Epoch 083/100: loss=5.393552[0m
( 13.290s) Epoch 084/100: loss=[32m5.388861[0m
( 13.325s) Epoch 085/100: loss=5.391429[0m  (  6.511s)  train_acc=-0.001553[0m val_acc=0.393389[0m test_acc=0.295666[0m
( 13.007s) Epoch 086/100: loss=5.391817[0m
( 13.377s) Epoch 087/100: loss=5.391168[0m
( 13.320s) Epoch 088/100: loss=5.390425[0m
( 13.322s) Epoch 089/100: loss=5.392137[0m
( 13.315s) Epoch 090/100: loss=5.389426[0m  (  8.066s)  train_acc=-0.001607[0m val_acc=0.389422[0m test_acc=0.311480[0m
( 12.866s) Epoch 091/100: loss=5.391279[0m
( 13.343s) Epoch 092/100: loss=5.389749[0m
( 13.381s) Epoch 093/100: loss=5.390431[0m
( 13.335s) Epoch 094/100: loss=5.394879[0m
( 13.358s) Epoch 095/100: loss=5.390293[0m  (  6.435s)  train_acc=-0.001523[0m val_acc=0.389456[0m test_acc=0.309320[0m
( 12.881s) Epoch 096/100: loss=5.389474[0m
( 13.367s) Epoch 097/100: loss=5.392174[0m
( 13.414s) Epoch 098/100: loss=5.392479[0m
( 13.349s) Epoch 099/100: loss=5.393170[0m
( 13.308s) Epoch 100/100: loss=5.391429[0m  (  5.216s)  train_acc=-0.001549[0m val_acc=0.393747[0m test_acc=0.312351[0m
Training for 100 epochs took 1325.249s total and 13.252s average
Saving best model and options to cifar100fs_experiments/CropResize_GaussBlur_runs/run4.pth
