Namespace(T_max=100, backbone='resnet50', base_learning_rate=0.01, base_optimizer='SGD', batch_size=256, dampening=0.0, dataset='cifar100fs', dataset_root=None, episode_strat='SimpleShotEpisodes', eval_freq=5, first_augment='CropResize', head='SimpleMLP', jitter_strength=1.0, k_shot=5, load_from=None, local_rank=0, log_file='cifar100fs_experiments/CropResize_GaussBlur_runs/run6.out', loss_function='NTXent', model='SimCLRModel', momentum=0.9, n_way=5, nesterov=True, ntxent_temp=1.0, num_epochs=100, num_query=15, num_test_tasks=10000, num_workers=4, pin_memory=True, pretrained=False, progress=False, projection_dim=128, save_model=True, save_path='cifar100fs_experiments/CropResize_GaussBlur_runs/run6.pth', scheduler='CosineAnnealingLR', second_augment='GaussBlur', secondary_optimizer='LARS', shuffle=True, simple_opt=False, weight_decay=0.0001)
Starting Training on:
Train:  64 classes
Valid:  16 classes
Test:   20 classes
------------------
( 13.541s) Epoch 001/100: loss=[32m5.940631[0m
( 13.545s) Epoch 002/100: loss=[32m5.728146[0m
( 13.343s) Epoch 003/100: loss=[32m5.656593[0m
( 13.369s) Epoch 004/100: loss=[32m5.610172[0m
( 13.332s) Epoch 005/100: loss=[32m5.579275[0m  (  7.433s)  train_acc=[32m-0.001323[0m val_acc=[32m0.358831[0m test_acc=[32m0.274672[0m
( 12.932s) Epoch 006/100: loss=[32m5.563608[0m
( 13.379s) Epoch 007/100: loss=[32m5.541968[0m
( 13.378s) Epoch 008/100: loss=[32m5.539049[0m
( 13.403s) Epoch 009/100: loss=[32m5.523209[0m
( 13.363s) Epoch 010/100: loss=[32m5.517811[0m  (  7.277s)  train_acc=-0.001426[0m val_acc=[32m0.905827[0m test_acc=0.237965[0m
( 12.946s) Epoch 011/100: loss=[32m5.513026[0m
( 13.361s) Epoch 012/100: loss=[32m5.503983[0m
( 13.395s) Epoch 013/100: loss=[32m5.487006[0m
( 13.392s) Epoch 014/100: loss=[32m5.478627[0m
( 13.355s) Epoch 015/100: loss=[32m5.469772[0m  (  6.579s)  train_acc=-0.001565[0m val_acc=0.360789[0m test_acc=[32m0.291355[0m
( 13.007s) Epoch 016/100: loss=[32m5.462689[0m
( 13.398s) Epoch 017/100: loss=[32m5.461565[0m
( 13.287s) Epoch 018/100: loss=[32m5.455941[0m
( 13.355s) Epoch 019/100: loss=[32m5.452397[0m
( 13.453s) Epoch 020/100: loss=[32m5.446522[0m  (  6.511s)  train_acc=-0.001491[0m val_acc=0.366054[0m test_acc=0.232501[0m
( 12.904s) Epoch 021/100: loss=[32m5.446257[0m
( 13.357s) Epoch 022/100: loss=[32m5.444504[0m
( 13.256s) Epoch 023/100: loss=[32m5.442155[0m
( 13.443s) Epoch 024/100: loss=[32m5.438964[0m
( 13.380s) Epoch 025/100: loss=[32m5.438349[0m  (  6.464s)  train_acc=-0.001550[0m val_acc=0.361445[0m test_acc=0.240069[0m
( 12.888s) Epoch 026/100: loss=[32m5.432293[0m
( 13.265s) Epoch 027/100: loss=5.433459[0m
( 13.396s) Epoch 028/100: loss=[32m5.430673[0m
( 13.448s) Epoch 029/100: loss=[32m5.426590[0m
( 13.449s) Epoch 030/100: loss=[32m5.421282[0m  (  6.565s)  train_acc=-0.001506[0m val_acc=0.360006[0m test_acc=0.290258[0m
( 12.897s) Epoch 031/100: loss=[32m5.418568[0m
( 13.388s) Epoch 032/100: loss=[32m5.418050[0m
( 13.342s) Epoch 033/100: loss=[32m5.417510[0m
( 13.404s) Epoch 034/100: loss=5.418436[0m
( 13.394s) Epoch 035/100: loss=[32m5.415022[0m  (  8.095s)  train_acc=-0.001434[0m val_acc=0.393645[0m test_acc=[32m0.310203[0m
( 12.952s) Epoch 036/100: loss=5.415401[0m
( 13.360s) Epoch 037/100: loss=[32m5.412764[0m
( 13.371s) Epoch 038/100: loss=5.413108[0m
( 13.333s) Epoch 039/100: loss=[32m5.410297[0m
( 13.478s) Epoch 040/100: loss=[32m5.407800[0m  (  6.520s)  train_acc=-0.001517[0m val_acc=0.359145[0m test_acc=[32m0.550874[0m
( 12.950s) Epoch 041/100: loss=5.409158[0m
( 13.472s) Epoch 042/100: loss=5.409683[0m
( 13.392s) Epoch 043/100: loss=5.408217[0m
( 13.339s) Epoch 044/100: loss=5.409940[0m
( 13.472s) Epoch 045/100: loss=[32m5.406845[0m  (  6.685s)  train_acc=-0.001554[0m val_acc=0.390738[0m test_acc=0.286225[0m
( 12.955s) Epoch 046/100: loss=[32m5.406666[0m
( 13.366s) Epoch 047/100: loss=[32m5.404288[0m
( 13.329s) Epoch 048/100: loss=[32m5.403325[0m
( 13.401s) Epoch 049/100: loss=[32m5.401523[0m
( 13.533s) Epoch 050/100: loss=5.402700[0m  (  6.656s)  train_acc=-0.001532[0m val_acc=0.360480[0m test_acc=0.290132[0m
( 13.037s) Epoch 051/100: loss=5.404929[0m
( 13.406s) Epoch 052/100: loss=5.403489[0m
( 13.407s) Epoch 053/100: loss=[32m5.401270[0m
( 13.436s) Epoch 054/100: loss=5.402932[0m
( 13.517s) Epoch 055/100: loss=5.402210[0m  (  6.518s)  train_acc=-0.001505[0m val_acc=0.359419[0m test_acc=0.268701[0m
( 12.976s) Epoch 056/100: loss=[32m5.398377[0m
( 13.387s) Epoch 057/100: loss=5.398476[0m
( 13.415s) Epoch 058/100: loss=5.399339[0m
( 13.460s) Epoch 059/100: loss=[32m5.396067[0m
( 13.498s) Epoch 060/100: loss=5.399381[0m  (  8.315s)  train_acc=-0.001592[0m val_acc=0.364098[0m test_acc=0.287524[0m
( 12.938s) Epoch 061/100: loss=5.397335[0m
( 13.599s) Epoch 062/100: loss=5.397035[0m
( 13.400s) Epoch 063/100: loss=5.398788[0m
( 13.294s) Epoch 064/100: loss=[32m5.394963[0m
( 13.359s) Epoch 065/100: loss=[32m5.393282[0m  (  6.704s)  train_acc=-0.001555[0m val_acc=0.386754[0m test_acc=0.312196[0m
( 12.936s) Epoch 066/100: loss=5.398264[0m
( 13.309s) Epoch 067/100: loss=5.396358[0m
( 13.364s) Epoch 068/100: loss=5.396691[0m
( 13.346s) Epoch 069/100: loss=5.394525[0m
( 13.356s) Epoch 070/100: loss=5.396401[0m  (  6.626s)  train_acc=-0.001499[0m val_acc=0.390726[0m test_acc=0.312831[0m
( 12.923s) Epoch 071/100: loss=5.395035[0m
( 13.372s) Epoch 072/100: loss=[32m5.392748[0m
( 13.508s) Epoch 073/100: loss=5.396470[0m
( 13.354s) Epoch 074/100: loss=5.396803[0m
( 13.432s) Epoch 075/100: loss=5.396228[0m  (  6.581s)  train_acc=-0.001580[0m val_acc=0.394374[0m test_acc=0.257258[0m
( 12.884s) Epoch 076/100: loss=5.392883[0m
( 13.503s) Epoch 077/100: loss=5.393047[0m
( 13.476s) Epoch 078/100: loss=5.397336[0m
( 13.341s) Epoch 079/100: loss=[32m5.390295[0m
( 13.460s) Epoch 080/100: loss=5.395081[0m  (  6.670s)  train_acc=-0.001542[0m val_acc=0.388189[0m test_acc=0.311713[0m
( 13.064s) Epoch 081/100: loss=5.394951[0m
( 13.427s) Epoch 082/100: loss=5.394298[0m
( 13.479s) Epoch 083/100: loss=5.391890[0m
( 13.351s) Epoch 084/100: loss=5.394295[0m
( 13.384s) Epoch 085/100: loss=5.393277[0m  (  8.218s)  train_acc=-0.001485[0m val_acc=0.392448[0m test_acc=0.310600[0m
( 12.935s) Epoch 086/100: loss=5.393432[0m
( 13.477s) Epoch 087/100: loss=5.393296[0m
( 13.411s) Epoch 088/100: loss=5.392597[0m
( 13.283s) Epoch 089/100: loss=5.392395[0m
( 13.462s) Epoch 090/100: loss=5.393665[0m  (  6.636s)  train_acc=-0.001469[0m val_acc=0.392532[0m test_acc=[32m0.581715[0m
( 13.002s) Epoch 091/100: loss=5.393476[0m
( 13.395s) Epoch 092/100: loss=5.393344[0m
( 13.407s) Epoch 093/100: loss=5.392492[0m
( 13.373s) Epoch 094/100: loss=5.393514[0m
( 13.338s) Epoch 095/100: loss=5.392509[0m  (  6.563s)  train_acc=-0.001550[0m val_acc=0.354487[0m test_acc=0.538063[0m
( 12.892s) Epoch 096/100: loss=5.392452[0m
( 13.401s) Epoch 097/100: loss=5.392416[0m
( 13.462s) Epoch 098/100: loss=5.393689[0m
( 13.359s) Epoch 099/100: loss=5.392332[0m
( 13.401s) Epoch 100/100: loss=5.395347[0m  (  5.238s)  train_acc=-0.001524[0m val_acc=0.360875[0m test_acc=0.534530[0m
Training for 100 epochs took 1331.438s total and 13.314s average
Saving best model and options to cifar100fs_experiments/CropResize_GaussBlur_runs/run6.pth
