Namespace(T_max=100, backbone='resnet50', base_learning_rate=0.01, base_optimizer='SGD', batch_size=256, dampening=0.0, dataset='cifar100fs', dataset_root=None, episode_strat='SimpleShotEpisodes', eval_freq=5, first_augment='CropResize', head='SimpleMLP', jitter_strength=1.0, k_shot=5, load_from=None, local_rank=0, log_file='cifar100fs_experiments/CropResize_GaussBlur_runs/run7.out', loss_function='NTXent', model='SimCLRModel', momentum=0.9, n_way=5, nesterov=True, ntxent_temp=1.0, num_epochs=100, num_query=15, num_test_tasks=10000, num_workers=4, pin_memory=True, pretrained=False, progress=False, projection_dim=128, save_model=True, save_path='cifar100fs_experiments/CropResize_GaussBlur_runs/run7.pth', scheduler='CosineAnnealingLR', second_augment='GaussBlur', secondary_optimizer='LARS', shuffle=True, simple_opt=False, weight_decay=0.0001)
Starting Training on:
Train:  64 classes
Valid:  16 classes
Test:   20 classes
------------------
( 13.623s) Epoch 001/100: loss=[32m5.930689[0m
( 13.384s) Epoch 002/100: loss=[32m5.734177[0m
( 13.355s) Epoch 003/100: loss=[32m5.686203[0m
( 13.274s) Epoch 004/100: loss=[32m5.654807[0m
( 13.447s) Epoch 005/100: loss=[32m5.639887[0m  (  8.254s)  train_acc=[32m-0.001445[0m val_acc=[32m-0.004655[0m test_acc=[32m-0.003047[0m
( 12.910s) Epoch 006/100: loss=[32m5.623474[0m
( 13.369s) Epoch 007/100: loss=[32m5.610502[0m
( 13.378s) Epoch 008/100: loss=[32m5.600541[0m
( 13.436s) Epoch 009/100: loss=[32m5.593728[0m
( 13.385s) Epoch 010/100: loss=[32m5.585261[0m  (  6.837s)  train_acc=[32m-0.001440[0m val_acc=-0.004803[0m test_acc=-0.003795[0m
( 13.019s) Epoch 011/100: loss=[32m5.555823[0m
( 13.447s) Epoch 012/100: loss=[32m5.513182[0m
( 13.428s) Epoch 013/100: loss=[32m5.486404[0m
( 13.414s) Epoch 014/100: loss=[32m5.475220[0m
( 13.361s) Epoch 015/100: loss=[32m5.468991[0m  (  6.730s)  train_acc=-0.001516[0m val_acc=-0.005121[0m test_acc=-0.003562[0m
( 12.962s) Epoch 016/100: loss=[32m5.461040[0m
( 13.429s) Epoch 017/100: loss=[32m5.454721[0m
( 13.369s) Epoch 018/100: loss=[32m5.448969[0m
( 13.474s) Epoch 019/100: loss=[32m5.445291[0m
( 13.418s) Epoch 020/100: loss=[32m5.444368[0m  (  6.712s)  train_acc=-0.001597[0m val_acc=[32m-0.003847[0m test_acc=-0.003946[0m
( 12.988s) Epoch 021/100: loss=5.447677[0m
( 13.419s) Epoch 022/100: loss=5.444627[0m
( 13.365s) Epoch 023/100: loss=[32m5.441742[0m
( 13.371s) Epoch 024/100: loss=[32m5.441632[0m
( 13.327s) Epoch 025/100: loss=[32m5.436427[0m  (  6.595s)  train_acc=-0.001513[0m val_acc=-0.005709[0m test_acc=-0.004219[0m
( 12.893s) Epoch 026/100: loss=[32m5.434018[0m
( 13.431s) Epoch 027/100: loss=[32m5.433213[0m
( 13.325s) Epoch 028/100: loss=5.436081[0m
( 13.387s) Epoch 029/100: loss=5.433347[0m
( 13.420s) Epoch 030/100: loss=[32m5.431706[0m  (  8.287s)  train_acc=-0.001581[0m val_acc=-0.005453[0m test_acc=-0.003612[0m
( 13.036s) Epoch 031/100: loss=[32m5.430911[0m
( 13.374s) Epoch 032/100: loss=[32m5.426352[0m
( 13.410s) Epoch 033/100: loss=[32m5.425061[0m
( 13.495s) Epoch 034/100: loss=[32m5.422429[0m
( 13.409s) Epoch 035/100: loss=5.422632[0m  (  6.660s)  train_acc=-0.001585[0m val_acc=-0.004836[0m test_acc=-0.003893[0m
( 12.967s) Epoch 036/100: loss=[32m5.418801[0m
( 13.369s) Epoch 037/100: loss=[32m5.418257[0m
( 13.294s) Epoch 038/100: loss=[32m5.417855[0m
( 13.356s) Epoch 039/100: loss=5.418174[0m
( 13.481s) Epoch 040/100: loss=[32m5.413658[0m  (  6.749s)  train_acc=-0.001532[0m val_acc=-0.005424[0m test_acc=-0.004007[0m
( 12.852s) Epoch 041/100: loss=5.415151[0m
( 13.440s) Epoch 042/100: loss=[32m5.412942[0m
( 13.319s) Epoch 043/100: loss=5.413193[0m
( 13.330s) Epoch 044/100: loss=[32m5.412463[0m
( 13.548s) Epoch 045/100: loss=[32m5.406246[0m  (  6.692s)  train_acc=-0.001587[0m val_acc=-0.004840[0m test_acc=-0.003682[0m
( 13.031s) Epoch 046/100: loss=5.410049[0m
( 13.447s) Epoch 047/100: loss=5.409534[0m
( 13.493s) Epoch 048/100: loss=5.409971[0m
( 13.399s) Epoch 049/100: loss=5.410433[0m
( 13.369s) Epoch 050/100: loss=5.408166[0m  (  6.643s)  train_acc=-0.001514[0m val_acc=-0.004439[0m test_acc=-0.003129[0m
( 12.912s) Epoch 051/100: loss=[32m5.403959[0m
( 13.465s) Epoch 052/100: loss=5.405670[0m
( 13.468s) Epoch 053/100: loss=5.405786[0m
( 13.498s) Epoch 054/100: loss=5.406866[0m
( 13.401s) Epoch 055/100: loss=5.405697[0m  (  8.273s)  train_acc=-0.001511[0m val_acc=-0.004510[0m test_acc=-0.003711[0m
( 12.958s) Epoch 056/100: loss=5.406881[0m
( 13.479s) Epoch 057/100: loss=5.407254[0m
( 13.378s) Epoch 058/100: loss=[32m5.402028[0m
( 13.456s) Epoch 059/100: loss=5.403512[0m
( 13.457s) Epoch 060/100: loss=5.402680[0m  (  6.640s)  train_acc=-0.001556[0m val_acc=-0.004676[0m test_acc=-0.003735[0m
( 12.819s) Epoch 061/100: loss=[32m5.401480[0m
( 13.329s) Epoch 062/100: loss=5.401502[0m
( 13.480s) Epoch 063/100: loss=5.403386[0m
( 13.486s) Epoch 064/100: loss=5.403207[0m
( 13.454s) Epoch 065/100: loss=5.401943[0m  (  6.754s)  train_acc=-0.001538[0m val_acc=[32m-0.003719[0m test_acc=-0.003547[0m
( 12.974s) Epoch 066/100: loss=5.402673[0m
( 13.494s) Epoch 067/100: loss=5.401592[0m
( 13.449s) Epoch 068/100: loss=5.403945[0m
( 13.420s) Epoch 069/100: loss=[32m5.401311[0m
( 13.441s) Epoch 070/100: loss=[32m5.399274[0m  (  6.618s)  train_acc=-0.001600[0m val_acc=-0.004381[0m test_acc=[32m-0.002642[0m
( 12.983s) Epoch 071/100: loss=[32m5.398434[0m
( 13.435s) Epoch 072/100: loss=5.401010[0m
( 13.432s) Epoch 073/100: loss=5.400901[0m
( 13.361s) Epoch 074/100: loss=[32m5.397549[0m
( 13.438s) Epoch 075/100: loss=5.400526[0m  (  6.632s)  train_acc=-0.001501[0m val_acc=-0.004679[0m test_acc=-0.004084[0m
( 13.060s) Epoch 076/100: loss=[32m5.396913[0m
( 13.343s) Epoch 077/100: loss=5.398019[0m
( 13.378s) Epoch 078/100: loss=5.398212[0m
( 13.386s) Epoch 079/100: loss=5.400809[0m
( 13.431s) Epoch 080/100: loss=5.400815[0m  (  8.483s)  train_acc=-0.001493[0m val_acc=-0.005127[0m test_acc=-0.003263[0m
( 12.931s) Epoch 081/100: loss=5.399612[0m
( 13.421s) Epoch 082/100: loss=5.399715[0m
( 13.445s) Epoch 083/100: loss=5.404298[0m
( 13.427s) Epoch 084/100: loss=5.401570[0m
( 13.443s) Epoch 085/100: loss=5.400516[0m  (  6.631s)  train_acc=-0.001535[0m val_acc=-0.004896[0m test_acc=-0.003131[0m
( 12.901s) Epoch 086/100: loss=5.399891[0m
( 13.347s) Epoch 087/100: loss=5.398401[0m
( 13.428s) Epoch 088/100: loss=5.397835[0m
( 13.325s) Epoch 089/100: loss=5.398749[0m
( 13.400s) Epoch 090/100: loss=5.398249[0m  (  6.593s)  train_acc=-0.001552[0m val_acc=-0.004636[0m test_acc=-0.003770[0m
( 12.892s) Epoch 091/100: loss=5.399548[0m
( 13.327s) Epoch 092/100: loss=5.398544[0m
( 13.511s) Epoch 093/100: loss=5.397184[0m
( 13.420s) Epoch 094/100: loss=5.398432[0m
( 13.465s) Epoch 095/100: loss=5.398987[0m  (  6.584s)  train_acc=-0.001502[0m val_acc=-0.004884[0m test_acc=-0.003422[0m
( 13.019s) Epoch 096/100: loss=5.399722[0m
( 13.421s) Epoch 097/100: loss=5.397990[0m
( 13.349s) Epoch 098/100: loss=5.399035[0m
( 13.397s) Epoch 099/100: loss=5.397451[0m
( 13.414s) Epoch 100/100: loss=5.398628[0m  (  5.246s)  train_acc=-0.001590[0m val_acc=-0.005037[0m test_acc=-0.003377[0m
Training for 100 epochs took 1332.575s total and 13.326s average
Saving best model and options to cifar100fs_experiments/CropResize_GaussBlur_runs/run7.pth
