Namespace(T_max=100, backbone='resnet50', base_learning_rate=0.01, base_optimizer='SGD', batch_size=256, dampening=0.0, dataset='cifar100fs', dataset_root=None, episode_strat='SimpleShotEpisodes', eval_freq=5, first_augment='CropResize', head='SimpleMLP', jitter_strength=1.0, k_shot=5, load_from=None, local_rank=0, log_file='cifar100fs_experiments/CropResize_GaussBlur_runs/run8.out', loss_function='NTXent', model='SimCLRModel', momentum=0.9, n_way=5, nesterov=True, ntxent_temp=1.0, num_epochs=100, num_query=15, num_test_tasks=10000, num_workers=4, pin_memory=True, pretrained=False, progress=False, projection_dim=128, save_model=True, save_path='cifar100fs_experiments/CropResize_GaussBlur_runs/run8.pth', scheduler='CosineAnnealingLR', second_augment='GaussBlur', secondary_optimizer='LARS', shuffle=True, simple_opt=False, weight_decay=0.0001)
Starting Training on:
Train:  64 classes
Valid:  16 classes
Test:   20 classes
------------------
( 13.602s) Epoch 001/100: loss=[32m5.921532[0m
( 13.382s) Epoch 002/100: loss=[32m5.702126[0m
( 13.312s) Epoch 003/100: loss=[32m5.630335[0m
( 13.442s) Epoch 004/100: loss=[32m5.590921[0m
( 13.531s) Epoch 005/100: loss=[32m5.564611[0m  (  8.111s)  train_acc=[32m-0.001390[0m val_acc=[32m-0.004984[0m test_acc=[32m-0.003870[0m
( 12.990s) Epoch 006/100: loss=[32m5.551305[0m
( 13.417s) Epoch 007/100: loss=[32m5.532125[0m
( 13.406s) Epoch 008/100: loss=[32m5.527718[0m
( 13.352s) Epoch 009/100: loss=[32m5.517999[0m
( 13.510s) Epoch 010/100: loss=[32m5.507050[0m  (  6.571s)  train_acc=[32m-0.001327[0m val_acc=[32m-0.004788[0m test_acc=[32m-0.003671[0m
( 12.893s) Epoch 011/100: loss=[32m5.501855[0m
( 13.396s) Epoch 012/100: loss=[32m5.484231[0m
( 13.412s) Epoch 013/100: loss=[32m5.478271[0m
( 13.441s) Epoch 014/100: loss=[32m5.470335[0m
( 13.506s) Epoch 015/100: loss=[32m5.463122[0m  (  6.709s)  train_acc=-0.001537[0m val_acc=-0.005073[0m test_acc=-0.003729[0m
( 12.958s) Epoch 016/100: loss=[32m5.455695[0m
( 13.498s) Epoch 017/100: loss=[32m5.451589[0m
( 13.436s) Epoch 018/100: loss=[32m5.449878[0m
( 13.410s) Epoch 019/100: loss=5.451975[0m
( 13.553s) Epoch 020/100: loss=[32m5.446456[0m  (  6.583s)  train_acc=-0.001542[0m val_acc=[32m-0.002931[0m test_acc=-0.003989[0m
( 12.963s) Epoch 021/100: loss=5.448632[0m
( 13.535s) Epoch 022/100: loss=[32m5.443807[0m
( 13.478s) Epoch 023/100: loss=[32m5.436259[0m
( 13.421s) Epoch 024/100: loss=5.438941[0m
( 13.474s) Epoch 025/100: loss=5.438440[0m  (  8.284s)  train_acc=-0.001518[0m val_acc=-0.004403[0m test_acc=[32m-0.002803[0m
( 12.948s) Epoch 026/100: loss=[32m5.432986[0m
( 13.337s) Epoch 027/100: loss=[32m5.429090[0m
( 13.384s) Epoch 028/100: loss=5.429258[0m
( 13.414s) Epoch 029/100: loss=[32m5.428129[0m
( 13.494s) Epoch 030/100: loss=[32m5.422808[0m  (  6.740s)  train_acc=-0.001586[0m val_acc=-0.003877[0m test_acc=-0.003515[0m
( 12.983s) Epoch 031/100: loss=[32m5.422638[0m
( 13.460s) Epoch 032/100: loss=[32m5.419130[0m
( 13.373s) Epoch 033/100: loss=5.419956[0m
( 13.443s) Epoch 034/100: loss=[32m5.414699[0m
( 13.477s) Epoch 035/100: loss=[32m5.413235[0m  (  6.464s)  train_acc=-0.001495[0m val_acc=-0.004522[0m test_acc=-0.004140[0m
( 12.979s) Epoch 036/100: loss=5.413702[0m
( 13.360s) Epoch 037/100: loss=[32m5.408800[0m
( 13.417s) Epoch 038/100: loss=[32m5.407756[0m
( 13.407s) Epoch 039/100: loss=5.407805[0m
( 13.407s) Epoch 040/100: loss=5.409088[0m  (  6.611s)  train_acc=-0.001473[0m val_acc=-0.004696[0m test_acc=-0.003939[0m
( 12.944s) Epoch 041/100: loss=[32m5.406226[0m
( 13.391s) Epoch 042/100: loss=5.407400[0m
( 13.425s) Epoch 043/100: loss=[32m5.403431[0m
( 13.454s) Epoch 044/100: loss=5.404309[0m
( 13.396s) Epoch 045/100: loss=[32m5.402940[0m  (  6.553s)  train_acc=-0.001505[0m val_acc=-0.003986[0m test_acc=-0.003280[0m
( 12.975s) Epoch 046/100: loss=5.403920[0m
( 13.339s) Epoch 047/100: loss=[32m5.402772[0m
( 13.354s) Epoch 048/100: loss=[32m5.394984[0m
( 13.351s) Epoch 049/100: loss=5.400294[0m
( 13.464s) Epoch 050/100: loss=5.400559[0m  (  8.057s)  train_acc=-0.001530[0m val_acc=-0.004762[0m test_acc=-0.003254[0m
( 12.946s) Epoch 051/100: loss=5.396808[0m
( 13.372s) Epoch 052/100: loss=[32m5.393855[0m
( 13.429s) Epoch 053/100: loss=5.398193[0m
( 13.546s) Epoch 054/100: loss=5.395964[0m
( 13.370s) Epoch 055/100: loss=5.397763[0m  (  6.536s)  train_acc=-0.001549[0m val_acc=-0.004881[0m test_acc=[32m-0.002459[0m
( 12.971s) Epoch 056/100: loss=5.396326[0m
( 13.500s) Epoch 057/100: loss=5.394624[0m
( 13.400s) Epoch 058/100: loss=5.394610[0m
( 13.418s) Epoch 059/100: loss=[32m5.392726[0m
( 13.487s) Epoch 060/100: loss=5.396020[0m  (  6.717s)  train_acc=-0.001453[0m val_acc=-0.004077[0m test_acc=-0.003726[0m
( 12.914s) Epoch 061/100: loss=5.393858[0m
( 13.406s) Epoch 062/100: loss=5.396306[0m
( 13.515s) Epoch 063/100: loss=[32m5.390912[0m
( 13.487s) Epoch 064/100: loss=5.392431[0m
( 13.512s) Epoch 065/100: loss=5.393595[0m  (  6.696s)  train_acc=-0.001521[0m val_acc=-0.004965[0m test_acc=-0.002818[0m
( 12.955s) Epoch 066/100: loss=5.392485[0m
( 13.399s) Epoch 067/100: loss=5.393210[0m
( 13.391s) Epoch 068/100: loss=[32m5.389381[0m
( 13.457s) Epoch 069/100: loss=5.390460[0m
( 13.488s) Epoch 070/100: loss=5.392362[0m  (  6.639s)  train_acc=-0.001600[0m val_acc=-0.004524[0m test_acc=-0.003208[0m
( 12.933s) Epoch 071/100: loss=[32m5.389335[0m
( 13.393s) Epoch 072/100: loss=[32m5.388652[0m
( 13.395s) Epoch 073/100: loss=5.393478[0m
( 13.369s) Epoch 074/100: loss=5.390803[0m
( 13.431s) Epoch 075/100: loss=5.390277[0m  (  8.205s)  train_acc=-0.001438[0m val_acc=-0.003901[0m test_acc=-0.003044[0m
( 12.974s) Epoch 076/100: loss=5.392016[0m
( 13.392s) Epoch 077/100: loss=5.390536[0m
( 13.467s) Epoch 078/100: loss=5.388793[0m
( 13.434s) Epoch 079/100: loss=[32m5.387237[0m
( 13.422s) Epoch 080/100: loss=5.387893[0m  (  6.552s)  train_acc=-0.001522[0m val_acc=-0.005106[0m test_acc=-0.003166[0m
( 12.890s) Epoch 081/100: loss=5.389453[0m
( 13.370s) Epoch 082/100: loss=5.388475[0m
( 13.381s) Epoch 083/100: loss=5.390187[0m
( 13.362s) Epoch 084/100: loss=5.390064[0m
( 13.375s) Epoch 085/100: loss=5.387283[0m  (  6.675s)  train_acc=-0.001594[0m val_acc=[32m-0.002901[0m test_acc=-0.002872[0m
( 12.929s) Epoch 086/100: loss=5.391766[0m
( 13.368s) Epoch 087/100: loss=5.389183[0m
( 13.424s) Epoch 088/100: loss=5.390693[0m
( 13.379s) Epoch 089/100: loss=5.387975[0m
( 13.399s) Epoch 090/100: loss=5.389771[0m  (  6.957s)  train_acc=-0.001641[0m val_acc=-0.004054[0m test_acc=-0.002715[0m
( 13.013s) Epoch 091/100: loss=5.389446[0m
( 13.451s) Epoch 092/100: loss=5.388208[0m
( 13.394s) Epoch 093/100: loss=5.390952[0m
( 13.500s) Epoch 094/100: loss=5.389510[0m
( 13.508s) Epoch 095/100: loss=[32m5.386945[0m  (  6.644s)  train_acc=-0.001615[0m val_acc=-0.004974[0m test_acc=[32m-0.001718[0m
( 12.892s) Epoch 096/100: loss=5.388737[0m
( 13.438s) Epoch 097/100: loss=5.388719[0m
( 13.382s) Epoch 098/100: loss=5.390947[0m
( 13.430s) Epoch 099/100: loss=5.388049[0m
( 13.362s) Epoch 100/100: loss=5.387496[0m  (  6.797s)  train_acc=-0.001574[0m val_acc=-0.004606[0m test_acc=[32m-0.001247[0m
Training for 100 epochs took 1333.712s total and 13.337s average
Saving best model and options to cifar100fs_experiments/CropResize_GaussBlur_runs/run8.pth
