Starting Training on:
Train:  60 classes
Valid:  20 classes
Test:   20 classes
------------------
( 26.903s) Epoch 001/100: loss=[32m6.164991[0m
( 26.194s) Epoch 002/100: loss=[32m6.150954[0m
( 26.383s) Epoch 003/100: loss=[32m6.144747[0m
( 26.430s) Epoch 004/100: loss=[32m6.136226[0m
( 26.378s) Epoch 005/100: loss=[32m6.135490[0m  ( 11.608s)  train_acc=[32m-0.001472[0m val_acc=[32m0.638483[0m test_acc=[32m0.641049[0m
( 25.286s) Epoch 006/100: loss=[32m6.127308[0m
( 26.424s) Epoch 007/100: loss=[32m6.108089[0m
( 26.397s) Epoch 008/100: loss=[32m6.094800[0m
( 26.474s) Epoch 009/100: loss=[32m6.059290[0m
( 26.340s) Epoch 010/100: loss=[32m6.038245[0m  ( 11.519s)  train_acc=[32m-0.001442[0m val_acc=0.616239[0m test_acc=0.615582[0m
( 25.400s) Epoch 011/100: loss=[32m6.027363[0m
( 26.440s) Epoch 012/100: loss=[32m6.021948[0m
( 26.470s) Epoch 013/100: loss=[32m6.017402[0m
( 26.421s) Epoch 014/100: loss=[32m5.998408[0m
( 26.347s) Epoch 015/100: loss=[32m5.997262[0m  ( 12.328s)  train_acc=-0.001519[0m val_acc=0.617040[0m test_acc=0.604087[0m
( 25.282s) Epoch 016/100: loss=[32m5.985936[0m
( 26.366s) Epoch 017/100: loss=[32m5.979267[0m
( 26.465s) Epoch 018/100: loss=[32m5.979176[0m
( 26.411s) Epoch 019/100: loss=[32m5.970355[0m
( 26.701s) Epoch 020/100: loss=[32m5.964234[0m  ( 11.728s)  train_acc=-0.001569[0m val_acc=[32m0.642959[0m test_acc=[32m0.644445[0m
( 26.715s) Epoch 021/100: loss=[32m5.962649[0m
( 26.384s) Epoch 022/100: loss=[32m5.953032[0m
( 26.406s) Epoch 023/100: loss=[32m5.946399[0m
( 26.568s) Epoch 024/100: loss=5.951893[0m
( 26.414s) Epoch 025/100: loss=[32m5.936965[0m  ( 13.896s)  train_acc=-0.001515[0m val_acc=0.616280[0m test_acc=0.615857[0m
( 26.322s) Epoch 026/100: loss=[32m5.921649[0m
( 27.147s) Epoch 027/100: loss=[32m5.916004[0m
( 26.954s) Epoch 028/100: loss=5.920808[0m
( 27.213s) Epoch 029/100: loss=5.916586[0m
( 26.499s) Epoch 030/100: loss=[32m5.901646[0m  ( 11.968s)  train_acc=-0.001467[0m val_acc=[32m0.645798[0m test_acc=[32m0.647353[0m
( 26.894s) Epoch 031/100: loss=[32m5.899319[0m
( 27.764s) Epoch 032/100: loss=[32m5.888256[0m
( 27.878s) Epoch 033/100: loss=[32m5.876057[0m
( 27.870s) Epoch 034/100: loss=5.877127[0m
( 27.794s) Epoch 035/100: loss=[32m5.875500[0m  ( 14.430s)  train_acc=-0.001542[0m val_acc=[32m0.647709[0m test_acc=[32m0.647363[0m
( 26.062s) Epoch 036/100: loss=[32m5.871647[0m
( 27.780s) Epoch 037/100: loss=[32m5.855952[0m
( 26.363s) Epoch 038/100: loss=[32m5.851332[0m
( 27.939s) Epoch 039/100: loss=[32m5.846596[0m
( 26.428s) Epoch 040/100: loss=[32m5.836716[0m  ( 12.154s)  train_acc=-0.001505[0m val_acc=0.616573[0m test_acc=[32m0.980665[0m
( 26.739s) Epoch 041/100: loss=5.843479[0m
( 26.336s) Epoch 042/100: loss=[32m5.824853[0m
( 27.608s) Epoch 043/100: loss=5.830624[0m
( 27.435s) Epoch 044/100: loss=[32m5.824035[0m
( 26.935s) Epoch 045/100: loss=[32m5.821799[0m  ( 11.568s)  train_acc=-0.001655[0m val_acc=0.613893[0m test_acc=0.615891[0m
( 26.629s) Epoch 046/100: loss=[32m5.819809[0m
( 27.627s) Epoch 047/100: loss=[32m5.808686[0m
( 26.564s) Epoch 048/100: loss=[32m5.799549[0m
( 27.817s) Epoch 049/100: loss=5.804858[0m
( 27.113s) Epoch 050/100: loss=[32m5.792800[0m  ( 12.814s)  train_acc=[32m-0.001429[0m val_acc=0.616151[0m test_acc=0.617868[0m
( 25.351s) Epoch 051/100: loss=[32m5.790827[0m
( 27.930s) Epoch 052/100: loss=[32m5.787420[0m
( 27.806s) Epoch 053/100: loss=[32m5.784286[0m
( 26.553s) Epoch 054/100: loss=[32m5.779934[0m
( 27.738s) Epoch 055/100: loss=[32m5.777393[0m  ( 11.601s)  train_acc=-0.001499[0m val_acc=[32m0.649948[0m test_acc=[32m0.982742[0m
( 25.340s) Epoch 056/100: loss=5.779027[0m
( 26.510s) Epoch 057/100: loss=[32m5.767500[0m
( 26.399s) Epoch 058/100: loss=5.769979[0m
( 26.469s) Epoch 059/100: loss=5.771908[0m
( 26.402s) Epoch 060/100: loss=[32m5.761377[0m  ( 11.702s)  train_acc=-0.001512[0m val_acc=0.647868[0m test_acc=0.647154[0m
( 25.356s) Epoch 061/100: loss=5.763407[0m
( 26.399s) Epoch 062/100: loss=[32m5.759267[0m
( 26.377s) Epoch 063/100: loss=5.759548[0m
( 26.385s) Epoch 064/100: loss=5.760187[0m
( 26.425s) Epoch 065/100: loss=[32m5.753523[0m  ( 11.663s)  train_acc=-0.001552[0m val_acc=0.647295[0m test_acc=0.648186[0m
( 25.319s) Epoch 066/100: loss=5.754187[0m
( 26.392s) Epoch 067/100: loss=[32m5.752520[0m
( 26.442s) Epoch 068/100: loss=[32m5.745591[0m
( 26.430s) Epoch 069/100: loss=[32m5.745057[0m
( 26.424s) Epoch 070/100: loss=[32m5.744345[0m  ( 11.634s)  train_acc=-0.001483[0m val_acc=0.617133[0m test_acc=0.616045[0m
( 25.315s) Epoch 071/100: loss=[32m5.740898[0m
( 26.406s) Epoch 072/100: loss=5.747205[0m
( 26.435s) Epoch 073/100: loss=5.744365[0m
( 26.459s) Epoch 074/100: loss=[32m5.737269[0m
( 26.460s) Epoch 075/100: loss=5.737902[0m  ( 11.880s)  train_acc=-0.001583[0m val_acc=0.649555[0m test_acc=0.975036[0m
( 25.355s) Epoch 076/100: loss=5.740228[0m
( 26.392s) Epoch 077/100: loss=[32m5.737044[0m
( 26.415s) Epoch 078/100: loss=5.740783[0m
( 26.410s) Epoch 079/100: loss=[32m5.726556[0m
( 26.371s) Epoch 080/100: loss=5.736086[0m  ( 11.894s)  train_acc=-0.001515[0m val_acc=0.648780[0m test_acc=0.648546[0m
( 25.486s) Epoch 081/100: loss=5.738903[0m
( 26.375s) Epoch 082/100: loss=5.733004[0m
( 26.385s) Epoch 083/100: loss=5.729278[0m
( 26.500s) Epoch 084/100: loss=5.733076[0m
( 26.489s) Epoch 085/100: loss=5.734694[0m  ( 11.466s)  train_acc=-0.001506[0m val_acc=0.648070[0m test_acc=0.645588[0m
( 25.386s) Epoch 086/100: loss=5.730942[0m
( 26.451s) Epoch 087/100: loss=5.729982[0m
( 26.424s) Epoch 088/100: loss=5.732605[0m
( 26.429s) Epoch 089/100: loss=5.727593[0m
( 26.430s) Epoch 090/100: loss=5.733337[0m  ( 11.262s)  train_acc=-0.001616[0m val_acc=0.648956[0m test_acc=0.647360[0m
( 25.408s) Epoch 091/100: loss=5.739530[0m
( 26.521s) Epoch 092/100: loss=5.733611[0m
( 26.408s) Epoch 093/100: loss=5.729515[0m
( 26.429s) Epoch 094/100: loss=5.728689[0m
( 26.415s) Epoch 095/100: loss=5.732488[0m  ( 11.614s)  train_acc=-0.001491[0m val_acc=0.617464[0m test_acc=0.979487[0m
( 25.353s) Epoch 096/100: loss=5.728868[0m
( 26.446s) Epoch 097/100: loss=5.734162[0m
( 26.397s) Epoch 098/100: loss=5.734582[0m
( 26.497s) Epoch 099/100: loss=5.734479[0m
( 26.487s) Epoch 100/100: loss=5.735556[0m  (  9.732s)  train_acc=-0.001511[0m val_acc=0.619466[0m test_acc=0.615938[0m
Training for 100 epochs took 2650.888s total and 26.509s average
Saving best model and options to fc100_experiments/CropResize_ColorDistort_runs/run3.pth
