Starting Training on:
Train:  60 classes
Valid:  20 classes
Test:   20 classes
------------------
( 26.769s) Epoch 001/100: loss=[32m6.161042[0m
( 26.192s) Epoch 002/100: loss=[32m6.137694[0m
( 26.349s) Epoch 003/100: loss=[32m6.137477[0m
( 26.315s) Epoch 004/100: loss=[32m6.116064[0m
( 26.371s) Epoch 005/100: loss=[32m6.113411[0m  ( 11.715s)  train_acc=[32m-0.001343[0m val_acc=[32m-0.004436[0m test_acc=[32m-0.003036[0m
( 25.316s) Epoch 006/100: loss=[32m6.094607[0m
( 26.389s) Epoch 007/100: loss=[32m6.080607[0m
( 26.459s) Epoch 008/100: loss=[32m6.061192[0m
( 26.334s) Epoch 009/100: loss=[32m6.042910[0m
( 26.425s) Epoch 010/100: loss=[32m6.032276[0m  ( 11.587s)  train_acc=-0.001464[0m val_acc=-0.004843[0m test_acc=-0.004145[0m
( 25.291s) Epoch 011/100: loss=[32m6.024620[0m
( 26.263s) Epoch 012/100: loss=[32m5.995940[0m
( 26.375s) Epoch 013/100: loss=[32m5.991074[0m
( 26.417s) Epoch 014/100: loss=[32m5.982985[0m
( 26.403s) Epoch 015/100: loss=[32m5.978261[0m  ( 11.611s)  train_acc=-0.001521[0m val_acc=[32m-0.003616[0m test_acc=-0.003697[0m
( 25.433s) Epoch 016/100: loss=[32m5.960703[0m
( 26.362s) Epoch 017/100: loss=[32m5.955906[0m
( 26.390s) Epoch 018/100: loss=[32m5.951815[0m
( 26.393s) Epoch 019/100: loss=[32m5.945110[0m
( 26.514s) Epoch 020/100: loss=[32m5.933759[0m  ( 11.706s)  train_acc=-0.001461[0m val_acc=-0.004184[0m test_acc=-0.004172[0m
( 25.368s) Epoch 021/100: loss=[32m5.922817[0m
( 26.383s) Epoch 022/100: loss=[32m5.915068[0m
( 26.415s) Epoch 023/100: loss=[32m5.913859[0m
( 26.508s) Epoch 024/100: loss=[32m5.903018[0m
( 26.440s) Epoch 025/100: loss=[32m5.898541[0m  ( 11.704s)  train_acc=-0.001536[0m val_acc=-0.004728[0m test_acc=-0.003832[0m
( 25.304s) Epoch 026/100: loss=[32m5.887902[0m
( 26.273s) Epoch 027/100: loss=[32m5.884144[0m
( 26.514s) Epoch 028/100: loss=[32m5.879263[0m
( 26.381s) Epoch 029/100: loss=5.886146[0m
( 26.434s) Epoch 030/100: loss=[32m5.875119[0m  ( 11.698s)  train_acc=-0.001574[0m val_acc=[32m0.618079[0m test_acc=[32m0.618108[0m
( 25.359s) Epoch 031/100: loss=[32m5.869159[0m
( 26.359s) Epoch 032/100: loss=[32m5.861380[0m
( 26.427s) Epoch 033/100: loss=[32m5.853121[0m
( 26.435s) Epoch 034/100: loss=[32m5.839563[0m
( 26.386s) Epoch 035/100: loss=5.847073[0m  ( 11.242s)  train_acc=-0.001451[0m val_acc=[32m0.647841[0m test_acc=[32m0.649278[0m
( 25.321s) Epoch 036/100: loss=5.847205[0m
( 26.365s) Epoch 037/100: loss=[32m5.831807[0m
( 26.433s) Epoch 038/100: loss=5.840773[0m
( 26.421s) Epoch 039/100: loss=[32m5.826990[0m
( 26.375s) Epoch 040/100: loss=[32m5.819011[0m  ( 11.709s)  train_acc=-0.001432[0m val_acc=[32m0.649419[0m test_acc=[32m0.650553[0m
( 25.346s) Epoch 041/100: loss=[32m5.816319[0m
( 26.306s) Epoch 042/100: loss=[32m5.797774[0m
( 26.458s) Epoch 043/100: loss=[32m5.793527[0m
( 26.442s) Epoch 044/100: loss=[32m5.789387[0m
( 26.348s) Epoch 045/100: loss=[32m5.783931[0m  ( 11.779s)  train_acc=-0.001557[0m val_acc=-0.005084[0m test_acc=-0.004093[0m
( 25.423s) Epoch 046/100: loss=5.784065[0m
( 26.385s) Epoch 047/100: loss=[32m5.770328[0m
( 26.351s) Epoch 048/100: loss=[32m5.770282[0m
( 26.380s) Epoch 049/100: loss=[32m5.767058[0m
( 26.504s) Epoch 050/100: loss=[32m5.758425[0m  ( 11.653s)  train_acc=-0.001672[0m val_acc=[32m0.650400[0m test_acc=[32m0.651036[0m
( 25.324s) Epoch 051/100: loss=[32m5.756853[0m
( 26.342s) Epoch 052/100: loss=[32m5.753656[0m
( 26.509s) Epoch 053/100: loss=5.761485[0m
( 26.430s) Epoch 054/100: loss=5.755994[0m
( 26.480s) Epoch 055/100: loss=5.755797[0m  ( 11.658s)  train_acc=-0.001546[0m val_acc=-0.004898[0m test_acc=-0.004309[0m
( 25.354s) Epoch 056/100: loss=[32m5.748760[0m
( 26.374s) Epoch 057/100: loss=5.750634[0m
( 26.435s) Epoch 058/100: loss=[32m5.743889[0m
( 26.400s) Epoch 059/100: loss=5.748415[0m
( 26.405s) Epoch 060/100: loss=5.745956[0m  ( 12.095s)  train_acc=-0.001603[0m val_acc=-0.004888[0m test_acc=-0.004287[0m
( 25.313s) Epoch 061/100: loss=[32m5.743004[0m
( 26.458s) Epoch 062/100: loss=5.745126[0m
( 26.364s) Epoch 063/100: loss=[32m5.737839[0m
( 26.424s) Epoch 064/100: loss=5.740313[0m
( 26.456s) Epoch 065/100: loss=5.742608[0m  ( 11.734s)  train_acc=-0.001622[0m val_acc=0.646168[0m test_acc=0.649036[0m
( 25.349s) Epoch 066/100: loss=[32m5.737219[0m
( 26.357s) Epoch 067/100: loss=[32m5.731139[0m
( 26.431s) Epoch 068/100: loss=5.734334[0m
( 26.459s) Epoch 069/100: loss=5.741059[0m
( 26.416s) Epoch 070/100: loss=5.742962[0m  ( 11.808s)  train_acc=-0.001554[0m val_acc=[32m0.651302[0m test_acc=0.650093[0m
( 25.427s) Epoch 071/100: loss=[32m5.727953[0m
( 26.367s) Epoch 072/100: loss=5.740199[0m
( 26.407s) Epoch 073/100: loss=5.733659[0m
( 26.383s) Epoch 074/100: loss=[32m5.722690[0m
( 26.382s) Epoch 075/100: loss=5.723517[0m  ( 11.808s)  train_acc=-0.001611[0m val_acc=0.619081[0m test_acc=0.619850[0m
( 25.364s) Epoch 076/100: loss=5.731822[0m
( 26.340s) Epoch 077/100: loss=5.726544[0m
( 26.375s) Epoch 078/100: loss=5.730425[0m
( 26.450s) Epoch 079/100: loss=5.730786[0m
( 26.337s) Epoch 080/100: loss=5.732096[0m  ( 11.800s)  train_acc=-0.001626[0m val_acc=[32m0.652589[0m test_acc=0.649887[0m
( 25.292s) Epoch 081/100: loss=5.730779[0m
( 26.464s) Epoch 082/100: loss=5.735605[0m
( 26.432s) Epoch 083/100: loss=5.725259[0m
( 26.444s) Epoch 084/100: loss=5.727201[0m
( 26.448s) Epoch 085/100: loss=5.740895[0m  ( 11.695s)  train_acc=-0.001584[0m val_acc=0.649360[0m test_acc=0.648754[0m
( 25.356s) Epoch 086/100: loss=[32m5.722463[0m
( 26.391s) Epoch 087/100: loss=[32m5.721195[0m
( 26.354s) Epoch 088/100: loss=[32m5.720378[0m
( 26.502s) Epoch 089/100: loss=5.728573[0m
( 26.420s) Epoch 090/100: loss=5.725748[0m  ( 11.677s)  train_acc=-0.001582[0m val_acc=0.650190[0m test_acc=0.650714[0m
( 25.417s) Epoch 091/100: loss=5.729513[0m
( 26.337s) Epoch 092/100: loss=5.724198[0m
( 26.478s) Epoch 093/100: loss=5.725750[0m
( 26.375s) Epoch 094/100: loss=5.720870[0m
( 26.429s) Epoch 095/100: loss=5.735026[0m  ( 11.648s)  train_acc=-0.001613[0m val_acc=0.619648[0m test_acc=0.618837[0m
( 25.378s) Epoch 096/100: loss=5.726560[0m
( 26.304s) Epoch 097/100: loss=5.725737[0m
( 26.411s) Epoch 098/100: loss=5.725605[0m
( 26.375s) Epoch 099/100: loss=5.725817[0m
( 26.424s) Epoch 100/100: loss=5.721930[0m  (  9.339s)  train_acc=-0.001596[0m val_acc=0.622829[0m test_acc=0.620920[0m
Training for 100 epochs took 2620.548s total and 26.205s average
Saving best model and options to fc100_experiments/CropResize_ColorDistort_runs/run5.pth
