Starting Training on:
Train:  60 classes
Valid:  20 classes
Test:   20 classes
------------------
( 26.740s) Epoch 001/100: loss=[32m6.161806[0m
( 26.245s) Epoch 002/100: loss=[32m6.150431[0m
( 26.404s) Epoch 003/100: loss=[32m6.144694[0m
( 26.359s) Epoch 004/100: loss=[32m6.143253[0m
( 26.369s) Epoch 005/100: loss=[32m6.134794[0m  ( 11.256s)  train_acc=[32m-0.001497[0m val_acc=[32m-0.003846[0m test_acc=[32m-0.004216[0m
( 25.259s) Epoch 006/100: loss=[32m6.131827[0m
( 26.341s) Epoch 007/100: loss=[32m6.120926[0m
( 26.398s) Epoch 008/100: loss=[32m6.117203[0m
( 26.346s) Epoch 009/100: loss=[32m6.101552[0m
( 26.380s) Epoch 010/100: loss=[32m6.080266[0m  ( 11.083s)  train_acc=[32m-0.001441[0m val_acc=[32m0.611333[0m test_acc=[32m0.614074[0m
( 25.286s) Epoch 011/100: loss=[32m6.060310[0m
( 26.375s) Epoch 012/100: loss=[32m6.032488[0m
( 26.457s) Epoch 013/100: loss=[32m6.026210[0m
( 26.390s) Epoch 014/100: loss=[32m6.014912[0m
( 26.486s) Epoch 015/100: loss=[32m5.997073[0m  ( 11.849s)  train_acc=-0.001525[0m val_acc=-0.004429[0m test_acc=-0.004237[0m
( 25.360s) Epoch 016/100: loss=[32m5.992192[0m
( 26.317s) Epoch 017/100: loss=[32m5.973801[0m
( 26.386s) Epoch 018/100: loss=[32m5.968175[0m
( 26.400s) Epoch 019/100: loss=[32m5.960834[0m
( 26.422s) Epoch 020/100: loss=[32m5.948082[0m  ( 12.108s)  train_acc=[32m-0.001347[0m val_acc=-0.004199[0m test_acc=-0.003722[0m
( 25.336s) Epoch 021/100: loss=[32m5.934745[0m
( 26.414s) Epoch 022/100: loss=[32m5.925192[0m
( 26.477s) Epoch 023/100: loss=[32m5.905965[0m
( 26.360s) Epoch 024/100: loss=[32m5.888732[0m
( 26.300s) Epoch 025/100: loss=[32m5.873843[0m  ( 11.294s)  train_acc=-0.001515[0m val_acc=[32m0.649229[0m test_acc=[32m0.647488[0m
( 25.320s) Epoch 026/100: loss=[32m5.868997[0m
( 26.325s) Epoch 027/100: loss=[32m5.855366[0m
( 26.340s) Epoch 028/100: loss=[32m5.845103[0m
( 26.347s) Epoch 029/100: loss=[32m5.841553[0m
( 26.446s) Epoch 030/100: loss=[32m5.836762[0m  ( 12.367s)  train_acc=-0.001416[0m val_acc=0.646890[0m test_acc=[32m0.649455[0m
( 25.292s) Epoch 031/100: loss=[32m5.831484[0m
( 26.340s) Epoch 032/100: loss=5.834251[0m
( 26.271s) Epoch 033/100: loss=[32m5.811835[0m
( 26.385s) Epoch 034/100: loss=5.818774[0m
( 26.389s) Epoch 035/100: loss=[32m5.800342[0m  ( 11.723s)  train_acc=-0.001563[0m val_acc=0.647395[0m test_acc=0.648838[0m
( 25.325s) Epoch 036/100: loss=5.801401[0m
( 26.398s) Epoch 037/100: loss=[32m5.789736[0m
( 26.400s) Epoch 038/100: loss=[32m5.788214[0m
( 26.409s) Epoch 039/100: loss=[32m5.781119[0m
( 26.489s) Epoch 040/100: loss=5.782196[0m  ( 11.963s)  train_acc=-0.001541[0m val_acc=-0.005025[0m test_acc=-0.003908[0m
( 25.336s) Epoch 041/100: loss=[32m5.775076[0m
( 26.384s) Epoch 042/100: loss=[32m5.771988[0m
( 26.354s) Epoch 043/100: loss=5.775385[0m
( 26.300s) Epoch 044/100: loss=[32m5.761289[0m
( 26.446s) Epoch 045/100: loss=[32m5.756044[0m  ( 11.295s)  train_acc=-0.001472[0m val_acc=[32m0.649325[0m test_acc=0.648151[0m
( 25.310s) Epoch 046/100: loss=5.762182[0m
( 26.356s) Epoch 047/100: loss=[32m5.749804[0m
( 26.304s) Epoch 048/100: loss=5.753282[0m
( 26.408s) Epoch 049/100: loss=5.752337[0m
( 26.383s) Epoch 050/100: loss=[32m5.745627[0m  ( 11.563s)  train_acc=-0.001375[0m val_acc=0.617678[0m test_acc=0.618322[0m
( 25.319s) Epoch 051/100: loss=[32m5.743302[0m
( 26.300s) Epoch 052/100: loss=5.745741[0m
( 26.426s) Epoch 053/100: loss=[32m5.741915[0m
( 26.366s) Epoch 054/100: loss=[32m5.735536[0m
( 26.467s) Epoch 055/100: loss=[32m5.730944[0m  ( 11.513s)  train_acc=-0.001559[0m val_acc=-0.004745[0m test_acc=-0.003780[0m
( 25.316s) Epoch 056/100: loss=5.734474[0m
( 26.419s) Epoch 057/100: loss=5.733780[0m
( 26.467s) Epoch 058/100: loss=[32m5.724301[0m
( 26.371s) Epoch 059/100: loss=[32m5.723755[0m
( 26.367s) Epoch 060/100: loss=5.731214[0m  ( 11.198s)  train_acc=-0.001537[0m val_acc=-0.004967[0m test_acc=-0.004326[0m
( 25.360s) Epoch 061/100: loss=5.724299[0m
( 26.361s) Epoch 062/100: loss=[32m5.720875[0m
( 26.317s) Epoch 063/100: loss=[32m5.718784[0m
( 26.339s) Epoch 064/100: loss=5.721504[0m
( 26.332s) Epoch 065/100: loss=5.721831[0m  ( 11.375s)  train_acc=-0.001565[0m val_acc=-0.004863[0m test_acc=-0.004197[0m
( 25.262s) Epoch 066/100: loss=5.719572[0m
( 26.377s) Epoch 067/100: loss=[32m5.713652[0m
( 26.410s) Epoch 068/100: loss=5.716287[0m
( 26.395s) Epoch 069/100: loss=[32m5.705721[0m
( 26.384s) Epoch 070/100: loss=5.713441[0m  ( 11.750s)  train_acc=-0.001591[0m val_acc=-0.004626[0m test_acc=-0.004178[0m
( 25.354s) Epoch 071/100: loss=5.710196[0m
( 26.252s) Epoch 072/100: loss=5.711707[0m
( 26.393s) Epoch 073/100: loss=5.709639[0m
( 26.356s) Epoch 074/100: loss=5.710882[0m
( 26.348s) Epoch 075/100: loss=5.710785[0m  ( 11.509s)  train_acc=-0.001594[0m val_acc=-0.004925[0m test_acc=-0.004315[0m
( 25.265s) Epoch 076/100: loss=5.716882[0m
( 26.291s) Epoch 077/100: loss=5.713930[0m
( 26.348s) Epoch 078/100: loss=5.709635[0m
( 26.358s) Epoch 079/100: loss=5.707368[0m
( 26.336s) Epoch 080/100: loss=[32m5.699727[0m  ( 11.964s)  train_acc=-0.001549[0m val_acc=-0.004733[0m test_acc=-0.004209[0m
( 25.321s) Epoch 081/100: loss=5.714921[0m
( 26.282s) Epoch 082/100: loss=5.709312[0m
( 26.386s) Epoch 083/100: loss=5.712533[0m
( 26.363s) Epoch 084/100: loss=5.702960[0m
( 26.330s) Epoch 085/100: loss=5.707953[0m  ( 11.764s)  train_acc=-0.001486[0m val_acc=-0.004898[0m test_acc=-0.004709[0m
( 25.364s) Epoch 086/100: loss=5.706638[0m
( 26.358s) Epoch 087/100: loss=5.706281[0m
( 26.387s) Epoch 088/100: loss=5.707691[0m
( 26.357s) Epoch 089/100: loss=5.700357[0m
( 26.379s) Epoch 090/100: loss=5.702860[0m  ( 12.124s)  train_acc=-0.001506[0m val_acc=-0.004808[0m test_acc=-0.004713[0m
( 25.281s) Epoch 091/100: loss=5.716460[0m
( 26.297s) Epoch 092/100: loss=5.711181[0m
( 26.289s) Epoch 093/100: loss=5.700992[0m
( 26.426s) Epoch 094/100: loss=5.704378[0m
( 26.351s) Epoch 095/100: loss=5.707564[0m  ( 11.996s)  train_acc=-0.001574[0m val_acc=-0.004739[0m test_acc=-0.004635[0m
( 25.366s) Epoch 096/100: loss=5.712930[0m
( 26.204s) Epoch 097/100: loss=5.702574[0m
( 26.358s) Epoch 098/100: loss=5.715062[0m
( 26.335s) Epoch 099/100: loss=5.708400[0m
( 26.309s) Epoch 100/100: loss=5.706119[0m  ( 10.018s)  train_acc=-0.001589[0m val_acc=-0.005192[0m test_acc=-0.004574[0m
Training for 100 epochs took 2617.063s total and 26.171s average
Saving best model and options to fc100_experiments/CropResize_ColorDistort_runs/run6.pth
