Starting Training on:
Train:  60 classes
Valid:  20 classes
Test:   20 classes
------------------
( 26.782s) Epoch 001/100: loss=[32m6.166322[0m
( 26.222s) Epoch 002/100: loss=[32m6.157477[0m
( 26.982s) Epoch 003/100: loss=[32m6.149681[0m
( 26.393s) Epoch 004/100: loss=[32m6.138570[0m
( 26.385s) Epoch 005/100: loss=[32m6.130655[0m  ( 12.057s)  train_acc=[32m-0.001474[0m val_acc=[32m0.639750[0m test_acc=[32m0.638212[0m
( 25.311s) Epoch 006/100: loss=[32m6.122636[0m
( 26.273s) Epoch 007/100: loss=[32m6.106592[0m
( 26.309s) Epoch 008/100: loss=[32m6.092436[0m
( 26.392s) Epoch 009/100: loss=[32m6.072041[0m
( 26.419s) Epoch 010/100: loss=[32m6.056407[0m  ( 11.665s)  train_acc=[32m-0.001422[0m val_acc=0.615208[0m test_acc=0.612154[0m
( 25.329s) Epoch 011/100: loss=[32m6.042339[0m
( 26.347s) Epoch 012/100: loss=6.044195[0m
( 26.391s) Epoch 013/100: loss=[32m6.022869[0m
( 26.258s) Epoch 014/100: loss=[32m6.020485[0m
( 26.413s) Epoch 015/100: loss=[32m6.011980[0m  ( 11.820s)  train_acc=-0.001587[0m val_acc=0.617099[0m test_acc=0.613003[0m
( 25.327s) Epoch 016/100: loss=[32m6.002364[0m
( 26.308s) Epoch 017/100: loss=[32m5.991863[0m
( 26.314s) Epoch 018/100: loss=[32m5.975807[0m
( 26.390s) Epoch 019/100: loss=5.982885[0m
( 26.433s) Epoch 020/100: loss=[32m5.975620[0m  ( 11.566s)  train_acc=-0.001502[0m val_acc=0.619007[0m test_acc=0.613133[0m
( 25.311s) Epoch 021/100: loss=[32m5.966607[0m
( 26.216s) Epoch 022/100: loss=[32m5.964999[0m
( 26.259s) Epoch 023/100: loss=[32m5.955887[0m
( 26.365s) Epoch 024/100: loss=[32m5.943822[0m
( 26.273s) Epoch 025/100: loss=[32m5.941796[0m  ( 12.296s)  train_acc=-0.001580[0m val_acc=0.619452[0m test_acc=0.611788[0m
( 25.294s) Epoch 026/100: loss=[32m5.935369[0m
( 26.244s) Epoch 027/100: loss=[32m5.921990[0m
( 26.347s) Epoch 028/100: loss=[32m5.918506[0m
( 26.301s) Epoch 029/100: loss=[32m5.916798[0m
( 26.374s) Epoch 030/100: loss=[32m5.899020[0m  ( 11.710s)  train_acc=-0.001551[0m val_acc=0.618311[0m test_acc=0.617630[0m
( 25.319s) Epoch 031/100: loss=[32m5.896246[0m
( 26.335s) Epoch 032/100: loss=[32m5.892959[0m
( 26.247s) Epoch 033/100: loss=[32m5.889019[0m
( 26.328s) Epoch 034/100: loss=[32m5.876517[0m
( 26.375s) Epoch 035/100: loss=[32m5.867935[0m  ( 12.172s)  train_acc=-0.001564[0m val_acc=[32m0.649170[0m test_acc=[32m0.646442[0m
( 25.296s) Epoch 036/100: loss=5.870489[0m
( 26.324s) Epoch 037/100: loss=[32m5.865989[0m
( 26.338s) Epoch 038/100: loss=[32m5.864170[0m
( 26.402s) Epoch 039/100: loss=[32m5.859893[0m
( 26.422s) Epoch 040/100: loss=[32m5.851970[0m  ( 12.247s)  train_acc=-0.001593[0m val_acc=-0.005160[0m test_acc=-0.004258[0m
( 25.387s) Epoch 041/100: loss=[32m5.850133[0m
( 26.302s) Epoch 042/100: loss=[32m5.843699[0m
( 26.353s) Epoch 043/100: loss=5.848662[0m
( 26.346s) Epoch 044/100: loss=5.850425[0m
( 26.291s) Epoch 045/100: loss=[32m5.840139[0m  ( 11.977s)  train_acc=-0.001642[0m val_acc=0.618185[0m test_acc=0.616564[0m
( 25.327s) Epoch 046/100: loss=[32m5.836757[0m
( 26.304s) Epoch 047/100: loss=[32m5.823809[0m
( 26.326s) Epoch 048/100: loss=5.829008[0m
( 26.366s) Epoch 049/100: loss=5.828604[0m
( 26.361s) Epoch 050/100: loss=5.829629[0m  ( 11.535s)  train_acc=-0.001552[0m val_acc=0.648320[0m test_acc=[32m0.648493[0m
( 25.358s) Epoch 051/100: loss=[32m5.822360[0m
( 26.285s) Epoch 052/100: loss=[32m5.814190[0m
( 26.272s) Epoch 053/100: loss=5.815412[0m
( 26.383s) Epoch 054/100: loss=[32m5.812249[0m
( 26.315s) Epoch 055/100: loss=[32m5.806361[0m  ( 11.610s)  train_acc=-0.001511[0m val_acc=-0.004769[0m test_acc=-0.004016[0m
( 25.292s) Epoch 056/100: loss=[32m5.798693[0m
( 26.259s) Epoch 057/100: loss=5.805045[0m
( 26.384s) Epoch 058/100: loss=[32m5.795365[0m
( 26.422s) Epoch 059/100: loss=5.797253[0m
( 26.356s) Epoch 060/100: loss=5.796125[0m  ( 11.710s)  train_acc=-0.001522[0m val_acc=-0.004948[0m test_acc=-0.004243[0m
( 25.338s) Epoch 061/100: loss=[32m5.784143[0m
( 26.341s) Epoch 062/100: loss=5.786557[0m
( 26.376s) Epoch 063/100: loss=[32m5.777070[0m
( 26.416s) Epoch 064/100: loss=5.782162[0m
( 26.306s) Epoch 065/100: loss=[32m5.770331[0m  ( 11.869s)  train_acc=-0.001455[0m val_acc=-0.004944[0m test_acc=-0.003625[0m
( 25.307s) Epoch 066/100: loss=5.774313[0m
( 26.298s) Epoch 067/100: loss=[32m5.765656[0m
( 26.412s) Epoch 068/100: loss=5.766569[0m
( 26.439s) Epoch 069/100: loss=5.766898[0m
( 26.383s) Epoch 070/100: loss=[32m5.757549[0m  ( 11.955s)  train_acc=-0.001553[0m val_acc=-0.004761[0m test_acc=-0.004267[0m
( 25.339s) Epoch 071/100: loss=5.762127[0m
( 26.274s) Epoch 072/100: loss=[32m5.750452[0m
( 26.414s) Epoch 073/100: loss=[32m5.745165[0m
( 26.397s) Epoch 074/100: loss=5.759375[0m
( 26.337s) Epoch 075/100: loss=5.754086[0m  ( 11.893s)  train_acc=-0.001476[0m val_acc=-0.004893[0m test_acc=-0.004148[0m
( 25.326s) Epoch 076/100: loss=5.748603[0m
( 26.319s) Epoch 077/100: loss=5.750198[0m
( 26.369s) Epoch 078/100: loss=5.750596[0m
( 26.415s) Epoch 079/100: loss=5.745908[0m
( 26.384s) Epoch 080/100: loss=[32m5.741670[0m  ( 11.745s)  train_acc=-0.001571[0m val_acc=-0.004878[0m test_acc=-0.004398[0m
( 25.318s) Epoch 081/100: loss=5.742333[0m
( 26.254s) Epoch 082/100: loss=[32m5.741504[0m
( 26.386s) Epoch 083/100: loss=5.745065[0m
( 26.354s) Epoch 084/100: loss=5.750713[0m
( 26.450s) Epoch 085/100: loss=5.751329[0m  ( 12.237s)  train_acc=-0.001572[0m val_acc=-0.005010[0m test_acc=-0.003616[0m
( 25.361s) Epoch 086/100: loss=5.742871[0m
( 26.352s) Epoch 087/100: loss=[32m5.737965[0m
( 26.391s) Epoch 088/100: loss=5.743241[0m
( 26.363s) Epoch 089/100: loss=5.739540[0m
( 26.355s) Epoch 090/100: loss=5.743249[0m  ( 12.648s)  train_acc=-0.001513[0m val_acc=-0.004927[0m test_acc=-0.004069[0m
( 25.335s) Epoch 091/100: loss=5.747717[0m
( 26.283s) Epoch 092/100: loss=5.745199[0m
( 26.321s) Epoch 093/100: loss=5.741053[0m
( 26.329s) Epoch 094/100: loss=5.740421[0m
( 26.398s) Epoch 095/100: loss=5.738540[0m  ( 12.197s)  train_acc=-0.001499[0m val_acc=-0.004934[0m test_acc=-0.004361[0m
( 25.346s) Epoch 096/100: loss=5.741467[0m
( 26.418s) Epoch 097/100: loss=[32m5.733843[0m
( 26.378s) Epoch 098/100: loss=5.746520[0m
( 26.358s) Epoch 099/100: loss=5.736191[0m
( 26.360s) Epoch 100/100: loss=5.739218[0m  (  9.750s)  train_acc=-0.001552[0m val_acc=-0.004737[0m test_acc=-0.004200[0m
Training for 100 epochs took 2616.338s total and 26.163s average
Saving best model and options to fc100_experiments/CropResize_ColorDistort_runs/run7.pth
