Starting Training on:
Train:  60 classes
Valid:  20 classes
Test:   20 classes
------------------
( 26.766s) Epoch 001/100: loss=[32m6.163822[0m
( 26.184s) Epoch 002/100: loss=[32m6.153843[0m
( 26.245s) Epoch 003/100: loss=[32m6.144375[0m
( 26.231s) Epoch 004/100: loss=[32m6.139614[0m
( 26.329s) Epoch 005/100: loss=[32m6.126961[0m  ( 11.708s)  train_acc=[32m-0.001506[0m val_acc=[32m-0.004649[0m test_acc=[32m-0.004104[0m
( 25.314s) Epoch 006/100: loss=[32m6.112428[0m
( 26.255s) Epoch 007/100: loss=[32m6.097994[0m
( 26.307s) Epoch 008/100: loss=[32m6.074492[0m
( 26.279s) Epoch 009/100: loss=[32m6.044805[0m
( 26.250s) Epoch 010/100: loss=[32m6.028320[0m  ( 11.896s)  train_acc=[32m-0.001466[0m val_acc=[32m-0.004213[0m test_acc=-0.004263[0m
( 25.258s) Epoch 011/100: loss=[32m6.020618[0m
( 26.189s) Epoch 012/100: loss=[32m6.007232[0m
( 26.274s) Epoch 013/100: loss=[32m6.004761[0m
( 26.295s) Epoch 014/100: loss=[32m6.004370[0m
( 26.334s) Epoch 015/100: loss=[32m5.987704[0m  ( 11.896s)  train_acc=-0.001519[0m val_acc=-0.004427[0m test_acc=[32m-0.003621[0m
( 25.238s) Epoch 016/100: loss=[32m5.975167[0m
( 26.295s) Epoch 017/100: loss=[32m5.972311[0m
( 26.239s) Epoch 018/100: loss=[32m5.971433[0m
( 26.391s) Epoch 019/100: loss=[32m5.970102[0m
( 26.262s) Epoch 020/100: loss=[32m5.949446[0m  ( 12.161s)  train_acc=-0.001584[0m val_acc=[32m-0.004027[0m test_acc=-0.004327[0m
( 25.319s) Epoch 021/100: loss=[32m5.939863[0m
( 26.275s) Epoch 022/100: loss=5.942790[0m
( 26.293s) Epoch 023/100: loss=[32m5.931342[0m
( 26.273s) Epoch 024/100: loss=[32m5.921123[0m
( 26.318s) Epoch 025/100: loss=[32m5.905219[0m  ( 11.360s)  train_acc=-0.001508[0m val_acc=-0.004410[0m test_acc=-0.003726[0m
( 25.284s) Epoch 026/100: loss=[32m5.901259[0m
( 26.291s) Epoch 027/100: loss=[32m5.895314[0m
( 26.366s) Epoch 028/100: loss=[32m5.875646[0m
( 26.369s) Epoch 029/100: loss=[32m5.863895[0m
( 26.296s) Epoch 030/100: loss=[32m5.858611[0m  ( 11.830s)  train_acc=-0.001523[0m val_acc=-0.004926[0m test_acc=-0.004234[0m
( 25.276s) Epoch 031/100: loss=[32m5.848914[0m
( 26.237s) Epoch 032/100: loss=[32m5.839300[0m
( 26.287s) Epoch 033/100: loss=[32m5.827863[0m
( 26.295s) Epoch 034/100: loss=[32m5.813389[0m
( 26.268s) Epoch 035/100: loss=[32m5.810077[0m  ( 12.491s)  train_acc=-0.001503[0m val_acc=-0.004286[0m test_acc=-0.003721[0m
( 25.291s) Epoch 036/100: loss=5.812769[0m
( 26.229s) Epoch 037/100: loss=[32m5.802533[0m
( 26.316s) Epoch 038/100: loss=[32m5.790177[0m
( 26.296s) Epoch 039/100: loss=[32m5.781223[0m
( 26.351s) Epoch 040/100: loss=5.781817[0m  ( 11.907s)  train_acc=-0.001472[0m val_acc=-0.004287[0m test_acc=-0.004055[0m
( 25.297s) Epoch 041/100: loss=[32m5.767663[0m
( 26.229s) Epoch 042/100: loss=5.770317[0m
( 26.230s) Epoch 043/100: loss=5.768867[0m
( 26.309s) Epoch 044/100: loss=[32m5.755132[0m
( 26.373s) Epoch 045/100: loss=[32m5.755115[0m  ( 11.934s)  train_acc=[32m-0.001453[0m val_acc=-0.004882[0m test_acc=-0.003861[0m
( 25.315s) Epoch 046/100: loss=[32m5.744562[0m
( 26.259s) Epoch 047/100: loss=5.746947[0m
( 26.302s) Epoch 048/100: loss=[32m5.737581[0m
( 26.317s) Epoch 049/100: loss=5.739531[0m
( 26.273s) Epoch 050/100: loss=5.741438[0m  ( 11.974s)  train_acc=-0.001534[0m val_acc=-0.004733[0m test_acc=-0.004135[0m
( 25.275s) Epoch 051/100: loss=[32m5.737506[0m
( 26.200s) Epoch 052/100: loss=[32m5.734446[0m
( 26.226s) Epoch 053/100: loss=[32m5.729923[0m
( 26.279s) Epoch 054/100: loss=[32m5.723599[0m
( 26.314s) Epoch 055/100: loss=[32m5.719911[0m  ( 11.710s)  train_acc=-0.001599[0m val_acc=-0.005115[0m test_acc=-0.004225[0m
( 25.278s) Epoch 056/100: loss=5.727036[0m
( 26.148s) Epoch 057/100: loss=[32m5.718743[0m
( 26.355s) Epoch 058/100: loss=5.724240[0m
( 26.277s) Epoch 059/100: loss=[32m5.718562[0m
( 26.281s) Epoch 060/100: loss=5.722785[0m  ( 11.677s)  train_acc=-0.001535[0m val_acc=-0.004919[0m test_acc=-0.004137[0m
( 25.271s) Epoch 061/100: loss=[32m5.714050[0m
( 26.305s) Epoch 062/100: loss=5.714407[0m
( 26.319s) Epoch 063/100: loss=5.716675[0m
( 26.306s) Epoch 064/100: loss=5.714913[0m
( 26.296s) Epoch 065/100: loss=[32m5.711789[0m  ( 12.099s)  train_acc=-0.001502[0m val_acc=-0.004868[0m test_acc=-0.004234[0m
( 25.235s) Epoch 066/100: loss=5.713457[0m
( 26.245s) Epoch 067/100: loss=[32m5.705057[0m
( 26.257s) Epoch 068/100: loss=5.709693[0m
( 26.235s) Epoch 069/100: loss=[32m5.703051[0m
( 26.342s) Epoch 070/100: loss=5.709156[0m  ( 11.555s)  train_acc=-0.001549[0m val_acc=-0.004979[0m test_acc=-0.004041[0m
( 25.261s) Epoch 071/100: loss=5.703655[0m
( 26.179s) Epoch 072/100: loss=5.706139[0m
( 26.286s) Epoch 073/100: loss=5.703694[0m
( 26.311s) Epoch 074/100: loss=5.706106[0m
( 26.304s) Epoch 075/100: loss=[32m5.698810[0m  ( 12.154s)  train_acc=-0.001507[0m val_acc=-0.005103[0m test_acc=-0.004013[0m
( 25.312s) Epoch 076/100: loss=[32m5.698011[0m
( 26.260s) Epoch 077/100: loss=5.706833[0m
( 26.214s) Epoch 078/100: loss=5.708392[0m
( 26.253s) Epoch 079/100: loss=5.702280[0m
( 26.318s) Epoch 080/100: loss=5.698477[0m  ( 11.701s)  train_acc=[32m-0.001452[0m val_acc=-0.004832[0m test_acc=-0.004067[0m
( 25.256s) Epoch 081/100: loss=5.702161[0m
( 26.271s) Epoch 082/100: loss=5.702164[0m
( 26.253s) Epoch 083/100: loss=5.701082[0m
( 26.363s) Epoch 084/100: loss=5.700961[0m
( 26.269s) Epoch 085/100: loss=5.701933[0m  ( 11.765s)  train_acc=-0.001511[0m val_acc=-0.004949[0m test_acc=-0.004543[0m
( 25.306s) Epoch 086/100: loss=[32m5.690403[0m
( 26.301s) Epoch 087/100: loss=5.693956[0m
( 26.327s) Epoch 088/100: loss=5.703952[0m
( 26.332s) Epoch 089/100: loss=5.698439[0m
( 26.290s) Epoch 090/100: loss=5.702675[0m  ( 11.795s)  train_acc=-0.001604[0m val_acc=-0.005083[0m test_acc=-0.004390[0m
( 25.289s) Epoch 091/100: loss=5.702045[0m
( 26.199s) Epoch 092/100: loss=5.697995[0m
( 26.285s) Epoch 093/100: loss=5.701795[0m
( 26.388s) Epoch 094/100: loss=5.699237[0m
( 26.304s) Epoch 095/100: loss=5.697506[0m  ( 11.646s)  train_acc=-0.001517[0m val_acc=-0.004631[0m test_acc=-0.004518[0m
( 25.272s) Epoch 096/100: loss=5.700525[0m
( 26.172s) Epoch 097/100: loss=5.696925[0m
( 26.307s) Epoch 098/100: loss=5.702342[0m
( 26.341s) Epoch 099/100: loss=5.699070[0m
( 26.327s) Epoch 100/100: loss=5.707058[0m  (  9.958s)  train_acc=-0.001520[0m val_acc=-0.004850[0m test_acc=-0.004474[0m
Training for 100 epochs took 2609.760s total and 26.098s average
Saving best model and options to fc100_experiments/CropResize_ColorDistort_runs/run8.pth
