Starting Training on:
Train:  64 classes
Valid:  16 classes
Test:   20 classes
------------------
(  11.297s) Epoch 001/ 50: loss=[32m7.483686[0m
(  10.908s) Epoch 002/ 50: loss=[32m7.375546[0m
(  10.939s) Epoch 003/ 50: loss=[32m7.283530[0m
(  10.904s) Epoch 004/ 50: loss=[32m7.239234[0m
(  10.988s) Epoch 005/ 50: loss=[32m7.204782[0m (   2.509s) val_acc=[32m-0.006756824[0m (   2.845s) test_acc=[32m-0.002611688[0m
(   9.727s) Epoch 006/ 50: loss=[32m7.173171[0m
(  10.943s) Epoch 007/ 50: loss=[32m7.142946[0m
(  11.005s) Epoch 008/ 50: loss=[32m7.123208[0m
(  10.956s) Epoch 009/ 50: loss=[32m7.112959[0m
(  10.968s) Epoch 010/ 50: loss=[32m7.096071[0m (   2.713s) val_acc=-0.007297254 (   2.689s) test_acc=[32m0.001139124[0m
(   9.746s) Epoch 011/ 50: loss=[32m7.084448[0m
(  11.025s) Epoch 012/ 50: loss=[32m7.069094[0m
(  10.967s) Epoch 013/ 50: loss=[32m7.059193[0m
(  10.994s) Epoch 014/ 50: loss=[32m7.052200[0m
(  11.039s) Epoch 015/ 50: loss=[32m7.033185[0m (   2.579s) val_acc=-0.008208499 (   2.628s) test_acc=-0.000128091
(   9.755s) Epoch 016/ 50: loss=[32m7.029023[0m
(  10.983s) Epoch 017/ 50: loss=7.030509
(  11.028s) Epoch 018/ 50: loss=[32m7.021692[0m
(  10.977s) Epoch 019/ 50: loss=[32m7.014954[0m
(  10.999s) Epoch 020/ 50: loss=[32m7.010589[0m (   2.464s) val_acc=[32m0.226373877[0m (   2.735s) test_acc=[32m0.943613468[0m
(   9.748s) Epoch 021/ 50: loss=[32m7.000608[0m
(  10.974s) Epoch 022/ 50: loss=[32m6.993989[0m
(  10.956s) Epoch 023/ 50: loss=6.995910
(  10.986s) Epoch 024/ 50: loss=[32m6.992492[0m
(  11.016s) Epoch 025/ 50: loss=[32m6.985484[0m (   2.540s) val_acc=[32m0.245680379[0m (   2.991s) test_acc=0.490900380
(   9.730s) Epoch 026/ 50: loss=6.985498
(  11.001s) Epoch 027/ 50: loss=[32m6.979822[0m
(  11.014s) Epoch 028/ 50: loss=6.983561
(  10.998s) Epoch 029/ 50: loss=[32m6.973215[0m
(  11.005s) Epoch 030/ 50: loss=6.974457 (   2.487s) val_acc=-0.008393316 (   2.728s) test_acc=0.002733615
(   9.755s) Epoch 031/ 50: loss=[32m6.970963[0m
(  10.948s) Epoch 032/ 50: loss=[32m6.968463[0m
(  10.948s) Epoch 033/ 50: loss=[32m6.963412[0m
(  10.930s) Epoch 034/ 50: loss=6.966280
(  10.987s) Epoch 035/ 50: loss=6.964058 (   2.606s) val_acc=[32m0.591013338[0m (   2.651s) test_acc=0.495417290
(   9.736s) Epoch 036/ 50: loss=6.963605
(  11.023s) Epoch 037/ 50: loss=6.963688
(  11.031s) Epoch 038/ 50: loss=[32m6.960329[0m
(  10.993s) Epoch 039/ 50: loss=[32m6.959925[0m
(  10.936s) Epoch 040/ 50: loss=6.964136 (   2.407s) val_acc=-0.008468478 (   2.805s) test_acc=0.046648411
(   9.763s) Epoch 041/ 50: loss=6.963067
(  10.972s) Epoch 042/ 50: loss=6.960321
(  10.964s) Epoch 043/ 50: loss=[32m6.957692[0m
(  10.982s) Epoch 044/ 50: loss=6.957771
(  10.997s) Epoch 045/ 50: loss=6.959136 (   2.542s) val_acc=-0.008309586 (   2.665s) test_acc=0.001647333
(   9.757s) Epoch 046/ 50: loss=6.962853
(  10.991s) Epoch 047/ 50: loss=6.957863
(  10.939s) Epoch 048/ 50: loss=6.958966
(  10.962s) Epoch 049/ 50: loss=[32m6.955661[0m
(  10.955s) Epoch 050/ 50: loss=6.959422 (   1.336s) val_acc=0.441418197 (   1.572s) test_acc=0.312361676
Training for 50 epochs took 538.147s total and 10.763s average
Saving best model and options to CropResize_GaussBlur_runs/run3.pth
