Starting Training on:
Train:  64 classes
Valid:  16 classes
Test:   20 classes
------------------
(  12.123s) Epoch 001/ 50: loss=[32m7.511530[0m
(  11.692s) Epoch 002/ 50: loss=[32m7.491758[0m
(  11.607s) Epoch 003/ 50: loss=[32m7.468054[0m
(  11.641s) Epoch 004/ 50: loss=7.471869
(  11.685s) Epoch 005/ 50: loss=[32m7.462456[0m (   3.296s) val_acc=[32m0.033237128[0m (   2.972s) test_acc=[32m0.027322575[0m
(  10.246s) Epoch 006/ 50: loss=[32m7.452176[0m
(  11.690s) Epoch 007/ 50: loss=[32m7.447845[0m
(  11.724s) Epoch 008/ 50: loss=[32m7.426339[0m
(  11.651s) Epoch 009/ 50: loss=[32m7.403232[0m
(  11.648s) Epoch 010/ 50: loss=[32m7.372665[0m (   3.239s) val_acc=-0.006952605 (   2.882s) test_acc=-0.003982830
(  10.135s) Epoch 011/ 50: loss=[32m7.328525[0m
(  11.661s) Epoch 012/ 50: loss=[32m7.304091[0m
(  11.681s) Epoch 013/ 50: loss=[32m7.277063[0m
(  11.714s) Epoch 014/ 50: loss=[32m7.250734[0m
(  11.690s) Epoch 015/ 50: loss=[32m7.236469[0m (   3.271s) val_acc=[32m0.357216207[0m (   3.226s) test_acc=[32m0.055965809[0m
(  10.234s) Epoch 016/ 50: loss=[32m7.207281[0m
(  11.720s) Epoch 017/ 50: loss=[32m7.182103[0m
(  11.658s) Epoch 018/ 50: loss=[32m7.158849[0m
(  11.674s) Epoch 019/ 50: loss=[32m7.140357[0m
(  11.651s) Epoch 020/ 50: loss=[32m7.124918[0m (   3.090s) val_acc=-0.008398934 (   2.941s) test_acc=-0.000930970
(  10.246s) Epoch 021/ 50: loss=[32m7.100987[0m
(  11.669s) Epoch 022/ 50: loss=[32m7.074604[0m
(  11.642s) Epoch 023/ 50: loss=[32m7.065464[0m
(  11.639s) Epoch 024/ 50: loss=[32m7.047508[0m
(  11.761s) Epoch 025/ 50: loss=[32m7.031457[0m (   3.161s) val_acc=-0.008105004 (   3.112s) test_acc=-0.004508837
(  10.226s) Epoch 026/ 50: loss=[32m7.026289[0m
(  11.667s) Epoch 027/ 50: loss=[32m7.018383[0m
(  11.684s) Epoch 028/ 50: loss=[32m7.002836[0m
(  11.687s) Epoch 029/ 50: loss=[32m6.999945[0m
(  11.668s) Epoch 030/ 50: loss=[32m6.989086[0m (   3.171s) val_acc=-0.007950380 (   2.981s) test_acc=-0.004295289
(  10.216s) Epoch 031/ 50: loss=[32m6.986100[0m
(  11.704s) Epoch 032/ 50: loss=[32m6.981280[0m
(  11.623s) Epoch 033/ 50: loss=[32m6.975554[0m
(  11.719s) Epoch 034/ 50: loss=[32m6.968025[0m
(  11.690s) Epoch 035/ 50: loss=6.968233 (   3.342s) val_acc=0.299737289 (   2.878s) test_acc=[32m0.056076561[0m
(  10.237s) Epoch 036/ 50: loss=[32m6.962243[0m
(  11.637s) Epoch 037/ 50: loss=[32m6.957892[0m
(  11.658s) Epoch 038/ 50: loss=[32m6.954242[0m
(  11.645s) Epoch 039/ 50: loss=6.954432
(  11.682s) Epoch 040/ 50: loss=[32m6.951140[0m (   3.147s) val_acc=-0.008067111 (   2.894s) test_acc=-0.003710530
(  10.192s) Epoch 041/ 50: loss=6.952646
(  11.710s) Epoch 042/ 50: loss=6.952290
(  11.657s) Epoch 043/ 50: loss=6.952961
(  11.678s) Epoch 044/ 50: loss=6.951664
(  11.651s) Epoch 045/ 50: loss=[32m6.945891[0m (   3.320s) val_acc=-0.008449773 (   2.903s) test_acc=0.046704330
(  10.262s) Epoch 046/ 50: loss=[32m6.945332[0m
(  11.682s) Epoch 047/ 50: loss=6.951747
(  11.698s) Epoch 048/ 50: loss=6.946988
(  11.622s) Epoch 049/ 50: loss=6.949230
(  11.703s) Epoch 050/ 50: loss=6.946176 (   1.379s) val_acc=-0.008327618 (   1.593s) test_acc=0.014630950
Training for 50 epochs took 571.082s total and 11.422s average
Saving best model and options to ColorDistort_GaussBlur_runs/run4.pth
