Starting Training on:
Train:  64 classes
Valid:  16 classes
Test:   20 classes
------------------
( 29.443s) Epoch 001/ 50: loss=[32m7.475312[0m
( 34.050s) Epoch 002/ 50: loss=[32m7.420747[0m
( 27.891s) Epoch 003/ 50: loss=[32m7.328704[0m
( 26.226s) Epoch 004/ 50: loss=[32m7.070453[0m
( 26.247s) Epoch 005/ 50: loss=[32m6.920649[0m  ( 25.794s)  train_acc=[32m-0.001498[0m val_acc=[32m0.364557[0m test_acc=[32m0.543902[0m
( 22.743s) Epoch 006/ 50: loss=[32m6.861142[0m
( 26.108s) Epoch 007/ 50: loss=[32m6.829818[0m
( 26.583s) Epoch 008/ 50: loss=[32m6.818921[0m
( 25.827s) Epoch 009/ 50: loss=[32m6.809129[0m
( 23.269s) Epoch 010/ 50: loss=[32m6.794674[0m  ( 15.719s)  train_acc=-0.001618[0m val_acc=[32m0.978354[0m test_acc=[32m0.946897[0m
( 22.269s) Epoch 011/ 50: loss=[32m6.787078[0m
( 25.701s) Epoch 012/ 50: loss=[32m6.774627[0m
( 25.664s) Epoch 013/ 50: loss=[32m6.756061[0m
( 26.509s) Epoch 014/ 50: loss=[32m6.732709[0m
( 29.579s) Epoch 015/ 50: loss=[32m6.724050[0m  ( 21.532s)  train_acc=-0.001615[0m val_acc=-0.006214[0m test_acc=-0.005021[0m
( 22.335s) Epoch 016/ 50: loss=[32m6.718876[0m
( 26.274s) Epoch 017/ 50: loss=[32m6.715640[0m
( 25.167s) Epoch 018/ 50: loss=[32m6.712114[0m
( 23.508s) Epoch 019/ 50: loss=[32m6.709070[0m
( 23.153s) Epoch 020/ 50: loss=[32m6.706010[0m  ( 21.011s)  train_acc=-0.001644[0m val_acc=-0.006306[0m test_acc=0.046651[0m
( 22.567s) Epoch 021/ 50: loss=[32m6.704261[0m
( 26.311s) Epoch 022/ 50: loss=[32m6.697369[0m
( 23.735s) Epoch 023/ 50: loss=[32m6.694787[0m
( 23.156s) Epoch 024/ 50: loss=[32m6.688169[0m
( 26.908s) Epoch 025/ 50: loss=[32m6.686337[0m  ( 18.384s)  train_acc=-0.001667[0m val_acc=-0.006180[0m test_acc=-0.005122[0m
( 21.687s) Epoch 026/ 50: loss=[32m6.684514[0m
( 23.383s) Epoch 027/ 50: loss=6.685434[0m
( 24.793s) Epoch 028/ 50: loss=[32m6.680061[0m
( 23.116s) Epoch 029/ 50: loss=6.680499[0m
( 23.092s) Epoch 030/ 50: loss=[32m6.678960[0m  ( 20.007s)  train_acc=-0.001615[0m val_acc=-0.005979[0m test_acc=-0.004930[0m
( 22.699s) Epoch 031/ 50: loss=[32m6.677702[0m
( 27.863s) Epoch 032/ 50: loss=6.678224[0m
( 25.803s) Epoch 033/ 50: loss=[32m6.673186[0m
( 23.113s) Epoch 034/ 50: loss=6.675952[0m
( 24.979s) Epoch 035/ 50: loss=6.674460[0m  ( 17.184s)  train_acc=-0.001745[0m val_acc=-0.006424[0m test_acc=-0.005142[0m
( 22.148s) Epoch 036/ 50: loss=[32m6.671044[0m
( 27.654s) Epoch 037/ 50: loss=6.672315[0m
( 25.621s) Epoch 038/ 50: loss=6.671572[0m
( 24.192s) Epoch 039/ 50: loss=6.673382[0m
( 26.054s) Epoch 040/ 50: loss=[32m6.668998[0m  ( 18.135s)  train_acc=-0.001721[0m val_acc=-0.006287[0m test_acc=-0.005090[0m
( 22.541s) Epoch 041/ 50: loss=6.670075[0m
( 25.660s) Epoch 042/ 50: loss=6.671519[0m
( 23.866s) Epoch 043/ 50: loss=6.670809[0m
( 23.197s) Epoch 044/ 50: loss=6.669706[0m
( 23.206s) Epoch 045/ 50: loss=6.669761[0m  ( 18.327s)  train_acc=-0.001661[0m val_acc=-0.006374[0m test_acc=-0.005031[0m
( 21.835s) Epoch 046/ 50: loss=6.669917[0m
( 25.763s) Epoch 047/ 50: loss=[32m6.668072[0m
( 27.184s) Epoch 048/ 50: loss=6.669374[0m
( 25.065s) Epoch 049/ 50: loss=6.668700[0m
( 26.320s) Epoch 050/ 50: loss=6.669260[0m  ( 11.056s)  train_acc=-0.001695[0m val_acc=-0.006234[0m test_acc=-0.004940[0m
Training for 50 epochs took 1252.057s total and 25.041s average
Saving best model and options to ColorDistort_GaussBlur_runs/run7.pth
