Starting Training on:
Train:  64 classes
Valid:  16 classes
Test:   20 classes
------------------
( 27.354s) Epoch 001/100: loss=[32m6.113779[0m
( 27.237s) Epoch 002/100: loss=[32m5.972698[0m
( 27.283s) Epoch 003/100: loss=[32m5.925254[0m
( 27.309s) Epoch 004/100: loss=[32m5.887248[0m
( 27.248s) Epoch 005/100: loss=[32m5.862063[0m  ( 10.983s)  train_acc=[32m-0.001447[0m val_acc=[32m0.362665[0m test_acc=[32m0.287144[0m
( 26.287s) Epoch 006/100: loss=[32m5.837507[0m
( 27.189s) Epoch 007/100: loss=[32m5.826620[0m
( 27.234s) Epoch 008/100: loss=[32m5.806250[0m
( 27.226s) Epoch 009/100: loss=[32m5.780575[0m
( 27.251s) Epoch 010/100: loss=[32m5.748300[0m  ( 10.963s)  train_acc=[32m-0.001447[0m val_acc=[32m0.392551[0m test_acc=0.247049[0m
( 26.208s) Epoch 011/100: loss=[32m5.731427[0m
( 27.221s) Epoch 012/100: loss=[32m5.707773[0m
( 27.341s) Epoch 013/100: loss=[32m5.682894[0m
( 27.201s) Epoch 014/100: loss=[32m5.659443[0m
( 27.245s) Epoch 015/100: loss=[32m5.631936[0m  ( 11.092s)  train_acc=-0.001611[0m val_acc=[32m0.393792[0m test_acc=[32m0.294778[0m
( 26.314s) Epoch 016/100: loss=[32m5.613585[0m
( 27.301s) Epoch 017/100: loss=[32m5.595615[0m
( 27.251s) Epoch 018/100: loss=[32m5.585328[0m
( 27.327s) Epoch 019/100: loss=[32m5.573593[0m
( 27.266s) Epoch 020/100: loss=[32m5.562788[0m  ( 10.929s)  train_acc=-0.001637[0m val_acc=0.365000[0m test_acc=[32m0.552217[0m
( 26.310s) Epoch 021/100: loss=[32m5.553277[0m
( 27.219s) Epoch 022/100: loss=[32m5.544278[0m
( 27.242s) Epoch 023/100: loss=[32m5.538431[0m
( 27.227s) Epoch 024/100: loss=[32m5.532296[0m
( 27.286s) Epoch 025/100: loss=[32m5.525115[0m  ( 11.028s)  train_acc=-0.001598[0m val_acc=[32m0.394854[0m test_acc=0.248174[0m
( 26.244s) Epoch 026/100: loss=[32m5.519437[0m
( 27.225s) Epoch 027/100: loss=[32m5.516199[0m
( 27.261s) Epoch 028/100: loss=[32m5.508300[0m
( 27.203s) Epoch 029/100: loss=[32m5.506936[0m
( 27.240s) Epoch 030/100: loss=[32m5.501601[0m  ( 10.797s)  train_acc=-0.001588[0m val_acc=0.283939[0m test_acc=0.179227[0m
( 26.266s) Epoch 031/100: loss=[32m5.498413[0m
( 27.129s) Epoch 032/100: loss=[32m5.495508[0m
( 27.177s) Epoch 033/100: loss=[32m5.494864[0m
( 27.280s) Epoch 034/100: loss=[32m5.492178[0m
( 27.293s) Epoch 035/100: loss=[32m5.484964[0m  ( 15.715s)  train_acc=-0.001588[0m val_acc=0.366562[0m test_acc=0.375809[0m
( 26.156s) Epoch 036/100: loss=5.488047[0m
( 27.017s) Epoch 037/100: loss=[32m5.482294[0m
( 27.159s) Epoch 038/100: loss=5.485599[0m
( 27.223s) Epoch 039/100: loss=[32m5.479390[0m
( 27.244s) Epoch 040/100: loss=5.482739[0m  ( 10.858s)  train_acc=-0.001586[0m val_acc=0.367022[0m test_acc=0.245824[0m
( 26.215s) Epoch 041/100: loss=[32m5.475682[0m
( 27.187s) Epoch 042/100: loss=[32m5.475223[0m
( 27.255s) Epoch 043/100: loss=5.475382[0m
( 27.208s) Epoch 044/100: loss=[32m5.472991[0m
( 27.168s) Epoch 045/100: loss=[32m5.472589[0m  ( 10.850s)  train_acc=-0.001628[0m val_acc=[32m0.398934[0m test_acc=0.287410[0m
( 26.177s) Epoch 046/100: loss=[32m5.472105[0m
( 27.183s) Epoch 047/100: loss=[32m5.469665[0m
( 27.250s) Epoch 048/100: loss=[32m5.468997[0m
( 27.206s) Epoch 049/100: loss=[32m5.465702[0m
( 27.228s) Epoch 050/100: loss=5.465920[0m  ( 10.686s)  train_acc=-0.001637[0m val_acc=0.323561[0m test_acc=0.342263[0m
( 26.219s) Epoch 051/100: loss=5.469172[0m
( 27.096s) Epoch 052/100: loss=[32m5.465137[0m
( 27.110s) Epoch 053/100: loss=[32m5.459755[0m
( 27.229s) Epoch 054/100: loss=5.459770[0m
( 27.206s) Epoch 055/100: loss=[32m5.459630[0m  ( 10.472s)  train_acc=-0.001640[0m val_acc=0.366530[0m test_acc=0.239790[0m
( 26.135s) Epoch 056/100: loss=[32m5.457971[0m
( 27.066s) Epoch 057/100: loss=5.458892[0m
( 27.164s) Epoch 058/100: loss=5.458614[0m
( 27.320s) Epoch 059/100: loss=5.458781[0m
( 27.269s) Epoch 060/100: loss=5.460551[0m  ( 11.004s)  train_acc=-0.001585[0m val_acc=0.367242[0m test_acc=0.268789[0m
( 26.111s) Epoch 061/100: loss=5.460195[0m
( 27.094s) Epoch 062/100: loss=5.459449[0m
( 27.261s) Epoch 063/100: loss=[32m5.454960[0m
( 27.185s) Epoch 064/100: loss=5.456134[0m
( 27.257s) Epoch 065/100: loss=[32m5.452990[0m  ( 10.558s)  train_acc=-0.001504[0m val_acc=0.366165[0m test_acc=0.376925[0m
( 26.214s) Epoch 066/100: loss=[32m5.452799[0m
( 27.037s) Epoch 067/100: loss=5.454037[0m
( 27.124s) Epoch 068/100: loss=5.455083[0m
( 27.217s) Epoch 069/100: loss=5.455378[0m
( 27.251s) Epoch 070/100: loss=5.455223[0m  ( 11.128s)  train_acc=-0.001567[0m val_acc=0.398416[0m test_acc=0.290288[0m
( 26.204s) Epoch 071/100: loss=[32m5.451415[0m
( 27.108s) Epoch 072/100: loss=5.452721[0m
( 27.229s) Epoch 073/100: loss=5.454494[0m
( 27.152s) Epoch 074/100: loss=5.452072[0m
( 27.212s) Epoch 075/100: loss=5.455875[0m  ( 10.992s)  train_acc=-0.001583[0m val_acc=0.366790[0m test_acc=0.269518[0m
( 26.160s) Epoch 076/100: loss=5.454911[0m
( 26.984s) Epoch 077/100: loss=5.452240[0m
( 27.165s) Epoch 078/100: loss=5.454305[0m
( 27.185s) Epoch 079/100: loss=5.452034[0m
( 27.263s) Epoch 080/100: loss=[32m5.451204[0m  ( 11.006s)  train_acc=-0.001633[0m val_acc=0.396581[0m test_acc=0.276500[0m
( 26.193s) Epoch 081/100: loss=[32m5.449925[0m
( 27.029s) Epoch 082/100: loss=5.451371[0m
( 27.144s) Epoch 083/100: loss=5.455051[0m
( 27.158s) Epoch 084/100: loss=[32m5.447864[0m
( 27.176s) Epoch 085/100: loss=5.452112[0m  ( 11.040s)  train_acc=-0.001613[0m val_acc=[32m0.398986[0m test_acc=0.287605[0m
( 26.175s) Epoch 086/100: loss=5.450221[0m
( 27.001s) Epoch 087/100: loss=5.451457[0m
( 27.138s) Epoch 088/100: loss=5.449501[0m
( 27.144s) Epoch 089/100: loss=5.450129[0m
( 27.215s) Epoch 090/100: loss=5.452859[0m  ( 10.907s)  train_acc=-0.001640[0m val_acc=0.366905[0m test_acc=0.266717[0m
( 26.196s) Epoch 091/100: loss=5.448739[0m
( 26.991s) Epoch 092/100: loss=5.451062[0m
( 27.087s) Epoch 093/100: loss=5.448006[0m
( 27.089s) Epoch 094/100: loss=5.451372[0m
( 27.076s) Epoch 095/100: loss=5.449268[0m  ( 10.990s)  train_acc=-0.001645[0m val_acc=0.397491[0m test_acc=0.286705[0m
( 26.204s) Epoch 096/100: loss=5.453786[0m
( 26.899s) Epoch 097/100: loss=5.450994[0m
( 27.116s) Epoch 098/100: loss=5.452288[0m
( 27.245s) Epoch 099/100: loss=5.451462[0m
( 27.103s) Epoch 100/100: loss=5.450511[0m  (  9.988s)  train_acc=-0.001671[0m val_acc=0.367013[0m test_acc=0.264748[0m
Training for 100 epochs took 2700.376s total and 27.004s average
Saving best model and options to miniImgnet_experiments/CropResize_GaussBlur_runs/run3.pth
