Starting Training on:
Train:  64 classes
Valid:  16 classes
Test:   20 classes
------------------
( 28.156s) Epoch 001/100: loss=[32m6.094516[0m
( 27.365s) Epoch 002/100: loss=[32m5.983210[0m
( 27.598s) Epoch 003/100: loss=[32m5.944624[0m
( 27.715s) Epoch 004/100: loss=[32m5.912812[0m
( 27.741s) Epoch 005/100: loss=[32m5.895136[0m  ( 11.373s)  train_acc=[32m-0.001526[0m val_acc=[32m0.392730[0m test_acc=[32m0.308916[0m
( 26.617s) Epoch 006/100: loss=[32m5.877012[0m
( 27.543s) Epoch 007/100: loss=[32m5.858611[0m
( 27.717s) Epoch 008/100: loss=[32m5.824948[0m
( 27.714s) Epoch 009/100: loss=[32m5.794286[0m
( 27.671s) Epoch 010/100: loss=[32m5.760752[0m  ( 11.401s)  train_acc=-0.001543[0m val_acc=0.362591[0m test_acc=0.293446[0m
( 26.709s) Epoch 011/100: loss=[32m5.739510[0m
( 27.477s) Epoch 012/100: loss=[32m5.707746[0m
( 27.651s) Epoch 013/100: loss=[32m5.685461[0m
( 27.711s) Epoch 014/100: loss=[32m5.653763[0m
( 27.702s) Epoch 015/100: loss=[32m5.622293[0m  ( 11.332s)  train_acc=-0.001539[0m val_acc=[32m0.395958[0m test_acc=[32m0.312368[0m
( 26.771s) Epoch 016/100: loss=[32m5.599002[0m
( 27.520s) Epoch 017/100: loss=[32m5.585670[0m
( 27.656s) Epoch 018/100: loss=[32m5.573904[0m
( 27.615s) Epoch 019/100: loss=[32m5.561216[0m
( 27.669s) Epoch 020/100: loss=[32m5.552254[0m  ( 11.459s)  train_acc=[32m-0.001514[0m val_acc=0.365491[0m test_acc=0.294070[0m
( 26.615s) Epoch 021/100: loss=[32m5.544587[0m
( 27.515s) Epoch 022/100: loss=[32m5.538553[0m
( 27.699s) Epoch 023/100: loss=[32m5.532044[0m
( 27.731s) Epoch 024/100: loss=[32m5.523468[0m
( 27.676s) Epoch 025/100: loss=[32m5.520953[0m  ( 11.104s)  train_acc=-0.001611[0m val_acc=[32m0.396391[0m test_acc=0.312257[0m
( 26.707s) Epoch 026/100: loss=[32m5.510150[0m
( 27.417s) Epoch 027/100: loss=[32m5.505126[0m
( 27.659s) Epoch 028/100: loss=[32m5.502529[0m
( 27.694s) Epoch 029/100: loss=[32m5.500142[0m
( 27.635s) Epoch 030/100: loss=[32m5.496237[0m  ( 11.028s)  train_acc=-0.001657[0m val_acc=0.366943[0m test_acc=0.293044[0m
( 26.646s) Epoch 031/100: loss=[32m5.494661[0m
( 27.397s) Epoch 032/100: loss=[32m5.489923[0m
( 27.627s) Epoch 033/100: loss=[32m5.488308[0m
( 27.770s) Epoch 034/100: loss=[32m5.485417[0m
( 27.612s) Epoch 035/100: loss=[32m5.479845[0m  ( 11.010s)  train_acc=-0.001636[0m val_acc=0.365993[0m test_acc=0.295474[0m
( 26.623s) Epoch 036/100: loss=5.481059[0m
( 27.433s) Epoch 037/100: loss=[32m5.479644[0m
( 27.651s) Epoch 038/100: loss=[32m5.479085[0m
( 27.705s) Epoch 039/100: loss=[32m5.475754[0m
( 27.641s) Epoch 040/100: loss=5.476088[0m  ( 10.992s)  train_acc=-0.001619[0m val_acc=[32m0.397125[0m test_acc=[32m0.315332[0m
( 26.618s) Epoch 041/100: loss=[32m5.473002[0m
( 27.456s) Epoch 042/100: loss=[32m5.467922[0m
( 27.602s) Epoch 043/100: loss=[32m5.466286[0m
( 27.616s) Epoch 044/100: loss=[32m5.465040[0m
( 27.740s) Epoch 045/100: loss=5.472386[0m  ( 11.048s)  train_acc=-0.001607[0m val_acc=[32m0.398424[0m test_acc=0.315069[0m
( 26.693s) Epoch 046/100: loss=5.469252[0m
( 27.432s) Epoch 047/100: loss=[32m5.464662[0m
( 27.628s) Epoch 048/100: loss=[32m5.461695[0m
( 27.651s) Epoch 049/100: loss=[32m5.460527[0m
( 27.635s) Epoch 050/100: loss=[32m5.459899[0m  ( 10.848s)  train_acc=[32m-0.001493[0m val_acc=0.396631[0m test_acc=0.314769[0m
( 26.727s) Epoch 051/100: loss=5.460320[0m
( 27.475s) Epoch 052/100: loss=[32m5.455424[0m
( 27.610s) Epoch 053/100: loss=[32m5.455106[0m
( 27.787s) Epoch 054/100: loss=5.457294[0m
( 27.566s) Epoch 055/100: loss=[32m5.453886[0m  ( 10.877s)  train_acc=-0.001562[0m val_acc=[32m0.398828[0m test_acc=0.314326[0m
( 26.656s) Epoch 056/100: loss=5.454106[0m
( 27.506s) Epoch 057/100: loss=[32m5.451530[0m
( 27.573s) Epoch 058/100: loss=5.452531[0m
( 27.721s) Epoch 059/100: loss=5.451583[0m
( 27.622s) Epoch 060/100: loss=[32m5.450743[0m  ( 10.992s)  train_acc=-0.001637[0m val_acc=0.366085[0m test_acc=0.296175[0m
( 26.759s) Epoch 061/100: loss=[32m5.448103[0m
( 27.502s) Epoch 062/100: loss=5.451811[0m
( 27.630s) Epoch 063/100: loss=5.448484[0m
( 27.635s) Epoch 064/100: loss=5.450831[0m
( 27.646s) Epoch 065/100: loss=5.449546[0m  ( 10.799s)  train_acc=-0.001576[0m val_acc=0.367130[0m test_acc=0.296608[0m
( 26.672s) Epoch 066/100: loss=[32m5.446055[0m
( 27.501s) Epoch 067/100: loss=5.447109[0m
( 27.619s) Epoch 068/100: loss=5.446641[0m
( 27.572s) Epoch 069/100: loss=[32m5.443644[0m
( 27.675s) Epoch 070/100: loss=5.447104[0m  ( 11.034s)  train_acc=-0.001615[0m val_acc=0.366380[0m test_acc=0.296194[0m
( 26.670s) Epoch 071/100: loss=5.449058[0m
( 27.465s) Epoch 072/100: loss=5.446238[0m
( 27.622s) Epoch 073/100: loss=5.446697[0m
( 27.565s) Epoch 074/100: loss=[32m5.441865[0m
( 27.599s) Epoch 075/100: loss=5.443407[0m  ( 10.909s)  train_acc=-0.001559[0m val_acc=0.398495[0m test_acc=0.314937[0m
( 26.657s) Epoch 076/100: loss=5.444041[0m
( 27.481s) Epoch 077/100: loss=5.442469[0m
( 27.512s) Epoch 078/100: loss=5.444552[0m
( 27.788s) Epoch 079/100: loss=5.443527[0m
( 27.653s) Epoch 080/100: loss=5.442537[0m  ( 11.038s)  train_acc=-0.001557[0m val_acc=0.398228[0m test_acc=0.314966[0m
( 26.744s) Epoch 081/100: loss=5.444410[0m
( 27.454s) Epoch 082/100: loss=5.442396[0m
( 27.621s) Epoch 083/100: loss=5.443673[0m
( 27.679s) Epoch 084/100: loss=[32m5.440793[0m
( 27.528s) Epoch 085/100: loss=5.442614[0m  ( 11.317s)  train_acc=-0.001662[0m val_acc=0.398302[0m test_acc=0.315256[0m
( 26.712s) Epoch 086/100: loss=5.444069[0m
( 27.500s) Epoch 087/100: loss=5.441116[0m
( 27.617s) Epoch 088/100: loss=5.442639[0m
( 27.621s) Epoch 089/100: loss=5.444444[0m
( 27.685s) Epoch 090/100: loss=5.444624[0m  ( 10.873s)  train_acc=-0.001638[0m val_acc=0.367513[0m test_acc=0.295031[0m
( 26.673s) Epoch 091/100: loss=5.443046[0m
( 27.487s) Epoch 092/100: loss=5.443373[0m
( 27.615s) Epoch 093/100: loss=[32m5.440387[0m
( 27.662s) Epoch 094/100: loss=[32m5.438824[0m
( 27.654s) Epoch 095/100: loss=5.440181[0m  ( 11.060s)  train_acc=-0.001650[0m val_acc=0.366398[0m test_acc=0.295865[0m
( 26.684s) Epoch 096/100: loss=5.444382[0m
( 27.527s) Epoch 097/100: loss=5.441928[0m
( 27.561s) Epoch 098/100: loss=5.445035[0m
( 27.565s) Epoch 099/100: loss=5.443237[0m
( 27.732s) Epoch 100/100: loss=5.445978[0m  (  9.327s)  train_acc=-0.001626[0m val_acc=0.366830[0m test_acc=0.296232[0m
Training for 100 epochs took 2743.634s total and 27.436s average
Saving best model and options to miniImgnet_experiments/CropResize_GaussBlur_runs/run4.pth
