Starting Training on:
Train:  64 classes
Valid:  16 classes
Test:   20 classes
------------------
( 27.395s) Epoch 001/100: loss=[32m6.150631[0m
( 26.741s) Epoch 002/100: loss=[32m6.066019[0m
( 26.821s) Epoch 003/100: loss=[32m6.037512[0m
( 26.903s) Epoch 004/100: loss=[32m5.992702[0m
( 26.967s) Epoch 005/100: loss=[32m5.974501[0m  ( 10.960s)  train_acc=[32m-0.001514[0m val_acc=[32m-0.004981[0m test_acc=[32m-0.004354[0m
( 26.068s) Epoch 006/100: loss=[32m5.937623[0m
( 26.773s) Epoch 007/100: loss=[32m5.913002[0m
( 26.896s) Epoch 008/100: loss=[32m5.881244[0m
( 27.001s) Epoch 009/100: loss=[32m5.844994[0m
( 26.955s) Epoch 010/100: loss=[32m5.812854[0m  ( 10.988s)  train_acc=[32m-0.001512[0m val_acc=-0.005536[0m test_acc=-0.004642[0m
( 26.128s) Epoch 011/100: loss=[32m5.780370[0m
( 26.800s) Epoch 012/100: loss=[32m5.742418[0m
( 26.950s) Epoch 013/100: loss=[32m5.714241[0m
( 26.926s) Epoch 014/100: loss=[32m5.687297[0m
( 26.997s) Epoch 015/100: loss=[32m5.658663[0m  ( 10.888s)  train_acc=-0.001543[0m val_acc=-0.005971[0m test_acc=-0.004799[0m
( 26.195s) Epoch 016/100: loss=[32m5.649886[0m
( 26.775s) Epoch 017/100: loss=[32m5.636137[0m
( 26.956s) Epoch 018/100: loss=[32m5.614447[0m
( 27.026s) Epoch 019/100: loss=[32m5.609702[0m
( 26.971s) Epoch 020/100: loss=[32m5.594349[0m  ( 10.935s)  train_acc=-0.001647[0m val_acc=-0.005816[0m test_acc=-0.004501[0m
( 26.124s) Epoch 021/100: loss=[32m5.585330[0m
( 26.776s) Epoch 022/100: loss=[32m5.575531[0m
( 26.960s) Epoch 023/100: loss=[32m5.570692[0m
( 26.975s) Epoch 024/100: loss=[32m5.557035[0m
( 26.977s) Epoch 025/100: loss=[32m5.556134[0m  ( 10.995s)  train_acc=-0.001631[0m val_acc=-0.005665[0m test_acc=-0.004975[0m
( 26.150s) Epoch 026/100: loss=[32m5.546243[0m
( 26.755s) Epoch 027/100: loss=[32m5.536962[0m
( 26.908s) Epoch 028/100: loss=[32m5.534784[0m
( 26.974s) Epoch 029/100: loss=[32m5.529042[0m
( 27.005s) Epoch 030/100: loss=[32m5.520449[0m  ( 11.019s)  train_acc=-0.001575[0m val_acc=-0.006112[0m test_acc=-0.004919[0m
( 26.107s) Epoch 031/100: loss=[32m5.519340[0m
( 26.766s) Epoch 032/100: loss=[32m5.515369[0m
( 26.917s) Epoch 033/100: loss=[32m5.514980[0m
( 26.927s) Epoch 034/100: loss=[32m5.507310[0m
( 26.970s) Epoch 035/100: loss=[32m5.502613[0m  ( 10.829s)  train_acc=-0.001619[0m val_acc=-0.005746[0m test_acc=-0.004782[0m
( 26.137s) Epoch 036/100: loss=[32m5.501860[0m
( 26.813s) Epoch 037/100: loss=[32m5.496534[0m
( 26.922s) Epoch 038/100: loss=[32m5.494858[0m
( 27.000s) Epoch 039/100: loss=[32m5.494273[0m
( 26.932s) Epoch 040/100: loss=[32m5.488757[0m  ( 11.045s)  train_acc=-0.001647[0m val_acc=-0.006031[0m test_acc=-0.004983[0m
( 26.162s) Epoch 041/100: loss=[32m5.487105[0m
( 26.776s) Epoch 042/100: loss=[32m5.484062[0m
( 26.963s) Epoch 043/100: loss=5.486108[0m
( 27.004s) Epoch 044/100: loss=[32m5.475070[0m
( 27.009s) Epoch 045/100: loss=[32m5.473568[0m  ( 10.955s)  train_acc=-0.001597[0m val_acc=-0.005681[0m test_acc=-0.005038[0m
( 26.190s) Epoch 046/100: loss=5.476106[0m
( 26.791s) Epoch 047/100: loss=[32m5.471550[0m
( 26.945s) Epoch 048/100: loss=[32m5.470968[0m
( 26.979s) Epoch 049/100: loss=[32m5.469988[0m
( 27.001s) Epoch 050/100: loss=[32m5.467649[0m  ( 11.212s)  train_acc=-0.001641[0m val_acc=-0.005747[0m test_acc=-0.004869[0m
( 26.108s) Epoch 051/100: loss=[32m5.466417[0m
( 26.831s) Epoch 052/100: loss=[32m5.463933[0m
( 26.976s) Epoch 053/100: loss=[32m5.463802[0m
( 26.945s) Epoch 054/100: loss=[32m5.462359[0m
( 27.034s) Epoch 055/100: loss=[32m5.457378[0m  ( 11.367s)  train_acc=-0.001530[0m val_acc=-0.005732[0m test_acc=-0.005030[0m
( 26.064s) Epoch 056/100: loss=5.457740[0m
( 26.762s) Epoch 057/100: loss=5.458282[0m
( 26.962s) Epoch 058/100: loss=[32m5.455971[0m
( 27.031s) Epoch 059/100: loss=[32m5.454969[0m
( 27.017s) Epoch 060/100: loss=5.457908[0m  ( 11.167s)  train_acc=-0.001633[0m val_acc=-0.005912[0m test_acc=-0.005032[0m
( 26.169s) Epoch 061/100: loss=5.456431[0m
( 26.828s) Epoch 062/100: loss=[32m5.451811[0m
( 26.937s) Epoch 063/100: loss=5.452873[0m
( 26.983s) Epoch 064/100: loss=5.455128[0m
( 27.029s) Epoch 065/100: loss=5.452735[0m  ( 11.274s)  train_acc=-0.001594[0m val_acc=-0.005889[0m test_acc=-0.005022[0m
( 26.146s) Epoch 066/100: loss=[32m5.450834[0m
( 26.753s) Epoch 067/100: loss=5.452543[0m
( 26.896s) Epoch 068/100: loss=[32m5.449026[0m
( 26.941s) Epoch 069/100: loss=5.452447[0m
( 26.929s) Epoch 070/100: loss=5.449179[0m  ( 11.457s)  train_acc=-0.001641[0m val_acc=-0.005962[0m test_acc=-0.004945[0m
( 26.167s) Epoch 071/100: loss=5.450712[0m
( 26.846s) Epoch 072/100: loss=5.450159[0m
( 26.930s) Epoch 073/100: loss=5.449687[0m
( 27.030s) Epoch 074/100: loss=5.449217[0m
( 26.983s) Epoch 075/100: loss=5.450096[0m  ( 11.167s)  train_acc=-0.001603[0m val_acc=-0.005995[0m test_acc=-0.005140[0m
( 26.137s) Epoch 076/100: loss=[32m5.448836[0m
( 26.833s) Epoch 077/100: loss=[32m5.446538[0m
( 27.019s) Epoch 078/100: loss=5.450696[0m
( 26.997s) Epoch 079/100: loss=5.451315[0m
( 27.035s) Epoch 080/100: loss=5.450410[0m  ( 11.616s)  train_acc=-0.001613[0m val_acc=-0.005894[0m test_acc=-0.004734[0m
( 26.177s) Epoch 081/100: loss=[32m5.445569[0m
( 26.888s) Epoch 082/100: loss=[32m5.445136[0m
( 27.034s) Epoch 083/100: loss=5.446139[0m
( 27.021s) Epoch 084/100: loss=5.446622[0m
( 26.934s) Epoch 085/100: loss=5.447554[0m  ( 11.272s)  train_acc=-0.001600[0m val_acc=-0.005779[0m test_acc=-0.005028[0m
( 26.141s) Epoch 086/100: loss=5.448973[0m
( 26.762s) Epoch 087/100: loss=5.451110[0m
( 27.001s) Epoch 088/100: loss=5.445908[0m
( 27.085s) Epoch 089/100: loss=5.449812[0m
( 27.017s) Epoch 090/100: loss=5.446930[0m  ( 11.428s)  train_acc=[32m-0.001493[0m val_acc=-0.005725[0m test_acc=-0.005009[0m
( 26.151s) Epoch 091/100: loss=5.445412[0m
( 26.795s) Epoch 092/100: loss=5.445993[0m
( 26.955s) Epoch 093/100: loss=5.446868[0m
( 27.026s) Epoch 094/100: loss=5.447094[0m
( 27.013s) Epoch 095/100: loss=5.447282[0m  ( 11.667s)  train_acc=-0.001599[0m val_acc=-0.005910[0m test_acc=-0.005228[0m
( 26.133s) Epoch 096/100: loss=5.446486[0m
( 26.846s) Epoch 097/100: loss=[32m5.444126[0m
( 26.986s) Epoch 098/100: loss=5.447628[0m
( 27.003s) Epoch 099/100: loss=[32m5.443868[0m
( 27.043s) Epoch 100/100: loss=5.445421[0m  (  9.974s)  train_acc=-0.001584[0m val_acc=-0.005644[0m test_acc=-0.005043[0m
Training for 100 epochs took 2678.485s total and 26.785s average
Saving best model and options to miniImgnet_experiments/CropResize_GaussBlur_runs/run5.pth
