Namespace(T_max=1000, backbone='resnet50', base_learning_rate=0.1, base_optimizer='SGD', batch_size=256, dampening=0.0, data_percent=20, dataset='cifar100fs', dataset_root=None, distributed=True, episode_strat='SimpleShotEpisodes', eval_freq=2000, fine_tune_epochs=20, fine_tune_save_path='ft0.pth', first_augment='ColorDistort', head='SimpleMLP', jitter_strength=1.0, k_shot=5, load_from=None, local_rank=0, log_file=<_io.TextIOWrapper name='/home/aditya.bharti/FewShot/cifar100fs_1000epoch/ColorGauss.out' mode='a' encoding='UTF-8'>, loss_function='NTXent', model='SimCLRModel', momentum=0.9, n_way=5, nesterov=True, ntxent_temp=1.0, num_epochs=1000, num_query=15, num_test_tasks=10000, num_workers=4, pin_memory=True, pretrained=False, progress=False, projection_dim=128, save_model=True, save_path='/home/aditya.bharti/FewShot/cifar100fs_1000epoch/ColorGauss.pth', scheduler='CosineAnnealingLR', second_augment='GaussBlur', shuffle=True, simple_opt=True, weight_decay=0.0001)
Starting Training on:
Train:  64 classes
Valid:  16 classes
Test:   20 classes
------------------
( 51.242s) Epoch 001/1000: loss=[32m5.866313[0m
( 34.420s) Epoch 002/1000: loss=[32m5.460557[0m
( 24.255s) Epoch 003/1000: loss=[32m5.405456[0m
( 22.674s) Epoch 004/1000: loss=[32m5.380978[0m
( 22.740s) Epoch 005/1000: loss=[32m5.373300[0m
( 22.786s) Epoch 006/1000: loss=[32m5.362766[0m
( 22.743s) Epoch 007/1000: loss=[32m5.357758[0m
( 22.745s) Epoch 008/1000: loss=[32m5.351664[0m
( 22.755s) Epoch 009/1000: loss=[32m5.346063[0m
( 22.762s) Epoch 010/1000: loss=[32m5.333730[0m
( 22.770s) Epoch 011/1000: loss=[32m5.324526[0m
( 22.769s) Epoch 012/1000: loss=[32m5.320552[0m
( 22.728s) Epoch 013/1000: loss=[32m5.315040[0m
( 22.750s) Epoch 014/1000: loss=[32m5.313367[0m
( 22.787s) Epoch 015/1000: loss=[32m5.310400[0m
( 22.815s) Epoch 016/1000: loss=[32m5.308698[0m
( 22.765s) Epoch 017/1000: loss=[32m5.307537[0m
( 22.751s) Epoch 018/1000: loss=[32m5.305280[0m
( 22.811s) Epoch 019/1000: loss=[32m5.303070[0m
( 22.758s) Epoch 020/1000: loss=5.303884[0m
( 22.762s) Epoch 021/1000: loss=[32m5.301481[0m
( 22.783s) Epoch 022/1000: loss=[32m5.300339[0m
( 22.689s) Epoch 023/1000: loss=[32m5.298451[0m
( 22.779s) Epoch 024/1000: loss=[32m5.298223[0m
( 22.778s) Epoch 025/1000: loss=5.298369[0m
( 22.758s) Epoch 026/1000: loss=5.298416[0m
( 22.758s) Epoch 027/1000: loss=[32m5.297286[0m
( 22.759s) Epoch 028/1000: loss=[32m5.295420[0m
( 22.738s) Epoch 029/1000: loss=[32m5.295063[0m
( 22.746s) Epoch 030/1000: loss=[32m5.294312[0m
( 22.750s) Epoch 031/1000: loss=5.295112[0m
( 22.819s) Epoch 032/1000: loss=[32m5.291248[0m
( 22.767s) Epoch 033/1000: loss=5.292190[0m
( 22.711s) Epoch 034/1000: loss=5.292193[0m
( 22.768s) Epoch 035/1000: loss=5.291819[0m
( 22.702s) Epoch 036/1000: loss=5.291506[0m
( 22.754s) Epoch 037/1000: loss=[32m5.291059[0m
( 22.717s) Epoch 038/1000: loss=[32m5.290209[0m
( 22.837s) Epoch 039/1000: loss=[32m5.290050[0m
( 22.699s) Epoch 040/1000: loss=[32m5.288343[0m
( 22.678s) Epoch 041/1000: loss=5.289049[0m
( 22.683s) Epoch 042/1000: loss=5.288843[0m
( 22.692s) Epoch 043/1000: loss=5.288369[0m
( 22.718s) Epoch 044/1000: loss=5.289558[0m
( 22.802s) Epoch 045/1000: loss=[32m5.287369[0m
( 22.781s) Epoch 046/1000: loss=[32m5.287206[0m
( 22.706s) Epoch 047/1000: loss=[32m5.285982[0m
( 22.713s) Epoch 048/1000: loss=5.287620[0m
( 22.696s) Epoch 049/1000: loss=5.286871[0m
( 22.723s) Epoch 050/1000: loss=[32m5.285949[0m
( 22.731s) Epoch 051/1000: loss=5.287912[0m
( 22.770s) Epoch 052/1000: loss=5.286569[0m
( 22.724s) Epoch 053/1000: loss=[32m5.284770[0m
( 22.710s) Epoch 054/1000: loss=5.285989[0m
( 22.675s) Epoch 055/1000: loss=5.284816[0m
( 22.793s) Epoch 056/1000: loss=5.285106[0m
( 22.670s) Epoch 057/1000: loss=[32m5.284229[0m
( 22.726s) Epoch 058/1000: loss=5.284927[0m
( 22.793s) Epoch 059/1000: loss=[32m5.283902[0m
( 22.781s) Epoch 060/1000: loss=5.284607[0m
( 22.748s) Epoch 061/1000: loss=5.285769[0m
( 22.712s) Epoch 062/1000: loss=[32m5.283176[0m
( 22.748s) Epoch 063/1000: loss=5.284151[0m
( 22.760s) Epoch 064/1000: loss=5.283447[0m
( 22.739s) Epoch 065/1000: loss=[32m5.282318[0m
( 22.811s) Epoch 066/1000: loss=[32m5.281955[0m
( 22.740s) Epoch 067/1000: loss=[32m5.281850[0m
( 22.729s) Epoch 068/1000: loss=[32m5.280174[0m
( 22.766s) Epoch 069/1000: loss=5.282241[0m
( 22.724s) Epoch 070/1000: loss=5.280478[0m
( 22.766s) Epoch 071/1000: loss=5.280754[0m
( 22.821s) Epoch 072/1000: loss=5.281891[0m
( 22.831s) Epoch 073/1000: loss=5.281264[0m
( 22.723s) Epoch 074/1000: loss=5.280991[0m
( 22.726s) Epoch 075/1000: loss=[32m5.278858[0m
( 22.728s) Epoch 076/1000: loss=5.278979[0m
( 22.796s) Epoch 077/1000: loss=[32m5.276912[0m
( 22.756s) Epoch 078/1000: loss=5.278737[0m
( 22.727s) Epoch 079/1000: loss=[32m5.276762[0m
( 22.832s) Epoch 080/1000: loss=[32m5.275502[0m
( 22.729s) Epoch 081/1000: loss=[32m5.274460[0m
( 22.752s) Epoch 082/1000: loss=[32m5.272474[0m
( 22.757s) Epoch 083/1000: loss=5.272760[0m
( 22.720s) Epoch 084/1000: loss=5.273218[0m
( 22.694s) Epoch 085/1000: loss=5.272850[0m
( 22.729s) Epoch 086/1000: loss=5.272702[0m
( 22.794s) Epoch 087/1000: loss=[32m5.271544[0m
( 22.749s) Epoch 088/1000: loss=[32m5.270955[0m
( 22.737s) Epoch 089/1000: loss=5.271380[0m
( 22.892s) Epoch 090/1000: loss=[32m5.270604[0m
( 22.732s) Epoch 091/1000: loss=[32m5.270099[0m
( 22.777s) Epoch 092/1000: loss=[32m5.268881[0m
( 22.823s) Epoch 093/1000: loss=[32m5.268520[0m
( 22.858s) Epoch 094/1000: loss=[32m5.268305[0m
( 22.751s) Epoch 095/1000: loss=[32m5.268097[0m
( 22.769s) Epoch 096/1000: loss=[32m5.267321[0m
( 22.776s) Epoch 097/1000: loss=5.268092[0m
( 22.759s) Epoch 098/1000: loss=[32m5.266932[0m
( 22.738s) Epoch 099/1000: loss=[32m5.266551[0m
( 22.861s) Epoch 100/1000: loss=5.266784[0m
( 22.794s) Epoch 101/1000: loss=[32m5.265346[0m
( 22.691s) Epoch 102/1000: loss=5.265737[0m
( 22.732s) Epoch 103/1000: loss=5.265852[0m
( 22.760s) Epoch 104/1000: loss=5.265651[0m
( 22.753s) Epoch 105/1000: loss=[32m5.265005[0m
( 22.861s) Epoch 106/1000: loss=5.265595[0m
( 22.844s) Epoch 107/1000: loss=[32m5.264792[0m
( 22.772s) Epoch 108/1000: loss=[32m5.263704[0m
( 22.800s) Epoch 109/1000: loss=[32m5.263456[0m
( 22.728s) Epoch 110/1000: loss=5.263627[0m
( 22.732s) Epoch 111/1000: loss=5.263698[0m
( 22.729s) Epoch 112/1000: loss=5.263932[0m
( 22.810s) Epoch 113/1000: loss=[32m5.262516[0m
( 22.865s) Epoch 114/1000: loss=5.263926[0m
( 22.737s) Epoch 115/1000: loss=5.262614[0m
( 22.755s) Epoch 116/1000: loss=5.262958[0m
( 22.766s) Epoch 117/1000: loss=5.263282[0m
( 22.807s) Epoch 118/1000: loss=5.262549[0m
( 22.749s) Epoch 119/1000: loss=5.263239[0m
( 22.810s) Epoch 120/1000: loss=[32m5.261870[0m
( 22.800s) Epoch 121/1000: loss=5.262956[0m
( 22.747s) Epoch 122/1000: loss=[32m5.261860[0m
( 22.713s) Epoch 123/1000: loss=5.262600[0m
( 22.767s) Epoch 124/1000: loss=[32m5.261760[0m
( 22.849s) Epoch 125/1000: loss=[32m5.261711[0m
( 22.765s) Epoch 126/1000: loss=5.261992[0m
( 22.854s) Epoch 127/1000: loss=[32m5.261317[0m
( 22.841s) Epoch 128/1000: loss=[32m5.261285[0m
( 22.739s) Epoch 129/1000: loss=5.261650[0m
( 22.806s) Epoch 130/1000: loss=5.262146[0m
( 22.779s) Epoch 131/1000: loss=[32m5.261042[0m
( 22.790s) Epoch 132/1000: loss=[32m5.259992[0m
( 22.753s) Epoch 133/1000: loss=5.260210[0m
( 22.842s) Epoch 134/1000: loss=5.261107[0m
( 22.858s) Epoch 135/1000: loss=5.260494[0m
( 22.779s) Epoch 136/1000: loss=5.261045[0m
( 22.797s) Epoch 137/1000: loss=5.260328[0m
( 22.743s) Epoch 138/1000: loss=[32m5.259499[0m
( 22.764s) Epoch 139/1000: loss=5.259946[0m
( 22.752s) Epoch 140/1000: loss=5.260059[0m
( 22.859s) Epoch 141/1000: loss=5.259752[0m
( 22.807s) Epoch 142/1000: loss=5.260428[0m
( 22.798s) Epoch 143/1000: loss=5.260102[0m
( 22.764s) Epoch 144/1000: loss=5.260081[0m
( 22.772s) Epoch 145/1000: loss=[32m5.259451[0m
( 22.808s) Epoch 146/1000: loss=5.260336[0m
( 22.716s) Epoch 147/1000: loss=[32m5.258886[0m
( 22.823s) Epoch 148/1000: loss=5.259470[0m
( 22.812s) Epoch 149/1000: loss=5.259730[0m
( 22.791s) Epoch 150/1000: loss=5.259085[0m
( 22.762s) Epoch 151/1000: loss=[32m5.257786[0m
( 22.741s) Epoch 152/1000: loss=[32m5.257195[0m
( 22.719s) Epoch 153/1000: loss=5.257334[0m
( 22.816s) Epoch 154/1000: loss=5.257717[0m
( 22.792s) Epoch 155/1000: loss=5.257736[0m
( 22.812s) Epoch 156/1000: loss=5.257320[0m
( 22.731s) Epoch 157/1000: loss=[32m5.256756[0m
( 22.775s) Epoch 158/1000: loss=[32m5.256617[0m
( 22.730s) Epoch 159/1000: loss=5.257066[0m
( 22.741s) Epoch 160/1000: loss=[32m5.256503[0m
( 22.707s) Epoch 161/1000: loss=5.256982[0m
( 22.852s) Epoch 162/1000: loss=5.256548[0m
( 22.801s) Epoch 163/1000: loss=5.256506[0m
( 22.722s) Epoch 164/1000: loss=[32m5.255356[0m
( 22.745s) Epoch 165/1000: loss=5.255688[0m
( 22.732s) Epoch 166/1000: loss=5.255884[0m
( 22.748s) Epoch 167/1000: loss=5.256052[0m
( 22.765s) Epoch 168/1000: loss=5.255572[0m
( 22.891s) Epoch 169/1000: loss=5.255374[0m
( 22.692s) Epoch 170/1000: loss=[32m5.254767[0m
( 22.784s) Epoch 171/1000: loss=[32m5.254735[0m
( 22.800s) Epoch 172/1000: loss=5.255078[0m
( 22.780s) Epoch 173/1000: loss=5.255980[0m
( 22.737s) Epoch 174/1000: loss=5.254900[0m
( 22.834s) Epoch 175/1000: loss=[32m5.253790[0m
( 22.832s) Epoch 176/1000: loss=5.253989[0m
( 22.763s) Epoch 177/1000: loss=5.253962[0m
( 22.705s) Epoch 178/1000: loss=5.253812[0m
( 22.753s) Epoch 179/1000: loss=[32m5.253102[0m
( 22.769s) Epoch 180/1000: loss=[32m5.253004[0m
( 22.721s) Epoch 181/1000: loss=[32m5.252567[0m
( 22.791s) Epoch 182/1000: loss=5.253401[0m
( 22.833s) Epoch 183/1000: loss=5.253396[0m
( 22.743s) Epoch 184/1000: loss=5.252931[0m
( 23.003s) Epoch 185/1000: loss=5.253984[0m
( 22.740s) Epoch 186/1000: loss=[32m5.252310[0m
( 22.732s) Epoch 187/1000: loss=[32m5.251831[0m
( 22.921s) Epoch 188/1000: loss=5.251989[0m
( 22.769s) Epoch 189/1000: loss=5.253142[0m
( 22.858s) Epoch 190/1000: loss=5.252288[0m
( 22.706s) Epoch 191/1000: loss=5.252634[0m
( 22.752s) Epoch 192/1000: loss=[32m5.251770[0m
( 22.772s) Epoch 193/1000: loss=5.252267[0m
( 22.778s) Epoch 194/1000: loss=[32m5.251743[0m
( 22.729s) Epoch 195/1000: loss=5.252149[0m
( 22.826s) Epoch 196/1000: loss=5.252406[0m
( 22.791s) Epoch 197/1000: loss=[32m5.251674[0m
( 22.759s) Epoch 198/1000: loss=[32m5.250802[0m
( 22.736s) Epoch 199/1000: loss=5.251067[0m
( 22.740s) Epoch 200/1000: loss=5.251173[0m
( 22.756s) Epoch 201/1000: loss=5.252297[0m
( 22.785s) Epoch 202/1000: loss=5.251728[0m
( 22.759s) Epoch 203/1000: loss=5.251088[0m
( 22.856s) Epoch 204/1000: loss=5.251402[0m
( 22.768s) Epoch 205/1000: loss=5.250949[0m
( 22.710s) Epoch 206/1000: loss=5.250942[0m
( 22.770s) Epoch 207/1000: loss=5.251530[0m
( 22.710s) Epoch 208/1000: loss=[32m5.250425[0m
( 22.749s) Epoch 209/1000: loss=[32m5.250107[0m
( 22.803s) Epoch 210/1000: loss=5.251910[0m
( 22.854s) Epoch 211/1000: loss=5.251423[0m
( 22.741s) Epoch 212/1000: loss=5.250527[0m
( 22.720s) Epoch 213/1000: loss=5.250130[0m
( 22.711s) Epoch 214/1000: loss=5.250920[0m
( 22.717s) Epoch 215/1000: loss=5.251059[0m
( 22.715s) Epoch 216/1000: loss=5.250718[0m
( 22.799s) Epoch 217/1000: loss=[32m5.249891[0m
( 22.799s) Epoch 218/1000: loss=5.250735[0m
( 22.739s) Epoch 219/1000: loss=5.249927[0m
( 22.813s) Epoch 220/1000: loss=5.251157[0m
( 22.727s) Epoch 221/1000: loss=[32m5.249550[0m
( 22.735s) Epoch 222/1000: loss=5.249950[0m
( 22.746s) Epoch 223/1000: loss=5.249658[0m
( 22.832s) Epoch 224/1000: loss=[32m5.248987[0m
( 22.859s) Epoch 225/1000: loss=5.250469[0m
( 22.758s) Epoch 226/1000: loss=[32m5.248967[0m
( 22.681s) Epoch 227/1000: loss=5.249079[0m
( 22.742s) Epoch 228/1000: loss=5.249491[0m
( 22.701s) Epoch 229/1000: loss=5.249022[0m
( 22.729s) Epoch 230/1000: loss=5.249952[0m
( 22.768s) Epoch 231/1000: loss=[32m5.248680[0m
( 22.745s) Epoch 232/1000: loss=[32m5.248439[0m
( 22.699s) Epoch 233/1000: loss=[32m5.248045[0m
( 22.730s) Epoch 234/1000: loss=5.248696[0m
( 22.726s) Epoch 235/1000: loss=5.248640[0m
( 22.742s) Epoch 236/1000: loss=5.248997[0m
( 22.743s) Epoch 237/1000: loss=5.248878[0m
( 22.791s) Epoch 238/1000: loss=5.248433[0m
( 22.770s) Epoch 239/1000: loss=[32m5.247351[0m
( 22.714s) Epoch 240/1000: loss=5.249140[0m
( 22.772s) Epoch 241/1000: loss=5.248548[0m
( 22.728s) Epoch 242/1000: loss=5.248289[0m
( 22.754s) Epoch 243/1000: loss=5.247749[0m
( 22.765s) Epoch 244/1000: loss=5.248311[0m
( 22.779s) Epoch 245/1000: loss=5.248626[0m
( 22.803s) Epoch 246/1000: loss=5.247887[0m
( 22.762s) Epoch 247/1000: loss=5.247795[0m
( 22.737s) Epoch 248/1000: loss=5.248075[0m
( 22.819s) Epoch 249/1000: loss=5.248161[0m
( 22.758s) Epoch 250/1000: loss=5.247476[0m
( 22.719s) Epoch 251/1000: loss=5.248417[0m
( 22.811s) Epoch 252/1000: loss=5.248304[0m
( 22.757s) Epoch 253/1000: loss=[32m5.247038[0m
( 22.719s) Epoch 254/1000: loss=5.248357[0m
( 22.750s) Epoch 255/1000: loss=5.247345[0m
( 22.724s) Epoch 256/1000: loss=5.248313[0m
( 22.714s) Epoch 257/1000: loss=5.247617[0m
( 22.723s) Epoch 258/1000: loss=5.247414[0m
( 22.811s) Epoch 259/1000: loss=5.247830[0m
( 22.831s) Epoch 260/1000: loss=5.249399[0m
( 22.742s) Epoch 261/1000: loss=5.247361[0m
( 22.788s) Epoch 262/1000: loss=5.247746[0m
( 22.725s) Epoch 263/1000: loss=5.248372[0m
( 22.757s) Epoch 264/1000: loss=5.247419[0m
( 22.731s) Epoch 265/1000: loss=5.247319[0m
( 22.845s) Epoch 266/1000: loss=5.247193[0m
( 22.857s) Epoch 267/1000: loss=[32m5.246869[0m
( 22.784s) Epoch 268/1000: loss=5.247278[0m
( 22.752s) Epoch 269/1000: loss=[32m5.246730[0m
( 22.794s) Epoch 270/1000: loss=5.247115[0m
( 22.755s) Epoch 271/1000: loss=5.247106[0m
( 22.746s) Epoch 272/1000: loss=5.247389[0m
( 22.798s) Epoch 273/1000: loss=5.247506[0m
( 22.871s) Epoch 274/1000: loss=[32m5.246704[0m
( 22.774s) Epoch 275/1000: loss=[32m5.246554[0m
( 22.745s) Epoch 276/1000: loss=5.246631[0m
( 22.766s) Epoch 277/1000: loss=[32m5.245560[0m
( 22.756s) Epoch 278/1000: loss=5.247607[0m
( 22.732s) Epoch 279/1000: loss=[32m5.245155[0m
( 22.785s) Epoch 280/1000: loss=5.245876[0m
( 22.824s) Epoch 281/1000: loss=5.245707[0m
( 22.758s) Epoch 282/1000: loss=5.246090[0m
( 22.758s) Epoch 283/1000: loss=5.245470[0m
( 22.760s) Epoch 284/1000: loss=5.245783[0m
( 22.736s) Epoch 285/1000: loss=5.245979[0m
( 22.746s) Epoch 286/1000: loss=5.246103[0m
( 22.774s) Epoch 287/1000: loss=5.245836[0m
( 22.802s) Epoch 288/1000: loss=5.245759[0m
( 22.695s) Epoch 289/1000: loss=5.246113[0m
( 22.740s) Epoch 290/1000: loss=[32m5.245035[0m
( 22.726s) Epoch 291/1000: loss=5.246126[0m
( 22.785s) Epoch 292/1000: loss=5.246039[0m
( 22.698s) Epoch 293/1000: loss=5.246149[0m
( 22.807s) Epoch 294/1000: loss=5.245618[0m
( 22.843s) Epoch 295/1000: loss=[32m5.244775[0m
( 22.767s) Epoch 296/1000: loss=5.246404[0m
( 22.729s) Epoch 297/1000: loss=5.244872[0m
( 22.716s) Epoch 298/1000: loss=5.245645[0m
( 22.731s) Epoch 299/1000: loss=5.244938[0m
( 22.716s) Epoch 300/1000: loss=5.245034[0m
( 22.835s) Epoch 301/1000: loss=5.245549[0m
( 22.889s) Epoch 302/1000: loss=5.245905[0m
( 22.802s) Epoch 303/1000: loss=5.245122[0m
( 22.743s) Epoch 304/1000: loss=5.245602[0m
( 22.770s) Epoch 305/1000: loss=5.245637[0m
( 22.738s) Epoch 306/1000: loss=5.245821[0m
( 22.758s) Epoch 307/1000: loss=5.244863[0m
( 22.745s) Epoch 308/1000: loss=5.245547[0m
( 22.887s) Epoch 309/1000: loss=[32m5.244690[0m
( 22.714s) Epoch 310/1000: loss=[32m5.244419[0m
( 22.731s) Epoch 311/1000: loss=5.244523[0m
( 22.687s) Epoch 312/1000: loss=5.245224[0m
( 22.709s) Epoch 313/1000: loss=5.245368[0m
( 22.684s) Epoch 314/1000: loss=[32m5.244179[0m
( 22.765s) Epoch 315/1000: loss=[32m5.244085[0m
( 22.813s) Epoch 316/1000: loss=5.244555[0m
( 22.738s) Epoch 317/1000: loss=5.244292[0m
( 22.710s) Epoch 318/1000: loss=5.245097[0m
( 22.735s) Epoch 319/1000: loss=5.244518[0m
( 22.705s) Epoch 320/1000: loss=5.244322[0m
( 22.681s) Epoch 321/1000: loss=[32m5.243921[0m
( 22.722s) Epoch 322/1000: loss=5.244178[0m
( 22.767s) Epoch 323/1000: loss=[32m5.243796[0m
( 22.716s) Epoch 324/1000: loss=[32m5.243681[0m
( 22.720s) Epoch 325/1000: loss=[32m5.243480[0m
( 22.730s) Epoch 326/1000: loss=[32m5.243265[0m
( 22.700s) Epoch 327/1000: loss=5.243341[0m
( 22.760s) Epoch 328/1000: loss=5.243422[0m
( 22.699s) Epoch 329/1000: loss=5.244095[0m
( 22.829s) Epoch 330/1000: loss=5.243347[0m
( 22.682s) Epoch 331/1000: loss=5.243529[0m
( 22.701s) Epoch 332/1000: loss=[32m5.242894[0m
( 22.732s) Epoch 333/1000: loss=5.243420[0m
( 22.747s) Epoch 334/1000: loss=5.243746[0m
( 22.736s) Epoch 335/1000: loss=[32m5.242530[0m
( 22.764s) Epoch 336/1000: loss=5.244026[0m
( 22.822s) Epoch 337/1000: loss=5.244311[0m
( 22.739s) Epoch 338/1000: loss=5.243137[0m
( 22.775s) Epoch 339/1000: loss=5.243346[0m
( 22.726s) Epoch 340/1000: loss=5.242736[0m
( 22.714s) Epoch 341/1000: loss=5.242842[0m
( 22.731s) Epoch 342/1000: loss=5.243802[0m
( 22.774s) Epoch 343/1000: loss=5.242983[0m
( 22.859s) Epoch 344/1000: loss=5.244001[0m
( 22.766s) Epoch 345/1000: loss=5.242771[0m
( 22.732s) Epoch 346/1000: loss=5.243350[0m
( 22.773s) Epoch 347/1000: loss=5.242670[0m
( 22.727s) Epoch 348/1000: loss=5.243005[0m
( 22.735s) Epoch 349/1000: loss=5.243019[0m
( 22.800s) Epoch 350/1000: loss=5.243263[0m
( 22.851s) Epoch 351/1000: loss=5.242816[0m
( 22.736s) Epoch 352/1000: loss=5.242833[0m
( 22.748s) Epoch 353/1000: loss=5.243496[0m
( 22.751s) Epoch 354/1000: loss=5.243319[0m
( 22.727s) Epoch 355/1000: loss=[32m5.242364[0m
( 22.792s) Epoch 356/1000: loss=5.242519[0m
( 22.736s) Epoch 357/1000: loss=[32m5.242003[0m
( 22.821s) Epoch 358/1000: loss=5.242230[0m
( 22.728s) Epoch 359/1000: loss=5.242383[0m
( 22.754s) Epoch 360/1000: loss=5.243199[0m
( 22.698s) Epoch 361/1000: loss=5.242667[0m
( 22.754s) Epoch 362/1000: loss=5.242968[0m
( 22.731s) Epoch 363/1000: loss=[32m5.241800[0m
( 22.748s) Epoch 364/1000: loss=5.242458[0m
( 22.806s) Epoch 365/1000: loss=5.242041[0m
( 22.759s) Epoch 366/1000: loss=[32m5.241734[0m
( 22.663s) Epoch 367/1000: loss=5.242825[0m
( 22.696s) Epoch 368/1000: loss=5.242041[0m
( 22.740s) Epoch 369/1000: loss=5.242414[0m
( 22.729s) Epoch 370/1000: loss=[32m5.240612[0m
( 22.772s) Epoch 371/1000: loss=5.241795[0m
( 22.775s) Epoch 372/1000: loss=5.242416[0m
( 22.810s) Epoch 373/1000: loss=5.242106[0m
( 22.706s) Epoch 374/1000: loss=5.241704[0m
( 22.754s) Epoch 375/1000: loss=5.241839[0m
( 22.669s) Epoch 376/1000: loss=5.242896[0m
( 22.703s) Epoch 377/1000: loss=5.242031[0m
( 22.754s) Epoch 378/1000: loss=5.242368[0m
( 22.804s) Epoch 379/1000: loss=5.241368[0m
( 22.768s) Epoch 380/1000: loss=5.242069[0m
( 22.746s) Epoch 381/1000: loss=5.241383[0m
( 22.740s) Epoch 382/1000: loss=5.241707[0m
( 22.752s) Epoch 383/1000: loss=5.241729[0m
( 22.743s) Epoch 384/1000: loss=5.241155[0m
( 22.769s) Epoch 385/1000: loss=[32m5.239842[0m
( 22.782s) Epoch 386/1000: loss=5.241963[0m
( 22.841s) Epoch 387/1000: loss=5.241532[0m
( 22.712s) Epoch 388/1000: loss=5.240323[0m
( 22.705s) Epoch 389/1000: loss=5.240440[0m
( 22.738s) Epoch 390/1000: loss=5.241387[0m
( 22.730s) Epoch 391/1000: loss=5.241088[0m
( 22.745s) Epoch 392/1000: loss=5.241575[0m
( 22.720s) Epoch 393/1000: loss=5.240752[0m
( 22.806s) Epoch 394/1000: loss=5.240444[0m
( 22.728s) Epoch 395/1000: loss=5.241158[0m
( 22.756s) Epoch 396/1000: loss=5.240466[0m
( 22.727s) Epoch 397/1000: loss=[32m5.239722[0m
( 22.755s) Epoch 398/1000: loss=5.240234[0m
( 22.797s) Epoch 399/1000: loss=5.240342[0m
( 22.813s) Epoch 400/1000: loss=5.240225[0m
( 22.839s) Epoch 401/1000: loss=5.240171[0m
( 22.771s) Epoch 402/1000: loss=5.240660[0m
( 22.736s) Epoch 403/1000: loss=5.240586[0m
( 22.757s) Epoch 404/1000: loss=5.240275[0m
( 22.769s) Epoch 405/1000: loss=5.240154[0m
( 22.799s) Epoch 406/1000: loss=[32m5.239609[0m
( 22.802s) Epoch 407/1000: loss=5.240497[0m
( 22.778s) Epoch 408/1000: loss=5.239958[0m
( 22.753s) Epoch 409/1000: loss=[32m5.239583[0m
( 22.741s) Epoch 410/1000: loss=5.239987[0m
( 22.753s) Epoch 411/1000: loss=5.240505[0m
( 22.989s) Epoch 412/1000: loss=5.239908[0m
( 22.788s) Epoch 413/1000: loss=[32m5.239385[0m
( 22.775s) Epoch 414/1000: loss=5.240424[0m
( 22.846s) Epoch 415/1000: loss=5.240534[0m
( 22.731s) Epoch 416/1000: loss=5.240623[0m
( 22.759s) Epoch 417/1000: loss=5.240231[0m
( 22.862s) Epoch 418/1000: loss=5.240058[0m
( 22.787s) Epoch 419/1000: loss=5.240117[0m
( 22.791s) Epoch 420/1000: loss=[32m5.239336[0m
( 22.815s) Epoch 421/1000: loss=5.240422[0m
( 22.776s) Epoch 422/1000: loss=[32m5.239144[0m
( 22.766s) Epoch 423/1000: loss=5.239977[0m
( 22.818s) Epoch 424/1000: loss=5.240729[0m
( 22.749s) Epoch 425/1000: loss=5.240283[0m
( 22.811s) Epoch 426/1000: loss=5.241507[0m
( 22.781s) Epoch 427/1000: loss=5.239284[0m
( 22.831s) Epoch 428/1000: loss=[32m5.238218[0m
( 22.800s) Epoch 429/1000: loss=5.238888[0m
( 22.738s) Epoch 430/1000: loss=5.238893[0m
( 22.798s) Epoch 431/1000: loss=5.239367[0m
( 22.754s) Epoch 432/1000: loss=5.238530[0m
( 22.735s) Epoch 433/1000: loss=5.239558[0m
( 22.787s) Epoch 434/1000: loss=5.239294[0m
( 22.770s) Epoch 435/1000: loss=5.240368[0m
( 22.807s) Epoch 436/1000: loss=5.239437[0m
( 22.746s) Epoch 437/1000: loss=5.239225[0m
( 22.733s) Epoch 438/1000: loss=5.238932[0m
( 22.728s) Epoch 439/1000: loss=5.238598[0m
( 22.729s) Epoch 440/1000: loss=5.238630[0m
( 22.893s) Epoch 441/1000: loss=5.238586[0m
( 22.771s) Epoch 442/1000: loss=5.238476[0m
( 22.828s) Epoch 443/1000: loss=[32m5.238170[0m
( 22.743s) Epoch 444/1000: loss=5.238971[0m
( 22.762s) Epoch 445/1000: loss=5.238390[0m
( 22.734s) Epoch 446/1000: loss=5.238185[0m
( 22.768s) Epoch 447/1000: loss=5.238681[0m
( 22.780s) Epoch 448/1000: loss=5.239266[0m
( 22.796s) Epoch 449/1000: loss=5.238760[0m
( 22.806s) Epoch 450/1000: loss=5.238557[0m
( 22.756s) Epoch 451/1000: loss=5.238541[0m
( 22.723s) Epoch 452/1000: loss=[32m5.238082[0m
( 22.750s) Epoch 453/1000: loss=5.239622[0m
( 22.772s) Epoch 454/1000: loss=5.238326[0m
( 22.798s) Epoch 455/1000: loss=5.238204[0m
( 22.823s) Epoch 456/1000: loss=[32m5.237850[0m
( 22.830s) Epoch 457/1000: loss=5.238510[0m
( 22.773s) Epoch 458/1000: loss=5.238242[0m
( 22.733s) Epoch 459/1000: loss=5.238586[0m
( 22.765s) Epoch 460/1000: loss=5.239511[0m
( 22.774s) Epoch 461/1000: loss=5.237903[0m
( 22.753s) Epoch 462/1000: loss=5.238197[0m
( 22.707s) Epoch 463/1000: loss=5.238369[0m
( 22.849s) Epoch 464/1000: loss=[32m5.237735[0m
( 22.735s) Epoch 465/1000: loss=5.238347[0m
( 22.756s) Epoch 466/1000: loss=5.238032[0m
( 22.765s) Epoch 467/1000: loss=5.238513[0m
( 22.774s) Epoch 468/1000: loss=[32m5.237700[0m
( 22.757s) Epoch 469/1000: loss=[32m5.237411[0m
( 22.784s) Epoch 470/1000: loss=[32m5.237105[0m
( 22.812s) Epoch 471/1000: loss=5.237613[0m
( 22.765s) Epoch 472/1000: loss=5.237285[0m
( 22.870s) Epoch 473/1000: loss=5.237341[0m
( 22.742s) Epoch 474/1000: loss=5.237874[0m
( 22.720s) Epoch 475/1000: loss=5.237365[0m
( 22.737s) Epoch 476/1000: loss=[32m5.237096[0m
( 22.771s) Epoch 477/1000: loss=5.237813[0m
( 22.828s) Epoch 478/1000: loss=5.237162[0m
( 22.743s) Epoch 479/1000: loss=5.237802[0m
( 22.708s) Epoch 480/1000: loss=5.238133[0m
( 22.754s) Epoch 481/1000: loss=5.237415[0m
( 22.733s) Epoch 482/1000: loss=[32m5.236374[0m
( 22.771s) Epoch 483/1000: loss=5.236658[0m
( 22.834s) Epoch 484/1000: loss=5.237477[0m
( 22.790s) Epoch 485/1000: loss=5.237444[0m
( 22.797s) Epoch 486/1000: loss=5.237447[0m
( 22.758s) Epoch 487/1000: loss=5.236377[0m
( 22.719s) Epoch 488/1000: loss=5.237334[0m
( 22.810s) Epoch 489/1000: loss=5.236979[0m
( 22.804s) Epoch 490/1000: loss=5.236835[0m
( 22.787s) Epoch 491/1000: loss=[32m5.235934[0m
( 22.805s) Epoch 492/1000: loss=5.236531[0m
( 22.794s) Epoch 493/1000: loss=5.236802[0m
( 22.753s) Epoch 494/1000: loss=5.236681[0m
( 22.718s) Epoch 495/1000: loss=5.236478[0m
( 22.737s) Epoch 496/1000: loss=5.237307[0m
( 22.777s) Epoch 497/1000: loss=5.237198[0m
( 22.763s) Epoch 498/1000: loss=5.237291[0m
( 22.762s) Epoch 499/1000: loss=5.236924[0m
( 22.794s) Epoch 500/1000: loss=5.237049[0m
( 22.736s) Epoch 501/1000: loss=5.236811[0m
( 22.787s) Epoch 502/1000: loss=[32m5.235328[0m
( 22.788s) Epoch 503/1000: loss=5.236200[0m
( 22.786s) Epoch 504/1000: loss=5.236286[0m
( 22.834s) Epoch 505/1000: loss=5.236982[0m
( 22.776s) Epoch 506/1000: loss=5.236008[0m
( 22.796s) Epoch 507/1000: loss=5.236087[0m
( 22.732s) Epoch 508/1000: loss=5.236986[0m
( 22.780s) Epoch 509/1000: loss=5.236571[0m
( 22.880s) Epoch 510/1000: loss=5.235863[0m
( 22.766s) Epoch 511/1000: loss=5.236596[0m
( 22.820s) Epoch 512/1000: loss=5.236167[0m
( 22.805s) Epoch 513/1000: loss=5.235497[0m
( 22.797s) Epoch 514/1000: loss=5.235381[0m
( 22.794s) Epoch 515/1000: loss=5.236357[0m
( 22.769s) Epoch 516/1000: loss=5.236324[0m
( 22.773s) Epoch 517/1000: loss=5.235796[0m
( 22.778s) Epoch 518/1000: loss=5.236273[0m
( 22.847s) Epoch 519/1000: loss=5.235489[0m
( 22.830s) Epoch 520/1000: loss=5.235583[0m
( 22.840s) Epoch 521/1000: loss=5.235978[0m
( 22.768s) Epoch 522/1000: loss=5.235340[0m
( 22.731s) Epoch 523/1000: loss=5.235659[0m
( 22.750s) Epoch 524/1000: loss=5.235361[0m
( 22.745s) Epoch 525/1000: loss=[32m5.234861[0m
( 22.845s) Epoch 526/1000: loss=5.235079[0m
( 22.762s) Epoch 527/1000: loss=5.235385[0m
( 22.812s) Epoch 528/1000: loss=5.235144[0m
( 22.759s) Epoch 529/1000: loss=5.235479[0m
( 22.772s) Epoch 530/1000: loss=5.235218[0m
( 22.722s) Epoch 531/1000: loss=5.235172[0m
( 22.785s) Epoch 532/1000: loss=5.235646[0m
( 22.839s) Epoch 533/1000: loss=5.234881[0m
( 22.790s) Epoch 534/1000: loss=5.235220[0m
( 22.764s) Epoch 535/1000: loss=5.235371[0m
( 22.761s) Epoch 536/1000: loss=5.234970[0m
( 22.731s) Epoch 537/1000: loss=[32m5.233959[0m
( 22.746s) Epoch 538/1000: loss=5.234973[0m
( 22.779s) Epoch 539/1000: loss=5.235272[0m
( 22.780s) Epoch 540/1000: loss=5.235436[0m
( 22.730s) Epoch 541/1000: loss=5.234633[0m
( 22.767s) Epoch 542/1000: loss=5.235529[0m
( 22.720s) Epoch 543/1000: loss=5.235505[0m
( 22.745s) Epoch 544/1000: loss=5.235519[0m
( 22.739s) Epoch 545/1000: loss=5.234658[0m
( 22.710s) Epoch 546/1000: loss=5.235001[0m
( 22.800s) Epoch 547/1000: loss=5.234987[0m
( 22.715s) Epoch 548/1000: loss=5.234547[0m
( 22.738s) Epoch 549/1000: loss=5.234329[0m
( 22.761s) Epoch 550/1000: loss=5.234504[0m
( 22.720s) Epoch 551/1000: loss=5.234389[0m
( 22.713s) Epoch 552/1000: loss=5.234206[0m
( 22.738s) Epoch 553/1000: loss=5.235023[0m
( 22.809s) Epoch 554/1000: loss=5.234636[0m
( 22.793s) Epoch 555/1000: loss=5.234896[0m
( 22.737s) Epoch 556/1000: loss=5.234330[0m
( 22.736s) Epoch 557/1000: loss=5.234930[0m
( 22.720s) Epoch 558/1000: loss=[32m5.233558[0m
( 22.732s) Epoch 559/1000: loss=5.234019[0m
( 22.786s) Epoch 560/1000: loss=5.234609[0m
( 22.812s) Epoch 561/1000: loss=5.234970[0m
( 22.722s) Epoch 562/1000: loss=5.234848[0m
( 22.789s) Epoch 563/1000: loss=5.235321[0m
( 22.757s) Epoch 564/1000: loss=5.234869[0m
( 22.702s) Epoch 565/1000: loss=5.234381[0m
( 22.712s) Epoch 566/1000: loss=5.233854[0m
( 22.687s) Epoch 567/1000: loss=5.234230[0m
( 22.717s) Epoch 568/1000: loss=5.234841[0m
( 22.783s) Epoch 569/1000: loss=5.233824[0m
( 22.770s) Epoch 570/1000: loss=[32m5.233260[0m
( 22.751s) Epoch 571/1000: loss=[32m5.232901[0m
( 22.695s) Epoch 572/1000: loss=5.234573[0m
( 22.712s) Epoch 573/1000: loss=5.234965[0m
( 22.708s) Epoch 574/1000: loss=5.234143[0m
( 22.799s) Epoch 575/1000: loss=5.233603[0m
( 22.709s) Epoch 576/1000: loss=5.233990[0m
( 22.781s) Epoch 577/1000: loss=5.233271[0m
( 22.724s) Epoch 578/1000: loss=5.233866[0m
( 22.733s) Epoch 579/1000: loss=5.233426[0m
( 22.734s) Epoch 580/1000: loss=5.234800[0m
( 22.772s) Epoch 581/1000: loss=5.233673[0m
( 22.788s) Epoch 582/1000: loss=5.233117[0m
( 22.766s) Epoch 583/1000: loss=5.233654[0m
( 22.761s) Epoch 584/1000: loss=5.233578[0m
( 22.767s) Epoch 585/1000: loss=5.233347[0m
( 22.749s) Epoch 586/1000: loss=5.233616[0m
( 22.856s) Epoch 587/1000: loss=5.233484[0m
( 22.691s) Epoch 588/1000: loss=[32m5.232896[0m
( 22.771s) Epoch 589/1000: loss=5.233532[0m
( 22.727s) Epoch 590/1000: loss=[32m5.232839[0m
( 22.778s) Epoch 591/1000: loss=5.233004[0m
( 22.788s) Epoch 592/1000: loss=5.233943[0m
( 22.723s) Epoch 593/1000: loss=[32m5.232736[0m
( 22.770s) Epoch 594/1000: loss=5.233399[0m
( 22.736s) Epoch 595/1000: loss=[32m5.232425[0m
( 22.792s) Epoch 596/1000: loss=5.232912[0m
( 22.734s) Epoch 597/1000: loss=5.233526[0m
( 22.786s) Epoch 598/1000: loss=5.232640[0m
( 22.750s) Epoch 599/1000: loss=5.233369[0m
( 22.778s) Epoch 600/1000: loss=5.233663[0m
( 22.775s) Epoch 601/1000: loss=[32m5.232413[0m
( 22.742s) Epoch 602/1000: loss=5.233207[0m
( 22.746s) Epoch 603/1000: loss=5.232800[0m
( 22.838s) Epoch 604/1000: loss=5.232471[0m
( 22.908s) Epoch 605/1000: loss=5.232610[0m
( 22.816s) Epoch 606/1000: loss=5.232807[0m
( 22.767s) Epoch 607/1000: loss=5.233344[0m
( 22.784s) Epoch 608/1000: loss=5.233285[0m
( 22.753s) Epoch 609/1000: loss=5.232959[0m
( 22.735s) Epoch 610/1000: loss=5.232873[0m
( 22.847s) Epoch 611/1000: loss=5.233327[0m
( 22.768s) Epoch 612/1000: loss=[32m5.231941[0m
( 22.781s) Epoch 613/1000: loss=5.232619[0m
( 22.752s) Epoch 614/1000: loss=5.232861[0m
( 22.734s) Epoch 615/1000: loss=[32m5.231750[0m
( 22.780s) Epoch 616/1000: loss=5.232124[0m
( 22.748s) Epoch 617/1000: loss=5.231864[0m
( 22.815s) Epoch 618/1000: loss=5.232009[0m
( 22.809s) Epoch 619/1000: loss=5.232427[0m
( 22.759s) Epoch 620/1000: loss=5.232331[0m
( 22.926s) Epoch 621/1000: loss=[32m5.231474[0m
( 22.749s) Epoch 622/1000: loss=5.232272[0m
( 22.826s) Epoch 623/1000: loss=5.232500[0m
( 22.785s) Epoch 624/1000: loss=5.232198[0m
( 22.825s) Epoch 625/1000: loss=5.232873[0m
( 22.766s) Epoch 626/1000: loss=5.232219[0m
( 22.761s) Epoch 627/1000: loss=5.232591[0m
( 22.771s) Epoch 628/1000: loss=5.232063[0m
( 22.720s) Epoch 629/1000: loss=5.232229[0m
( 22.750s) Epoch 630/1000: loss=5.231950[0m
( 22.692s) Epoch 631/1000: loss=5.232822[0m
( 22.827s) Epoch 632/1000: loss=5.231853[0m
( 22.780s) Epoch 633/1000: loss=5.232223[0m
( 22.884s) Epoch 634/1000: loss=[32m5.231368[0m
( 22.711s) Epoch 635/1000: loss=5.231784[0m
( 22.727s) Epoch 636/1000: loss=5.231973[0m
( 22.735s) Epoch 637/1000: loss=5.231957[0m
( 22.724s) Epoch 638/1000: loss=5.231495[0m
( 22.801s) Epoch 639/1000: loss=5.231938[0m
( 22.782s) Epoch 640/1000: loss=[32m5.231183[0m
( 22.759s) Epoch 641/1000: loss=5.231477[0m
( 22.760s) Epoch 642/1000: loss=[32m5.231107[0m
( 22.741s) Epoch 643/1000: loss=5.231736[0m
( 22.744s) Epoch 644/1000: loss=5.231996[0m
( 22.782s) Epoch 645/1000: loss=5.231788[0m
( 22.801s) Epoch 646/1000: loss=5.231880[0m
( 22.801s) Epoch 647/1000: loss=5.232044[0m
( 22.749s) Epoch 648/1000: loss=5.231132[0m
( 22.817s) Epoch 649/1000: loss=5.231724[0m
( 22.765s) Epoch 650/1000: loss=5.231158[0m
( 22.786s) Epoch 651/1000: loss=5.231561[0m
( 22.752s) Epoch 652/1000: loss=[32m5.230844[0m
( 22.849s) Epoch 653/1000: loss=5.231970[0m
( 22.759s) Epoch 654/1000: loss=5.231752[0m
( 22.781s) Epoch 655/1000: loss=5.231204[0m
( 22.761s) Epoch 656/1000: loss=5.231161[0m
( 22.712s) Epoch 657/1000: loss=5.230929[0m
( 22.780s) Epoch 658/1000: loss=5.231364[0m
( 22.756s) Epoch 659/1000: loss=5.230947[0m
( 22.839s) Epoch 660/1000: loss=5.231391[0m
( 22.752s) Epoch 661/1000: loss=5.231720[0m
( 22.791s) Epoch 662/1000: loss=5.231043[0m
( 22.768s) Epoch 663/1000: loss=5.231323[0m
( 22.735s) Epoch 664/1000: loss=5.231260[0m
( 22.710s) Epoch 665/1000: loss=[32m5.230737[0m
( 22.763s) Epoch 666/1000: loss=5.230904[0m
( 22.818s) Epoch 667/1000: loss=5.231514[0m
( 22.817s) Epoch 668/1000: loss=5.230806[0m
( 22.759s) Epoch 669/1000: loss=5.230805[0m
( 22.769s) Epoch 670/1000: loss=[32m5.230473[0m
( 22.781s) Epoch 671/1000: loss=5.230991[0m
( 22.760s) Epoch 672/1000: loss=5.230794[0m
( 22.768s) Epoch 673/1000: loss=5.230997[0m
( 22.796s) Epoch 674/1000: loss=5.230714[0m
( 22.848s) Epoch 675/1000: loss=5.231459[0m
( 22.835s) Epoch 676/1000: loss=[32m5.230234[0m
( 22.817s) Epoch 677/1000: loss=5.230539[0m
( 22.752s) Epoch 678/1000: loss=[32m5.230130[0m
( 22.776s) Epoch 679/1000: loss=[32m5.230103[0m
( 22.749s) Epoch 680/1000: loss=[32m5.230073[0m
( 22.798s) Epoch 681/1000: loss=[32m5.230040[0m
( 22.817s) Epoch 682/1000: loss=5.231026[0m
( 22.802s) Epoch 683/1000: loss=5.231127[0m
( 22.733s) Epoch 684/1000: loss=5.231961[0m
( 22.771s) Epoch 685/1000: loss=5.231137[0m
( 22.753s) Epoch 686/1000: loss=5.230772[0m
( 22.785s) Epoch 687/1000: loss=[32m5.229671[0m
( 22.761s) Epoch 688/1000: loss=5.230200[0m
( 22.800s) Epoch 689/1000: loss=5.230608[0m
( 22.790s) Epoch 690/1000: loss=5.230299[0m
( 22.741s) Epoch 691/1000: loss=5.230030[0m
( 22.766s) Epoch 692/1000: loss=5.229879[0m
( 22.752s) Epoch 693/1000: loss=5.230680[0m
( 22.771s) Epoch 694/1000: loss=5.229922[0m
( 22.789s) Epoch 695/1000: loss=5.230821[0m
( 22.811s) Epoch 696/1000: loss=5.230011[0m
( 22.781s) Epoch 697/1000: loss=5.230245[0m
( 22.759s) Epoch 698/1000: loss=[32m5.229641[0m
( 22.745s) Epoch 699/1000: loss=[32m5.229426[0m
( 22.739s) Epoch 700/1000: loss=5.230405[0m
( 22.699s) Epoch 701/1000: loss=5.229834[0m
( 22.808s) Epoch 702/1000: loss=5.229773[0m
( 22.752s) Epoch 703/1000: loss=5.229562[0m
( 22.836s) Epoch 704/1000: loss=5.230285[0m
( 22.767s) Epoch 705/1000: loss=5.229798[0m
( 22.735s) Epoch 706/1000: loss=5.229914[0m
( 22.738s) Epoch 707/1000: loss=5.230006[0m
( 22.771s) Epoch 708/1000: loss=5.229736[0m
( 22.757s) Epoch 709/1000: loss=5.229727[0m
( 22.777s) Epoch 710/1000: loss=[32m5.229129[0m
( 22.816s) Epoch 711/1000: loss=5.229944[0m
( 22.732s) Epoch 712/1000: loss=5.230130[0m
( 22.726s) Epoch 713/1000: loss=5.229386[0m
( 22.689s) Epoch 714/1000: loss=5.229825[0m
( 22.733s) Epoch 715/1000: loss=5.229371[0m
( 22.763s) Epoch 716/1000: loss=5.230207[0m
( 22.810s) Epoch 717/1000: loss=5.229761[0m
( 22.793s) Epoch 718/1000: loss=5.229967[0m
( 22.738s) Epoch 719/1000: loss=5.229250[0m
( 22.742s) Epoch 720/1000: loss=5.229877[0m
( 22.723s) Epoch 721/1000: loss=5.229225[0m
( 22.755s) Epoch 722/1000: loss=5.229643[0m
( 22.778s) Epoch 723/1000: loss=5.229650[0m
( 22.756s) Epoch 724/1000: loss=5.229591[0m
( 22.778s) Epoch 725/1000: loss=5.229855[0m
( 22.716s) Epoch 726/1000: loss=[32m5.228497[0m
( 22.673s) Epoch 727/1000: loss=5.229217[0m
( 22.754s) Epoch 728/1000: loss=5.229260[0m
( 22.739s) Epoch 729/1000: loss=5.229688[0m
( 22.763s) Epoch 730/1000: loss=5.229393[0m
( 22.797s) Epoch 731/1000: loss=5.229544[0m
( 22.779s) Epoch 732/1000: loss=5.229636[0m
( 22.720s) Epoch 733/1000: loss=5.229740[0m
( 22.815s) Epoch 734/1000: loss=5.229205[0m
( 22.730s) Epoch 735/1000: loss=5.229386[0m
( 22.742s) Epoch 736/1000: loss=5.229708[0m
( 22.779s) Epoch 737/1000: loss=5.229647[0m
( 22.817s) Epoch 738/1000: loss=5.229200[0m
( 22.803s) Epoch 739/1000: loss=5.229072[0m
( 22.778s) Epoch 740/1000: loss=5.228866[0m
( 22.698s) Epoch 741/1000: loss=5.228807[0m
( 22.722s) Epoch 742/1000: loss=5.228892[0m
( 22.708s) Epoch 743/1000: loss=5.228957[0m
( 22.708s) Epoch 744/1000: loss=5.230113[0m
( 22.846s) Epoch 745/1000: loss=5.229301[0m
( 22.764s) Epoch 746/1000: loss=5.228908[0m
( 22.727s) Epoch 747/1000: loss=5.228740[0m
( 22.697s) Epoch 748/1000: loss=5.228935[0m
( 22.750s) Epoch 749/1000: loss=5.229182[0m
( 22.703s) Epoch 750/1000: loss=[32m5.228377[0m
( 22.747s) Epoch 751/1000: loss=5.228657[0m
( 22.786s) Epoch 752/1000: loss=5.228648[0m
( 22.813s) Epoch 753/1000: loss=5.228606[0m
( 22.711s) Epoch 754/1000: loss=5.228969[0m
( 22.692s) Epoch 755/1000: loss=5.228836[0m
( 22.735s) Epoch 756/1000: loss=5.228874[0m
( 22.740s) Epoch 757/1000: loss=[32m5.227925[0m
( 22.692s) Epoch 758/1000: loss=5.229026[0m
( 22.815s) Epoch 759/1000: loss=5.228681[0m
( 22.772s) Epoch 760/1000: loss=5.228456[0m
( 22.749s) Epoch 761/1000: loss=5.228406[0m
( 22.772s) Epoch 762/1000: loss=5.229459[0m
( 22.725s) Epoch 763/1000: loss=5.228910[0m
( 22.774s) Epoch 764/1000: loss=5.228237[0m
( 22.775s) Epoch 765/1000: loss=5.228362[0m
( 22.824s) Epoch 766/1000: loss=5.228848[0m
( 22.806s) Epoch 767/1000: loss=5.228662[0m
( 22.791s) Epoch 768/1000: loss=5.229156[0m
( 22.732s) Epoch 769/1000: loss=5.228556[0m
( 22.746s) Epoch 770/1000: loss=5.228851[0m
( 22.719s) Epoch 771/1000: loss=5.228693[0m
( 22.717s) Epoch 772/1000: loss=5.228294[0m
( 22.811s) Epoch 773/1000: loss=5.228774[0m
( 22.745s) Epoch 774/1000: loss=5.228962[0m
( 22.728s) Epoch 775/1000: loss=5.228733[0m
( 22.747s) Epoch 776/1000: loss=5.227934[0m
( 22.784s) Epoch 777/1000: loss=5.228269[0m
( 22.658s) Epoch 778/1000: loss=5.228494[0m
( 22.720s) Epoch 779/1000: loss=[32m5.227821[0m
( 22.793s) Epoch 780/1000: loss=5.228474[0m
( 22.790s) Epoch 781/1000: loss=5.228172[0m
( 22.755s) Epoch 782/1000: loss=5.228465[0m
( 22.752s) Epoch 783/1000: loss=5.228261[0m
( 22.746s) Epoch 784/1000: loss=5.228167[0m
( 22.733s) Epoch 785/1000: loss=5.227932[0m
( 22.710s) Epoch 786/1000: loss=5.228347[0m
( 22.823s) Epoch 787/1000: loss=5.228323[0m
( 22.746s) Epoch 788/1000: loss=5.228877[0m
( 22.744s) Epoch 789/1000: loss=5.228449[0m
( 22.721s) Epoch 790/1000: loss=5.228318[0m
( 22.700s) Epoch 791/1000: loss=5.228304[0m
( 22.714s) Epoch 792/1000: loss=5.228619[0m
( 22.694s) Epoch 793/1000: loss=5.228327[0m
( 22.785s) Epoch 794/1000: loss=5.228693[0m
( 22.804s) Epoch 795/1000: loss=5.227839[0m
( 22.795s) Epoch 796/1000: loss=[32m5.227780[0m
( 22.724s) Epoch 797/1000: loss=5.228315[0m
( 22.751s) Epoch 798/1000: loss=5.228032[0m
( 22.714s) Epoch 799/1000: loss=5.228625[0m
( 22.730s) Epoch 800/1000: loss=5.228396[0m
( 22.747s) Epoch 801/1000: loss=5.228336[0m
( 22.827s) Epoch 802/1000: loss=5.228245[0m
( 22.775s) Epoch 803/1000: loss=5.228755[0m
( 22.748s) Epoch 804/1000: loss=5.228138[0m
( 22.752s) Epoch 805/1000: loss=5.227924[0m
( 22.726s) Epoch 806/1000: loss=5.228194[0m
( 22.708s) Epoch 807/1000: loss=[32m5.227747[0m
( 22.836s) Epoch 808/1000: loss=5.228216[0m
( 22.803s) Epoch 809/1000: loss=5.228269[0m
( 22.758s) Epoch 810/1000: loss=5.228222[0m
( 22.697s) Epoch 811/1000: loss=[32m5.227679[0m
( 22.721s) Epoch 812/1000: loss=5.227781[0m
( 22.747s) Epoch 813/1000: loss=5.228230[0m
( 22.763s) Epoch 814/1000: loss=5.227898[0m
( 22.763s) Epoch 815/1000: loss=5.228267[0m
( 22.805s) Epoch 816/1000: loss=5.228098[0m
( 22.778s) Epoch 817/1000: loss=5.227894[0m
( 22.729s) Epoch 818/1000: loss=5.228681[0m
( 22.761s) Epoch 819/1000: loss=5.227874[0m
( 22.698s) Epoch 820/1000: loss=5.228647[0m
( 22.735s) Epoch 821/1000: loss=5.227744[0m
( 22.743s) Epoch 822/1000: loss=5.227917[0m
( 22.815s) Epoch 823/1000: loss=5.227932[0m
( 22.941s) Epoch 824/1000: loss=5.228225[0m
( 22.777s) Epoch 825/1000: loss=5.228586[0m
( 22.751s) Epoch 826/1000: loss=5.227769[0m
( 22.712s) Epoch 827/1000: loss=5.228850[0m
( 22.731s) Epoch 828/1000: loss=5.227687[0m
( 22.703s) Epoch 829/1000: loss=5.228102[0m
( 22.820s) Epoch 830/1000: loss=5.228160[0m
( 22.746s) Epoch 831/1000: loss=[32m5.227187[0m
( 22.770s) Epoch 832/1000: loss=5.227421[0m
( 22.742s) Epoch 833/1000: loss=5.228199[0m
( 22.747s) Epoch 834/1000: loss=5.227939[0m
( 22.719s) Epoch 835/1000: loss=5.227738[0m
( 22.738s) Epoch 836/1000: loss=[32m5.227052[0m
( 22.783s) Epoch 837/1000: loss=5.227899[0m
( 22.751s) Epoch 838/1000: loss=5.227597[0m
( 22.739s) Epoch 839/1000: loss=5.227438[0m
( 22.749s) Epoch 840/1000: loss=5.228080[0m
( 22.760s) Epoch 841/1000: loss=5.228079[0m
( 22.722s) Epoch 842/1000: loss=5.227735[0m
( 22.902s) Epoch 843/1000: loss=5.227490[0m
( 22.802s) Epoch 844/1000: loss=5.228369[0m
( 22.782s) Epoch 845/1000: loss=5.227802[0m
( 22.757s) Epoch 846/1000: loss=5.227347[0m
( 22.739s) Epoch 847/1000: loss=5.227068[0m
( 22.729s) Epoch 848/1000: loss=5.227393[0m
( 22.761s) Epoch 849/1000: loss=5.227826[0m
( 22.704s) Epoch 850/1000: loss=5.227919[0m
( 22.819s) Epoch 851/1000: loss=5.227953[0m
( 22.792s) Epoch 852/1000: loss=5.227440[0m
( 22.872s) Epoch 853/1000: loss=[32m5.226966[0m
( 22.730s) Epoch 854/1000: loss=5.227411[0m
( 22.727s) Epoch 855/1000: loss=5.227364[0m
( 22.719s) Epoch 856/1000: loss=5.227361[0m
( 22.703s) Epoch 857/1000: loss=5.227359[0m
( 22.785s) Epoch 858/1000: loss=5.227035[0m
( 22.754s) Epoch 859/1000: loss=5.227820[0m
( 22.753s) Epoch 860/1000: loss=5.227588[0m
( 22.729s) Epoch 861/1000: loss=5.227320[0m
( 22.713s) Epoch 862/1000: loss=5.227305[0m
( 22.707s) Epoch 863/1000: loss=5.227506[0m
( 22.916s) Epoch 864/1000: loss=5.227582[0m
( 22.736s) Epoch 865/1000: loss=5.227230[0m
( 22.798s) Epoch 866/1000: loss=5.227284[0m
( 22.768s) Epoch 867/1000: loss=5.228134[0m
( 22.748s) Epoch 868/1000: loss=5.227517[0m
( 22.751s) Epoch 869/1000: loss=5.227430[0m
( 22.748s) Epoch 870/1000: loss=5.227395[0m
( 22.725s) Epoch 871/1000: loss=5.227683[0m
( 22.787s) Epoch 872/1000: loss=5.227541[0m
( 22.825s) Epoch 873/1000: loss=5.227042[0m
( 22.814s) Epoch 874/1000: loss=5.227055[0m
( 22.770s) Epoch 875/1000: loss=5.227047[0m
( 22.763s) Epoch 876/1000: loss=5.227138[0m
( 22.709s) Epoch 877/1000: loss=5.227130[0m
( 22.733s) Epoch 878/1000: loss=5.227500[0m
( 22.799s) Epoch 879/1000: loss=5.227396[0m
( 22.796s) Epoch 880/1000: loss=5.227108[0m
( 22.856s) Epoch 881/1000: loss=[32m5.226933[0m
( 22.719s) Epoch 882/1000: loss=5.227482[0m
( 22.770s) Epoch 883/1000: loss=5.227215[0m
( 22.733s) Epoch 884/1000: loss=[32m5.226910[0m
( 22.765s) Epoch 885/1000: loss=[32m5.226759[0m
( 22.725s) Epoch 886/1000: loss=5.227121[0m
( 22.762s) Epoch 887/1000: loss=5.227205[0m
( 22.754s) Epoch 888/1000: loss=5.227136[0m
( 22.763s) Epoch 889/1000: loss=5.227235[0m
( 22.703s) Epoch 890/1000: loss=5.226847[0m
( 22.725s) Epoch 891/1000: loss=5.227560[0m
( 22.750s) Epoch 892/1000: loss=5.227233[0m
( 22.752s) Epoch 893/1000: loss=5.227268[0m
( 22.777s) Epoch 894/1000: loss=5.227500[0m
( 22.771s) Epoch 895/1000: loss=5.227203[0m
( 22.760s) Epoch 896/1000: loss=5.227188[0m
( 22.740s) Epoch 897/1000: loss=5.226966[0m
( 22.770s) Epoch 898/1000: loss=5.227073[0m
( 22.674s) Epoch 899/1000: loss=5.227421[0m
( 22.698s) Epoch 900/1000: loss=5.227759[0m
( 22.797s) Epoch 901/1000: loss=5.227006[0m
( 22.745s) Epoch 902/1000: loss=5.226810[0m
( 22.788s) Epoch 903/1000: loss=5.227011[0m
( 22.750s) Epoch 904/1000: loss=5.227130[0m
( 22.703s) Epoch 905/1000: loss=5.227511[0m
( 22.733s) Epoch 906/1000: loss=5.226819[0m
( 22.728s) Epoch 907/1000: loss=5.227339[0m
( 22.835s) Epoch 908/1000: loss=5.227329[0m
( 22.801s) Epoch 909/1000: loss=5.227184[0m
( 22.786s) Epoch 910/1000: loss=[32m5.226616[0m
( 22.735s) Epoch 911/1000: loss=5.226652[0m
( 22.728s) Epoch 912/1000: loss=5.227146[0m
( 22.713s) Epoch 913/1000: loss=5.226887[0m
( 22.713s) Epoch 914/1000: loss=5.227181[0m
( 22.808s) Epoch 915/1000: loss=5.227150[0m
( 22.771s) Epoch 916/1000: loss=[32m5.226375[0m
( 22.796s) Epoch 917/1000: loss=5.226952[0m
( 22.728s) Epoch 918/1000: loss=5.226724[0m
( 22.780s) Epoch 919/1000: loss=5.227072[0m
( 22.720s) Epoch 920/1000: loss=5.226777[0m
( 22.738s) Epoch 921/1000: loss=5.226700[0m
( 22.801s) Epoch 922/1000: loss=5.226671[0m
( 22.788s) Epoch 923/1000: loss=5.226793[0m
( 22.812s) Epoch 924/1000: loss=5.226970[0m
( 22.759s) Epoch 925/1000: loss=5.226946[0m
( 22.734s) Epoch 926/1000: loss=5.226909[0m
( 22.710s) Epoch 927/1000: loss=5.226953[0m
( 22.731s) Epoch 928/1000: loss=5.226813[0m
( 22.836s) Epoch 929/1000: loss=5.227074[0m
( 22.796s) Epoch 930/1000: loss=5.226496[0m
( 22.808s) Epoch 931/1000: loss=5.227055[0m
( 22.785s) Epoch 932/1000: loss=5.227314[0m
( 22.718s) Epoch 933/1000: loss=5.227070[0m
( 22.803s) Epoch 934/1000: loss=[32m5.226196[0m
( 22.725s) Epoch 935/1000: loss=5.226673[0m
( 22.819s) Epoch 936/1000: loss=5.226477[0m
( 22.767s) Epoch 937/1000: loss=5.226691[0m
( 22.778s) Epoch 938/1000: loss=5.226930[0m
( 22.711s) Epoch 939/1000: loss=5.227014[0m
( 22.750s) Epoch 940/1000: loss=5.227225[0m
( 22.766s) Epoch 941/1000: loss=5.226931[0m
( 22.723s) Epoch 942/1000: loss=5.226849[0m
( 22.783s) Epoch 943/1000: loss=5.227006[0m
( 22.798s) Epoch 944/1000: loss=5.226272[0m
( 22.754s) Epoch 945/1000: loss=5.226645[0m
( 22.719s) Epoch 946/1000: loss=5.226415[0m
( 22.708s) Epoch 947/1000: loss=5.226255[0m
( 22.714s) Epoch 948/1000: loss=5.226330[0m
( 22.725s) Epoch 949/1000: loss=5.226600[0m
( 22.741s) Epoch 950/1000: loss=5.226344[0m
( 22.746s) Epoch 951/1000: loss=5.226327[0m
( 22.782s) Epoch 952/1000: loss=5.227124[0m
( 22.743s) Epoch 953/1000: loss=5.226688[0m
( 22.689s) Epoch 954/1000: loss=5.227242[0m
( 22.724s) Epoch 955/1000: loss=5.226548[0m
( 22.704s) Epoch 956/1000: loss=5.226365[0m
( 22.765s) Epoch 957/1000: loss=5.226898[0m
( 22.809s) Epoch 958/1000: loss=5.227247[0m
( 22.757s) Epoch 959/1000: loss=5.226384[0m
( 22.774s) Epoch 960/1000: loss=5.226380[0m
( 22.752s) Epoch 961/1000: loss=5.226473[0m
( 22.794s) Epoch 962/1000: loss=5.227125[0m
( 22.736s) Epoch 963/1000: loss=5.227480[0m
( 22.809s) Epoch 964/1000: loss=5.227109[0m
( 22.779s) Epoch 965/1000: loss=5.226909[0m
( 22.804s) Epoch 966/1000: loss=5.226317[0m
( 22.773s) Epoch 967/1000: loss=5.226282[0m
( 22.765s) Epoch 968/1000: loss=5.226576[0m
( 22.744s) Epoch 969/1000: loss=5.226513[0m
( 22.767s) Epoch 970/1000: loss=5.227219[0m
( 22.770s) Epoch 971/1000: loss=5.226466[0m
( 22.826s) Epoch 972/1000: loss=5.226741[0m
( 22.767s) Epoch 973/1000: loss=5.226567[0m
( 22.773s) Epoch 974/1000: loss=5.226596[0m
( 22.714s) Epoch 975/1000: loss=5.226829[0m
( 22.722s) Epoch 976/1000: loss=5.226658[0m
( 22.752s) Epoch 977/1000: loss=5.226779[0m
( 22.744s) Epoch 978/1000: loss=5.226386[0m
( 22.744s) Epoch 979/1000: loss=5.226510[0m
( 22.776s) Epoch 980/1000: loss=5.226623[0m
( 22.783s) Epoch 981/1000: loss=5.226419[0m
( 22.667s) Epoch 982/1000: loss=5.226560[0m
( 22.722s) Epoch 983/1000: loss=5.226455[0m
( 22.717s) Epoch 984/1000: loss=5.226848[0m
( 22.765s) Epoch 985/1000: loss=5.226633[0m
( 22.705s) Epoch 986/1000: loss=5.226327[0m
( 22.757s) Epoch 987/1000: loss=5.227037[0m
( 22.734s) Epoch 988/1000: loss=5.226202[0m
( 22.731s) Epoch 989/1000: loss=5.226574[0m
( 22.746s) Epoch 990/1000: loss=[32m5.226038[0m
( 22.752s) Epoch 991/1000: loss=5.226666[0m
( 22.708s) Epoch 992/1000: loss=5.226582[0m
( 22.768s) Epoch 993/1000: loss=5.226891[0m
( 22.837s) Epoch 994/1000: loss=5.227006[0m
( 22.800s) Epoch 995/1000: loss=5.226699[0m
( 22.762s) Epoch 996/1000: loss=5.226289[0m
( 22.713s) Epoch 997/1000: loss=5.226218[0m
( 22.778s) Epoch 998/1000: loss=5.226609[0m
( 22.779s) Epoch 999/1000: loss=5.226131[0m
( 22.777s) Epoch 1000/1000: loss=5.226675[0m
Training for 1000 epochs took 22804.880s total and 22.805s average
Calculating mean of transformed dataset using the best model state ... 5.981s
Saving best model and options to /home/aditya.bharti/FewShot/cifar100fs_1000epoch/ColorGauss.pth
