Namespace(T_max=1000, backbone='resnet50', base_learning_rate=0.1, base_optimizer='SGD', batch_size=256, dampening=0.0, data_percent=20, dataset='cifar100fs', dataset_root=None, distributed=True, episode_strat='SimpleShotEpisodes', eval_freq=2000, fine_tune_epochs=20, fine_tune_save_path='ft0.pth', first_augment='CropResize', head='SimpleMLP', jitter_strength=1.0, k_shot=5, load_from=None, local_rank=0, log_file=<_io.TextIOWrapper name='/home/aditya.bharti/FewShot/cifar100fs_1000epoch/CropColor.out' mode='a' encoding='UTF-8'>, loss_function='NTXent', model='SimCLRModel', momentum=0.9, n_way=5, nesterov=True, ntxent_temp=1.0, num_epochs=1000, num_query=15, num_test_tasks=10000, num_workers=4, pin_memory=True, pretrained=False, progress=False, projection_dim=128, save_model=True, save_path='/home/aditya.bharti/FewShot/cifar100fs_1000epoch/CropColor.pth', scheduler='CosineAnnealingLR', second_augment='ColorDistort', shuffle=True, simple_opt=True, weight_decay=0.0001)
Starting Training on:
Train:  64 classes
Valid:  16 classes
Test:   20 classes
------------------
( 22.706s) Epoch 001/1000: loss=[32m6.029145[0m
( 22.553s) Epoch 002/1000: loss=[32m5.770625[0m
( 22.540s) Epoch 003/1000: loss=[32m5.706604[0m
( 22.535s) Epoch 004/1000: loss=[32m5.679405[0m
( 22.558s) Epoch 005/1000: loss=[32m5.663608[0m
( 22.577s) Epoch 006/1000: loss=[32m5.658502[0m
( 22.477s) Epoch 007/1000: loss=[32m5.648762[0m
( 22.513s) Epoch 008/1000: loss=[32m5.641337[0m
( 22.520s) Epoch 009/1000: loss=5.641660[0m
( 22.513s) Epoch 010/1000: loss=[32m5.635010[0m
( 22.540s) Epoch 011/1000: loss=[32m5.630555[0m
( 22.564s) Epoch 012/1000: loss=[32m5.626620[0m
( 22.482s) Epoch 013/1000: loss=[32m5.616068[0m
( 22.512s) Epoch 014/1000: loss=[32m5.611626[0m
( 22.509s) Epoch 015/1000: loss=[32m5.595798[0m
( 22.547s) Epoch 016/1000: loss=[32m5.589189[0m
( 22.515s) Epoch 017/1000: loss=5.589514[0m
( 22.516s) Epoch 018/1000: loss=[32m5.581379[0m
( 22.573s) Epoch 019/1000: loss=[32m5.577972[0m
( 22.559s) Epoch 020/1000: loss=[32m5.576367[0m
( 22.524s) Epoch 021/1000: loss=[32m5.576332[0m
( 22.565s) Epoch 022/1000: loss=[32m5.570169[0m
( 22.509s) Epoch 023/1000: loss=[32m5.565520[0m
( 22.556s) Epoch 024/1000: loss=5.566579[0m
( 22.534s) Epoch 025/1000: loss=[32m5.561132[0m
( 22.514s) Epoch 026/1000: loss=5.564512[0m
( 22.529s) Epoch 027/1000: loss=5.562543[0m
( 22.492s) Epoch 028/1000: loss=[32m5.555369[0m
( 22.513s) Epoch 029/1000: loss=[32m5.553967[0m
( 22.560s) Epoch 030/1000: loss=[32m5.550496[0m
( 22.514s) Epoch 031/1000: loss=5.553407[0m
( 22.581s) Epoch 032/1000: loss=[32m5.545305[0m
( 22.542s) Epoch 033/1000: loss=5.547782[0m
( 22.510s) Epoch 034/1000: loss=5.545448[0m
( 22.511s) Epoch 035/1000: loss=[32m5.544480[0m
( 22.531s) Epoch 036/1000: loss=[32m5.541768[0m
( 22.528s) Epoch 037/1000: loss=5.549252[0m
( 22.532s) Epoch 038/1000: loss=5.541906[0m
( 22.577s) Epoch 039/1000: loss=[32m5.534964[0m
( 22.537s) Epoch 040/1000: loss=5.535204[0m
( 22.534s) Epoch 041/1000: loss=5.536607[0m
( 22.528s) Epoch 042/1000: loss=[32m5.531903[0m
( 22.519s) Epoch 043/1000: loss=[32m5.530301[0m
( 22.538s) Epoch 044/1000: loss=[32m5.527135[0m
( 22.540s) Epoch 045/1000: loss=5.527745[0m
( 22.635s) Epoch 046/1000: loss=5.530532[0m
( 22.503s) Epoch 047/1000: loss=5.527996[0m
( 22.679s) Epoch 048/1000: loss=[32m5.525536[0m
( 22.545s) Epoch 049/1000: loss=[32m5.525073[0m
( 22.579s) Epoch 050/1000: loss=[32m5.520668[0m
( 22.531s) Epoch 051/1000: loss=5.520978[0m
( 22.588s) Epoch 052/1000: loss=[32m5.518418[0m
( 22.552s) Epoch 053/1000: loss=5.521658[0m
( 22.536s) Epoch 054/1000: loss=[32m5.517844[0m
( 22.567s) Epoch 055/1000: loss=[32m5.517806[0m
( 22.545s) Epoch 056/1000: loss=[32m5.516753[0m
( 22.478s) Epoch 057/1000: loss=[32m5.511563[0m
( 22.462s) Epoch 058/1000: loss=[32m5.510851[0m
( 22.570s) Epoch 059/1000: loss=5.512736[0m
( 22.508s) Epoch 060/1000: loss=[32m5.510113[0m
( 22.522s) Epoch 061/1000: loss=[32m5.508842[0m
( 22.504s) Epoch 062/1000: loss=[32m5.507175[0m
( 22.504s) Epoch 063/1000: loss=[32m5.503129[0m
( 22.539s) Epoch 064/1000: loss=5.505978[0m
( 22.518s) Epoch 065/1000: loss=5.504785[0m
( 22.614s) Epoch 066/1000: loss=[32m5.503088[0m
( 22.550s) Epoch 067/1000: loss=5.504448[0m
( 22.526s) Epoch 068/1000: loss=[32m5.495894[0m
( 22.479s) Epoch 069/1000: loss=5.498081[0m
( 22.547s) Epoch 070/1000: loss=5.498665[0m
( 22.470s) Epoch 071/1000: loss=5.498220[0m
( 22.536s) Epoch 072/1000: loss=5.498405[0m
( 22.582s) Epoch 073/1000: loss=5.498330[0m
( 22.531s) Epoch 074/1000: loss=5.497483[0m
( 22.494s) Epoch 075/1000: loss=[32m5.492212[0m
( 22.525s) Epoch 076/1000: loss=5.495749[0m
( 22.510s) Epoch 077/1000: loss=[32m5.491061[0m
( 22.544s) Epoch 078/1000: loss=5.492483[0m
( 22.524s) Epoch 079/1000: loss=5.492095[0m
( 22.637s) Epoch 080/1000: loss=[32m5.489281[0m
( 22.523s) Epoch 081/1000: loss=5.490171[0m
( 22.533s) Epoch 082/1000: loss=5.491055[0m
( 22.565s) Epoch 083/1000: loss=[32m5.487759[0m
( 22.529s) Epoch 084/1000: loss=[32m5.487678[0m
( 22.548s) Epoch 085/1000: loss=[32m5.487403[0m
( 22.623s) Epoch 086/1000: loss=5.488364[0m
( 22.577s) Epoch 087/1000: loss=5.488689[0m
( 22.487s) Epoch 088/1000: loss=[32m5.483921[0m
( 22.542s) Epoch 089/1000: loss=5.484897[0m
( 22.516s) Epoch 090/1000: loss=5.484238[0m
( 22.570s) Epoch 091/1000: loss=[32m5.481680[0m
( 22.505s) Epoch 092/1000: loss=5.483328[0m
( 22.613s) Epoch 093/1000: loss=[32m5.477793[0m
( 22.536s) Epoch 094/1000: loss=5.485893[0m
( 22.521s) Epoch 095/1000: loss=5.478442[0m
( 22.670s) Epoch 096/1000: loss=5.479794[0m
( 22.539s) Epoch 097/1000: loss=5.477993[0m
( 22.544s) Epoch 098/1000: loss=5.477968[0m
( 22.502s) Epoch 099/1000: loss=[32m5.476615[0m
( 22.665s) Epoch 100/1000: loss=5.476690[0m
( 22.502s) Epoch 101/1000: loss=[32m5.474925[0m
( 22.554s) Epoch 102/1000: loss=5.478534[0m
( 22.507s) Epoch 103/1000: loss=[32m5.472790[0m
( 22.548s) Epoch 104/1000: loss=5.474762[0m
( 22.514s) Epoch 105/1000: loss=5.474399[0m
( 22.509s) Epoch 106/1000: loss=5.474153[0m
( 22.633s) Epoch 107/1000: loss=[32m5.472482[0m
( 22.512s) Epoch 108/1000: loss=[32m5.470453[0m
( 22.521s) Epoch 109/1000: loss=5.473673[0m
( 22.566s) Epoch 110/1000: loss=5.475871[0m
( 22.529s) Epoch 111/1000: loss=5.471953[0m
( 22.699s) Epoch 112/1000: loss=5.474168[0m
( 22.508s) Epoch 113/1000: loss=5.473440[0m
( 22.607s) Epoch 114/1000: loss=[32m5.468972[0m
( 22.579s) Epoch 115/1000: loss=5.470663[0m
( 22.515s) Epoch 116/1000: loss=5.469705[0m
( 22.502s) Epoch 117/1000: loss=5.471001[0m
( 22.482s) Epoch 118/1000: loss=[32m5.467026[0m
( 22.506s) Epoch 119/1000: loss=5.468597[0m
( 22.565s) Epoch 120/1000: loss=5.467694[0m
( 22.590s) Epoch 121/1000: loss=[32m5.466985[0m
( 22.519s) Epoch 122/1000: loss=5.467165[0m
( 22.542s) Epoch 123/1000: loss=[32m5.466377[0m
( 22.524s) Epoch 124/1000: loss=[32m5.462171[0m
( 22.522s) Epoch 125/1000: loss=5.465425[0m
( 22.516s) Epoch 126/1000: loss=5.462732[0m
( 22.570s) Epoch 127/1000: loss=5.465385[0m
( 22.643s) Epoch 128/1000: loss=5.465007[0m
( 22.543s) Epoch 129/1000: loss=[32m5.461864[0m
( 22.578s) Epoch 130/1000: loss=5.463662[0m
( 22.563s) Epoch 131/1000: loss=5.464579[0m
( 22.568s) Epoch 132/1000: loss=5.462434[0m
( 22.531s) Epoch 133/1000: loss=[32m5.461137[0m
( 22.587s) Epoch 134/1000: loss=[32m5.458641[0m
( 22.567s) Epoch 135/1000: loss=5.462673[0m
( 22.588s) Epoch 136/1000: loss=5.463159[0m
( 22.524s) Epoch 137/1000: loss=5.464538[0m
( 22.518s) Epoch 138/1000: loss=5.461752[0m
( 22.518s) Epoch 139/1000: loss=5.464707[0m
( 22.506s) Epoch 140/1000: loss=5.460442[0m
( 22.594s) Epoch 141/1000: loss=[32m5.457094[0m
( 22.524s) Epoch 142/1000: loss=5.459491[0m
( 22.534s) Epoch 143/1000: loss=5.457341[0m
( 22.537s) Epoch 144/1000: loss=5.459475[0m
( 22.484s) Epoch 145/1000: loss=[32m5.453682[0m
( 22.451s) Epoch 146/1000: loss=5.459783[0m
( 22.551s) Epoch 147/1000: loss=5.456752[0m
( 22.602s) Epoch 148/1000: loss=5.456906[0m
( 22.557s) Epoch 149/1000: loss=5.459184[0m
( 22.572s) Epoch 150/1000: loss=5.459503[0m
( 22.512s) Epoch 151/1000: loss=5.458600[0m
( 22.575s) Epoch 152/1000: loss=5.455758[0m
( 22.553s) Epoch 153/1000: loss=[32m5.452396[0m
( 22.518s) Epoch 154/1000: loss=5.456478[0m
( 22.654s) Epoch 155/1000: loss=5.454303[0m
( 22.607s) Epoch 156/1000: loss=5.456322[0m
( 22.514s) Epoch 157/1000: loss=5.454771[0m
( 22.574s) Epoch 158/1000: loss=5.454330[0m
( 22.503s) Epoch 159/1000: loss=5.455502[0m
( 22.556s) Epoch 160/1000: loss=[32m5.451340[0m
( 22.564s) Epoch 161/1000: loss=5.453750[0m
( 22.607s) Epoch 162/1000: loss=5.451417[0m
( 22.591s) Epoch 163/1000: loss=5.454415[0m
( 22.544s) Epoch 164/1000: loss=5.451794[0m
( 22.528s) Epoch 165/1000: loss=[32m5.449964[0m
( 22.646s) Epoch 166/1000: loss=5.450958[0m
( 22.528s) Epoch 167/1000: loss=5.451612[0m
( 22.549s) Epoch 168/1000: loss=5.450696[0m
( 22.613s) Epoch 169/1000: loss=[32m5.449108[0m
( 22.516s) Epoch 170/1000: loss=5.450536[0m
( 22.583s) Epoch 171/1000: loss=5.449736[0m
( 22.493s) Epoch 172/1000: loss=5.455045[0m
( 22.546s) Epoch 173/1000: loss=5.450360[0m
( 22.527s) Epoch 174/1000: loss=5.449892[0m
( 22.564s) Epoch 175/1000: loss=[32m5.447142[0m
( 22.657s) Epoch 176/1000: loss=5.450226[0m
( 22.548s) Epoch 177/1000: loss=5.447805[0m
( 22.515s) Epoch 178/1000: loss=5.449326[0m
( 22.615s) Epoch 179/1000: loss=5.447239[0m
( 22.606s) Epoch 180/1000: loss=5.450658[0m
( 22.567s) Epoch 181/1000: loss=[32m5.445831[0m
( 22.565s) Epoch 182/1000: loss=5.476134[0m
( 22.654s) Epoch 183/1000: loss=5.461459[0m
( 22.516s) Epoch 184/1000: loss=5.451219[0m
( 22.494s) Epoch 185/1000: loss=5.452498[0m
( 22.553s) Epoch 186/1000: loss=5.450420[0m
( 22.570s) Epoch 187/1000: loss=5.448693[0m
( 22.519s) Epoch 188/1000: loss=[32m5.445829[0m
( 22.582s) Epoch 189/1000: loss=5.447350[0m
( 22.664s) Epoch 190/1000: loss=[32m5.444726[0m
( 22.503s) Epoch 191/1000: loss=[32m5.443117[0m
( 22.554s) Epoch 192/1000: loss=5.445675[0m
( 22.525s) Epoch 193/1000: loss=5.445473[0m
( 22.493s) Epoch 194/1000: loss=5.443972[0m
( 22.528s) Epoch 195/1000: loss=5.446378[0m
( 22.568s) Epoch 196/1000: loss=5.446367[0m
( 22.599s) Epoch 197/1000: loss=5.444378[0m
( 22.576s) Epoch 198/1000: loss=5.444419[0m
( 22.525s) Epoch 199/1000: loss=5.443356[0m
( 22.488s) Epoch 200/1000: loss=[32m5.440248[0m
( 22.542s) Epoch 201/1000: loss=5.443083[0m
( 22.479s) Epoch 202/1000: loss=5.442099[0m
( 22.596s) Epoch 203/1000: loss=5.442695[0m
( 22.582s) Epoch 204/1000: loss=5.447892[0m
( 22.520s) Epoch 205/1000: loss=5.443400[0m
( 22.503s) Epoch 206/1000: loss=5.442599[0m
( 22.517s) Epoch 207/1000: loss=[32m5.439896[0m
( 22.574s) Epoch 208/1000: loss=5.443892[0m
( 22.504s) Epoch 209/1000: loss=5.439909[0m
( 22.577s) Epoch 210/1000: loss=5.441169[0m
( 22.641s) Epoch 211/1000: loss=5.442299[0m
( 22.537s) Epoch 212/1000: loss=[32m5.438638[0m
( 22.513s) Epoch 213/1000: loss=5.439303[0m
( 22.531s) Epoch 214/1000: loss=[32m5.438265[0m
( 22.507s) Epoch 215/1000: loss=[32m5.434981[0m
( 22.559s) Epoch 216/1000: loss=[32m5.434648[0m
( 22.601s) Epoch 217/1000: loss=5.438967[0m
( 22.584s) Epoch 218/1000: loss=5.436173[0m
( 22.717s) Epoch 219/1000: loss=5.440502[0m
( 22.566s) Epoch 220/1000: loss=5.435992[0m
( 22.534s) Epoch 221/1000: loss=[32m5.432714[0m
( 22.521s) Epoch 222/1000: loss=5.436235[0m
( 22.525s) Epoch 223/1000: loss=5.432877[0m
( 22.583s) Epoch 224/1000: loss=5.435687[0m
( 22.606s) Epoch 225/1000: loss=5.434782[0m
( 22.516s) Epoch 226/1000: loss=[32m5.431734[0m
( 22.536s) Epoch 227/1000: loss=5.433131[0m
( 22.488s) Epoch 228/1000: loss=5.433258[0m
( 22.536s) Epoch 229/1000: loss=5.432956[0m
( 22.505s) Epoch 230/1000: loss=5.432741[0m
( 22.614s) Epoch 231/1000: loss=[32m5.429549[0m
( 22.584s) Epoch 232/1000: loss=5.431889[0m
( 22.536s) Epoch 233/1000: loss=5.431081[0m
( 22.503s) Epoch 234/1000: loss=5.435410[0m
( 22.552s) Epoch 235/1000: loss=[32m5.427395[0m
( 22.521s) Epoch 236/1000: loss=5.432129[0m
( 22.507s) Epoch 237/1000: loss=5.430199[0m
( 22.571s) Epoch 238/1000: loss=5.432298[0m
( 22.583s) Epoch 239/1000: loss=5.428662[0m
( 22.530s) Epoch 240/1000: loss=5.429470[0m
( 22.485s) Epoch 241/1000: loss=5.427854[0m
( 22.531s) Epoch 242/1000: loss=[32m5.426721[0m
( 22.525s) Epoch 243/1000: loss=5.427591[0m
( 22.533s) Epoch 244/1000: loss=5.428379[0m
( 22.596s) Epoch 245/1000: loss=[32m5.426439[0m
( 22.609s) Epoch 246/1000: loss=5.427490[0m
( 22.502s) Epoch 247/1000: loss=5.426867[0m
( 22.553s) Epoch 248/1000: loss=5.427344[0m
( 22.503s) Epoch 249/1000: loss=5.426746[0m
( 22.534s) Epoch 250/1000: loss=5.427453[0m
( 22.542s) Epoch 251/1000: loss=5.427195[0m
( 22.583s) Epoch 252/1000: loss=5.428525[0m
( 22.573s) Epoch 253/1000: loss=[32m5.425671[0m
( 22.594s) Epoch 254/1000: loss=[32m5.424046[0m
( 22.526s) Epoch 255/1000: loss=[32m5.421559[0m
( 22.517s) Epoch 256/1000: loss=5.441170[0m
( 22.552s) Epoch 257/1000: loss=5.437341[0m
( 22.523s) Epoch 258/1000: loss=5.424719[0m
( 22.617s) Epoch 259/1000: loss=5.423704[0m
( 22.571s) Epoch 260/1000: loss=5.423669[0m
( 22.518s) Epoch 261/1000: loss=[32m5.420635[0m
( 22.512s) Epoch 262/1000: loss=5.422856[0m
( 22.549s) Epoch 263/1000: loss=5.420852[0m
( 22.613s) Epoch 264/1000: loss=5.424899[0m
( 22.547s) Epoch 265/1000: loss=[32m5.418254[0m
( 22.586s) Epoch 266/1000: loss=5.419609[0m
( 22.533s) Epoch 267/1000: loss=5.420672[0m
( 22.482s) Epoch 268/1000: loss=[32m5.416176[0m
( 22.456s) Epoch 269/1000: loss=5.420101[0m
( 22.492s) Epoch 270/1000: loss=5.420842[0m
( 22.450s) Epoch 271/1000: loss=5.419787[0m
( 22.487s) Epoch 272/1000: loss=5.417729[0m
( 22.549s) Epoch 273/1000: loss=5.419175[0m
( 22.602s) Epoch 274/1000: loss=5.418696[0m
( 22.528s) Epoch 275/1000: loss=5.417109[0m
( 22.510s) Epoch 276/1000: loss=5.417773[0m
( 22.541s) Epoch 277/1000: loss=5.417955[0m
( 22.542s) Epoch 278/1000: loss=[32m5.415797[0m
( 22.562s) Epoch 279/1000: loss=[32m5.415163[0m
( 22.530s) Epoch 280/1000: loss=5.415801[0m
( 22.575s) Epoch 281/1000: loss=[32m5.412525[0m
( 22.490s) Epoch 282/1000: loss=5.416680[0m
( 22.550s) Epoch 283/1000: loss=5.415717[0m
( 22.500s) Epoch 284/1000: loss=5.416546[0m
( 22.523s) Epoch 285/1000: loss=5.414274[0m
( 22.548s) Epoch 286/1000: loss=5.415378[0m
( 22.564s) Epoch 287/1000: loss=[32m5.411462[0m
( 22.611s) Epoch 288/1000: loss=5.415882[0m
( 22.546s) Epoch 289/1000: loss=5.413150[0m
( 22.558s) Epoch 290/1000: loss=5.412355[0m
( 22.536s) Epoch 291/1000: loss=[32m5.410727[0m
( 22.497s) Epoch 292/1000: loss=5.415996[0m
( 22.550s) Epoch 293/1000: loss=5.411727[0m
( 22.546s) Epoch 294/1000: loss=5.412720[0m
( 22.563s) Epoch 295/1000: loss=[32m5.409494[0m
( 22.525s) Epoch 296/1000: loss=5.409574[0m
( 22.491s) Epoch 297/1000: loss=5.409811[0m
( 22.534s) Epoch 298/1000: loss=5.410161[0m
( 22.520s) Epoch 299/1000: loss=5.410392[0m
( 22.537s) Epoch 300/1000: loss=5.410133[0m
( 22.548s) Epoch 301/1000: loss=[32m5.408542[0m
( 22.576s) Epoch 302/1000: loss=[32m5.407061[0m
( 22.534s) Epoch 303/1000: loss=5.410196[0m
( 22.499s) Epoch 304/1000: loss=5.409338[0m
( 22.521s) Epoch 305/1000: loss=5.407373[0m
( 22.544s) Epoch 306/1000: loss=5.407250[0m
( 22.610s) Epoch 307/1000: loss=5.409411[0m
( 22.537s) Epoch 308/1000: loss=5.408161[0m
( 22.614s) Epoch 309/1000: loss=5.408599[0m
( 22.553s) Epoch 310/1000: loss=5.407905[0m
( 22.567s) Epoch 311/1000: loss=[32m5.405522[0m
( 22.587s) Epoch 312/1000: loss=[32m5.404914[0m
( 22.556s) Epoch 313/1000: loss=[32m5.402704[0m
( 22.584s) Epoch 314/1000: loss=5.405513[0m
( 22.569s) Epoch 315/1000: loss=5.407463[0m
( 22.535s) Epoch 316/1000: loss=5.405734[0m
( 22.533s) Epoch 317/1000: loss=5.409730[0m
( 22.521s) Epoch 318/1000: loss=5.405888[0m
( 22.524s) Epoch 319/1000: loss=5.430535[0m
( 22.569s) Epoch 320/1000: loss=5.442599[0m
( 22.582s) Epoch 321/1000: loss=5.416476[0m
( 22.547s) Epoch 322/1000: loss=5.408784[0m
( 22.565s) Epoch 323/1000: loss=5.408458[0m
( 22.537s) Epoch 324/1000: loss=5.404949[0m
( 22.522s) Epoch 325/1000: loss=5.404948[0m
( 22.554s) Epoch 326/1000: loss=5.405207[0m
( 22.536s) Epoch 327/1000: loss=5.403705[0m
( 22.597s) Epoch 328/1000: loss=5.402792[0m
( 22.501s) Epoch 329/1000: loss=[32m5.402645[0m
( 22.595s) Epoch 330/1000: loss=[32m5.399018[0m
( 22.525s) Epoch 331/1000: loss=5.400452[0m
( 22.559s) Epoch 332/1000: loss=5.402314[0m
( 22.504s) Epoch 333/1000: loss=5.402383[0m
( 22.525s) Epoch 334/1000: loss=5.401821[0m
( 22.614s) Epoch 335/1000: loss=[32m5.397647[0m
( 22.531s) Epoch 336/1000: loss=5.399001[0m
( 22.562s) Epoch 337/1000: loss=[32m5.395874[0m
( 22.564s) Epoch 338/1000: loss=5.399583[0m
( 22.557s) Epoch 339/1000: loss=5.399965[0m
( 22.495s) Epoch 340/1000: loss=5.399413[0m
( 22.529s) Epoch 341/1000: loss=5.399959[0m
( 22.593s) Epoch 342/1000: loss=5.397073[0m
( 22.533s) Epoch 343/1000: loss=[32m5.394990[0m
( 22.592s) Epoch 344/1000: loss=5.395769[0m
( 22.502s) Epoch 345/1000: loss=[32m5.394621[0m
( 22.501s) Epoch 346/1000: loss=5.400629[0m
( 22.498s) Epoch 347/1000: loss=[32m5.393641[0m
( 22.474s) Epoch 348/1000: loss=5.395806[0m
( 22.583s) Epoch 349/1000: loss=[32m5.393539[0m
( 22.494s) Epoch 350/1000: loss=5.395969[0m
( 22.551s) Epoch 351/1000: loss=5.397831[0m
( 22.519s) Epoch 352/1000: loss=5.394322[0m
( 22.500s) Epoch 353/1000: loss=[32m5.392201[0m
( 22.557s) Epoch 354/1000: loss=5.393445[0m
( 22.506s) Epoch 355/1000: loss=5.395674[0m
( 22.552s) Epoch 356/1000: loss=5.396633[0m
( 22.546s) Epoch 357/1000: loss=5.396391[0m
( 22.601s) Epoch 358/1000: loss=5.394848[0m
( 22.489s) Epoch 359/1000: loss=5.393124[0m
( 22.519s) Epoch 360/1000: loss=5.392853[0m
( 22.478s) Epoch 361/1000: loss=[32m5.391484[0m
( 22.552s) Epoch 362/1000: loss=[32m5.390306[0m
( 22.568s) Epoch 363/1000: loss=5.390675[0m
( 22.532s) Epoch 364/1000: loss=5.391933[0m
( 22.550s) Epoch 365/1000: loss=5.392216[0m
( 22.523s) Epoch 366/1000: loss=5.392252[0m
( 22.531s) Epoch 367/1000: loss=[32m5.390063[0m
( 22.500s) Epoch 368/1000: loss=5.391417[0m
( 22.539s) Epoch 369/1000: loss=5.391595[0m
( 22.563s) Epoch 370/1000: loss=[32m5.388432[0m
( 22.574s) Epoch 371/1000: loss=5.389901[0m
( 22.555s) Epoch 372/1000: loss=5.390729[0m
( 22.514s) Epoch 373/1000: loss=5.388870[0m
( 22.557s) Epoch 374/1000: loss=[32m5.388155[0m
( 22.513s) Epoch 375/1000: loss=[32m5.386823[0m
( 22.674s) Epoch 376/1000: loss=5.387806[0m
( 22.495s) Epoch 377/1000: loss=[32m5.385872[0m
( 22.514s) Epoch 378/1000: loss=5.387089[0m
( 22.496s) Epoch 379/1000: loss=5.388826[0m
( 22.515s) Epoch 380/1000: loss=5.388305[0m
( 22.515s) Epoch 381/1000: loss=[32m5.385312[0m
( 22.506s) Epoch 382/1000: loss=[32m5.384880[0m
( 22.468s) Epoch 383/1000: loss=5.386209[0m
( 22.657s) Epoch 384/1000: loss=5.387580[0m
( 22.534s) Epoch 385/1000: loss=[32m5.384565[0m
( 22.549s) Epoch 386/1000: loss=[32m5.384035[0m
( 22.473s) Epoch 387/1000: loss=5.385738[0m
( 22.501s) Epoch 388/1000: loss=[32m5.382636[0m
( 22.518s) Epoch 389/1000: loss=5.386265[0m
( 22.524s) Epoch 390/1000: loss=5.383129[0m
( 22.591s) Epoch 391/1000: loss=5.382908[0m
( 22.597s) Epoch 392/1000: loss=5.383729[0m
( 22.579s) Epoch 393/1000: loss=[32m5.381521[0m
( 22.480s) Epoch 394/1000: loss=5.385433[0m
( 22.533s) Epoch 395/1000: loss=5.383368[0m
( 22.507s) Epoch 396/1000: loss=5.382782[0m
( 22.532s) Epoch 397/1000: loss=5.382186[0m
( 22.589s) Epoch 398/1000: loss=5.381818[0m
( 22.601s) Epoch 399/1000: loss=5.382879[0m
( 22.543s) Epoch 400/1000: loss=5.383477[0m
( 22.507s) Epoch 401/1000: loss=5.382685[0m
( 22.524s) Epoch 402/1000: loss=[32m5.379765[0m
( 22.591s) Epoch 403/1000: loss=5.381760[0m
( 22.528s) Epoch 404/1000: loss=5.380172[0m
( 22.612s) Epoch 405/1000: loss=5.380739[0m
( 22.574s) Epoch 406/1000: loss=[32m5.379630[0m
( 22.557s) Epoch 407/1000: loss=5.380051[0m
( 22.592s) Epoch 408/1000: loss=[32m5.378840[0m
( 22.547s) Epoch 409/1000: loss=5.378910[0m
( 22.567s) Epoch 410/1000: loss=[32m5.378395[0m
( 22.495s) Epoch 411/1000: loss=5.378866[0m
( 22.567s) Epoch 412/1000: loss=[32m5.375809[0m
( 22.531s) Epoch 413/1000: loss=5.378432[0m
( 22.555s) Epoch 414/1000: loss=5.377530[0m
( 22.490s) Epoch 415/1000: loss=5.378509[0m
( 22.679s) Epoch 416/1000: loss=5.378091[0m
( 22.532s) Epoch 417/1000: loss=5.379455[0m
( 22.486s) Epoch 418/1000: loss=5.377026[0m
( 22.607s) Epoch 419/1000: loss=5.377965[0m
( 22.562s) Epoch 420/1000: loss=5.376916[0m
( 22.592s) Epoch 421/1000: loss=5.377432[0m
( 22.509s) Epoch 422/1000: loss=[32m5.374410[0m
( 22.539s) Epoch 423/1000: loss=5.376944[0m
( 22.497s) Epoch 424/1000: loss=[32m5.374141[0m
( 22.615s) Epoch 425/1000: loss=5.477949[0m
( 22.565s) Epoch 426/1000: loss=5.414998[0m
( 22.590s) Epoch 427/1000: loss=5.413111[0m
( 22.544s) Epoch 428/1000: loss=5.395952[0m
( 22.525s) Epoch 429/1000: loss=5.419277[0m
( 22.553s) Epoch 430/1000: loss=5.395511[0m
( 22.514s) Epoch 431/1000: loss=5.386713[0m
( 22.566s) Epoch 432/1000: loss=5.382089[0m
( 22.591s) Epoch 433/1000: loss=5.383597[0m
( 22.595s) Epoch 434/1000: loss=5.379569[0m
( 22.598s) Epoch 435/1000: loss=5.377006[0m
( 22.567s) Epoch 436/1000: loss=5.375476[0m
( 22.510s) Epoch 437/1000: loss=5.406226[0m
( 22.588s) Epoch 438/1000: loss=5.389373[0m
( 22.506s) Epoch 439/1000: loss=5.401489[0m
( 22.611s) Epoch 440/1000: loss=5.387835[0m
( 22.533s) Epoch 441/1000: loss=5.389176[0m
( 22.559s) Epoch 442/1000: loss=5.392202[0m
( 22.528s) Epoch 443/1000: loss=5.381157[0m
( 22.548s) Epoch 444/1000: loss=5.380376[0m
( 22.488s) Epoch 445/1000: loss=5.378474[0m
( 22.533s) Epoch 446/1000: loss=5.375684[0m
( 22.588s) Epoch 447/1000: loss=5.376776[0m
( 22.555s) Epoch 448/1000: loss=5.376292[0m
( 22.577s) Epoch 449/1000: loss=5.378361[0m
( 22.504s) Epoch 450/1000: loss=5.376057[0m
( 22.544s) Epoch 451/1000: loss=[32m5.374034[0m
( 22.522s) Epoch 452/1000: loss=[32m5.372637[0m
( 22.533s) Epoch 453/1000: loss=5.376047[0m
( 22.588s) Epoch 454/1000: loss=5.374040[0m
( 22.617s) Epoch 455/1000: loss=[32m5.371719[0m
( 22.577s) Epoch 456/1000: loss=[32m5.369440[0m
( 22.525s) Epoch 457/1000: loss=5.373099[0m
( 22.526s) Epoch 458/1000: loss=5.371186[0m
( 22.653s) Epoch 459/1000: loss=5.371859[0m
( 22.535s) Epoch 460/1000: loss=5.371746[0m
( 22.571s) Epoch 461/1000: loss=[32m5.366823[0m
( 22.586s) Epoch 462/1000: loss=5.368987[0m
( 22.529s) Epoch 463/1000: loss=5.371273[0m
( 22.548s) Epoch 464/1000: loss=5.367831[0m
( 22.537s) Epoch 465/1000: loss=5.369656[0m
( 22.546s) Epoch 466/1000: loss=[32m5.366081[0m
( 22.493s) Epoch 467/1000: loss=5.367058[0m
( 22.619s) Epoch 468/1000: loss=5.369102[0m
( 22.605s) Epoch 469/1000: loss=5.367668[0m
( 22.536s) Epoch 470/1000: loss=5.367861[0m
( 22.497s) Epoch 471/1000: loss=5.370699[0m
( 22.555s) Epoch 472/1000: loss=[32m5.363134[0m
( 22.527s) Epoch 473/1000: loss=5.365903[0m
( 22.547s) Epoch 474/1000: loss=5.365611[0m
( 22.640s) Epoch 475/1000: loss=5.366559[0m
( 22.569s) Epoch 476/1000: loss=[32m5.362884[0m
( 22.550s) Epoch 477/1000: loss=5.366580[0m
( 22.515s) Epoch 478/1000: loss=5.363493[0m
( 22.584s) Epoch 479/1000: loss=5.363082[0m
( 22.559s) Epoch 480/1000: loss=5.365259[0m
( 22.588s) Epoch 481/1000: loss=5.364024[0m
( 22.577s) Epoch 482/1000: loss=5.364778[0m
( 22.638s) Epoch 483/1000: loss=5.364361[0m
( 22.538s) Epoch 484/1000: loss=5.364053[0m
( 22.602s) Epoch 485/1000: loss=[32m5.360913[0m
( 22.661s) Epoch 486/1000: loss=5.365357[0m
( 22.535s) Epoch 487/1000: loss=5.363032[0m
( 22.545s) Epoch 488/1000: loss=5.364015[0m
( 22.560s) Epoch 489/1000: loss=5.362653[0m
( 22.603s) Epoch 490/1000: loss=5.365035[0m
( 22.515s) Epoch 491/1000: loss=[32m5.360488[0m
( 22.537s) Epoch 492/1000: loss=5.363481[0m
( 22.464s) Epoch 493/1000: loss=[32m5.360418[0m
( 22.537s) Epoch 494/1000: loss=5.361406[0m
( 22.536s) Epoch 495/1000: loss=[32m5.359530[0m
( 22.592s) Epoch 496/1000: loss=5.360506[0m
( 22.580s) Epoch 497/1000: loss=5.360137[0m
( 22.514s) Epoch 498/1000: loss=5.361163[0m
( 22.535s) Epoch 499/1000: loss=[32m5.356790[0m
( 22.601s) Epoch 500/1000: loss=5.357949[0m
( 22.483s) Epoch 501/1000: loss=5.362043[0m
( 22.579s) Epoch 502/1000: loss=5.358408[0m
( 22.549s) Epoch 503/1000: loss=5.359637[0m
( 22.597s) Epoch 504/1000: loss=5.357586[0m
( 22.505s) Epoch 505/1000: loss=5.358350[0m
( 22.506s) Epoch 506/1000: loss=5.359760[0m
( 22.577s) Epoch 507/1000: loss=5.357881[0m
( 22.470s) Epoch 508/1000: loss=5.358028[0m
( 22.577s) Epoch 509/1000: loss=5.359018[0m
( 22.543s) Epoch 510/1000: loss=[32m5.356287[0m
( 22.573s) Epoch 511/1000: loss=5.357023[0m
( 22.562s) Epoch 512/1000: loss=5.359459[0m
( 22.572s) Epoch 513/1000: loss=5.358504[0m
( 22.532s) Epoch 514/1000: loss=[32m5.355123[0m
( 22.554s) Epoch 515/1000: loss=[32m5.354955[0m
( 22.536s) Epoch 516/1000: loss=5.358231[0m
( 22.556s) Epoch 517/1000: loss=5.358625[0m
( 22.665s) Epoch 518/1000: loss=5.357894[0m
( 22.573s) Epoch 519/1000: loss=5.357764[0m
( 22.609s) Epoch 520/1000: loss=5.355548[0m
( 22.526s) Epoch 521/1000: loss=[32m5.352863[0m
( 22.575s) Epoch 522/1000: loss=5.357816[0m
( 22.574s) Epoch 523/1000: loss=5.354856[0m
( 22.589s) Epoch 524/1000: loss=5.353610[0m
( 22.567s) Epoch 525/1000: loss=5.354335[0m
( 22.574s) Epoch 526/1000: loss=5.353546[0m
( 22.543s) Epoch 527/1000: loss=[32m5.351635[0m
( 22.545s) Epoch 528/1000: loss=5.356469[0m
( 22.544s) Epoch 529/1000: loss=5.351986[0m
( 22.575s) Epoch 530/1000: loss=5.353693[0m
( 22.576s) Epoch 531/1000: loss=5.352752[0m
( 22.585s) Epoch 532/1000: loss=5.352654[0m
( 22.469s) Epoch 533/1000: loss=5.354249[0m
( 22.521s) Epoch 534/1000: loss=[32m5.351489[0m
( 22.546s) Epoch 535/1000: loss=5.352911[0m
( 22.566s) Epoch 536/1000: loss=5.352788[0m
( 22.596s) Epoch 537/1000: loss=[32m5.351194[0m
( 22.513s) Epoch 538/1000: loss=[32m5.349295[0m
( 22.663s) Epoch 539/1000: loss=5.351852[0m
( 22.519s) Epoch 540/1000: loss=5.350919[0m
( 22.540s) Epoch 541/1000: loss=5.351158[0m
( 22.666s) Epoch 542/1000: loss=5.349676[0m
( 22.514s) Epoch 543/1000: loss=5.350123[0m
( 22.601s) Epoch 544/1000: loss=5.351276[0m
( 22.493s) Epoch 545/1000: loss=5.349893[0m
( 22.584s) Epoch 546/1000: loss=5.351132[0m
( 22.532s) Epoch 547/1000: loss=5.349656[0m
( 22.494s) Epoch 548/1000: loss=[32m5.347948[0m
( 22.471s) Epoch 549/1000: loss=5.349636[0m
( 22.533s) Epoch 550/1000: loss=5.348146[0m
( 22.509s) Epoch 551/1000: loss=5.348896[0m
( 22.546s) Epoch 552/1000: loss=5.350568[0m
( 22.608s) Epoch 553/1000: loss=5.349589[0m
( 22.540s) Epoch 554/1000: loss=5.348009[0m
( 22.558s) Epoch 555/1000: loss=5.352382[0m
( 22.546s) Epoch 556/1000: loss=5.349590[0m
( 22.531s) Epoch 557/1000: loss=5.348533[0m
( 22.579s) Epoch 558/1000: loss=[32m5.347588[0m
( 22.520s) Epoch 559/1000: loss=5.349247[0m
( 22.574s) Epoch 560/1000: loss=5.349688[0m
( 22.600s) Epoch 561/1000: loss=[32m5.346004[0m
( 22.513s) Epoch 562/1000: loss=5.348802[0m
( 22.540s) Epoch 563/1000: loss=5.348238[0m
( 22.517s) Epoch 564/1000: loss=[32m5.345559[0m
( 22.581s) Epoch 565/1000: loss=[32m5.345092[0m
( 22.522s) Epoch 566/1000: loss=5.346698[0m
( 22.621s) Epoch 567/1000: loss=5.345534[0m
( 22.543s) Epoch 568/1000: loss=[32m5.344755[0m
( 22.534s) Epoch 569/1000: loss=[32m5.344355[0m
( 22.510s) Epoch 570/1000: loss=5.345378[0m
( 22.509s) Epoch 571/1000: loss=[32m5.344009[0m
( 22.586s) Epoch 572/1000: loss=[32m5.341477[0m
( 22.562s) Epoch 573/1000: loss=5.344247[0m
( 22.607s) Epoch 574/1000: loss=5.344554[0m
( 22.506s) Epoch 575/1000: loss=5.345700[0m
( 22.568s) Epoch 576/1000: loss=5.346394[0m
( 22.520s) Epoch 577/1000: loss=5.347608[0m
( 22.612s) Epoch 578/1000: loss=5.436824[0m
( 22.570s) Epoch 579/1000: loss=5.416225[0m
( 22.572s) Epoch 580/1000: loss=5.388550[0m
( 22.622s) Epoch 581/1000: loss=5.382333[0m
( 22.534s) Epoch 582/1000: loss=5.366231[0m
( 22.561s) Epoch 583/1000: loss=5.476437[0m
( 22.696s) Epoch 584/1000: loss=5.422893[0m
( 22.562s) Epoch 585/1000: loss=5.396493[0m
( 22.620s) Epoch 586/1000: loss=5.383137[0m
( 22.541s) Epoch 587/1000: loss=5.375504[0m
( 22.606s) Epoch 588/1000: loss=5.390118[0m
( 22.550s) Epoch 589/1000: loss=5.372183[0m
( 22.559s) Epoch 590/1000: loss=5.368870[0m
( 22.559s) Epoch 591/1000: loss=5.367060[0m
( 22.540s) Epoch 592/1000: loss=5.365469[0m
( 22.611s) Epoch 593/1000: loss=5.360997[0m
( 22.556s) Epoch 594/1000: loss=5.362203[0m
( 22.569s) Epoch 595/1000: loss=5.359519[0m
( 22.558s) Epoch 596/1000: loss=5.358680[0m
( 22.563s) Epoch 597/1000: loss=5.357440[0m
( 22.534s) Epoch 598/1000: loss=5.356528[0m
( 22.495s) Epoch 599/1000: loss=5.356782[0m
( 22.608s) Epoch 600/1000: loss=5.356641[0m
( 22.559s) Epoch 601/1000: loss=5.355974[0m
( 22.576s) Epoch 602/1000: loss=5.350615[0m
( 22.558s) Epoch 603/1000: loss=5.352553[0m
( 22.531s) Epoch 604/1000: loss=5.353430[0m
( 22.525s) Epoch 605/1000: loss=5.352018[0m
( 22.556s) Epoch 606/1000: loss=5.350598[0m
( 22.558s) Epoch 607/1000: loss=5.351438[0m
( 22.577s) Epoch 608/1000: loss=5.350892[0m
( 22.600s) Epoch 609/1000: loss=5.349815[0m
( 22.601s) Epoch 610/1000: loss=5.346886[0m
( 22.550s) Epoch 611/1000: loss=5.349392[0m
( 22.549s) Epoch 612/1000: loss=5.349967[0m
( 22.537s) Epoch 613/1000: loss=5.348143[0m
( 22.564s) Epoch 614/1000: loss=5.450763[0m
( 22.570s) Epoch 615/1000: loss=5.399516[0m
( 22.556s) Epoch 616/1000: loss=5.376272[0m
( 22.614s) Epoch 617/1000: loss=5.369790[0m
( 22.559s) Epoch 618/1000: loss=5.366395[0m
( 22.545s) Epoch 619/1000: loss=5.362543[0m
( 22.556s) Epoch 620/1000: loss=5.357913[0m
( 25.921s) Epoch 621/1000: loss=5.361318[0m
( 27.477s) Epoch 622/1000: loss=5.357666[0m
( 22.645s) Epoch 623/1000: loss=5.358364[0m
( 22.603s) Epoch 624/1000: loss=5.354421[0m
( 22.769s) Epoch 625/1000: loss=5.354585[0m
( 22.538s) Epoch 626/1000: loss=5.354490[0m
( 22.531s) Epoch 627/1000: loss=5.351784[0m
( 22.713s) Epoch 628/1000: loss=5.352471[0m
( 22.537s) Epoch 629/1000: loss=5.348958[0m
( 22.520s) Epoch 630/1000: loss=5.346604[0m
( 22.580s) Epoch 631/1000: loss=5.348409[0m
( 22.526s) Epoch 632/1000: loss=5.347837[0m
( 22.560s) Epoch 633/1000: loss=5.344899[0m
( 22.547s) Epoch 634/1000: loss=5.346158[0m
( 22.515s) Epoch 635/1000: loss=5.347202[0m
( 22.588s) Epoch 636/1000: loss=5.344040[0m
( 22.564s) Epoch 637/1000: loss=5.344408[0m
( 22.619s) Epoch 638/1000: loss=5.344545[0m
( 22.550s) Epoch 639/1000: loss=5.345153[0m
( 22.534s) Epoch 640/1000: loss=5.345445[0m
( 22.517s) Epoch 641/1000: loss=5.346789[0m
( 22.576s) Epoch 642/1000: loss=5.389254[0m
( 22.538s) Epoch 643/1000: loss=5.352619[0m
( 22.569s) Epoch 644/1000: loss=5.347654[0m
( 22.614s) Epoch 645/1000: loss=5.370153[0m
( 22.520s) Epoch 646/1000: loss=5.355859[0m
( 22.537s) Epoch 647/1000: loss=5.349808[0m
( 22.481s) Epoch 648/1000: loss=5.346715[0m
( 22.608s) Epoch 649/1000: loss=5.345266[0m
( 22.506s) Epoch 650/1000: loss=5.342397[0m
( 22.553s) Epoch 651/1000: loss=5.341794[0m
( 22.532s) Epoch 652/1000: loss=5.342924[0m
( 22.575s) Epoch 653/1000: loss=[32m5.339985[0m
( 22.494s) Epoch 654/1000: loss=5.343282[0m
( 22.512s) Epoch 655/1000: loss=[32m5.338775[0m
( 22.548s) Epoch 656/1000: loss=5.341017[0m
( 22.552s) Epoch 657/1000: loss=5.342709[0m
( 22.555s) Epoch 658/1000: loss=5.339511[0m
( 22.587s) Epoch 659/1000: loss=[32m5.338589[0m
( 22.505s) Epoch 660/1000: loss=[32m5.338563[0m
( 22.491s) Epoch 661/1000: loss=5.339807[0m
( 22.515s) Epoch 662/1000: loss=[32m5.337162[0m
( 22.548s) Epoch 663/1000: loss=[32m5.336683[0m
( 22.572s) Epoch 664/1000: loss=5.339666[0m
( 22.519s) Epoch 665/1000: loss=5.336772[0m
( 22.617s) Epoch 666/1000: loss=[32m5.336427[0m
( 22.512s) Epoch 667/1000: loss=[32m5.334967[0m
( 22.511s) Epoch 668/1000: loss=5.335670[0m
( 22.497s) Epoch 669/1000: loss=5.338025[0m
( 22.586s) Epoch 670/1000: loss=5.338335[0m
( 22.631s) Epoch 671/1000: loss=5.335223[0m
( 22.528s) Epoch 672/1000: loss=5.336788[0m
( 22.636s) Epoch 673/1000: loss=[32m5.334059[0m
( 22.532s) Epoch 674/1000: loss=[32m5.333341[0m
( 22.583s) Epoch 675/1000: loss=5.335131[0m
( 22.543s) Epoch 676/1000: loss=5.336394[0m
( 22.597s) Epoch 677/1000: loss=5.334556[0m
( 22.552s) Epoch 678/1000: loss=5.333712[0m
( 22.565s) Epoch 679/1000: loss=5.333396[0m
( 22.588s) Epoch 680/1000: loss=[32m5.332118[0m
( 22.543s) Epoch 681/1000: loss=[32m5.329537[0m
( 22.536s) Epoch 682/1000: loss=5.332444[0m
( 22.538s) Epoch 683/1000: loss=5.335289[0m
( 22.558s) Epoch 684/1000: loss=5.331844[0m
( 22.524s) Epoch 685/1000: loss=5.330392[0m
( 22.518s) Epoch 686/1000: loss=5.329928[0m
( 22.613s) Epoch 687/1000: loss=5.331804[0m
( 22.532s) Epoch 688/1000: loss=5.330457[0m
( 22.507s) Epoch 689/1000: loss=5.329554[0m
( 22.539s) Epoch 690/1000: loss=5.330655[0m
( 22.520s) Epoch 691/1000: loss=5.330862[0m
( 22.565s) Epoch 692/1000: loss=5.333019[0m
( 22.526s) Epoch 693/1000: loss=5.330334[0m
( 22.569s) Epoch 694/1000: loss=[32m5.328824[0m
( 22.476s) Epoch 695/1000: loss=5.329122[0m
( 22.509s) Epoch 696/1000: loss=5.330881[0m
( 22.550s) Epoch 697/1000: loss=5.330196[0m
( 22.537s) Epoch 698/1000: loss=5.331119[0m
( 22.585s) Epoch 699/1000: loss=5.330086[0m
( 22.512s) Epoch 700/1000: loss=5.330248[0m
( 22.631s) Epoch 701/1000: loss=5.331387[0m
( 22.547s) Epoch 702/1000: loss=[32m5.328112[0m
( 22.534s) Epoch 703/1000: loss=5.329638[0m
( 22.514s) Epoch 704/1000: loss=5.328533[0m
( 22.561s) Epoch 705/1000: loss=5.328749[0m
( 22.561s) Epoch 706/1000: loss=5.329251[0m
( 22.538s) Epoch 707/1000: loss=[32m5.326227[0m
( 22.605s) Epoch 708/1000: loss=5.330204[0m
( 22.531s) Epoch 709/1000: loss=5.326401[0m
( 22.539s) Epoch 710/1000: loss=[32m5.325315[0m
( 22.538s) Epoch 711/1000: loss=5.327580[0m
( 22.574s) Epoch 712/1000: loss=[32m5.324862[0m
( 22.577s) Epoch 713/1000: loss=5.327110[0m
( 22.577s) Epoch 714/1000: loss=5.327372[0m
( 22.557s) Epoch 715/1000: loss=[32m5.324836[0m
( 22.525s) Epoch 716/1000: loss=5.327318[0m
( 22.513s) Epoch 717/1000: loss=5.326809[0m
( 22.547s) Epoch 718/1000: loss=5.325126[0m
( 22.485s) Epoch 719/1000: loss=[32m5.324786[0m
( 22.571s) Epoch 720/1000: loss=[32m5.324698[0m
( 22.545s) Epoch 721/1000: loss=5.325411[0m
( 22.549s) Epoch 722/1000: loss=[32m5.324413[0m
( 22.526s) Epoch 723/1000: loss=5.324974[0m
( 22.517s) Epoch 724/1000: loss=5.324826[0m
( 22.653s) Epoch 725/1000: loss=[32m5.323619[0m
( 22.541s) Epoch 726/1000: loss=5.324811[0m
( 22.561s) Epoch 727/1000: loss=5.323795[0m
( 22.544s) Epoch 728/1000: loss=5.325486[0m
( 22.578s) Epoch 729/1000: loss=[32m5.323315[0m
( 22.542s) Epoch 730/1000: loss=[32m5.323200[0m
( 22.542s) Epoch 731/1000: loss=[32m5.322873[0m
( 22.469s) Epoch 732/1000: loss=5.325368[0m
( 22.552s) Epoch 733/1000: loss=5.325347[0m
( 22.528s) Epoch 734/1000: loss=5.324544[0m
( 22.563s) Epoch 735/1000: loss=5.324872[0m
( 22.601s) Epoch 736/1000: loss=5.325319[0m
( 22.577s) Epoch 737/1000: loss=5.325227[0m
( 22.536s) Epoch 738/1000: loss=[32m5.320501[0m
( 22.599s) Epoch 739/1000: loss=5.323798[0m
( 22.498s) Epoch 740/1000: loss=5.323678[0m
( 22.535s) Epoch 741/1000: loss=5.321517[0m
( 22.559s) Epoch 742/1000: loss=5.322870[0m
( 22.557s) Epoch 743/1000: loss=5.321990[0m
( 22.551s) Epoch 744/1000: loss=5.323582[0m
( 22.506s) Epoch 745/1000: loss=5.321156[0m
( 22.559s) Epoch 746/1000: loss=5.320987[0m
( 22.544s) Epoch 747/1000: loss=5.321361[0m
( 22.557s) Epoch 748/1000: loss=[32m5.320410[0m
( 22.545s) Epoch 749/1000: loss=5.322371[0m
( 22.538s) Epoch 750/1000: loss=5.322583[0m
( 22.500s) Epoch 751/1000: loss=[32m5.319697[0m
( 22.522s) Epoch 752/1000: loss=5.320864[0m
( 22.537s) Epoch 753/1000: loss=5.320371[0m
( 22.560s) Epoch 754/1000: loss=5.321536[0m
( 22.509s) Epoch 755/1000: loss=5.320264[0m
( 22.562s) Epoch 756/1000: loss=[32m5.318689[0m
( 22.557s) Epoch 757/1000: loss=5.320703[0m
( 22.516s) Epoch 758/1000: loss=5.320143[0m
( 22.547s) Epoch 759/1000: loss=5.319922[0m
( 22.511s) Epoch 760/1000: loss=5.321081[0m
( 22.556s) Epoch 761/1000: loss=5.320674[0m
( 22.579s) Epoch 762/1000: loss=5.319768[0m
( 22.611s) Epoch 763/1000: loss=5.321085[0m
( 22.540s) Epoch 764/1000: loss=[32m5.318049[0m
( 22.521s) Epoch 765/1000: loss=5.319233[0m
( 22.537s) Epoch 766/1000: loss=[32m5.316533[0m
( 22.549s) Epoch 767/1000: loss=5.318421[0m
( 22.567s) Epoch 768/1000: loss=5.320879[0m
( 22.606s) Epoch 769/1000: loss=5.319345[0m
( 22.590s) Epoch 770/1000: loss=5.318921[0m
( 22.631s) Epoch 771/1000: loss=5.317663[0m
( 22.594s) Epoch 772/1000: loss=5.318135[0m
( 22.572s) Epoch 773/1000: loss=5.319195[0m
( 22.543s) Epoch 774/1000: loss=5.316762[0m
( 22.635s) Epoch 775/1000: loss=5.317959[0m
( 22.544s) Epoch 776/1000: loss=5.317401[0m
( 22.553s) Epoch 777/1000: loss=5.319469[0m
( 22.604s) Epoch 778/1000: loss=5.319333[0m
( 22.573s) Epoch 779/1000: loss=5.317576[0m
( 22.556s) Epoch 780/1000: loss=5.319345[0m
( 22.521s) Epoch 781/1000: loss=5.317826[0m
( 22.619s) Epoch 782/1000: loss=5.317329[0m
( 22.569s) Epoch 783/1000: loss=5.316545[0m
( 22.553s) Epoch 784/1000: loss=[32m5.314535[0m
( 22.593s) Epoch 785/1000: loss=5.317780[0m
( 22.543s) Epoch 786/1000: loss=5.315954[0m
( 22.553s) Epoch 787/1000: loss=5.315466[0m
( 22.536s) Epoch 788/1000: loss=5.315123[0m
( 22.618s) Epoch 789/1000: loss=5.315035[0m
( 22.517s) Epoch 790/1000: loss=5.315623[0m
( 22.571s) Epoch 791/1000: loss=5.314798[0m
( 22.618s) Epoch 792/1000: loss=[32m5.314043[0m
( 22.593s) Epoch 793/1000: loss=5.315977[0m
( 22.569s) Epoch 794/1000: loss=5.314770[0m
( 22.558s) Epoch 795/1000: loss=5.315161[0m
( 22.616s) Epoch 796/1000: loss=5.317385[0m
( 22.649s) Epoch 797/1000: loss=5.317548[0m
( 22.524s) Epoch 798/1000: loss=5.315922[0m
( 22.628s) Epoch 799/1000: loss=5.314251[0m
( 22.556s) Epoch 800/1000: loss=[32m5.313744[0m
( 22.534s) Epoch 801/1000: loss=[32m5.313646[0m
( 22.560s) Epoch 802/1000: loss=5.314845[0m
( 22.603s) Epoch 803/1000: loss=5.314095[0m
( 22.522s) Epoch 804/1000: loss=[32m5.313533[0m
( 22.560s) Epoch 805/1000: loss=5.314732[0m
( 22.559s) Epoch 806/1000: loss=5.316436[0m
( 22.524s) Epoch 807/1000: loss=5.314814[0m
( 22.575s) Epoch 808/1000: loss=5.314352[0m
( 22.538s) Epoch 809/1000: loss=[32m5.313272[0m
( 22.583s) Epoch 810/1000: loss=5.314449[0m
( 22.555s) Epoch 811/1000: loss=5.313569[0m
( 22.538s) Epoch 812/1000: loss=5.314199[0m
( 22.637s) Epoch 813/1000: loss=5.314087[0m
( 22.513s) Epoch 814/1000: loss=5.314784[0m
( 22.576s) Epoch 815/1000: loss=5.315188[0m
( 22.546s) Epoch 816/1000: loss=5.314023[0m
( 22.582s) Epoch 817/1000: loss=[32m5.311938[0m
( 22.533s) Epoch 818/1000: loss=5.312232[0m
( 22.571s) Epoch 819/1000: loss=5.312654[0m
( 22.590s) Epoch 820/1000: loss=5.312650[0m
( 22.572s) Epoch 821/1000: loss=5.312492[0m
( 22.511s) Epoch 822/1000: loss=5.312520[0m
( 22.512s) Epoch 823/1000: loss=5.314403[0m
( 22.572s) Epoch 824/1000: loss=5.312665[0m
( 22.505s) Epoch 825/1000: loss=[32m5.310187[0m
( 22.512s) Epoch 826/1000: loss=5.312294[0m
( 22.577s) Epoch 827/1000: loss=5.311288[0m
( 22.526s) Epoch 828/1000: loss=5.311517[0m
( 22.517s) Epoch 829/1000: loss=5.311327[0m
( 22.512s) Epoch 830/1000: loss=5.311888[0m
( 22.612s) Epoch 831/1000: loss=5.311803[0m
( 22.538s) Epoch 832/1000: loss=5.312219[0m
( 22.508s) Epoch 833/1000: loss=5.313320[0m
( 22.594s) Epoch 834/1000: loss=5.310348[0m
( 22.489s) Epoch 835/1000: loss=5.310913[0m
( 22.514s) Epoch 836/1000: loss=5.312499[0m
( 22.460s) Epoch 837/1000: loss=5.311496[0m
( 22.553s) Epoch 838/1000: loss=5.312484[0m
( 22.511s) Epoch 839/1000: loss=5.310828[0m
( 22.473s) Epoch 840/1000: loss=5.310938[0m
( 22.565s) Epoch 841/1000: loss=5.310220[0m
( 22.511s) Epoch 842/1000: loss=5.310439[0m
( 22.507s) Epoch 843/1000: loss=5.311061[0m
( 22.482s) Epoch 844/1000: loss=[32m5.309704[0m
( 22.562s) Epoch 845/1000: loss=5.311790[0m
( 22.477s) Epoch 846/1000: loss=5.311724[0m
( 22.524s) Epoch 847/1000: loss=5.311460[0m
( 22.588s) Epoch 848/1000: loss=5.309907[0m
( 22.513s) Epoch 849/1000: loss=5.310013[0m
( 22.490s) Epoch 850/1000: loss=[32m5.308794[0m
( 22.546s) Epoch 851/1000: loss=5.310534[0m
( 22.586s) Epoch 852/1000: loss=5.311532[0m
( 22.513s) Epoch 853/1000: loss=5.310993[0m
( 22.470s) Epoch 854/1000: loss=5.310845[0m
( 22.636s) Epoch 855/1000: loss=5.312564[0m
( 22.516s) Epoch 856/1000: loss=5.310464[0m
( 22.470s) Epoch 857/1000: loss=5.310136[0m
( 22.565s) Epoch 858/1000: loss=5.310374[0m
( 22.560s) Epoch 859/1000: loss=5.310241[0m
( 22.522s) Epoch 860/1000: loss=[32m5.308143[0m
( 22.489s) Epoch 861/1000: loss=5.309237[0m
( 22.567s) Epoch 862/1000: loss=5.309736[0m
( 22.552s) Epoch 863/1000: loss=5.309784[0m
( 22.488s) Epoch 864/1000: loss=[32m5.307092[0m
( 22.463s) Epoch 865/1000: loss=5.308686[0m
( 22.577s) Epoch 866/1000: loss=[32m5.307026[0m
( 22.490s) Epoch 867/1000: loss=5.307261[0m
( 22.468s) Epoch 868/1000: loss=5.310594[0m
( 22.558s) Epoch 869/1000: loss=5.309525[0m
( 22.487s) Epoch 870/1000: loss=5.308844[0m
( 22.558s) Epoch 871/1000: loss=5.308994[0m
( 22.494s) Epoch 872/1000: loss=5.308467[0m
( 22.612s) Epoch 873/1000: loss=5.308402[0m
( 22.513s) Epoch 874/1000: loss=5.310842[0m
( 22.533s) Epoch 875/1000: loss=5.308831[0m
( 22.602s) Epoch 876/1000: loss=[32m5.306245[0m
( 22.525s) Epoch 877/1000: loss=5.308131[0m
( 22.470s) Epoch 878/1000: loss=5.307844[0m
( 22.553s) Epoch 879/1000: loss=5.308076[0m
( 22.591s) Epoch 880/1000: loss=5.309573[0m
( 22.530s) Epoch 881/1000: loss=5.308354[0m
( 22.566s) Epoch 882/1000: loss=5.309013[0m
( 22.567s) Epoch 883/1000: loss=5.308531[0m
( 22.581s) Epoch 884/1000: loss=5.307708[0m
( 22.522s) Epoch 885/1000: loss=5.308385[0m
( 22.544s) Epoch 886/1000: loss=5.308762[0m
( 22.626s) Epoch 887/1000: loss=5.306795[0m
( 22.552s) Epoch 888/1000: loss=5.308384[0m
( 22.533s) Epoch 889/1000: loss=5.310355[0m
( 22.550s) Epoch 890/1000: loss=5.307954[0m
( 22.592s) Epoch 891/1000: loss=5.308174[0m
( 22.536s) Epoch 892/1000: loss=[32m5.306038[0m
( 22.535s) Epoch 893/1000: loss=[32m5.304360[0m
( 22.650s) Epoch 894/1000: loss=5.306500[0m
( 22.607s) Epoch 895/1000: loss=5.309409[0m
( 22.519s) Epoch 896/1000: loss=5.308063[0m
( 22.565s) Epoch 897/1000: loss=5.308001[0m
( 22.729s) Epoch 898/1000: loss=5.305250[0m
( 22.580s) Epoch 899/1000: loss=5.308012[0m
( 22.576s) Epoch 900/1000: loss=5.307179[0m
( 22.618s) Epoch 901/1000: loss=5.307100[0m
( 22.564s) Epoch 902/1000: loss=5.308103[0m
( 22.567s) Epoch 903/1000: loss=5.305876[0m
( 22.518s) Epoch 904/1000: loss=5.305923[0m
( 22.612s) Epoch 905/1000: loss=5.306787[0m
( 22.555s) Epoch 906/1000: loss=5.306638[0m
( 22.581s) Epoch 907/1000: loss=5.306270[0m
( 22.535s) Epoch 908/1000: loss=5.306917[0m
( 22.554s) Epoch 909/1000: loss=5.305803[0m
( 22.570s) Epoch 910/1000: loss=5.306278[0m
( 22.659s) Epoch 911/1000: loss=5.307354[0m
( 22.627s) Epoch 912/1000: loss=5.306291[0m
( 22.584s) Epoch 913/1000: loss=5.307395[0m
( 22.564s) Epoch 914/1000: loss=5.306262[0m
( 22.538s) Epoch 915/1000: loss=5.306007[0m
( 22.591s) Epoch 916/1000: loss=5.305262[0m
( 22.557s) Epoch 917/1000: loss=5.306462[0m
( 22.569s) Epoch 918/1000: loss=5.307236[0m
( 22.645s) Epoch 919/1000: loss=5.307602[0m
( 22.571s) Epoch 920/1000: loss=5.308122[0m
( 22.546s) Epoch 921/1000: loss=5.305190[0m
( 22.679s) Epoch 922/1000: loss=5.306563[0m
( 22.624s) Epoch 923/1000: loss=5.307863[0m
( 22.562s) Epoch 924/1000: loss=5.305110[0m
( 22.630s) Epoch 925/1000: loss=5.305380[0m
( 22.658s) Epoch 926/1000: loss=[32m5.304193[0m
( 22.554s) Epoch 927/1000: loss=5.307533[0m
( 22.528s) Epoch 928/1000: loss=5.306901[0m
( 22.517s) Epoch 929/1000: loss=5.305704[0m
( 22.598s) Epoch 930/1000: loss=5.306314[0m
( 22.533s) Epoch 931/1000: loss=[32m5.303915[0m
( 22.727s) Epoch 932/1000: loss=5.306852[0m
( 22.624s) Epoch 933/1000: loss=5.306054[0m
( 22.523s) Epoch 934/1000: loss=5.304755[0m
( 22.554s) Epoch 935/1000: loss=5.306797[0m
( 22.510s) Epoch 936/1000: loss=5.304720[0m
( 22.579s) Epoch 937/1000: loss=5.304533[0m
( 22.542s) Epoch 938/1000: loss=5.304361[0m
( 22.532s) Epoch 939/1000: loss=[32m5.303858[0m
( 22.603s) Epoch 940/1000: loss=5.306666[0m
( 22.527s) Epoch 941/1000: loss=5.306271[0m
( 22.533s) Epoch 942/1000: loss=5.306357[0m
( 22.510s) Epoch 943/1000: loss=5.307206[0m
( 22.594s) Epoch 944/1000: loss=5.306877[0m
( 22.532s) Epoch 945/1000: loss=5.305992[0m
( 22.505s) Epoch 946/1000: loss=5.304622[0m
( 22.552s) Epoch 947/1000: loss=5.304953[0m
( 22.530s) Epoch 948/1000: loss=5.304112[0m
( 22.487s) Epoch 949/1000: loss=5.307172[0m
( 22.555s) Epoch 950/1000: loss=5.304348[0m
( 22.559s) Epoch 951/1000: loss=[32m5.303811[0m
( 22.513s) Epoch 952/1000: loss=5.304955[0m
( 22.526s) Epoch 953/1000: loss=5.306306[0m
( 22.582s) Epoch 954/1000: loss=5.305238[0m
( 22.519s) Epoch 955/1000: loss=[32m5.303644[0m
( 22.514s) Epoch 956/1000: loss=5.305573[0m
( 22.521s) Epoch 957/1000: loss=[32m5.303486[0m
( 22.536s) Epoch 958/1000: loss=5.304899[0m
( 22.563s) Epoch 959/1000: loss=5.304978[0m
( 22.524s) Epoch 960/1000: loss=5.306826[0m
( 22.576s) Epoch 961/1000: loss=5.304587[0m
( 22.574s) Epoch 962/1000: loss=5.306262[0m
( 22.526s) Epoch 963/1000: loss=5.305573[0m
( 22.490s) Epoch 964/1000: loss=5.303641[0m
( 22.548s) Epoch 965/1000: loss=5.305008[0m
( 22.495s) Epoch 966/1000: loss=[32m5.302785[0m
( 22.453s) Epoch 967/1000: loss=5.305395[0m
( 22.540s) Epoch 968/1000: loss=5.303370[0m
( 22.540s) Epoch 969/1000: loss=5.307049[0m
( 22.530s) Epoch 970/1000: loss=5.306933[0m
( 22.486s) Epoch 971/1000: loss=5.305583[0m
( 22.576s) Epoch 972/1000: loss=5.303097[0m
( 22.526s) Epoch 973/1000: loss=5.303081[0m
( 22.500s) Epoch 974/1000: loss=5.305221[0m
( 22.599s) Epoch 975/1000: loss=5.303583[0m
( 22.535s) Epoch 976/1000: loss=5.305980[0m
( 22.495s) Epoch 977/1000: loss=5.305246[0m
( 22.541s) Epoch 978/1000: loss=5.304783[0m
( 22.498s) Epoch 979/1000: loss=5.305906[0m
( 22.645s) Epoch 980/1000: loss=5.305245[0m
( 22.560s) Epoch 981/1000: loss=5.304813[0m
( 22.535s) Epoch 982/1000: loss=5.303171[0m
( 22.555s) Epoch 983/1000: loss=5.305950[0m
( 22.546s) Epoch 984/1000: loss=5.305733[0m
( 22.541s) Epoch 985/1000: loss=5.304818[0m
( 22.523s) Epoch 986/1000: loss=5.306405[0m
( 22.625s) Epoch 987/1000: loss=5.306361[0m
( 22.510s) Epoch 988/1000: loss=5.304596[0m
( 22.536s) Epoch 989/1000: loss=5.306477[0m
( 22.605s) Epoch 990/1000: loss=5.305694[0m
( 22.520s) Epoch 991/1000: loss=5.303626[0m
( 22.530s) Epoch 992/1000: loss=5.304854[0m
( 22.498s) Epoch 993/1000: loss=5.303879[0m
( 22.629s) Epoch 994/1000: loss=5.304410[0m
( 22.517s) Epoch 995/1000: loss=5.304235[0m
( 22.519s) Epoch 996/1000: loss=5.304564[0m
( 22.548s) Epoch 997/1000: loss=5.306017[0m
( 22.504s) Epoch 998/1000: loss=5.304282[0m
( 22.501s) Epoch 999/1000: loss=5.304764[0m
( 22.527s) Epoch 1000/1000: loss=5.307269[0m
Training for 1000 epochs took 22558.813s total and 22.559s average
Calculating mean of transformed dataset using the best model state ... 5.945s
Saving best model and options to /home/aditya.bharti/FewShot/cifar100fs_1000epoch/CropColor.pth
