Namespace(T_max=1000, backbone='resnet50', base_learning_rate=0.1, base_optimizer='SGD', batch_size=256, dampening=0.0, data_percent=20, dataset='cifar100fs', dataset_root=None, distributed=True, episode_strat='SimpleShotEpisodes', eval_freq=2000, fine_tune_epochs=20, fine_tune_save_path='ft0.pth', first_augment='CropResize', head='SimpleMLP', jitter_strength=1.0, k_shot=5, load_from=None, local_rank=0, log_file=<_io.TextIOWrapper name='/home/aditya.bharti/FewShot/cifar100fs_1000epoch/CropGauss.out' mode='a' encoding='UTF-8'>, loss_function='NTXent', model='SimCLRModel', momentum=0.9, n_way=5, nesterov=True, ntxent_temp=1.0, num_epochs=1000, num_query=15, num_test_tasks=10000, num_workers=4, pin_memory=True, pretrained=False, progress=False, projection_dim=128, save_model=True, save_path='/home/aditya.bharti/FewShot/cifar100fs_1000epoch/CropGauss.pth', scheduler='CosineAnnealingLR', second_augment='GaussBlur', shuffle=True, simple_opt=True, weight_decay=0.0001)
Starting Training on:
Train:  64 classes
Valid:  16 classes
Test:   20 classes
------------------
( 61.373s) Epoch 001/1000: loss=[32m5.744513[0m
( 23.457s) Epoch 002/1000: loss=[32m5.557422[0m
( 19.565s) Epoch 003/1000: loss=[32m5.463263[0m
( 19.594s) Epoch 004/1000: loss=[32m5.448419[0m
( 19.667s) Epoch 005/1000: loss=[32m5.432399[0m
( 19.641s) Epoch 006/1000: loss=[32m5.416969[0m
( 19.636s) Epoch 007/1000: loss=[32m5.410284[0m
( 19.663s) Epoch 008/1000: loss=[32m5.406132[0m
( 19.667s) Epoch 009/1000: loss=[32m5.402875[0m
( 19.646s) Epoch 010/1000: loss=[32m5.395835[0m
( 19.710s) Epoch 011/1000: loss=[32m5.395014[0m
( 19.685s) Epoch 012/1000: loss=[32m5.391038[0m
( 19.695s) Epoch 013/1000: loss=[32m5.387375[0m
( 19.690s) Epoch 014/1000: loss=[32m5.384183[0m
( 19.803s) Epoch 015/1000: loss=[32m5.382563[0m
( 19.721s) Epoch 016/1000: loss=5.383949[0m
( 19.667s) Epoch 017/1000: loss=[32m5.379086[0m
( 19.681s) Epoch 018/1000: loss=[32m5.376737[0m
( 19.678s) Epoch 019/1000: loss=[32m5.374505[0m
( 19.672s) Epoch 020/1000: loss=[32m5.367776[0m
( 19.713s) Epoch 021/1000: loss=[32m5.367083[0m
( 19.743s) Epoch 022/1000: loss=[32m5.364958[0m
( 19.700s) Epoch 023/1000: loss=[32m5.361693[0m
( 19.736s) Epoch 024/1000: loss=[32m5.360206[0m
( 19.726s) Epoch 025/1000: loss=[32m5.357334[0m
( 19.733s) Epoch 026/1000: loss=[32m5.356550[0m
( 19.719s) Epoch 027/1000: loss=[32m5.353532[0m
( 19.746s) Epoch 028/1000: loss=[32m5.352029[0m
( 19.708s) Epoch 029/1000: loss=[32m5.349323[0m
( 19.731s) Epoch 030/1000: loss=[32m5.348025[0m
( 19.713s) Epoch 031/1000: loss=[32m5.346664[0m
( 19.715s) Epoch 032/1000: loss=[32m5.344910[0m
( 19.792s) Epoch 033/1000: loss=[32m5.344048[0m
( 19.686s) Epoch 034/1000: loss=5.345487[0m
( 19.680s) Epoch 035/1000: loss=[32m5.343093[0m
( 19.751s) Epoch 036/1000: loss=[32m5.341158[0m
( 19.723s) Epoch 037/1000: loss=5.341261[0m
( 19.759s) Epoch 038/1000: loss=[32m5.338343[0m
( 20.176s) Epoch 039/1000: loss=5.339011[0m
( 19.993s) Epoch 040/1000: loss=[32m5.335915[0m
( 20.199s) Epoch 041/1000: loss=5.338585[0m
( 20.223s) Epoch 042/1000: loss=5.336769[0m
( 20.246s) Epoch 043/1000: loss=5.339766[0m
( 20.143s) Epoch 044/1000: loss=[32m5.334526[0m
( 20.349s) Epoch 045/1000: loss=[32m5.333779[0m
( 20.129s) Epoch 046/1000: loss=[32m5.332250[0m
( 20.351s) Epoch 047/1000: loss=5.334251[0m
( 20.143s) Epoch 048/1000: loss=5.333106[0m
( 20.287s) Epoch 049/1000: loss=[32m5.332238[0m
( 20.192s) Epoch 050/1000: loss=5.332501[0m
( 20.187s) Epoch 051/1000: loss=[32m5.330507[0m
( 20.236s) Epoch 052/1000: loss=5.331578[0m
( 20.110s) Epoch 053/1000: loss=5.331230[0m
( 20.270s) Epoch 054/1000: loss=[32m5.328141[0m
( 20.142s) Epoch 055/1000: loss=5.329914[0m
( 20.364s) Epoch 056/1000: loss=5.328831[0m
( 20.195s) Epoch 057/1000: loss=[32m5.328135[0m
( 20.334s) Epoch 058/1000: loss=[32m5.326489[0m
( 20.133s) Epoch 059/1000: loss=5.326669[0m
( 20.290s) Epoch 060/1000: loss=5.328218[0m
( 20.137s) Epoch 061/1000: loss=5.327417[0m
( 20.388s) Epoch 062/1000: loss=[32m5.325312[0m
( 20.230s) Epoch 063/1000: loss=[32m5.324467[0m
( 20.200s) Epoch 064/1000: loss=5.325884[0m
( 20.293s) Epoch 065/1000: loss=[32m5.323111[0m
( 20.161s) Epoch 066/1000: loss=5.323742[0m
( 20.378s) Epoch 067/1000: loss=5.323352[0m
( 20.249s) Epoch 068/1000: loss=5.323618[0m
( 20.395s) Epoch 069/1000: loss=[32m5.322184[0m
( 20.138s) Epoch 070/1000: loss=5.322820[0m
( 20.333s) Epoch 071/1000: loss=5.322259[0m
( 20.201s) Epoch 072/1000: loss=5.322763[0m
( 20.275s) Epoch 073/1000: loss=[32m5.321402[0m
( 20.241s) Epoch 074/1000: loss=5.321888[0m
( 20.231s) Epoch 075/1000: loss=[32m5.320211[0m
( 20.315s) Epoch 076/1000: loss=5.320400[0m
( 20.177s) Epoch 077/1000: loss=5.321750[0m
( 20.339s) Epoch 078/1000: loss=5.321187[0m
( 20.239s) Epoch 079/1000: loss=[32m5.318999[0m
( 20.397s) Epoch 080/1000: loss=5.319023[0m
( 20.210s) Epoch 081/1000: loss=5.319888[0m
( 20.394s) Epoch 082/1000: loss=5.319395[0m
( 20.227s) Epoch 083/1000: loss=5.319115[0m
( 20.302s) Epoch 084/1000: loss=[32m5.318658[0m
( 20.296s) Epoch 085/1000: loss=5.319646[0m
( 20.269s) Epoch 086/1000: loss=[32m5.318652[0m
( 20.360s) Epoch 087/1000: loss=[32m5.316550[0m
( 20.128s) Epoch 088/1000: loss=[32m5.314887[0m
( 20.333s) Epoch 089/1000: loss=5.316721[0m
( 20.167s) Epoch 090/1000: loss=5.318256[0m
( 20.440s) Epoch 091/1000: loss=5.316813[0m
( 20.227s) Epoch 092/1000: loss=5.317514[0m
( 20.319s) Epoch 093/1000: loss=[32m5.314514[0m
( 20.139s) Epoch 094/1000: loss=5.317371[0m
( 20.242s) Epoch 095/1000: loss=5.316541[0m
( 20.290s) Epoch 096/1000: loss=5.315231[0m
( 20.255s) Epoch 097/1000: loss=5.316574[0m
( 20.357s) Epoch 098/1000: loss=[32m5.314266[0m
( 20.223s) Epoch 099/1000: loss=5.314723[0m
( 20.351s) Epoch 100/1000: loss=[32m5.313685[0m
( 20.186s) Epoch 101/1000: loss=5.314855[0m
( 20.398s) Epoch 102/1000: loss=5.314223[0m
( 20.261s) Epoch 103/1000: loss=[32m5.310386[0m
( 20.361s) Epoch 104/1000: loss=5.314466[0m
( 20.185s) Epoch 105/1000: loss=5.313092[0m
( 20.203s) Epoch 106/1000: loss=5.312801[0m
( 20.298s) Epoch 107/1000: loss=5.311942[0m
( 20.216s) Epoch 108/1000: loss=5.312160[0m
( 20.438s) Epoch 109/1000: loss=5.311508[0m
( 20.208s) Epoch 110/1000: loss=5.313376[0m
( 21.657s) Epoch 111/1000: loss=5.313505[0m
( 39.476s) Epoch 112/1000: loss=5.313895[0m
( 39.559s) Epoch 113/1000: loss=5.311369[0m
( 39.339s) Epoch 114/1000: loss=5.311178[0m
( 39.945s) Epoch 115/1000: loss=5.312574[0m
( 43.667s) Epoch 116/1000: loss=5.310506[0m
( 43.179s) Epoch 117/1000: loss=[32m5.310258[0m
( 39.755s) Epoch 118/1000: loss=[32m5.310130[0m
( 44.423s) Epoch 119/1000: loss=5.310255[0m
( 39.704s) Epoch 120/1000: loss=[32m5.309769[0m
( 39.897s) Epoch 121/1000: loss=5.309885[0m
( 39.383s) Epoch 122/1000: loss=[32m5.308620[0m
( 39.952s) Epoch 123/1000: loss=[32m5.307691[0m
( 40.697s) Epoch 124/1000: loss=5.310517[0m
( 37.674s) Epoch 125/1000: loss=5.309287[0m
( 40.070s) Epoch 126/1000: loss=5.309268[0m
( 44.868s) Epoch 127/1000: loss=5.309225[0m
( 38.770s) Epoch 128/1000: loss=[32m5.307276[0m
( 38.242s) Epoch 129/1000: loss=5.307423[0m
( 39.413s) Epoch 130/1000: loss=5.308289[0m
( 40.081s) Epoch 131/1000: loss=5.307645[0m
( 39.779s) Epoch 132/1000: loss=[32m5.306301[0m
( 39.844s) Epoch 133/1000: loss=5.308192[0m
( 38.398s) Epoch 134/1000: loss=5.306662[0m
( 37.939s) Epoch 135/1000: loss=[32m5.306018[0m
( 40.249s) Epoch 136/1000: loss=5.307710[0m
( 42.401s) Epoch 137/1000: loss=5.306120[0m
( 42.068s) Epoch 138/1000: loss=5.306657[0m
( 39.873s) Epoch 139/1000: loss=5.307342[0m
( 38.819s) Epoch 140/1000: loss=[32m5.305261[0m
( 37.761s) Epoch 141/1000: loss=5.308303[0m
( 38.054s) Epoch 142/1000: loss=5.305408[0m
( 38.160s) Epoch 143/1000: loss=5.306618[0m
( 39.083s) Epoch 144/1000: loss=5.306075[0m
( 40.241s) Epoch 145/1000: loss=[32m5.304841[0m
( 48.352s) Epoch 146/1000: loss=5.307550[0m
( 40.843s) Epoch 147/1000: loss=5.305613[0m
( 41.253s) Epoch 148/1000: loss=5.306837[0m
( 39.757s) Epoch 149/1000: loss=5.305196[0m
( 39.857s) Epoch 150/1000: loss=5.305060[0m
( 39.209s) Epoch 151/1000: loss=[32m5.303601[0m
( 37.928s) Epoch 152/1000: loss=5.305163[0m
( 38.200s) Epoch 153/1000: loss=5.304008[0m
( 40.445s) Epoch 154/1000: loss=5.304551[0m
( 38.642s) Epoch 155/1000: loss=5.303798[0m
( 38.374s) Epoch 156/1000: loss=5.304217[0m
( 38.400s) Epoch 157/1000: loss=5.303840[0m
( 38.360s) Epoch 158/1000: loss=[32m5.303239[0m
( 51.510s) Epoch 159/1000: loss=5.303318[0m
( 37.981s) Epoch 160/1000: loss=[32m5.303207[0m
( 37.953s) Epoch 161/1000: loss=[32m5.303111[0m
( 38.048s) Epoch 162/1000: loss=5.303698[0m
( 37.524s) Epoch 163/1000: loss=5.304423[0m
( 37.132s) Epoch 164/1000: loss=5.304939[0m
( 37.620s) Epoch 165/1000: loss=[32m5.303044[0m
( 47.616s) Epoch 166/1000: loss=5.303914[0m
( 43.019s) Epoch 167/1000: loss=5.303991[0m
( 38.152s) Epoch 168/1000: loss=[32m5.302299[0m
( 38.019s) Epoch 169/1000: loss=5.302382[0m
( 38.711s) Epoch 170/1000: loss=[32m5.301700[0m
( 39.490s) Epoch 171/1000: loss=5.304189[0m
( 39.266s) Epoch 172/1000: loss=[32m5.301050[0m
( 39.301s) Epoch 173/1000: loss=5.302947[0m
( 39.872s) Epoch 174/1000: loss=5.301990[0m
( 42.714s) Epoch 175/1000: loss=5.301959[0m
( 44.543s) Epoch 176/1000: loss=5.302315[0m
( 39.430s) Epoch 177/1000: loss=5.302991[0m
( 39.609s) Epoch 178/1000: loss=[32m5.301032[0m
( 34.118s) Epoch 179/1000: loss=5.301171[0m
( 24.835s) Epoch 180/1000: loss=5.301932[0m
( 19.662s) Epoch 181/1000: loss=5.301311[0m
( 19.719s) Epoch 182/1000: loss=[32m5.300362[0m
( 19.705s) Epoch 183/1000: loss=5.300840[0m
( 19.722s) Epoch 184/1000: loss=[32m5.300207[0m
( 19.800s) Epoch 185/1000: loss=5.300770[0m
( 19.790s) Epoch 186/1000: loss=5.300479[0m
( 19.761s) Epoch 187/1000: loss=5.300314[0m
( 19.688s) Epoch 188/1000: loss=5.300216[0m
( 19.737s) Epoch 189/1000: loss=5.300732[0m
( 19.730s) Epoch 190/1000: loss=[32m5.299985[0m
( 25.860s) Epoch 191/1000: loss=[32m5.299291[0m
( 29.061s) Epoch 192/1000: loss=5.300290[0m
( 20.723s) Epoch 193/1000: loss=5.302036[0m
( 19.768s) Epoch 194/1000: loss=[32m5.298944[0m
( 19.722s) Epoch 195/1000: loss=5.300203[0m
( 19.737s) Epoch 196/1000: loss=5.299963[0m
( 19.742s) Epoch 197/1000: loss=5.300407[0m
( 19.836s) Epoch 198/1000: loss=5.299300[0m
( 19.765s) Epoch 199/1000: loss=5.299354[0m
( 19.724s) Epoch 200/1000: loss=[32m5.297702[0m
( 19.740s) Epoch 201/1000: loss=5.298816[0m
( 19.753s) Epoch 202/1000: loss=5.298658[0m
( 19.785s) Epoch 203/1000: loss=5.298634[0m
( 19.802s) Epoch 204/1000: loss=5.299533[0m
( 19.746s) Epoch 205/1000: loss=5.299861[0m
( 19.718s) Epoch 206/1000: loss=5.298861[0m
( 19.721s) Epoch 207/1000: loss=5.298076[0m
( 19.728s) Epoch 208/1000: loss=5.298160[0m
( 19.746s) Epoch 209/1000: loss=[32m5.297247[0m
( 19.824s) Epoch 210/1000: loss=5.298933[0m
( 19.748s) Epoch 211/1000: loss=5.298029[0m
( 19.727s) Epoch 212/1000: loss=[32m5.295775[0m
( 19.742s) Epoch 213/1000: loss=5.299105[0m
( 19.704s) Epoch 214/1000: loss=5.297842[0m
( 19.790s) Epoch 215/1000: loss=5.298811[0m
( 19.777s) Epoch 216/1000: loss=5.299017[0m
( 19.724s) Epoch 217/1000: loss=5.296060[0m
( 19.741s) Epoch 218/1000: loss=5.296919[0m
( 19.741s) Epoch 219/1000: loss=5.297792[0m
( 19.742s) Epoch 220/1000: loss=5.297264[0m
( 19.754s) Epoch 221/1000: loss=[32m5.295667[0m
( 19.826s) Epoch 222/1000: loss=5.297779[0m
( 19.741s) Epoch 223/1000: loss=5.296669[0m
( 19.747s) Epoch 224/1000: loss=5.297017[0m
( 19.697s) Epoch 225/1000: loss=5.298958[0m
( 19.717s) Epoch 226/1000: loss=5.296763[0m
( 19.750s) Epoch 227/1000: loss=[32m5.295381[0m
( 19.805s) Epoch 228/1000: loss=5.296596[0m
( 19.720s) Epoch 229/1000: loss=5.297272[0m
( 19.728s) Epoch 230/1000: loss=5.296339[0m
( 19.745s) Epoch 231/1000: loss=5.295519[0m
( 19.768s) Epoch 232/1000: loss=[32m5.295081[0m
( 19.776s) Epoch 233/1000: loss=5.296529[0m
( 19.854s) Epoch 234/1000: loss=5.296600[0m
( 19.751s) Epoch 235/1000: loss=5.296794[0m
( 19.725s) Epoch 236/1000: loss=5.295644[0m
( 19.759s) Epoch 237/1000: loss=5.295441[0m
( 19.769s) Epoch 238/1000: loss=5.295336[0m
( 19.801s) Epoch 239/1000: loss=5.296115[0m
( 19.825s) Epoch 240/1000: loss=5.295602[0m
( 19.693s) Epoch 241/1000: loss=5.295299[0m
( 19.758s) Epoch 242/1000: loss=5.296042[0m
( 19.754s) Epoch 243/1000: loss=5.295371[0m
( 19.713s) Epoch 244/1000: loss=5.295846[0m
( 19.799s) Epoch 245/1000: loss=5.295418[0m
( 19.833s) Epoch 246/1000: loss=5.295380[0m
( 19.734s) Epoch 247/1000: loss=[32m5.294594[0m
( 19.868s) Epoch 248/1000: loss=[32m5.293351[0m
( 19.724s) Epoch 249/1000: loss=5.295420[0m
( 19.740s) Epoch 250/1000: loss=5.294784[0m
( 19.890s) Epoch 251/1000: loss=5.295371[0m
( 19.874s) Epoch 252/1000: loss=5.295805[0m
( 19.748s) Epoch 253/1000: loss=5.294257[0m
( 19.757s) Epoch 254/1000: loss=5.295153[0m
( 19.734s) Epoch 255/1000: loss=5.294082[0m
( 19.742s) Epoch 256/1000: loss=5.294879[0m
( 19.805s) Epoch 257/1000: loss=5.295598[0m
( 19.753s) Epoch 258/1000: loss=5.294446[0m
( 19.686s) Epoch 259/1000: loss=5.295014[0m
( 19.711s) Epoch 260/1000: loss=[32m5.291992[0m
( 19.688s) Epoch 261/1000: loss=5.294518[0m
( 19.725s) Epoch 262/1000: loss=5.294276[0m
( 19.819s) Epoch 263/1000: loss=5.293581[0m
( 19.794s) Epoch 264/1000: loss=5.293917[0m
( 19.733s) Epoch 265/1000: loss=5.293395[0m
( 19.722s) Epoch 266/1000: loss=5.293659[0m
( 19.752s) Epoch 267/1000: loss=5.293049[0m
( 19.691s) Epoch 268/1000: loss=5.293488[0m
( 19.806s) Epoch 269/1000: loss=5.292206[0m
( 19.818s) Epoch 270/1000: loss=5.294685[0m
( 19.754s) Epoch 271/1000: loss=[32m5.291904[0m
( 19.750s) Epoch 272/1000: loss=5.293867[0m
( 19.765s) Epoch 273/1000: loss=5.292331[0m
( 19.778s) Epoch 274/1000: loss=5.291932[0m
( 19.831s) Epoch 275/1000: loss=[32m5.291894[0m
( 19.777s) Epoch 276/1000: loss=5.293128[0m
( 19.728s) Epoch 277/1000: loss=5.292786[0m
( 19.751s) Epoch 278/1000: loss=5.292724[0m
( 19.750s) Epoch 279/1000: loss=[32m5.291397[0m
( 19.760s) Epoch 280/1000: loss=5.291397[0m
( 19.830s) Epoch 281/1000: loss=5.292169[0m
( 19.820s) Epoch 282/1000: loss=5.292826[0m
( 19.738s) Epoch 283/1000: loss=5.293557[0m
( 19.717s) Epoch 284/1000: loss=5.293004[0m
( 19.709s) Epoch 285/1000: loss=5.292141[0m
( 19.725s) Epoch 286/1000: loss=[32m5.290620[0m
( 19.839s) Epoch 287/1000: loss=5.291490[0m
( 19.791s) Epoch 288/1000: loss=5.292078[0m
( 19.741s) Epoch 289/1000: loss=5.291118[0m
( 19.759s) Epoch 290/1000: loss=5.292302[0m
( 19.778s) Epoch 291/1000: loss=5.291232[0m
( 19.745s) Epoch 292/1000: loss=5.290797[0m
( 19.834s) Epoch 293/1000: loss=5.292536[0m
( 19.814s) Epoch 294/1000: loss=5.292916[0m
( 19.702s) Epoch 295/1000: loss=[32m5.289942[0m
( 19.763s) Epoch 296/1000: loss=5.290213[0m
( 19.724s) Epoch 297/1000: loss=5.293225[0m
( 19.735s) Epoch 298/1000: loss=5.291306[0m
( 19.808s) Epoch 299/1000: loss=5.290569[0m
( 19.758s) Epoch 300/1000: loss=5.290891[0m
( 19.762s) Epoch 301/1000: loss=5.290921[0m
( 19.741s) Epoch 302/1000: loss=5.292432[0m
( 19.736s) Epoch 303/1000: loss=5.291728[0m
( 19.701s) Epoch 304/1000: loss=5.290512[0m
( 19.800s) Epoch 305/1000: loss=5.291372[0m
( 19.738s) Epoch 306/1000: loss=5.291628[0m
( 19.692s) Epoch 307/1000: loss=5.290864[0m
( 19.723s) Epoch 308/1000: loss=5.290552[0m
( 19.776s) Epoch 309/1000: loss=5.290117[0m
( 19.719s) Epoch 310/1000: loss=5.292057[0m
( 19.821s) Epoch 311/1000: loss=5.291536[0m
( 19.754s) Epoch 312/1000: loss=[32m5.289678[0m
( 19.758s) Epoch 313/1000: loss=5.291133[0m
( 19.726s) Epoch 314/1000: loss=[32m5.288489[0m
( 19.735s) Epoch 315/1000: loss=5.290945[0m
( 19.735s) Epoch 316/1000: loss=5.290751[0m
( 19.842s) Epoch 317/1000: loss=5.291863[0m
( 19.760s) Epoch 318/1000: loss=5.290361[0m
( 19.758s) Epoch 319/1000: loss=5.288582[0m
( 19.767s) Epoch 320/1000: loss=5.289394[0m
( 19.831s) Epoch 321/1000: loss=5.292583[0m
( 19.736s) Epoch 322/1000: loss=5.289996[0m
( 19.815s) Epoch 323/1000: loss=5.289488[0m
( 19.743s) Epoch 324/1000: loss=5.289410[0m
( 19.767s) Epoch 325/1000: loss=5.288783[0m
( 19.756s) Epoch 326/1000: loss=5.290677[0m
( 19.773s) Epoch 327/1000: loss=5.289372[0m
( 19.778s) Epoch 328/1000: loss=5.289342[0m
( 19.823s) Epoch 329/1000: loss=5.289267[0m
( 19.815s) Epoch 330/1000: loss=5.289374[0m
( 19.802s) Epoch 331/1000: loss=5.289681[0m
( 19.768s) Epoch 332/1000: loss=5.290486[0m
( 19.759s) Epoch 333/1000: loss=5.288829[0m
( 19.747s) Epoch 334/1000: loss=5.289625[0m
( 19.810s) Epoch 335/1000: loss=5.289473[0m
( 19.832s) Epoch 336/1000: loss=[32m5.288197[0m
( 19.738s) Epoch 337/1000: loss=[32m5.287443[0m
( 19.717s) Epoch 338/1000: loss=5.287891[0m
( 19.748s) Epoch 339/1000: loss=5.288555[0m
( 19.701s) Epoch 340/1000: loss=5.288268[0m
( 19.803s) Epoch 341/1000: loss=5.289370[0m
( 19.773s) Epoch 342/1000: loss=5.288074[0m
( 19.758s) Epoch 343/1000: loss=5.288829[0m
( 19.729s) Epoch 344/1000: loss=5.287577[0m
( 19.736s) Epoch 345/1000: loss=5.287867[0m
( 19.744s) Epoch 346/1000: loss=5.288996[0m
( 19.775s) Epoch 347/1000: loss=5.288868[0m
( 19.812s) Epoch 348/1000: loss=5.288622[0m
( 19.764s) Epoch 349/1000: loss=5.287633[0m
( 19.749s) Epoch 350/1000: loss=[32m5.287181[0m
( 19.771s) Epoch 351/1000: loss=5.288310[0m
( 19.836s) Epoch 352/1000: loss=5.288323[0m
( 19.797s) Epoch 353/1000: loss=5.288388[0m
( 19.772s) Epoch 354/1000: loss=5.287443[0m
( 19.754s) Epoch 355/1000: loss=5.287697[0m
( 19.744s) Epoch 356/1000: loss=5.287957[0m
( 19.733s) Epoch 357/1000: loss=5.287602[0m
( 19.727s) Epoch 358/1000: loss=5.288591[0m
( 19.791s) Epoch 359/1000: loss=5.288231[0m
( 19.780s) Epoch 360/1000: loss=5.287391[0m
( 19.777s) Epoch 361/1000: loss=[32m5.286384[0m
( 19.740s) Epoch 362/1000: loss=5.287854[0m
( 19.735s) Epoch 363/1000: loss=5.288142[0m
( 19.740s) Epoch 364/1000: loss=5.288168[0m
( 19.788s) Epoch 365/1000: loss=5.287480[0m
( 19.773s) Epoch 366/1000: loss=5.288068[0m
( 19.817s) Epoch 367/1000: loss=5.288367[0m
( 19.781s) Epoch 368/1000: loss=5.288456[0m
( 19.752s) Epoch 369/1000: loss=5.286488[0m
( 19.754s) Epoch 370/1000: loss=[32m5.285319[0m
( 19.787s) Epoch 371/1000: loss=5.286227[0m
( 19.779s) Epoch 372/1000: loss=5.286977[0m
( 19.785s) Epoch 373/1000: loss=5.285358[0m
( 19.716s) Epoch 374/1000: loss=5.286630[0m
( 19.720s) Epoch 375/1000: loss=5.286858[0m
( 19.752s) Epoch 376/1000: loss=5.286387[0m
( 19.812s) Epoch 377/1000: loss=5.286555[0m
( 19.785s) Epoch 378/1000: loss=5.286720[0m
( 19.758s) Epoch 379/1000: loss=5.288123[0m
( 19.760s) Epoch 380/1000: loss=5.286255[0m
( 19.722s) Epoch 381/1000: loss=5.285689[0m
( 19.787s) Epoch 382/1000: loss=5.287521[0m
( 19.773s) Epoch 383/1000: loss=5.286945[0m
( 19.818s) Epoch 384/1000: loss=5.286046[0m
( 19.759s) Epoch 385/1000: loss=[32m5.284358[0m
( 19.704s) Epoch 386/1000: loss=5.286801[0m
( 19.761s) Epoch 387/1000: loss=5.285117[0m
( 19.714s) Epoch 388/1000: loss=5.286123[0m
( 19.775s) Epoch 389/1000: loss=5.285853[0m
( 19.811s) Epoch 390/1000: loss=5.287009[0m
( 19.746s) Epoch 391/1000: loss=5.284966[0m
( 19.733s) Epoch 392/1000: loss=5.285632[0m
( 19.741s) Epoch 393/1000: loss=5.286390[0m
( 19.747s) Epoch 394/1000: loss=5.286138[0m
( 19.749s) Epoch 395/1000: loss=5.285826[0m
( 19.821s) Epoch 396/1000: loss=5.286175[0m
( 19.776s) Epoch 397/1000: loss=5.285313[0m
( 19.729s) Epoch 398/1000: loss=5.285435[0m
( 19.741s) Epoch 399/1000: loss=5.285646[0m
( 19.750s) Epoch 400/1000: loss=5.285068[0m
( 19.777s) Epoch 401/1000: loss=5.285944[0m
( 19.812s) Epoch 402/1000: loss=[32m5.283075[0m
( 19.767s) Epoch 403/1000: loss=5.285050[0m
( 19.732s) Epoch 404/1000: loss=5.285582[0m
( 19.731s) Epoch 405/1000: loss=5.285025[0m
( 19.726s) Epoch 406/1000: loss=5.285450[0m
( 19.749s) Epoch 407/1000: loss=5.287039[0m
( 19.788s) Epoch 408/1000: loss=5.285191[0m
( 19.767s) Epoch 409/1000: loss=5.284606[0m
( 19.695s) Epoch 410/1000: loss=5.285722[0m
( 19.731s) Epoch 411/1000: loss=5.284541[0m
( 19.729s) Epoch 412/1000: loss=5.284051[0m
( 19.759s) Epoch 413/1000: loss=5.285943[0m
( 19.825s) Epoch 414/1000: loss=5.284988[0m
( 19.792s) Epoch 415/1000: loss=5.284001[0m
( 19.754s) Epoch 416/1000: loss=5.283640[0m
( 19.784s) Epoch 417/1000: loss=5.283515[0m
( 19.760s) Epoch 418/1000: loss=5.285073[0m
( 19.797s) Epoch 419/1000: loss=5.283548[0m
( 19.816s) Epoch 420/1000: loss=5.283655[0m
( 19.792s) Epoch 421/1000: loss=5.285374[0m
( 19.760s) Epoch 422/1000: loss=5.284328[0m
( 19.705s) Epoch 423/1000: loss=5.285622[0m
( 19.725s) Epoch 424/1000: loss=5.285455[0m
( 19.749s) Epoch 425/1000: loss=5.284334[0m
( 19.771s) Epoch 426/1000: loss=5.284809[0m
( 19.783s) Epoch 427/1000: loss=5.284899[0m
( 19.776s) Epoch 428/1000: loss=5.284833[0m
( 19.745s) Epoch 429/1000: loss=5.283830[0m
( 19.741s) Epoch 430/1000: loss=5.284889[0m
( 19.811s) Epoch 431/1000: loss=5.283858[0m
( 19.772s) Epoch 432/1000: loss=5.283197[0m
( 19.830s) Epoch 433/1000: loss=[32m5.282901[0m
( 19.762s) Epoch 434/1000: loss=5.285111[0m
( 19.718s) Epoch 435/1000: loss=5.283644[0m
( 19.720s) Epoch 436/1000: loss=5.284461[0m
( 19.761s) Epoch 437/1000: loss=5.283868[0m
( 19.764s) Epoch 438/1000: loss=[32m5.282340[0m
( 19.794s) Epoch 439/1000: loss=5.283676[0m
( 19.703s) Epoch 440/1000: loss=5.284668[0m
( 19.725s) Epoch 441/1000: loss=5.283367[0m
( 19.712s) Epoch 442/1000: loss=5.282551[0m
( 19.789s) Epoch 443/1000: loss=5.282964[0m
( 19.776s) Epoch 444/1000: loss=5.283621[0m
( 19.819s) Epoch 445/1000: loss=5.283465[0m
( 19.728s) Epoch 446/1000: loss=5.284285[0m
( 19.733s) Epoch 447/1000: loss=5.283104[0m
( 19.728s) Epoch 448/1000: loss=5.283579[0m
( 19.786s) Epoch 449/1000: loss=[32m5.281732[0m
( 19.775s) Epoch 450/1000: loss=5.282617[0m
( 19.817s) Epoch 451/1000: loss=5.282539[0m
( 19.731s) Epoch 452/1000: loss=5.282561[0m
( 19.739s) Epoch 453/1000: loss=5.283760[0m
( 19.739s) Epoch 454/1000: loss=5.282334[0m
( 19.817s) Epoch 455/1000: loss=5.282106[0m
( 19.740s) Epoch 456/1000: loss=5.283125[0m
( 19.772s) Epoch 457/1000: loss=5.281996[0m
( 19.886s) Epoch 458/1000: loss=5.283056[0m
( 19.724s) Epoch 459/1000: loss=5.283024[0m
( 19.723s) Epoch 460/1000: loss=5.283326[0m
( 19.751s) Epoch 461/1000: loss=5.282759[0m
( 19.749s) Epoch 462/1000: loss=5.281844[0m
( 19.791s) Epoch 463/1000: loss=5.282315[0m
( 19.733s) Epoch 464/1000: loss=5.282308[0m
( 19.726s) Epoch 465/1000: loss=[32m5.281336[0m
( 19.734s) Epoch 466/1000: loss=5.281820[0m
( 19.797s) Epoch 467/1000: loss=5.281575[0m
( 19.773s) Epoch 468/1000: loss=5.281975[0m
( 19.834s) Epoch 469/1000: loss=5.282837[0m
( 19.745s) Epoch 470/1000: loss=5.284213[0m
( 19.755s) Epoch 471/1000: loss=5.282122[0m
( 19.718s) Epoch 472/1000: loss=5.282437[0m
( 19.730s) Epoch 473/1000: loss=5.281632[0m
( 19.797s) Epoch 474/1000: loss=5.282018[0m
( 19.811s) Epoch 475/1000: loss=5.281797[0m
( 19.776s) Epoch 476/1000: loss=5.283011[0m
( 19.736s) Epoch 477/1000: loss=[32m5.280610[0m
( 19.753s) Epoch 478/1000: loss=5.282081[0m
( 19.739s) Epoch 479/1000: loss=5.281259[0m
( 19.783s) Epoch 480/1000: loss=5.282572[0m
( 19.792s) Epoch 481/1000: loss=5.281287[0m
( 19.725s) Epoch 482/1000: loss=5.282555[0m
( 19.723s) Epoch 483/1000: loss=5.281335[0m
( 19.721s) Epoch 484/1000: loss=5.281659[0m
( 19.697s) Epoch 485/1000: loss=5.281044[0m
( 19.771s) Epoch 486/1000: loss=5.280777[0m
( 19.757s) Epoch 487/1000: loss=5.282038[0m
( 19.697s) Epoch 488/1000: loss=5.282577[0m
( 19.718s) Epoch 489/1000: loss=5.282071[0m
( 19.724s) Epoch 490/1000: loss=5.282876[0m
( 19.750s) Epoch 491/1000: loss=5.281591[0m
( 19.817s) Epoch 492/1000: loss=5.281481[0m
( 19.836s) Epoch 493/1000: loss=5.282950[0m
( 19.700s) Epoch 494/1000: loss=5.281267[0m
( 19.759s) Epoch 495/1000: loss=5.281363[0m
( 19.715s) Epoch 496/1000: loss=5.280732[0m
( 19.745s) Epoch 497/1000: loss=5.281430[0m
( 19.821s) Epoch 498/1000: loss=5.281172[0m
( 19.764s) Epoch 499/1000: loss=5.281672[0m
( 19.797s) Epoch 500/1000: loss=5.281730[0m
( 19.756s) Epoch 501/1000: loss=5.281701[0m
( 19.748s) Epoch 502/1000: loss=[32m5.280172[0m
( 19.772s) Epoch 503/1000: loss=5.280624[0m
( 19.881s) Epoch 504/1000: loss=5.280679[0m
( 19.800s) Epoch 505/1000: loss=5.280339[0m
( 19.745s) Epoch 506/1000: loss=5.281659[0m
( 19.920s) Epoch 507/1000: loss=[32m5.280054[0m
( 19.779s) Epoch 508/1000: loss=[32m5.279368[0m
( 19.755s) Epoch 509/1000: loss=5.280997[0m
( 19.829s) Epoch 510/1000: loss=5.280330[0m
( 19.778s) Epoch 511/1000: loss=[32m5.279354[0m
( 19.756s) Epoch 512/1000: loss=5.280471[0m
( 19.745s) Epoch 513/1000: loss=5.280055[0m
( 19.739s) Epoch 514/1000: loss=5.281806[0m
( 19.720s) Epoch 515/1000: loss=5.281315[0m
( 19.792s) Epoch 516/1000: loss=5.281062[0m
( 19.816s) Epoch 517/1000: loss=[32m5.279258[0m
( 19.748s) Epoch 518/1000: loss=5.279318[0m
( 19.737s) Epoch 519/1000: loss=5.280805[0m
( 19.742s) Epoch 520/1000: loss=5.279323[0m
( 19.867s) Epoch 521/1000: loss=5.281377[0m
( 19.815s) Epoch 522/1000: loss=5.280583[0m
( 19.808s) Epoch 523/1000: loss=5.280411[0m
( 19.752s) Epoch 524/1000: loss=5.280425[0m
( 19.745s) Epoch 525/1000: loss=5.280181[0m
( 19.738s) Epoch 526/1000: loss=5.280785[0m
( 19.768s) Epoch 527/1000: loss=5.280148[0m
( 19.833s) Epoch 528/1000: loss=5.279394[0m
( 19.801s) Epoch 529/1000: loss=5.279835[0m
( 19.760s) Epoch 530/1000: loss=5.280724[0m
( 19.763s) Epoch 531/1000: loss=5.280536[0m
( 19.757s) Epoch 532/1000: loss=5.280369[0m
( 19.725s) Epoch 533/1000: loss=5.281588[0m
( 19.804s) Epoch 534/1000: loss=[32m5.278659[0m
( 19.797s) Epoch 535/1000: loss=5.279999[0m
( 19.744s) Epoch 536/1000: loss=5.279760[0m
( 19.738s) Epoch 537/1000: loss=5.280505[0m
( 19.731s) Epoch 538/1000: loss=[32m5.278047[0m
( 19.746s) Epoch 539/1000: loss=5.279161[0m
( 19.766s) Epoch 540/1000: loss=5.279100[0m
( 19.838s) Epoch 541/1000: loss=5.279772[0m
( 19.733s) Epoch 542/1000: loss=[32m5.277569[0m
( 19.772s) Epoch 543/1000: loss=5.278930[0m
( 19.783s) Epoch 544/1000: loss=5.278545[0m
( 19.734s) Epoch 545/1000: loss=[32m5.277349[0m
( 19.787s) Epoch 546/1000: loss=5.278131[0m
( 19.820s) Epoch 547/1000: loss=5.279762[0m
( 19.784s) Epoch 548/1000: loss=5.279397[0m
( 19.757s) Epoch 549/1000: loss=5.278341[0m
( 19.727s) Epoch 550/1000: loss=5.278423[0m
( 19.745s) Epoch 551/1000: loss=5.279188[0m
( 19.771s) Epoch 552/1000: loss=5.278816[0m
( 19.839s) Epoch 553/1000: loss=[32m5.276676[0m
( 19.721s) Epoch 554/1000: loss=5.279568[0m
( 19.769s) Epoch 555/1000: loss=5.277746[0m
( 19.717s) Epoch 556/1000: loss=5.277985[0m
( 19.728s) Epoch 557/1000: loss=5.279451[0m
( 19.799s) Epoch 558/1000: loss=5.278641[0m
( 19.775s) Epoch 559/1000: loss=5.278987[0m
( 19.750s) Epoch 560/1000: loss=5.279711[0m
( 19.744s) Epoch 561/1000: loss=5.279430[0m
( 19.726s) Epoch 562/1000: loss=5.278651[0m
( 19.724s) Epoch 563/1000: loss=5.279491[0m
( 19.770s) Epoch 564/1000: loss=5.276686[0m
( 19.784s) Epoch 565/1000: loss=5.278608[0m
( 19.774s) Epoch 566/1000: loss=5.277787[0m
( 19.755s) Epoch 567/1000: loss=5.279041[0m
( 19.756s) Epoch 568/1000: loss=5.278029[0m
( 19.729s) Epoch 569/1000: loss=5.278073[0m
( 19.780s) Epoch 570/1000: loss=5.278528[0m
( 19.795s) Epoch 571/1000: loss=5.277337[0m
( 19.765s) Epoch 572/1000: loss=5.277086[0m
( 19.786s) Epoch 573/1000: loss=5.277717[0m
( 19.734s) Epoch 574/1000: loss=5.277206[0m
( 19.746s) Epoch 575/1000: loss=5.278436[0m
( 19.750s) Epoch 576/1000: loss=[32m5.276077[0m
( 19.841s) Epoch 577/1000: loss=5.277827[0m
( 19.746s) Epoch 578/1000: loss=5.276582[0m
( 19.752s) Epoch 579/1000: loss=5.276756[0m
( 19.745s) Epoch 580/1000: loss=5.277764[0m
( 19.711s) Epoch 581/1000: loss=5.277505[0m
( 19.729s) Epoch 582/1000: loss=5.276772[0m
( 19.879s) Epoch 583/1000: loss=5.277894[0m
( 19.745s) Epoch 584/1000: loss=5.276764[0m
( 19.714s) Epoch 585/1000: loss=[32m5.275711[0m
( 19.712s) Epoch 586/1000: loss=5.277252[0m
( 19.696s) Epoch 587/1000: loss=5.278085[0m
( 19.758s) Epoch 588/1000: loss=5.277416[0m
( 19.866s) Epoch 589/1000: loss=5.276913[0m
( 19.741s) Epoch 590/1000: loss=5.277382[0m
( 19.713s) Epoch 591/1000: loss=5.278094[0m
( 19.756s) Epoch 592/1000: loss=5.276774[0m
( 19.698s) Epoch 593/1000: loss=5.278816[0m
( 19.772s) Epoch 594/1000: loss=5.276746[0m
( 19.897s) Epoch 595/1000: loss=5.277884[0m
( 19.717s) Epoch 596/1000: loss=[32m5.275565[0m
( 19.721s) Epoch 597/1000: loss=[32m5.275268[0m
( 19.737s) Epoch 598/1000: loss=5.276423[0m
( 19.719s) Epoch 599/1000: loss=5.278271[0m
( 19.790s) Epoch 600/1000: loss=5.276896[0m
( 19.798s) Epoch 601/1000: loss=5.276897[0m
( 19.781s) Epoch 602/1000: loss=5.277406[0m
( 19.760s) Epoch 603/1000: loss=5.275755[0m
( 19.739s) Epoch 604/1000: loss=5.275573[0m
( 19.740s) Epoch 605/1000: loss=5.277108[0m
( 19.767s) Epoch 606/1000: loss=5.279584[0m
( 19.812s) Epoch 607/1000: loss=5.280786[0m
( 19.767s) Epoch 608/1000: loss=5.278345[0m
( 19.734s) Epoch 609/1000: loss=5.277044[0m
( 19.748s) Epoch 610/1000: loss=5.276404[0m
( 19.738s) Epoch 611/1000: loss=5.276777[0m
( 19.743s) Epoch 612/1000: loss=5.276020[0m
( 19.793s) Epoch 613/1000: loss=5.276726[0m
( 19.785s) Epoch 614/1000: loss=5.277174[0m
( 19.712s) Epoch 615/1000: loss=5.276582[0m
( 19.730s) Epoch 616/1000: loss=[32m5.275212[0m
( 19.738s) Epoch 617/1000: loss=5.276002[0m
( 19.765s) Epoch 618/1000: loss=5.275303[0m
( 19.811s) Epoch 619/1000: loss=5.276532[0m
( 19.776s) Epoch 620/1000: loss=5.275918[0m
( 19.734s) Epoch 621/1000: loss=5.277210[0m
( 19.760s) Epoch 622/1000: loss=5.276150[0m
( 19.758s) Epoch 623/1000: loss=5.276291[0m
( 19.769s) Epoch 624/1000: loss=5.275258[0m
( 19.775s) Epoch 625/1000: loss=[32m5.275102[0m
( 19.799s) Epoch 626/1000: loss=[32m5.273295[0m
( 19.731s) Epoch 627/1000: loss=5.274926[0m
( 19.752s) Epoch 628/1000: loss=5.275361[0m
( 19.733s) Epoch 629/1000: loss=5.277807[0m
( 19.748s) Epoch 630/1000: loss=5.276264[0m
( 19.759s) Epoch 631/1000: loss=5.276802[0m
( 19.810s) Epoch 632/1000: loss=5.274621[0m
( 19.750s) Epoch 633/1000: loss=5.276809[0m
( 19.747s) Epoch 634/1000: loss=5.275330[0m
( 19.772s) Epoch 635/1000: loss=5.275245[0m
( 19.759s) Epoch 636/1000: loss=5.275791[0m
( 19.764s) Epoch 637/1000: loss=5.275121[0m
( 19.806s) Epoch 638/1000: loss=5.275929[0m
( 19.727s) Epoch 639/1000: loss=5.275985[0m
( 19.782s) Epoch 640/1000: loss=5.276485[0m
( 19.738s) Epoch 641/1000: loss=5.276492[0m
( 19.788s) Epoch 642/1000: loss=5.274981[0m
( 19.785s) Epoch 643/1000: loss=5.274450[0m
( 19.815s) Epoch 644/1000: loss=5.275345[0m
( 19.754s) Epoch 645/1000: loss=5.276169[0m
( 19.747s) Epoch 646/1000: loss=5.275144[0m
( 19.776s) Epoch 647/1000: loss=5.275276[0m
( 19.818s) Epoch 648/1000: loss=5.274870[0m
( 19.781s) Epoch 649/1000: loss=5.275322[0m
( 19.808s) Epoch 650/1000: loss=5.275356[0m
( 19.748s) Epoch 651/1000: loss=5.274054[0m
( 19.727s) Epoch 652/1000: loss=5.275276[0m
( 19.738s) Epoch 653/1000: loss=5.274481[0m
( 19.752s) Epoch 654/1000: loss=5.275131[0m
( 19.789s) Epoch 655/1000: loss=5.274184[0m
( 19.795s) Epoch 656/1000: loss=5.274183[0m
( 19.728s) Epoch 657/1000: loss=5.273841[0m
( 19.737s) Epoch 658/1000: loss=5.275397[0m
( 19.739s) Epoch 659/1000: loss=5.274486[0m
( 19.780s) Epoch 660/1000: loss=[32m5.273171[0m
( 19.781s) Epoch 661/1000: loss=5.275954[0m
( 19.768s) Epoch 662/1000: loss=5.275056[0m
( 19.704s) Epoch 663/1000: loss=5.273911[0m
( 19.762s) Epoch 664/1000: loss=5.274894[0m
( 19.734s) Epoch 665/1000: loss=5.273361[0m
( 19.774s) Epoch 666/1000: loss=5.275110[0m
( 19.789s) Epoch 667/1000: loss=5.274095[0m
( 19.749s) Epoch 668/1000: loss=5.274758[0m
( 19.733s) Epoch 669/1000: loss=5.273823[0m
( 19.712s) Epoch 670/1000: loss=5.273409[0m
( 19.758s) Epoch 671/1000: loss=5.274438[0m
( 19.760s) Epoch 672/1000: loss=5.274477[0m
( 19.723s) Epoch 673/1000: loss=5.274014[0m
( 19.770s) Epoch 674/1000: loss=5.274016[0m
( 19.796s) Epoch 675/1000: loss=5.273719[0m
( 19.744s) Epoch 676/1000: loss=5.274497[0m
( 19.732s) Epoch 677/1000: loss=5.273775[0m
( 19.723s) Epoch 678/1000: loss=5.274768[0m
( 19.793s) Epoch 679/1000: loss=[32m5.273006[0m
( 19.849s) Epoch 680/1000: loss=[32m5.271911[0m
( 19.745s) Epoch 681/1000: loss=5.274290[0m
( 19.752s) Epoch 682/1000: loss=5.274670[0m
( 19.740s) Epoch 683/1000: loss=5.273571[0m
( 19.750s) Epoch 684/1000: loss=5.274239[0m
( 19.801s) Epoch 685/1000: loss=5.273761[0m
( 19.798s) Epoch 686/1000: loss=5.272045[0m
( 19.731s) Epoch 687/1000: loss=5.272872[0m
( 19.739s) Epoch 688/1000: loss=5.272599[0m
( 19.731s) Epoch 689/1000: loss=5.273016[0m
( 19.756s) Epoch 690/1000: loss=5.272299[0m
( 19.745s) Epoch 691/1000: loss=5.273517[0m
( 19.799s) Epoch 692/1000: loss=5.272527[0m
( 19.713s) Epoch 693/1000: loss=[32m5.271902[0m
( 19.750s) Epoch 694/1000: loss=5.273013[0m
( 19.734s) Epoch 695/1000: loss=5.274608[0m
( 19.747s) Epoch 696/1000: loss=5.272853[0m
( 19.732s) Epoch 697/1000: loss=5.273927[0m
( 19.847s) Epoch 698/1000: loss=[32m5.271016[0m
( 19.741s) Epoch 699/1000: loss=5.273445[0m
( 19.703s) Epoch 700/1000: loss=5.273676[0m
( 19.753s) Epoch 701/1000: loss=5.271774[0m
( 19.770s) Epoch 702/1000: loss=5.271322[0m
( 19.760s) Epoch 703/1000: loss=5.273555[0m
( 19.802s) Epoch 704/1000: loss=5.273448[0m
( 19.733s) Epoch 705/1000: loss=5.272933[0m
( 19.748s) Epoch 706/1000: loss=5.273704[0m
( 19.718s) Epoch 707/1000: loss=5.272033[0m
( 19.721s) Epoch 708/1000: loss=5.271272[0m
( 19.752s) Epoch 709/1000: loss=5.273518[0m
( 19.822s) Epoch 710/1000: loss=5.273345[0m
( 19.822s) Epoch 711/1000: loss=5.271849[0m
( 19.719s) Epoch 712/1000: loss=5.271822[0m
( 19.776s) Epoch 713/1000: loss=[32m5.270869[0m
( 19.746s) Epoch 714/1000: loss=5.273240[0m
( 19.760s) Epoch 715/1000: loss=5.272633[0m
( 19.855s) Epoch 716/1000: loss=5.272919[0m
( 19.731s) Epoch 717/1000: loss=5.271034[0m
( 19.730s) Epoch 718/1000: loss=5.272743[0m
( 19.737s) Epoch 719/1000: loss=5.272270[0m
( 19.747s) Epoch 720/1000: loss=[32m5.270626[0m
( 19.753s) Epoch 721/1000: loss=5.271761[0m
( 19.800s) Epoch 722/1000: loss=5.271912[0m
( 19.830s) Epoch 723/1000: loss=5.270942[0m
( 19.716s) Epoch 724/1000: loss=5.271776[0m
( 19.732s) Epoch 725/1000: loss=5.272556[0m
( 19.775s) Epoch 726/1000: loss=5.270750[0m
( 19.817s) Epoch 727/1000: loss=5.271644[0m
( 19.800s) Epoch 728/1000: loss=5.271011[0m
( 19.789s) Epoch 729/1000: loss=5.271321[0m
( 19.750s) Epoch 730/1000: loss=5.271353[0m
( 19.728s) Epoch 731/1000: loss=5.271759[0m
( 19.737s) Epoch 732/1000: loss=[32m5.270543[0m
( 19.802s) Epoch 733/1000: loss=[32m5.270071[0m
( 19.822s) Epoch 734/1000: loss=[32m5.269618[0m
( 19.763s) Epoch 735/1000: loss=5.272279[0m
( 19.717s) Epoch 736/1000: loss=5.270851[0m
( 19.743s) Epoch 737/1000: loss=5.270491[0m
( 19.879s) Epoch 738/1000: loss=5.271985[0m
( 19.763s) Epoch 739/1000: loss=5.270693[0m
( 19.797s) Epoch 740/1000: loss=5.270282[0m
( 19.723s) Epoch 741/1000: loss=5.270906[0m
( 19.762s) Epoch 742/1000: loss=5.270472[0m
( 19.744s) Epoch 743/1000: loss=5.270388[0m
( 19.733s) Epoch 744/1000: loss=5.270130[0m
( 19.776s) Epoch 745/1000: loss=5.271440[0m
( 19.822s) Epoch 746/1000: loss=5.270517[0m
( 19.738s) Epoch 747/1000: loss=5.271175[0m
( 19.740s) Epoch 748/1000: loss=5.271952[0m
( 19.759s) Epoch 749/1000: loss=5.270509[0m
( 19.773s) Epoch 750/1000: loss=5.269987[0m
( 19.771s) Epoch 751/1000: loss=5.270189[0m
( 19.817s) Epoch 752/1000: loss=5.270661[0m
( 19.843s) Epoch 753/1000: loss=5.269831[0m
( 19.752s) Epoch 754/1000: loss=5.270655[0m
( 19.732s) Epoch 755/1000: loss=5.270424[0m
( 19.750s) Epoch 756/1000: loss=[32m5.269589[0m
( 19.780s) Epoch 757/1000: loss=[32m5.269463[0m
( 19.792s) Epoch 758/1000: loss=5.271527[0m
( 19.824s) Epoch 759/1000: loss=5.270507[0m
( 19.719s) Epoch 760/1000: loss=5.270744[0m
( 19.713s) Epoch 761/1000: loss=5.270529[0m
( 19.772s) Epoch 762/1000: loss=[32m5.269348[0m
( 19.763s) Epoch 763/1000: loss=5.270228[0m
( 19.790s) Epoch 764/1000: loss=5.270060[0m
( 19.757s) Epoch 765/1000: loss=[32m5.268879[0m
( 19.766s) Epoch 766/1000: loss=5.270122[0m
( 19.721s) Epoch 767/1000: loss=5.270088[0m
( 19.744s) Epoch 768/1000: loss=5.272152[0m
( 19.756s) Epoch 769/1000: loss=5.270472[0m
( 19.816s) Epoch 770/1000: loss=5.269224[0m
( 19.764s) Epoch 771/1000: loss=5.270247[0m
( 19.718s) Epoch 772/1000: loss=5.269095[0m
( 19.765s) Epoch 773/1000: loss=5.270097[0m
( 19.737s) Epoch 774/1000: loss=[32m5.268412[0m
( 19.767s) Epoch 775/1000: loss=5.269458[0m
( 19.813s) Epoch 776/1000: loss=5.269396[0m
( 19.858s) Epoch 777/1000: loss=5.269013[0m
( 19.751s) Epoch 778/1000: loss=[32m5.268158[0m
( 19.738s) Epoch 779/1000: loss=5.268273[0m
( 19.735s) Epoch 780/1000: loss=5.268427[0m
( 19.784s) Epoch 781/1000: loss=5.269842[0m
( 19.830s) Epoch 782/1000: loss=5.268882[0m
( 19.764s) Epoch 783/1000: loss=[32m5.268043[0m
( 19.776s) Epoch 784/1000: loss=5.269372[0m
( 19.736s) Epoch 785/1000: loss=5.269492[0m
( 19.731s) Epoch 786/1000: loss=5.269040[0m
( 19.778s) Epoch 787/1000: loss=5.270312[0m
( 19.804s) Epoch 788/1000: loss=5.269708[0m
( 19.765s) Epoch 789/1000: loss=5.269197[0m
( 19.720s) Epoch 790/1000: loss=5.268108[0m
( 19.733s) Epoch 791/1000: loss=5.269703[0m
( 19.823s) Epoch 792/1000: loss=5.268368[0m
( 19.981s) Epoch 793/1000: loss=[32m5.267204[0m
( 19.794s) Epoch 794/1000: loss=5.267863[0m
( 19.733s) Epoch 795/1000: loss=5.268165[0m
( 19.752s) Epoch 796/1000: loss=5.268483[0m
( 19.749s) Epoch 797/1000: loss=5.268535[0m
( 19.744s) Epoch 798/1000: loss=5.268603[0m
( 19.750s) Epoch 799/1000: loss=5.268454[0m
( 19.826s) Epoch 800/1000: loss=5.267281[0m
( 19.772s) Epoch 801/1000: loss=5.267907[0m
( 19.738s) Epoch 802/1000: loss=5.267419[0m
( 19.763s) Epoch 803/1000: loss=5.269532[0m
( 19.732s) Epoch 804/1000: loss=5.269011[0m
( 19.769s) Epoch 805/1000: loss=5.268262[0m
( 19.791s) Epoch 806/1000: loss=5.269117[0m
( 19.765s) Epoch 807/1000: loss=5.267789[0m
( 19.747s) Epoch 808/1000: loss=5.267993[0m
( 19.716s) Epoch 809/1000: loss=5.268958[0m
( 19.719s) Epoch 810/1000: loss=[32m5.267167[0m
( 19.797s) Epoch 811/1000: loss=5.268868[0m
( 19.775s) Epoch 812/1000: loss=5.267770[0m
( 19.753s) Epoch 813/1000: loss=5.268401[0m
( 19.745s) Epoch 814/1000: loss=5.267509[0m
( 19.734s) Epoch 815/1000: loss=5.268475[0m
( 19.752s) Epoch 816/1000: loss=5.268576[0m
( 19.824s) Epoch 817/1000: loss=5.268917[0m
( 19.880s) Epoch 818/1000: loss=5.268035[0m
( 19.813s) Epoch 819/1000: loss=5.268576[0m
( 19.775s) Epoch 820/1000: loss=5.267591[0m
( 19.753s) Epoch 821/1000: loss=5.267568[0m
( 19.726s) Epoch 822/1000: loss=5.268415[0m
( 19.791s) Epoch 823/1000: loss=[32m5.266759[0m
( 19.813s) Epoch 824/1000: loss=5.269371[0m
( 19.806s) Epoch 825/1000: loss=5.267196[0m
( 19.787s) Epoch 826/1000: loss=5.267149[0m
( 19.778s) Epoch 827/1000: loss=5.268225[0m
( 19.763s) Epoch 828/1000: loss=5.267676[0m
( 19.796s) Epoch 829/1000: loss=5.267454[0m
( 19.810s) Epoch 830/1000: loss=5.267712[0m
( 19.781s) Epoch 831/1000: loss=5.267629[0m
( 19.770s) Epoch 832/1000: loss=5.268090[0m
( 19.757s) Epoch 833/1000: loss=[32m5.266546[0m
( 19.739s) Epoch 834/1000: loss=5.267996[0m
( 19.808s) Epoch 835/1000: loss=5.268577[0m
( 19.797s) Epoch 836/1000: loss=5.267665[0m
( 19.783s) Epoch 837/1000: loss=5.266881[0m
( 19.763s) Epoch 838/1000: loss=5.268396[0m
( 19.776s) Epoch 839/1000: loss=5.268014[0m
( 19.741s) Epoch 840/1000: loss=5.267554[0m
( 19.822s) Epoch 841/1000: loss=[32m5.265809[0m
( 19.819s) Epoch 842/1000: loss=5.267225[0m
( 19.789s) Epoch 843/1000: loss=5.267486[0m
( 19.814s) Epoch 844/1000: loss=5.267550[0m
( 19.770s) Epoch 845/1000: loss=[32m5.265752[0m
( 19.772s) Epoch 846/1000: loss=5.266431[0m
( 19.806s) Epoch 847/1000: loss=5.267195[0m
( 19.818s) Epoch 848/1000: loss=5.267114[0m
( 19.793s) Epoch 849/1000: loss=[32m5.264734[0m
( 19.775s) Epoch 850/1000: loss=5.266246[0m
( 19.756s) Epoch 851/1000: loss=5.266720[0m
( 19.766s) Epoch 852/1000: loss=5.267853[0m
( 19.749s) Epoch 853/1000: loss=5.266375[0m
( 19.845s) Epoch 854/1000: loss=5.267723[0m
( 19.747s) Epoch 855/1000: loss=5.265351[0m
( 19.813s) Epoch 856/1000: loss=5.266430[0m
( 19.737s) Epoch 857/1000: loss=5.265878[0m
( 19.773s) Epoch 858/1000: loss=5.266779[0m
( 19.797s) Epoch 859/1000: loss=5.266252[0m
( 19.830s) Epoch 860/1000: loss=5.265467[0m
( 19.808s) Epoch 861/1000: loss=5.267137[0m
( 19.766s) Epoch 862/1000: loss=5.266969[0m
( 19.762s) Epoch 863/1000: loss=5.265323[0m
( 19.740s) Epoch 864/1000: loss=5.266404[0m
( 19.825s) Epoch 865/1000: loss=5.267070[0m
( 19.784s) Epoch 866/1000: loss=5.265822[0m
( 19.761s) Epoch 867/1000: loss=5.266830[0m
( 19.791s) Epoch 868/1000: loss=5.266624[0m
( 19.780s) Epoch 869/1000: loss=5.267091[0m
( 19.755s) Epoch 870/1000: loss=5.267006[0m
( 19.776s) Epoch 871/1000: loss=5.265793[0m
( 19.817s) Epoch 872/1000: loss=5.264930[0m
( 19.750s) Epoch 873/1000: loss=5.266235[0m
( 19.799s) Epoch 874/1000: loss=5.266584[0m
( 19.757s) Epoch 875/1000: loss=5.266124[0m
( 19.748s) Epoch 876/1000: loss=5.266412[0m
( 19.800s) Epoch 877/1000: loss=5.265495[0m
( 19.826s) Epoch 878/1000: loss=5.265329[0m
( 19.750s) Epoch 879/1000: loss=5.266071[0m
( 19.793s) Epoch 880/1000: loss=[32m5.264290[0m
( 19.772s) Epoch 881/1000: loss=5.265433[0m
( 19.784s) Epoch 882/1000: loss=5.266582[0m
( 19.748s) Epoch 883/1000: loss=5.264885[0m
( 19.852s) Epoch 884/1000: loss=5.265594[0m
( 19.716s) Epoch 885/1000: loss=5.265422[0m
( 19.779s) Epoch 886/1000: loss=5.265245[0m
( 19.770s) Epoch 887/1000: loss=5.267857[0m
( 19.742s) Epoch 888/1000: loss=5.266001[0m
( 19.752s) Epoch 889/1000: loss=5.267307[0m
( 19.815s) Epoch 890/1000: loss=5.265529[0m
( 19.809s) Epoch 891/1000: loss=5.265185[0m
( 19.782s) Epoch 892/1000: loss=5.265837[0m
( 19.782s) Epoch 893/1000: loss=5.265466[0m
( 19.740s) Epoch 894/1000: loss=5.265045[0m
( 19.763s) Epoch 895/1000: loss=[32m5.263567[0m
( 19.888s) Epoch 896/1000: loss=5.266943[0m
( 19.753s) Epoch 897/1000: loss=5.265895[0m
( 19.770s) Epoch 898/1000: loss=5.264867[0m
( 19.741s) Epoch 899/1000: loss=5.264732[0m
( 19.733s) Epoch 900/1000: loss=5.265250[0m
( 19.736s) Epoch 901/1000: loss=5.266637[0m
( 19.806s) Epoch 902/1000: loss=5.266065[0m
( 19.777s) Epoch 903/1000: loss=5.265676[0m
( 19.772s) Epoch 904/1000: loss=5.264877[0m
( 19.747s) Epoch 905/1000: loss=5.265539[0m
( 19.733s) Epoch 906/1000: loss=5.264870[0m
( 19.733s) Epoch 907/1000: loss=5.264128[0m
( 19.781s) Epoch 908/1000: loss=5.265141[0m
( 19.784s) Epoch 909/1000: loss=[32m5.263563[0m
( 19.747s) Epoch 910/1000: loss=5.264705[0m
( 19.732s) Epoch 911/1000: loss=5.264289[0m
( 19.752s) Epoch 912/1000: loss=5.264361[0m
( 19.768s) Epoch 913/1000: loss=5.264628[0m
( 19.781s) Epoch 914/1000: loss=5.264908[0m
( 19.800s) Epoch 915/1000: loss=5.264136[0m
( 19.760s) Epoch 916/1000: loss=5.264133[0m
( 19.774s) Epoch 917/1000: loss=5.264783[0m
( 19.777s) Epoch 918/1000: loss=5.265046[0m
( 19.779s) Epoch 919/1000: loss=5.264415[0m
( 19.797s) Epoch 920/1000: loss=[32m5.263277[0m
( 19.850s) Epoch 921/1000: loss=5.264930[0m
( 19.748s) Epoch 922/1000: loss=5.265044[0m
( 19.795s) Epoch 923/1000: loss=5.264004[0m
( 19.754s) Epoch 924/1000: loss=5.264666[0m
( 19.738s) Epoch 925/1000: loss=5.264135[0m
( 19.790s) Epoch 926/1000: loss=5.265264[0m
( 19.780s) Epoch 927/1000: loss=5.263771[0m
( 19.750s) Epoch 928/1000: loss=5.265001[0m
( 19.777s) Epoch 929/1000: loss=5.264117[0m
( 19.732s) Epoch 930/1000: loss=5.263938[0m
( 19.748s) Epoch 931/1000: loss=5.264807[0m
( 19.765s) Epoch 932/1000: loss=5.264458[0m
( 19.785s) Epoch 933/1000: loss=5.263823[0m
( 19.752s) Epoch 934/1000: loss=5.263425[0m
( 19.785s) Epoch 935/1000: loss=5.263923[0m
( 19.777s) Epoch 936/1000: loss=5.263796[0m
( 19.752s) Epoch 937/1000: loss=[32m5.262835[0m
( 19.791s) Epoch 938/1000: loss=5.264864[0m
( 19.832s) Epoch 939/1000: loss=[32m5.262609[0m
( 19.767s) Epoch 940/1000: loss=5.264213[0m
( 19.775s) Epoch 941/1000: loss=5.264055[0m
( 19.805s) Epoch 942/1000: loss=5.264891[0m
( 19.741s) Epoch 943/1000: loss=5.264634[0m
( 19.783s) Epoch 944/1000: loss=5.264765[0m
( 19.851s) Epoch 945/1000: loss=5.262884[0m
( 19.734s) Epoch 946/1000: loss=5.265391[0m
( 19.792s) Epoch 947/1000: loss=5.265234[0m
( 19.751s) Epoch 948/1000: loss=5.263588[0m
( 19.741s) Epoch 949/1000: loss=5.263447[0m
( 19.773s) Epoch 950/1000: loss=5.265685[0m
( 19.829s) Epoch 951/1000: loss=5.265364[0m
( 19.769s) Epoch 952/1000: loss=5.264408[0m
( 19.775s) Epoch 953/1000: loss=5.264070[0m
( 19.905s) Epoch 954/1000: loss=5.264505[0m
( 19.742s) Epoch 955/1000: loss=5.264229[0m
( 19.761s) Epoch 956/1000: loss=5.265090[0m
( 19.829s) Epoch 957/1000: loss=5.264182[0m
( 19.799s) Epoch 958/1000: loss=5.263060[0m
( 19.726s) Epoch 959/1000: loss=5.263215[0m
( 19.801s) Epoch 960/1000: loss=5.264729[0m
( 19.732s) Epoch 961/1000: loss=5.264240[0m
( 19.761s) Epoch 962/1000: loss=5.264494[0m
( 19.812s) Epoch 963/1000: loss=5.263204[0m
( 19.766s) Epoch 964/1000: loss=5.263163[0m
( 19.766s) Epoch 965/1000: loss=5.264362[0m
( 19.748s) Epoch 966/1000: loss=5.264657[0m
( 19.747s) Epoch 967/1000: loss=5.265126[0m
( 19.714s) Epoch 968/1000: loss=5.263788[0m
( 19.788s) Epoch 969/1000: loss=5.263712[0m
( 19.789s) Epoch 970/1000: loss=5.263155[0m
( 19.709s) Epoch 971/1000: loss=5.264622[0m
( 19.775s) Epoch 972/1000: loss=5.265168[0m
( 19.772s) Epoch 973/1000: loss=5.265178[0m
( 19.747s) Epoch 974/1000: loss=5.263796[0m
( 19.782s) Epoch 975/1000: loss=5.263456[0m
( 19.738s) Epoch 976/1000: loss=5.263695[0m
( 19.694s) Epoch 977/1000: loss=5.262989[0m
( 19.752s) Epoch 978/1000: loss=5.264063[0m
( 19.699s) Epoch 979/1000: loss=5.264049[0m
( 19.702s) Epoch 980/1000: loss=5.264045[0m
( 19.789s) Epoch 981/1000: loss=5.264187[0m
( 19.821s) Epoch 982/1000: loss=5.263726[0m
( 19.714s) Epoch 983/1000: loss=5.263154[0m
( 19.844s) Epoch 984/1000: loss=[32m5.262501[0m
( 19.737s) Epoch 985/1000: loss=5.264391[0m
( 19.757s) Epoch 986/1000: loss=5.263767[0m
( 19.851s) Epoch 987/1000: loss=5.264700[0m
( 19.809s) Epoch 988/1000: loss=5.263374[0m
( 19.764s) Epoch 989/1000: loss=5.263809[0m
( 19.787s) Epoch 990/1000: loss=5.263679[0m
( 19.764s) Epoch 991/1000: loss=5.264262[0m
( 19.773s) Epoch 992/1000: loss=5.263532[0m
( 19.791s) Epoch 993/1000: loss=5.263522[0m
( 19.829s) Epoch 994/1000: loss=5.264715[0m
( 19.731s) Epoch 995/1000: loss=5.263220[0m
( 19.800s) Epoch 996/1000: loss=5.264331[0m
( 19.793s) Epoch 997/1000: loss=5.264022[0m
( 19.791s) Epoch 998/1000: loss=5.263642[0m
( 19.785s) Epoch 999/1000: loss=5.265411[0m
( 19.821s) Epoch 1000/1000: loss=5.264503[0m
Training for 1000 epochs took 21244.983s total and 21.245s average
Calculating mean of transformed dataset using the best model state ... 7.905s
Saving best model and options to /home/aditya.bharti/FewShot/cifar100fs_1000epoch/CropGauss.pth
