Starting Training on:
Train:  64 classes
Valid:  16 classes
Test:   20 classes
------------------
(  10.390s) Epoch 001/ 25: loss=[32m7.504703[0m
(  10.176s) Epoch 002/ 25: loss=[32m7.491394[0m
(  10.118s) Epoch 003/ 25: loss=[32m7.475786[0m
(  10.250s) Epoch 004/ 25: loss=[32m7.454898[0m
(  10.243s) Epoch 005/ 25: loss=[32m7.431976[0m (   2.415s) val_acc=[32m-0.001463812[0m (   2.603s) test_acc=[32m0.000566052[0m
(   8.895s) Epoch 006/ 25: loss=[32m7.410295[0m
(  10.247s) Epoch 007/ 25: loss=[32m7.386496[0m
(  10.248s) Epoch 008/ 25: loss=[32m7.365924[0m
(  10.232s) Epoch 009/ 25: loss=[32m7.349960[0m
(  10.242s) Epoch 010/ 25: loss=[32m7.334341[0m (   2.760s) val_acc=[32m-0.000885899[0m (   2.582s) test_acc=[32m0.946771176[0m
(   8.948s) Epoch 011/ 25: loss=[32m7.322415[0m
(  10.255s) Epoch 012/ 25: loss=[32m7.317058[0m
(  10.257s) Epoch 013/ 25: loss=[32m7.309804[0m
(  10.300s) Epoch 014/ 25: loss=[32m7.301521[0m
(  10.266s) Epoch 015/ 25: loss=[32m7.296410[0m (   2.625s) val_acc=[32m0.124869070[0m (   2.454s) test_acc=0.933667990
(   8.938s) Epoch 016/ 25: loss=[32m7.290317[0m
(  10.242s) Epoch 017/ 25: loss=[32m7.289122[0m
(  10.248s) Epoch 018/ 25: loss=7.289320
(  10.306s) Epoch 019/ 25: loss=[32m7.279845[0m
(  10.248s) Epoch 020/ 25: loss=[32m7.277795[0m (   2.362s) val_acc=[32m0.312454354[0m (   2.659s) test_acc=[32m0.961690264[0m
(   8.998s) Epoch 021/ 25: loss=7.281936
(  10.254s) Epoch 022/ 25: loss=7.279744
(  10.321s) Epoch 023/ 25: loss=7.280924
(  10.240s) Epoch 024/ 25: loss=7.282857
(  10.334s) Epoch 025/ 25: loss=7.281588 (   1.309s) val_acc=0.160909079 (   1.457s) test_acc=0.701667685
Training for 25 epochs took 251.197s total and 10.048s average
Saving best model and options to aug_toggle5/exp2.pth
