Starting Training on:
Train:  64 classes
Valid:  16 classes
Test:   20 classes
------------------
(  10.411s) Epoch 001/ 25: loss=[32m7.313760[0m
(  10.207s) Epoch 002/ 25: loss=[32m7.287280[0m
(  10.245s) Epoch 003/ 25: loss=[32m7.253471[0m
(  10.296s) Epoch 004/ 25: loss=[32m7.238493[0m
(  10.287s) Epoch 005/ 25: loss=[32m7.195232[0m (   2.427s) val_acc=[32m-0.000644597[0m (   2.710s) test_acc=[32m0.003305938[0m
(   8.968s) Epoch 006/ 25: loss=[32m7.166697[0m
(  10.265s) Epoch 007/ 25: loss=[32m7.140113[0m
(  10.266s) Epoch 008/ 25: loss=[32m7.111837[0m
(  10.354s) Epoch 009/ 25: loss=[32m7.096798[0m
(  10.403s) Epoch 010/ 25: loss=[32m7.076789[0m (   2.677s) val_acc=-0.003417046 (   2.582s) test_acc=0.001370113
(   8.968s) Epoch 011/ 25: loss=[32m7.060351[0m
(  10.239s) Epoch 012/ 25: loss=[32m7.047458[0m
(  10.247s) Epoch 013/ 25: loss=[32m7.041650[0m
(  10.331s) Epoch 014/ 25: loss=[32m7.030819[0m
(  10.324s) Epoch 015/ 25: loss=[32m7.019064[0m (   2.444s) val_acc=-0.004124084 (   2.601s) test_acc=-0.000848821
(   9.072s) Epoch 016/ 25: loss=7.025046
(  10.269s) Epoch 017/ 25: loss=[32m7.017099[0m
(  10.409s) Epoch 018/ 25: loss=[32m7.013151[0m
(  10.341s) Epoch 019/ 25: loss=7.018859
(  10.348s) Epoch 020/ 25: loss=[32m7.007344[0m (   2.595s) val_acc=-0.001692757 (   2.610s) test_acc=[32m0.018632793[0m
(   9.018s) Epoch 021/ 25: loss=[32m7.004114[0m
(  10.313s) Epoch 022/ 25: loss=[32m7.002497[0m
(  10.227s) Epoch 023/ 25: loss=[32m7.000808[0m
(  10.260s) Epoch 024/ 25: loss=7.012030
(  10.388s) Epoch 025/ 25: loss=7.000988 (   1.344s) val_acc=-0.002933140 (   1.420s) test_acc=[32m0.025968008[0m
Training for 25 epochs took 252.455s total and 10.098s average
Saving best model and options to aug_toggle5/exp6.pth
