Namespace(T_max=500, backbone='resnet18', base_learning_rate=0.1, base_optimizer='SGD', batch_size=256, dampening=0.0, data_percent=20, dataset='cifar100fs', dataset_root=None, distributed=True, episode_strat='SimpleShotEpisodes', eval_freq=2000, fine_tune_epochs=20, fine_tune_save_path='ft0.pth', first_augment='ColorDistort', head='SimpleMLP', jitter_strength=1.0, k_shot=5, load_from=None, local_rank=0, log_file=<_io.TextIOWrapper name='/home/aditya.bharti/FewShot/cifar100fs_resnet18/ColorGauss.out' mode='a' encoding='UTF-8'>, loss_function='NTXent', model='SimCLRModel', momentum=0.9, n_way=5, nesterov=True, ntxent_temp=1.0, num_epochs=500, num_query=15, num_test_tasks=10000, num_workers=4, pin_memory=True, pretrained=False, progress=False, projection_dim=128, save_model=True, save_path='/home/aditya.bharti/FewShot/cifar100fs_resnet18/ColorGauss.pth', scheduler='CosineAnnealingLR', second_augment='GaussBlur', shuffle=True, simple_opt=True, weight_decay=0.0001)
Starting Training on:
Train:  64 classes
Valid:  16 classes
Test:   20 classes
------------------
( 15.503s) Epoch 001/500: loss=[32m5.563801[0m
( 15.386s) Epoch 002/500: loss=[32m5.351596[0m
( 15.377s) Epoch 003/500: loss=[32m5.321552[0m
( 15.448s) Epoch 004/500: loss=[32m5.311900[0m
( 15.398s) Epoch 005/500: loss=[32m5.305311[0m
( 15.408s) Epoch 006/500: loss=[32m5.300260[0m
( 15.476s) Epoch 007/500: loss=[32m5.297574[0m
( 15.437s) Epoch 008/500: loss=[32m5.294148[0m
( 15.435s) Epoch 009/500: loss=[32m5.288788[0m
( 15.421s) Epoch 010/500: loss=[32m5.288172[0m
( 15.393s) Epoch 011/500: loss=[32m5.287387[0m
( 15.430s) Epoch 012/500: loss=[32m5.284094[0m
( 15.447s) Epoch 013/500: loss=[32m5.284018[0m
( 15.444s) Epoch 014/500: loss=[32m5.281567[0m
( 15.479s) Epoch 015/500: loss=[32m5.280395[0m
( 15.394s) Epoch 016/500: loss=[32m5.279427[0m
( 15.340s) Epoch 017/500: loss=[32m5.277556[0m
( 15.402s) Epoch 018/500: loss=[32m5.277169[0m
( 15.415s) Epoch 019/500: loss=[32m5.275420[0m
( 15.385s) Epoch 020/500: loss=[32m5.274720[0m
( 15.416s) Epoch 021/500: loss=5.275265[0m
( 15.481s) Epoch 022/500: loss=[32m5.273816[0m
( 15.413s) Epoch 023/500: loss=[32m5.272460[0m
( 15.381s) Epoch 024/500: loss=[32m5.272136[0m
( 15.371s) Epoch 025/500: loss=[32m5.270966[0m
( 15.403s) Epoch 026/500: loss=5.271967[0m
( 15.414s) Epoch 027/500: loss=[32m5.269598[0m
( 15.423s) Epoch 028/500: loss=5.270585[0m
( 15.410s) Epoch 029/500: loss=[32m5.268269[0m
( 15.483s) Epoch 030/500: loss=5.269508[0m
( 15.424s) Epoch 031/500: loss=[32m5.267983[0m
( 15.419s) Epoch 032/500: loss=5.269274[0m
( 15.444s) Epoch 033/500: loss=[32m5.267174[0m
( 15.404s) Epoch 034/500: loss=5.267340[0m
( 15.367s) Epoch 035/500: loss=[32m5.266797[0m
( 15.409s) Epoch 036/500: loss=[32m5.266517[0m
( 15.491s) Epoch 037/500: loss=5.266793[0m
( 15.401s) Epoch 038/500: loss=5.266535[0m
( 15.427s) Epoch 039/500: loss=[32m5.266389[0m
( 15.383s) Epoch 040/500: loss=[32m5.265491[0m
( 15.371s) Epoch 041/500: loss=[32m5.264443[0m
( 15.375s) Epoch 042/500: loss=[32m5.263571[0m
( 15.376s) Epoch 043/500: loss=5.265086[0m
( 15.391s) Epoch 044/500: loss=[32m5.262852[0m
( 15.511s) Epoch 045/500: loss=[32m5.262667[0m
( 15.431s) Epoch 046/500: loss=5.262745[0m
( 15.409s) Epoch 047/500: loss=[32m5.262151[0m
( 15.399s) Epoch 048/500: loss=5.262298[0m
( 15.434s) Epoch 049/500: loss=[32m5.261900[0m
( 15.385s) Epoch 050/500: loss=[32m5.259641[0m
( 15.412s) Epoch 051/500: loss=5.261147[0m
( 15.471s) Epoch 052/500: loss=5.260849[0m
( 15.523s) Epoch 053/500: loss=5.261350[0m
( 15.416s) Epoch 054/500: loss=5.260441[0m
( 15.394s) Epoch 055/500: loss=5.260662[0m
( 15.405s) Epoch 056/500: loss=5.259771[0m
( 15.412s) Epoch 057/500: loss=[32m5.259436[0m
( 15.392s) Epoch 058/500: loss=[32m5.258782[0m
( 15.411s) Epoch 059/500: loss=5.259544[0m
( 15.494s) Epoch 060/500: loss=[32m5.258606[0m
( 15.449s) Epoch 061/500: loss=[32m5.258110[0m
( 15.383s) Epoch 062/500: loss=5.258301[0m
( 15.435s) Epoch 063/500: loss=5.258484[0m
( 15.428s) Epoch 064/500: loss=5.258872[0m
( 15.436s) Epoch 065/500: loss=5.258519[0m
( 15.405s) Epoch 066/500: loss=5.259128[0m
( 15.408s) Epoch 067/500: loss=[32m5.257251[0m
( 15.496s) Epoch 068/500: loss=5.257738[0m
( 15.455s) Epoch 069/500: loss=5.257517[0m
( 15.386s) Epoch 070/500: loss=5.257527[0m
( 15.397s) Epoch 071/500: loss=[32m5.257044[0m
( 15.423s) Epoch 072/500: loss=[32m5.256004[0m
( 15.403s) Epoch 073/500: loss=5.256637[0m
( 15.402s) Epoch 074/500: loss=5.256508[0m
( 15.484s) Epoch 075/500: loss=5.257534[0m
( 15.456s) Epoch 076/500: loss=5.256978[0m
( 15.369s) Epoch 077/500: loss=5.256352[0m
( 15.402s) Epoch 078/500: loss=5.256521[0m
( 15.406s) Epoch 079/500: loss=[32m5.255612[0m
( 15.368s) Epoch 080/500: loss=5.256025[0m
( 15.417s) Epoch 081/500: loss=5.256445[0m
( 15.415s) Epoch 082/500: loss=5.256010[0m
( 15.459s) Epoch 083/500: loss=5.256772[0m
( 15.471s) Epoch 084/500: loss=[32m5.255034[0m
( 15.383s) Epoch 085/500: loss=5.255206[0m
( 15.425s) Epoch 086/500: loss=5.255303[0m
( 15.424s) Epoch 087/500: loss=[32m5.254647[0m
( 15.453s) Epoch 088/500: loss=5.255168[0m
( 15.438s) Epoch 089/500: loss=5.255194[0m
( 15.410s) Epoch 090/500: loss=5.254741[0m
( 15.523s) Epoch 091/500: loss=[32m5.254375[0m
( 15.477s) Epoch 092/500: loss=[32m5.253991[0m
( 15.406s) Epoch 093/500: loss=5.254909[0m
( 15.438s) Epoch 094/500: loss=[32m5.253428[0m
( 15.393s) Epoch 095/500: loss=[32m5.253135[0m
( 15.426s) Epoch 096/500: loss=5.253297[0m
( 15.375s) Epoch 097/500: loss=5.253607[0m
( 15.418s) Epoch 098/500: loss=5.253643[0m
( 15.462s) Epoch 099/500: loss=5.253993[0m
( 15.413s) Epoch 100/500: loss=[32m5.253135[0m
( 15.380s) Epoch 101/500: loss=[32m5.251878[0m
( 15.385s) Epoch 102/500: loss=5.252051[0m
( 15.399s) Epoch 103/500: loss=5.253018[0m
( 15.434s) Epoch 104/500: loss=5.252740[0m
( 15.426s) Epoch 105/500: loss=5.253546[0m
( 15.518s) Epoch 106/500: loss=5.253455[0m
( 15.442s) Epoch 107/500: loss=5.252602[0m
( 15.431s) Epoch 108/500: loss=[32m5.251752[0m
( 15.411s) Epoch 109/500: loss=5.252752[0m
( 15.417s) Epoch 110/500: loss=5.252213[0m
( 15.399s) Epoch 111/500: loss=5.252818[0m
( 15.435s) Epoch 112/500: loss=5.252028[0m
( 15.398s) Epoch 113/500: loss=5.252172[0m
( 15.500s) Epoch 114/500: loss=5.251841[0m
( 15.477s) Epoch 115/500: loss=5.252542[0m
( 15.402s) Epoch 116/500: loss=[32m5.251490[0m
( 15.408s) Epoch 117/500: loss=5.251936[0m
( 15.395s) Epoch 118/500: loss=[32m5.250876[0m
( 15.435s) Epoch 119/500: loss=5.252163[0m
( 15.396s) Epoch 120/500: loss=5.250957[0m
( 15.396s) Epoch 121/500: loss=5.252026[0m
( 15.543s) Epoch 122/500: loss=5.251260[0m
( 15.405s) Epoch 123/500: loss=[32m5.250496[0m
( 15.448s) Epoch 124/500: loss=5.250825[0m
( 15.427s) Epoch 125/500: loss=5.251090[0m
( 15.398s) Epoch 126/500: loss=5.250871[0m
( 15.411s) Epoch 127/500: loss=5.250828[0m
( 15.395s) Epoch 128/500: loss=5.251013[0m
( 15.440s) Epoch 129/500: loss=5.250776[0m
( 15.470s) Epoch 130/500: loss=5.250763[0m
( 15.426s) Epoch 131/500: loss=[32m5.249372[0m
( 15.411s) Epoch 132/500: loss=5.250317[0m
( 15.351s) Epoch 133/500: loss=5.249752[0m
( 15.364s) Epoch 134/500: loss=5.249542[0m
( 15.414s) Epoch 135/500: loss=5.250052[0m
( 15.404s) Epoch 136/500: loss=5.249570[0m
( 15.483s) Epoch 137/500: loss=5.250197[0m
( 15.475s) Epoch 138/500: loss=[32m5.248870[0m
( 15.397s) Epoch 139/500: loss=5.250133[0m
( 15.403s) Epoch 140/500: loss=5.250063[0m
( 15.423s) Epoch 141/500: loss=5.248982[0m
( 15.441s) Epoch 142/500: loss=5.249026[0m
( 15.397s) Epoch 143/500: loss=5.249909[0m
( 15.370s) Epoch 144/500: loss=5.249164[0m
( 15.470s) Epoch 145/500: loss=5.249671[0m
( 15.472s) Epoch 146/500: loss=[32m5.248675[0m
( 15.399s) Epoch 147/500: loss=[32m5.248383[0m
( 15.414s) Epoch 148/500: loss=5.248912[0m
( 15.436s) Epoch 149/500: loss=5.249028[0m
( 15.369s) Epoch 150/500: loss=5.249258[0m
( 15.403s) Epoch 151/500: loss=5.249200[0m
( 15.573s) Epoch 152/500: loss=[32m5.247888[0m
( 15.438s) Epoch 153/500: loss=5.248989[0m
( 15.457s) Epoch 154/500: loss=5.248913[0m
( 15.413s) Epoch 155/500: loss=5.248282[0m
( 15.427s) Epoch 156/500: loss=[32m5.247779[0m
( 15.414s) Epoch 157/500: loss=5.249014[0m
( 15.392s) Epoch 158/500: loss=5.248028[0m
( 15.393s) Epoch 159/500: loss=5.248676[0m
( 15.490s) Epoch 160/500: loss=5.248596[0m
( 15.480s) Epoch 161/500: loss=5.248864[0m
( 15.430s) Epoch 162/500: loss=[32m5.247550[0m
( 15.408s) Epoch 163/500: loss=5.247568[0m
( 15.495s) Epoch 164/500: loss=5.248262[0m
( 15.400s) Epoch 165/500: loss=5.247791[0m
( 15.412s) Epoch 166/500: loss=5.249416[0m
( 15.412s) Epoch 167/500: loss=5.247733[0m
( 15.469s) Epoch 168/500: loss=[32m5.246613[0m
( 15.494s) Epoch 169/500: loss=5.247706[0m
( 15.446s) Epoch 170/500: loss=5.247333[0m
( 15.411s) Epoch 171/500: loss=5.247685[0m
( 15.416s) Epoch 172/500: loss=5.246633[0m
( 15.383s) Epoch 173/500: loss=5.247091[0m
( 15.365s) Epoch 174/500: loss=5.247336[0m
( 15.377s) Epoch 175/500: loss=5.246748[0m
( 15.492s) Epoch 176/500: loss=5.247642[0m
( 15.488s) Epoch 177/500: loss=[32m5.246576[0m
( 15.389s) Epoch 178/500: loss=5.246697[0m
( 15.411s) Epoch 179/500: loss=5.247918[0m
( 15.487s) Epoch 180/500: loss=5.246771[0m
( 15.380s) Epoch 181/500: loss=5.247222[0m
( 15.398s) Epoch 182/500: loss=[32m5.246412[0m
( 15.421s) Epoch 183/500: loss=[32m5.246049[0m
( 15.420s) Epoch 184/500: loss=5.246449[0m
( 15.491s) Epoch 185/500: loss=5.246811[0m
( 15.405s) Epoch 186/500: loss=5.246509[0m
( 15.459s) Epoch 187/500: loss=5.246746[0m
( 15.391s) Epoch 188/500: loss=5.246529[0m
( 15.394s) Epoch 189/500: loss=5.246715[0m
( 15.403s) Epoch 190/500: loss=5.246451[0m
( 15.432s) Epoch 191/500: loss=5.246298[0m
( 15.451s) Epoch 192/500: loss=[32m5.245660[0m
( 15.472s) Epoch 193/500: loss=5.246231[0m
( 15.354s) Epoch 194/500: loss=[32m5.245405[0m
( 15.386s) Epoch 195/500: loss=5.245797[0m
( 15.352s) Epoch 196/500: loss=5.245566[0m
( 15.391s) Epoch 197/500: loss=5.245711[0m
( 15.416s) Epoch 198/500: loss=[32m5.244812[0m
( 15.426s) Epoch 199/500: loss=5.246578[0m
( 15.530s) Epoch 200/500: loss=5.246526[0m
( 15.439s) Epoch 201/500: loss=5.245328[0m
( 15.404s) Epoch 202/500: loss=5.245140[0m
( 15.403s) Epoch 203/500: loss=[32m5.244708[0m
( 15.377s) Epoch 204/500: loss=5.245578[0m
( 15.432s) Epoch 205/500: loss=5.245775[0m
( 15.377s) Epoch 206/500: loss=5.245829[0m
( 15.441s) Epoch 207/500: loss=5.246254[0m
( 15.517s) Epoch 208/500: loss=5.245654[0m
( 15.456s) Epoch 209/500: loss=5.244760[0m
( 15.408s) Epoch 210/500: loss=5.244843[0m
( 15.403s) Epoch 211/500: loss=5.246655[0m
( 15.359s) Epoch 212/500: loss=5.245023[0m
( 15.413s) Epoch 213/500: loss=[32m5.244607[0m
( 15.365s) Epoch 214/500: loss=5.244789[0m
( 15.458s) Epoch 215/500: loss=5.246185[0m
( 15.459s) Epoch 216/500: loss=[32m5.244332[0m
( 15.366s) Epoch 217/500: loss=5.244738[0m
( 15.394s) Epoch 218/500: loss=5.244575[0m
( 15.389s) Epoch 219/500: loss=5.245181[0m
( 15.389s) Epoch 220/500: loss=[32m5.243871[0m
( 15.357s) Epoch 221/500: loss=5.244313[0m
( 15.431s) Epoch 222/500: loss=5.244972[0m
( 15.428s) Epoch 223/500: loss=[32m5.243488[0m
( 15.455s) Epoch 224/500: loss=5.245416[0m
( 15.377s) Epoch 225/500: loss=5.244788[0m
( 15.403s) Epoch 226/500: loss=5.243978[0m
( 15.460s) Epoch 227/500: loss=5.244681[0m
( 15.412s) Epoch 228/500: loss=5.244246[0m
( 15.400s) Epoch 229/500: loss=5.244810[0m
( 15.414s) Epoch 230/500: loss=5.244784[0m
( 15.484s) Epoch 231/500: loss=[32m5.243420[0m
( 15.424s) Epoch 232/500: loss=[32m5.243379[0m
( 15.371s) Epoch 233/500: loss=5.244255[0m
( 15.468s) Epoch 234/500: loss=5.243555[0m
( 15.360s) Epoch 235/500: loss=[32m5.243318[0m
( 15.358s) Epoch 236/500: loss=5.243987[0m
( 15.382s) Epoch 237/500: loss=[32m5.243285[0m
( 15.457s) Epoch 238/500: loss=5.243795[0m
( 15.429s) Epoch 239/500: loss=5.243578[0m
( 15.400s) Epoch 240/500: loss=5.245082[0m
( 15.363s) Epoch 241/500: loss=5.243565[0m
( 15.400s) Epoch 242/500: loss=5.243908[0m
( 15.359s) Epoch 243/500: loss=5.243412[0m
( 15.412s) Epoch 244/500: loss=5.244463[0m
( 15.396s) Epoch 245/500: loss=5.244407[0m
( 15.471s) Epoch 246/500: loss=[32m5.243205[0m
( 15.481s) Epoch 247/500: loss=5.243399[0m
( 15.407s) Epoch 248/500: loss=5.243699[0m
( 15.411s) Epoch 249/500: loss=[32m5.243104[0m
( 15.415s) Epoch 250/500: loss=[32m5.242726[0m
( 15.424s) Epoch 251/500: loss=[32m5.242604[0m
( 15.394s) Epoch 252/500: loss=[32m5.242507[0m
( 15.451s) Epoch 253/500: loss=5.243128[0m
( 15.375s) Epoch 254/500: loss=5.243725[0m
( 15.459s) Epoch 255/500: loss=5.244154[0m
( 15.383s) Epoch 256/500: loss=5.243583[0m
( 15.408s) Epoch 257/500: loss=5.243378[0m
( 15.379s) Epoch 258/500: loss=[32m5.241746[0m
( 15.390s) Epoch 259/500: loss=5.242180[0m
( 15.393s) Epoch 260/500: loss=5.241905[0m
( 15.498s) Epoch 261/500: loss=5.243138[0m
( 15.399s) Epoch 262/500: loss=5.242676[0m
( 15.488s) Epoch 263/500: loss=5.243042[0m
( 15.412s) Epoch 264/500: loss=5.242255[0m
( 15.437s) Epoch 265/500: loss=5.242500[0m
( 15.451s) Epoch 266/500: loss=5.242513[0m
( 15.415s) Epoch 267/500: loss=5.242297[0m
( 15.419s) Epoch 268/500: loss=5.242750[0m
( 15.480s) Epoch 269/500: loss=5.243206[0m
( 15.466s) Epoch 270/500: loss=5.242540[0m
( 15.413s) Epoch 271/500: loss=[32m5.241482[0m
( 15.373s) Epoch 272/500: loss=5.241591[0m
( 15.409s) Epoch 273/500: loss=5.241960[0m
( 15.370s) Epoch 274/500: loss=[32m5.240825[0m
( 15.393s) Epoch 275/500: loss=5.241631[0m
( 15.410s) Epoch 276/500: loss=5.242727[0m
( 15.467s) Epoch 277/500: loss=5.241737[0m
( 15.455s) Epoch 278/500: loss=5.242207[0m
( 15.394s) Epoch 279/500: loss=5.241567[0m
( 15.396s) Epoch 280/500: loss=5.242483[0m
( 15.432s) Epoch 281/500: loss=5.241465[0m
( 15.421s) Epoch 282/500: loss=5.242906[0m
( 15.408s) Epoch 283/500: loss=5.241001[0m
( 15.405s) Epoch 284/500: loss=5.242021[0m
( 15.473s) Epoch 285/500: loss=5.240873[0m
( 15.511s) Epoch 286/500: loss=5.242430[0m
( 15.421s) Epoch 287/500: loss=5.240948[0m
( 15.419s) Epoch 288/500: loss=5.242006[0m
( 15.558s) Epoch 289/500: loss=5.241611[0m
( 15.421s) Epoch 290/500: loss=5.242529[0m
( 15.390s) Epoch 291/500: loss=5.241625[0m
( 15.563s) Epoch 292/500: loss=5.241547[0m
( 15.419s) Epoch 293/500: loss=5.242266[0m
( 15.504s) Epoch 294/500: loss=[32m5.240539[0m
( 15.403s) Epoch 295/500: loss=5.241195[0m
( 15.394s) Epoch 296/500: loss=[32m5.240065[0m
( 15.421s) Epoch 297/500: loss=5.241332[0m
( 15.367s) Epoch 298/500: loss=5.241545[0m
( 15.409s) Epoch 299/500: loss=5.240883[0m
( 15.487s) Epoch 300/500: loss=5.240548[0m
( 15.438s) Epoch 301/500: loss=5.241211[0m
( 15.490s) Epoch 302/500: loss=5.240749[0m
( 15.412s) Epoch 303/500: loss=5.240227[0m
( 15.405s) Epoch 304/500: loss=5.241071[0m
( 15.399s) Epoch 305/500: loss=5.240490[0m
( 15.436s) Epoch 306/500: loss=5.240432[0m
( 15.420s) Epoch 307/500: loss=5.240758[0m
( 15.477s) Epoch 308/500: loss=5.240267[0m
( 15.480s) Epoch 309/500: loss=5.240471[0m
( 15.396s) Epoch 310/500: loss=5.240508[0m
( 15.364s) Epoch 311/500: loss=5.240942[0m
( 15.384s) Epoch 312/500: loss=5.240835[0m
( 15.396s) Epoch 313/500: loss=5.240802[0m
( 15.405s) Epoch 314/500: loss=5.240985[0m
( 15.378s) Epoch 315/500: loss=5.240290[0m
( 15.490s) Epoch 316/500: loss=[32m5.240035[0m
( 15.484s) Epoch 317/500: loss=5.241195[0m
( 15.400s) Epoch 318/500: loss=5.240635[0m
( 15.417s) Epoch 319/500: loss=5.241521[0m
( 15.445s) Epoch 320/500: loss=5.240794[0m
( 15.429s) Epoch 321/500: loss=5.240668[0m
( 15.432s) Epoch 322/500: loss=[32m5.239928[0m
( 15.460s) Epoch 323/500: loss=5.240376[0m
( 15.438s) Epoch 324/500: loss=5.240217[0m
( 15.543s) Epoch 325/500: loss=5.240243[0m
( 15.412s) Epoch 326/500: loss=5.240655[0m
( 15.418s) Epoch 327/500: loss=5.240005[0m
( 15.398s) Epoch 328/500: loss=[32m5.239647[0m
( 15.376s) Epoch 329/500: loss=[32m5.239598[0m
( 15.396s) Epoch 330/500: loss=[32m5.238892[0m
( 15.472s) Epoch 331/500: loss=5.238910[0m
( 15.392s) Epoch 332/500: loss=5.240346[0m
( 15.440s) Epoch 333/500: loss=5.239910[0m
( 15.366s) Epoch 334/500: loss=5.239414[0m
( 15.415s) Epoch 335/500: loss=5.240040[0m
( 15.408s) Epoch 336/500: loss=5.239581[0m
( 15.430s) Epoch 337/500: loss=5.239330[0m
( 15.404s) Epoch 338/500: loss=5.239959[0m
( 15.499s) Epoch 339/500: loss=5.240401[0m
( 15.435s) Epoch 340/500: loss=5.240345[0m
( 15.446s) Epoch 341/500: loss=5.238952[0m
( 15.373s) Epoch 342/500: loss=5.239249[0m
( 15.452s) Epoch 343/500: loss=5.239317[0m
( 15.414s) Epoch 344/500: loss=5.239769[0m
( 15.407s) Epoch 345/500: loss=5.240229[0m
( 15.398s) Epoch 346/500: loss=5.239509[0m
( 15.472s) Epoch 347/500: loss=5.238922[0m
( 15.509s) Epoch 348/500: loss=5.239139[0m
( 15.402s) Epoch 349/500: loss=5.239356[0m
( 15.406s) Epoch 350/500: loss=5.239781[0m
( 15.379s) Epoch 351/500: loss=5.239055[0m
( 15.404s) Epoch 352/500: loss=5.239561[0m
( 15.408s) Epoch 353/500: loss=5.240152[0m
( 15.378s) Epoch 354/500: loss=5.239522[0m
( 15.501s) Epoch 355/500: loss=[32m5.238502[0m
( 15.470s) Epoch 356/500: loss=5.238755[0m
( 15.408s) Epoch 357/500: loss=5.239386[0m
( 15.465s) Epoch 358/500: loss=5.238963[0m
( 15.419s) Epoch 359/500: loss=5.238820[0m
( 15.413s) Epoch 360/500: loss=5.239123[0m
( 15.399s) Epoch 361/500: loss=5.239093[0m
( 15.525s) Epoch 362/500: loss=5.239159[0m
( 15.427s) Epoch 363/500: loss=5.238984[0m
( 15.481s) Epoch 364/500: loss=5.239909[0m
( 15.408s) Epoch 365/500: loss=5.238918[0m
( 15.581s) Epoch 366/500: loss=[32m5.238290[0m
( 15.417s) Epoch 367/500: loss=5.238322[0m
( 15.392s) Epoch 368/500: loss=5.238719[0m
( 15.370s) Epoch 369/500: loss=5.238471[0m
( 15.498s) Epoch 370/500: loss=5.239338[0m
( 15.426s) Epoch 371/500: loss=5.239734[0m
( 15.459s) Epoch 372/500: loss=5.238394[0m
( 15.380s) Epoch 373/500: loss=5.239002[0m
( 15.414s) Epoch 374/500: loss=5.239004[0m
( 15.411s) Epoch 375/500: loss=5.238814[0m
( 15.384s) Epoch 376/500: loss=5.238881[0m
( 15.392s) Epoch 377/500: loss=5.238789[0m
( 15.488s) Epoch 378/500: loss=[32m5.238130[0m
( 15.484s) Epoch 379/500: loss=5.238817[0m
( 15.402s) Epoch 380/500: loss=5.238632[0m
( 15.451s) Epoch 381/500: loss=[32m5.238005[0m
( 15.431s) Epoch 382/500: loss=5.238138[0m
( 15.420s) Epoch 383/500: loss=[32m5.237722[0m
( 15.375s) Epoch 384/500: loss=5.238263[0m
( 15.420s) Epoch 385/500: loss=[32m5.237501[0m
( 15.458s) Epoch 386/500: loss=5.238224[0m
( 15.485s) Epoch 387/500: loss=5.238487[0m
( 15.382s) Epoch 388/500: loss=5.238271[0m
( 15.374s) Epoch 389/500: loss=5.239134[0m
( 15.396s) Epoch 390/500: loss=5.238107[0m
( 15.413s) Epoch 391/500: loss=5.238201[0m
( 15.384s) Epoch 392/500: loss=5.238339[0m
( 15.423s) Epoch 393/500: loss=5.237963[0m
( 15.476s) Epoch 394/500: loss=5.237849[0m
( 15.481s) Epoch 395/500: loss=5.238636[0m
( 15.405s) Epoch 396/500: loss=5.238301[0m
( 15.402s) Epoch 397/500: loss=5.238082[0m
( 15.453s) Epoch 398/500: loss=5.238188[0m
( 15.412s) Epoch 399/500: loss=[32m5.237178[0m
( 15.390s) Epoch 400/500: loss=5.238641[0m
( 15.493s) Epoch 401/500: loss=5.238050[0m
( 15.408s) Epoch 402/500: loss=5.238364[0m
( 15.479s) Epoch 403/500: loss=5.238546[0m
( 15.408s) Epoch 404/500: loss=5.238408[0m
( 15.420s) Epoch 405/500: loss=5.238056[0m
( 15.358s) Epoch 406/500: loss=5.237537[0m
( 15.388s) Epoch 407/500: loss=5.237924[0m
( 15.379s) Epoch 408/500: loss=5.237839[0m
( 15.462s) Epoch 409/500: loss=5.237431[0m
( 15.413s) Epoch 410/500: loss=5.238609[0m
( 15.406s) Epoch 411/500: loss=5.237384[0m
( 15.387s) Epoch 412/500: loss=5.238312[0m
( 15.396s) Epoch 413/500: loss=5.237696[0m
( 15.416s) Epoch 414/500: loss=5.238537[0m
( 15.425s) Epoch 415/500: loss=5.238375[0m
( 15.394s) Epoch 416/500: loss=5.238053[0m
( 15.471s) Epoch 417/500: loss=5.238457[0m
( 15.475s) Epoch 418/500: loss=5.237589[0m
( 15.390s) Epoch 419/500: loss=5.238160[0m
( 15.402s) Epoch 420/500: loss=[32m5.237104[0m
( 15.391s) Epoch 421/500: loss=5.238121[0m
( 15.366s) Epoch 422/500: loss=[32m5.237099[0m
( 15.380s) Epoch 423/500: loss=5.237896[0m
( 15.407s) Epoch 424/500: loss=5.237254[0m
( 15.476s) Epoch 425/500: loss=5.237695[0m
( 15.434s) Epoch 426/500: loss=5.237538[0m
( 15.420s) Epoch 427/500: loss=5.237356[0m
( 15.378s) Epoch 428/500: loss=5.237707[0m
( 15.394s) Epoch 429/500: loss=5.237863[0m
( 15.396s) Epoch 430/500: loss=5.237358[0m
( 15.413s) Epoch 431/500: loss=5.237345[0m
( 15.439s) Epoch 432/500: loss=5.237933[0m
( 15.621s) Epoch 433/500: loss=5.237743[0m
( 15.497s) Epoch 434/500: loss=5.237363[0m
( 15.383s) Epoch 435/500: loss=5.237766[0m
( 15.512s) Epoch 436/500: loss=5.237388[0m
( 15.403s) Epoch 437/500: loss=5.238438[0m
( 15.397s) Epoch 438/500: loss=5.237406[0m
( 15.382s) Epoch 439/500: loss=5.237700[0m
( 15.465s) Epoch 440/500: loss=5.239242[0m
( 15.404s) Epoch 441/500: loss=5.237616[0m
( 15.427s) Epoch 442/500: loss=5.237791[0m
( 15.391s) Epoch 443/500: loss=[32m5.236707[0m
( 15.416s) Epoch 444/500: loss=5.237695[0m
( 15.379s) Epoch 445/500: loss=5.237231[0m
( 15.411s) Epoch 446/500: loss=5.237180[0m
( 15.380s) Epoch 447/500: loss=5.237164[0m
( 15.452s) Epoch 448/500: loss=5.237402[0m
( 15.477s) Epoch 449/500: loss=5.237541[0m
( 15.398s) Epoch 450/500: loss=5.237136[0m
( 15.409s) Epoch 451/500: loss=5.237219[0m
( 15.418s) Epoch 452/500: loss=5.238362[0m
( 15.378s) Epoch 453/500: loss=5.237240[0m
( 15.409s) Epoch 454/500: loss=5.237789[0m
( 15.430s) Epoch 455/500: loss=5.237956[0m
( 15.477s) Epoch 456/500: loss=5.237769[0m
( 15.475s) Epoch 457/500: loss=5.237658[0m
( 15.400s) Epoch 458/500: loss=5.237046[0m
( 15.380s) Epoch 459/500: loss=5.236938[0m
( 15.392s) Epoch 460/500: loss=5.237138[0m
( 15.380s) Epoch 461/500: loss=5.236825[0m
( 15.385s) Epoch 462/500: loss=5.237663[0m
( 15.392s) Epoch 463/500: loss=5.237239[0m
( 15.492s) Epoch 464/500: loss=5.236903[0m
( 15.479s) Epoch 465/500: loss=5.237589[0m
( 15.389s) Epoch 466/500: loss=5.237251[0m
( 15.420s) Epoch 467/500: loss=5.237437[0m
( 15.430s) Epoch 468/500: loss=5.237637[0m
( 15.439s) Epoch 469/500: loss=5.237692[0m
( 15.400s) Epoch 470/500: loss=5.237721[0m
( 15.486s) Epoch 471/500: loss=5.237166[0m
( 15.437s) Epoch 472/500: loss=5.237480[0m
( 15.491s) Epoch 473/500: loss=5.237262[0m
( 15.421s) Epoch 474/500: loss=5.236819[0m
( 15.415s) Epoch 475/500: loss=5.236806[0m
( 15.422s) Epoch 476/500: loss=5.237862[0m
( 15.410s) Epoch 477/500: loss=5.236935[0m
( 15.399s) Epoch 478/500: loss=5.237570[0m
( 15.425s) Epoch 479/500: loss=5.237131[0m
( 15.426s) Epoch 480/500: loss=5.237577[0m
( 15.410s) Epoch 481/500: loss=[32m5.236688[0m
( 15.387s) Epoch 482/500: loss=5.237831[0m
( 15.455s) Epoch 483/500: loss=5.237258[0m
( 15.385s) Epoch 484/500: loss=5.236708[0m
( 15.387s) Epoch 485/500: loss=[32m5.236515[0m
( 15.430s) Epoch 486/500: loss=5.236661[0m
( 15.519s) Epoch 487/500: loss=5.236986[0m
( 15.488s) Epoch 488/500: loss=5.237030[0m
( 15.404s) Epoch 489/500: loss=5.237778[0m
( 15.404s) Epoch 490/500: loss=5.237100[0m
( 15.452s) Epoch 491/500: loss=5.236866[0m
( 15.407s) Epoch 492/500: loss=5.236913[0m
( 15.433s) Epoch 493/500: loss=5.237779[0m
( 15.388s) Epoch 494/500: loss=5.237164[0m
( 15.486s) Epoch 495/500: loss=5.236737[0m
( 15.503s) Epoch 496/500: loss=5.237013[0m
( 15.368s) Epoch 497/500: loss=[32m5.236249[0m
( 15.402s) Epoch 498/500: loss=5.236969[0m
( 15.576s) Epoch 499/500: loss=5.236916[0m
( 15.397s) Epoch 500/500: loss=5.236360[0m
Training for 500 epochs took 7712.069s total and 15.424s average
Calculating mean of transformed dataset using the best model state ... 4.922s
Saving best model and options to /home/aditya.bharti/FewShot/cifar100fs_resnet18/ColorGauss.pth
