Namespace(T_max=500, backbone='resnet18', base_learning_rate=0.1, base_optimizer='SGD', batch_size=256, dampening=0.0, data_percent=20, dataset='cifar100fs', dataset_root=None, distributed=True, episode_strat='SimpleShotEpisodes', eval_freq=2000, fine_tune_epochs=20, fine_tune_save_path='ft0.pth', first_augment='CropResize', head='SimpleMLP', jitter_strength=1.0, k_shot=5, load_from=None, local_rank=0, log_file=<_io.TextIOWrapper name='/home/aditya.bharti/FewShot/cifar100fs_resnet18/CropColor.out' mode='a' encoding='UTF-8'>, loss_function='NTXent', model='SimCLRModel', momentum=0.9, n_way=5, nesterov=True, ntxent_temp=1.0, num_epochs=500, num_query=15, num_test_tasks=10000, num_workers=4, pin_memory=True, pretrained=False, progress=False, projection_dim=128, save_model=True, save_path='/home/aditya.bharti/FewShot/cifar100fs_resnet18/CropColor.pth', scheduler='CosineAnnealingLR', second_augment='ColorDistort', shuffle=True, simple_opt=True, weight_decay=0.0001)
Starting Training on:
Train:  64 classes
Valid:  16 classes
Test:   20 classes
------------------
( 15.558s) Epoch 001/500: loss=[32m5.842446[0m
( 15.359s) Epoch 002/500: loss=[32m5.664632[0m
( 15.358s) Epoch 003/500: loss=[32m5.629237[0m
( 15.413s) Epoch 004/500: loss=[32m5.621555[0m
( 15.411s) Epoch 005/500: loss=[32m5.608782[0m
( 15.366s) Epoch 006/500: loss=[32m5.600288[0m
( 15.471s) Epoch 007/500: loss=[32m5.591249[0m
( 15.398s) Epoch 008/500: loss=[32m5.579844[0m
( 15.392s) Epoch 009/500: loss=[32m5.575061[0m
( 15.406s) Epoch 010/500: loss=[32m5.563775[0m
( 15.383s) Epoch 011/500: loss=5.564345[0m
( 15.398s) Epoch 012/500: loss=[32m5.561355[0m
( 15.372s) Epoch 013/500: loss=[32m5.548748[0m
( 15.431s) Epoch 014/500: loss=5.551517[0m
( 15.441s) Epoch 015/500: loss=[32m5.547009[0m
( 15.375s) Epoch 016/500: loss=[32m5.546087[0m
( 15.363s) Epoch 017/500: loss=[32m5.540121[0m
( 15.385s) Epoch 018/500: loss=[32m5.536282[0m
( 15.382s) Epoch 019/500: loss=[32m5.533376[0m
( 15.350s) Epoch 020/500: loss=[32m5.530280[0m
( 15.365s) Epoch 021/500: loss=[32m5.528128[0m
( 15.489s) Epoch 022/500: loss=[32m5.521747[0m
( 15.395s) Epoch 023/500: loss=5.526920[0m
( 15.423s) Epoch 024/500: loss=[32m5.519280[0m
( 15.375s) Epoch 025/500: loss=[32m5.517258[0m
( 15.397s) Epoch 026/500: loss=[32m5.513729[0m
( 15.379s) Epoch 027/500: loss=[32m5.510167[0m
( 15.370s) Epoch 028/500: loss=5.511705[0m
( 15.472s) Epoch 029/500: loss=[32m5.508119[0m
( 15.380s) Epoch 030/500: loss=[32m5.507094[0m
( 15.330s) Epoch 031/500: loss=[32m5.505607[0m
( 15.410s) Epoch 032/500: loss=[32m5.503528[0m
( 15.358s) Epoch 033/500: loss=[32m5.499443[0m
( 15.380s) Epoch 034/500: loss=5.501506[0m
( 15.398s) Epoch 035/500: loss=5.501187[0m
( 15.383s) Epoch 036/500: loss=[32m5.498212[0m
( 15.495s) Epoch 037/500: loss=5.499582[0m
( 15.375s) Epoch 038/500: loss=[32m5.495201[0m
( 15.411s) Epoch 039/500: loss=5.495824[0m
( 15.388s) Epoch 040/500: loss=5.498571[0m
( 15.384s) Epoch 041/500: loss=5.496317[0m
( 15.375s) Epoch 042/500: loss=[32m5.492371[0m
( 15.400s) Epoch 043/500: loss=5.494952[0m
( 15.384s) Epoch 044/500: loss=[32m5.492022[0m
( 15.432s) Epoch 045/500: loss=5.493737[0m
( 15.365s) Epoch 046/500: loss=[32m5.490781[0m
( 15.403s) Epoch 047/500: loss=5.495125[0m
( 15.375s) Epoch 048/500: loss=5.492425[0m
( 15.367s) Epoch 049/500: loss=[32m5.488319[0m
( 15.374s) Epoch 050/500: loss=[32m5.487583[0m
( 15.374s) Epoch 051/500: loss=[32m5.483316[0m
( 15.529s) Epoch 052/500: loss=[32m5.482658[0m
( 15.386s) Epoch 053/500: loss=5.483549[0m
( 15.384s) Epoch 054/500: loss=5.483601[0m
( 15.397s) Epoch 055/500: loss=[32m5.480707[0m
( 15.418s) Epoch 056/500: loss=5.485550[0m
( 15.395s) Epoch 057/500: loss=5.481416[0m
( 15.346s) Epoch 058/500: loss=5.482037[0m
( 15.410s) Epoch 059/500: loss=[32m5.480312[0m
( 15.487s) Epoch 060/500: loss=5.486059[0m
( 15.372s) Epoch 061/500: loss=5.483666[0m
( 15.373s) Epoch 062/500: loss=[32m5.479324[0m
( 15.407s) Epoch 063/500: loss=5.480992[0m
( 15.372s) Epoch 064/500: loss=[32m5.476201[0m
( 15.357s) Epoch 065/500: loss=5.479082[0m
( 15.377s) Epoch 066/500: loss=5.478415[0m
( 15.457s) Epoch 067/500: loss=5.479022[0m
( 15.442s) Epoch 068/500: loss=5.477517[0m
( 15.372s) Epoch 069/500: loss=5.476612[0m
( 15.529s) Epoch 070/500: loss=5.476783[0m
( 15.425s) Epoch 071/500: loss=5.476809[0m
( 15.391s) Epoch 072/500: loss=[32m5.474882[0m
( 15.375s) Epoch 073/500: loss=[32m5.474832[0m
( 15.392s) Epoch 074/500: loss=5.475934[0m
( 15.515s) Epoch 075/500: loss=5.476341[0m
( 15.427s) Epoch 076/500: loss=[32m5.473063[0m
( 15.346s) Epoch 077/500: loss=[32m5.472849[0m
( 15.383s) Epoch 078/500: loss=5.474807[0m
( 15.366s) Epoch 079/500: loss=[32m5.468424[0m
( 15.352s) Epoch 080/500: loss=5.472729[0m
( 15.341s) Epoch 081/500: loss=5.468802[0m
( 15.364s) Epoch 082/500: loss=5.468881[0m
( 15.506s) Epoch 083/500: loss=5.470202[0m
( 15.406s) Epoch 084/500: loss=[32m5.467248[0m
( 15.381s) Epoch 085/500: loss=5.467269[0m
( 15.373s) Epoch 086/500: loss=5.467767[0m
( 15.395s) Epoch 087/500: loss=5.470140[0m
( 15.417s) Epoch 088/500: loss=[32m5.465402[0m
( 15.413s) Epoch 089/500: loss=5.470486[0m
( 15.394s) Epoch 090/500: loss=5.469575[0m
( 15.536s) Epoch 091/500: loss=5.468205[0m
( 15.404s) Epoch 092/500: loss=[32m5.463318[0m
( 15.365s) Epoch 093/500: loss=5.464283[0m
( 15.400s) Epoch 094/500: loss=5.463845[0m
( 15.360s) Epoch 095/500: loss=5.464854[0m
( 15.363s) Epoch 096/500: loss=5.464093[0m
( 15.361s) Epoch 097/500: loss=[32m5.462456[0m
( 15.445s) Epoch 098/500: loss=[32m5.461288[0m
( 15.451s) Epoch 099/500: loss=[32m5.460151[0m
( 15.368s) Epoch 100/500: loss=[32m5.460017[0m
( 15.380s) Epoch 101/500: loss=5.464329[0m
( 15.381s) Epoch 102/500: loss=5.462339[0m
( 15.376s) Epoch 103/500: loss=[32m5.459962[0m
( 15.387s) Epoch 104/500: loss=[32m5.458058[0m
( 15.359s) Epoch 105/500: loss=5.462250[0m
( 15.456s) Epoch 106/500: loss=5.458276[0m
( 15.473s) Epoch 107/500: loss=5.460654[0m
( 15.383s) Epoch 108/500: loss=[32m5.455375[0m
( 15.355s) Epoch 109/500: loss=5.458928[0m
( 15.420s) Epoch 110/500: loss=5.462399[0m
( 15.394s) Epoch 111/500: loss=5.457087[0m
( 15.383s) Epoch 112/500: loss=5.457955[0m
( 15.341s) Epoch 113/500: loss=[32m5.454412[0m
( 15.453s) Epoch 114/500: loss=5.455769[0m
( 15.389s) Epoch 115/500: loss=5.457756[0m
( 15.349s) Epoch 116/500: loss=[32m5.451483[0m
( 15.388s) Epoch 117/500: loss=5.456836[0m
( 15.371s) Epoch 118/500: loss=5.453839[0m
( 15.338s) Epoch 119/500: loss=5.455349[0m
( 15.409s) Epoch 120/500: loss=5.454418[0m
( 15.430s) Epoch 121/500: loss=5.453025[0m
( 15.543s) Epoch 122/500: loss=5.453660[0m
( 15.378s) Epoch 123/500: loss=[32m5.450631[0m
( 15.396s) Epoch 124/500: loss=[32m5.450463[0m
( 15.405s) Epoch 125/500: loss=5.454108[0m
( 15.391s) Epoch 126/500: loss=5.452669[0m
( 15.370s) Epoch 127/500: loss=5.452881[0m
( 15.399s) Epoch 128/500: loss=5.453114[0m
( 15.494s) Epoch 129/500: loss=5.451520[0m
( 15.523s) Epoch 130/500: loss=[32m5.448545[0m
( 15.377s) Epoch 131/500: loss=[32m5.447937[0m
( 15.350s) Epoch 132/500: loss=5.448802[0m
( 15.393s) Epoch 133/500: loss=5.448458[0m
( 15.373s) Epoch 134/500: loss=[32m5.447692[0m
( 15.363s) Epoch 135/500: loss=5.447721[0m
( 15.364s) Epoch 136/500: loss=[32m5.447303[0m
( 15.467s) Epoch 137/500: loss=5.448696[0m
( 15.472s) Epoch 138/500: loss=5.447684[0m
( 15.425s) Epoch 139/500: loss=5.447698[0m
( 15.399s) Epoch 140/500: loss=[32m5.445801[0m
( 15.419s) Epoch 141/500: loss=[32m5.445269[0m
( 15.371s) Epoch 142/500: loss=5.448336[0m
( 15.369s) Epoch 143/500: loss=5.445683[0m
( 15.384s) Epoch 144/500: loss=5.447136[0m
( 15.548s) Epoch 145/500: loss=5.446177[0m
( 15.401s) Epoch 146/500: loss=[32m5.444992[0m
( 15.376s) Epoch 147/500: loss=[32m5.442197[0m
( 15.371s) Epoch 148/500: loss=5.442738[0m
( 15.400s) Epoch 149/500: loss=[32m5.440222[0m
( 15.333s) Epoch 150/500: loss=5.441752[0m
( 15.350s) Epoch 151/500: loss=5.440254[0m
( 15.438s) Epoch 152/500: loss=5.441625[0m
( 15.449s) Epoch 153/500: loss=5.443282[0m
( 15.367s) Epoch 154/500: loss=5.441881[0m
( 15.347s) Epoch 155/500: loss=5.441929[0m
( 15.397s) Epoch 156/500: loss=5.441954[0m
( 15.414s) Epoch 157/500: loss=[32m5.438450[0m
( 15.386s) Epoch 158/500: loss=5.442502[0m
( 15.402s) Epoch 159/500: loss=5.438998[0m
( 15.434s) Epoch 160/500: loss=5.441130[0m
( 15.448s) Epoch 161/500: loss=5.440615[0m
( 15.385s) Epoch 162/500: loss=5.441972[0m
( 15.390s) Epoch 163/500: loss=5.438703[0m
( 15.495s) Epoch 164/500: loss=[32m5.437626[0m
( 15.352s) Epoch 165/500: loss=[32m5.437041[0m
( 15.360s) Epoch 166/500: loss=5.438050[0m
( 15.399s) Epoch 167/500: loss=[32m5.434876[0m
( 15.621s) Epoch 168/500: loss=5.437345[0m
( 15.430s) Epoch 169/500: loss=5.437868[0m
( 15.359s) Epoch 170/500: loss=5.438745[0m
( 15.424s) Epoch 171/500: loss=5.438690[0m
( 15.369s) Epoch 172/500: loss=5.436960[0m
( 15.375s) Epoch 173/500: loss=[32m5.434849[0m
( 15.379s) Epoch 174/500: loss=5.437974[0m
( 15.357s) Epoch 175/500: loss=5.434887[0m
( 15.474s) Epoch 176/500: loss=[32m5.434395[0m
( 15.412s) Epoch 177/500: loss=5.434681[0m
( 15.392s) Epoch 178/500: loss=5.435543[0m
( 15.361s) Epoch 179/500: loss=[32m5.433915[0m
( 15.397s) Epoch 180/500: loss=5.436236[0m
( 15.362s) Epoch 181/500: loss=[32m5.433774[0m
( 15.380s) Epoch 182/500: loss=[32m5.431628[0m
( 15.414s) Epoch 183/500: loss=5.436002[0m
( 15.768s) Epoch 184/500: loss=5.433573[0m
( 15.369s) Epoch 185/500: loss=5.433646[0m
( 15.391s) Epoch 186/500: loss=5.433117[0m
( 15.385s) Epoch 187/500: loss=[32m5.429186[0m
( 15.507s) Epoch 188/500: loss=5.431195[0m
( 15.381s) Epoch 189/500: loss=5.435117[0m
( 15.394s) Epoch 190/500: loss=[32m5.427827[0m
( 15.400s) Epoch 191/500: loss=5.428582[0m
( 15.483s) Epoch 192/500: loss=[32m5.427428[0m
( 15.420s) Epoch 193/500: loss=5.429829[0m
( 15.387s) Epoch 194/500: loss=5.429470[0m
( 15.405s) Epoch 195/500: loss=5.429706[0m
( 15.360s) Epoch 196/500: loss=5.427496[0m
( 15.377s) Epoch 197/500: loss=5.429731[0m
( 15.384s) Epoch 198/500: loss=[32m5.427200[0m
( 15.454s) Epoch 199/500: loss=5.432240[0m
( 15.400s) Epoch 200/500: loss=[32m5.426698[0m
( 15.379s) Epoch 201/500: loss=5.428843[0m
( 15.355s) Epoch 202/500: loss=5.427199[0m
( 15.403s) Epoch 203/500: loss=5.429821[0m
( 15.349s) Epoch 204/500: loss=5.426707[0m
( 15.379s) Epoch 205/500: loss=[32m5.422909[0m
( 15.366s) Epoch 206/500: loss=5.426651[0m
( 15.422s) Epoch 207/500: loss=5.427700[0m
( 15.440s) Epoch 208/500: loss=5.425849[0m
( 15.397s) Epoch 209/500: loss=5.426443[0m
( 15.378s) Epoch 210/500: loss=5.425806[0m
( 15.390s) Epoch 211/500: loss=5.424896[0m
( 15.371s) Epoch 212/500: loss=[32m5.421806[0m
( 15.363s) Epoch 213/500: loss=5.425168[0m
( 15.352s) Epoch 214/500: loss=5.422959[0m
( 15.502s) Epoch 215/500: loss=5.423287[0m
( 15.426s) Epoch 216/500: loss=5.423866[0m
( 15.375s) Epoch 217/500: loss=[32m5.420600[0m
( 15.381s) Epoch 218/500: loss=5.422252[0m
( 15.386s) Epoch 219/500: loss=5.423526[0m
( 15.390s) Epoch 220/500: loss=5.421466[0m
( 15.396s) Epoch 221/500: loss=5.423103[0m
( 15.406s) Epoch 222/500: loss=[32m5.420098[0m
( 15.525s) Epoch 223/500: loss=[32m5.419100[0m
( 15.393s) Epoch 224/500: loss=5.420953[0m
( 15.393s) Epoch 225/500: loss=[32m5.418181[0m
( 15.372s) Epoch 226/500: loss=5.418237[0m
( 15.396s) Epoch 227/500: loss=5.420442[0m
( 15.374s) Epoch 228/500: loss=[32m5.417576[0m
( 15.390s) Epoch 229/500: loss=5.421725[0m
( 15.467s) Epoch 230/500: loss=5.421764[0m
( 15.449s) Epoch 231/500: loss=5.418567[0m
( 15.379s) Epoch 232/500: loss=5.420885[0m
( 15.375s) Epoch 233/500: loss=5.418452[0m
( 15.325s) Epoch 234/500: loss=5.418762[0m
( 15.395s) Epoch 235/500: loss=5.419197[0m
( 15.374s) Epoch 236/500: loss=5.421528[0m
( 15.367s) Epoch 237/500: loss=[32m5.414341[0m
( 15.416s) Epoch 238/500: loss=5.416888[0m
( 15.479s) Epoch 239/500: loss=5.415011[0m
( 15.403s) Epoch 240/500: loss=5.415272[0m
( 15.371s) Epoch 241/500: loss=5.415734[0m
( 15.377s) Epoch 242/500: loss=5.418783[0m
( 15.374s) Epoch 243/500: loss=5.415607[0m
( 15.403s) Epoch 244/500: loss=5.415881[0m
( 15.394s) Epoch 245/500: loss=[32m5.413186[0m
( 15.474s) Epoch 246/500: loss=5.416293[0m
( 15.376s) Epoch 247/500: loss=5.416211[0m
( 15.358s) Epoch 248/500: loss=5.414269[0m
( 15.342s) Epoch 249/500: loss=5.416708[0m
( 15.407s) Epoch 250/500: loss=5.415472[0m
( 15.362s) Epoch 251/500: loss=5.417546[0m
( 15.383s) Epoch 252/500: loss=5.414406[0m
( 15.385s) Epoch 253/500: loss=[32m5.411853[0m
( 15.522s) Epoch 254/500: loss=5.414887[0m
( 15.376s) Epoch 255/500: loss=5.414470[0m
( 15.357s) Epoch 256/500: loss=[32m5.411746[0m
( 15.399s) Epoch 257/500: loss=5.415613[0m
( 15.381s) Epoch 258/500: loss=5.413535[0m
( 15.411s) Epoch 259/500: loss=[32m5.410703[0m
( 15.379s) Epoch 260/500: loss=5.415175[0m
( 15.419s) Epoch 261/500: loss=5.413552[0m
( 15.467s) Epoch 262/500: loss=5.415663[0m
( 15.405s) Epoch 263/500: loss=5.411125[0m
( 15.381s) Epoch 264/500: loss=5.411588[0m
( 15.331s) Epoch 265/500: loss=5.412138[0m
( 15.355s) Epoch 266/500: loss=[32m5.409860[0m
( 15.378s) Epoch 267/500: loss=5.410546[0m
( 15.360s) Epoch 268/500: loss=[32m5.408962[0m
( 15.405s) Epoch 269/500: loss=[32m5.408287[0m
( 15.457s) Epoch 270/500: loss=5.409056[0m
( 15.401s) Epoch 271/500: loss=5.411249[0m
( 15.380s) Epoch 272/500: loss=5.409543[0m
( 15.386s) Epoch 273/500: loss=5.411885[0m
( 15.358s) Epoch 274/500: loss=5.409977[0m
( 15.378s) Epoch 275/500: loss=[32m5.406380[0m
( 15.421s) Epoch 276/500: loss=5.410536[0m
( 15.457s) Epoch 277/500: loss=5.408196[0m
( 15.425s) Epoch 278/500: loss=5.408798[0m
( 15.368s) Epoch 279/500: loss=5.407198[0m
( 15.352s) Epoch 280/500: loss=5.410612[0m
( 15.378s) Epoch 281/500: loss=[32m5.404259[0m
( 15.350s) Epoch 282/500: loss=5.406923[0m
( 15.373s) Epoch 283/500: loss=5.408078[0m
( 15.388s) Epoch 284/500: loss=5.406788[0m
( 15.447s) Epoch 285/500: loss=5.408962[0m
( 15.414s) Epoch 286/500: loss=5.406548[0m
( 15.346s) Epoch 287/500: loss=5.405652[0m
( 15.391s) Epoch 288/500: loss=5.404543[0m
( 15.390s) Epoch 289/500: loss=5.405440[0m
( 15.355s) Epoch 290/500: loss=5.407159[0m
( 15.349s) Epoch 291/500: loss=5.408787[0m
( 15.369s) Epoch 292/500: loss=5.405568[0m
( 15.498s) Epoch 293/500: loss=5.404606[0m
( 15.392s) Epoch 294/500: loss=5.404620[0m
( 15.367s) Epoch 295/500: loss=[32m5.402973[0m
( 15.351s) Epoch 296/500: loss=5.406147[0m
( 15.332s) Epoch 297/500: loss=5.404310[0m
( 15.377s) Epoch 298/500: loss=5.405696[0m
( 15.362s) Epoch 299/500: loss=[32m5.402575[0m
( 15.408s) Epoch 300/500: loss=[32m5.400667[0m
( 15.479s) Epoch 301/500: loss=5.403000[0m
( 15.349s) Epoch 302/500: loss=5.404169[0m
( 15.381s) Epoch 303/500: loss=5.402927[0m
( 15.329s) Epoch 304/500: loss=5.403186[0m
( 15.367s) Epoch 305/500: loss=5.401158[0m
( 15.381s) Epoch 306/500: loss=5.403666[0m
( 15.390s) Epoch 307/500: loss=5.402931[0m
( 15.453s) Epoch 308/500: loss=[32m5.400580[0m
( 15.465s) Epoch 309/500: loss=5.403250[0m
( 15.409s) Epoch 310/500: loss=[32m5.399906[0m
( 15.396s) Epoch 311/500: loss=5.401956[0m
( 15.377s) Epoch 312/500: loss=5.401083[0m
( 15.385s) Epoch 313/500: loss=5.401731[0m
( 15.381s) Epoch 314/500: loss=5.400785[0m
( 15.412s) Epoch 315/500: loss=5.403239[0m
( 15.460s) Epoch 316/500: loss=[32m5.398890[0m
( 15.391s) Epoch 317/500: loss=[32m5.396083[0m
( 15.378s) Epoch 318/500: loss=5.399224[0m
( 15.375s) Epoch 319/500: loss=5.400381[0m
( 15.404s) Epoch 320/500: loss=5.398158[0m
( 15.366s) Epoch 321/500: loss=5.397020[0m
( 15.384s) Epoch 322/500: loss=5.400412[0m
( 15.416s) Epoch 323/500: loss=5.399110[0m
( 15.490s) Epoch 324/500: loss=5.398766[0m
( 15.389s) Epoch 325/500: loss=5.399316[0m
( 15.385s) Epoch 326/500: loss=5.396110[0m
( 15.389s) Epoch 327/500: loss=5.397378[0m
( 15.383s) Epoch 328/500: loss=[32m5.394312[0m
( 15.384s) Epoch 329/500: loss=5.400465[0m
( 15.377s) Epoch 330/500: loss=5.395324[0m
( 15.443s) Epoch 331/500: loss=5.397798[0m
( 15.483s) Epoch 332/500: loss=5.396701[0m
( 15.360s) Epoch 333/500: loss=5.395131[0m
( 15.384s) Epoch 334/500: loss=5.395285[0m
( 15.398s) Epoch 335/500: loss=5.394438[0m
( 15.366s) Epoch 336/500: loss=5.396699[0m
( 15.368s) Epoch 337/500: loss=5.395146[0m
( 15.389s) Epoch 338/500: loss=5.396313[0m
( 15.437s) Epoch 339/500: loss=[32m5.394069[0m
( 15.520s) Epoch 340/500: loss=5.396811[0m
( 15.417s) Epoch 341/500: loss=5.399084[0m
( 15.359s) Epoch 342/500: loss=5.394432[0m
( 15.350s) Epoch 343/500: loss=[32m5.392093[0m
( 15.426s) Epoch 344/500: loss=5.394917[0m
( 15.392s) Epoch 345/500: loss=[32m5.391719[0m
( 15.422s) Epoch 346/500: loss=5.395027[0m
( 15.469s) Epoch 347/500: loss=5.391817[0m
( 15.396s) Epoch 348/500: loss=5.393940[0m
( 15.385s) Epoch 349/500: loss=5.392815[0m
( 15.363s) Epoch 350/500: loss=5.393483[0m
( 15.395s) Epoch 351/500: loss=[32m5.389089[0m
( 15.379s) Epoch 352/500: loss=5.393223[0m
( 15.323s) Epoch 353/500: loss=5.391817[0m
( 15.376s) Epoch 354/500: loss=5.392961[0m
( 15.459s) Epoch 355/500: loss=5.392370[0m
( 15.386s) Epoch 356/500: loss=5.393659[0m
( 15.354s) Epoch 357/500: loss=5.389223[0m
( 15.368s) Epoch 358/500: loss=5.392307[0m
( 15.354s) Epoch 359/500: loss=[32m5.388561[0m
( 15.380s) Epoch 360/500: loss=5.389942[0m
( 15.352s) Epoch 361/500: loss=5.390680[0m
( 15.392s) Epoch 362/500: loss=5.391137[0m
( 15.485s) Epoch 363/500: loss=[32m5.388460[0m
( 15.360s) Epoch 364/500: loss=5.389035[0m
( 15.411s) Epoch 365/500: loss=5.389777[0m
( 15.382s) Epoch 366/500: loss=[32m5.387364[0m
( 15.378s) Epoch 367/500: loss=5.391976[0m
( 15.372s) Epoch 368/500: loss=5.389863[0m
( 15.370s) Epoch 369/500: loss=5.387658[0m
( 15.401s) Epoch 370/500: loss=5.390992[0m
( 15.467s) Epoch 371/500: loss=5.388697[0m
( 15.362s) Epoch 372/500: loss=[32m5.386440[0m
( 15.364s) Epoch 373/500: loss=5.387324[0m
( 15.413s) Epoch 374/500: loss=[32m5.386041[0m
( 15.550s) Epoch 375/500: loss=5.389244[0m
( 15.341s) Epoch 376/500: loss=5.388279[0m
( 15.356s) Epoch 377/500: loss=5.386636[0m
( 15.413s) Epoch 378/500: loss=5.389270[0m
( 15.460s) Epoch 379/500: loss=5.388487[0m
( 15.354s) Epoch 380/500: loss=5.387732[0m
( 15.393s) Epoch 381/500: loss=5.387544[0m
( 15.388s) Epoch 382/500: loss=5.387551[0m
( 15.394s) Epoch 383/500: loss=[32m5.386020[0m
( 15.381s) Epoch 384/500: loss=5.387642[0m
( 15.401s) Epoch 385/500: loss=[32m5.382700[0m
( 15.434s) Epoch 386/500: loss=5.385755[0m
( 15.414s) Epoch 387/500: loss=5.386389[0m
( 15.371s) Epoch 388/500: loss=5.387777[0m
( 15.363s) Epoch 389/500: loss=5.386499[0m
( 15.378s) Epoch 390/500: loss=5.384424[0m
( 15.340s) Epoch 391/500: loss=5.383172[0m
( 15.371s) Epoch 392/500: loss=[32m5.382520[0m
( 15.388s) Epoch 393/500: loss=5.383719[0m
( 15.492s) Epoch 394/500: loss=5.385234[0m
( 15.367s) Epoch 395/500: loss=5.385256[0m
( 15.335s) Epoch 396/500: loss=5.384210[0m
( 15.365s) Epoch 397/500: loss=5.386514[0m
( 15.383s) Epoch 398/500: loss=5.385830[0m
( 15.414s) Epoch 399/500: loss=[32m5.380957[0m
( 15.365s) Epoch 400/500: loss=5.383582[0m
( 15.449s) Epoch 401/500: loss=5.382909[0m
( 15.432s) Epoch 402/500: loss=5.382207[0m
( 15.401s) Epoch 403/500: loss=5.383016[0m
( 15.391s) Epoch 404/500: loss=5.382069[0m
( 15.382s) Epoch 405/500: loss=5.381898[0m
( 15.393s) Epoch 406/500: loss=5.384718[0m
( 15.350s) Epoch 407/500: loss=5.383420[0m
( 15.352s) Epoch 408/500: loss=[32m5.380905[0m
( 15.450s) Epoch 409/500: loss=5.381368[0m
( 15.453s) Epoch 410/500: loss=5.382309[0m
( 15.403s) Epoch 411/500: loss=5.383884[0m
( 15.354s) Epoch 412/500: loss=[32m5.380862[0m
( 15.373s) Epoch 413/500: loss=[32m5.380695[0m
( 15.381s) Epoch 414/500: loss=5.382671[0m
( 15.371s) Epoch 415/500: loss=[32m5.380495[0m
( 15.451s) Epoch 416/500: loss=5.383531[0m
( 15.437s) Epoch 417/500: loss=5.381299[0m
( 15.469s) Epoch 418/500: loss=5.384024[0m
( 15.394s) Epoch 419/500: loss=[32m5.378741[0m
( 15.392s) Epoch 420/500: loss=5.380377[0m
( 15.391s) Epoch 421/500: loss=5.380452[0m
( 15.387s) Epoch 422/500: loss=5.379118[0m
( 15.379s) Epoch 423/500: loss=5.381072[0m
( 15.489s) Epoch 424/500: loss=5.379774[0m
( 15.421s) Epoch 425/500: loss=5.382754[0m
( 15.412s) Epoch 426/500: loss=5.379477[0m
( 15.383s) Epoch 427/500: loss=5.379294[0m
( 15.369s) Epoch 428/500: loss=5.382976[0m
( 15.559s) Epoch 429/500: loss=[32m5.377723[0m
( 15.408s) Epoch 430/500: loss=5.380014[0m
( 15.361s) Epoch 431/500: loss=5.382114[0m
( 15.477s) Epoch 432/500: loss=5.379925[0m
( 15.472s) Epoch 433/500: loss=5.383943[0m
( 15.387s) Epoch 434/500: loss=5.380981[0m
( 15.413s) Epoch 435/500: loss=5.379381[0m
( 15.392s) Epoch 436/500: loss=5.379590[0m
( 15.398s) Epoch 437/500: loss=5.379572[0m
( 15.420s) Epoch 438/500: loss=5.380810[0m
( 15.377s) Epoch 439/500: loss=[32m5.376534[0m
( 15.430s) Epoch 440/500: loss=5.380798[0m
( 15.444s) Epoch 441/500: loss=5.379508[0m
( 15.366s) Epoch 442/500: loss=5.379654[0m
( 15.366s) Epoch 443/500: loss=5.379256[0m
( 15.393s) Epoch 444/500: loss=5.377565[0m
( 15.398s) Epoch 445/500: loss=5.379851[0m
( 15.379s) Epoch 446/500: loss=5.380344[0m
( 15.432s) Epoch 447/500: loss=5.376901[0m
( 15.398s) Epoch 448/500: loss=5.378873[0m
( 15.472s) Epoch 449/500: loss=5.376822[0m
( 15.387s) Epoch 450/500: loss=5.377690[0m
( 15.387s) Epoch 451/500: loss=5.376938[0m
( 15.387s) Epoch 452/500: loss=5.377418[0m
( 15.430s) Epoch 453/500: loss=5.377875[0m
( 15.380s) Epoch 454/500: loss=5.379448[0m
( 15.448s) Epoch 455/500: loss=5.377025[0m
( 15.467s) Epoch 456/500: loss=5.379315[0m
( 15.439s) Epoch 457/500: loss=5.377509[0m
( 15.396s) Epoch 458/500: loss=5.378101[0m
( 15.369s) Epoch 459/500: loss=5.377693[0m
( 15.406s) Epoch 460/500: loss=[32m5.373820[0m
( 15.369s) Epoch 461/500: loss=5.380457[0m
( 15.374s) Epoch 462/500: loss=5.377562[0m
( 15.449s) Epoch 463/500: loss=5.378577[0m
( 15.470s) Epoch 464/500: loss=5.376455[0m
( 15.379s) Epoch 465/500: loss=5.377288[0m
( 15.382s) Epoch 466/500: loss=5.373868[0m
( 15.373s) Epoch 467/500: loss=5.377032[0m
( 15.382s) Epoch 468/500: loss=5.376265[0m
( 15.436s) Epoch 469/500: loss=5.374464[0m
( 15.424s) Epoch 470/500: loss=5.375994[0m
( 15.466s) Epoch 471/500: loss=5.373998[0m
( 15.465s) Epoch 472/500: loss=5.378097[0m
( 15.370s) Epoch 473/500: loss=5.375978[0m
( 15.371s) Epoch 474/500: loss=5.375913[0m
( 15.386s) Epoch 475/500: loss=5.379868[0m
( 15.395s) Epoch 476/500: loss=5.374760[0m
( 15.385s) Epoch 477/500: loss=5.375688[0m
( 15.406s) Epoch 478/500: loss=5.376812[0m
( 15.400s) Epoch 479/500: loss=5.375022[0m
( 15.444s) Epoch 480/500: loss=5.375658[0m
( 15.373s) Epoch 481/500: loss=5.375674[0m
( 15.389s) Epoch 482/500: loss=5.375968[0m
( 15.392s) Epoch 483/500: loss=5.376846[0m
( 15.363s) Epoch 484/500: loss=5.376763[0m
( 15.382s) Epoch 485/500: loss=5.374468[0m
( 15.504s) Epoch 486/500: loss=5.376025[0m
( 15.382s) Epoch 487/500: loss=5.375058[0m
( 15.481s) Epoch 488/500: loss=5.375574[0m
( 15.407s) Epoch 489/500: loss=5.377125[0m
( 15.379s) Epoch 490/500: loss=5.376396[0m
( 15.422s) Epoch 491/500: loss=5.377484[0m
( 15.413s) Epoch 492/500: loss=5.373885[0m
( 15.388s) Epoch 493/500: loss=5.376288[0m
( 15.427s) Epoch 494/500: loss=5.375095[0m
( 15.420s) Epoch 495/500: loss=5.375833[0m
( 15.427s) Epoch 496/500: loss=5.377020[0m
( 15.373s) Epoch 497/500: loss=5.374855[0m
( 15.382s) Epoch 498/500: loss=5.376225[0m
( 15.668s) Epoch 499/500: loss=5.378057[0m
( 15.353s) Epoch 500/500: loss=5.376285[0m
Training for 500 epochs took 7700.468s total and 15.401s average
Calculating mean of transformed dataset using the best model state ... 4.928s
Saving best model and options to /home/aditya.bharti/FewShot/cifar100fs_resnet18/CropColor.pth
