Namespace(T_max=500, backbone='resnet18', base_learning_rate=0.1, base_optimizer='SGD', batch_size=256, dampening=0.0, data_percent=20, dataset='cifar100fs', dataset_root=None, distributed=True, episode_strat='SimpleShotEpisodes', eval_freq=2000, fine_tune_epochs=20, fine_tune_save_path='ft0.pth', first_augment='CropResize', head='SimpleMLP', jitter_strength=1.0, k_shot=5, load_from=None, local_rank=0, log_file=<_io.TextIOWrapper name='/home/aditya.bharti/FewShot/cifar100fs_resnet18/CropGauss.out' mode='a' encoding='UTF-8'>, loss_function='NTXent', model='SimCLRModel', momentum=0.9, n_way=5, nesterov=True, ntxent_temp=1.0, num_epochs=500, num_query=15, num_test_tasks=10000, num_workers=4, pin_memory=True, pretrained=False, progress=False, projection_dim=128, save_model=True, save_path='/home/aditya.bharti/FewShot/cifar100fs_resnet18/CropGauss.pth', scheduler='CosineAnnealingLR', second_augment='GaussBlur', shuffle=True, simple_opt=True, weight_decay=0.0001)
Starting Training on:
Train:  64 classes
Valid:  16 classes
Test:   20 classes
------------------
( 28.373s) Epoch 001/500: loss=[32m5.548809[0m
( 15.217s) Epoch 002/500: loss=[32m5.417191[0m
( 12.540s) Epoch 003/500: loss=[32m5.390600[0m
( 12.552s) Epoch 004/500: loss=[32m5.378188[0m
( 12.579s) Epoch 005/500: loss=[32m5.373666[0m
( 12.568s) Epoch 006/500: loss=[32m5.369287[0m
( 12.569s) Epoch 007/500: loss=[32m5.365258[0m
( 12.569s) Epoch 008/500: loss=[32m5.364498[0m
( 12.576s) Epoch 009/500: loss=[32m5.359541[0m
( 12.569s) Epoch 010/500: loss=[32m5.358510[0m
( 12.575s) Epoch 011/500: loss=[32m5.355639[0m
( 12.581s) Epoch 012/500: loss=[32m5.354936[0m
( 12.580s) Epoch 013/500: loss=[32m5.353474[0m
( 12.565s) Epoch 014/500: loss=[32m5.350589[0m
( 12.564s) Epoch 015/500: loss=[32m5.350576[0m
( 12.573s) Epoch 016/500: loss=[32m5.348070[0m
( 12.569s) Epoch 017/500: loss=5.348210[0m
( 12.593s) Epoch 018/500: loss=[32m5.344661[0m
( 12.546s) Epoch 019/500: loss=[32m5.341952[0m
( 12.581s) Epoch 020/500: loss=[32m5.341323[0m
( 12.567s) Epoch 021/500: loss=5.341740[0m
( 12.570s) Epoch 022/500: loss=5.342025[0m
( 12.568s) Epoch 023/500: loss=[32m5.339033[0m
( 12.604s) Epoch 024/500: loss=5.340115[0m
( 12.560s) Epoch 025/500: loss=[32m5.338229[0m
( 12.561s) Epoch 026/500: loss=[32m5.335002[0m
( 12.565s) Epoch 027/500: loss=[32m5.334683[0m
( 12.569s) Epoch 028/500: loss=[32m5.333421[0m
( 12.573s) Epoch 029/500: loss=5.333478[0m
( 12.573s) Epoch 030/500: loss=[32m5.332141[0m
( 12.638s) Epoch 031/500: loss=[32m5.329396[0m
( 12.573s) Epoch 032/500: loss=5.330174[0m
( 12.636s) Epoch 033/500: loss=5.330520[0m
( 12.610s) Epoch 034/500: loss=[32m5.329365[0m
( 12.576s) Epoch 035/500: loss=[32m5.325100[0m
( 12.581s) Epoch 036/500: loss=5.327025[0m
( 12.656s) Epoch 037/500: loss=[32m5.324267[0m
( 12.649s) Epoch 038/500: loss=[32m5.323256[0m
( 12.563s) Epoch 039/500: loss=[32m5.323154[0m
( 12.567s) Epoch 040/500: loss=[32m5.321349[0m
( 12.571s) Epoch 041/500: loss=5.321507[0m
( 12.579s) Epoch 042/500: loss=5.323997[0m
( 12.597s) Epoch 043/500: loss=5.321840[0m
( 12.686s) Epoch 044/500: loss=5.321460[0m
( 12.591s) Epoch 045/500: loss=[32m5.320328[0m
( 12.560s) Epoch 046/500: loss=[32m5.319669[0m
( 12.570s) Epoch 047/500: loss=[32m5.319283[0m
( 12.569s) Epoch 048/500: loss=[32m5.317872[0m
( 12.623s) Epoch 049/500: loss=5.318383[0m
( 12.641s) Epoch 050/500: loss=[32m5.316939[0m
( 12.625s) Epoch 051/500: loss=5.317656[0m
( 12.572s) Epoch 052/500: loss=5.317012[0m
( 12.569s) Epoch 053/500: loss=5.318203[0m
( 12.578s) Epoch 054/500: loss=[32m5.315307[0m
( 12.587s) Epoch 055/500: loss=5.317411[0m
( 12.687s) Epoch 056/500: loss=5.316008[0m
( 12.610s) Epoch 057/500: loss=[32m5.313815[0m
( 12.587s) Epoch 058/500: loss=5.314342[0m
( 12.573s) Epoch 059/500: loss=[32m5.313193[0m
( 12.569s) Epoch 060/500: loss=5.314439[0m
( 12.571s) Epoch 061/500: loss=5.313290[0m
( 12.655s) Epoch 062/500: loss=[32m5.313161[0m
( 12.663s) Epoch 063/500: loss=5.313390[0m
( 12.584s) Epoch 064/500: loss=[32m5.312230[0m
( 12.563s) Epoch 065/500: loss=[32m5.310828[0m
( 12.562s) Epoch 066/500: loss=5.311197[0m
( 12.588s) Epoch 067/500: loss=5.311389[0m
( 12.557s) Epoch 068/500: loss=5.311529[0m
( 12.606s) Epoch 069/500: loss=[32m5.309576[0m
( 12.550s) Epoch 070/500: loss=[32m5.308689[0m
( 12.584s) Epoch 071/500: loss=5.310582[0m
( 12.559s) Epoch 072/500: loss=5.309090[0m
( 12.574s) Epoch 073/500: loss=5.309351[0m
( 12.580s) Epoch 074/500: loss=5.309477[0m
( 12.642s) Epoch 075/500: loss=5.310054[0m
( 12.633s) Epoch 076/500: loss=[32m5.307808[0m
( 12.604s) Epoch 077/500: loss=5.309352[0m
( 12.589s) Epoch 078/500: loss=[32m5.307754[0m
( 12.562s) Epoch 079/500: loss=[32m5.305368[0m
( 12.573s) Epoch 080/500: loss=5.309737[0m
( 12.577s) Epoch 081/500: loss=5.308709[0m
( 12.702s) Epoch 082/500: loss=5.307672[0m
( 12.604s) Epoch 083/500: loss=5.308268[0m
( 12.578s) Epoch 084/500: loss=5.307233[0m
( 12.571s) Epoch 085/500: loss=5.306118[0m
( 12.573s) Epoch 086/500: loss=5.306985[0m
( 12.580s) Epoch 087/500: loss=5.305485[0m
( 12.625s) Epoch 088/500: loss=[32m5.304174[0m
( 12.635s) Epoch 089/500: loss=5.304563[0m
( 12.603s) Epoch 090/500: loss=5.306099[0m
( 12.573s) Epoch 091/500: loss=[32m5.303694[0m
( 12.573s) Epoch 092/500: loss=5.308179[0m
( 12.577s) Epoch 093/500: loss=5.305688[0m
( 12.566s) Epoch 094/500: loss=5.305159[0m
( 12.645s) Epoch 095/500: loss=5.304334[0m
( 12.676s) Epoch 096/500: loss=5.304689[0m
( 12.561s) Epoch 097/500: loss=5.303869[0m
( 12.571s) Epoch 098/500: loss=5.305088[0m
( 12.572s) Epoch 099/500: loss=5.305006[0m
( 12.568s) Epoch 100/500: loss=5.304591[0m
( 12.628s) Epoch 101/500: loss=5.305187[0m
( 12.658s) Epoch 102/500: loss=5.304774[0m
( 12.603s) Epoch 103/500: loss=[32m5.302469[0m
( 12.588s) Epoch 104/500: loss=5.305032[0m
( 12.558s) Epoch 105/500: loss=5.304704[0m
( 12.578s) Epoch 106/500: loss=5.302522[0m
( 12.574s) Epoch 107/500: loss=5.303069[0m
( 12.692s) Epoch 108/500: loss=5.304459[0m
( 12.617s) Epoch 109/500: loss=5.304049[0m
( 12.567s) Epoch 110/500: loss=[32m5.301808[0m
( 12.571s) Epoch 111/500: loss=5.302718[0m
( 12.573s) Epoch 112/500: loss=5.302178[0m
( 12.575s) Epoch 113/500: loss=[32m5.301307[0m
( 12.639s) Epoch 114/500: loss=5.301863[0m
( 12.627s) Epoch 115/500: loss=5.303453[0m
( 12.622s) Epoch 116/500: loss=5.301420[0m
( 12.560s) Epoch 117/500: loss=[32m5.301161[0m
( 12.578s) Epoch 118/500: loss=5.301184[0m
( 12.602s) Epoch 119/500: loss=5.301692[0m
( 12.597s) Epoch 120/500: loss=5.301802[0m
( 12.685s) Epoch 121/500: loss=5.301674[0m
( 12.640s) Epoch 122/500: loss=[32m5.300381[0m
( 12.663s) Epoch 123/500: loss=[32m5.298011[0m
( 12.623s) Epoch 124/500: loss=5.300756[0m
( 12.658s) Epoch 125/500: loss=5.299826[0m
( 12.594s) Epoch 126/500: loss=5.300669[0m
( 12.660s) Epoch 127/500: loss=5.302061[0m
( 12.615s) Epoch 128/500: loss=5.301470[0m
( 12.614s) Epoch 129/500: loss=5.299643[0m
( 12.620s) Epoch 130/500: loss=5.299527[0m
( 12.592s) Epoch 131/500: loss=5.299958[0m
( 12.669s) Epoch 132/500: loss=5.300735[0m
( 12.595s) Epoch 133/500: loss=5.301657[0m
( 12.660s) Epoch 134/500: loss=5.300954[0m
( 12.616s) Epoch 135/500: loss=5.299542[0m
( 12.610s) Epoch 136/500: loss=5.301669[0m
( 12.616s) Epoch 137/500: loss=5.300289[0m
( 12.627s) Epoch 138/500: loss=5.299547[0m
( 12.604s) Epoch 139/500: loss=[32m5.297985[0m
( 12.704s) Epoch 140/500: loss=5.298750[0m
( 12.620s) Epoch 141/500: loss=5.300324[0m
( 12.604s) Epoch 142/500: loss=5.299360[0m
( 12.566s) Epoch 143/500: loss=5.299027[0m
( 12.663s) Epoch 144/500: loss=5.299954[0m
( 12.642s) Epoch 145/500: loss=5.298050[0m
( 12.590s) Epoch 146/500: loss=5.298601[0m
( 12.700s) Epoch 147/500: loss=5.298542[0m
( 12.595s) Epoch 148/500: loss=[32m5.297192[0m
( 12.580s) Epoch 149/500: loss=[32m5.296297[0m
( 12.580s) Epoch 150/500: loss=5.298897[0m
( 12.620s) Epoch 151/500: loss=5.297987[0m
( 12.649s) Epoch 152/500: loss=5.300128[0m
( 12.641s) Epoch 153/500: loss=5.297315[0m
( 12.626s) Epoch 154/500: loss=5.297659[0m
( 12.606s) Epoch 155/500: loss=5.297320[0m
( 12.571s) Epoch 156/500: loss=5.297552[0m
( 12.571s) Epoch 157/500: loss=5.297372[0m
( 12.571s) Epoch 158/500: loss=5.296920[0m
( 12.567s) Epoch 159/500: loss=[32m5.295167[0m
( 12.695s) Epoch 160/500: loss=5.297107[0m
( 12.603s) Epoch 161/500: loss=5.297041[0m
( 12.574s) Epoch 162/500: loss=5.297102[0m
( 12.578s) Epoch 163/500: loss=5.296816[0m
( 12.580s) Epoch 164/500: loss=5.297478[0m
( 12.581s) Epoch 165/500: loss=5.298356[0m
( 12.626s) Epoch 166/500: loss=5.297963[0m
( 12.664s) Epoch 167/500: loss=5.296914[0m
( 12.578s) Epoch 168/500: loss=5.298000[0m
( 12.567s) Epoch 169/500: loss=5.297808[0m
( 12.592s) Epoch 170/500: loss=5.298261[0m
( 12.584s) Epoch 171/500: loss=5.297265[0m
( 12.554s) Epoch 172/500: loss=5.296171[0m
( 12.710s) Epoch 173/500: loss=5.296113[0m
( 12.600s) Epoch 174/500: loss=5.296856[0m
( 12.567s) Epoch 175/500: loss=5.296931[0m
( 12.587s) Epoch 176/500: loss=[32m5.294301[0m
( 12.563s) Epoch 177/500: loss=5.294773[0m
( 12.568s) Epoch 178/500: loss=5.295683[0m
( 12.634s) Epoch 179/500: loss=5.295327[0m
( 12.643s) Epoch 180/500: loss=5.296425[0m
( 12.586s) Epoch 181/500: loss=5.295308[0m
( 12.563s) Epoch 182/500: loss=5.294693[0m
( 12.585s) Epoch 183/500: loss=5.295722[0m
( 12.573s) Epoch 184/500: loss=[32m5.294177[0m
( 12.562s) Epoch 185/500: loss=[32m5.293945[0m
( 12.727s) Epoch 186/500: loss=5.294732[0m
( 12.593s) Epoch 187/500: loss=5.294732[0m
( 12.572s) Epoch 188/500: loss=5.295568[0m
( 12.575s) Epoch 189/500: loss=5.293957[0m
( 12.575s) Epoch 190/500: loss=5.294621[0m
( 12.577s) Epoch 191/500: loss=5.294656[0m
( 12.646s) Epoch 192/500: loss=5.295162[0m
( 12.663s) Epoch 193/500: loss=5.296237[0m
( 12.582s) Epoch 194/500: loss=[32m5.293469[0m
( 12.555s) Epoch 195/500: loss=[32m5.293093[0m
( 12.576s) Epoch 196/500: loss=5.293971[0m
( 12.587s) Epoch 197/500: loss=5.295201[0m
( 12.557s) Epoch 198/500: loss=5.294248[0m
( 12.641s) Epoch 199/500: loss=5.294069[0m
( 12.636s) Epoch 200/500: loss=5.294158[0m
( 12.597s) Epoch 201/500: loss=5.294395[0m
( 12.573s) Epoch 202/500: loss=[32m5.291906[0m
( 12.575s) Epoch 203/500: loss=5.293575[0m
( 12.572s) Epoch 204/500: loss=5.294897[0m
( 12.645s) Epoch 205/500: loss=5.294920[0m
( 12.649s) Epoch 206/500: loss=5.293291[0m
( 12.583s) Epoch 207/500: loss=5.293905[0m
( 12.570s) Epoch 208/500: loss=5.294616[0m
( 12.587s) Epoch 209/500: loss=5.293797[0m
( 12.564s) Epoch 210/500: loss=5.294733[0m
( 12.576s) Epoch 211/500: loss=5.293888[0m
( 12.659s) Epoch 212/500: loss=5.293054[0m
( 12.642s) Epoch 213/500: loss=[32m5.291740[0m
( 12.587s) Epoch 214/500: loss=5.293596[0m
( 12.576s) Epoch 215/500: loss=5.292952[0m
( 12.580s) Epoch 216/500: loss=5.292876[0m
( 12.573s) Epoch 217/500: loss=5.293889[0m
( 12.648s) Epoch 218/500: loss=5.291821[0m
( 12.679s) Epoch 219/500: loss=5.294549[0m
( 12.547s) Epoch 220/500: loss=5.292130[0m
( 12.573s) Epoch 221/500: loss=5.292683[0m
( 12.585s) Epoch 222/500: loss=5.292190[0m
( 12.559s) Epoch 223/500: loss=5.293431[0m
( 12.572s) Epoch 224/500: loss=5.291856[0m
( 12.658s) Epoch 225/500: loss=5.292869[0m
( 12.644s) Epoch 226/500: loss=5.292098[0m
( 12.571s) Epoch 227/500: loss=[32m5.291265[0m
( 12.596s) Epoch 228/500: loss=5.294811[0m
( 12.581s) Epoch 229/500: loss=5.292544[0m
( 12.547s) Epoch 230/500: loss=5.292278[0m
( 12.644s) Epoch 231/500: loss=5.293046[0m
( 12.667s) Epoch 232/500: loss=5.292119[0m
( 12.569s) Epoch 233/500: loss=5.291734[0m
( 12.582s) Epoch 234/500: loss=5.292147[0m
( 12.583s) Epoch 235/500: loss=5.292095[0m
( 12.563s) Epoch 236/500: loss=5.292030[0m
( 12.558s) Epoch 237/500: loss=5.293304[0m
( 12.652s) Epoch 238/500: loss=5.292773[0m
( 12.632s) Epoch 239/500: loss=[32m5.290489[0m
( 12.610s) Epoch 240/500: loss=5.292666[0m
( 12.575s) Epoch 241/500: loss=5.291403[0m
( 12.570s) Epoch 242/500: loss=5.292247[0m
( 12.573s) Epoch 243/500: loss=5.293226[0m
( 12.641s) Epoch 244/500: loss=5.291190[0m
( 12.636s) Epoch 245/500: loss=5.292611[0m
( 12.598s) Epoch 246/500: loss=5.291493[0m
( 12.577s) Epoch 247/500: loss=5.292686[0m
( 12.573s) Epoch 248/500: loss=5.291348[0m
( 12.568s) Epoch 249/500: loss=5.291232[0m
( 12.571s) Epoch 250/500: loss=5.291299[0m
( 12.685s) Epoch 251/500: loss=5.290824[0m
( 12.614s) Epoch 252/500: loss=5.290784[0m
( 12.572s) Epoch 253/500: loss=5.291777[0m
( 12.576s) Epoch 254/500: loss=5.291774[0m
( 12.574s) Epoch 255/500: loss=5.291353[0m
( 12.582s) Epoch 256/500: loss=5.291039[0m
( 12.642s) Epoch 257/500: loss=[32m5.289686[0m
( 12.632s) Epoch 258/500: loss=5.291336[0m
( 12.594s) Epoch 259/500: loss=5.290496[0m
( 12.566s) Epoch 260/500: loss=5.290098[0m
( 12.587s) Epoch 261/500: loss=5.290077[0m
( 12.564s) Epoch 262/500: loss=5.291244[0m
( 12.601s) Epoch 263/500: loss=5.290736[0m
( 12.670s) Epoch 264/500: loss=[32m5.289562[0m
( 12.606s) Epoch 265/500: loss=5.290262[0m
( 12.568s) Epoch 266/500: loss=5.291014[0m
( 12.571s) Epoch 267/500: loss=5.291481[0m
( 12.717s) Epoch 268/500: loss=5.291039[0m
( 12.580s) Epoch 269/500: loss=[32m5.288842[0m
( 12.639s) Epoch 270/500: loss=5.290861[0m
( 12.632s) Epoch 271/500: loss=5.290027[0m
( 12.612s) Epoch 272/500: loss=5.290086[0m
( 12.569s) Epoch 273/500: loss=5.290791[0m
( 12.577s) Epoch 274/500: loss=[32m5.288556[0m
( 12.569s) Epoch 275/500: loss=5.289287[0m
( 12.572s) Epoch 276/500: loss=5.290958[0m
( 12.649s) Epoch 277/500: loss=5.289400[0m
( 12.630s) Epoch 278/500: loss=5.289444[0m
( 12.610s) Epoch 279/500: loss=5.289616[0m
( 12.579s) Epoch 280/500: loss=5.289681[0m
( 12.573s) Epoch 281/500: loss=5.289798[0m
( 12.581s) Epoch 282/500: loss=5.289655[0m
( 12.630s) Epoch 283/500: loss=[32m5.288429[0m
( 12.638s) Epoch 284/500: loss=5.289318[0m
( 12.608s) Epoch 285/500: loss=5.290499[0m
( 12.601s) Epoch 286/500: loss=5.289333[0m
( 12.563s) Epoch 287/500: loss=5.290603[0m
( 12.556s) Epoch 288/500: loss=5.289406[0m
( 12.575s) Epoch 289/500: loss=[32m5.287987[0m
( 12.597s) Epoch 290/500: loss=5.289579[0m
( 12.574s) Epoch 291/500: loss=[32m5.287758[0m
( 12.551s) Epoch 292/500: loss=[32m5.287666[0m
( 12.578s) Epoch 293/500: loss=5.289586[0m
( 12.569s) Epoch 294/500: loss=5.288215[0m
( 12.567s) Epoch 295/500: loss=5.288829[0m
( 12.622s) Epoch 296/500: loss=5.289451[0m
( 12.561s) Epoch 297/500: loss=[32m5.286961[0m
( 12.551s) Epoch 298/500: loss=5.288133[0m
( 12.576s) Epoch 299/500: loss=5.289214[0m
( 12.563s) Epoch 300/500: loss=5.289831[0m
( 12.577s) Epoch 301/500: loss=5.289021[0m
( 12.574s) Epoch 302/500: loss=5.287181[0m
( 12.638s) Epoch 303/500: loss=5.289531[0m
( 12.642s) Epoch 304/500: loss=5.289311[0m
( 12.594s) Epoch 305/500: loss=5.287734[0m
( 12.699s) Epoch 306/500: loss=5.289694[0m
( 12.612s) Epoch 307/500: loss=5.289133[0m
( 12.573s) Epoch 308/500: loss=5.289417[0m
( 12.618s) Epoch 309/500: loss=5.288508[0m
( 12.567s) Epoch 310/500: loss=5.288422[0m
( 12.550s) Epoch 311/500: loss=5.291061[0m
( 12.571s) Epoch 312/500: loss=5.289784[0m
( 12.569s) Epoch 313/500: loss=5.289088[0m
( 12.564s) Epoch 314/500: loss=[32m5.286893[0m
( 12.580s) Epoch 315/500: loss=5.288049[0m
( 12.567s) Epoch 316/500: loss=[32m5.286697[0m
( 12.562s) Epoch 317/500: loss=5.288476[0m
( 12.572s) Epoch 318/500: loss=5.288603[0m
( 12.569s) Epoch 319/500: loss=5.288645[0m
( 12.570s) Epoch 320/500: loss=5.289710[0m
( 12.584s) Epoch 321/500: loss=5.288192[0m
( 12.616s) Epoch 322/500: loss=5.288305[0m
( 12.573s) Epoch 323/500: loss=5.287016[0m
( 12.535s) Epoch 324/500: loss=[32m5.286192[0m
( 12.581s) Epoch 325/500: loss=5.287040[0m
( 12.564s) Epoch 326/500: loss=5.286675[0m
( 12.567s) Epoch 327/500: loss=5.287046[0m
( 12.578s) Epoch 328/500: loss=5.287624[0m
( 12.620s) Epoch 329/500: loss=5.286395[0m
( 12.563s) Epoch 330/500: loss=5.287538[0m
( 12.545s) Epoch 331/500: loss=5.288069[0m
( 12.572s) Epoch 332/500: loss=5.287726[0m
( 12.571s) Epoch 333/500: loss=5.287304[0m
( 12.572s) Epoch 334/500: loss=[32m5.285663[0m
( 12.619s) Epoch 335/500: loss=5.287024[0m
( 12.534s) Epoch 336/500: loss=5.287116[0m
( 12.571s) Epoch 337/500: loss=[32m5.285574[0m
( 12.572s) Epoch 338/500: loss=5.286042[0m
( 12.569s) Epoch 339/500: loss=5.287448[0m
( 12.565s) Epoch 340/500: loss=5.287854[0m
( 12.580s) Epoch 341/500: loss=5.287563[0m
( 12.623s) Epoch 342/500: loss=5.286860[0m
( 12.638s) Epoch 343/500: loss=5.287746[0m
( 12.616s) Epoch 344/500: loss=5.285972[0m
( 12.569s) Epoch 345/500: loss=[32m5.285238[0m
( 12.571s) Epoch 346/500: loss=5.287458[0m
( 12.582s) Epoch 347/500: loss=5.285523[0m
( 12.611s) Epoch 348/500: loss=5.287183[0m
( 12.545s) Epoch 349/500: loss=5.286644[0m
( 12.561s) Epoch 350/500: loss=5.285940[0m
( 12.586s) Epoch 351/500: loss=5.285341[0m
( 12.572s) Epoch 352/500: loss=5.285927[0m
( 12.570s) Epoch 353/500: loss=5.286390[0m
( 12.580s) Epoch 354/500: loss=5.286563[0m
( 12.595s) Epoch 355/500: loss=5.286031[0m
( 12.557s) Epoch 356/500: loss=5.286904[0m
( 12.565s) Epoch 357/500: loss=5.286002[0m
( 12.569s) Epoch 358/500: loss=5.287710[0m
( 12.575s) Epoch 359/500: loss=5.286877[0m
( 12.566s) Epoch 360/500: loss=5.286975[0m
( 12.619s) Epoch 361/500: loss=5.285796[0m
( 12.541s) Epoch 362/500: loss=[32m5.284623[0m
( 12.566s) Epoch 363/500: loss=5.285715[0m
( 12.609s) Epoch 364/500: loss=5.286753[0m
( 12.543s) Epoch 365/500: loss=5.286274[0m
( 12.561s) Epoch 366/500: loss=5.286632[0m
( 12.575s) Epoch 367/500: loss=5.285188[0m
( 12.611s) Epoch 368/500: loss=5.286671[0m
( 12.565s) Epoch 369/500: loss=5.286093[0m
( 12.567s) Epoch 370/500: loss=5.285780[0m
( 12.563s) Epoch 371/500: loss=5.284895[0m
( 12.559s) Epoch 372/500: loss=5.286710[0m
( 12.579s) Epoch 373/500: loss=5.286630[0m
( 12.638s) Epoch 374/500: loss=5.285162[0m
( 12.643s) Epoch 375/500: loss=5.286833[0m
( 12.609s) Epoch 376/500: loss=5.285362[0m
( 12.585s) Epoch 377/500: loss=5.286258[0m
( 12.564s) Epoch 378/500: loss=5.286443[0m
( 12.565s) Epoch 379/500: loss=5.285594[0m
( 12.579s) Epoch 380/500: loss=5.286297[0m
( 12.589s) Epoch 381/500: loss=5.285813[0m
( 12.554s) Epoch 382/500: loss=[32m5.284322[0m
( 12.579s) Epoch 383/500: loss=5.285784[0m
( 12.565s) Epoch 384/500: loss=5.286895[0m
( 12.568s) Epoch 385/500: loss=5.284772[0m
( 12.568s) Epoch 386/500: loss=5.286549[0m
( 12.617s) Epoch 387/500: loss=5.286678[0m
( 12.542s) Epoch 388/500: loss=[32m5.284017[0m
( 12.562s) Epoch 389/500: loss=5.284805[0m
( 12.574s) Epoch 390/500: loss=5.284488[0m
( 12.575s) Epoch 391/500: loss=5.285372[0m
( 12.574s) Epoch 392/500: loss=5.285827[0m
( 12.578s) Epoch 393/500: loss=5.284656[0m
( 12.599s) Epoch 394/500: loss=5.285641[0m
( 12.548s) Epoch 395/500: loss=5.284213[0m
( 12.588s) Epoch 396/500: loss=[32m5.283907[0m
( 12.576s) Epoch 397/500: loss=5.284815[0m
( 12.567s) Epoch 398/500: loss=5.285554[0m
( 12.583s) Epoch 399/500: loss=5.285517[0m
( 12.608s) Epoch 400/500: loss=5.284542[0m
( 12.557s) Epoch 401/500: loss=5.285240[0m
( 12.558s) Epoch 402/500: loss=5.285625[0m
( 12.575s) Epoch 403/500: loss=5.284471[0m
( 12.569s) Epoch 404/500: loss=5.284395[0m
( 12.570s) Epoch 405/500: loss=5.283926[0m
( 12.568s) Epoch 406/500: loss=5.283994[0m
( 12.598s) Epoch 407/500: loss=5.284421[0m
( 12.551s) Epoch 408/500: loss=5.285274[0m
( 12.586s) Epoch 409/500: loss=5.284003[0m
( 12.570s) Epoch 410/500: loss=5.283933[0m
( 12.578s) Epoch 411/500: loss=[32m5.283697[0m
( 12.561s) Epoch 412/500: loss=5.283925[0m
( 12.631s) Epoch 413/500: loss=[32m5.283363[0m
( 12.638s) Epoch 414/500: loss=5.284362[0m
( 12.613s) Epoch 415/500: loss=5.283584[0m
( 12.573s) Epoch 416/500: loss=5.283569[0m
( 12.576s) Epoch 417/500: loss=5.284478[0m
( 12.571s) Epoch 418/500: loss=5.283682[0m
( 12.591s) Epoch 419/500: loss=5.284529[0m
( 12.633s) Epoch 420/500: loss=5.285192[0m
( 12.654s) Epoch 421/500: loss=5.285295[0m
( 12.603s) Epoch 422/500: loss=5.285151[0m
( 12.566s) Epoch 423/500: loss=5.284450[0m
( 12.565s) Epoch 424/500: loss=5.283542[0m
( 12.578s) Epoch 425/500: loss=5.285984[0m
( 12.684s) Epoch 426/500: loss=5.285707[0m
( 12.612s) Epoch 427/500: loss=5.283439[0m
( 12.578s) Epoch 428/500: loss=5.283549[0m
( 12.570s) Epoch 429/500: loss=5.285560[0m
( 12.566s) Epoch 430/500: loss=5.284230[0m
( 12.568s) Epoch 431/500: loss=5.284204[0m
( 12.592s) Epoch 432/500: loss=[32m5.283216[0m
( 12.609s) Epoch 433/500: loss=5.284058[0m
( 12.546s) Epoch 434/500: loss=5.284501[0m
( 12.569s) Epoch 435/500: loss=5.285298[0m
( 12.558s) Epoch 436/500: loss=5.283710[0m
( 12.575s) Epoch 437/500: loss=5.284168[0m
( 12.574s) Epoch 438/500: loss=5.284278[0m
( 12.624s) Epoch 439/500: loss=5.283778[0m
( 12.559s) Epoch 440/500: loss=[32m5.282919[0m
( 12.616s) Epoch 441/500: loss=5.283850[0m
( 12.658s) Epoch 442/500: loss=5.283121[0m
( 12.568s) Epoch 443/500: loss=5.283002[0m
( 12.575s) Epoch 444/500: loss=5.283382[0m
( 12.603s) Epoch 445/500: loss=5.283976[0m
( 12.653s) Epoch 446/500: loss=5.283783[0m
( 12.640s) Epoch 447/500: loss=5.283993[0m
( 12.579s) Epoch 448/500: loss=5.283514[0m
( 12.548s) Epoch 449/500: loss=5.284429[0m
( 12.562s) Epoch 450/500: loss=5.283466[0m
( 12.573s) Epoch 451/500: loss=5.283388[0m
( 12.613s) Epoch 452/500: loss=5.284784[0m
( 12.557s) Epoch 453/500: loss=5.284553[0m
( 12.560s) Epoch 454/500: loss=5.283452[0m
( 12.577s) Epoch 455/500: loss=[32m5.282304[0m
( 12.562s) Epoch 456/500: loss=5.283494[0m
( 12.576s) Epoch 457/500: loss=5.283179[0m
( 12.564s) Epoch 458/500: loss=5.283384[0m
( 12.578s) Epoch 459/500: loss=5.283424[0m
( 12.570s) Epoch 460/500: loss=5.283125[0m
( 12.593s) Epoch 461/500: loss=5.282936[0m
( 12.553s) Epoch 462/500: loss=5.283038[0m
( 12.575s) Epoch 463/500: loss=5.283854[0m
( 12.589s) Epoch 464/500: loss=5.282630[0m
( 12.595s) Epoch 465/500: loss=5.282491[0m
( 12.541s) Epoch 466/500: loss=5.283552[0m
( 12.590s) Epoch 467/500: loss=5.285048[0m
( 12.565s) Epoch 468/500: loss=5.283437[0m
( 12.571s) Epoch 469/500: loss=5.282538[0m
( 12.573s) Epoch 470/500: loss=5.282882[0m
( 12.582s) Epoch 471/500: loss=5.283657[0m
( 12.601s) Epoch 472/500: loss=5.283253[0m
( 12.550s) Epoch 473/500: loss=5.282673[0m
( 12.581s) Epoch 474/500: loss=5.283593[0m
( 12.579s) Epoch 475/500: loss=5.282526[0m
( 12.569s) Epoch 476/500: loss=[32m5.281780[0m
( 12.565s) Epoch 477/500: loss=5.282586[0m
( 12.611s) Epoch 478/500: loss=5.283238[0m
( 12.545s) Epoch 479/500: loss=5.282804[0m
( 12.576s) Epoch 480/500: loss=5.283266[0m
( 12.557s) Epoch 481/500: loss=5.283570[0m
( 12.572s) Epoch 482/500: loss=5.284984[0m
( 12.596s) Epoch 483/500: loss=5.283174[0m
( 12.564s) Epoch 484/500: loss=[32m5.281683[0m
( 12.613s) Epoch 485/500: loss=5.283038[0m
( 12.630s) Epoch 486/500: loss=5.284417[0m
( 12.622s) Epoch 487/500: loss=5.284393[0m
( 12.580s) Epoch 488/500: loss=5.282389[0m
( 12.578s) Epoch 489/500: loss=5.283026[0m
( 12.581s) Epoch 490/500: loss=5.283363[0m
( 12.606s) Epoch 491/500: loss=5.281753[0m
( 12.622s) Epoch 492/500: loss=5.283259[0m
( 12.649s) Epoch 493/500: loss=5.283454[0m
( 12.565s) Epoch 494/500: loss=5.283335[0m
( 12.567s) Epoch 495/500: loss=5.283131[0m
( 12.577s) Epoch 496/500: loss=5.283466[0m
( 12.576s) Epoch 497/500: loss=5.282188[0m
( 12.582s) Epoch 498/500: loss=5.282582[0m
( 12.600s) Epoch 499/500: loss=5.283667[0m
( 12.566s) Epoch 500/500: loss=5.283012[0m
Training for 500 epochs took 6314.158s total and 12.628s average
Calculating mean of transformed dataset using the best model state ... 4.955s
Saving best model and options to /home/aditya.bharti/FewShot/cifar100fs_resnet18/CropGauss.pth
