Namespace(T_max=500, backbone='resnet18', base_learning_rate=0.1, base_optimizer='SGD', batch_size=256, dampening=0.0, data_percent=20, dataset='fc100', dataset_root=None, distributed=True, episode_strat='SimpleShotEpisodes', eval_freq=2000, fine_tune_epochs=20, fine_tune_save_path='ft0.pth', first_augment='ColorDistort', head='SimpleMLP', jitter_strength=1.0, k_shot=5, load_from=None, local_rank=0, log_file=<_io.TextIOWrapper name='/home/aditya.bharti/FewShot/fc100_resnet18/ColorGauss.out' mode='a' encoding='UTF-8'>, loss_function='NTXent', model='SimCLRModel', momentum=0.9, n_way=5, nesterov=True, ntxent_temp=1.0, num_epochs=500, num_query=15, num_test_tasks=10000, num_workers=4, pin_memory=True, pretrained=False, progress=False, projection_dim=128, save_model=True, save_path='/home/aditya.bharti/FewShot/fc100_resnet18/ColorGauss.pth', scheduler='CosineAnnealingLR', second_augment='GaussBlur', shuffle=True, simple_opt=True, weight_decay=0.0001)
Starting Training on:
Train:  60 classes
Valid:  20 classes
Test:   20 classes
------------------
( 27.718s) Epoch 001/500: loss=[32m5.690610[0m
( 27.468s) Epoch 002/500: loss=[32m5.367727[0m
( 27.517s) Epoch 003/500: loss=[32m5.321419[0m
( 27.670s) Epoch 004/500: loss=[32m5.288694[0m
( 27.557s) Epoch 005/500: loss=[32m5.276055[0m
( 27.557s) Epoch 006/500: loss=[32m5.268700[0m
( 27.525s) Epoch 007/500: loss=[32m5.262073[0m
( 27.617s) Epoch 008/500: loss=[32m5.257728[0m
( 27.567s) Epoch 009/500: loss=[32m5.256479[0m
( 27.515s) Epoch 010/500: loss=[32m5.253673[0m
( 27.564s) Epoch 011/500: loss=[32m5.251683[0m
( 27.668s) Epoch 012/500: loss=[32m5.249804[0m
( 27.594s) Epoch 013/500: loss=5.250277[0m
( 27.634s) Epoch 014/500: loss=[32m5.249387[0m
( 27.598s) Epoch 015/500: loss=[32m5.246483[0m
( 27.641s) Epoch 016/500: loss=[32m5.245856[0m
( 27.569s) Epoch 017/500: loss=[32m5.245675[0m
( 27.633s) Epoch 018/500: loss=[32m5.245004[0m
( 27.544s) Epoch 019/500: loss=[32m5.244959[0m
( 27.462s) Epoch 020/500: loss=[32m5.243066[0m
( 27.541s) Epoch 021/500: loss=[32m5.242955[0m
( 27.658s) Epoch 022/500: loss=[32m5.241678[0m
( 27.693s) Epoch 023/500: loss=5.242182[0m
( 27.573s) Epoch 024/500: loss=5.241978[0m
( 27.563s) Epoch 025/500: loss=[32m5.240726[0m
( 27.624s) Epoch 026/500: loss=[32m5.239633[0m
( 27.612s) Epoch 027/500: loss=5.240286[0m
( 27.606s) Epoch 028/500: loss=[32m5.238631[0m
( 27.765s) Epoch 029/500: loss=[32m5.238503[0m
( 27.536s) Epoch 030/500: loss=5.238740[0m
( 27.542s) Epoch 031/500: loss=[32m5.237018[0m
( 27.536s) Epoch 032/500: loss=[32m5.235425[0m
( 27.653s) Epoch 033/500: loss=5.236388[0m
( 27.491s) Epoch 034/500: loss=[32m5.234767[0m
( 27.603s) Epoch 035/500: loss=5.235443[0m
( 27.556s) Epoch 036/500: loss=[32m5.234353[0m
( 27.642s) Epoch 037/500: loss=5.234576[0m
( 27.567s) Epoch 038/500: loss=[32m5.233796[0m
( 27.640s) Epoch 039/500: loss=5.234228[0m
( 27.590s) Epoch 040/500: loss=5.234642[0m
( 27.599s) Epoch 041/500: loss=[32m5.233327[0m
( 27.581s) Epoch 042/500: loss=[32m5.232584[0m
( 27.537s) Epoch 043/500: loss=5.232649[0m
( 27.534s) Epoch 044/500: loss=[32m5.232023[0m
( 27.625s) Epoch 045/500: loss=[32m5.231776[0m
( 27.604s) Epoch 046/500: loss=[32m5.231050[0m
( 27.697s) Epoch 047/500: loss=[32m5.228695[0m
( 27.511s) Epoch 048/500: loss=5.230256[0m
( 27.602s) Epoch 049/500: loss=5.229720[0m
( 27.557s) Epoch 050/500: loss=5.229878[0m
( 27.578s) Epoch 051/500: loss=5.230035[0m
( 27.570s) Epoch 052/500: loss=5.229432[0m
( 27.611s) Epoch 053/500: loss=[32m5.227554[0m
( 27.578s) Epoch 054/500: loss=5.229302[0m
( 27.776s) Epoch 055/500: loss=5.228022[0m
( 27.570s) Epoch 056/500: loss=[32m5.227296[0m
( 27.675s) Epoch 057/500: loss=[32m5.227140[0m
( 27.588s) Epoch 058/500: loss=[32m5.226624[0m
( 27.592s) Epoch 059/500: loss=5.227585[0m
( 27.629s) Epoch 060/500: loss=5.228153[0m
( 27.481s) Epoch 061/500: loss=[32m5.226042[0m
( 27.592s) Epoch 062/500: loss=[32m5.226010[0m
( 27.664s) Epoch 063/500: loss=[32m5.225644[0m
( 27.574s) Epoch 064/500: loss=[32m5.225175[0m
( 27.570s) Epoch 065/500: loss=[32m5.225172[0m
( 27.615s) Epoch 066/500: loss=5.225322[0m
( 27.527s) Epoch 067/500: loss=[32m5.224378[0m
( 27.668s) Epoch 068/500: loss=[32m5.223800[0m
( 27.500s) Epoch 069/500: loss=5.224816[0m
( 27.610s) Epoch 070/500: loss=[32m5.223701[0m
( 27.645s) Epoch 071/500: loss=5.224168[0m
( 27.611s) Epoch 072/500: loss=5.224735[0m
( 27.596s) Epoch 073/500: loss=5.224067[0m
( 27.612s) Epoch 074/500: loss=5.224185[0m
( 27.628s) Epoch 075/500: loss=[32m5.222875[0m
( 27.428s) Epoch 076/500: loss=[32m5.222540[0m
( 27.635s) Epoch 077/500: loss=5.223469[0m
( 27.596s) Epoch 078/500: loss=5.222865[0m
( 27.548s) Epoch 079/500: loss=5.223070[0m
( 27.688s) Epoch 080/500: loss=5.222806[0m
( 27.636s) Epoch 081/500: loss=[32m5.222506[0m
( 27.617s) Epoch 082/500: loss=[32m5.222208[0m
( 27.566s) Epoch 083/500: loss=5.223200[0m
( 27.527s) Epoch 084/500: loss=[32m5.221502[0m
( 27.647s) Epoch 085/500: loss=5.222626[0m
( 27.694s) Epoch 086/500: loss=5.221943[0m
( 27.707s) Epoch 087/500: loss=[32m5.220029[0m
( 27.629s) Epoch 088/500: loss=5.220951[0m
( 27.565s) Epoch 089/500: loss=5.220840[0m
( 27.619s) Epoch 090/500: loss=[32m5.219070[0m
( 27.630s) Epoch 091/500: loss=5.220599[0m
( 27.510s) Epoch 092/500: loss=5.220208[0m
( 27.607s) Epoch 093/500: loss=5.219680[0m
( 27.592s) Epoch 094/500: loss=5.219634[0m
( 27.641s) Epoch 095/500: loss=5.219074[0m
( 27.646s) Epoch 096/500: loss=5.220717[0m
( 27.577s) Epoch 097/500: loss=[32m5.218643[0m
( 27.547s) Epoch 098/500: loss=5.218953[0m
( 27.526s) Epoch 099/500: loss=5.219402[0m
( 27.612s) Epoch 100/500: loss=5.219092[0m
( 27.599s) Epoch 101/500: loss=5.219360[0m
( 27.495s) Epoch 102/500: loss=5.219815[0m
( 27.571s) Epoch 103/500: loss=5.218700[0m
( 27.764s) Epoch 104/500: loss=5.218702[0m
( 27.507s) Epoch 105/500: loss=5.219276[0m
( 27.572s) Epoch 106/500: loss=5.218754[0m
( 27.542s) Epoch 107/500: loss=5.219942[0m
( 27.565s) Epoch 108/500: loss=5.218723[0m
( 27.515s) Epoch 109/500: loss=[32m5.218355[0m
( 27.644s) Epoch 110/500: loss=[32m5.218042[0m
( 27.613s) Epoch 111/500: loss=5.218157[0m
( 27.544s) Epoch 112/500: loss=[32m5.217473[0m
( 27.597s) Epoch 113/500: loss=5.218774[0m
( 27.557s) Epoch 114/500: loss=5.217838[0m
( 27.630s) Epoch 115/500: loss=5.217490[0m
( 27.601s) Epoch 116/500: loss=[32m5.217241[0m
( 27.592s) Epoch 117/500: loss=[32m5.216588[0m
( 27.675s) Epoch 118/500: loss=5.217526[0m
( 27.591s) Epoch 119/500: loss=5.217050[0m
( 27.619s) Epoch 120/500: loss=5.217388[0m
( 27.609s) Epoch 121/500: loss=5.217070[0m
( 27.686s) Epoch 122/500: loss=[32m5.216289[0m
( 27.532s) Epoch 123/500: loss=5.217185[0m
( 27.602s) Epoch 124/500: loss=5.216745[0m
( 27.553s) Epoch 125/500: loss=5.218252[0m
( 27.632s) Epoch 126/500: loss=5.217344[0m
( 27.612s) Epoch 127/500: loss=5.216621[0m
( 27.682s) Epoch 128/500: loss=5.217720[0m
( 27.595s) Epoch 129/500: loss=[32m5.216239[0m
( 27.605s) Epoch 130/500: loss=5.216736[0m
( 27.655s) Epoch 131/500: loss=5.216324[0m
( 27.620s) Epoch 132/500: loss=5.216528[0m
( 27.490s) Epoch 133/500: loss=5.216388[0m
( 27.506s) Epoch 134/500: loss=[32m5.216019[0m
( 27.680s) Epoch 135/500: loss=[32m5.215359[0m
( 27.551s) Epoch 136/500: loss=5.215818[0m
( 27.631s) Epoch 137/500: loss=[32m5.214979[0m
( 27.629s) Epoch 138/500: loss=[32m5.214567[0m
( 27.518s) Epoch 139/500: loss=5.215333[0m
( 27.610s) Epoch 140/500: loss=[32m5.214422[0m
( 27.658s) Epoch 141/500: loss=5.216014[0m
( 27.588s) Epoch 142/500: loss=5.214493[0m
( 27.532s) Epoch 143/500: loss=5.215075[0m
( 27.571s) Epoch 144/500: loss=5.214819[0m
( 27.561s) Epoch 145/500: loss=[32m5.214404[0m
( 27.559s) Epoch 146/500: loss=5.215169[0m
( 27.685s) Epoch 147/500: loss=5.215525[0m
( 27.619s) Epoch 148/500: loss=[32m5.213554[0m
( 27.634s) Epoch 149/500: loss=5.215050[0m
( 27.576s) Epoch 150/500: loss=5.214877[0m
( 27.559s) Epoch 151/500: loss=5.214642[0m
( 27.548s) Epoch 152/500: loss=5.214221[0m
( 27.607s) Epoch 153/500: loss=5.213635[0m
( 27.586s) Epoch 154/500: loss=5.214918[0m
( 27.556s) Epoch 155/500: loss=5.213771[0m
( 27.479s) Epoch 156/500: loss=5.214246[0m
( 27.584s) Epoch 157/500: loss=[32m5.213075[0m
( 27.635s) Epoch 158/500: loss=5.213741[0m
( 27.494s) Epoch 159/500: loss=5.214854[0m
( 27.572s) Epoch 160/500: loss=[32m5.212824[0m
( 27.658s) Epoch 161/500: loss=5.213587[0m
( 27.739s) Epoch 162/500: loss=5.213165[0m
( 27.643s) Epoch 163/500: loss=[32m5.212375[0m
( 27.646s) Epoch 164/500: loss=5.213050[0m
( 27.607s) Epoch 165/500: loss=5.213960[0m
( 27.474s) Epoch 166/500: loss=5.213984[0m
( 27.611s) Epoch 167/500: loss=5.213026[0m
( 27.606s) Epoch 168/500: loss=5.213737[0m
( 27.597s) Epoch 169/500: loss=5.213338[0m
( 27.630s) Epoch 170/500: loss=5.212655[0m
( 27.553s) Epoch 171/500: loss=5.212537[0m
( 27.698s) Epoch 172/500: loss=5.212376[0m
( 27.518s) Epoch 173/500: loss=5.212478[0m
( 27.616s) Epoch 174/500: loss=[32m5.212081[0m
( 27.567s) Epoch 175/500: loss=[32m5.211942[0m
( 27.607s) Epoch 176/500: loss=5.212730[0m
( 27.666s) Epoch 177/500: loss=5.212615[0m
( 27.560s) Epoch 178/500: loss=5.212568[0m
( 27.597s) Epoch 179/500: loss=5.213075[0m
( 27.675s) Epoch 180/500: loss=[32m5.211770[0m
( 27.595s) Epoch 181/500: loss=5.212425[0m
( 27.501s) Epoch 182/500: loss=5.212174[0m
( 27.647s) Epoch 183/500: loss=5.212457[0m
( 27.604s) Epoch 184/500: loss=5.212165[0m
( 27.728s) Epoch 185/500: loss=5.213086[0m
( 27.616s) Epoch 186/500: loss=5.211952[0m
( 27.586s) Epoch 187/500: loss=5.211798[0m
( 27.575s) Epoch 188/500: loss=[32m5.211680[0m
( 27.578s) Epoch 189/500: loss=[32m5.211275[0m
( 27.594s) Epoch 190/500: loss=5.212625[0m
( 27.473s) Epoch 191/500: loss=[32m5.211244[0m
( 27.656s) Epoch 192/500: loss=5.211451[0m
( 27.592s) Epoch 193/500: loss=5.212023[0m
( 27.566s) Epoch 194/500: loss=5.211990[0m
( 27.718s) Epoch 195/500: loss=[32m5.211105[0m
( 27.604s) Epoch 196/500: loss=5.211289[0m
( 27.549s) Epoch 197/500: loss=5.211165[0m
( 27.682s) Epoch 198/500: loss=5.211886[0m
( 27.673s) Epoch 199/500: loss=[32m5.210373[0m
( 27.502s) Epoch 200/500: loss=[32m5.210206[0m
( 27.615s) Epoch 201/500: loss=[32m5.209774[0m
( 27.542s) Epoch 202/500: loss=5.210017[0m
( 27.610s) Epoch 203/500: loss=5.211009[0m
( 27.549s) Epoch 204/500: loss=5.211005[0m
( 27.549s) Epoch 205/500: loss=[32m5.209420[0m
( 27.570s) Epoch 206/500: loss=5.209649[0m
( 27.563s) Epoch 207/500: loss=5.211027[0m
( 27.555s) Epoch 208/500: loss=5.209958[0m
( 27.655s) Epoch 209/500: loss=5.210234[0m
( 27.716s) Epoch 210/500: loss=5.210140[0m
( 27.711s) Epoch 211/500: loss=5.209752[0m
( 27.616s) Epoch 212/500: loss=5.210885[0m
( 27.683s) Epoch 213/500: loss=5.210703[0m
( 27.610s) Epoch 214/500: loss=5.210907[0m
( 27.562s) Epoch 215/500: loss=5.210512[0m
( 27.560s) Epoch 216/500: loss=[32m5.209373[0m
( 27.645s) Epoch 217/500: loss=5.209859[0m
( 27.674s) Epoch 218/500: loss=5.209688[0m
( 27.578s) Epoch 219/500: loss=5.209441[0m
( 27.561s) Epoch 220/500: loss=[32m5.208913[0m
( 27.587s) Epoch 221/500: loss=5.209991[0m
( 27.621s) Epoch 222/500: loss=5.209106[0m
( 27.568s) Epoch 223/500: loss=5.209948[0m
( 27.637s) Epoch 224/500: loss=5.209499[0m
( 27.689s) Epoch 225/500: loss=5.210580[0m
( 27.631s) Epoch 226/500: loss=[32m5.208809[0m
( 27.707s) Epoch 227/500: loss=5.208899[0m
( 27.602s) Epoch 228/500: loss=[32m5.208525[0m
( 27.617s) Epoch 229/500: loss=5.209044[0m
( 27.585s) Epoch 230/500: loss=5.209365[0m
( 27.555s) Epoch 231/500: loss=5.209282[0m
( 27.578s) Epoch 232/500: loss=5.209219[0m
( 27.620s) Epoch 233/500: loss=5.208767[0m
( 27.575s) Epoch 234/500: loss=[32m5.207768[0m
( 27.657s) Epoch 235/500: loss=5.208971[0m
( 27.524s) Epoch 236/500: loss=5.208520[0m
( 27.647s) Epoch 237/500: loss=5.208663[0m
( 27.553s) Epoch 238/500: loss=5.208862[0m
( 27.588s) Epoch 239/500: loss=5.208647[0m
( 27.496s) Epoch 240/500: loss=5.208650[0m
( 27.639s) Epoch 241/500: loss=5.208281[0m
( 27.701s) Epoch 242/500: loss=5.208737[0m
( 27.564s) Epoch 243/500: loss=5.208448[0m
( 27.615s) Epoch 244/500: loss=[32m5.207716[0m
( 27.547s) Epoch 245/500: loss=5.207818[0m
( 27.520s) Epoch 246/500: loss=5.208147[0m
( 27.611s) Epoch 247/500: loss=[32m5.207691[0m
( 27.712s) Epoch 248/500: loss=5.207764[0m
( 27.563s) Epoch 249/500: loss=5.208289[0m
( 27.659s) Epoch 250/500: loss=5.207864[0m
( 27.594s) Epoch 251/500: loss=5.207842[0m
( 27.570s) Epoch 252/500: loss=5.208457[0m
( 27.575s) Epoch 253/500: loss=5.207766[0m
( 27.651s) Epoch 254/500: loss=[32m5.207416[0m
( 27.628s) Epoch 255/500: loss=5.207453[0m
( 27.660s) Epoch 256/500: loss=5.208573[0m
( 27.541s) Epoch 257/500: loss=5.207592[0m
( 27.608s) Epoch 258/500: loss=5.207972[0m
( 27.541s) Epoch 259/500: loss=[32m5.206623[0m
( 27.468s) Epoch 260/500: loss=5.207793[0m
( 27.496s) Epoch 261/500: loss=5.207464[0m
( 27.514s) Epoch 262/500: loss=5.207549[0m
( 27.639s) Epoch 263/500: loss=5.206703[0m
( 27.634s) Epoch 264/500: loss=5.207525[0m
( 27.614s) Epoch 265/500: loss=5.206899[0m
( 27.715s) Epoch 266/500: loss=[32m5.206530[0m
( 27.558s) Epoch 267/500: loss=5.207370[0m
( 27.672s) Epoch 268/500: loss=[32m5.206458[0m
( 27.688s) Epoch 269/500: loss=5.206852[0m
( 27.526s) Epoch 270/500: loss=5.207084[0m
( 27.497s) Epoch 271/500: loss=5.206873[0m
( 27.606s) Epoch 272/500: loss=[32m5.206185[0m
( 27.693s) Epoch 273/500: loss=[32m5.205771[0m
( 27.606s) Epoch 274/500: loss=5.206575[0m
( 27.599s) Epoch 275/500: loss=5.206098[0m
( 27.661s) Epoch 276/500: loss=5.207017[0m
( 27.582s) Epoch 277/500: loss=5.207375[0m
( 27.539s) Epoch 278/500: loss=5.206564[0m
( 27.531s) Epoch 279/500: loss=5.206446[0m
( 27.550s) Epoch 280/500: loss=5.206803[0m
( 27.598s) Epoch 281/500: loss=5.206448[0m
( 27.585s) Epoch 282/500: loss=5.206724[0m
( 27.665s) Epoch 283/500: loss=5.205937[0m
( 27.520s) Epoch 284/500: loss=5.206424[0m
( 27.532s) Epoch 285/500: loss=5.205949[0m
( 27.517s) Epoch 286/500: loss=5.206468[0m
( 27.474s) Epoch 287/500: loss=5.206111[0m
( 27.616s) Epoch 288/500: loss=5.205784[0m
( 27.573s) Epoch 289/500: loss=[32m5.204997[0m
( 27.679s) Epoch 290/500: loss=5.206626[0m
( 27.532s) Epoch 291/500: loss=5.206308[0m
( 27.544s) Epoch 292/500: loss=5.205943[0m
( 27.598s) Epoch 293/500: loss=5.205898[0m
( 27.588s) Epoch 294/500: loss=5.205386[0m
( 27.667s) Epoch 295/500: loss=5.205478[0m
( 27.588s) Epoch 296/500: loss=5.206302[0m
( 27.644s) Epoch 297/500: loss=5.205535[0m
( 27.583s) Epoch 298/500: loss=[32m5.204836[0m
( 27.729s) Epoch 299/500: loss=5.205688[0m
( 27.627s) Epoch 300/500: loss=5.206216[0m
( 27.619s) Epoch 301/500: loss=5.204892[0m
( 27.540s) Epoch 302/500: loss=5.205196[0m
( 27.593s) Epoch 303/500: loss=5.205169[0m
( 27.549s) Epoch 304/500: loss=[32m5.204736[0m
( 27.533s) Epoch 305/500: loss=5.204846[0m
( 27.570s) Epoch 306/500: loss=5.205750[0m
( 27.621s) Epoch 307/500: loss=5.205062[0m
( 27.561s) Epoch 308/500: loss=[32m5.204709[0m
( 27.564s) Epoch 309/500: loss=[32m5.204294[0m
( 27.653s) Epoch 310/500: loss=5.205562[0m
( 27.577s) Epoch 311/500: loss=5.204639[0m
( 27.687s) Epoch 312/500: loss=5.204703[0m
( 27.645s) Epoch 313/500: loss=5.204570[0m
( 27.611s) Epoch 314/500: loss=[32m5.203589[0m
( 27.697s) Epoch 315/500: loss=5.204840[0m
( 27.747s) Epoch 316/500: loss=5.205418[0m
( 27.666s) Epoch 317/500: loss=5.204756[0m
( 27.599s) Epoch 318/500: loss=5.205005[0m
( 27.603s) Epoch 319/500: loss=5.204220[0m
( 27.550s) Epoch 320/500: loss=5.204290[0m
( 27.640s) Epoch 321/500: loss=5.204467[0m
( 27.593s) Epoch 322/500: loss=5.203965[0m
( 27.567s) Epoch 323/500: loss=5.204751[0m
( 27.542s) Epoch 324/500: loss=5.203906[0m
( 27.617s) Epoch 325/500: loss=5.204662[0m
( 27.616s) Epoch 326/500: loss=5.204069[0m
( 27.484s) Epoch 327/500: loss=5.204385[0m
( 27.588s) Epoch 328/500: loss=5.203974[0m
( 27.550s) Epoch 329/500: loss=5.204644[0m
( 27.624s) Epoch 330/500: loss=5.204452[0m
( 27.562s) Epoch 331/500: loss=5.204481[0m
( 27.548s) Epoch 332/500: loss=5.204142[0m
( 27.588s) Epoch 333/500: loss=5.204497[0m
( 27.562s) Epoch 334/500: loss=5.204299[0m
( 27.531s) Epoch 335/500: loss=[32m5.203572[0m
( 27.502s) Epoch 336/500: loss=5.203751[0m
( 27.612s) Epoch 337/500: loss=5.204026[0m
( 27.633s) Epoch 338/500: loss=5.204178[0m
( 27.600s) Epoch 339/500: loss=5.203576[0m
( 27.581s) Epoch 340/500: loss=5.203867[0m
( 27.592s) Epoch 341/500: loss=5.203589[0m
( 27.664s) Epoch 342/500: loss=[32m5.203320[0m
( 27.647s) Epoch 343/500: loss=5.203764[0m
( 27.680s) Epoch 344/500: loss=5.203504[0m
( 27.674s) Epoch 345/500: loss=5.204162[0m
( 27.584s) Epoch 346/500: loss=5.203486[0m
( 27.562s) Epoch 347/500: loss=5.203500[0m
( 27.556s) Epoch 348/500: loss=5.203391[0m
( 27.611s) Epoch 349/500: loss=5.204013[0m
( 27.611s) Epoch 350/500: loss=[32m5.203109[0m
( 27.714s) Epoch 351/500: loss=5.203876[0m
( 27.625s) Epoch 352/500: loss=5.204354[0m
( 27.647s) Epoch 353/500: loss=5.203487[0m
( 27.584s) Epoch 354/500: loss=5.203438[0m
( 27.593s) Epoch 355/500: loss=5.203407[0m
( 27.558s) Epoch 356/500: loss=5.204026[0m
( 27.520s) Epoch 357/500: loss=5.203214[0m
( 27.632s) Epoch 358/500: loss=5.203151[0m
( 27.553s) Epoch 359/500: loss=5.203899[0m
( 27.559s) Epoch 360/500: loss=5.203792[0m
( 27.580s) Epoch 361/500: loss=5.203513[0m
( 27.555s) Epoch 362/500: loss=5.203142[0m
( 27.625s) Epoch 363/500: loss=[32m5.202768[0m
( 27.558s) Epoch 364/500: loss=5.203448[0m
( 27.666s) Epoch 365/500: loss=5.203205[0m
( 27.618s) Epoch 366/500: loss=5.202964[0m
( 27.574s) Epoch 367/500: loss=5.203280[0m
( 27.637s) Epoch 368/500: loss=5.202971[0m
( 27.574s) Epoch 369/500: loss=5.203874[0m
( 27.602s) Epoch 370/500: loss=5.202964[0m
( 27.595s) Epoch 371/500: loss=[32m5.202728[0m
( 27.596s) Epoch 372/500: loss=5.203202[0m
( 27.617s) Epoch 373/500: loss=5.202942[0m
( 27.626s) Epoch 374/500: loss=5.203089[0m
( 27.535s) Epoch 375/500: loss=5.203229[0m
( 27.582s) Epoch 376/500: loss=[32m5.202649[0m
( 27.605s) Epoch 377/500: loss=5.202680[0m
( 27.604s) Epoch 378/500: loss=[32m5.202544[0m
( 27.565s) Epoch 379/500: loss=5.203226[0m
( 27.612s) Epoch 380/500: loss=5.203128[0m
( 27.588s) Epoch 381/500: loss=5.202819[0m
( 27.612s) Epoch 382/500: loss=[32m5.202535[0m
( 27.548s) Epoch 383/500: loss=5.203154[0m
( 27.603s) Epoch 384/500: loss=5.203443[0m
( 27.578s) Epoch 385/500: loss=5.203179[0m
( 27.629s) Epoch 386/500: loss=5.202898[0m
( 27.544s) Epoch 387/500: loss=[32m5.202262[0m
( 27.624s) Epoch 388/500: loss=5.202901[0m
( 27.581s) Epoch 389/500: loss=5.203034[0m
( 27.580s) Epoch 390/500: loss=5.202326[0m
( 27.500s) Epoch 391/500: loss=5.202583[0m
( 27.598s) Epoch 392/500: loss=5.203026[0m
( 27.581s) Epoch 393/500: loss=5.202900[0m
( 27.598s) Epoch 394/500: loss=5.202676[0m
( 27.659s) Epoch 395/500: loss=5.202981[0m
( 27.587s) Epoch 396/500: loss=5.202932[0m
( 27.656s) Epoch 397/500: loss=5.202330[0m
( 27.560s) Epoch 398/500: loss=5.202980[0m
( 27.637s) Epoch 399/500: loss=5.202437[0m
( 27.567s) Epoch 400/500: loss=5.202839[0m
( 27.592s) Epoch 401/500: loss=5.203479[0m
( 27.520s) Epoch 402/500: loss=[32m5.202173[0m
( 27.682s) Epoch 403/500: loss=5.202583[0m
( 27.655s) Epoch 404/500: loss=5.202582[0m
( 27.597s) Epoch 405/500: loss=[32m5.202052[0m
( 27.562s) Epoch 406/500: loss=5.202729[0m
( 27.497s) Epoch 407/500: loss=[32m5.201877[0m
( 27.561s) Epoch 408/500: loss=5.202207[0m
( 27.542s) Epoch 409/500: loss=5.202117[0m
( 27.624s) Epoch 410/500: loss=5.202439[0m
( 27.671s) Epoch 411/500: loss=5.202908[0m
( 27.577s) Epoch 412/500: loss=5.201898[0m
( 27.556s) Epoch 413/500: loss=5.202677[0m
( 27.630s) Epoch 414/500: loss=5.202314[0m
( 27.551s) Epoch 415/500: loss=5.202547[0m
( 27.591s) Epoch 416/500: loss=5.202339[0m
( 27.528s) Epoch 417/500: loss=5.202625[0m
( 27.637s) Epoch 418/500: loss=5.202436[0m
( 27.630s) Epoch 419/500: loss=5.202833[0m
( 27.616s) Epoch 420/500: loss=5.202407[0m
( 27.584s) Epoch 421/500: loss=5.201981[0m
( 27.578s) Epoch 422/500: loss=5.202734[0m
( 27.730s) Epoch 423/500: loss=5.202583[0m
( 27.597s) Epoch 424/500: loss=5.202242[0m
( 27.661s) Epoch 425/500: loss=5.202522[0m
( 27.644s) Epoch 426/500: loss=5.202433[0m
( 27.585s) Epoch 427/500: loss=5.202846[0m
( 27.517s) Epoch 428/500: loss=5.202653[0m
( 27.593s) Epoch 429/500: loss=5.202706[0m
( 27.622s) Epoch 430/500: loss=5.202246[0m
( 27.665s) Epoch 431/500: loss=[32m5.201385[0m
( 27.562s) Epoch 432/500: loss=5.201523[0m
( 27.544s) Epoch 433/500: loss=5.202241[0m
( 27.586s) Epoch 434/500: loss=5.202184[0m
( 27.671s) Epoch 435/500: loss=5.202120[0m
( 27.585s) Epoch 436/500: loss=[32m5.201142[0m
( 27.617s) Epoch 437/500: loss=5.201643[0m
( 27.664s) Epoch 438/500: loss=5.202162[0m
( 27.564s) Epoch 439/500: loss=5.201916[0m
( 27.595s) Epoch 440/500: loss=5.201774[0m
( 27.756s) Epoch 441/500: loss=5.201497[0m
( 27.596s) Epoch 442/500: loss=5.201715[0m
( 27.561s) Epoch 443/500: loss=5.202152[0m
( 27.650s) Epoch 444/500: loss=5.202120[0m
( 27.720s) Epoch 445/500: loss=5.201327[0m
( 27.589s) Epoch 446/500: loss=5.202134[0m
( 27.663s) Epoch 447/500: loss=5.202192[0m
( 27.667s) Epoch 448/500: loss=5.201908[0m
( 27.627s) Epoch 449/500: loss=5.201492[0m
( 27.626s) Epoch 450/500: loss=5.201234[0m
( 27.490s) Epoch 451/500: loss=[32m5.201019[0m
( 27.564s) Epoch 452/500: loss=5.201254[0m
( 27.578s) Epoch 453/500: loss=5.201457[0m
( 27.540s) Epoch 454/500: loss=5.201819[0m
( 27.628s) Epoch 455/500: loss=5.201206[0m
( 27.652s) Epoch 456/500: loss=5.201258[0m
( 27.674s) Epoch 457/500: loss=5.202184[0m
( 27.600s) Epoch 458/500: loss=5.201685[0m
( 27.594s) Epoch 459/500: loss=5.201756[0m
( 27.616s) Epoch 460/500: loss=5.202063[0m
( 27.583s) Epoch 461/500: loss=5.201921[0m
( 27.619s) Epoch 462/500: loss=[32m5.200577[0m
( 27.628s) Epoch 463/500: loss=5.201350[0m
( 27.794s) Epoch 464/500: loss=5.201882[0m
( 27.443s) Epoch 465/500: loss=5.202042[0m
( 27.524s) Epoch 466/500: loss=5.201661[0m
( 27.449s) Epoch 467/500: loss=5.200831[0m
( 27.589s) Epoch 468/500: loss=5.200987[0m
( 27.606s) Epoch 469/500: loss=5.201243[0m
( 27.643s) Epoch 470/500: loss=5.201072[0m
( 27.528s) Epoch 471/500: loss=5.201115[0m
( 27.486s) Epoch 472/500: loss=5.201459[0m
( 27.605s) Epoch 473/500: loss=5.201217[0m
( 27.625s) Epoch 474/500: loss=5.201544[0m
( 27.490s) Epoch 475/500: loss=5.201203[0m
( 27.569s) Epoch 476/500: loss=5.201454[0m
( 27.652s) Epoch 477/500: loss=5.201453[0m
( 27.622s) Epoch 478/500: loss=5.200928[0m
( 27.651s) Epoch 479/500: loss=5.201046[0m
( 27.604s) Epoch 480/500: loss=5.201530[0m
( 27.642s) Epoch 481/500: loss=5.201191[0m
( 27.654s) Epoch 482/500: loss=5.201357[0m
( 27.624s) Epoch 483/500: loss=5.201217[0m
( 27.559s) Epoch 484/500: loss=5.202044[0m
( 27.527s) Epoch 485/500: loss=5.201485[0m
( 27.559s) Epoch 486/500: loss=5.201374[0m
( 27.687s) Epoch 487/500: loss=5.201551[0m
( 27.423s) Epoch 488/500: loss=5.201252[0m
( 27.623s) Epoch 489/500: loss=5.201819[0m
( 27.626s) Epoch 490/500: loss=5.201288[0m
( 27.652s) Epoch 491/500: loss=5.200900[0m
( 27.650s) Epoch 492/500: loss=5.202282[0m
( 27.499s) Epoch 493/500: loss=5.201283[0m
( 27.591s) Epoch 494/500: loss=5.201737[0m
( 27.619s) Epoch 495/500: loss=5.201788[0m
( 27.587s) Epoch 496/500: loss=5.200935[0m
( 27.674s) Epoch 497/500: loss=5.201394[0m
( 27.491s) Epoch 498/500: loss=5.201299[0m
( 27.607s) Epoch 499/500: loss=5.200837[0m
( 27.506s) Epoch 500/500: loss=5.200775[0m
Training for 500 epochs took 13798.651s total and 27.597s average
Calculating mean of transformed dataset using the best model state ... 7.201s
Saving best model and options to /home/aditya.bharti/FewShot/fc100_resnet18/ColorGauss.pth
