Namespace(T_max=500, backbone='resnet18', base_learning_rate=0.1, base_optimizer='SGD', batch_size=256, dampening=0.0, data_percent=20, dataset='fc100', dataset_root=None, distributed=True, episode_strat='SimpleShotEpisodes', eval_freq=2000, fine_tune_epochs=20, fine_tune_save_path='ft0.pth', first_augment='CropResize', head='SimpleMLP', jitter_strength=1.0, k_shot=5, load_from=None, local_rank=0, log_file=<_io.TextIOWrapper name='/home/aditya.bharti/FewShot/fc100_resnet18/CropColor.out' mode='a' encoding='UTF-8'>, loss_function='NTXent', model='SimCLRModel', momentum=0.9, n_way=5, nesterov=True, ntxent_temp=1.0, num_epochs=500, num_query=15, num_test_tasks=10000, num_workers=4, pin_memory=True, pretrained=False, progress=False, projection_dim=128, save_model=True, save_path='/home/aditya.bharti/FewShot/fc100_resnet18/CropColor.pth', scheduler='CosineAnnealingLR', second_augment='ColorDistort', shuffle=True, simple_opt=True, weight_decay=0.0001)
Starting Training on:
Train:  60 classes
Valid:  20 classes
Test:   20 classes
------------------
( 25.595s) Epoch 001/500: loss=[32m5.857509[0m
( 25.243s) Epoch 002/500: loss=[32m5.673333[0m
( 25.398s) Epoch 003/500: loss=[32m5.617491[0m
( 25.382s) Epoch 004/500: loss=[32m5.584864[0m
( 25.448s) Epoch 005/500: loss=[32m5.560536[0m
( 25.397s) Epoch 006/500: loss=[32m5.547456[0m
( 25.414s) Epoch 007/500: loss=[32m5.534593[0m
( 25.467s) Epoch 008/500: loss=[32m5.516944[0m
( 25.425s) Epoch 009/500: loss=[32m5.512470[0m
( 25.417s) Epoch 010/500: loss=[32m5.506216[0m
( 25.347s) Epoch 011/500: loss=[32m5.498870[0m
( 25.463s) Epoch 012/500: loss=[32m5.495106[0m
( 25.368s) Epoch 013/500: loss=[32m5.480803[0m
( 25.415s) Epoch 014/500: loss=[32m5.478438[0m
( 25.417s) Epoch 015/500: loss=[32m5.475449[0m
( 25.420s) Epoch 016/500: loss=[32m5.465785[0m
( 25.436s) Epoch 017/500: loss=5.470422[0m
( 25.465s) Epoch 018/500: loss=[32m5.457298[0m
( 25.402s) Epoch 019/500: loss=5.459506[0m
( 25.425s) Epoch 020/500: loss=[32m5.453812[0m
( 25.271s) Epoch 021/500: loss=[32m5.447730[0m
( 25.434s) Epoch 022/500: loss=[32m5.447147[0m
( 25.471s) Epoch 023/500: loss=[32m5.444261[0m
( 25.392s) Epoch 024/500: loss=[32m5.441878[0m
( 25.419s) Epoch 025/500: loss=[32m5.437600[0m
( 25.336s) Epoch 026/500: loss=5.442256[0m
( 25.396s) Epoch 027/500: loss=5.438933[0m
( 25.376s) Epoch 028/500: loss=[32m5.436569[0m
( 25.334s) Epoch 029/500: loss=[32m5.436454[0m
( 25.362s) Epoch 030/500: loss=[32m5.431758[0m
( 25.440s) Epoch 031/500: loss=[32m5.428926[0m
( 25.399s) Epoch 032/500: loss=5.430107[0m
( 25.433s) Epoch 033/500: loss=[32m5.425524[0m
( 25.299s) Epoch 034/500: loss=[32m5.423353[0m
( 25.446s) Epoch 035/500: loss=[32m5.423088[0m
( 25.452s) Epoch 036/500: loss=[32m5.419260[0m
( 25.459s) Epoch 037/500: loss=[32m5.416661[0m
( 25.352s) Epoch 038/500: loss=5.420529[0m
( 25.493s) Epoch 039/500: loss=5.416661[0m
( 25.302s) Epoch 040/500: loss=5.417376[0m
( 25.424s) Epoch 041/500: loss=[32m5.414688[0m
( 25.311s) Epoch 042/500: loss=[32m5.409186[0m
( 25.409s) Epoch 043/500: loss=5.412394[0m
( 25.429s) Epoch 044/500: loss=5.415287[0m
( 25.386s) Epoch 045/500: loss=5.409978[0m
( 25.406s) Epoch 046/500: loss=[32m5.405588[0m
( 25.441s) Epoch 047/500: loss=5.408879[0m
( 25.308s) Epoch 048/500: loss=5.409616[0m
( 25.302s) Epoch 049/500: loss=[32m5.405501[0m
( 25.396s) Epoch 050/500: loss=[32m5.405142[0m
( 25.420s) Epoch 051/500: loss=[32m5.404652[0m
( 25.423s) Epoch 052/500: loss=[32m5.400969[0m
( 25.458s) Epoch 053/500: loss=5.405166[0m
( 25.350s) Epoch 054/500: loss=[32m5.399917[0m
( 25.454s) Epoch 055/500: loss=5.400606[0m
( 25.376s) Epoch 056/500: loss=[32m5.398212[0m
( 25.442s) Epoch 057/500: loss=[32m5.396199[0m
( 25.341s) Epoch 058/500: loss=[32m5.395173[0m
( 25.386s) Epoch 059/500: loss=[32m5.394183[0m
( 25.358s) Epoch 060/500: loss=5.394426[0m
( 25.363s) Epoch 061/500: loss=[32m5.391855[0m
( 25.359s) Epoch 062/500: loss=5.396782[0m
( 25.530s) Epoch 063/500: loss=[32m5.391292[0m
( 25.458s) Epoch 064/500: loss=5.392215[0m
( 25.429s) Epoch 065/500: loss=[32m5.390405[0m
( 25.363s) Epoch 066/500: loss=[32m5.389828[0m
( 25.430s) Epoch 067/500: loss=[32m5.388979[0m
( 25.372s) Epoch 068/500: loss=[32m5.387979[0m
( 25.366s) Epoch 069/500: loss=[32m5.385603[0m
( 25.365s) Epoch 070/500: loss=5.386857[0m
( 25.427s) Epoch 071/500: loss=5.385777[0m
( 25.378s) Epoch 072/500: loss=5.386628[0m
( 25.414s) Epoch 073/500: loss=[32m5.384305[0m
( 25.385s) Epoch 074/500: loss=[32m5.383234[0m
( 25.282s) Epoch 075/500: loss=[32m5.382777[0m
( 25.472s) Epoch 076/500: loss=5.386324[0m
( 25.270s) Epoch 077/500: loss=[32m5.378891[0m
( 25.443s) Epoch 078/500: loss=5.378951[0m
( 25.445s) Epoch 079/500: loss=[32m5.378272[0m
( 25.496s) Epoch 080/500: loss=5.378936[0m
( 25.348s) Epoch 081/500: loss=5.381167[0m
( 25.405s) Epoch 082/500: loss=5.382180[0m
( 25.395s) Epoch 083/500: loss=[32m5.375387[0m
( 25.486s) Epoch 084/500: loss=5.376744[0m
( 25.453s) Epoch 085/500: loss=5.376603[0m
( 25.444s) Epoch 086/500: loss=[32m5.371911[0m
( 25.554s) Epoch 087/500: loss=5.374097[0m
( 25.471s) Epoch 088/500: loss=5.372917[0m
( 25.422s) Epoch 089/500: loss=5.373565[0m
( 25.405s) Epoch 090/500: loss=[32m5.370503[0m
( 25.543s) Epoch 091/500: loss=[32m5.367521[0m
( 25.427s) Epoch 092/500: loss=5.369739[0m
( 25.304s) Epoch 093/500: loss=5.368620[0m
( 25.451s) Epoch 094/500: loss=[32m5.365914[0m
( 25.440s) Epoch 095/500: loss=5.366211[0m
( 25.502s) Epoch 096/500: loss=[32m5.365354[0m
( 25.338s) Epoch 097/500: loss=5.365465[0m
( 25.434s) Epoch 098/500: loss=[32m5.364002[0m
( 25.400s) Epoch 099/500: loss=5.365229[0m
( 25.336s) Epoch 100/500: loss=5.365117[0m
( 25.387s) Epoch 101/500: loss=[32m5.363699[0m
( 25.399s) Epoch 102/500: loss=[32m5.362087[0m
( 25.434s) Epoch 103/500: loss=5.362321[0m
( 25.485s) Epoch 104/500: loss=[32m5.361710[0m
( 25.333s) Epoch 105/500: loss=5.361726[0m
( 25.387s) Epoch 106/500: loss=[32m5.358587[0m
( 25.450s) Epoch 107/500: loss=5.358849[0m
( 25.398s) Epoch 108/500: loss=5.360009[0m
( 25.351s) Epoch 109/500: loss=5.359099[0m
( 25.416s) Epoch 110/500: loss=5.359837[0m
( 25.420s) Epoch 111/500: loss=[32m5.358405[0m
( 25.512s) Epoch 112/500: loss=5.360115[0m
( 25.357s) Epoch 113/500: loss=5.361304[0m
( 25.322s) Epoch 114/500: loss=[32m5.355547[0m
( 25.361s) Epoch 115/500: loss=5.357121[0m
( 25.418s) Epoch 116/500: loss=5.357514[0m
( 25.373s) Epoch 117/500: loss=5.356847[0m
( 25.354s) Epoch 118/500: loss=[32m5.354812[0m
( 25.454s) Epoch 119/500: loss=[32m5.352943[0m
( 25.538s) Epoch 120/500: loss=5.354202[0m
( 25.422s) Epoch 121/500: loss=5.354205[0m
( 25.338s) Epoch 122/500: loss=[32m5.352447[0m
( 25.382s) Epoch 123/500: loss=5.353192[0m
( 25.388s) Epoch 124/500: loss=5.353548[0m
( 25.402s) Epoch 125/500: loss=[32m5.351659[0m
( 25.422s) Epoch 126/500: loss=5.352163[0m
( 25.440s) Epoch 127/500: loss=[32m5.350655[0m
( 25.510s) Epoch 128/500: loss=5.353316[0m
( 25.469s) Epoch 129/500: loss=5.353496[0m
( 25.375s) Epoch 130/500: loss=5.351972[0m
( 25.426s) Epoch 131/500: loss=[32m5.349077[0m
( 25.327s) Epoch 132/500: loss=5.349764[0m
( 25.364s) Epoch 133/500: loss=5.360477[0m
( 25.441s) Epoch 134/500: loss=5.350681[0m
( 25.533s) Epoch 135/500: loss=5.349798[0m
( 25.482s) Epoch 136/500: loss=[32m5.346104[0m
( 25.377s) Epoch 137/500: loss=5.348302[0m
( 25.448s) Epoch 138/500: loss=5.346425[0m
( 25.366s) Epoch 139/500: loss=5.348616[0m
( 25.377s) Epoch 140/500: loss=5.346147[0m
( 25.468s) Epoch 141/500: loss=[32m5.346084[0m
( 25.479s) Epoch 142/500: loss=[32m5.345245[0m
( 25.455s) Epoch 143/500: loss=[32m5.344202[0m
( 25.487s) Epoch 144/500: loss=5.345646[0m
( 25.454s) Epoch 145/500: loss=[32m5.343856[0m
( 25.445s) Epoch 146/500: loss=[32m5.342717[0m
( 25.421s) Epoch 147/500: loss=[32m5.342178[0m
( 25.381s) Epoch 148/500: loss=5.344795[0m
( 25.378s) Epoch 149/500: loss=[32m5.341433[0m
( 25.294s) Epoch 150/500: loss=5.341885[0m
( 25.328s) Epoch 151/500: loss=[32m5.341269[0m
( 25.484s) Epoch 152/500: loss=5.341315[0m
( 25.447s) Epoch 153/500: loss=[32m5.340732[0m
( 25.407s) Epoch 154/500: loss=5.340892[0m
( 25.366s) Epoch 155/500: loss=5.341311[0m
( 25.396s) Epoch 156/500: loss=[32m5.339744[0m
( 25.400s) Epoch 157/500: loss=5.339839[0m
( 25.289s) Epoch 158/500: loss=5.339750[0m
( 25.360s) Epoch 159/500: loss=5.341638[0m
( 25.392s) Epoch 160/500: loss=5.342534[0m
( 25.412s) Epoch 161/500: loss=[32m5.337870[0m
( 25.293s) Epoch 162/500: loss=[32m5.335938[0m
( 25.322s) Epoch 163/500: loss=5.337428[0m
( 25.494s) Epoch 164/500: loss=5.339957[0m
( 25.338s) Epoch 165/500: loss=5.338611[0m
( 25.322s) Epoch 166/500: loss=5.338716[0m
( 25.376s) Epoch 167/500: loss=[32m5.335622[0m
( 25.356s) Epoch 168/500: loss=5.338647[0m
( 25.404s) Epoch 169/500: loss=[32m5.334171[0m
( 25.417s) Epoch 170/500: loss=5.337165[0m
( 25.454s) Epoch 171/500: loss=[32m5.333987[0m
( 25.386s) Epoch 172/500: loss=5.334507[0m
( 25.387s) Epoch 173/500: loss=5.338096[0m
( 25.325s) Epoch 174/500: loss=[32m5.332573[0m
( 25.332s) Epoch 175/500: loss=5.334075[0m
( 25.381s) Epoch 176/500: loss=[32m5.331739[0m
( 25.504s) Epoch 177/500: loss=5.331971[0m
( 25.486s) Epoch 178/500: loss=5.335568[0m
( 25.373s) Epoch 179/500: loss=5.334474[0m
( 25.407s) Epoch 180/500: loss=[32m5.331382[0m
( 25.380s) Epoch 181/500: loss=5.332147[0m
( 25.426s) Epoch 182/500: loss=5.333147[0m
( 25.349s) Epoch 183/500: loss=5.334119[0m
( 25.343s) Epoch 184/500: loss=5.332771[0m
( 25.508s) Epoch 185/500: loss=5.331545[0m
( 25.490s) Epoch 186/500: loss=5.333572[0m
( 25.429s) Epoch 187/500: loss=5.333278[0m
( 25.414s) Epoch 188/500: loss=5.331750[0m
( 25.422s) Epoch 189/500: loss=[32m5.329543[0m
( 25.485s) Epoch 190/500: loss=5.330056[0m
( 25.406s) Epoch 191/500: loss=[32m5.329383[0m
( 25.343s) Epoch 192/500: loss=5.331625[0m
( 25.492s) Epoch 193/500: loss=5.329671[0m
( 25.405s) Epoch 194/500: loss=[32m5.328184[0m
( 25.469s) Epoch 195/500: loss=5.330247[0m
( 25.343s) Epoch 196/500: loss=5.330835[0m
( 25.484s) Epoch 197/500: loss=[32m5.327289[0m
( 25.460s) Epoch 198/500: loss=5.327578[0m
( 25.363s) Epoch 199/500: loss=5.328070[0m
( 25.421s) Epoch 200/500: loss=5.327442[0m
( 25.403s) Epoch 201/500: loss=[32m5.326398[0m
( 25.443s) Epoch 202/500: loss=5.326727[0m
( 25.287s) Epoch 203/500: loss=5.328963[0m
( 25.420s) Epoch 204/500: loss=[32m5.325188[0m
( 25.260s) Epoch 205/500: loss=[32m5.324306[0m
( 25.422s) Epoch 206/500: loss=5.327060[0m
( 25.419s) Epoch 207/500: loss=5.327431[0m
( 25.371s) Epoch 208/500: loss=5.325372[0m
( 25.471s) Epoch 209/500: loss=5.325505[0m
( 25.512s) Epoch 210/500: loss=5.325383[0m
( 25.407s) Epoch 211/500: loss=[32m5.324000[0m
( 25.520s) Epoch 212/500: loss=5.325934[0m
( 25.434s) Epoch 213/500: loss=[32m5.323739[0m
( 25.392s) Epoch 214/500: loss=5.324233[0m
( 25.415s) Epoch 215/500: loss=[32m5.323033[0m
( 25.364s) Epoch 216/500: loss=5.325298[0m
( 25.456s) Epoch 217/500: loss=5.324336[0m
( 25.484s) Epoch 218/500: loss=5.324046[0m
( 25.365s) Epoch 219/500: loss=[32m5.322236[0m
( 25.431s) Epoch 220/500: loss=[32m5.320077[0m
( 25.409s) Epoch 221/500: loss=5.323184[0m
( 25.350s) Epoch 222/500: loss=[32m5.319894[0m
( 25.344s) Epoch 223/500: loss=5.320976[0m
( 25.445s) Epoch 224/500: loss=5.320077[0m
( 25.412s) Epoch 225/500: loss=5.321395[0m
( 25.456s) Epoch 226/500: loss=5.322754[0m
( 25.483s) Epoch 227/500: loss=5.321534[0m
( 25.403s) Epoch 228/500: loss=[32m5.319275[0m
( 25.391s) Epoch 229/500: loss=5.319596[0m
( 25.337s) Epoch 230/500: loss=[32m5.318683[0m
( 25.384s) Epoch 231/500: loss=[32m5.318260[0m
( 25.484s) Epoch 232/500: loss=5.318580[0m
( 25.402s) Epoch 233/500: loss=5.319883[0m
( 25.486s) Epoch 234/500: loss=5.321067[0m
( 25.451s) Epoch 235/500: loss=5.320748[0m
( 25.366s) Epoch 236/500: loss=5.319047[0m
( 25.413s) Epoch 237/500: loss=5.320389[0m
( 25.484s) Epoch 238/500: loss=[32m5.314197[0m
( 25.378s) Epoch 239/500: loss=5.319194[0m
( 25.415s) Epoch 240/500: loss=5.317702[0m
( 25.511s) Epoch 241/500: loss=5.314882[0m
( 25.538s) Epoch 242/500: loss=5.316336[0m
( 25.420s) Epoch 243/500: loss=5.317620[0m
( 25.505s) Epoch 244/500: loss=5.315879[0m
( 25.350s) Epoch 245/500: loss=5.317720[0m
( 25.519s) Epoch 246/500: loss=[32m5.313999[0m
( 25.449s) Epoch 247/500: loss=5.317530[0m
( 25.446s) Epoch 248/500: loss=5.323594[0m
( 25.308s) Epoch 249/500: loss=5.315872[0m
( 25.428s) Epoch 250/500: loss=5.316403[0m
( 25.526s) Epoch 251/500: loss=5.314312[0m
( 25.409s) Epoch 252/500: loss=5.317668[0m
( 25.409s) Epoch 253/500: loss=[32m5.313791[0m
( 25.341s) Epoch 254/500: loss=[32m5.313644[0m
( 25.425s) Epoch 255/500: loss=[32m5.312339[0m
( 25.435s) Epoch 256/500: loss=5.312627[0m
( 25.462s) Epoch 257/500: loss=5.314995[0m
( 25.445s) Epoch 258/500: loss=5.316662[0m
( 25.622s) Epoch 259/500: loss=5.314248[0m
( 25.507s) Epoch 260/500: loss=5.312976[0m
( 25.478s) Epoch 261/500: loss=5.314014[0m
( 25.423s) Epoch 262/500: loss=5.314978[0m
( 25.395s) Epoch 263/500: loss=[32m5.311850[0m
( 25.386s) Epoch 264/500: loss=5.312011[0m
( 25.429s) Epoch 265/500: loss=5.312621[0m
( 25.517s) Epoch 266/500: loss=5.314072[0m
( 25.493s) Epoch 267/500: loss=5.312082[0m
( 25.541s) Epoch 268/500: loss=[32m5.311453[0m
( 25.346s) Epoch 269/500: loss=5.311841[0m
( 25.385s) Epoch 270/500: loss=5.311501[0m
( 25.407s) Epoch 271/500: loss=[32m5.311345[0m
( 25.490s) Epoch 272/500: loss=[32m5.311234[0m
( 25.415s) Epoch 273/500: loss=5.312572[0m
( 25.349s) Epoch 274/500: loss=5.312535[0m
( 25.483s) Epoch 275/500: loss=5.311413[0m
( 25.487s) Epoch 276/500: loss=5.311662[0m
( 25.391s) Epoch 277/500: loss=5.312657[0m
( 25.416s) Epoch 278/500: loss=[32m5.311073[0m
( 25.446s) Epoch 279/500: loss=[32m5.309708[0m
( 25.406s) Epoch 280/500: loss=5.309745[0m
( 25.484s) Epoch 281/500: loss=[32m5.308104[0m
( 25.370s) Epoch 282/500: loss=5.310381[0m
( 25.474s) Epoch 283/500: loss=5.310660[0m
( 25.502s) Epoch 284/500: loss=5.309516[0m
( 25.399s) Epoch 285/500: loss=5.309831[0m
( 25.403s) Epoch 286/500: loss=5.308401[0m
( 25.321s) Epoch 287/500: loss=[32m5.307325[0m
( 25.468s) Epoch 288/500: loss=5.308431[0m
( 25.459s) Epoch 289/500: loss=[32m5.304863[0m
( 25.438s) Epoch 290/500: loss=5.307688[0m
( 25.386s) Epoch 291/500: loss=5.307580[0m
( 25.526s) Epoch 292/500: loss=5.309587[0m
( 25.404s) Epoch 293/500: loss=5.304947[0m
( 25.385s) Epoch 294/500: loss=5.306206[0m
( 25.431s) Epoch 295/500: loss=5.307772[0m
( 25.495s) Epoch 296/500: loss=5.306686[0m
( 25.466s) Epoch 297/500: loss=[32m5.303144[0m
( 25.456s) Epoch 298/500: loss=5.303777[0m
( 25.396s) Epoch 299/500: loss=5.307813[0m
( 25.431s) Epoch 300/500: loss=5.304282[0m
( 25.447s) Epoch 301/500: loss=5.306538[0m
( 25.384s) Epoch 302/500: loss=5.305180[0m
( 25.371s) Epoch 303/500: loss=5.304562[0m
( 25.384s) Epoch 304/500: loss=5.304641[0m
( 25.399s) Epoch 305/500: loss=5.305331[0m
( 25.425s) Epoch 306/500: loss=5.303865[0m
( 25.455s) Epoch 307/500: loss=5.305346[0m
( 25.499s) Epoch 308/500: loss=[32m5.302380[0m
( 25.482s) Epoch 309/500: loss=[32m5.302234[0m
( 25.429s) Epoch 310/500: loss=5.303013[0m
( 25.420s) Epoch 311/500: loss=5.304096[0m
( 25.439s) Epoch 312/500: loss=[32m5.301826[0m
( 25.423s) Epoch 313/500: loss=5.304319[0m
( 25.405s) Epoch 314/500: loss=5.303899[0m
( 25.423s) Epoch 315/500: loss=5.309260[0m
( 25.459s) Epoch 316/500: loss=5.302808[0m
( 25.515s) Epoch 317/500: loss=5.304379[0m
( 25.345s) Epoch 318/500: loss=5.301862[0m
( 25.377s) Epoch 319/500: loss=5.302544[0m
( 25.465s) Epoch 320/500: loss=5.302582[0m
( 25.427s) Epoch 321/500: loss=5.303235[0m
( 25.429s) Epoch 322/500: loss=[32m5.301175[0m
( 25.398s) Epoch 323/500: loss=5.301291[0m
( 25.549s) Epoch 324/500: loss=[32m5.300960[0m
( 25.438s) Epoch 325/500: loss=5.303535[0m
( 25.451s) Epoch 326/500: loss=5.301996[0m
( 25.473s) Epoch 327/500: loss=[32m5.300422[0m
( 25.461s) Epoch 328/500: loss=5.300617[0m
( 25.408s) Epoch 329/500: loss=5.300488[0m
( 25.443s) Epoch 330/500: loss=[32m5.300258[0m
( 25.394s) Epoch 331/500: loss=[32m5.298575[0m
( 25.372s) Epoch 332/500: loss=[32m5.297429[0m
( 25.487s) Epoch 333/500: loss=5.299940[0m
( 25.344s) Epoch 334/500: loss=5.299728[0m
( 25.425s) Epoch 335/500: loss=5.298944[0m
( 25.459s) Epoch 336/500: loss=5.300327[0m
( 25.355s) Epoch 337/500: loss=5.302239[0m
( 25.343s) Epoch 338/500: loss=5.299142[0m
( 25.336s) Epoch 339/500: loss=5.299128[0m
( 25.443s) Epoch 340/500: loss=5.299176[0m
( 25.479s) Epoch 341/500: loss=5.297774[0m
( 25.394s) Epoch 342/500: loss=5.298430[0m
( 25.464s) Epoch 343/500: loss=[32m5.296920[0m
( 25.451s) Epoch 344/500: loss=5.299358[0m
( 25.480s) Epoch 345/500: loss=5.298075[0m
( 25.434s) Epoch 346/500: loss=5.297449[0m
( 25.331s) Epoch 347/500: loss=5.297525[0m
( 25.456s) Epoch 348/500: loss=5.298587[0m
( 25.398s) Epoch 349/500: loss=5.297033[0m
( 25.483s) Epoch 350/500: loss=[32m5.295390[0m
( 25.372s) Epoch 351/500: loss=5.296996[0m
( 25.439s) Epoch 352/500: loss=5.296352[0m
( 25.463s) Epoch 353/500: loss=[32m5.294827[0m
( 25.400s) Epoch 354/500: loss=5.295457[0m
( 25.439s) Epoch 355/500: loss=5.296139[0m
( 25.441s) Epoch 356/500: loss=5.297126[0m
( 25.525s) Epoch 357/500: loss=5.295697[0m
( 25.489s) Epoch 358/500: loss=5.296227[0m
( 25.445s) Epoch 359/500: loss=5.295496[0m
( 25.368s) Epoch 360/500: loss=5.296524[0m
( 25.306s) Epoch 361/500: loss=5.295625[0m
( 25.400s) Epoch 362/500: loss=5.295046[0m
( 25.330s) Epoch 363/500: loss=5.296989[0m
( 25.415s) Epoch 364/500: loss=[32m5.293527[0m
( 25.305s) Epoch 365/500: loss=5.294072[0m
( 25.493s) Epoch 366/500: loss=5.294152[0m
( 25.399s) Epoch 367/500: loss=5.294248[0m
( 25.429s) Epoch 368/500: loss=5.295023[0m
( 25.280s) Epoch 369/500: loss=5.295347[0m
( 25.425s) Epoch 370/500: loss=5.294917[0m
( 25.363s) Epoch 371/500: loss=5.296131[0m
( 25.424s) Epoch 372/500: loss=5.295129[0m
( 25.409s) Epoch 373/500: loss=5.295463[0m
( 25.565s) Epoch 374/500: loss=5.294540[0m
( 25.323s) Epoch 375/500: loss=5.294497[0m
( 25.355s) Epoch 376/500: loss=5.295510[0m
( 25.353s) Epoch 377/500: loss=[32m5.292926[0m
( 25.353s) Epoch 378/500: loss=5.294025[0m
( 25.442s) Epoch 379/500: loss=5.293401[0m
( 25.400s) Epoch 380/500: loss=[32m5.292440[0m
( 25.503s) Epoch 381/500: loss=5.293002[0m
( 25.421s) Epoch 382/500: loss=5.293188[0m
( 25.442s) Epoch 383/500: loss=[32m5.292360[0m
( 25.381s) Epoch 384/500: loss=[32m5.291082[0m
( 25.376s) Epoch 385/500: loss=[32m5.290877[0m
( 25.479s) Epoch 386/500: loss=5.292847[0m
( 25.370s) Epoch 387/500: loss=[32m5.290539[0m
( 25.392s) Epoch 388/500: loss=5.292261[0m
( 25.441s) Epoch 389/500: loss=5.291053[0m
( 25.558s) Epoch 390/500: loss=5.291098[0m
( 25.408s) Epoch 391/500: loss=5.290943[0m
( 25.401s) Epoch 392/500: loss=[32m5.289701[0m
( 25.455s) Epoch 393/500: loss=5.291491[0m
( 25.420s) Epoch 394/500: loss=5.292481[0m
( 25.444s) Epoch 395/500: loss=5.290855[0m
( 25.393s) Epoch 396/500: loss=[32m5.288577[0m
( 25.456s) Epoch 397/500: loss=5.291686[0m
( 25.660s) Epoch 398/500: loss=5.288706[0m
( 25.474s) Epoch 399/500: loss=5.290233[0m
( 25.402s) Epoch 400/500: loss=5.289335[0m
( 25.397s) Epoch 401/500: loss=[32m5.288226[0m
( 25.355s) Epoch 402/500: loss=5.290859[0m
( 25.406s) Epoch 403/500: loss=5.290308[0m
( 25.467s) Epoch 404/500: loss=5.289986[0m
( 25.412s) Epoch 405/500: loss=5.288806[0m
( 25.422s) Epoch 406/500: loss=5.289991[0m
( 25.558s) Epoch 407/500: loss=5.289179[0m
( 25.400s) Epoch 408/500: loss=5.291587[0m
( 25.610s) Epoch 409/500: loss=5.288988[0m
( 25.395s) Epoch 410/500: loss=5.291915[0m
( 25.380s) Epoch 411/500: loss=5.288710[0m
( 25.444s) Epoch 412/500: loss=5.289473[0m
( 25.358s) Epoch 413/500: loss=5.288895[0m
( 25.464s) Epoch 414/500: loss=5.289028[0m
( 25.515s) Epoch 415/500: loss=5.288993[0m
( 25.516s) Epoch 416/500: loss=5.289886[0m
( 25.407s) Epoch 417/500: loss=5.289381[0m
( 25.395s) Epoch 418/500: loss=5.288584[0m
( 25.372s) Epoch 419/500: loss=[32m5.287023[0m
( 25.446s) Epoch 420/500: loss=5.287928[0m
( 25.375s) Epoch 421/500: loss=5.287525[0m
( 25.374s) Epoch 422/500: loss=5.290310[0m
( 25.617s) Epoch 423/500: loss=5.291300[0m
( 25.456s) Epoch 424/500: loss=5.287300[0m
( 25.401s) Epoch 425/500: loss=5.288792[0m
( 25.403s) Epoch 426/500: loss=5.290041[0m
( 25.356s) Epoch 427/500: loss=5.287071[0m
( 25.406s) Epoch 428/500: loss=5.288607[0m
( 25.329s) Epoch 429/500: loss=5.288600[0m
( 25.421s) Epoch 430/500: loss=5.289565[0m
( 25.420s) Epoch 431/500: loss=5.287207[0m
( 25.471s) Epoch 432/500: loss=[32m5.286161[0m
( 25.474s) Epoch 433/500: loss=5.286554[0m
( 25.451s) Epoch 434/500: loss=5.288056[0m
( 25.507s) Epoch 435/500: loss=5.288388[0m
( 25.390s) Epoch 436/500: loss=5.286951[0m
( 25.418s) Epoch 437/500: loss=5.286954[0m
( 25.373s) Epoch 438/500: loss=5.287080[0m
( 25.564s) Epoch 439/500: loss=5.287713[0m
( 25.524s) Epoch 440/500: loss=5.287607[0m
( 25.486s) Epoch 441/500: loss=5.287546[0m
( 25.433s) Epoch 442/500: loss=5.287781[0m
( 25.438s) Epoch 443/500: loss=[32m5.285744[0m
( 25.417s) Epoch 444/500: loss=5.285803[0m
( 25.394s) Epoch 445/500: loss=5.286414[0m
( 25.414s) Epoch 446/500: loss=5.286952[0m
( 25.372s) Epoch 447/500: loss=5.286411[0m
( 25.445s) Epoch 448/500: loss=5.287254[0m
( 25.354s) Epoch 449/500: loss=[32m5.284625[0m
( 25.392s) Epoch 450/500: loss=5.287258[0m
( 25.310s) Epoch 451/500: loss=5.288035[0m
( 25.307s) Epoch 452/500: loss=5.285886[0m
( 25.433s) Epoch 453/500: loss=5.285211[0m
( 25.426s) Epoch 454/500: loss=5.286431[0m
( 25.494s) Epoch 455/500: loss=5.285321[0m
( 25.461s) Epoch 456/500: loss=5.286718[0m
( 25.440s) Epoch 457/500: loss=5.285965[0m
( 25.480s) Epoch 458/500: loss=5.286509[0m
( 25.550s) Epoch 459/500: loss=5.287566[0m
( 25.375s) Epoch 460/500: loss=5.286526[0m
( 25.429s) Epoch 461/500: loss=[32m5.284517[0m
( 25.414s) Epoch 462/500: loss=5.287328[0m
( 25.420s) Epoch 463/500: loss=5.286488[0m
( 25.488s) Epoch 464/500: loss=5.285969[0m
( 25.517s) Epoch 465/500: loss=5.286005[0m
( 25.446s) Epoch 466/500: loss=5.286837[0m
( 25.434s) Epoch 467/500: loss=5.285651[0m
( 25.490s) Epoch 468/500: loss=5.287664[0m
( 25.448s) Epoch 469/500: loss=5.284869[0m
( 25.420s) Epoch 470/500: loss=5.286314[0m
( 25.430s) Epoch 471/500: loss=5.285621[0m
( 25.487s) Epoch 472/500: loss=[32m5.283936[0m
( 25.477s) Epoch 473/500: loss=5.285509[0m
( 25.423s) Epoch 474/500: loss=5.286455[0m
( 25.446s) Epoch 475/500: loss=5.285790[0m
( 25.422s) Epoch 476/500: loss=5.286675[0m
( 25.436s) Epoch 477/500: loss=5.285768[0m
( 25.493s) Epoch 478/500: loss=5.285849[0m
( 25.383s) Epoch 479/500: loss=5.287286[0m
( 25.547s) Epoch 480/500: loss=5.285112[0m
( 25.519s) Epoch 481/500: loss=5.284010[0m
( 25.444s) Epoch 482/500: loss=[32m5.283788[0m
( 25.464s) Epoch 483/500: loss=5.285393[0m
( 25.351s) Epoch 484/500: loss=5.285062[0m
( 25.373s) Epoch 485/500: loss=5.285918[0m
( 25.368s) Epoch 486/500: loss=5.284907[0m
( 25.437s) Epoch 487/500: loss=[32m5.283430[0m
( 25.376s) Epoch 488/500: loss=5.284705[0m
( 25.575s) Epoch 489/500: loss=5.285688[0m
( 25.442s) Epoch 490/500: loss=5.285791[0m
( 25.415s) Epoch 491/500: loss=5.285651[0m
( 25.416s) Epoch 492/500: loss=5.286135[0m
( 25.439s) Epoch 493/500: loss=5.286474[0m
( 25.458s) Epoch 494/500: loss=5.285655[0m
( 25.327s) Epoch 495/500: loss=5.284559[0m
( 25.439s) Epoch 496/500: loss=5.285147[0m
( 25.495s) Epoch 497/500: loss=5.286494[0m
( 25.529s) Epoch 498/500: loss=[32m5.282928[0m
( 25.515s) Epoch 499/500: loss=5.283048[0m
( 25.445s) Epoch 500/500: loss=5.286155[0m
Training for 500 epochs took 12710.524s total and 25.421s average
Calculating mean of transformed dataset using the best model state ... 7.149s
Saving best model and options to /home/aditya.bharti/FewShot/fc100_resnet18/CropColor.pth
