Namespace(T_max=500, backbone='resnet18', base_learning_rate=0.1, base_optimizer='SGD', batch_size=256, dampening=0.0, data_percent=20, dataset='fc100', dataset_root=None, distributed=True, episode_strat='SimpleShotEpisodes', eval_freq=2000, fine_tune_epochs=20, fine_tune_save_path='ft0.pth', first_augment='CropResize', head='SimpleMLP', jitter_strength=1.0, k_shot=5, load_from=None, local_rank=0, log_file=<_io.TextIOWrapper name='/home/aditya.bharti/FewShot/fc100_resnet18/CropGauss.out' mode='a' encoding='UTF-8'>, loss_function='NTXent', model='SimCLRModel', momentum=0.9, n_way=5, nesterov=True, ntxent_temp=1.0, num_epochs=500, num_query=15, num_test_tasks=10000, num_workers=4, pin_memory=True, pretrained=False, progress=False, projection_dim=128, save_model=True, save_path='/home/aditya.bharti/FewShot/fc100_resnet18/CropGauss.pth', scheduler='CosineAnnealingLR', second_augment='GaussBlur', shuffle=True, simple_opt=True, weight_decay=0.0001)
Starting Training on:
Train:  60 classes
Valid:  20 classes
Test:   20 classes
------------------
( 35.994s) Epoch 001/500: loss=[32m5.530752[0m
( 22.449s) Epoch 002/500: loss=[32m5.372540[0m
( 20.658s) Epoch 003/500: loss=[32m5.346912[0m
( 20.675s) Epoch 004/500: loss=[32m5.335047[0m
( 20.683s) Epoch 005/500: loss=[32m5.332257[0m
( 20.534s) Epoch 006/500: loss=[32m5.325172[0m
( 20.564s) Epoch 007/500: loss=5.325201[0m
( 20.614s) Epoch 008/500: loss=[32m5.321291[0m
( 20.407s) Epoch 009/500: loss=[32m5.316984[0m
( 20.731s) Epoch 010/500: loss=[32m5.310626[0m
( 20.624s) Epoch 011/500: loss=[32m5.308593[0m
( 20.666s) Epoch 012/500: loss=[32m5.304865[0m
( 20.705s) Epoch 013/500: loss=[32m5.302446[0m
( 20.575s) Epoch 014/500: loss=5.302978[0m
( 20.692s) Epoch 015/500: loss=[32m5.300145[0m
( 20.791s) Epoch 016/500: loss=[32m5.298331[0m
( 20.619s) Epoch 017/500: loss=[32m5.297083[0m
( 20.648s) Epoch 018/500: loss=[32m5.296367[0m
( 20.560s) Epoch 019/500: loss=[32m5.293497[0m
( 20.779s) Epoch 020/500: loss=[32m5.291929[0m
( 20.648s) Epoch 021/500: loss=[32m5.291728[0m
( 20.586s) Epoch 022/500: loss=[32m5.290395[0m
( 20.702s) Epoch 023/500: loss=[32m5.289166[0m
( 20.698s) Epoch 024/500: loss=5.290056[0m
( 20.613s) Epoch 025/500: loss=[32m5.288221[0m
( 20.688s) Epoch 026/500: loss=5.288672[0m
( 20.750s) Epoch 027/500: loss=[32m5.286172[0m
( 20.667s) Epoch 028/500: loss=5.287933[0m
( 20.714s) Epoch 029/500: loss=[32m5.286028[0m
( 20.725s) Epoch 030/500: loss=[32m5.283500[0m
( 20.541s) Epoch 031/500: loss=[32m5.281395[0m
( 20.670s) Epoch 032/500: loss=5.283134[0m
( 20.773s) Epoch 033/500: loss=5.284868[0m
( 20.662s) Epoch 034/500: loss=5.282006[0m
( 20.837s) Epoch 035/500: loss=5.282513[0m
( 20.610s) Epoch 036/500: loss=[32m5.278849[0m
( 20.663s) Epoch 037/500: loss=5.281450[0m
( 20.713s) Epoch 038/500: loss=5.279512[0m
( 20.714s) Epoch 039/500: loss=5.278927[0m
( 20.720s) Epoch 040/500: loss=5.279406[0m
( 20.777s) Epoch 041/500: loss=[32m5.277366[0m
( 20.684s) Epoch 042/500: loss=[32m5.276868[0m
( 20.675s) Epoch 043/500: loss=5.277148[0m
( 20.654s) Epoch 044/500: loss=[32m5.274994[0m
( 20.648s) Epoch 045/500: loss=5.275183[0m
( 20.757s) Epoch 046/500: loss=5.275403[0m
( 20.697s) Epoch 047/500: loss=5.275398[0m
( 20.634s) Epoch 048/500: loss=5.275414[0m
( 20.545s) Epoch 049/500: loss=[32m5.273017[0m
( 20.708s) Epoch 050/500: loss=5.273519[0m
( 20.668s) Epoch 051/500: loss=5.273743[0m
( 20.709s) Epoch 052/500: loss=[32m5.272008[0m
( 20.789s) Epoch 053/500: loss=[32m5.270639[0m
( 20.749s) Epoch 054/500: loss=5.271516[0m
( 20.681s) Epoch 055/500: loss=[32m5.268983[0m
( 20.618s) Epoch 056/500: loss=5.271798[0m
( 20.736s) Epoch 057/500: loss=5.269755[0m
( 20.780s) Epoch 058/500: loss=5.269387[0m
( 20.487s) Epoch 059/500: loss=[32m5.268511[0m
( 20.657s) Epoch 060/500: loss=5.268514[0m
( 20.667s) Epoch 061/500: loss=[32m5.268322[0m
( 20.655s) Epoch 062/500: loss=[32m5.265597[0m
( 20.685s) Epoch 063/500: loss=5.267330[0m
( 20.659s) Epoch 064/500: loss=5.268418[0m
( 20.622s) Epoch 065/500: loss=5.268081[0m
( 20.787s) Epoch 066/500: loss=5.265782[0m
( 20.733s) Epoch 067/500: loss=5.267358[0m
( 20.571s) Epoch 068/500: loss=5.266524[0m
( 20.660s) Epoch 069/500: loss=5.268232[0m
( 20.597s) Epoch 070/500: loss=5.265707[0m
( 20.663s) Epoch 071/500: loss=[32m5.264430[0m
( 20.621s) Epoch 072/500: loss=5.264657[0m
( 20.814s) Epoch 073/500: loss=[32m5.263370[0m
( 20.718s) Epoch 074/500: loss=5.264234[0m
( 20.599s) Epoch 075/500: loss=5.263415[0m
( 20.673s) Epoch 076/500: loss=5.263779[0m
( 20.739s) Epoch 077/500: loss=[32m5.262840[0m
( 20.591s) Epoch 078/500: loss=[32m5.262726[0m
( 20.649s) Epoch 079/500: loss=[32m5.262639[0m
( 20.644s) Epoch 080/500: loss=[32m5.261423[0m
( 20.760s) Epoch 081/500: loss=5.262507[0m
( 20.637s) Epoch 082/500: loss=5.261624[0m
( 20.655s) Epoch 083/500: loss=[32m5.261207[0m
( 20.666s) Epoch 084/500: loss=5.261310[0m
( 20.755s) Epoch 085/500: loss=[32m5.260669[0m
( 20.689s) Epoch 086/500: loss=5.261086[0m
( 20.735s) Epoch 087/500: loss=5.260984[0m
( 20.675s) Epoch 088/500: loss=5.263353[0m
( 20.682s) Epoch 089/500: loss=5.261200[0m
( 20.754s) Epoch 090/500: loss=5.260992[0m
( 20.679s) Epoch 091/500: loss=5.261136[0m
( 20.597s) Epoch 092/500: loss=[32m5.257744[0m
( 20.729s) Epoch 093/500: loss=5.260633[0m
( 20.764s) Epoch 094/500: loss=5.257943[0m
( 20.759s) Epoch 095/500: loss=5.259719[0m
( 20.584s) Epoch 096/500: loss=[32m5.257734[0m
( 20.714s) Epoch 097/500: loss=5.259841[0m
( 20.618s) Epoch 098/500: loss=5.260820[0m
( 20.689s) Epoch 099/500: loss=5.257981[0m
( 20.664s) Epoch 100/500: loss=5.258394[0m
( 20.680s) Epoch 101/500: loss=5.258388[0m
( 20.679s) Epoch 102/500: loss=[32m5.256678[0m
( 20.630s) Epoch 103/500: loss=5.258411[0m
( 20.755s) Epoch 104/500: loss=5.257982[0m
( 20.632s) Epoch 105/500: loss=5.257755[0m
( 20.568s) Epoch 106/500: loss=[32m5.255988[0m
( 20.665s) Epoch 107/500: loss=5.256994[0m
( 20.708s) Epoch 108/500: loss=5.256386[0m
( 20.733s) Epoch 109/500: loss=5.257625[0m
( 20.726s) Epoch 110/500: loss=5.257536[0m
( 20.658s) Epoch 111/500: loss=5.256556[0m
( 20.616s) Epoch 112/500: loss=5.257180[0m
( 20.631s) Epoch 113/500: loss=5.256606[0m
( 20.807s) Epoch 114/500: loss=5.256370[0m
( 20.637s) Epoch 115/500: loss=5.256721[0m
( 20.725s) Epoch 116/500: loss=[32m5.254867[0m
( 20.609s) Epoch 117/500: loss=[32m5.254139[0m
( 20.780s) Epoch 118/500: loss=5.254456[0m
( 20.691s) Epoch 119/500: loss=5.257050[0m
( 20.632s) Epoch 120/500: loss=5.257016[0m
( 20.780s) Epoch 121/500: loss=5.256736[0m
( 20.820s) Epoch 122/500: loss=5.254424[0m
( 20.770s) Epoch 123/500: loss=5.255974[0m
( 20.706s) Epoch 124/500: loss=[32m5.252407[0m
( 20.650s) Epoch 125/500: loss=5.254064[0m
( 20.638s) Epoch 126/500: loss=5.254749[0m
( 20.706s) Epoch 127/500: loss=5.256140[0m
( 20.832s) Epoch 128/500: loss=5.253718[0m
( 20.670s) Epoch 129/500: loss=5.253725[0m
( 20.741s) Epoch 130/500: loss=5.255812[0m
( 20.670s) Epoch 131/500: loss=5.255645[0m
( 20.658s) Epoch 132/500: loss=5.255263[0m
( 20.745s) Epoch 133/500: loss=5.252968[0m
( 20.748s) Epoch 134/500: loss=5.253119[0m
( 20.701s) Epoch 135/500: loss=5.254521[0m
( 20.709s) Epoch 136/500: loss=5.254316[0m
( 20.726s) Epoch 137/500: loss=5.253306[0m
( 20.627s) Epoch 138/500: loss=[32m5.252212[0m
( 20.685s) Epoch 139/500: loss=5.253263[0m
( 20.723s) Epoch 140/500: loss=5.252892[0m
( 20.691s) Epoch 141/500: loss=5.252345[0m
( 20.726s) Epoch 142/500: loss=5.252380[0m
( 20.755s) Epoch 143/500: loss=5.252521[0m
( 20.553s) Epoch 144/500: loss=[32m5.251177[0m
( 20.587s) Epoch 145/500: loss=5.254067[0m
( 20.854s) Epoch 146/500: loss=5.253693[0m
( 20.617s) Epoch 147/500: loss=5.252828[0m
( 20.709s) Epoch 148/500: loss=5.252859[0m
( 20.838s) Epoch 149/500: loss=5.252546[0m
( 20.692s) Epoch 150/500: loss=5.253412[0m
( 20.695s) Epoch 151/500: loss=5.252625[0m
( 20.632s) Epoch 152/500: loss=5.252757[0m
( 20.722s) Epoch 153/500: loss=[32m5.251070[0m
( 20.592s) Epoch 154/500: loss=[32m5.250638[0m
( 20.747s) Epoch 155/500: loss=[32m5.250410[0m
( 20.818s) Epoch 156/500: loss=5.251975[0m
( 20.711s) Epoch 157/500: loss=5.250519[0m
( 20.749s) Epoch 158/500: loss=5.253064[0m
( 20.657s) Epoch 159/500: loss=[32m5.250037[0m
( 20.772s) Epoch 160/500: loss=5.251733[0m
( 20.795s) Epoch 161/500: loss=5.250874[0m
( 20.768s) Epoch 162/500: loss=5.251936[0m
( 20.713s) Epoch 163/500: loss=5.251062[0m
( 20.585s) Epoch 164/500: loss=5.250515[0m
( 20.785s) Epoch 165/500: loss=5.250222[0m
( 20.725s) Epoch 166/500: loss=5.250513[0m
( 20.673s) Epoch 167/500: loss=5.252564[0m
( 20.715s) Epoch 168/500: loss=5.251214[0m
( 20.808s) Epoch 169/500: loss=[32m5.249065[0m
( 20.737s) Epoch 170/500: loss=[32m5.248060[0m
( 20.740s) Epoch 171/500: loss=5.251802[0m
( 20.690s) Epoch 172/500: loss=5.250763[0m
( 20.672s) Epoch 173/500: loss=5.249760[0m
( 20.623s) Epoch 174/500: loss=5.250256[0m
( 20.655s) Epoch 175/500: loss=5.250286[0m
( 20.714s) Epoch 176/500: loss=5.249096[0m
( 20.709s) Epoch 177/500: loss=5.249770[0m
( 20.688s) Epoch 178/500: loss=5.248204[0m
( 20.744s) Epoch 179/500: loss=5.249872[0m
( 20.606s) Epoch 180/500: loss=5.250299[0m
( 20.662s) Epoch 181/500: loss=5.249542[0m
( 20.606s) Epoch 182/500: loss=5.249598[0m
( 20.671s) Epoch 183/500: loss=5.250778[0m
( 20.836s) Epoch 184/500: loss=5.249071[0m
( 20.660s) Epoch 185/500: loss=5.248923[0m
( 20.733s) Epoch 186/500: loss=5.248926[0m
( 20.646s) Epoch 187/500: loss=5.250574[0m
( 20.636s) Epoch 188/500: loss=5.248831[0m
( 20.726s) Epoch 189/500: loss=5.249885[0m
( 20.706s) Epoch 190/500: loss=5.249298[0m
( 20.788s) Epoch 191/500: loss=5.248315[0m
( 20.678s) Epoch 192/500: loss=5.249398[0m
( 20.761s) Epoch 193/500: loss=5.248236[0m
( 20.701s) Epoch 194/500: loss=5.249507[0m
( 20.587s) Epoch 195/500: loss=5.249488[0m
( 20.745s) Epoch 196/500: loss=5.248222[0m
( 20.753s) Epoch 197/500: loss=[32m5.247377[0m
( 20.772s) Epoch 198/500: loss=5.249719[0m
( 20.662s) Epoch 199/500: loss=[32m5.247177[0m
( 20.694s) Epoch 200/500: loss=5.247191[0m
( 20.790s) Epoch 201/500: loss=5.248130[0m
( 20.671s) Epoch 202/500: loss=5.249026[0m
( 20.714s) Epoch 203/500: loss=5.248288[0m
( 20.660s) Epoch 204/500: loss=5.247774[0m
( 20.559s) Epoch 205/500: loss=5.249031[0m
( 20.758s) Epoch 206/500: loss=5.248478[0m
( 20.590s) Epoch 207/500: loss=5.248132[0m
( 20.554s) Epoch 208/500: loss=5.247642[0m
( 20.636s) Epoch 209/500: loss=[32m5.246965[0m
( 20.840s) Epoch 210/500: loss=5.247165[0m
( 20.653s) Epoch 211/500: loss=5.247695[0m
( 20.699s) Epoch 212/500: loss=[32m5.246025[0m
( 20.790s) Epoch 213/500: loss=5.246769[0m
( 20.624s) Epoch 214/500: loss=5.247220[0m
( 20.813s) Epoch 215/500: loss=5.246332[0m
( 20.731s) Epoch 216/500: loss=5.247319[0m
( 20.744s) Epoch 217/500: loss=5.246938[0m
( 20.699s) Epoch 218/500: loss=5.247339[0m
( 20.656s) Epoch 219/500: loss=5.247518[0m
( 20.767s) Epoch 220/500: loss=5.246931[0m
( 20.641s) Epoch 221/500: loss=[32m5.245962[0m
( 20.599s) Epoch 222/500: loss=5.249551[0m
( 20.629s) Epoch 223/500: loss=5.247620[0m
( 20.712s) Epoch 224/500: loss=5.247032[0m
( 20.657s) Epoch 225/500: loss=5.246803[0m
( 20.641s) Epoch 226/500: loss=5.246049[0m
( 20.693s) Epoch 227/500: loss=5.246313[0m
( 20.647s) Epoch 228/500: loss=5.248158[0m
( 20.702s) Epoch 229/500: loss=5.247753[0m
( 20.729s) Epoch 230/500: loss=5.246612[0m
( 20.678s) Epoch 231/500: loss=5.246249[0m
( 20.660s) Epoch 232/500: loss=[32m5.245685[0m
( 20.687s) Epoch 233/500: loss=[32m5.245455[0m
( 20.644s) Epoch 234/500: loss=5.246837[0m
( 20.690s) Epoch 235/500: loss=[32m5.245192[0m
( 20.764s) Epoch 236/500: loss=5.246347[0m
( 20.632s) Epoch 237/500: loss=5.246680[0m
( 20.582s) Epoch 238/500: loss=5.245388[0m
( 20.712s) Epoch 239/500: loss=[32m5.244880[0m
( 20.640s) Epoch 240/500: loss=5.247046[0m
( 20.675s) Epoch 241/500: loss=5.246954[0m
( 20.654s) Epoch 242/500: loss=5.245157[0m
( 20.692s) Epoch 243/500: loss=5.246014[0m
( 20.787s) Epoch 244/500: loss=5.245798[0m
( 20.883s) Epoch 245/500: loss=5.246059[0m
( 20.722s) Epoch 246/500: loss=5.247224[0m
( 20.712s) Epoch 247/500: loss=[32m5.243980[0m
( 20.673s) Epoch 248/500: loss=5.244917[0m
( 20.656s) Epoch 249/500: loss=5.245642[0m
( 20.638s) Epoch 250/500: loss=5.245990[0m
( 20.708s) Epoch 251/500: loss=5.246526[0m
( 20.588s) Epoch 252/500: loss=[32m5.243262[0m
( 20.586s) Epoch 253/500: loss=5.244107[0m
( 20.711s) Epoch 254/500: loss=5.245453[0m
( 20.632s) Epoch 255/500: loss=5.245495[0m
( 20.697s) Epoch 256/500: loss=5.243947[0m
( 20.695s) Epoch 257/500: loss=5.244453[0m
( 20.643s) Epoch 258/500: loss=5.245646[0m
( 20.715s) Epoch 259/500: loss=5.244232[0m
( 20.669s) Epoch 260/500: loss=5.245621[0m
( 20.692s) Epoch 261/500: loss=5.246269[0m
( 20.708s) Epoch 262/500: loss=5.245910[0m
( 20.729s) Epoch 263/500: loss=5.244909[0m
( 20.643s) Epoch 264/500: loss=5.245035[0m
( 20.702s) Epoch 265/500: loss=5.243600[0m
( 20.699s) Epoch 266/500: loss=5.246250[0m
( 20.700s) Epoch 267/500: loss=5.244499[0m
( 20.683s) Epoch 268/500: loss=[32m5.243224[0m
( 20.631s) Epoch 269/500: loss=5.243722[0m
( 20.661s) Epoch 270/500: loss=5.243599[0m
( 20.762s) Epoch 271/500: loss=5.244387[0m
( 20.730s) Epoch 272/500: loss=5.243839[0m
( 20.727s) Epoch 273/500: loss=5.244403[0m
( 20.726s) Epoch 274/500: loss=5.243388[0m
( 20.690s) Epoch 275/500: loss=5.244872[0m
( 20.712s) Epoch 276/500: loss=5.244078[0m
( 20.538s) Epoch 277/500: loss=5.243387[0m
( 20.641s) Epoch 278/500: loss=5.244926[0m
( 20.679s) Epoch 279/500: loss=5.243700[0m
( 20.644s) Epoch 280/500: loss=5.244560[0m
( 20.699s) Epoch 281/500: loss=5.245221[0m
( 20.689s) Epoch 282/500: loss=5.244442[0m
( 20.619s) Epoch 283/500: loss=5.243565[0m
( 20.593s) Epoch 284/500: loss=5.243558[0m
( 20.574s) Epoch 285/500: loss=[32m5.241841[0m
( 20.649s) Epoch 286/500: loss=5.243655[0m
( 20.791s) Epoch 287/500: loss=5.242673[0m
( 20.644s) Epoch 288/500: loss=5.245314[0m
( 20.681s) Epoch 289/500: loss=5.243085[0m
( 20.741s) Epoch 290/500: loss=5.243138[0m
( 20.780s) Epoch 291/500: loss=5.244221[0m
( 20.635s) Epoch 292/500: loss=5.243949[0m
( 20.773s) Epoch 293/500: loss=5.243546[0m
( 20.689s) Epoch 294/500: loss=5.243423[0m
( 20.625s) Epoch 295/500: loss=5.244658[0m
( 20.678s) Epoch 296/500: loss=5.242610[0m
( 20.830s) Epoch 297/500: loss=5.243542[0m
( 20.651s) Epoch 298/500: loss=5.243422[0m
( 20.693s) Epoch 299/500: loss=5.243453[0m
( 20.754s) Epoch 300/500: loss=5.244702[0m
( 20.719s) Epoch 301/500: loss=5.243786[0m
( 20.639s) Epoch 302/500: loss=5.243223[0m
( 20.794s) Epoch 303/500: loss=5.243695[0m
( 20.694s) Epoch 304/500: loss=5.242663[0m
( 20.689s) Epoch 305/500: loss=5.243171[0m
( 20.683s) Epoch 306/500: loss=5.243461[0m
( 20.608s) Epoch 307/500: loss=5.242405[0m
( 20.519s) Epoch 308/500: loss=5.244129[0m
( 20.439s) Epoch 309/500: loss=[32m5.241388[0m
( 20.539s) Epoch 310/500: loss=5.243984[0m
( 20.530s) Epoch 311/500: loss=5.243155[0m
( 20.404s) Epoch 312/500: loss=5.241949[0m
( 20.496s) Epoch 313/500: loss=[32m5.241234[0m
( 20.732s) Epoch 314/500: loss=5.241660[0m
( 20.723s) Epoch 315/500: loss=5.242689[0m
( 20.802s) Epoch 316/500: loss=5.242923[0m
( 20.707s) Epoch 317/500: loss=[32m5.240827[0m
( 20.720s) Epoch 318/500: loss=5.241939[0m
( 20.579s) Epoch 319/500: loss=[32m5.240177[0m
( 20.592s) Epoch 320/500: loss=5.240454[0m
( 20.798s) Epoch 321/500: loss=5.242873[0m
( 20.683s) Epoch 322/500: loss=5.242929[0m
( 20.708s) Epoch 323/500: loss=5.242706[0m
( 20.762s) Epoch 324/500: loss=5.242358[0m
( 20.695s) Epoch 325/500: loss=5.242090[0m
( 20.617s) Epoch 326/500: loss=5.243096[0m
( 20.725s) Epoch 327/500: loss=5.241820[0m
( 20.681s) Epoch 328/500: loss=5.243282[0m
( 20.624s) Epoch 329/500: loss=5.241460[0m
( 20.686s) Epoch 330/500: loss=5.240605[0m
( 20.634s) Epoch 331/500: loss=5.241588[0m
( 20.679s) Epoch 332/500: loss=5.242529[0m
( 20.628s) Epoch 333/500: loss=5.242779[0m
( 20.678s) Epoch 334/500: loss=5.241683[0m
( 20.797s) Epoch 335/500: loss=5.240673[0m
( 20.724s) Epoch 336/500: loss=5.242772[0m
( 20.786s) Epoch 337/500: loss=5.240775[0m
( 20.643s) Epoch 338/500: loss=5.241546[0m
( 20.650s) Epoch 339/500: loss=5.240810[0m
( 20.683s) Epoch 340/500: loss=5.241802[0m
( 20.828s) Epoch 341/500: loss=5.241492[0m
( 20.799s) Epoch 342/500: loss=5.242438[0m
( 20.687s) Epoch 343/500: loss=5.240898[0m
( 20.649s) Epoch 344/500: loss=5.241529[0m
( 20.607s) Epoch 345/500: loss=5.240646[0m
( 20.582s) Epoch 346/500: loss=5.240715[0m
( 20.740s) Epoch 347/500: loss=5.242637[0m
( 20.700s) Epoch 348/500: loss=5.242072[0m
( 20.748s) Epoch 349/500: loss=5.240988[0m
( 20.705s) Epoch 350/500: loss=[32m5.240082[0m
( 20.630s) Epoch 351/500: loss=5.240818[0m
( 20.619s) Epoch 352/500: loss=5.240994[0m
( 20.669s) Epoch 353/500: loss=5.241061[0m
( 20.689s) Epoch 354/500: loss=5.240163[0m
( 20.778s) Epoch 355/500: loss=5.242644[0m
( 20.700s) Epoch 356/500: loss=5.240806[0m
( 20.686s) Epoch 357/500: loss=5.241804[0m
( 20.597s) Epoch 358/500: loss=5.240519[0m
( 20.673s) Epoch 359/500: loss=5.241384[0m
( 20.727s) Epoch 360/500: loss=5.242336[0m
( 20.699s) Epoch 361/500: loss=5.240713[0m
( 20.732s) Epoch 362/500: loss=5.240754[0m
( 20.653s) Epoch 363/500: loss=5.241376[0m
( 20.742s) Epoch 364/500: loss=5.240281[0m
( 20.679s) Epoch 365/500: loss=5.242161[0m
( 20.613s) Epoch 366/500: loss=5.241431[0m
( 20.538s) Epoch 367/500: loss=5.241684[0m
( 20.745s) Epoch 368/500: loss=5.241098[0m
( 20.828s) Epoch 369/500: loss=5.241880[0m
( 20.781s) Epoch 370/500: loss=[32m5.240002[0m
( 20.745s) Epoch 371/500: loss=5.240678[0m
( 20.593s) Epoch 372/500: loss=5.240672[0m
( 20.660s) Epoch 373/500: loss=[32m5.239618[0m
( 20.592s) Epoch 374/500: loss=5.240508[0m
( 20.632s) Epoch 375/500: loss=5.239814[0m
( 20.655s) Epoch 376/500: loss=5.240635[0m
( 20.699s) Epoch 377/500: loss=5.241965[0m
( 20.660s) Epoch 378/500: loss=5.241141[0m
( 20.659s) Epoch 379/500: loss=[32m5.239550[0m
( 20.642s) Epoch 380/500: loss=5.241717[0m
( 20.737s) Epoch 381/500: loss=[32m5.239319[0m
( 20.710s) Epoch 382/500: loss=5.240626[0m
( 20.730s) Epoch 383/500: loss=5.240574[0m
( 20.709s) Epoch 384/500: loss=5.240279[0m
( 20.707s) Epoch 385/500: loss=[32m5.239183[0m
( 20.568s) Epoch 386/500: loss=5.240232[0m
( 20.601s) Epoch 387/500: loss=5.240011[0m
( 20.751s) Epoch 388/500: loss=5.239371[0m
( 20.622s) Epoch 389/500: loss=5.241052[0m
( 20.743s) Epoch 390/500: loss=5.241235[0m
( 20.588s) Epoch 391/500: loss=[32m5.238785[0m
( 20.651s) Epoch 392/500: loss=5.239119[0m
( 20.650s) Epoch 393/500: loss=5.239914[0m
( 20.665s) Epoch 394/500: loss=5.241642[0m
( 20.628s) Epoch 395/500: loss=5.239508[0m
( 20.696s) Epoch 396/500: loss=[32m5.238178[0m
( 20.753s) Epoch 397/500: loss=5.240192[0m
( 20.803s) Epoch 398/500: loss=5.239711[0m
( 20.747s) Epoch 399/500: loss=5.240119[0m
( 20.641s) Epoch 400/500: loss=5.239944[0m
( 20.761s) Epoch 401/500: loss=5.239750[0m
( 20.846s) Epoch 402/500: loss=5.238786[0m
( 20.668s) Epoch 403/500: loss=5.239949[0m
( 20.845s) Epoch 404/500: loss=5.241056[0m
( 20.679s) Epoch 405/500: loss=5.239794[0m
( 20.656s) Epoch 406/500: loss=5.241161[0m
( 20.691s) Epoch 407/500: loss=5.239101[0m
( 20.702s) Epoch 408/500: loss=5.240587[0m
( 20.673s) Epoch 409/500: loss=[32m5.238096[0m
( 20.682s) Epoch 410/500: loss=5.240012[0m
( 20.730s) Epoch 411/500: loss=5.239633[0m
( 20.802s) Epoch 412/500: loss=5.238439[0m
( 20.647s) Epoch 413/500: loss=5.239662[0m
( 20.632s) Epoch 414/500: loss=5.240435[0m
( 20.573s) Epoch 415/500: loss=5.239080[0m
( 20.797s) Epoch 416/500: loss=5.238178[0m
( 20.737s) Epoch 417/500: loss=5.241060[0m
( 20.793s) Epoch 418/500: loss=5.239769[0m
( 20.839s) Epoch 419/500: loss=5.239220[0m
( 20.682s) Epoch 420/500: loss=5.240141[0m
( 20.762s) Epoch 421/500: loss=5.239315[0m
( 20.687s) Epoch 422/500: loss=5.239086[0m
( 20.837s) Epoch 423/500: loss=5.240726[0m
( 20.894s) Epoch 424/500: loss=5.239527[0m
( 20.686s) Epoch 425/500: loss=5.240055[0m
( 20.657s) Epoch 426/500: loss=5.239485[0m
( 20.612s) Epoch 427/500: loss=5.238562[0m
( 20.677s) Epoch 428/500: loss=[32m5.237683[0m
( 20.588s) Epoch 429/500: loss=5.240383[0m
( 20.737s) Epoch 430/500: loss=5.239444[0m
( 20.773s) Epoch 431/500: loss=5.238035[0m
( 20.702s) Epoch 432/500: loss=5.239726[0m
( 20.704s) Epoch 433/500: loss=5.238724[0m
( 20.559s) Epoch 434/500: loss=5.239185[0m
( 20.727s) Epoch 435/500: loss=5.239009[0m
( 20.695s) Epoch 436/500: loss=5.239811[0m
( 20.649s) Epoch 437/500: loss=5.239983[0m
( 20.681s) Epoch 438/500: loss=5.240131[0m
( 20.626s) Epoch 439/500: loss=5.239020[0m
( 20.698s) Epoch 440/500: loss=5.238237[0m
( 20.692s) Epoch 441/500: loss=5.239481[0m
( 20.690s) Epoch 442/500: loss=5.238233[0m
( 20.719s) Epoch 443/500: loss=5.239439[0m
( 20.722s) Epoch 444/500: loss=5.239135[0m
( 20.780s) Epoch 445/500: loss=5.239317[0m
( 20.676s) Epoch 446/500: loss=5.239611[0m
( 20.599s) Epoch 447/500: loss=5.239457[0m
( 20.607s) Epoch 448/500: loss=5.238982[0m
( 20.709s) Epoch 449/500: loss=5.237722[0m
( 20.581s) Epoch 450/500: loss=5.238875[0m
( 20.677s) Epoch 451/500: loss=5.238321[0m
( 20.721s) Epoch 452/500: loss=5.239181[0m
( 20.694s) Epoch 453/500: loss=5.239441[0m
( 20.605s) Epoch 454/500: loss=5.238638[0m
( 20.646s) Epoch 455/500: loss=5.239263[0m
( 20.739s) Epoch 456/500: loss=5.239284[0m
( 20.644s) Epoch 457/500: loss=5.239076[0m
( 20.756s) Epoch 458/500: loss=5.239186[0m
( 20.788s) Epoch 459/500: loss=5.238611[0m
( 20.709s) Epoch 460/500: loss=5.238871[0m
( 20.610s) Epoch 461/500: loss=5.239161[0m
( 20.670s) Epoch 462/500: loss=5.239417[0m
( 20.768s) Epoch 463/500: loss=5.238324[0m
( 20.703s) Epoch 464/500: loss=5.240048[0m
( 20.742s) Epoch 465/500: loss=5.238361[0m
( 20.752s) Epoch 466/500: loss=5.238857[0m
( 20.717s) Epoch 467/500: loss=5.240069[0m
( 20.662s) Epoch 468/500: loss=5.239950[0m
( 20.692s) Epoch 469/500: loss=5.238308[0m
( 20.728s) Epoch 470/500: loss=5.240216[0m
( 20.647s) Epoch 471/500: loss=5.238048[0m
( 20.666s) Epoch 472/500: loss=5.239063[0m
( 20.679s) Epoch 473/500: loss=5.239041[0m
( 20.621s) Epoch 474/500: loss=5.238734[0m
( 20.659s) Epoch 475/500: loss=5.239682[0m
( 20.734s) Epoch 476/500: loss=5.238280[0m
( 20.612s) Epoch 477/500: loss=5.237969[0m
( 20.787s) Epoch 478/500: loss=5.238562[0m
( 20.805s) Epoch 479/500: loss=5.239491[0m
( 20.861s) Epoch 480/500: loss=5.238131[0m
( 20.552s) Epoch 481/500: loss=5.239374[0m
( 20.751s) Epoch 482/500: loss=5.239557[0m
( 20.666s) Epoch 483/500: loss=5.240512[0m
( 20.752s) Epoch 484/500: loss=5.239761[0m
( 20.615s) Epoch 485/500: loss=5.239417[0m
( 20.781s) Epoch 486/500: loss=5.239049[0m
( 20.669s) Epoch 487/500: loss=5.238414[0m
( 20.695s) Epoch 488/500: loss=5.239965[0m
( 20.793s) Epoch 489/500: loss=5.237836[0m
( 20.695s) Epoch 490/500: loss=5.238701[0m
( 20.650s) Epoch 491/500: loss=5.237825[0m
( 20.714s) Epoch 492/500: loss=5.239647[0m
( 20.828s) Epoch 493/500: loss=5.239847[0m
( 20.708s) Epoch 494/500: loss=5.239261[0m
( 20.686s) Epoch 495/500: loss=[32m5.237185[0m
( 20.639s) Epoch 496/500: loss=5.238175[0m
( 20.656s) Epoch 497/500: loss=5.237879[0m
( 20.775s) Epoch 498/500: loss=5.238407[0m
( 20.737s) Epoch 499/500: loss=5.238642[0m
( 20.754s) Epoch 500/500: loss=5.237592[0m
Training for 500 epochs took 10361.060s total and 20.722s average
Calculating mean of transformed dataset using the best model state ... 7.157s
Saving best model and options to /home/aditya.bharti/FewShot/fc100_resnet18/CropGauss.pth
