Namespace(T_max=2, backbone='resnet50', base_learning_rate=0.1, base_optimizer='SGD', batch_size=256, centroid=False, dampening=0.0, data_percent=20, dataset='Imagenet1k', dataset_root=None, distributed=True, episode_strat='SimpleShotEpisodes', eval_freq=2000, fine_tune_epochs=20, fine_tune_save_path='ft0.pth', first_augment='CropResize', head='SimpleMLP', ipca=False, ipca_dim=128, jitter_strength=1.0, k_shot=5, load_from=None, local_rank=0, log_file=<_io.TextIOWrapper name='/home/aditya.bharti/FewShot/Imagenet1k_pretrain/CropGauss.out' mode='a' encoding='UTF-8'>, loss_function='NTXent', model='SimCLRModel', momentum=0.9, n_way=5, nesterov=True, ntxent_temp=0.1, num_epochs=4, num_query=15, num_test_tasks=10000, num_workers=4, pin_memory=True, pretrained=False, progress=False, projection_dim=128, save_model=True, save_path='/home/aditya.bharti/FewShot/Imagenet1k_pretrain/CropGauss.pth', scaler=True, scheduler='CosineAnnealingLR', second_augment='GaussBlur', shuffle=True, simple_opt=True, testing_strat='Classify1NN', use_trainval=True, weight_decay=0.0001)
Namespace(T_max=2, backbone='resnet50', base_learning_rate=0.1, base_optimizer='SGD', batch_size=256, centroid=False, dampening=0.0, data_percent=20, dataset='Imagenet1k', dataset_root=None, distributed=True, episode_strat='SimpleShotEpisodes', eval_freq=2000, fine_tune_epochs=20, fine_tune_save_path='ft0.pth', first_augment='CropResize', head='SimpleMLP', ipca=False, ipca_dim=128, jitter_strength=1.0, k_shot=5, load_from=None, local_rank=0, log_file=<_io.TextIOWrapper name='/home/aditya.bharti/FewShot/Imagenet1k_pretrain/CropGauss.out' mode='a' encoding='UTF-8'>, loss_function='NTXent', model='SimCLRModel', momentum=0.9, n_way=5, nesterov=True, ntxent_temp=0.1, num_epochs=4, num_query=15, num_test_tasks=10000, num_workers=4, pin_memory=True, pretrained=False, progress=False, projection_dim=128, save_model=True, save_path='/home/aditya.bharti/FewShot/Imagenet1k_pretrain/CropGauss.pth', scaler=True, scheduler='CosineAnnealingLR', second_augment='GaussBlur', shuffle=True, simple_opt=True, testing_strat='Classify1NN', use_trainval=True, weight_decay=0.0001)
Namespace(T_max=2, backbone='resnet50', base_learning_rate=0.1, base_optimizer='SGD', batch_size=256, centroid=False, dampening=0.0, data_percent=20, dataset='Imagenet1k', dataset_root=None, distributed=True, episode_strat='SimpleShotEpisodes', eval_freq=2000, fine_tune_epochs=20, fine_tune_save_path='ft0.pth', first_augment='CropResize', head='SimpleMLP', ipca=False, ipca_dim=128, jitter_strength=1.0, k_shot=5, load_from=None, local_rank=0, log_file=<_io.TextIOWrapper name='/home/aditya.bharti/FewShot/Imagenet1k_pretrain/CropGauss.out' mode='a' encoding='UTF-8'>, loss_function='NTXent', model='SimCLRModel', momentum=0.9, n_way=5, nesterov=True, ntxent_temp=0.1, num_epochs=4, num_query=15, num_test_tasks=10000, num_workers=4, pin_memory=True, pretrained=False, progress=False, projection_dim=128, save_model=True, save_path='/home/aditya.bharti/FewShot/Imagenet1k_pretrain/CropGauss.pth', scaler=True, scheduler='CosineAnnealingLR', second_augment='GaussBlur', shuffle=True, simple_opt=True, testing_strat='Classify1NN', use_trainval=True, weight_decay=0.0001)
Starting Training on:
Train: 1000 classes
Valid: 1000 classes
Test:  1000 classes
------------------
Namespace(T_max=2, backbone='resnet50', base_learning_rate=0.1, base_optimizer='SGD', batch_size=256, centroid=False, dampening=0.0, data_percent=20, dataset='Imagenet1k', dataset_root=None, distributed=True, episode_strat='SimpleShotEpisodes', eval_freq=2000, fine_tune_epochs=20, fine_tune_save_path='ft0.pth', first_augment='CropResize', head='SimpleMLP', ipca=False, ipca_dim=128, jitter_strength=1.0, k_shot=5, load_from=None, local_rank=0, log_file=<_io.TextIOWrapper name='/home/aditya.bharti/FewShot/Imagenet1k_pretrain/CropGauss.out' mode='a' encoding='UTF-8'>, loss_function='NTXent', model='SimCLRModel', momentum=0.9, n_way=5, nesterov=True, ntxent_temp=0.1, num_epochs=4, num_query=15, num_test_tasks=10000, num_workers=4, pin_memory=True, pretrained=False, progress=False, projection_dim=128, save_model=True, save_path='/home/aditya.bharti/FewShot/Imagenet1k_pretrain/CropGauss.pth', scaler=True, scheduler='CosineAnnealingLR', second_augment='GaussBlur', shuffle=True, simple_opt=True, testing_strat='Classify1NN', use_trainval=True, weight_decay=0.0001)
Starting Training on:
Train: 1000 classes
Valid: 1000 classes
Test:  1000 classes
------------------
Namespace(T_max=2, backbone='resnet50', base_learning_rate=0.1, base_optimizer='SGD', batch_size=128, centroid=False, dampening=0.0, data_percent=20, dataset='Imagenet1k', dataset_root=None, distributed=True, episode_strat='SimpleShotEpisodes', eval_freq=2000, fine_tune_epochs=20, fine_tune_save_path='ft0.pth', first_augment='CropResize', head='SimpleMLP', ipca=False, ipca_dim=128, jitter_strength=1.0, k_shot=5, load_from=None, local_rank=0, log_file=<_io.TextIOWrapper name='/home/aditya.bharti/FewShot/Imagenet1k_pretrain/CropGauss.out' mode='a' encoding='UTF-8'>, loss_function='NTXent', model='SimCLRModel', momentum=0.9, n_way=5, nesterov=True, ntxent_temp=0.1, num_epochs=4, num_query=15, num_test_tasks=10000, num_workers=4, pin_memory=True, pretrained=False, progress=False, projection_dim=128, save_model=True, save_path='/home/aditya.bharti/FewShot/Imagenet1k_pretrain/CropGauss.pth', scaler=True, scheduler='CosineAnnealingLR', second_augment='GaussBlur', shuffle=True, simple_opt=True, testing_strat='Classify1NN', use_trainval=True, weight_decay=0.0001)
Starting Training on:
Train: 1000 classes
Valid: 1000 classes
Test:  1000 classes
------------------
