Starting Training on:
Train:  60 classes
Valid:  20 classes
Test:   20 classes
------------------
( 28.057s) Epoch 001/100: loss=[32m6.150362[0m
( 27.009s) Epoch 002/100: loss=[32m6.127757[0m
( 27.001s) Epoch 003/100: loss=[32m6.118564[0m
( 27.020s) Epoch 004/100: loss=[32m6.098278[0m
( 27.084s) Epoch 005/100: loss=[32m6.084262[0m  ( 11.911s)  train_acc=[32m-0.001431[0m val_acc=[32m-0.004315[0m test_acc=[32m-0.004294[0m
( 25.669s) Epoch 006/100: loss=[32m6.052260[0m
( 27.027s) Epoch 007/100: loss=[32m6.020510[0m
( 27.045s) Epoch 008/100: loss=[32m5.994090[0m
( 27.104s) Epoch 009/100: loss=[32m5.966165[0m
( 27.112s) Epoch 010/100: loss=[32m5.947634[0m  ( 12.224s)  train_acc=-0.001441[0m val_acc=[32m0.071706[0m test_acc=[32m0.071310[0m
( 25.763s) Epoch 011/100: loss=[32m5.936184[0m
( 26.976s) Epoch 012/100: loss=[32m5.924901[0m
( 27.027s) Epoch 013/100: loss=[32m5.903547[0m
( 27.014s) Epoch 014/100: loss=[32m5.889022[0m
( 27.085s) Epoch 015/100: loss=[32m5.873757[0m  ( 11.861s)  train_acc=-0.001544[0m val_acc=-0.004435[0m test_acc=-0.004402[0m
( 25.720s) Epoch 016/100: loss=[32m5.852887[0m
( 27.001s) Epoch 017/100: loss=[32m5.842454[0m
( 27.093s) Epoch 018/100: loss=[32m5.821222[0m
( 27.081s) Epoch 019/100: loss=[32m5.803532[0m
( 26.968s) Epoch 020/100: loss=[32m5.788896[0m  ( 13.181s)  train_acc=-0.001540[0m val_acc=-0.004875[0m test_acc=-0.004420[0m
( 25.549s) Epoch 021/100: loss=[32m5.770830[0m
( 27.082s) Epoch 022/100: loss=[32m5.756749[0m
( 27.138s) Epoch 023/100: loss=[32m5.743023[0m
( 26.986s) Epoch 024/100: loss=[32m5.724235[0m
( 27.087s) Epoch 025/100: loss=[32m5.706793[0m  ( 11.533s)  train_acc=-0.001578[0m val_acc=[32m0.423639[0m test_acc=[32m0.423358[0m
( 25.700s) Epoch 026/100: loss=[32m5.685351[0m
( 27.007s) Epoch 027/100: loss=[32m5.677396[0m
( 27.042s) Epoch 028/100: loss=[32m5.669122[0m
( 27.003s) Epoch 029/100: loss=[32m5.646169[0m
( 27.080s) Epoch 030/100: loss=[32m5.637795[0m  ( 11.732s)  train_acc=-0.001632[0m val_acc=[32m0.620928[0m test_acc=[32m0.618860[0m
( 25.689s) Epoch 031/100: loss=[32m5.618313[0m
( 27.055s) Epoch 032/100: loss=[32m5.617245[0m
( 27.090s) Epoch 033/100: loss=[32m5.604975[0m
( 27.057s) Epoch 034/100: loss=[32m5.596637[0m
( 27.029s) Epoch 035/100: loss=[32m5.590613[0m  ( 11.724s)  train_acc=-0.001616[0m val_acc=[32m0.648129[0m test_acc=[32m0.650867[0m
( 25.729s) Epoch 036/100: loss=[32m5.583785[0m
( 27.099s) Epoch 037/100: loss=[32m5.577009[0m
( 27.067s) Epoch 038/100: loss=[32m5.572630[0m
( 27.011s) Epoch 039/100: loss=[32m5.561955[0m
( 27.069s) Epoch 040/100: loss=[32m5.557543[0m  ( 11.468s)  train_acc=-0.001612[0m val_acc=0.421991[0m test_acc=0.421229[0m
( 25.663s) Epoch 041/100: loss=[32m5.553144[0m
( 27.143s) Epoch 042/100: loss=5.553564[0m
( 26.984s) Epoch 043/100: loss=[32m5.538535[0m
( 27.096s) Epoch 044/100: loss=5.538854[0m
( 27.113s) Epoch 045/100: loss=[32m5.533011[0m  ( 11.475s)  train_acc=-0.001513[0m val_acc=[32m0.651049[0m test_acc=0.650262[0m
( 25.711s) Epoch 046/100: loss=[32m5.528697[0m
( 27.161s) Epoch 047/100: loss=[32m5.527341[0m
( 27.013s) Epoch 048/100: loss=[32m5.523767[0m
( 27.157s) Epoch 049/100: loss=[32m5.522253[0m
( 27.197s) Epoch 050/100: loss=[32m5.516322[0m  ( 11.789s)  train_acc=-0.001623[0m val_acc=0.620444[0m test_acc=0.618261[0m
( 25.706s) Epoch 051/100: loss=[32m5.515699[0m
( 27.016s) Epoch 052/100: loss=[32m5.512535[0m
( 26.987s) Epoch 053/100: loss=[32m5.508303[0m
( 27.052s) Epoch 054/100: loss=[32m5.508085[0m
( 27.079s) Epoch 055/100: loss=[32m5.504874[0m  ( 11.877s)  train_acc=-0.001672[0m val_acc=0.620138[0m test_acc=0.619154[0m
( 25.716s) Epoch 056/100: loss=5.507605[0m
( 27.019s) Epoch 057/100: loss=[32m5.499477[0m
( 27.106s) Epoch 058/100: loss=[32m5.498095[0m
( 27.124s) Epoch 059/100: loss=5.500645[0m
( 27.082s) Epoch 060/100: loss=[32m5.495783[0m  ( 12.050s)  train_acc=-0.001688[0m val_acc=0.620407[0m test_acc=0.621723[0m
( 25.701s) Epoch 061/100: loss=[32m5.491874[0m
( 27.092s) Epoch 062/100: loss=[32m5.490369[0m
( 27.048s) Epoch 063/100: loss=5.493323[0m
( 27.115s) Epoch 064/100: loss=[32m5.490230[0m
( 27.055s) Epoch 065/100: loss=5.491006[0m  ( 11.855s)  train_acc=-0.001669[0m val_acc=0.622187[0m test_acc=0.619531[0m
( 25.736s) Epoch 066/100: loss=[32m5.484577[0m
( 27.057s) Epoch 067/100: loss=5.488269[0m
( 27.085s) Epoch 068/100: loss=[32m5.483515[0m
( 27.236s) Epoch 069/100: loss=[32m5.481195[0m
( 27.277s) Epoch 070/100: loss=5.485162[0m  ( 11.674s)  train_acc=-0.001650[0m val_acc=0.620585[0m test_acc=0.620405[0m
( 25.690s) Epoch 071/100: loss=[32m5.477509[0m
( 26.971s) Epoch 072/100: loss=5.482055[0m
( 27.174s) Epoch 073/100: loss=5.479287[0m
( 27.117s) Epoch 074/100: loss=5.479049[0m
( 27.243s) Epoch 075/100: loss=5.479741[0m  ( 12.781s)  train_acc=-0.001535[0m val_acc=0.649941[0m test_acc=0.649349[0m
( 25.687s) Epoch 076/100: loss=5.478759[0m
( 26.995s) Epoch 077/100: loss=5.478595[0m
( 26.924s) Epoch 078/100: loss=[32m5.474104[0m
( 27.099s) Epoch 079/100: loss=5.478078[0m
( 27.123s) Epoch 080/100: loss=5.474696[0m  ( 12.516s)  train_acc=-0.001593[0m val_acc=0.445511[0m test_acc=0.445695[0m
( 25.659s) Epoch 081/100: loss=[32m5.473812[0m
( 27.111s) Epoch 082/100: loss=5.475966[0m
( 27.013s) Epoch 083/100: loss=5.475232[0m
( 27.056s) Epoch 084/100: loss=5.474966[0m
( 27.045s) Epoch 085/100: loss=5.476441[0m  ( 11.742s)  train_acc=-0.001696[0m val_acc=0.618545[0m test_acc=0.621266[0m
( 25.701s) Epoch 086/100: loss=[32m5.472413[0m
( 27.068s) Epoch 087/100: loss=[32m5.470588[0m
( 27.013s) Epoch 088/100: loss=5.475782[0m
( 27.206s) Epoch 089/100: loss=5.471800[0m
( 27.144s) Epoch 090/100: loss=5.474996[0m  ( 11.639s)  train_acc=-0.001670[0m val_acc=0.648761[0m test_acc=0.649409[0m
( 25.665s) Epoch 091/100: loss=5.471751[0m
( 27.010s) Epoch 092/100: loss=[32m5.470217[0m
( 27.107s) Epoch 093/100: loss=5.474229[0m
( 27.089s) Epoch 094/100: loss=5.474366[0m
( 27.157s) Epoch 095/100: loss=5.471152[0m  ( 11.606s)  train_acc=-0.001652[0m val_acc=[32m0.651565[0m test_acc=[32m0.651044[0m
( 25.666s) Epoch 096/100: loss=5.470974[0m
( 27.100s) Epoch 097/100: loss=5.472951[0m
( 27.094s) Epoch 098/100: loss=[32m5.469456[0m
( 27.086s) Epoch 099/100: loss=5.472594[0m
( 27.104s) Epoch 100/100: loss=5.474169[0m  (  9.183s)  train_acc=-0.001627[0m val_acc=0.649699[0m test_acc=[32m0.651061[0m
Training for 100 epochs took 2682.071s total and 26.821s average
Saving best model and options to fc100_experiments/ColorDistort_GaussBlur_runs/run1.pth
