Starting Training on:
Train:  60 classes
Valid:  20 classes
Test:   20 classes
------------------
( 27.210s) Epoch 001/100: loss=[32m6.152130[0m
( 26.342s) Epoch 002/100: loss=[32m6.131484[0m
( 26.335s) Epoch 003/100: loss=[32m6.125798[0m
( 26.420s) Epoch 004/100: loss=[32m6.105721[0m
( 26.459s) Epoch 005/100: loss=[32m6.097509[0m  ( 11.747s)  train_acc=[32m-0.001499[0m val_acc=[32m-0.004106[0m test_acc=[32m-0.004648[0m
( 25.649s) Epoch 006/100: loss=[32m6.085731[0m
( 26.249s) Epoch 007/100: loss=[32m6.063637[0m
( 26.271s) Epoch 008/100: loss=[32m6.038594[0m
( 26.539s) Epoch 009/100: loss=[32m6.006533[0m
( 26.616s) Epoch 010/100: loss=[32m5.986413[0m  ( 12.152s)  train_acc=[32m-0.001495[0m val_acc=-0.004648[0m test_acc=[32m-0.004478[0m
( 25.598s) Epoch 011/100: loss=[32m5.969288[0m
( 26.441s) Epoch 012/100: loss=[32m5.950292[0m
( 26.360s) Epoch 013/100: loss=[32m5.939546[0m
( 26.441s) Epoch 014/100: loss=[32m5.914996[0m
( 26.569s) Epoch 015/100: loss=[32m5.908049[0m  ( 11.607s)  train_acc=-0.001533[0m val_acc=-0.004459[0m test_acc=[32m-0.004301[0m
( 25.701s) Epoch 016/100: loss=[32m5.883630[0m
( 26.563s) Epoch 017/100: loss=[32m5.871258[0m
( 26.499s) Epoch 018/100: loss=[32m5.843891[0m
( 26.579s) Epoch 019/100: loss=[32m5.831447[0m
( 26.378s) Epoch 020/100: loss=[32m5.817264[0m  ( 11.807s)  train_acc=-0.001576[0m val_acc=-0.004651[0m test_acc=[32m-0.004292[0m
( 25.690s) Epoch 021/100: loss=[32m5.797637[0m
( 26.694s) Epoch 022/100: loss=[32m5.781404[0m
( 26.577s) Epoch 023/100: loss=[32m5.763067[0m
( 26.487s) Epoch 024/100: loss=[32m5.749927[0m
( 26.366s) Epoch 025/100: loss=[32m5.737684[0m  ( 11.825s)  train_acc=-0.001565[0m val_acc=-0.004787[0m test_acc=-0.004575[0m
( 25.678s) Epoch 026/100: loss=[32m5.728166[0m
( 26.468s) Epoch 027/100: loss=[32m5.718065[0m
( 26.364s) Epoch 028/100: loss=[32m5.705888[0m
( 26.351s) Epoch 029/100: loss=[32m5.693801[0m
( 26.364s) Epoch 030/100: loss=[32m5.681235[0m  ( 11.528s)  train_acc=-0.001537[0m val_acc=-0.004832[0m test_acc=-0.004593[0m
( 25.674s) Epoch 031/100: loss=[32m5.664463[0m
( 26.416s) Epoch 032/100: loss=[32m5.652830[0m
( 26.564s) Epoch 033/100: loss=[32m5.647421[0m
( 26.471s) Epoch 034/100: loss=[32m5.635658[0m
( 26.545s) Epoch 035/100: loss=[32m5.628449[0m  ( 11.723s)  train_acc=-0.001561[0m val_acc=[32m0.620447[0m test_acc=[32m0.614769[0m
( 25.664s) Epoch 036/100: loss=[32m5.611632[0m
( 26.605s) Epoch 037/100: loss=[32m5.604290[0m
( 26.589s) Epoch 038/100: loss=[32m5.596206[0m
( 26.482s) Epoch 039/100: loss=[32m5.585748[0m
( 26.459s) Epoch 040/100: loss=[32m5.575551[0m  ( 11.970s)  train_acc=-0.001631[0m val_acc=-0.005003[0m test_acc=-0.004793[0m
( 25.673s) Epoch 041/100: loss=[32m5.570320[0m
( 26.544s) Epoch 042/100: loss=[32m5.562259[0m
( 26.401s) Epoch 043/100: loss=[32m5.555988[0m
( 26.554s) Epoch 044/100: loss=[32m5.551206[0m
( 26.622s) Epoch 045/100: loss=[32m5.538071[0m  ( 11.936s)  train_acc=-0.001646[0m val_acc=-0.005089[0m test_acc=-0.004862[0m
( 25.692s) Epoch 046/100: loss=[32m5.531844[0m
( 26.441s) Epoch 047/100: loss=[32m5.530175[0m
( 26.426s) Epoch 048/100: loss=[32m5.525429[0m
( 26.653s) Epoch 049/100: loss=[32m5.523045[0m
( 26.395s) Epoch 050/100: loss=[32m5.513579[0m  ( 11.608s)  train_acc=-0.001642[0m val_acc=[32m0.648757[0m test_acc=[32m0.650186[0m
( 25.693s) Epoch 051/100: loss=[32m5.508654[0m
( 26.406s) Epoch 052/100: loss=[32m5.508445[0m
( 26.638s) Epoch 053/100: loss=[32m5.500459[0m
( 26.687s) Epoch 054/100: loss=5.501618[0m
( 26.659s) Epoch 055/100: loss=[32m5.496583[0m  ( 11.797s)  train_acc=-0.001639[0m val_acc=-0.005219[0m test_acc=-0.004803[0m
( 25.699s) Epoch 056/100: loss=[32m5.492674[0m
( 26.680s) Epoch 057/100: loss=[32m5.488541[0m
( 26.692s) Epoch 058/100: loss=5.489593[0m
( 26.746s) Epoch 059/100: loss=[32m5.487342[0m
( 26.520s) Epoch 060/100: loss=[32m5.482405[0m  ( 12.364s)  train_acc=-0.001670[0m val_acc=-0.005097[0m test_acc=-0.004747[0m
( 25.738s) Epoch 061/100: loss=[32m5.482105[0m
( 26.742s) Epoch 062/100: loss=[32m5.479530[0m
( 26.696s) Epoch 063/100: loss=[32m5.478193[0m
( 26.592s) Epoch 064/100: loss=[32m5.476902[0m
( 26.723s) Epoch 065/100: loss=[32m5.471539[0m  ( 12.356s)  train_acc=-0.001596[0m val_acc=-0.004886[0m test_acc=-0.004788[0m
( 25.684s) Epoch 066/100: loss=5.473298[0m
( 26.456s) Epoch 067/100: loss=5.474610[0m
( 26.660s) Epoch 068/100: loss=5.471782[0m
( 26.511s) Epoch 069/100: loss=[32m5.470267[0m
( 26.573s) Epoch 070/100: loss=[32m5.467185[0m  ( 13.442s)  train_acc=-0.001604[0m val_acc=-0.005134[0m test_acc=-0.004776[0m
( 25.667s) Epoch 071/100: loss=[32m5.467181[0m
( 26.655s) Epoch 072/100: loss=[32m5.464243[0m
( 26.802s) Epoch 073/100: loss=5.465427[0m
( 26.776s) Epoch 074/100: loss=5.466278[0m
( 26.831s) Epoch 075/100: loss=[32m5.463036[0m  ( 12.333s)  train_acc=-0.001631[0m val_acc=-0.005087[0m test_acc=-0.004987[0m
( 25.687s) Epoch 076/100: loss=[32m5.460267[0m
( 26.418s) Epoch 077/100: loss=[32m5.458767[0m
( 26.734s) Epoch 078/100: loss=5.461810[0m
( 26.633s) Epoch 079/100: loss=5.459771[0m
( 26.724s) Epoch 080/100: loss=5.463151[0m  ( 12.117s)  train_acc=-0.001640[0m val_acc=[32m0.652051[0m test_acc=0.647794[0m
( 25.703s) Epoch 081/100: loss=5.462996[0m
( 26.699s) Epoch 082/100: loss=5.459853[0m
( 26.487s) Epoch 083/100: loss=5.459451[0m
( 26.707s) Epoch 084/100: loss=5.461561[0m
( 26.692s) Epoch 085/100: loss=[32m5.457776[0m  ( 12.358s)  train_acc=-0.001690[0m val_acc=-0.005084[0m test_acc=-0.005046[0m
( 25.675s) Epoch 086/100: loss=5.459643[0m
( 26.478s) Epoch 087/100: loss=[32m5.457718[0m
( 26.672s) Epoch 088/100: loss=5.459415[0m
( 26.712s) Epoch 089/100: loss=5.458530[0m
( 26.549s) Epoch 090/100: loss=[32m5.457449[0m  ( 12.021s)  train_acc=-0.001608[0m val_acc=-0.005244[0m test_acc=-0.004956[0m
( 25.731s) Epoch 091/100: loss=[32m5.457132[0m
( 26.510s) Epoch 092/100: loss=5.457757[0m
( 26.639s) Epoch 093/100: loss=5.459884[0m
( 26.599s) Epoch 094/100: loss=5.459301[0m
( 26.460s) Epoch 095/100: loss=5.459816[0m  ( 12.146s)  train_acc=-0.001638[0m val_acc=-0.004975[0m test_acc=-0.004757[0m
( 25.811s) Epoch 096/100: loss=5.457959[0m
( 26.589s) Epoch 097/100: loss=5.460462[0m
( 26.729s) Epoch 098/100: loss=[32m5.456338[0m
( 26.715s) Epoch 099/100: loss=[32m5.456282[0m
( 26.561s) Epoch 100/100: loss=[32m5.455350[0m  (  9.966s)  train_acc=-0.001665[0m val_acc=-0.005340[0m test_acc=-0.004990[0m
Training for 100 epochs took 2639.568s total and 26.396s average
Saving best model and options to fc100_experiments/ColorDistort_GaussBlur_runs/run4.pth
