Starting Training on:
Train:  60 classes
Valid:  20 classes
Test:   20 classes
------------------
( 27.443s) Epoch 001/100: loss=[32m6.154414[0m
( 26.446s) Epoch 002/100: loss=[32m6.128048[0m
( 26.484s) Epoch 003/100: loss=[32m6.107405[0m
( 26.545s) Epoch 004/100: loss=[32m6.086958[0m
( 26.688s) Epoch 005/100: loss=[32m6.076647[0m  ( 11.854s)  train_acc=[32m-0.001622[0m val_acc=[32m-0.004126[0m test_acc=[32m-0.003878[0m
( 25.757s) Epoch 006/100: loss=[32m6.066200[0m
( 26.473s) Epoch 007/100: loss=[32m6.032973[0m
( 26.814s) Epoch 008/100: loss=[32m6.004312[0m
( 26.666s) Epoch 009/100: loss=[32m5.980714[0m
( 26.540s) Epoch 010/100: loss=[32m5.967561[0m  ( 12.821s)  train_acc=[32m-0.001582[0m val_acc=[32m0.166880[0m test_acc=[32m0.167574[0m
( 25.774s) Epoch 011/100: loss=[32m5.952146[0m
( 26.413s) Epoch 012/100: loss=[32m5.941107[0m
( 26.745s) Epoch 013/100: loss=[32m5.918037[0m
( 26.715s) Epoch 014/100: loss=[32m5.908335[0m
( 26.692s) Epoch 015/100: loss=[32m5.893708[0m  ( 12.137s)  train_acc=[32m-0.001524[0m val_acc=-0.004620[0m test_acc=-0.004242[0m
( 25.750s) Epoch 016/100: loss=[32m5.871948[0m
( 26.688s) Epoch 017/100: loss=[32m5.856852[0m
( 26.746s) Epoch 018/100: loss=[32m5.828656[0m
( 26.653s) Epoch 019/100: loss=[32m5.813989[0m
( 26.706s) Epoch 020/100: loss=[32m5.790135[0m  ( 12.471s)  train_acc=-0.001663[0m val_acc=-0.004159[0m test_acc=-0.003940[0m
( 25.690s) Epoch 021/100: loss=[32m5.770592[0m
( 26.839s) Epoch 022/100: loss=[32m5.758674[0m
( 26.658s) Epoch 023/100: loss=[32m5.740343[0m
( 26.643s) Epoch 024/100: loss=[32m5.723529[0m
( 26.748s) Epoch 025/100: loss=[32m5.711691[0m  ( 12.822s)  train_acc=-0.001648[0m val_acc=[32m0.614715[0m test_acc=[32m0.619461[0m
( 25.725s) Epoch 026/100: loss=[32m5.692332[0m
( 26.644s) Epoch 027/100: loss=[32m5.684720[0m
( 26.708s) Epoch 028/100: loss=[32m5.672578[0m
( 26.728s) Epoch 029/100: loss=[32m5.653829[0m
( 26.754s) Epoch 030/100: loss=[32m5.642867[0m  ( 12.091s)  train_acc=-0.001684[0m val_acc=0.314076[0m test_acc=0.314396[0m
( 25.752s) Epoch 031/100: loss=[32m5.629823[0m
( 26.613s) Epoch 032/100: loss=[32m5.617294[0m
( 26.715s) Epoch 033/100: loss=[32m5.611977[0m
( 26.758s) Epoch 034/100: loss=[32m5.599812[0m
( 26.857s) Epoch 035/100: loss=[32m5.589270[0m  ( 12.355s)  train_acc=-0.001715[0m val_acc=0.078749[0m test_acc=0.078492[0m
( 25.714s) Epoch 036/100: loss=[32m5.582896[0m
( 26.674s) Epoch 037/100: loss=[32m5.567481[0m
( 26.621s) Epoch 038/100: loss=[32m5.558803[0m
( 26.737s) Epoch 039/100: loss=[32m5.551654[0m
( 26.746s) Epoch 040/100: loss=[32m5.540428[0m  ( 12.275s)  train_acc=-0.001715[0m val_acc=0.131541[0m test_acc=0.131329[0m
( 25.737s) Epoch 041/100: loss=[32m5.536242[0m
( 26.564s) Epoch 042/100: loss=[32m5.527982[0m
( 26.741s) Epoch 043/100: loss=[32m5.520760[0m
( 26.497s) Epoch 044/100: loss=[32m5.513914[0m
( 26.710s) Epoch 045/100: loss=[32m5.507567[0m  ( 12.132s)  train_acc=-0.001751[0m val_acc=[32m0.621501[0m test_acc=0.617304[0m
( 25.725s) Epoch 046/100: loss=[32m5.502193[0m
( 26.621s) Epoch 047/100: loss=[32m5.499493[0m
( 26.665s) Epoch 048/100: loss=[32m5.493721[0m
( 26.689s) Epoch 049/100: loss=[32m5.490857[0m
( 26.710s) Epoch 050/100: loss=[32m5.485266[0m  ( 12.658s)  train_acc=-0.001731[0m val_acc=0.266823[0m test_acc=0.266955[0m
( 25.844s) Epoch 051/100: loss=[32m5.480579[0m
( 26.834s) Epoch 052/100: loss=[32m5.479498[0m
( 26.498s) Epoch 053/100: loss=[32m5.470265[0m
( 26.659s) Epoch 054/100: loss=[32m5.468360[0m
( 26.698s) Epoch 055/100: loss=5.468457[0m  ( 12.105s)  train_acc=-0.001709[0m val_acc=-0.005132[0m test_acc=-0.004861[0m
( 25.810s) Epoch 056/100: loss=[32m5.462410[0m
( 26.675s) Epoch 057/100: loss=[32m5.458919[0m
( 26.597s) Epoch 058/100: loss=[32m5.456102[0m
( 26.475s) Epoch 059/100: loss=[32m5.455169[0m
( 26.759s) Epoch 060/100: loss=[32m5.452198[0m  ( 12.117s)  train_acc=-0.001697[0m val_acc=0.262431[0m test_acc=0.263191[0m
( 25.751s) Epoch 061/100: loss=[32m5.451358[0m
( 26.728s) Epoch 062/100: loss=[32m5.449409[0m
( 26.695s) Epoch 063/100: loss=[32m5.448113[0m
( 26.748s) Epoch 064/100: loss=[32m5.445398[0m
( 26.736s) Epoch 065/100: loss=[32m5.443463[0m  ( 12.223s)  train_acc=-0.001772[0m val_acc=0.093989[0m test_acc=0.093987[0m
( 25.775s) Epoch 066/100: loss=[32m5.442236[0m
( 26.709s) Epoch 067/100: loss=[32m5.440669[0m
( 26.713s) Epoch 068/100: loss=5.441809[0m
( 26.808s) Epoch 069/100: loss=[32m5.437780[0m
( 26.730s) Epoch 070/100: loss=[32m5.436531[0m  ( 12.272s)  train_acc=-0.001663[0m val_acc=-0.005160[0m test_acc=-0.004893[0m
( 25.798s) Epoch 071/100: loss=[32m5.435872[0m
( 26.554s) Epoch 072/100: loss=[32m5.435779[0m
( 26.571s) Epoch 073/100: loss=[32m5.433797[0m
( 26.706s) Epoch 074/100: loss=[32m5.433113[0m
( 26.700s) Epoch 075/100: loss=[32m5.429851[0m  ( 12.089s)  train_acc=-0.001671[0m val_acc=-0.005247[0m test_acc=-0.004894[0m
( 25.720s) Epoch 076/100: loss=[32m5.429455[0m
( 26.782s) Epoch 077/100: loss=[32m5.428350[0m
( 26.501s) Epoch 078/100: loss=[32m5.428023[0m
( 26.741s) Epoch 079/100: loss=5.430423[0m
( 26.612s) Epoch 080/100: loss=5.429184[0m  ( 12.208s)  train_acc=-0.001734[0m val_acc=-0.005203[0m test_acc=-0.004901[0m
( 25.779s) Epoch 081/100: loss=[32m5.427037[0m
( 26.687s) Epoch 082/100: loss=5.428231[0m
( 26.709s) Epoch 083/100: loss=5.427665[0m
( 26.487s) Epoch 084/100: loss=[32m5.426216[0m
( 26.641s) Epoch 085/100: loss=[32m5.424987[0m  ( 12.377s)  train_acc=-0.001773[0m val_acc=-0.005178[0m test_acc=-0.004728[0m
( 25.777s) Epoch 086/100: loss=5.428565[0m
( 26.590s) Epoch 087/100: loss=[32m5.423858[0m
( 26.689s) Epoch 088/100: loss=5.424078[0m
( 26.790s) Epoch 089/100: loss=5.426970[0m
( 26.578s) Epoch 090/100: loss=5.427809[0m  ( 12.683s)  train_acc=-0.001699[0m val_acc=-0.005259[0m test_acc=-0.004954[0m
( 25.771s) Epoch 091/100: loss=5.424196[0m
( 26.550s) Epoch 092/100: loss=5.426808[0m
( 26.636s) Epoch 093/100: loss=[32m5.423727[0m
( 26.593s) Epoch 094/100: loss=5.425009[0m
( 26.624s) Epoch 095/100: loss=5.424404[0m  ( 11.869s)  train_acc=-0.001696[0m val_acc=-0.005006[0m test_acc=-0.004745[0m
( 25.790s) Epoch 096/100: loss=5.423993[0m
( 26.839s) Epoch 097/100: loss=5.424667[0m
( 26.797s) Epoch 098/100: loss=[32m5.423192[0m
( 26.738s) Epoch 099/100: loss=5.424025[0m
( 26.801s) Epoch 100/100: loss=5.427558[0m  (  9.617s)  train_acc=-0.001703[0m val_acc=-0.005350[0m test_acc=-0.004874[0m
Training for 100 epochs took 2650.510s total and 26.505s average
Saving best model and options to fc100_experiments/ColorDistort_GaussBlur_runs/run7.pth
