Starting Training on:
Train:  60 classes
Valid:  20 classes
Test:   20 classes
------------------
( 27.328s) Epoch 001/100: loss=[32m6.159401[0m
( 26.523s) Epoch 002/100: loss=[32m6.132829[0m
( 26.505s) Epoch 003/100: loss=[32m6.128192[0m
( 26.662s) Epoch 004/100: loss=[32m6.112406[0m
( 26.711s) Epoch 005/100: loss=[32m6.080234[0m  ( 12.207s)  train_acc=[32m-0.001572[0m val_acc=[32m-0.003777[0m test_acc=[32m-0.003882[0m
( 25.673s) Epoch 006/100: loss=[32m6.048467[0m
( 26.612s) Epoch 007/100: loss=[32m5.994719[0m
( 26.611s) Epoch 008/100: loss=[32m5.956232[0m
( 26.741s) Epoch 009/100: loss=[32m5.923604[0m
( 26.709s) Epoch 010/100: loss=[32m5.902802[0m  ( 11.797s)  train_acc=-0.001652[0m val_acc=[32m0.081274[0m test_acc=[32m0.081360[0m
( 25.755s) Epoch 011/100: loss=[32m5.884092[0m
( 26.477s) Epoch 012/100: loss=[32m5.861480[0m
( 26.702s) Epoch 013/100: loss=[32m5.837024[0m
( 26.513s) Epoch 014/100: loss=[32m5.813619[0m
( 26.658s) Epoch 015/100: loss=[32m5.800293[0m  ( 11.609s)  train_acc=[32m-0.001554[0m val_acc=-0.004561[0m test_acc=-0.003748[0m
( 25.717s) Epoch 016/100: loss=[32m5.785068[0m
( 26.704s) Epoch 017/100: loss=[32m5.760438[0m
( 26.745s) Epoch 018/100: loss=[32m5.740102[0m
( 26.730s) Epoch 019/100: loss=[32m5.726408[0m
( 26.615s) Epoch 020/100: loss=[32m5.711267[0m  ( 11.722s)  train_acc=-0.001614[0m val_acc=[32m0.093332[0m test_acc=[32m0.093438[0m
( 25.774s) Epoch 021/100: loss=[32m5.695199[0m
( 26.782s) Epoch 022/100: loss=[32m5.673582[0m
( 26.656s) Epoch 023/100: loss=[32m5.666763[0m
( 26.720s) Epoch 024/100: loss=[32m5.654139[0m
( 26.601s) Epoch 025/100: loss=[32m5.644458[0m  ( 11.525s)  train_acc=[32m-0.001545[0m val_acc=0.052655[0m test_acc=0.052758[0m
( 25.852s) Epoch 026/100: loss=[32m5.626390[0m
( 26.694s) Epoch 027/100: loss=[32m5.614895[0m
( 26.748s) Epoch 028/100: loss=[32m5.608869[0m
( 26.634s) Epoch 029/100: loss=[32m5.599506[0m
( 26.790s) Epoch 030/100: loss=[32m5.585088[0m  ( 11.741s)  train_acc=-0.001606[0m val_acc=0.052765[0m test_acc=0.052913[0m
( 25.701s) Epoch 031/100: loss=[32m5.581284[0m
( 26.612s) Epoch 032/100: loss=[32m5.571992[0m
( 26.725s) Epoch 033/100: loss=[32m5.564331[0m
( 26.617s) Epoch 034/100: loss=[32m5.557052[0m
( 26.769s) Epoch 035/100: loss=[32m5.550307[0m  ( 11.871s)  train_acc=-0.001574[0m val_acc=-0.005213[0m test_acc=-0.004697[0m
( 25.712s) Epoch 036/100: loss=[32m5.546029[0m
( 26.578s) Epoch 037/100: loss=[32m5.537881[0m
( 26.722s) Epoch 038/100: loss=[32m5.534603[0m
( 26.795s) Epoch 039/100: loss=[32m5.527933[0m
( 26.658s) Epoch 040/100: loss=[32m5.520931[0m  ( 11.820s)  train_acc=-0.001661[0m val_acc=0.034152[0m test_acc=0.034312[0m
( 25.708s) Epoch 041/100: loss=[32m5.519204[0m
( 26.628s) Epoch 042/100: loss=[32m5.514834[0m
( 26.743s) Epoch 043/100: loss=[32m5.512129[0m
( 26.603s) Epoch 044/100: loss=[32m5.506910[0m
( 26.667s) Epoch 045/100: loss=[32m5.503781[0m  ( 12.114s)  train_acc=-0.001690[0m val_acc=[32m0.102874[0m test_acc=[32m0.103065[0m
( 25.735s) Epoch 046/100: loss=[32m5.499921[0m
( 26.437s) Epoch 047/100: loss=[32m5.495477[0m
( 26.659s) Epoch 048/100: loss=[32m5.490544[0m
( 26.701s) Epoch 049/100: loss=[32m5.489371[0m
( 26.707s) Epoch 050/100: loss=5.489460[0m  ( 11.692s)  train_acc=-0.001666[0m val_acc=0.034981[0m test_acc=0.035146[0m
( 25.770s) Epoch 051/100: loss=[32m5.484281[0m
( 26.581s) Epoch 052/100: loss=[32m5.482210[0m
( 26.727s) Epoch 053/100: loss=5.482748[0m
( 26.574s) Epoch 054/100: loss=[32m5.478921[0m
( 26.707s) Epoch 055/100: loss=5.482126[0m  ( 11.779s)  train_acc=-0.001714[0m val_acc=-0.005061[0m test_acc=-0.004691[0m
( 25.757s) Epoch 056/100: loss=[32m5.477588[0m
( 26.631s) Epoch 057/100: loss=[32m5.474904[0m
( 26.843s) Epoch 058/100: loss=[32m5.472513[0m
( 26.657s) Epoch 059/100: loss=5.473966[0m
( 26.681s) Epoch 060/100: loss=[32m5.468589[0m  ( 12.356s)  train_acc=-0.001609[0m val_acc=0.046203[0m test_acc=0.046326[0m
( 25.757s) Epoch 061/100: loss=5.470773[0m
( 26.716s) Epoch 062/100: loss=[32m5.467993[0m
( 26.745s) Epoch 063/100: loss=[32m5.465726[0m
( 26.728s) Epoch 064/100: loss=[32m5.465102[0m
( 26.627s) Epoch 065/100: loss=[32m5.463643[0m  ( 11.684s)  train_acc=-0.001722[0m val_acc=-0.005098[0m test_acc=-0.004879[0m
( 25.763s) Epoch 066/100: loss=5.466079[0m
( 26.724s) Epoch 067/100: loss=5.464042[0m
( 26.754s) Epoch 068/100: loss=[32m5.459798[0m
( 26.742s) Epoch 069/100: loss=[32m5.457668[0m
( 26.640s) Epoch 070/100: loss=5.461024[0m  ( 11.772s)  train_acc=-0.001671[0m val_acc=-0.005180[0m test_acc=-0.005119[0m
( 25.716s) Epoch 071/100: loss=5.458430[0m
( 26.393s) Epoch 072/100: loss=[32m5.456316[0m
( 26.449s) Epoch 073/100: loss=5.456708[0m
( 26.690s) Epoch 074/100: loss=[32m5.454404[0m
( 26.587s) Epoch 075/100: loss=5.455826[0m  ( 11.750s)  train_acc=-0.001699[0m val_acc=0.051561[0m test_acc=0.051761[0m
( 25.748s) Epoch 076/100: loss=[32m5.453628[0m
( 26.614s) Epoch 077/100: loss=5.453877[0m
( 26.615s) Epoch 078/100: loss=[32m5.451497[0m
( 26.571s) Epoch 079/100: loss=[32m5.451333[0m
( 26.585s) Epoch 080/100: loss=5.452875[0m  ( 11.812s)  train_acc=-0.001728[0m val_acc=0.013657[0m test_acc=0.013750[0m
( 25.702s) Epoch 081/100: loss=[32m5.450583[0m
( 26.648s) Epoch 082/100: loss=5.452618[0m
( 26.609s) Epoch 083/100: loss=[32m5.448240[0m
( 26.733s) Epoch 084/100: loss=5.452603[0m
( 26.698s) Epoch 085/100: loss=5.453495[0m  ( 11.616s)  train_acc=-0.001591[0m val_acc=0.058025[0m test_acc=0.058143[0m
( 25.727s) Epoch 086/100: loss=5.452741[0m
( 26.699s) Epoch 087/100: loss=5.454578[0m
( 26.690s) Epoch 088/100: loss=5.450370[0m
( 26.723s) Epoch 089/100: loss=5.452448[0m
( 26.660s) Epoch 090/100: loss=5.451009[0m  ( 11.781s)  train_acc=-0.001695[0m val_acc=0.037513[0m test_acc=0.037715[0m
( 25.754s) Epoch 091/100: loss=5.451024[0m
( 26.620s) Epoch 092/100: loss=5.452596[0m
( 26.661s) Epoch 093/100: loss=5.450614[0m
( 26.740s) Epoch 094/100: loss=5.450033[0m
( 26.729s) Epoch 095/100: loss=5.450398[0m  ( 11.581s)  train_acc=-0.001701[0m val_acc=0.034181[0m test_acc=0.034340[0m
( 25.723s) Epoch 096/100: loss=5.451709[0m
( 26.544s) Epoch 097/100: loss=5.452646[0m
( 26.645s) Epoch 098/100: loss=5.448492[0m
( 26.635s) Epoch 099/100: loss=5.452058[0m
( 26.651s) Epoch 100/100: loss=5.450782[0m  (  9.777s)  train_acc=-0.001661[0m val_acc=0.029507[0m test_acc=0.029620[0m
Training for 100 epochs took 2649.100s total and 26.491s average
Saving best model and options to fc100_experiments/ColorDistort_GaussBlur_runs/run8.pth
