Starting Training on:
Train:  64 classes
Valid:  16 classes
Test:   20 classes
------------------
(  12.160s) Epoch 001/ 50: loss=[32m7.511582[0m
(  11.717s) Epoch 002/ 50: loss=[32m7.495198[0m
(  11.647s) Epoch 003/ 50: loss=[32m7.475398[0m
(  11.636s) Epoch 004/ 50: loss=[32m7.464630[0m
(  11.679s) Epoch 005/ 50: loss=7.464781 (   3.493s) val_acc=[32m-0.002998728[0m (   3.013s) test_acc=[32m0.012285664[0m
(  10.177s) Epoch 006/ 50: loss=[32m7.458060[0m
(  11.654s) Epoch 007/ 50: loss=[32m7.455121[0m
(  11.670s) Epoch 008/ 50: loss=[32m7.448988[0m
(  11.680s) Epoch 009/ 50: loss=[32m7.436504[0m
(  11.756s) Epoch 010/ 50: loss=[32m7.404456[0m (   3.675s) val_acc=-0.004068088 (   2.917s) test_acc=[32m0.055069843[0m
(  10.195s) Epoch 011/ 50: loss=[32m7.370637[0m
(  11.709s) Epoch 012/ 50: loss=[32m7.338009[0m
(  11.672s) Epoch 013/ 50: loss=[32m7.315774[0m
(  11.714s) Epoch 014/ 50: loss=[32m7.289615[0m
(  11.739s) Epoch 015/ 50: loss=[32m7.265396[0m (   3.389s) val_acc=-0.006979442 (   3.343s) test_acc=[32m0.055845138[0m
(  10.130s) Epoch 016/ 50: loss=[32m7.244274[0m
(  11.668s) Epoch 017/ 50: loss=[32m7.216359[0m
(  11.673s) Epoch 018/ 50: loss=[32m7.197666[0m
(  11.635s) Epoch 019/ 50: loss=[32m7.178602[0m
(  11.659s) Epoch 020/ 50: loss=[32m7.158563[0m (   2.262s) val_acc=-0.007735977 (   4.457s) test_acc=[32m0.056090616[0m
(  10.265s) Epoch 021/ 50: loss=[32m7.137292[0m
(  11.697s) Epoch 022/ 50: loss=[32m7.114376[0m
(  11.700s) Epoch 023/ 50: loss=[32m7.096725[0m
(  11.721s) Epoch 024/ 50: loss=[32m7.079854[0m
(  11.671s) Epoch 025/ 50: loss=[32m7.068978[0m (   3.050s) val_acc=-0.008019434 (   3.149s) test_acc=[32m0.056211493[0m
(  10.131s) Epoch 026/ 50: loss=[32m7.058438[0m
(  11.764s) Epoch 027/ 50: loss=[32m7.041604[0m
(  11.712s) Epoch 028/ 50: loss=[32m7.034341[0m
(  11.741s) Epoch 029/ 50: loss=[32m7.025150[0m
(  11.683s) Epoch 030/ 50: loss=[32m7.014896[0m (   3.147s) val_acc=-0.008349497 (   2.936s) test_acc=0.056204455
(  10.321s) Epoch 031/ 50: loss=[32m7.011227[0m
(  11.774s) Epoch 032/ 50: loss=[32m7.000671[0m
(  11.745s) Epoch 033/ 50: loss=[32m6.999647[0m
(  11.733s) Epoch 034/ 50: loss=[32m6.995216[0m
(  11.686s) Epoch 035/ 50: loss=6.997140 (   3.136s) val_acc=-0.007991039 (   2.901s) test_acc=0.056170476
(  10.249s) Epoch 036/ 50: loss=[32m6.984018[0m
(  11.635s) Epoch 037/ 50: loss=[32m6.981908[0m
(  11.677s) Epoch 038/ 50: loss=[32m6.977971[0m
(  11.669s) Epoch 039/ 50: loss=6.979253
(  11.784s) Epoch 040/ 50: loss=6.982968 (   3.285s) val_acc=-0.007941470 (   2.982s) test_acc=0.056063727
(  10.261s) Epoch 041/ 50: loss=[32m6.972944[0m
(  11.634s) Epoch 042/ 50: loss=6.979662
(  11.718s) Epoch 043/ 50: loss=[32m6.969668[0m
(  11.769s) Epoch 044/ 50: loss=6.974516
(  11.672s) Epoch 045/ 50: loss=6.973563 (   3.156s) val_acc=-0.007976102 (   2.948s) test_acc=0.056062955
(  10.275s) Epoch 046/ 50: loss=6.971000
(  11.711s) Epoch 047/ 50: loss=[32m6.964641[0m
(  11.745s) Epoch 048/ 50: loss=6.972600
(  11.753s) Epoch 049/ 50: loss=6.974748
(  11.683s) Epoch 050/ 50: loss=6.968443 (   1.356s) val_acc=-0.008460784 (   1.565s) test_acc=0.055863546
Training for 50 epochs took 572.146s total and 11.443s average
Saving best model and options to ColorDistort_GaussBlur_runs/run1.pth
