Starting Training on:
Train:  64 classes
Valid:  16 classes
Test:   20 classes
------------------
(  12.056s) Epoch 001/ 50: loss=[32m7.516020[0m
(  11.721s) Epoch 002/ 50: loss=[32m7.500443[0m
(  11.738s) Epoch 003/ 50: loss=[32m7.479076[0m
(  11.712s) Epoch 004/ 50: loss=[32m7.468694[0m
(  11.688s) Epoch 005/ 50: loss=[32m7.465539[0m (   3.140s) val_acc=[32m-0.001825559[0m (   2.808s) test_acc=[32m0.007909070[0m
(  10.283s) Epoch 006/ 50: loss=[32m7.460155[0m
(  11.676s) Epoch 007/ 50: loss=7.462152
(  11.677s) Epoch 008/ 50: loss=[32m7.450614[0m
(  11.774s) Epoch 009/ 50: loss=[32m7.437710[0m
(  11.825s) Epoch 010/ 50: loss=[32m7.417193[0m (   3.167s) val_acc=[32m0.009032928[0m (   2.942s) test_acc=[32m0.019212866[0m
(  10.154s) Epoch 011/ 50: loss=[32m7.396023[0m
(  11.674s) Epoch 012/ 50: loss=[32m7.344491[0m
(  11.668s) Epoch 013/ 50: loss=[32m7.310306[0m
(  11.691s) Epoch 014/ 50: loss=[32m7.280311[0m
(  11.724s) Epoch 015/ 50: loss=[32m7.258810[0m (   3.099s) val_acc=-0.008173216 (   2.998s) test_acc=0.005394640
(  10.130s) Epoch 016/ 50: loss=[32m7.233982[0m
(  11.717s) Epoch 017/ 50: loss=[32m7.215259[0m
(  11.718s) Epoch 018/ 50: loss=[32m7.187375[0m
(  11.752s) Epoch 019/ 50: loss=[32m7.168398[0m
(  11.763s) Epoch 020/ 50: loss=[32m7.155407[0m (   3.312s) val_acc=-0.007670706 (   2.946s) test_acc=-0.003616259
(  10.070s) Epoch 021/ 50: loss=[32m7.133487[0m
(  11.771s) Epoch 022/ 50: loss=[32m7.109330[0m
(  11.814s) Epoch 023/ 50: loss=[32m7.091278[0m
(  11.657s) Epoch 024/ 50: loss=[32m7.085145[0m
(  11.700s) Epoch 025/ 50: loss=[32m7.063892[0m (   3.188s) val_acc=-0.008036802 (   2.852s) test_acc=-0.004340216
(  10.291s) Epoch 026/ 50: loss=[32m7.055094[0m
(  11.725s) Epoch 027/ 50: loss=[32m7.038303[0m
(  11.708s) Epoch 028/ 50: loss=[32m7.025725[0m
(  11.634s) Epoch 029/ 50: loss=[32m7.021190[0m
(  11.700s) Epoch 030/ 50: loss=[32m7.011909[0m (   3.185s) val_acc=-0.008675094 (   2.923s) test_acc=[32m0.020751951[0m
(  10.274s) Epoch 031/ 50: loss=[32m7.005694[0m
(  11.653s) Epoch 032/ 50: loss=[32m7.000844[0m
(  11.668s) Epoch 033/ 50: loss=[32m6.994851[0m
(  11.700s) Epoch 034/ 50: loss=[32m6.986620[0m
(  11.679s) Epoch 035/ 50: loss=[32m6.982566[0m (   3.175s) val_acc=-0.005152833 (   2.839s) test_acc=0.000775895
(  10.226s) Epoch 036/ 50: loss=[32m6.981500[0m
(  11.700s) Epoch 037/ 50: loss=[32m6.979358[0m
(  11.705s) Epoch 038/ 50: loss=[32m6.978405[0m
(  11.667s) Epoch 039/ 50: loss=[32m6.974521[0m
(  11.668s) Epoch 040/ 50: loss=[32m6.970980[0m (   3.053s) val_acc=-0.008451653 (   2.880s) test_acc=-0.002880512
(  10.136s) Epoch 041/ 50: loss=[32m6.970102[0m
(  11.718s) Epoch 042/ 50: loss=[32m6.969478[0m
(  11.643s) Epoch 043/ 50: loss=[32m6.966895[0m
(  11.660s) Epoch 044/ 50: loss=6.967254
(  11.629s) Epoch 045/ 50: loss=6.968238 (   3.175s) val_acc=-0.008116658 (   2.985s) test_acc=0.002099906
(  10.225s) Epoch 046/ 50: loss=[32m6.961168[0m
(  11.719s) Epoch 047/ 50: loss=6.967750
(  11.771s) Epoch 048/ 50: loss=6.965994
(  11.723s) Epoch 049/ 50: loss=6.970525
(  11.717s) Epoch 050/ 50: loss=6.966414 (   1.361s) val_acc=-0.008545839 (   1.583s) test_acc=0.017669089
Training for 50 epochs took 572.092s total and 11.442s average
Saving best model and options to ColorDistort_GaussBlur_runs/run2.pth
