Starting Training on:
Train:  64 classes
Valid:  16 classes
Test:   20 classes
------------------
( 26.465s) Epoch 001/ 50: loss=[32m7.484023[0m
( 27.115s) Epoch 002/ 50: loss=[32m7.420391[0m
( 26.365s) Epoch 003/ 50: loss=[32m7.348689[0m
( 26.045s) Epoch 004/ 50: loss=[32m7.083438[0m
( 26.380s) Epoch 005/ 50: loss=[32m6.924865[0m  ( 26.980s)  train_acc=[32m-0.001561[0m val_acc=[32m0.466413[0m test_acc=[32m-0.004350[0m
( 22.989s) Epoch 006/ 50: loss=[32m6.861913[0m
( 26.973s) Epoch 007/ 50: loss=[32m6.828582[0m
( 26.483s) Epoch 008/ 50: loss=[32m6.795870[0m
( 25.009s) Epoch 009/ 50: loss=[32m6.767383[0m
( 26.870s) Epoch 010/ 50: loss=[32m6.751926[0m  ( 17.362s)  train_acc=-0.001655[0m val_acc=[32m0.919059[0m test_acc=-0.004718[0m
( 22.333s) Epoch 011/ 50: loss=[32m6.743398[0m
( 26.123s) Epoch 012/ 50: loss=[32m6.738437[0m
( 25.173s) Epoch 013/ 50: loss=[32m6.731882[0m
( 26.624s) Epoch 014/ 50: loss=[32m6.724634[0m
( 26.140s) Epoch 015/ 50: loss=[32m6.716833[0m  ( 22.009s)  train_acc=-0.001581[0m val_acc=0.904493[0m test_acc=-0.004449[0m
( 22.282s) Epoch 016/ 50: loss=[32m6.711197[0m
( 25.110s) Epoch 017/ 50: loss=[32m6.702596[0m
( 25.692s) Epoch 018/ 50: loss=[32m6.698714[0m
( 23.184s) Epoch 019/ 50: loss=[32m6.695224[0m
( 23.160s) Epoch 020/ 50: loss=[32m6.692377[0m  ( 17.350s)  train_acc=-0.001695[0m val_acc=0.908037[0m test_acc=-0.005250[0m
( 22.326s) Epoch 021/ 50: loss=[32m6.690561[0m
( 23.981s) Epoch 022/ 50: loss=[32m6.687208[0m
( 23.829s) Epoch 023/ 50: loss=[32m6.686561[0m
( 26.093s) Epoch 024/ 50: loss=[32m6.685508[0m
( 28.299s) Epoch 025/ 50: loss=[32m6.679866[0m  ( 21.878s)  train_acc=-0.001702[0m val_acc=0.473020[0m test_acc=-0.005132[0m
( 22.841s) Epoch 026/ 50: loss=[32m6.677918[0m
( 25.946s) Epoch 027/ 50: loss=[32m6.673713[0m
( 23.822s) Epoch 028/ 50: loss=6.673817[0m
( 25.266s) Epoch 029/ 50: loss=[32m6.672354[0m
( 23.493s) Epoch 030/ 50: loss=6.672985[0m  ( 18.180s)  train_acc=-0.001670[0m val_acc=0.918368[0m test_acc=-0.005206[0m
( 22.612s) Epoch 031/ 50: loss=[32m6.671588[0m
( 27.598s) Epoch 032/ 50: loss=[32m6.670659[0m
( 26.114s) Epoch 033/ 50: loss=[32m6.669981[0m
( 23.279s) Epoch 034/ 50: loss=6.670372[0m
( 23.183s) Epoch 035/ 50: loss=[32m6.668979[0m  ( 17.333s)  train_acc=-0.001628[0m val_acc=0.915679[0m test_acc=-0.004863[0m
( 22.539s) Epoch 036/ 50: loss=[32m6.667508[0m
( 25.169s) Epoch 037/ 50: loss=[32m6.666492[0m
( 27.108s) Epoch 038/ 50: loss=6.667824[0m
( 26.847s) Epoch 039/ 50: loss=6.667614[0m
( 27.666s) Epoch 040/ 50: loss=[32m6.664978[0m  ( 17.013s)  train_acc=-0.001702[0m val_acc=0.902904[0m test_acc=-0.004822[0m
( 22.630s) Epoch 041/ 50: loss=6.668617[0m
( 25.659s) Epoch 042/ 50: loss=6.668573[0m
( 27.030s) Epoch 043/ 50: loss=6.665607[0m
( 27.744s) Epoch 044/ 50: loss=6.668881[0m
( 25.109s) Epoch 045/ 50: loss=6.665745[0m  ( 22.158s)  train_acc=-0.001650[0m val_acc=0.907629[0m test_acc=-0.004921[0m
( 23.084s) Epoch 046/ 50: loss=6.667746[0m
( 27.343s) Epoch 047/ 50: loss=6.666261[0m
( 25.070s) Epoch 048/ 50: loss=6.666973[0m
( 26.421s) Epoch 049/ 50: loss=6.665551[0m
( 25.727s) Epoch 050/ 50: loss=6.665827[0m  (  8.231s)  train_acc=-0.001605[0m val_acc=0.918427[0m test_acc=-0.004722[0m
Training for 50 epochs took 1260.343s total and 25.207s average
Saving best model and options to ColorDistort_GaussBlur_runs/run8.pth
