Namespace(T_max=1000, backbone='resnet50', base_learning_rate=0.1, base_optimizer='SGD', batch_size=256, dampening=0.0, data_percent=20, dataset='fc100', dataset_root=None, distributed=True, episode_strat='SimpleShotEpisodes', eval_freq=2000, fine_tune_epochs=20, fine_tune_save_path='ft0.pth', first_augment='ColorDistort', head='SimpleMLP', jitter_strength=1.0, k_shot=5, load_from=None, local_rank=0, log_file=<_io.TextIOWrapper name='/home/aditya.bharti/FewShot/fc100_1000epoch/ColorGauss.out' mode='a' encoding='UTF-8'>, loss_function='NTXent', model='SimCLRModel', momentum=0.9, n_way=5, nesterov=True, ntxent_temp=1.0, num_epochs=1000, num_query=15, num_test_tasks=10000, num_workers=4, pin_memory=True, pretrained=False, progress=False, projection_dim=128, save_model=True, save_path='/home/aditya.bharti/FewShot/fc100_1000epoch/ColorGauss.pth', scheduler='CosineAnnealingLR', second_augment='GaussBlur', shuffle=True, simple_opt=True, weight_decay=0.0001)
Starting Training on:
Train:  60 classes
Valid:  20 classes
Test:   20 classes
------------------
( 75.796s) Epoch 001/1000: loss=[32m6.039033[0m
( 46.981s) Epoch 002/1000: loss=[32m5.617740[0m
( 44.046s) Epoch 003/1000: loss=[32m5.371936[0m
( 44.200s) Epoch 004/1000: loss=[32m5.323111[0m
( 44.241s) Epoch 005/1000: loss=[32m5.299683[0m
( 44.195s) Epoch 006/1000: loss=[32m5.286622[0m
( 44.310s) Epoch 007/1000: loss=[32m5.280244[0m
( 44.215s) Epoch 008/1000: loss=[32m5.276818[0m
( 44.321s) Epoch 009/1000: loss=[32m5.273897[0m
( 44.167s) Epoch 010/1000: loss=[32m5.271559[0m
( 44.282s) Epoch 011/1000: loss=[32m5.267991[0m
( 44.265s) Epoch 012/1000: loss=5.268638[0m
( 44.286s) Epoch 013/1000: loss=[32m5.264859[0m
( 44.186s) Epoch 014/1000: loss=[32m5.260260[0m
( 44.228s) Epoch 015/1000: loss=5.261025[0m
( 44.233s) Epoch 016/1000: loss=5.260528[0m
( 44.139s) Epoch 017/1000: loss=[32m5.259069[0m
( 44.307s) Epoch 018/1000: loss=[32m5.258043[0m
( 44.290s) Epoch 019/1000: loss=[32m5.256423[0m
( 44.328s) Epoch 020/1000: loss=5.257254[0m
( 44.223s) Epoch 021/1000: loss=[32m5.255167[0m
( 44.248s) Epoch 022/1000: loss=[32m5.254215[0m
( 44.199s) Epoch 023/1000: loss=5.255719[0m
( 44.288s) Epoch 024/1000: loss=[32m5.254027[0m
( 44.169s) Epoch 025/1000: loss=[32m5.253950[0m
( 44.189s) Epoch 026/1000: loss=[32m5.251067[0m
( 44.251s) Epoch 027/1000: loss=5.251576[0m
( 44.148s) Epoch 028/1000: loss=5.252190[0m
( 44.236s) Epoch 029/1000: loss=[32m5.249130[0m
( 44.229s) Epoch 030/1000: loss=[32m5.248688[0m
( 44.131s) Epoch 031/1000: loss=[32m5.248556[0m
( 44.186s) Epoch 032/1000: loss=[32m5.248316[0m
( 44.144s) Epoch 033/1000: loss=[32m5.247479[0m
( 44.221s) Epoch 034/1000: loss=[32m5.246472[0m
( 44.178s) Epoch 035/1000: loss=5.247400[0m
( 44.154s) Epoch 036/1000: loss=[32m5.245773[0m
( 44.243s) Epoch 037/1000: loss=5.245939[0m
( 44.232s) Epoch 038/1000: loss=[32m5.244776[0m
( 44.178s) Epoch 039/1000: loss=5.245206[0m
( 44.213s) Epoch 040/1000: loss=5.245225[0m
( 44.215s) Epoch 041/1000: loss=[32m5.243833[0m
( 44.195s) Epoch 042/1000: loss=[32m5.243806[0m
( 44.195s) Epoch 043/1000: loss=[32m5.242598[0m
( 44.288s) Epoch 044/1000: loss=5.244028[0m
( 44.152s) Epoch 045/1000: loss=[32m5.240990[0m
( 44.171s) Epoch 046/1000: loss=5.241907[0m
( 44.218s) Epoch 047/1000: loss=[32m5.240268[0m
( 44.066s) Epoch 048/1000: loss=5.240830[0m
( 44.263s) Epoch 049/1000: loss=[32m5.239063[0m
( 44.150s) Epoch 050/1000: loss=[32m5.238863[0m
( 44.283s) Epoch 051/1000: loss=[32m5.237715[0m
( 44.296s) Epoch 052/1000: loss=[32m5.237636[0m
( 44.240s) Epoch 053/1000: loss=[32m5.237421[0m
( 44.221s) Epoch 054/1000: loss=[32m5.237351[0m
( 44.138s) Epoch 055/1000: loss=[32m5.236167[0m
( 44.292s) Epoch 056/1000: loss=[32m5.235398[0m
( 44.227s) Epoch 057/1000: loss=[32m5.235138[0m
( 44.243s) Epoch 058/1000: loss=5.235950[0m
( 44.192s) Epoch 059/1000: loss=[32m5.234013[0m
( 44.200s) Epoch 060/1000: loss=5.234892[0m
( 44.218s) Epoch 061/1000: loss=[32m5.233920[0m
( 44.420s) Epoch 062/1000: loss=5.234985[0m
( 44.219s) Epoch 063/1000: loss=5.233981[0m
( 44.370s) Epoch 064/1000: loss=[32m5.232992[0m
( 44.204s) Epoch 065/1000: loss=5.234090[0m
( 44.162s) Epoch 066/1000: loss=[32m5.232772[0m
( 44.207s) Epoch 067/1000: loss=[32m5.232664[0m
( 44.234s) Epoch 068/1000: loss=[32m5.231510[0m
( 44.162s) Epoch 069/1000: loss=5.233914[0m
( 44.234s) Epoch 070/1000: loss=5.232602[0m
( 44.212s) Epoch 071/1000: loss=[32m5.231362[0m
( 44.200s) Epoch 072/1000: loss=[32m5.229440[0m
( 44.238s) Epoch 073/1000: loss=5.231253[0m
( 44.251s) Epoch 074/1000: loss=5.230350[0m
( 44.273s) Epoch 075/1000: loss=5.232132[0m
( 44.216s) Epoch 076/1000: loss=5.229907[0m
( 44.224s) Epoch 077/1000: loss=5.230624[0m
( 44.252s) Epoch 078/1000: loss=5.230998[0m
( 44.327s) Epoch 079/1000: loss=5.230339[0m
( 44.094s) Epoch 080/1000: loss=[32m5.228945[0m
( 44.212s) Epoch 081/1000: loss=[32m5.228853[0m
( 44.196s) Epoch 082/1000: loss=5.230669[0m
( 44.291s) Epoch 083/1000: loss=5.228955[0m
( 44.161s) Epoch 084/1000: loss=5.229732[0m
( 44.264s) Epoch 085/1000: loss=5.229374[0m
( 44.222s) Epoch 086/1000: loss=[32m5.228182[0m
( 44.135s) Epoch 087/1000: loss=5.229289[0m
( 44.263s) Epoch 088/1000: loss=[32m5.227925[0m
( 44.286s) Epoch 089/1000: loss=5.229176[0m
( 44.346s) Epoch 090/1000: loss=[32m5.227869[0m
( 44.284s) Epoch 091/1000: loss=5.228513[0m
( 44.248s) Epoch 092/1000: loss=[32m5.226902[0m
( 44.114s) Epoch 093/1000: loss=5.227775[0m
( 44.383s) Epoch 094/1000: loss=[32m5.225855[0m
( 44.262s) Epoch 095/1000: loss=5.226717[0m
( 44.286s) Epoch 096/1000: loss=5.226856[0m
( 44.217s) Epoch 097/1000: loss=5.226965[0m
( 44.308s) Epoch 098/1000: loss=5.226500[0m
( 44.431s) Epoch 099/1000: loss=[32m5.224624[0m
( 44.147s) Epoch 100/1000: loss=5.226522[0m
( 44.265s) Epoch 101/1000: loss=5.226056[0m
( 44.302s) Epoch 102/1000: loss=[32m5.224016[0m
( 44.176s) Epoch 103/1000: loss=5.225649[0m
( 44.222s) Epoch 104/1000: loss=5.224265[0m
( 44.235s) Epoch 105/1000: loss=5.225118[0m
( 44.219s) Epoch 106/1000: loss=5.226336[0m
( 44.370s) Epoch 107/1000: loss=5.224898[0m
( 44.226s) Epoch 108/1000: loss=5.225687[0m
( 44.185s) Epoch 109/1000: loss=5.224232[0m
( 44.245s) Epoch 110/1000: loss=5.224379[0m
( 44.246s) Epoch 111/1000: loss=[32m5.223049[0m
( 44.174s) Epoch 112/1000: loss=5.223559[0m
( 44.332s) Epoch 113/1000: loss=5.223775[0m
( 44.089s) Epoch 114/1000: loss=5.223687[0m
( 44.261s) Epoch 115/1000: loss=5.223741[0m
( 44.213s) Epoch 116/1000: loss=5.223665[0m
( 44.191s) Epoch 117/1000: loss=5.223846[0m
( 44.297s) Epoch 118/1000: loss=[32m5.222854[0m
( 44.297s) Epoch 119/1000: loss=5.223588[0m
( 44.227s) Epoch 120/1000: loss=[32m5.222836[0m
( 44.281s) Epoch 121/1000: loss=[32m5.222763[0m
( 44.227s) Epoch 122/1000: loss=5.223261[0m
( 44.150s) Epoch 123/1000: loss=[32m5.221938[0m
( 44.265s) Epoch 124/1000: loss=5.222222[0m
( 44.179s) Epoch 125/1000: loss=5.222725[0m
( 44.331s) Epoch 126/1000: loss=[32m5.221911[0m
( 44.284s) Epoch 127/1000: loss=5.222129[0m
( 44.305s) Epoch 128/1000: loss=5.222066[0m
( 44.203s) Epoch 129/1000: loss=[32m5.221118[0m
( 44.274s) Epoch 130/1000: loss=5.222025[0m
( 44.263s) Epoch 131/1000: loss=5.221748[0m
( 44.232s) Epoch 132/1000: loss=5.221822[0m
( 44.254s) Epoch 133/1000: loss=[32m5.220795[0m
( 44.351s) Epoch 134/1000: loss=5.221016[0m
( 44.138s) Epoch 135/1000: loss=5.221011[0m
( 44.148s) Epoch 136/1000: loss=5.220980[0m
( 44.153s) Epoch 137/1000: loss=[32m5.220617[0m
( 44.361s) Epoch 138/1000: loss=5.221750[0m
( 44.178s) Epoch 139/1000: loss=[32m5.220540[0m
( 44.322s) Epoch 140/1000: loss=[32m5.219937[0m
( 44.266s) Epoch 141/1000: loss=5.219979[0m
( 44.278s) Epoch 142/1000: loss=5.220102[0m
( 44.298s) Epoch 143/1000: loss=5.219972[0m
( 44.310s) Epoch 144/1000: loss=5.221330[0m
( 44.208s) Epoch 145/1000: loss=5.221398[0m
( 44.269s) Epoch 146/1000: loss=5.220684[0m
( 44.135s) Epoch 147/1000: loss=[32m5.219156[0m
( 44.236s) Epoch 148/1000: loss=[32m5.218729[0m
( 44.284s) Epoch 149/1000: loss=5.219231[0m
( 44.265s) Epoch 150/1000: loss=[32m5.218642[0m
( 44.217s) Epoch 151/1000: loss=5.219643[0m
( 44.202s) Epoch 152/1000: loss=5.219527[0m
( 44.244s) Epoch 153/1000: loss=[32m5.218228[0m
( 44.171s) Epoch 154/1000: loss=5.218470[0m
( 44.188s) Epoch 155/1000: loss=5.219320[0m
( 44.155s) Epoch 156/1000: loss=[32m5.217175[0m
( 44.330s) Epoch 157/1000: loss=5.217344[0m
( 44.275s) Epoch 158/1000: loss=5.218314[0m
( 44.230s) Epoch 159/1000: loss=5.217547[0m
( 44.073s) Epoch 160/1000: loss=5.217746[0m
( 44.279s) Epoch 161/1000: loss=5.217293[0m
( 44.186s) Epoch 162/1000: loss=5.217645[0m
( 44.144s) Epoch 163/1000: loss=5.217674[0m
( 44.269s) Epoch 164/1000: loss=[32m5.216712[0m
( 44.233s) Epoch 165/1000: loss=5.217635[0m
( 44.214s) Epoch 166/1000: loss=5.217712[0m
( 44.381s) Epoch 167/1000: loss=5.217602[0m
( 44.177s) Epoch 168/1000: loss=5.217322[0m
( 44.183s) Epoch 169/1000: loss=[32m5.216239[0m
( 44.122s) Epoch 170/1000: loss=5.216899[0m
( 44.070s) Epoch 171/1000: loss=5.216737[0m
( 44.099s) Epoch 172/1000: loss=5.217163[0m
( 44.181s) Epoch 173/1000: loss=5.216400[0m
( 44.169s) Epoch 174/1000: loss=5.217026[0m
( 44.272s) Epoch 175/1000: loss=[32m5.215631[0m
( 44.262s) Epoch 176/1000: loss=5.216347[0m
( 44.290s) Epoch 177/1000: loss=5.216617[0m
( 44.219s) Epoch 178/1000: loss=5.215918[0m
( 44.252s) Epoch 179/1000: loss=[32m5.215190[0m
( 44.281s) Epoch 180/1000: loss=[32m5.214707[0m
( 44.329s) Epoch 181/1000: loss=5.215331[0m
( 44.180s) Epoch 182/1000: loss=[32m5.213663[0m
( 44.276s) Epoch 183/1000: loss=5.216374[0m
( 44.217s) Epoch 184/1000: loss=5.214090[0m
( 44.132s) Epoch 185/1000: loss=5.214703[0m
( 44.224s) Epoch 186/1000: loss=5.215640[0m
( 44.234s) Epoch 187/1000: loss=5.213929[0m
( 44.303s) Epoch 188/1000: loss=5.215219[0m
( 44.268s) Epoch 189/1000: loss=5.216632[0m
( 44.246s) Epoch 190/1000: loss=5.214371[0m
( 44.292s) Epoch 191/1000: loss=5.214332[0m
( 44.400s) Epoch 192/1000: loss=5.213943[0m
( 44.305s) Epoch 193/1000: loss=5.214241[0m
( 44.249s) Epoch 194/1000: loss=5.214622[0m
( 44.222s) Epoch 195/1000: loss=5.215306[0m
( 44.177s) Epoch 196/1000: loss=[32m5.213425[0m
( 44.223s) Epoch 197/1000: loss=[32m5.212932[0m
( 44.314s) Epoch 198/1000: loss=5.213888[0m
( 44.256s) Epoch 199/1000: loss=5.213121[0m
( 44.266s) Epoch 200/1000: loss=5.213344[0m
( 44.199s) Epoch 201/1000: loss=5.213381[0m
( 44.147s) Epoch 202/1000: loss=[32m5.212671[0m
( 44.162s) Epoch 203/1000: loss=5.213201[0m
( 44.100s) Epoch 204/1000: loss=5.212896[0m
( 44.221s) Epoch 205/1000: loss=5.213368[0m
( 44.211s) Epoch 206/1000: loss=[32m5.211911[0m
( 44.204s) Epoch 207/1000: loss=5.212541[0m
( 44.281s) Epoch 208/1000: loss=5.212561[0m
( 44.278s) Epoch 209/1000: loss=[32m5.211828[0m
( 44.238s) Epoch 210/1000: loss=5.212362[0m
( 44.158s) Epoch 211/1000: loss=5.212675[0m
( 44.190s) Epoch 212/1000: loss=[32m5.211213[0m
( 44.111s) Epoch 213/1000: loss=5.212327[0m
( 44.185s) Epoch 214/1000: loss=5.211698[0m
( 44.228s) Epoch 215/1000: loss=5.212264[0m
( 44.131s) Epoch 216/1000: loss=5.211648[0m
( 44.244s) Epoch 217/1000: loss=[32m5.210602[0m
( 44.209s) Epoch 218/1000: loss=5.211516[0m
( 44.156s) Epoch 219/1000: loss=[32m5.210204[0m
( 44.332s) Epoch 220/1000: loss=5.210672[0m
( 44.267s) Epoch 221/1000: loss=5.211115[0m
( 44.297s) Epoch 222/1000: loss=5.211647[0m
( 44.229s) Epoch 223/1000: loss=5.211386[0m
( 44.209s) Epoch 224/1000: loss=5.211038[0m
( 44.254s) Epoch 225/1000: loss=5.210905[0m
( 44.154s) Epoch 226/1000: loss=5.210592[0m
( 44.182s) Epoch 227/1000: loss=[32m5.209870[0m
( 44.220s) Epoch 228/1000: loss=5.210834[0m
( 44.316s) Epoch 229/1000: loss=5.210384[0m
( 44.374s) Epoch 230/1000: loss=5.211069[0m
( 44.257s) Epoch 231/1000: loss=5.210552[0m
( 44.281s) Epoch 232/1000: loss=5.210955[0m
( 44.142s) Epoch 233/1000: loss=[32m5.209836[0m
( 44.234s) Epoch 234/1000: loss=[32m5.208983[0m
( 44.216s) Epoch 235/1000: loss=5.209213[0m
( 44.229s) Epoch 236/1000: loss=5.209475[0m
( 44.395s) Epoch 237/1000: loss=5.210317[0m
( 44.283s) Epoch 238/1000: loss=5.209491[0m
( 44.255s) Epoch 239/1000: loss=5.209766[0m
( 44.201s) Epoch 240/1000: loss=[32m5.208671[0m
( 44.282s) Epoch 241/1000: loss=5.208849[0m
( 44.165s) Epoch 242/1000: loss=5.209319[0m
( 44.112s) Epoch 243/1000: loss=5.209303[0m
( 44.118s) Epoch 244/1000: loss=5.208718[0m
( 44.197s) Epoch 245/1000: loss=5.208953[0m
( 44.267s) Epoch 246/1000: loss=[32m5.208597[0m
( 44.241s) Epoch 247/1000: loss=5.209398[0m
( 44.146s) Epoch 248/1000: loss=5.209011[0m
( 44.144s) Epoch 249/1000: loss=[32m5.208577[0m
( 44.093s) Epoch 250/1000: loss=5.208715[0m
( 44.201s) Epoch 251/1000: loss=5.209416[0m
( 44.391s) Epoch 252/1000: loss=5.208637[0m
( 44.125s) Epoch 253/1000: loss=[32m5.208077[0m
( 44.184s) Epoch 254/1000: loss=[32m5.208033[0m
( 44.112s) Epoch 255/1000: loss=[32m5.207958[0m
( 44.185s) Epoch 256/1000: loss=5.208987[0m
( 44.077s) Epoch 257/1000: loss=[32m5.207602[0m
( 44.150s) Epoch 258/1000: loss=[32m5.207562[0m
( 44.184s) Epoch 259/1000: loss=5.208346[0m
( 44.120s) Epoch 260/1000: loss=5.208148[0m
( 44.272s) Epoch 261/1000: loss=[32m5.207449[0m
( 44.184s) Epoch 262/1000: loss=5.207532[0m
( 44.238s) Epoch 263/1000: loss=[32m5.207448[0m
( 44.149s) Epoch 264/1000: loss=5.208074[0m
( 44.172s) Epoch 265/1000: loss=5.208010[0m
( 44.455s) Epoch 266/1000: loss=[32m5.206921[0m
( 44.334s) Epoch 267/1000: loss=[32m5.206454[0m
( 44.156s) Epoch 268/1000: loss=5.206683[0m
( 44.162s) Epoch 269/1000: loss=5.207443[0m
( 44.252s) Epoch 270/1000: loss=5.207100[0m
( 44.230s) Epoch 271/1000: loss=[32m5.206155[0m
( 44.105s) Epoch 272/1000: loss=[32m5.205931[0m
( 44.332s) Epoch 273/1000: loss=5.207668[0m
( 44.245s) Epoch 274/1000: loss=5.206144[0m
( 44.157s) Epoch 275/1000: loss=5.206697[0m
( 44.310s) Epoch 276/1000: loss=5.208344[0m
( 44.141s) Epoch 277/1000: loss=5.206764[0m
( 44.245s) Epoch 278/1000: loss=5.205983[0m
( 44.181s) Epoch 279/1000: loss=5.206604[0m
( 44.167s) Epoch 280/1000: loss=5.205992[0m
( 44.327s) Epoch 281/1000: loss=5.206791[0m
( 44.293s) Epoch 282/1000: loss=[32m5.205881[0m
( 44.234s) Epoch 283/1000: loss=[32m5.205689[0m
( 44.196s) Epoch 284/1000: loss=[32m5.205557[0m
( 44.275s) Epoch 285/1000: loss=[32m5.204906[0m
( 44.132s) Epoch 286/1000: loss=5.206299[0m
( 44.178s) Epoch 287/1000: loss=5.205510[0m
( 44.219s) Epoch 288/1000: loss=5.205736[0m
( 44.244s) Epoch 289/1000: loss=5.204993[0m
( 44.374s) Epoch 290/1000: loss=[32m5.204607[0m
( 44.258s) Epoch 291/1000: loss=5.204954[0m
( 44.205s) Epoch 292/1000: loss=5.205865[0m
( 44.119s) Epoch 293/1000: loss=5.205683[0m
( 44.216s) Epoch 294/1000: loss=5.205072[0m
( 44.155s) Epoch 295/1000: loss=[32m5.204115[0m
( 44.260s) Epoch 296/1000: loss=5.204919[0m
( 44.172s) Epoch 297/1000: loss=5.205286[0m
( 44.216s) Epoch 298/1000: loss=5.205188[0m
( 44.274s) Epoch 299/1000: loss=[32m5.203898[0m
( 44.287s) Epoch 300/1000: loss=5.204406[0m
( 44.401s) Epoch 301/1000: loss=5.204926[0m
( 44.216s) Epoch 302/1000: loss=5.205032[0m
( 44.222s) Epoch 303/1000: loss=5.205152[0m
( 44.091s) Epoch 304/1000: loss=5.204344[0m
( 44.189s) Epoch 305/1000: loss=5.204688[0m
( 44.259s) Epoch 306/1000: loss=[32m5.203476[0m
( 44.152s) Epoch 307/1000: loss=5.203888[0m
( 44.711s) Epoch 308/1000: loss=5.203914[0m
( 44.433s) Epoch 309/1000: loss=5.204165[0m
( 44.294s) Epoch 310/1000: loss=5.203955[0m
( 44.382s) Epoch 311/1000: loss=5.204254[0m
( 44.260s) Epoch 312/1000: loss=[32m5.203426[0m
( 44.237s) Epoch 313/1000: loss=5.204583[0m
( 44.325s) Epoch 314/1000: loss=5.204171[0m
( 44.272s) Epoch 315/1000: loss=5.204050[0m
( 44.172s) Epoch 316/1000: loss=5.203824[0m
( 44.234s) Epoch 317/1000: loss=5.204364[0m
( 44.378s) Epoch 318/1000: loss=5.204011[0m
( 44.274s) Epoch 319/1000: loss=5.204251[0m
( 44.195s) Epoch 320/1000: loss=[32m5.203372[0m
( 44.310s) Epoch 321/1000: loss=[32m5.202886[0m
( 44.354s) Epoch 322/1000: loss=5.203670[0m
( 44.236s) Epoch 323/1000: loss=5.202966[0m
( 44.321s) Epoch 324/1000: loss=5.202990[0m
( 44.289s) Epoch 325/1000: loss=5.203038[0m
( 44.154s) Epoch 326/1000: loss=[32m5.202857[0m
( 44.275s) Epoch 327/1000: loss=[32m5.202554[0m
( 44.305s) Epoch 328/1000: loss=5.203450[0m
( 44.176s) Epoch 329/1000: loss=5.203206[0m
( 44.234s) Epoch 330/1000: loss=5.203208[0m
( 44.173s) Epoch 331/1000: loss=[32m5.202037[0m
( 44.313s) Epoch 332/1000: loss=5.203634[0m
( 44.249s) Epoch 333/1000: loss=5.202736[0m
( 44.276s) Epoch 334/1000: loss=5.202085[0m
( 44.306s) Epoch 335/1000: loss=5.202519[0m
( 44.351s) Epoch 336/1000: loss=5.202853[0m
( 44.220s) Epoch 337/1000: loss=5.202202[0m
( 44.240s) Epoch 338/1000: loss=5.202266[0m
( 44.267s) Epoch 339/1000: loss=[32m5.201894[0m
( 44.299s) Epoch 340/1000: loss=5.202457[0m
( 44.192s) Epoch 341/1000: loss=5.202611[0m
( 44.350s) Epoch 342/1000: loss=5.202460[0m
( 44.368s) Epoch 343/1000: loss=5.202241[0m
( 44.191s) Epoch 344/1000: loss=5.202414[0m
( 44.283s) Epoch 345/1000: loss=[32m5.201774[0m
( 44.189s) Epoch 346/1000: loss=5.202077[0m
( 44.319s) Epoch 347/1000: loss=[32m5.201488[0m
( 44.267s) Epoch 348/1000: loss=5.202493[0m
( 44.326s) Epoch 349/1000: loss=5.205768[0m
( 44.264s) Epoch 350/1000: loss=5.202475[0m
( 44.277s) Epoch 351/1000: loss=5.202775[0m
( 44.133s) Epoch 352/1000: loss=5.201752[0m
( 44.231s) Epoch 353/1000: loss=5.201659[0m
( 44.243s) Epoch 354/1000: loss=[32m5.201221[0m
( 44.269s) Epoch 355/1000: loss=5.201555[0m
( 44.133s) Epoch 356/1000: loss=5.202390[0m
( 44.289s) Epoch 357/1000: loss=5.202617[0m
( 44.188s) Epoch 358/1000: loss=[32m5.201111[0m
( 44.221s) Epoch 359/1000: loss=5.201830[0m
( 44.284s) Epoch 360/1000: loss=5.201635[0m
( 44.321s) Epoch 361/1000: loss=5.201374[0m
( 44.155s) Epoch 362/1000: loss=[32m5.200647[0m
( 44.313s) Epoch 363/1000: loss=[32m5.200478[0m
( 44.289s) Epoch 364/1000: loss=5.201628[0m
( 44.233s) Epoch 365/1000: loss=5.200984[0m
( 44.161s) Epoch 366/1000: loss=5.200919[0m
( 44.251s) Epoch 367/1000: loss=5.200808[0m
( 44.253s) Epoch 368/1000: loss=5.200709[0m
( 44.360s) Epoch 369/1000: loss=[32m5.200403[0m
( 44.262s) Epoch 370/1000: loss=5.201065[0m
( 44.223s) Epoch 371/1000: loss=5.200959[0m
( 44.190s) Epoch 372/1000: loss=5.201455[0m
( 44.246s) Epoch 373/1000: loss=5.201625[0m
( 44.245s) Epoch 374/1000: loss=5.200572[0m
( 44.257s) Epoch 375/1000: loss=5.200433[0m
( 44.204s) Epoch 376/1000: loss=5.200405[0m
( 44.249s) Epoch 377/1000: loss=[32m5.199979[0m
( 44.305s) Epoch 378/1000: loss=5.200738[0m
( 44.175s) Epoch 379/1000: loss=5.200828[0m
( 44.117s) Epoch 380/1000: loss=5.200348[0m
( 44.171s) Epoch 381/1000: loss=5.200753[0m
( 44.165s) Epoch 382/1000: loss=5.200197[0m
( 44.219s) Epoch 383/1000: loss=5.200753[0m
( 44.273s) Epoch 384/1000: loss=5.201291[0m
( 44.400s) Epoch 385/1000: loss=[32m5.199970[0m
( 44.353s) Epoch 386/1000: loss=5.200228[0m
( 44.176s) Epoch 387/1000: loss=[32m5.199869[0m
( 44.176s) Epoch 388/1000: loss=5.200181[0m
( 44.178s) Epoch 389/1000: loss=5.200920[0m
( 44.104s) Epoch 390/1000: loss=5.201182[0m
( 44.347s) Epoch 391/1000: loss=5.201010[0m
( 44.208s) Epoch 392/1000: loss=[32m5.199607[0m
( 44.298s) Epoch 393/1000: loss=5.200306[0m
( 44.130s) Epoch 394/1000: loss=5.201338[0m
( 44.373s) Epoch 395/1000: loss=5.200145[0m
( 44.261s) Epoch 396/1000: loss=[32m5.199573[0m
( 44.207s) Epoch 397/1000: loss=5.200173[0m
( 44.315s) Epoch 398/1000: loss=[32m5.199427[0m
( 44.302s) Epoch 399/1000: loss=5.199802[0m
( 44.372s) Epoch 400/1000: loss=5.200043[0m
( 44.177s) Epoch 401/1000: loss=[32m5.199018[0m
( 44.338s) Epoch 402/1000: loss=5.199529[0m
( 44.273s) Epoch 403/1000: loss=5.200412[0m
( 44.178s) Epoch 404/1000: loss=[32m5.198942[0m
( 44.223s) Epoch 405/1000: loss=5.199743[0m
( 44.115s) Epoch 406/1000: loss=5.198987[0m
( 44.199s) Epoch 407/1000: loss=[32m5.198399[0m
( 44.173s) Epoch 408/1000: loss=5.198873[0m
( 44.274s) Epoch 409/1000: loss=5.199027[0m
( 44.090s) Epoch 410/1000: loss=5.199355[0m
( 44.283s) Epoch 411/1000: loss=5.198893[0m
( 44.182s) Epoch 412/1000: loss=5.199250[0m
( 44.236s) Epoch 413/1000: loss=5.200334[0m
( 44.211s) Epoch 414/1000: loss=5.199392[0m
( 44.330s) Epoch 415/1000: loss=5.200003[0m
( 44.101s) Epoch 416/1000: loss=5.199235[0m
( 44.135s) Epoch 417/1000: loss=5.199116[0m
( 44.085s) Epoch 418/1000: loss=5.198993[0m
( 44.136s) Epoch 419/1000: loss=5.199230[0m
( 44.091s) Epoch 420/1000: loss=5.199575[0m
( 44.278s) Epoch 421/1000: loss=5.199048[0m
( 44.105s) Epoch 422/1000: loss=5.199029[0m
( 44.213s) Epoch 423/1000: loss=5.198604[0m
( 44.354s) Epoch 424/1000: loss=5.198610[0m
( 44.307s) Epoch 425/1000: loss=5.198707[0m
( 44.199s) Epoch 426/1000: loss=5.200711[0m
( 44.231s) Epoch 427/1000: loss=5.199281[0m
( 44.253s) Epoch 428/1000: loss=5.199177[0m
( 44.233s) Epoch 429/1000: loss=5.198904[0m
( 44.194s) Epoch 430/1000: loss=5.199050[0m
( 44.213s) Epoch 431/1000: loss=5.198522[0m
( 44.292s) Epoch 432/1000: loss=5.198508[0m
( 44.293s) Epoch 433/1000: loss=5.198537[0m
( 44.332s) Epoch 434/1000: loss=5.199452[0m
( 44.371s) Epoch 435/1000: loss=5.198944[0m
( 44.271s) Epoch 436/1000: loss=5.199220[0m
( 44.107s) Epoch 437/1000: loss=5.198978[0m
( 44.223s) Epoch 438/1000: loss=5.199013[0m
( 44.326s) Epoch 439/1000: loss=5.198493[0m
( 44.167s) Epoch 440/1000: loss=[32m5.198118[0m
( 44.316s) Epoch 441/1000: loss=5.198166[0m
( 44.243s) Epoch 442/1000: loss=5.199328[0m
( 44.126s) Epoch 443/1000: loss=5.198476[0m
( 44.221s) Epoch 444/1000: loss=[32m5.198049[0m
( 44.298s) Epoch 445/1000: loss=5.198429[0m
( 44.135s) Epoch 446/1000: loss=5.198540[0m
( 44.093s) Epoch 447/1000: loss=[32m5.197988[0m
( 44.216s) Epoch 448/1000: loss=5.198762[0m
( 44.300s) Epoch 449/1000: loss=[32m5.197760[0m
( 44.234s) Epoch 450/1000: loss=5.198255[0m
( 44.226s) Epoch 451/1000: loss=5.198256[0m
( 44.293s) Epoch 452/1000: loss=5.198551[0m
( 44.196s) Epoch 453/1000: loss=5.197786[0m
( 44.314s) Epoch 454/1000: loss=[32m5.197627[0m
( 44.148s) Epoch 455/1000: loss=5.197913[0m
( 44.183s) Epoch 456/1000: loss=[32m5.197624[0m
( 44.197s) Epoch 457/1000: loss=5.198319[0m
( 44.125s) Epoch 458/1000: loss=5.198457[0m
( 44.095s) Epoch 459/1000: loss=5.198015[0m
( 44.285s) Epoch 460/1000: loss=5.197963[0m
( 44.278s) Epoch 461/1000: loss=5.197754[0m
( 44.243s) Epoch 462/1000: loss=[32m5.196939[0m
( 44.325s) Epoch 463/1000: loss=5.197406[0m
( 44.276s) Epoch 464/1000: loss=5.197436[0m
( 44.075s) Epoch 465/1000: loss=5.198145[0m
( 44.204s) Epoch 466/1000: loss=[32m5.196901[0m
( 44.361s) Epoch 467/1000: loss=5.198103[0m
( 44.195s) Epoch 468/1000: loss=5.200250[0m
( 44.357s) Epoch 469/1000: loss=5.198031[0m
( 44.146s) Epoch 470/1000: loss=5.197673[0m
( 44.326s) Epoch 471/1000: loss=5.198055[0m
( 44.182s) Epoch 472/1000: loss=5.197487[0m
( 44.376s) Epoch 473/1000: loss=5.197810[0m
( 44.098s) Epoch 474/1000: loss=5.197230[0m
( 44.360s) Epoch 475/1000: loss=5.198022[0m
( 44.266s) Epoch 476/1000: loss=5.197165[0m
( 44.181s) Epoch 477/1000: loss=5.197456[0m
( 44.257s) Epoch 478/1000: loss=5.197080[0m
( 44.119s) Epoch 479/1000: loss=[32m5.196895[0m
( 44.144s) Epoch 480/1000: loss=5.197736[0m
( 44.352s) Epoch 481/1000: loss=5.197451[0m
( 44.320s) Epoch 482/1000: loss=5.197016[0m
( 44.231s) Epoch 483/1000: loss=5.197398[0m
( 44.212s) Epoch 484/1000: loss=[32m5.196593[0m
( 44.197s) Epoch 485/1000: loss=5.197230[0m
( 44.211s) Epoch 486/1000: loss=5.196851[0m
( 44.325s) Epoch 487/1000: loss=5.197106[0m
( 44.277s) Epoch 488/1000: loss=5.197060[0m
( 44.294s) Epoch 489/1000: loss=5.197664[0m
( 44.336s) Epoch 490/1000: loss=5.197253[0m
( 44.347s) Epoch 491/1000: loss=5.198463[0m
( 44.268s) Epoch 492/1000: loss=5.197580[0m
( 44.189s) Epoch 493/1000: loss=[32m5.196505[0m
( 44.204s) Epoch 494/1000: loss=5.196565[0m
( 44.303s) Epoch 495/1000: loss=5.197293[0m
( 44.302s) Epoch 496/1000: loss=5.196548[0m
( 44.298s) Epoch 497/1000: loss=5.196907[0m
( 44.192s) Epoch 498/1000: loss=5.196723[0m
( 44.193s) Epoch 499/1000: loss=5.196601[0m
( 44.209s) Epoch 500/1000: loss=5.196669[0m
( 44.137s) Epoch 501/1000: loss=5.197136[0m
( 44.221s) Epoch 502/1000: loss=5.196647[0m
( 44.193s) Epoch 503/1000: loss=5.196713[0m
( 44.242s) Epoch 504/1000: loss=5.196667[0m
( 44.359s) Epoch 505/1000: loss=5.197231[0m
( 44.251s) Epoch 506/1000: loss=5.197269[0m
( 44.432s) Epoch 507/1000: loss=5.197179[0m
( 44.284s) Epoch 508/1000: loss=5.196995[0m
( 44.435s) Epoch 509/1000: loss=5.196611[0m
( 44.182s) Epoch 510/1000: loss=5.196858[0m
( 44.179s) Epoch 511/1000: loss=5.197422[0m
( 44.303s) Epoch 512/1000: loss=[32m5.196384[0m
( 44.215s) Epoch 513/1000: loss=5.196501[0m
( 44.142s) Epoch 514/1000: loss=5.196614[0m
( 44.315s) Epoch 515/1000: loss=[32m5.196014[0m
( 44.273s) Epoch 516/1000: loss=5.196113[0m
( 44.218s) Epoch 517/1000: loss=5.196085[0m
( 44.104s) Epoch 518/1000: loss=5.196352[0m
( 44.245s) Epoch 519/1000: loss=5.196258[0m
( 44.437s) Epoch 520/1000: loss=5.196252[0m
( 44.295s) Epoch 521/1000: loss=5.196409[0m
( 44.253s) Epoch 522/1000: loss=5.196623[0m
( 44.146s) Epoch 523/1000: loss=5.196742[0m
( 44.287s) Epoch 524/1000: loss=[32m5.195915[0m
( 44.253s) Epoch 525/1000: loss=5.196432[0m
( 44.286s) Epoch 526/1000: loss=5.196745[0m
( 44.215s) Epoch 527/1000: loss=5.196262[0m
( 44.311s) Epoch 528/1000: loss=5.196881[0m
( 44.246s) Epoch 529/1000: loss=[32m5.195894[0m
( 44.161s) Epoch 530/1000: loss=[32m5.195505[0m
( 44.213s) Epoch 531/1000: loss=5.195586[0m
( 44.245s) Epoch 532/1000: loss=5.196419[0m
( 44.167s) Epoch 533/1000: loss=5.196082[0m
( 44.222s) Epoch 534/1000: loss=5.196205[0m
( 44.158s) Epoch 535/1000: loss=5.196050[0m
( 44.367s) Epoch 536/1000: loss=5.195661[0m
( 44.198s) Epoch 537/1000: loss=5.195718[0m
( 44.335s) Epoch 538/1000: loss=5.195533[0m
( 44.295s) Epoch 539/1000: loss=5.195942[0m
( 44.375s) Epoch 540/1000: loss=[32m5.195261[0m
( 44.256s) Epoch 541/1000: loss=5.195836[0m
( 44.249s) Epoch 542/1000: loss=5.195645[0m
( 44.273s) Epoch 543/1000: loss=5.195529[0m
( 44.227s) Epoch 544/1000: loss=5.195766[0m
( 44.306s) Epoch 545/1000: loss=5.195700[0m
( 44.356s) Epoch 546/1000: loss=5.195670[0m
( 44.336s) Epoch 547/1000: loss=5.195306[0m
( 44.179s) Epoch 548/1000: loss=[32m5.195214[0m
( 44.153s) Epoch 549/1000: loss=5.196038[0m
( 44.282s) Epoch 550/1000: loss=5.195317[0m
( 44.328s) Epoch 551/1000: loss=5.195479[0m
( 44.268s) Epoch 552/1000: loss=5.195701[0m
( 44.244s) Epoch 553/1000: loss=5.195718[0m
( 44.199s) Epoch 554/1000: loss=5.195380[0m
( 44.392s) Epoch 555/1000: loss=5.195394[0m
( 44.203s) Epoch 556/1000: loss=5.195881[0m
( 44.290s) Epoch 557/1000: loss=[32m5.195121[0m
( 44.301s) Epoch 558/1000: loss=5.195436[0m
( 44.285s) Epoch 559/1000: loss=5.195649[0m
( 44.397s) Epoch 560/1000: loss=5.195614[0m
( 44.175s) Epoch 561/1000: loss=[32m5.194956[0m
( 44.114s) Epoch 562/1000: loss=5.195481[0m
( 44.172s) Epoch 563/1000: loss=5.195502[0m
( 44.392s) Epoch 564/1000: loss=5.195793[0m
( 44.103s) Epoch 565/1000: loss=5.195213[0m
( 44.273s) Epoch 566/1000: loss=[32m5.194836[0m
( 44.152s) Epoch 567/1000: loss=5.195136[0m
( 44.204s) Epoch 568/1000: loss=5.195324[0m
( 44.077s) Epoch 569/1000: loss=5.194917[0m
( 44.209s) Epoch 570/1000: loss=5.194908[0m
( 44.236s) Epoch 571/1000: loss=5.196471[0m
( 44.237s) Epoch 572/1000: loss=5.195597[0m
( 44.258s) Epoch 573/1000: loss=5.195053[0m
( 44.179s) Epoch 574/1000: loss=5.195045[0m
( 44.234s) Epoch 575/1000: loss=5.195518[0m
( 44.222s) Epoch 576/1000: loss=5.195096[0m
( 44.424s) Epoch 577/1000: loss=5.195588[0m
( 44.295s) Epoch 578/1000: loss=5.195146[0m
( 44.284s) Epoch 579/1000: loss=5.195473[0m
( 44.292s) Epoch 580/1000: loss=5.195473[0m
( 44.215s) Epoch 581/1000: loss=5.194959[0m
( 44.403s) Epoch 582/1000: loss=5.195464[0m
( 44.188s) Epoch 583/1000: loss=5.194866[0m
( 44.225s) Epoch 584/1000: loss=[32m5.194756[0m
( 44.139s) Epoch 585/1000: loss=[32m5.194444[0m
( 44.152s) Epoch 586/1000: loss=5.194748[0m
( 44.255s) Epoch 587/1000: loss=5.194743[0m
( 44.310s) Epoch 588/1000: loss=5.195095[0m
( 44.305s) Epoch 589/1000: loss=5.194603[0m
( 44.195s) Epoch 590/1000: loss=5.195047[0m
( 44.311s) Epoch 591/1000: loss=5.194601[0m
( 44.157s) Epoch 592/1000: loss=5.194508[0m
( 44.176s) Epoch 593/1000: loss=5.194726[0m
( 44.289s) Epoch 594/1000: loss=5.195504[0m
( 44.229s) Epoch 595/1000: loss=5.194829[0m
( 44.310s) Epoch 596/1000: loss=5.195139[0m
( 44.277s) Epoch 597/1000: loss=5.194718[0m
( 44.145s) Epoch 598/1000: loss=5.194497[0m
( 44.293s) Epoch 599/1000: loss=5.195252[0m
( 44.275s) Epoch 600/1000: loss=5.195685[0m
( 44.157s) Epoch 601/1000: loss=5.194814[0m
( 44.363s) Epoch 602/1000: loss=5.194805[0m
( 44.349s) Epoch 603/1000: loss=5.194823[0m
( 44.205s) Epoch 604/1000: loss=[32m5.194327[0m
( 44.128s) Epoch 605/1000: loss=5.194725[0m
( 44.375s) Epoch 606/1000: loss=[32m5.194286[0m
( 44.266s) Epoch 607/1000: loss=5.194499[0m
( 44.278s) Epoch 608/1000: loss=5.195079[0m
( 44.345s) Epoch 609/1000: loss=5.194971[0m
( 44.198s) Epoch 610/1000: loss=5.194452[0m
( 44.240s) Epoch 611/1000: loss=5.194292[0m
( 44.305s) Epoch 612/1000: loss=5.195182[0m
( 44.315s) Epoch 613/1000: loss=[32m5.194181[0m
( 44.262s) Epoch 614/1000: loss=[32m5.194142[0m
( 44.412s) Epoch 615/1000: loss=5.194379[0m
( 44.287s) Epoch 616/1000: loss=5.194148[0m
( 44.329s) Epoch 617/1000: loss=5.194598[0m
( 44.234s) Epoch 618/1000: loss=5.194556[0m
( 44.238s) Epoch 619/1000: loss=[32m5.194018[0m
( 44.212s) Epoch 620/1000: loss=5.195160[0m
( 44.124s) Epoch 621/1000: loss=5.194416[0m
( 44.275s) Epoch 622/1000: loss=5.194431[0m
( 44.351s) Epoch 623/1000: loss=5.194352[0m
( 44.264s) Epoch 624/1000: loss=[32m5.193999[0m
( 44.136s) Epoch 625/1000: loss=[32m5.193883[0m
( 44.290s) Epoch 626/1000: loss=5.194155[0m
( 44.288s) Epoch 627/1000: loss=5.194468[0m
( 44.228s) Epoch 628/1000: loss=[32m5.193865[0m
( 44.253s) Epoch 629/1000: loss=[32m5.193657[0m
( 44.308s) Epoch 630/1000: loss=5.194316[0m
( 44.433s) Epoch 631/1000: loss=5.193824[0m
( 44.320s) Epoch 632/1000: loss=5.193709[0m
( 44.241s) Epoch 633/1000: loss=[32m5.193392[0m
( 44.305s) Epoch 634/1000: loss=5.193924[0m
( 44.302s) Epoch 635/1000: loss=5.194269[0m
( 44.338s) Epoch 636/1000: loss=5.193802[0m
( 44.126s) Epoch 637/1000: loss=5.193575[0m
( 44.335s) Epoch 638/1000: loss=5.193480[0m
( 44.315s) Epoch 639/1000: loss=5.193404[0m
( 44.226s) Epoch 640/1000: loss=5.193429[0m
( 44.195s) Epoch 641/1000: loss=[32m5.193228[0m
( 44.356s) Epoch 642/1000: loss=5.193463[0m
( 44.195s) Epoch 643/1000: loss=5.193669[0m
( 44.276s) Epoch 644/1000: loss=5.193743[0m
( 44.257s) Epoch 645/1000: loss=5.193753[0m
( 44.402s) Epoch 646/1000: loss=5.193733[0m
( 44.301s) Epoch 647/1000: loss=5.193740[0m
( 44.262s) Epoch 648/1000: loss=5.193617[0m
( 44.316s) Epoch 649/1000: loss=5.193609[0m
( 44.214s) Epoch 650/1000: loss=5.193855[0m
( 44.145s) Epoch 651/1000: loss=5.193634[0m
( 44.244s) Epoch 652/1000: loss=[32m5.192955[0m
( 44.263s) Epoch 653/1000: loss=5.193844[0m
( 44.415s) Epoch 654/1000: loss=5.193206[0m
( 44.223s) Epoch 655/1000: loss=5.193255[0m
( 44.298s) Epoch 656/1000: loss=5.193640[0m
( 44.236s) Epoch 657/1000: loss=5.193008[0m
( 44.096s) Epoch 658/1000: loss=5.193661[0m
( 44.244s) Epoch 659/1000: loss=5.193331[0m
( 44.276s) Epoch 660/1000: loss=5.193659[0m
( 44.281s) Epoch 661/1000: loss=5.192960[0m
( 44.309s) Epoch 662/1000: loss=5.193779[0m
( 44.289s) Epoch 663/1000: loss=5.193653[0m
( 44.198s) Epoch 664/1000: loss=[32m5.192824[0m
( 44.337s) Epoch 665/1000: loss=5.193103[0m
( 44.098s) Epoch 666/1000: loss=5.193576[0m
( 44.283s) Epoch 667/1000: loss=5.193801[0m
( 44.183s) Epoch 668/1000: loss=5.193441[0m
( 44.403s) Epoch 669/1000: loss=5.193217[0m
( 44.172s) Epoch 670/1000: loss=5.193353[0m
( 44.362s) Epoch 671/1000: loss=5.193202[0m
( 44.253s) Epoch 672/1000: loss=5.193636[0m
( 44.214s) Epoch 673/1000: loss=5.193702[0m
( 44.224s) Epoch 674/1000: loss=5.193465[0m
( 44.271s) Epoch 675/1000: loss=5.193530[0m
( 44.295s) Epoch 676/1000: loss=5.193405[0m
( 44.094s) Epoch 677/1000: loss=5.193345[0m
( 44.248s) Epoch 678/1000: loss=5.192995[0m
( 44.161s) Epoch 679/1000: loss=5.193515[0m
( 44.318s) Epoch 680/1000: loss=5.193159[0m
( 44.334s) Epoch 681/1000: loss=5.193534[0m
( 44.219s) Epoch 682/1000: loss=5.193398[0m
( 44.256s) Epoch 683/1000: loss=5.193563[0m
( 44.215s) Epoch 684/1000: loss=5.193221[0m
( 44.322s) Epoch 685/1000: loss=5.193779[0m
( 44.260s) Epoch 686/1000: loss=5.193359[0m
( 44.147s) Epoch 687/1000: loss=5.192862[0m
( 44.204s) Epoch 688/1000: loss=5.192971[0m
( 44.158s) Epoch 689/1000: loss=5.193179[0m
( 44.340s) Epoch 690/1000: loss=5.193503[0m
( 44.341s) Epoch 691/1000: loss=5.192937[0m
( 44.168s) Epoch 692/1000: loss=5.193336[0m
( 44.219s) Epoch 693/1000: loss=5.193319[0m
( 44.374s) Epoch 694/1000: loss=[32m5.192659[0m
( 44.276s) Epoch 695/1000: loss=5.192969[0m
( 44.188s) Epoch 696/1000: loss=[32m5.192511[0m
( 44.265s) Epoch 697/1000: loss=5.192912[0m
( 44.301s) Epoch 698/1000: loss=5.193457[0m
( 44.265s) Epoch 699/1000: loss=5.192966[0m
( 44.222s) Epoch 700/1000: loss=5.193149[0m
( 44.279s) Epoch 701/1000: loss=[32m5.192356[0m
( 44.367s) Epoch 702/1000: loss=5.192585[0m
( 44.198s) Epoch 703/1000: loss=5.192792[0m
( 44.270s) Epoch 704/1000: loss=5.193448[0m
( 44.388s) Epoch 705/1000: loss=5.193432[0m
( 44.308s) Epoch 706/1000: loss=5.193064[0m
( 44.243s) Epoch 707/1000: loss=5.192610[0m
( 44.327s) Epoch 708/1000: loss=5.192918[0m
( 44.188s) Epoch 709/1000: loss=5.193253[0m
( 44.240s) Epoch 710/1000: loss=5.192932[0m
( 44.241s) Epoch 711/1000: loss=5.193164[0m
( 44.132s) Epoch 712/1000: loss=5.193624[0m
( 44.176s) Epoch 713/1000: loss=5.193102[0m
( 44.309s) Epoch 714/1000: loss=5.192987[0m
( 44.381s) Epoch 715/1000: loss=5.193198[0m
( 44.282s) Epoch 716/1000: loss=5.193408[0m
( 44.222s) Epoch 717/1000: loss=5.192825[0m
( 44.306s) Epoch 718/1000: loss=5.192528[0m
( 44.199s) Epoch 719/1000: loss=5.193511[0m
( 44.183s) Epoch 720/1000: loss=5.193478[0m
( 44.262s) Epoch 721/1000: loss=5.193162[0m
( 44.330s) Epoch 722/1000: loss=5.192926[0m
( 44.274s) Epoch 723/1000: loss=5.192779[0m
( 44.305s) Epoch 724/1000: loss=5.192667[0m
( 44.302s) Epoch 725/1000: loss=5.192887[0m
( 44.276s) Epoch 726/1000: loss=5.192690[0m
( 44.360s) Epoch 727/1000: loss=5.192666[0m
( 44.302s) Epoch 728/1000: loss=5.193323[0m
( 44.397s) Epoch 729/1000: loss=5.192597[0m
( 44.253s) Epoch 730/1000: loss=5.192803[0m
( 44.363s) Epoch 731/1000: loss=5.193076[0m
( 44.267s) Epoch 732/1000: loss=5.192831[0m
( 44.227s) Epoch 733/1000: loss=5.192973[0m
( 44.238s) Epoch 734/1000: loss=5.193113[0m
( 44.271s) Epoch 735/1000: loss=5.192648[0m
( 44.206s) Epoch 736/1000: loss=5.193156[0m
( 44.325s) Epoch 737/1000: loss=5.192981[0m
( 44.226s) Epoch 738/1000: loss=5.193357[0m
( 44.206s) Epoch 739/1000: loss=5.193077[0m
( 44.188s) Epoch 740/1000: loss=5.193307[0m
( 44.294s) Epoch 741/1000: loss=5.192672[0m
( 44.184s) Epoch 742/1000: loss=5.192809[0m
( 44.120s) Epoch 743/1000: loss=5.192950[0m
( 44.301s) Epoch 744/1000: loss=5.193011[0m
( 44.138s) Epoch 745/1000: loss=5.193040[0m
( 44.242s) Epoch 746/1000: loss=5.193150[0m
( 44.222s) Epoch 747/1000: loss=5.193153[0m
( 44.283s) Epoch 748/1000: loss=5.193225[0m
( 44.188s) Epoch 749/1000: loss=5.193317[0m
( 44.179s) Epoch 750/1000: loss=5.193542[0m
( 44.227s) Epoch 751/1000: loss=5.193087[0m
( 44.313s) Epoch 752/1000: loss=5.193066[0m
( 44.186s) Epoch 753/1000: loss=5.193127[0m
( 44.262s) Epoch 754/1000: loss=5.193338[0m
( 44.170s) Epoch 755/1000: loss=5.193226[0m
( 44.228s) Epoch 756/1000: loss=5.193053[0m
( 44.364s) Epoch 757/1000: loss=5.193030[0m
( 44.187s) Epoch 758/1000: loss=5.192764[0m
( 44.247s) Epoch 759/1000: loss=5.192965[0m
( 44.320s) Epoch 760/1000: loss=5.193439[0m
( 44.233s) Epoch 761/1000: loss=5.193101[0m
( 44.215s) Epoch 762/1000: loss=5.193086[0m
( 44.236s) Epoch 763/1000: loss=5.193155[0m
( 44.253s) Epoch 764/1000: loss=5.193334[0m
( 44.319s) Epoch 765/1000: loss=5.193283[0m
( 44.322s) Epoch 766/1000: loss=5.193045[0m
( 44.345s) Epoch 767/1000: loss=5.193225[0m
( 44.237s) Epoch 768/1000: loss=5.193124[0m
( 44.260s) Epoch 769/1000: loss=5.193027[0m
( 44.300s) Epoch 770/1000: loss=5.192446[0m
( 44.340s) Epoch 771/1000: loss=5.192826[0m
( 44.199s) Epoch 772/1000: loss=5.193299[0m
( 44.151s) Epoch 773/1000: loss=5.193181[0m
( 44.364s) Epoch 774/1000: loss=5.193055[0m
( 44.327s) Epoch 775/1000: loss=5.192504[0m
( 44.202s) Epoch 776/1000: loss=5.192987[0m
( 44.182s) Epoch 777/1000: loss=[32m5.192147[0m
( 44.214s) Epoch 778/1000: loss=5.192456[0m
( 44.299s) Epoch 779/1000: loss=5.192447[0m
( 44.203s) Epoch 780/1000: loss=5.192588[0m
( 44.173s) Epoch 781/1000: loss=5.192911[0m
( 44.321s) Epoch 782/1000: loss=5.192182[0m
( 44.195s) Epoch 783/1000: loss=5.192551[0m
( 44.360s) Epoch 784/1000: loss=5.192650[0m
( 44.165s) Epoch 785/1000: loss=5.192394[0m
( 44.205s) Epoch 786/1000: loss=5.192976[0m
( 44.175s) Epoch 787/1000: loss=5.193022[0m
( 44.318s) Epoch 788/1000: loss=5.192561[0m
( 44.361s) Epoch 789/1000: loss=5.192755[0m
( 44.316s) Epoch 790/1000: loss=5.193156[0m
( 44.382s) Epoch 791/1000: loss=[32m5.191734[0m
( 44.261s) Epoch 792/1000: loss=5.192423[0m
( 44.216s) Epoch 793/1000: loss=5.192241[0m
( 44.222s) Epoch 794/1000: loss=5.192174[0m
( 44.149s) Epoch 795/1000: loss=5.192641[0m
( 44.184s) Epoch 796/1000: loss=5.192626[0m
( 44.249s) Epoch 797/1000: loss=5.192474[0m
( 44.207s) Epoch 798/1000: loss=5.192334[0m
( 44.272s) Epoch 799/1000: loss=5.191949[0m
( 44.259s) Epoch 800/1000: loss=5.192298[0m
( 44.162s) Epoch 801/1000: loss=5.192171[0m
( 44.337s) Epoch 802/1000: loss=5.192491[0m
( 44.283s) Epoch 803/1000: loss=5.191836[0m
( 44.284s) Epoch 804/1000: loss=5.192187[0m
( 44.246s) Epoch 805/1000: loss=5.192011[0m
( 44.176s) Epoch 806/1000: loss=5.192690[0m
( 44.266s) Epoch 807/1000: loss=5.192443[0m
( 44.273s) Epoch 808/1000: loss=5.191931[0m
( 44.229s) Epoch 809/1000: loss=5.191982[0m
( 44.240s) Epoch 810/1000: loss=5.192255[0m
( 44.239s) Epoch 811/1000: loss=5.192361[0m
( 44.228s) Epoch 812/1000: loss=5.192174[0m
( 44.161s) Epoch 813/1000: loss=5.192413[0m
( 44.292s) Epoch 814/1000: loss=5.192238[0m
( 44.421s) Epoch 815/1000: loss=5.192198[0m
( 44.170s) Epoch 816/1000: loss=5.191996[0m
( 44.301s) Epoch 817/1000: loss=5.192237[0m
( 44.132s) Epoch 818/1000: loss=[32m5.191681[0m
( 44.324s) Epoch 819/1000: loss=5.192334[0m
( 44.282s) Epoch 820/1000: loss=5.192708[0m
( 44.303s) Epoch 821/1000: loss=5.191738[0m
( 44.202s) Epoch 822/1000: loss=5.192428[0m
( 44.277s) Epoch 823/1000: loss=5.191936[0m
( 44.120s) Epoch 824/1000: loss=5.192931[0m
( 44.189s) Epoch 825/1000: loss=5.192722[0m
( 44.369s) Epoch 826/1000: loss=5.192238[0m
( 44.328s) Epoch 827/1000: loss=5.191902[0m
( 44.368s) Epoch 828/1000: loss=5.192028[0m
( 44.206s) Epoch 829/1000: loss=5.192091[0m
( 44.199s) Epoch 830/1000: loss=5.191845[0m
( 44.201s) Epoch 831/1000: loss=[32m5.191676[0m
( 44.283s) Epoch 832/1000: loss=5.192349[0m
( 44.312s) Epoch 833/1000: loss=[32m5.191538[0m
( 44.161s) Epoch 834/1000: loss=5.192383[0m
( 44.331s) Epoch 835/1000: loss=5.191826[0m
( 44.154s) Epoch 836/1000: loss=5.192018[0m
( 44.274s) Epoch 837/1000: loss=5.192039[0m
( 44.356s) Epoch 838/1000: loss=5.192037[0m
( 44.249s) Epoch 839/1000: loss=5.191863[0m
( 44.222s) Epoch 840/1000: loss=5.191723[0m
( 44.222s) Epoch 841/1000: loss=5.191799[0m
( 44.301s) Epoch 842/1000: loss=[32m5.191474[0m
( 44.279s) Epoch 843/1000: loss=5.191904[0m
( 44.214s) Epoch 844/1000: loss=5.192035[0m
( 44.357s) Epoch 845/1000: loss=5.191627[0m
( 44.141s) Epoch 846/1000: loss=[32m5.191277[0m
( 44.287s) Epoch 847/1000: loss=5.191832[0m
( 44.182s) Epoch 848/1000: loss=5.191591[0m
( 44.284s) Epoch 849/1000: loss=5.192315[0m
( 44.307s) Epoch 850/1000: loss=5.191833[0m
( 44.281s) Epoch 851/1000: loss=5.191694[0m
( 44.197s) Epoch 852/1000: loss=5.191907[0m
( 44.331s) Epoch 853/1000: loss=5.192014[0m
( 44.292s) Epoch 854/1000: loss=5.191726[0m
( 44.199s) Epoch 855/1000: loss=5.192182[0m
( 44.232s) Epoch 856/1000: loss=5.191546[0m
( 44.105s) Epoch 857/1000: loss=5.191847[0m
( 44.255s) Epoch 858/1000: loss=5.191806[0m
( 44.235s) Epoch 859/1000: loss=5.191654[0m
( 44.200s) Epoch 860/1000: loss=5.191385[0m
( 44.202s) Epoch 861/1000: loss=5.191427[0m
( 44.378s) Epoch 862/1000: loss=5.191529[0m
( 44.195s) Epoch 863/1000: loss=5.191323[0m
( 44.308s) Epoch 864/1000: loss=5.191840[0m
( 44.380s) Epoch 865/1000: loss=5.191629[0m
( 44.236s) Epoch 866/1000: loss=5.191542[0m
( 44.347s) Epoch 867/1000: loss=5.191369[0m
( 44.342s) Epoch 868/1000: loss=5.191667[0m
( 44.138s) Epoch 869/1000: loss=5.191716[0m
( 44.324s) Epoch 870/1000: loss=5.191791[0m
( 44.321s) Epoch 871/1000: loss=5.191816[0m
( 44.427s) Epoch 872/1000: loss=5.191746[0m
( 44.346s) Epoch 873/1000: loss=[32m5.191114[0m
( 44.212s) Epoch 874/1000: loss=5.191628[0m
( 44.282s) Epoch 875/1000: loss=5.191403[0m
( 44.312s) Epoch 876/1000: loss=5.191490[0m
( 44.289s) Epoch 877/1000: loss=5.191423[0m
( 44.261s) Epoch 878/1000: loss=5.191254[0m
( 44.408s) Epoch 879/1000: loss=[32m5.191075[0m
( 44.207s) Epoch 880/1000: loss=5.191318[0m
( 44.291s) Epoch 881/1000: loss=5.191830[0m
( 44.300s) Epoch 882/1000: loss=5.191189[0m
( 44.250s) Epoch 883/1000: loss=5.191508[0m
( 44.351s) Epoch 884/1000: loss=5.191276[0m
( 44.213s) Epoch 885/1000: loss=5.191408[0m
( 44.274s) Epoch 886/1000: loss=5.191425[0m
( 44.422s) Epoch 887/1000: loss=5.191340[0m
( 44.267s) Epoch 888/1000: loss=5.191388[0m
( 44.228s) Epoch 889/1000: loss=5.191185[0m
( 44.136s) Epoch 890/1000: loss=5.191328[0m
( 44.235s) Epoch 891/1000: loss=5.191079[0m
( 44.278s) Epoch 892/1000: loss=5.191366[0m
( 44.319s) Epoch 893/1000: loss=5.191176[0m
( 44.364s) Epoch 894/1000: loss=[32m5.191014[0m
( 44.352s) Epoch 895/1000: loss=5.191440[0m
( 44.365s) Epoch 896/1000: loss=5.191357[0m
( 44.215s) Epoch 897/1000: loss=5.191337[0m
( 44.389s) Epoch 898/1000: loss=5.191296[0m
( 44.315s) Epoch 899/1000: loss=5.191435[0m
( 44.188s) Epoch 900/1000: loss=[32m5.190925[0m
( 44.352s) Epoch 901/1000: loss=5.191333[0m
( 44.240s) Epoch 902/1000: loss=5.191392[0m
( 44.130s) Epoch 903/1000: loss=5.191380[0m
( 44.176s) Epoch 904/1000: loss=5.191277[0m
( 44.326s) Epoch 905/1000: loss=[32m5.190884[0m
( 44.343s) Epoch 906/1000: loss=5.191063[0m
( 44.093s) Epoch 907/1000: loss=5.191179[0m
( 44.160s) Epoch 908/1000: loss=5.191156[0m
( 44.281s) Epoch 909/1000: loss=5.191002[0m
( 44.249s) Epoch 910/1000: loss=5.191034[0m
( 44.193s) Epoch 911/1000: loss=5.191246[0m
( 44.285s) Epoch 912/1000: loss=5.191555[0m
( 44.273s) Epoch 913/1000: loss=5.190889[0m
( 44.162s) Epoch 914/1000: loss=[32m5.190615[0m
( 44.199s) Epoch 915/1000: loss=5.191246[0m
( 44.286s) Epoch 916/1000: loss=5.191473[0m
( 44.213s) Epoch 917/1000: loss=5.190937[0m
( 44.280s) Epoch 918/1000: loss=5.190969[0m
( 44.255s) Epoch 919/1000: loss=5.191597[0m
( 44.239s) Epoch 920/1000: loss=5.191524[0m
( 44.217s) Epoch 921/1000: loss=5.191110[0m
( 44.173s) Epoch 922/1000: loss=5.191218[0m
( 44.272s) Epoch 923/1000: loss=5.191496[0m
( 44.271s) Epoch 924/1000: loss=5.191621[0m
( 44.339s) Epoch 925/1000: loss=5.191074[0m
( 44.259s) Epoch 926/1000: loss=5.191052[0m
( 44.222s) Epoch 927/1000: loss=5.190918[0m
( 44.164s) Epoch 928/1000: loss=5.191332[0m
( 44.307s) Epoch 929/1000: loss=5.191138[0m
( 44.181s) Epoch 930/1000: loss=5.191138[0m
( 44.081s) Epoch 931/1000: loss=5.190725[0m
( 44.203s) Epoch 932/1000: loss=5.191434[0m
( 44.305s) Epoch 933/1000: loss=5.191064[0m
( 44.235s) Epoch 934/1000: loss=5.191577[0m
( 44.114s) Epoch 935/1000: loss=5.190932[0m
( 44.268s) Epoch 936/1000: loss=5.191090[0m
( 44.245s) Epoch 937/1000: loss=5.190953[0m
( 44.154s) Epoch 938/1000: loss=5.190764[0m
( 44.271s) Epoch 939/1000: loss=5.191692[0m
( 44.254s) Epoch 940/1000: loss=5.190617[0m
( 44.239s) Epoch 941/1000: loss=5.191119[0m
( 44.277s) Epoch 942/1000: loss=5.191045[0m
( 44.292s) Epoch 943/1000: loss=5.191379[0m
( 44.321s) Epoch 944/1000: loss=5.190812[0m
( 44.194s) Epoch 945/1000: loss=5.191079[0m
( 44.294s) Epoch 946/1000: loss=5.190998[0m
( 44.302s) Epoch 947/1000: loss=5.190930[0m
( 44.209s) Epoch 948/1000: loss=5.190882[0m
( 44.182s) Epoch 949/1000: loss=5.190837[0m
( 44.267s) Epoch 950/1000: loss=5.190926[0m
( 44.244s) Epoch 951/1000: loss=5.190906[0m
( 44.195s) Epoch 952/1000: loss=5.190658[0m
( 44.216s) Epoch 953/1000: loss=5.191629[0m
( 44.190s) Epoch 954/1000: loss=5.190816[0m
( 44.249s) Epoch 955/1000: loss=5.191382[0m
( 44.271s) Epoch 956/1000: loss=5.190697[0m
( 44.368s) Epoch 957/1000: loss=5.191702[0m
( 44.197s) Epoch 958/1000: loss=5.190810[0m
( 44.207s) Epoch 959/1000: loss=5.191068[0m
( 44.372s) Epoch 960/1000: loss=5.191334[0m
( 44.167s) Epoch 961/1000: loss=5.191428[0m
( 44.228s) Epoch 962/1000: loss=5.191187[0m
( 44.279s) Epoch 963/1000: loss=5.190902[0m
( 44.303s) Epoch 964/1000: loss=5.191008[0m
( 44.174s) Epoch 965/1000: loss=5.190744[0m
( 44.176s) Epoch 966/1000: loss=5.190853[0m
( 44.169s) Epoch 967/1000: loss=5.190751[0m
( 44.196s) Epoch 968/1000: loss=5.190911[0m
( 44.303s) Epoch 969/1000: loss=5.191349[0m
( 44.214s) Epoch 970/1000: loss=5.190646[0m
( 44.269s) Epoch 971/1000: loss=5.191440[0m
( 44.267s) Epoch 972/1000: loss=5.190850[0m
( 44.261s) Epoch 973/1000: loss=5.190885[0m
( 44.346s) Epoch 974/1000: loss=5.191021[0m
( 44.178s) Epoch 975/1000: loss=5.191129[0m
( 44.214s) Epoch 976/1000: loss=5.191383[0m
( 44.348s) Epoch 977/1000: loss=5.190855[0m
( 44.263s) Epoch 978/1000: loss=5.192051[0m
( 44.149s) Epoch 979/1000: loss=5.191382[0m
( 44.272s) Epoch 980/1000: loss=[32m5.190614[0m
( 44.297s) Epoch 981/1000: loss=5.191136[0m
( 44.343s) Epoch 982/1000: loss=5.190796[0m
( 44.246s) Epoch 983/1000: loss=5.190874[0m
( 44.309s) Epoch 984/1000: loss=5.191249[0m
( 44.369s) Epoch 985/1000: loss=5.191080[0m
( 44.321s) Epoch 986/1000: loss=5.190972[0m
( 44.237s) Epoch 987/1000: loss=5.191007[0m
( 44.340s) Epoch 988/1000: loss=5.190812[0m
( 44.282s) Epoch 989/1000: loss=5.191025[0m
( 44.249s) Epoch 990/1000: loss=5.190648[0m
( 44.190s) Epoch 991/1000: loss=[32m5.190500[0m
( 44.250s) Epoch 992/1000: loss=5.190797[0m
( 44.259s) Epoch 993/1000: loss=5.191204[0m
( 44.267s) Epoch 994/1000: loss=5.191099[0m
( 44.221s) Epoch 995/1000: loss=5.190874[0m
( 44.185s) Epoch 996/1000: loss=5.190633[0m
( 44.320s) Epoch 997/1000: loss=5.190911[0m
( 44.285s) Epoch 998/1000: loss=5.191522[0m
( 44.267s) Epoch 999/1000: loss=5.191165[0m
( 44.263s) Epoch 1000/1000: loss=5.191175[0m
Training for 1000 epochs took 44279.698s total and 44.280s average
Calculating mean of transformed dataset using the best model state ... 8.963s
Saving best model and options to /home/aditya.bharti/FewShot/fc100_1000epoch/ColorGauss.pth
