Namespace(T_max=1000, backbone='resnet50', base_learning_rate=0.1, base_optimizer='SGD', batch_size=256, dampening=0.0, data_percent=20, dataset='fc100', dataset_root=None, distributed=True, episode_strat='SimpleShotEpisodes', eval_freq=2000, fine_tune_epochs=20, fine_tune_save_path='ft0.pth', first_augment='CropResize', head='SimpleMLP', jitter_strength=1.0, k_shot=5, load_from=None, local_rank=0, log_file=<_io.TextIOWrapper name='/home/aditya.bharti/FewShot/fc100_1000epoch/CropGauss.out' mode='a' encoding='UTF-8'>, loss_function='NTXent', model='SimCLRModel', momentum=0.9, n_way=5, nesterov=True, ntxent_temp=1.0, num_epochs=1000, num_query=15, num_test_tasks=10000, num_workers=4, pin_memory=True, pretrained=False, progress=False, projection_dim=128, save_model=True, save_path='/home/aditya.bharti/FewShot/fc100_1000epoch/CropGauss.pth', scheduler='CosineAnnealingLR', second_augment='GaussBlur', shuffle=True, simple_opt=True, weight_decay=0.0001)
Starting Training on:
Train:  60 classes
Valid:  20 classes
Test:   20 classes
------------------
( 58.157s) Epoch 001/1000: loss=[32m5.688936[0m
( 39.620s) Epoch 002/1000: loss=[32m5.506610[0m
( 37.256s) Epoch 003/1000: loss=[32m5.480131[0m
( 37.288s) Epoch 004/1000: loss=[32m5.466405[0m
( 37.313s) Epoch 005/1000: loss=[32m5.427315[0m
( 37.378s) Epoch 006/1000: loss=[32m5.399971[0m
( 37.374s) Epoch 007/1000: loss=[32m5.388081[0m
( 37.367s) Epoch 008/1000: loss=[32m5.370898[0m
( 37.398s) Epoch 009/1000: loss=[32m5.362057[0m
( 37.625s) Epoch 010/1000: loss=[32m5.355455[0m
( 37.647s) Epoch 011/1000: loss=[32m5.354633[0m
( 37.735s) Epoch 012/1000: loss=[32m5.349087[0m
( 37.577s) Epoch 013/1000: loss=[32m5.345009[0m
( 37.463s) Epoch 014/1000: loss=[32m5.339961[0m
( 37.406s) Epoch 015/1000: loss=[32m5.335044[0m
( 37.417s) Epoch 016/1000: loss=[32m5.328926[0m
( 37.487s) Epoch 017/1000: loss=[32m5.321893[0m
( 37.420s) Epoch 018/1000: loss=[32m5.319120[0m
( 37.391s) Epoch 019/1000: loss=[32m5.312198[0m
( 37.464s) Epoch 020/1000: loss=[32m5.310263[0m
( 37.476s) Epoch 021/1000: loss=[32m5.309965[0m
( 37.357s) Epoch 022/1000: loss=[32m5.306696[0m
( 37.421s) Epoch 023/1000: loss=[32m5.306107[0m
( 37.378s) Epoch 024/1000: loss=[32m5.304830[0m
( 37.474s) Epoch 025/1000: loss=[32m5.300594[0m
( 37.439s) Epoch 026/1000: loss=[32m5.299959[0m
( 37.397s) Epoch 027/1000: loss=[32m5.298882[0m
( 37.459s) Epoch 028/1000: loss=5.299396[0m
( 37.448s) Epoch 029/1000: loss=[32m5.295182[0m
( 37.406s) Epoch 030/1000: loss=5.295448[0m
( 37.478s) Epoch 031/1000: loss=[32m5.290861[0m
( 37.429s) Epoch 032/1000: loss=5.293210[0m
( 37.355s) Epoch 033/1000: loss=5.292209[0m
( 37.446s) Epoch 034/1000: loss=5.291226[0m
( 37.484s) Epoch 035/1000: loss=[32m5.288864[0m
( 37.410s) Epoch 036/1000: loss=5.289931[0m
( 37.359s) Epoch 037/1000: loss=[32m5.288536[0m
( 37.560s) Epoch 038/1000: loss=[32m5.288284[0m
( 37.541s) Epoch 039/1000: loss=[32m5.285822[0m
( 37.509s) Epoch 040/1000: loss=[32m5.285476[0m
( 37.500s) Epoch 041/1000: loss=[32m5.283334[0m
( 37.388s) Epoch 042/1000: loss=[32m5.283302[0m
( 37.429s) Epoch 043/1000: loss=5.284788[0m
( 37.417s) Epoch 044/1000: loss=[32m5.282872[0m
( 37.409s) Epoch 045/1000: loss=[32m5.280650[0m
( 37.474s) Epoch 046/1000: loss=5.282607[0m
( 37.492s) Epoch 047/1000: loss=5.281516[0m
( 37.377s) Epoch 048/1000: loss=[32m5.279211[0m
( 37.448s) Epoch 049/1000: loss=5.279494[0m
( 37.393s) Epoch 050/1000: loss=5.281551[0m
( 37.424s) Epoch 051/1000: loss=[32m5.278366[0m
( 37.633s) Epoch 052/1000: loss=[32m5.278057[0m
( 37.697s) Epoch 053/1000: loss=[32m5.277838[0m
( 37.506s) Epoch 054/1000: loss=[32m5.277347[0m
( 37.460s) Epoch 055/1000: loss=5.277566[0m
( 37.436s) Epoch 056/1000: loss=[32m5.274655[0m
( 37.527s) Epoch 057/1000: loss=5.276542[0m
( 37.439s) Epoch 058/1000: loss=[32m5.274634[0m
( 37.604s) Epoch 059/1000: loss=[32m5.272544[0m
( 37.442s) Epoch 060/1000: loss=5.274092[0m
( 37.652s) Epoch 061/1000: loss=[32m5.271876[0m
( 37.641s) Epoch 062/1000: loss=5.274110[0m
( 37.542s) Epoch 063/1000: loss=5.272592[0m
( 37.713s) Epoch 064/1000: loss=5.274402[0m
( 37.638s) Epoch 065/1000: loss=5.272325[0m
( 37.456s) Epoch 066/1000: loss=5.272517[0m
( 37.520s) Epoch 067/1000: loss=5.271984[0m
( 37.495s) Epoch 068/1000: loss=5.272076[0m
( 37.476s) Epoch 069/1000: loss=5.272464[0m
( 37.526s) Epoch 070/1000: loss=[32m5.269833[0m
( 37.597s) Epoch 071/1000: loss=5.270226[0m
( 37.507s) Epoch 072/1000: loss=5.270414[0m
( 37.457s) Epoch 073/1000: loss=[32m5.268820[0m
( 37.399s) Epoch 074/1000: loss=5.269461[0m
( 37.542s) Epoch 075/1000: loss=[32m5.268745[0m
( 37.490s) Epoch 076/1000: loss=5.268981[0m
( 37.587s) Epoch 077/1000: loss=[32m5.267986[0m
( 37.652s) Epoch 078/1000: loss=5.269692[0m
( 37.507s) Epoch 079/1000: loss=[32m5.265346[0m
( 37.460s) Epoch 080/1000: loss=5.267980[0m
( 37.474s) Epoch 081/1000: loss=5.265802[0m
( 37.468s) Epoch 082/1000: loss=5.268453[0m
( 37.487s) Epoch 083/1000: loss=5.266945[0m
( 37.677s) Epoch 084/1000: loss=5.267256[0m
( 37.468s) Epoch 085/1000: loss=5.267629[0m
( 37.554s) Epoch 086/1000: loss=[32m5.265155[0m
( 37.517s) Epoch 087/1000: loss=5.265303[0m
( 37.403s) Epoch 088/1000: loss=[32m5.264911[0m
( 37.439s) Epoch 089/1000: loss=[32m5.264182[0m
( 37.473s) Epoch 090/1000: loss=5.265703[0m
( 37.478s) Epoch 091/1000: loss=5.266752[0m
( 37.662s) Epoch 092/1000: loss=5.265298[0m
( 37.439s) Epoch 093/1000: loss=5.264335[0m
( 37.449s) Epoch 094/1000: loss=5.264683[0m
( 37.414s) Epoch 095/1000: loss=[32m5.263010[0m
( 37.512s) Epoch 096/1000: loss=5.264049[0m
( 37.456s) Epoch 097/1000: loss=5.265547[0m
( 37.449s) Epoch 098/1000: loss=5.263828[0m
( 37.426s) Epoch 099/1000: loss=[32m5.261191[0m
( 37.465s) Epoch 100/1000: loss=5.262830[0m
( 37.467s) Epoch 101/1000: loss=5.262841[0m
( 37.438s) Epoch 102/1000: loss=5.262656[0m
( 37.509s) Epoch 103/1000: loss=5.263186[0m
( 37.456s) Epoch 104/1000: loss=5.262252[0m
( 37.560s) Epoch 105/1000: loss=[32m5.260791[0m
( 37.453s) Epoch 106/1000: loss=5.263703[0m
( 37.626s) Epoch 107/1000: loss=5.262618[0m
( 37.406s) Epoch 108/1000: loss=5.261049[0m
( 37.555s) Epoch 109/1000: loss=[32m5.260675[0m
( 37.386s) Epoch 110/1000: loss=5.261205[0m
( 37.509s) Epoch 111/1000: loss=5.260911[0m
( 37.427s) Epoch 112/1000: loss=5.260771[0m
( 37.388s) Epoch 113/1000: loss=5.260816[0m
( 37.503s) Epoch 114/1000: loss=[32m5.258825[0m
( 37.558s) Epoch 115/1000: loss=5.260458[0m
( 37.380s) Epoch 116/1000: loss=5.260695[0m
( 37.497s) Epoch 117/1000: loss=[32m5.258637[0m
( 37.350s) Epoch 118/1000: loss=[32m5.257850[0m
( 37.371s) Epoch 119/1000: loss=5.259879[0m
( 37.435s) Epoch 120/1000: loss=5.260048[0m
( 37.466s) Epoch 121/1000: loss=5.258729[0m
( 37.458s) Epoch 122/1000: loss=5.259568[0m
( 37.401s) Epoch 123/1000: loss=5.259824[0m
( 37.408s) Epoch 124/1000: loss=5.258300[0m
( 37.450s) Epoch 125/1000: loss=5.258659[0m
( 37.488s) Epoch 126/1000: loss=[32m5.257745[0m
( 37.563s) Epoch 127/1000: loss=5.259681[0m
( 37.494s) Epoch 128/1000: loss=5.258997[0m
( 37.449s) Epoch 129/1000: loss=5.259284[0m
( 37.482s) Epoch 130/1000: loss=5.258517[0m
( 37.449s) Epoch 131/1000: loss=[32m5.257530[0m
( 37.713s) Epoch 132/1000: loss=5.257892[0m
( 37.433s) Epoch 133/1000: loss=5.258103[0m
( 37.561s) Epoch 134/1000: loss=[32m5.256663[0m
( 37.401s) Epoch 135/1000: loss=5.257920[0m
( 37.418s) Epoch 136/1000: loss=[32m5.256080[0m
( 37.486s) Epoch 137/1000: loss=5.257332[0m
( 37.453s) Epoch 138/1000: loss=5.258231[0m
( 37.483s) Epoch 139/1000: loss=5.258466[0m
( 37.554s) Epoch 140/1000: loss=5.256415[0m
( 37.467s) Epoch 141/1000: loss=[32m5.255704[0m
( 37.395s) Epoch 142/1000: loss=5.257063[0m
( 37.348s) Epoch 143/1000: loss=[32m5.254739[0m
( 37.375s) Epoch 144/1000: loss=5.256455[0m
( 37.490s) Epoch 145/1000: loss=5.257055[0m
( 37.582s) Epoch 146/1000: loss=5.256772[0m
( 37.532s) Epoch 147/1000: loss=5.256044[0m
( 37.415s) Epoch 148/1000: loss=5.255871[0m
( 37.470s) Epoch 149/1000: loss=5.255371[0m
( 37.544s) Epoch 150/1000: loss=5.256072[0m
( 37.468s) Epoch 151/1000: loss=5.255678[0m
( 37.624s) Epoch 152/1000: loss=[32m5.254492[0m
( 37.440s) Epoch 153/1000: loss=5.255543[0m
( 37.424s) Epoch 154/1000: loss=5.255415[0m
( 37.388s) Epoch 155/1000: loss=5.256006[0m
( 37.464s) Epoch 156/1000: loss=[32m5.253115[0m
( 37.447s) Epoch 157/1000: loss=5.254447[0m
( 37.443s) Epoch 158/1000: loss=5.254012[0m
( 37.583s) Epoch 159/1000: loss=5.254885[0m
( 37.415s) Epoch 160/1000: loss=5.255278[0m
( 37.455s) Epoch 161/1000: loss=5.254006[0m
( 37.610s) Epoch 162/1000: loss=5.253487[0m
( 37.638s) Epoch 163/1000: loss=5.255032[0m
( 37.420s) Epoch 164/1000: loss=5.254830[0m
( 37.488s) Epoch 165/1000: loss=5.253519[0m
( 37.707s) Epoch 166/1000: loss=5.254450[0m
( 37.368s) Epoch 167/1000: loss=5.254119[0m
( 37.454s) Epoch 168/1000: loss=5.253757[0m
( 37.449s) Epoch 169/1000: loss=5.253198[0m
( 37.618s) Epoch 170/1000: loss=5.253359[0m
( 37.457s) Epoch 171/1000: loss=[32m5.252463[0m
( 37.444s) Epoch 172/1000: loss=5.254605[0m
( 37.460s) Epoch 173/1000: loss=[32m5.251782[0m
( 37.462s) Epoch 174/1000: loss=5.254426[0m
( 37.398s) Epoch 175/1000: loss=5.253476[0m
( 37.476s) Epoch 176/1000: loss=5.252158[0m
( 37.455s) Epoch 177/1000: loss=5.253261[0m
( 37.483s) Epoch 178/1000: loss=[32m5.250926[0m
( 37.429s) Epoch 179/1000: loss=5.252974[0m
( 37.411s) Epoch 180/1000: loss=5.252704[0m
( 37.430s) Epoch 181/1000: loss=5.253078[0m
( 37.423s) Epoch 182/1000: loss=5.252991[0m
( 37.379s) Epoch 183/1000: loss=5.253726[0m
( 37.486s) Epoch 184/1000: loss=5.253592[0m
( 37.465s) Epoch 185/1000: loss=5.252528[0m
( 37.428s) Epoch 186/1000: loss=5.253519[0m
( 37.448s) Epoch 187/1000: loss=[32m5.250805[0m
( 37.458s) Epoch 188/1000: loss=[32m5.250294[0m
( 37.456s) Epoch 189/1000: loss=5.251957[0m
( 37.452s) Epoch 190/1000: loss=5.251692[0m
( 37.538s) Epoch 191/1000: loss=5.251946[0m
( 37.577s) Epoch 192/1000: loss=[32m5.248974[0m
( 37.465s) Epoch 193/1000: loss=5.251691[0m
( 37.444s) Epoch 194/1000: loss=5.251546[0m
( 37.458s) Epoch 195/1000: loss=5.251463[0m
( 37.495s) Epoch 196/1000: loss=5.250630[0m
( 37.702s) Epoch 197/1000: loss=5.249694[0m
( 37.404s) Epoch 198/1000: loss=5.252301[0m
( 37.410s) Epoch 199/1000: loss=5.250545[0m
( 37.427s) Epoch 200/1000: loss=5.251878[0m
( 37.451s) Epoch 201/1000: loss=5.251204[0m
( 37.375s) Epoch 202/1000: loss=5.249787[0m
( 37.504s) Epoch 203/1000: loss=5.251561[0m
( 37.505s) Epoch 204/1000: loss=5.250687[0m
( 37.477s) Epoch 205/1000: loss=5.251641[0m
( 37.406s) Epoch 206/1000: loss=5.250592[0m
( 37.451s) Epoch 207/1000: loss=5.249438[0m
( 37.514s) Epoch 208/1000: loss=[32m5.248107[0m
( 37.513s) Epoch 209/1000: loss=5.249152[0m
( 37.439s) Epoch 210/1000: loss=5.250506[0m
( 37.468s) Epoch 211/1000: loss=[32m5.247968[0m
( 37.518s) Epoch 212/1000: loss=5.250886[0m
( 37.407s) Epoch 213/1000: loss=5.251627[0m
( 37.455s) Epoch 214/1000: loss=5.248294[0m
( 37.451s) Epoch 215/1000: loss=5.248331[0m
( 37.414s) Epoch 216/1000: loss=5.249933[0m
( 37.474s) Epoch 217/1000: loss=5.250603[0m
( 37.477s) Epoch 218/1000: loss=5.249610[0m
( 37.448s) Epoch 219/1000: loss=5.248230[0m
( 37.415s) Epoch 220/1000: loss=5.248293[0m
( 37.533s) Epoch 221/1000: loss=5.249776[0m
( 37.568s) Epoch 222/1000: loss=5.248824[0m
( 37.435s) Epoch 223/1000: loss=5.249300[0m
( 37.512s) Epoch 224/1000: loss=5.248829[0m
( 37.475s) Epoch 225/1000: loss=[32m5.247871[0m
( 37.389s) Epoch 226/1000: loss=5.250275[0m
( 37.398s) Epoch 227/1000: loss=[32m5.247454[0m
( 37.475s) Epoch 228/1000: loss=5.248737[0m
( 37.468s) Epoch 229/1000: loss=5.249792[0m
( 37.470s) Epoch 230/1000: loss=5.247635[0m
( 37.384s) Epoch 231/1000: loss=5.249387[0m
( 37.355s) Epoch 232/1000: loss=5.248563[0m
( 37.445s) Epoch 233/1000: loss=[32m5.246969[0m
( 37.461s) Epoch 234/1000: loss=5.248439[0m
( 37.472s) Epoch 235/1000: loss=5.249994[0m
( 37.522s) Epoch 236/1000: loss=[32m5.246851[0m
( 37.385s) Epoch 237/1000: loss=5.247948[0m
( 37.466s) Epoch 238/1000: loss=5.249381[0m
( 37.443s) Epoch 239/1000: loss=5.247257[0m
( 37.487s) Epoch 240/1000: loss=5.247373[0m
( 37.586s) Epoch 241/1000: loss=5.248868[0m
( 37.644s) Epoch 242/1000: loss=5.248235[0m
( 37.489s) Epoch 243/1000: loss=[32m5.245484[0m
( 37.467s) Epoch 244/1000: loss=5.247495[0m
( 37.432s) Epoch 245/1000: loss=5.247457[0m
( 37.445s) Epoch 246/1000: loss=5.247748[0m
( 37.527s) Epoch 247/1000: loss=5.246942[0m
( 37.505s) Epoch 248/1000: loss=5.245791[0m
( 37.454s) Epoch 249/1000: loss=5.248806[0m
( 37.417s) Epoch 250/1000: loss=5.246999[0m
( 37.511s) Epoch 251/1000: loss=5.247552[0m
( 37.413s) Epoch 252/1000: loss=5.246932[0m
( 37.483s) Epoch 253/1000: loss=5.246929[0m
( 37.428s) Epoch 254/1000: loss=5.246390[0m
( 37.490s) Epoch 255/1000: loss=5.248870[0m
( 37.401s) Epoch 256/1000: loss=5.247347[0m
( 37.438s) Epoch 257/1000: loss=5.246558[0m
( 37.461s) Epoch 258/1000: loss=5.246892[0m
( 37.436s) Epoch 259/1000: loss=5.246441[0m
( 37.511s) Epoch 260/1000: loss=5.247292[0m
( 37.480s) Epoch 261/1000: loss=5.246079[0m
( 37.456s) Epoch 262/1000: loss=5.247302[0m
( 37.394s) Epoch 263/1000: loss=5.245536[0m
( 37.411s) Epoch 264/1000: loss=5.246497[0m
( 37.479s) Epoch 265/1000: loss=5.245892[0m
( 37.459s) Epoch 266/1000: loss=5.246646[0m
( 37.456s) Epoch 267/1000: loss=5.246700[0m
( 37.403s) Epoch 268/1000: loss=5.247060[0m
( 37.399s) Epoch 269/1000: loss=5.245811[0m
( 37.388s) Epoch 270/1000: loss=5.245659[0m
( 37.455s) Epoch 271/1000: loss=5.245855[0m
( 37.432s) Epoch 272/1000: loss=[32m5.245136[0m
( 37.450s) Epoch 273/1000: loss=5.245745[0m
( 37.472s) Epoch 274/1000: loss=5.245930[0m
( 37.559s) Epoch 275/1000: loss=5.247621[0m
( 37.476s) Epoch 276/1000: loss=5.246847[0m
( 37.594s) Epoch 277/1000: loss=5.247038[0m
( 37.435s) Epoch 278/1000: loss=[32m5.245130[0m
( 37.478s) Epoch 279/1000: loss=5.245213[0m
( 37.468s) Epoch 280/1000: loss=5.246552[0m
( 37.444s) Epoch 281/1000: loss=5.246430[0m
( 37.505s) Epoch 282/1000: loss=[32m5.244611[0m
( 37.457s) Epoch 283/1000: loss=[32m5.244021[0m
( 37.478s) Epoch 284/1000: loss=5.245909[0m
( 37.497s) Epoch 285/1000: loss=5.245897[0m
( 37.509s) Epoch 286/1000: loss=5.246015[0m
( 37.496s) Epoch 287/1000: loss=5.245655[0m
( 37.477s) Epoch 288/1000: loss=5.246220[0m
( 37.474s) Epoch 289/1000: loss=[32m5.243694[0m
( 37.467s) Epoch 290/1000: loss=5.244740[0m
( 37.472s) Epoch 291/1000: loss=5.244718[0m
( 37.526s) Epoch 292/1000: loss=5.244774[0m
( 37.427s) Epoch 293/1000: loss=5.245405[0m
( 37.477s) Epoch 294/1000: loss=5.244480[0m
( 37.473s) Epoch 295/1000: loss=5.245176[0m
( 37.453s) Epoch 296/1000: loss=5.243991[0m
( 37.505s) Epoch 297/1000: loss=5.244623[0m
( 37.497s) Epoch 298/1000: loss=5.244795[0m
( 37.506s) Epoch 299/1000: loss=[32m5.243093[0m
( 37.438s) Epoch 300/1000: loss=5.243568[0m
( 37.480s) Epoch 301/1000: loss=5.244638[0m
( 37.463s) Epoch 302/1000: loss=5.244620[0m
( 37.405s) Epoch 303/1000: loss=5.244959[0m
( 37.479s) Epoch 304/1000: loss=5.243901[0m
( 37.430s) Epoch 305/1000: loss=5.244104[0m
( 37.482s) Epoch 306/1000: loss=5.244010[0m
( 37.403s) Epoch 307/1000: loss=5.245316[0m
( 37.520s) Epoch 308/1000: loss=5.244266[0m
( 37.499s) Epoch 309/1000: loss=5.244722[0m
( 37.479s) Epoch 310/1000: loss=5.244924[0m
( 37.626s) Epoch 311/1000: loss=5.243198[0m
( 37.525s) Epoch 312/1000: loss=5.246150[0m
( 37.537s) Epoch 313/1000: loss=5.243319[0m
( 37.644s) Epoch 314/1000: loss=5.243176[0m
( 37.449s) Epoch 315/1000: loss=5.244176[0m
( 37.458s) Epoch 316/1000: loss=5.244219[0m
( 37.482s) Epoch 317/1000: loss=5.243986[0m
( 37.538s) Epoch 318/1000: loss=5.243271[0m
( 37.676s) Epoch 319/1000: loss=[32m5.242655[0m
( 37.453s) Epoch 320/1000: loss=5.244503[0m
( 37.446s) Epoch 321/1000: loss=5.242799[0m
( 37.425s) Epoch 322/1000: loss=5.244034[0m
( 37.729s) Epoch 323/1000: loss=5.243313[0m
( 37.502s) Epoch 324/1000: loss=5.243074[0m
( 37.761s) Epoch 325/1000: loss=[32m5.242640[0m
( 37.475s) Epoch 326/1000: loss=5.243176[0m
( 37.426s) Epoch 327/1000: loss=5.243537[0m
( 37.510s) Epoch 328/1000: loss=[32m5.242500[0m
( 37.587s) Epoch 329/1000: loss=5.243919[0m
( 37.744s) Epoch 330/1000: loss=5.243691[0m
( 37.798s) Epoch 331/1000: loss=[32m5.242041[0m
( 37.673s) Epoch 332/1000: loss=5.242258[0m
( 37.424s) Epoch 333/1000: loss=5.242906[0m
( 37.460s) Epoch 334/1000: loss=[32m5.240997[0m
( 37.552s) Epoch 335/1000: loss=5.242751[0m
( 37.502s) Epoch 336/1000: loss=5.243306[0m
( 37.458s) Epoch 337/1000: loss=5.243040[0m
( 37.510s) Epoch 338/1000: loss=5.241603[0m
( 37.456s) Epoch 339/1000: loss=5.241759[0m
( 37.459s) Epoch 340/1000: loss=5.243382[0m
( 37.457s) Epoch 341/1000: loss=5.242674[0m
( 37.495s) Epoch 342/1000: loss=5.243106[0m
( 37.451s) Epoch 343/1000: loss=5.243362[0m
( 37.537s) Epoch 344/1000: loss=5.243583[0m
( 37.402s) Epoch 345/1000: loss=5.241512[0m
( 37.482s) Epoch 346/1000: loss=5.241295[0m
( 37.471s) Epoch 347/1000: loss=5.242731[0m
( 37.460s) Epoch 348/1000: loss=5.243542[0m
( 37.505s) Epoch 349/1000: loss=5.242250[0m
( 37.571s) Epoch 350/1000: loss=5.243297[0m
( 37.479s) Epoch 351/1000: loss=5.242225[0m
( 37.472s) Epoch 352/1000: loss=5.242265[0m
( 37.499s) Epoch 353/1000: loss=5.243163[0m
( 37.514s) Epoch 354/1000: loss=5.241891[0m
( 37.517s) Epoch 355/1000: loss=5.243053[0m
( 37.437s) Epoch 356/1000: loss=5.241762[0m
( 37.620s) Epoch 357/1000: loss=5.241541[0m
( 37.471s) Epoch 358/1000: loss=5.242432[0m
( 37.417s) Epoch 359/1000: loss=5.241962[0m
( 37.461s) Epoch 360/1000: loss=5.243870[0m
( 37.464s) Epoch 361/1000: loss=5.242856[0m
( 37.539s) Epoch 362/1000: loss=5.243048[0m
( 37.530s) Epoch 363/1000: loss=5.241818[0m
( 37.448s) Epoch 364/1000: loss=5.241939[0m
( 37.560s) Epoch 365/1000: loss=5.241304[0m
( 37.471s) Epoch 366/1000: loss=5.241735[0m
( 37.482s) Epoch 367/1000: loss=5.242306[0m
( 37.537s) Epoch 368/1000: loss=5.242322[0m
( 37.431s) Epoch 369/1000: loss=[32m5.240823[0m
( 37.457s) Epoch 370/1000: loss=[32m5.240722[0m
( 37.423s) Epoch 371/1000: loss=5.242204[0m
( 37.498s) Epoch 372/1000: loss=5.241434[0m
( 37.414s) Epoch 373/1000: loss=5.242396[0m
( 37.442s) Epoch 374/1000: loss=5.241383[0m
( 37.506s) Epoch 375/1000: loss=5.241136[0m
( 37.560s) Epoch 376/1000: loss=5.242848[0m
( 37.441s) Epoch 377/1000: loss=5.241753[0m
( 37.429s) Epoch 378/1000: loss=[32m5.239522[0m
( 37.437s) Epoch 379/1000: loss=5.242700[0m
( 37.429s) Epoch 380/1000: loss=5.241622[0m
( 37.449s) Epoch 381/1000: loss=5.241267[0m
( 37.486s) Epoch 382/1000: loss=5.240754[0m
( 37.593s) Epoch 383/1000: loss=[32m5.238682[0m
( 37.461s) Epoch 384/1000: loss=5.240410[0m
( 37.461s) Epoch 385/1000: loss=5.240548[0m
( 37.421s) Epoch 386/1000: loss=5.240632[0m
( 37.533s) Epoch 387/1000: loss=5.242949[0m
( 37.413s) Epoch 388/1000: loss=5.240927[0m
( 37.543s) Epoch 389/1000: loss=5.240511[0m
( 37.540s) Epoch 390/1000: loss=5.239046[0m
( 37.505s) Epoch 391/1000: loss=5.240631[0m
( 37.442s) Epoch 392/1000: loss=5.242191[0m
( 37.433s) Epoch 393/1000: loss=5.241183[0m
( 37.460s) Epoch 394/1000: loss=5.240490[0m
( 37.509s) Epoch 395/1000: loss=5.242005[0m
( 37.399s) Epoch 396/1000: loss=5.241052[0m
( 37.468s) Epoch 397/1000: loss=5.240624[0m
( 37.422s) Epoch 398/1000: loss=5.240805[0m
( 37.480s) Epoch 399/1000: loss=5.239979[0m
( 37.587s) Epoch 400/1000: loss=5.241293[0m
( 37.422s) Epoch 401/1000: loss=5.239514[0m
( 37.453s) Epoch 402/1000: loss=5.241320[0m
( 37.485s) Epoch 403/1000: loss=5.241533[0m
( 37.444s) Epoch 404/1000: loss=5.240360[0m
( 37.420s) Epoch 405/1000: loss=5.238750[0m
( 37.399s) Epoch 406/1000: loss=[32m5.238426[0m
( 37.494s) Epoch 407/1000: loss=5.242303[0m
( 37.530s) Epoch 408/1000: loss=5.240880[0m
( 37.450s) Epoch 409/1000: loss=5.241856[0m
( 37.366s) Epoch 410/1000: loss=5.239378[0m
( 37.499s) Epoch 411/1000: loss=5.239606[0m
( 37.400s) Epoch 412/1000: loss=5.240889[0m
( 37.475s) Epoch 413/1000: loss=5.239572[0m
( 37.489s) Epoch 414/1000: loss=5.238552[0m
( 37.511s) Epoch 415/1000: loss=5.238459[0m
( 37.457s) Epoch 416/1000: loss=5.239443[0m
( 37.443s) Epoch 417/1000: loss=5.238544[0m
( 37.386s) Epoch 418/1000: loss=5.239237[0m
( 37.463s) Epoch 419/1000: loss=5.239797[0m
( 37.511s) Epoch 420/1000: loss=5.239451[0m
( 37.540s) Epoch 421/1000: loss=5.239177[0m
( 37.449s) Epoch 422/1000: loss=5.240462[0m
( 37.501s) Epoch 423/1000: loss=5.239486[0m
( 37.484s) Epoch 424/1000: loss=5.238564[0m
( 37.501s) Epoch 425/1000: loss=5.239454[0m
( 37.432s) Epoch 426/1000: loss=5.239881[0m
( 37.509s) Epoch 427/1000: loss=5.238963[0m
( 37.420s) Epoch 428/1000: loss=5.239315[0m
( 37.476s) Epoch 429/1000: loss=5.238648[0m
( 37.468s) Epoch 430/1000: loss=5.239505[0m
( 37.405s) Epoch 431/1000: loss=5.239117[0m
( 37.480s) Epoch 432/1000: loss=5.239303[0m
( 37.518s) Epoch 433/1000: loss=5.240156[0m
( 37.539s) Epoch 434/1000: loss=5.239794[0m
( 37.436s) Epoch 435/1000: loss=5.238692[0m
( 37.466s) Epoch 436/1000: loss=[32m5.237972[0m
( 37.472s) Epoch 437/1000: loss=5.239495[0m
( 37.515s) Epoch 438/1000: loss=5.239751[0m
( 37.678s) Epoch 439/1000: loss=5.239342[0m
( 37.692s) Epoch 440/1000: loss=5.238531[0m
( 37.643s) Epoch 441/1000: loss=5.239416[0m
( 37.699s) Epoch 442/1000: loss=5.238670[0m
( 37.939s) Epoch 443/1000: loss=5.239994[0m
( 37.824s) Epoch 444/1000: loss=5.237985[0m
( 37.920s) Epoch 445/1000: loss=5.239512[0m
( 37.772s) Epoch 446/1000: loss=5.240144[0m
( 37.584s) Epoch 447/1000: loss=5.238178[0m
( 37.622s) Epoch 448/1000: loss=5.238265[0m
( 37.553s) Epoch 449/1000: loss=5.238432[0m
( 37.607s) Epoch 450/1000: loss=5.239361[0m
( 37.612s) Epoch 451/1000: loss=5.239894[0m
( 37.687s) Epoch 452/1000: loss=5.238967[0m
( 37.513s) Epoch 453/1000: loss=5.238964[0m
( 37.695s) Epoch 454/1000: loss=[32m5.237030[0m
( 37.774s) Epoch 455/1000: loss=5.239263[0m
( 37.585s) Epoch 456/1000: loss=5.238433[0m
( 37.584s) Epoch 457/1000: loss=5.237681[0m
( 37.563s) Epoch 458/1000: loss=5.237473[0m
( 37.595s) Epoch 459/1000: loss=5.238098[0m
( 37.628s) Epoch 460/1000: loss=[32m5.236145[0m
( 37.499s) Epoch 461/1000: loss=5.238293[0m
( 37.536s) Epoch 462/1000: loss=5.236996[0m
( 37.550s) Epoch 463/1000: loss=5.238291[0m
( 37.495s) Epoch 464/1000: loss=5.237058[0m
( 37.527s) Epoch 465/1000: loss=5.238146[0m
( 37.478s) Epoch 466/1000: loss=5.237940[0m
( 37.527s) Epoch 467/1000: loss=5.237844[0m
( 37.517s) Epoch 468/1000: loss=5.237996[0m
( 37.489s) Epoch 469/1000: loss=5.237865[0m
( 37.509s) Epoch 470/1000: loss=5.238199[0m
( 37.546s) Epoch 471/1000: loss=5.237641[0m
( 37.562s) Epoch 472/1000: loss=5.238356[0m
( 37.473s) Epoch 473/1000: loss=5.238189[0m
( 37.580s) Epoch 474/1000: loss=5.237078[0m
( 37.535s) Epoch 475/1000: loss=5.238029[0m
( 37.553s) Epoch 476/1000: loss=5.237518[0m
( 37.523s) Epoch 477/1000: loss=5.236930[0m
( 37.581s) Epoch 478/1000: loss=5.236715[0m
( 37.511s) Epoch 479/1000: loss=5.237237[0m
( 37.520s) Epoch 480/1000: loss=5.238083[0m
( 37.671s) Epoch 481/1000: loss=5.237597[0m
( 37.487s) Epoch 482/1000: loss=5.237658[0m
( 37.543s) Epoch 483/1000: loss=5.236148[0m
( 37.546s) Epoch 484/1000: loss=5.236808[0m
( 37.529s) Epoch 485/1000: loss=5.236828[0m
( 37.648s) Epoch 486/1000: loss=5.236947[0m
( 37.550s) Epoch 487/1000: loss=5.238172[0m
( 37.492s) Epoch 488/1000: loss=5.236590[0m
( 37.644s) Epoch 489/1000: loss=5.236949[0m
( 37.486s) Epoch 490/1000: loss=[32m5.235132[0m
( 37.589s) Epoch 491/1000: loss=5.237469[0m
( 37.484s) Epoch 492/1000: loss=5.237260[0m
( 37.489s) Epoch 493/1000: loss=5.237450[0m
( 37.512s) Epoch 494/1000: loss=5.236823[0m
( 37.484s) Epoch 495/1000: loss=5.236731[0m
( 37.602s) Epoch 496/1000: loss=5.236088[0m
( 37.585s) Epoch 497/1000: loss=5.236993[0m
( 37.706s) Epoch 498/1000: loss=5.237909[0m
( 37.565s) Epoch 499/1000: loss=5.236088[0m
( 37.509s) Epoch 500/1000: loss=5.237269[0m
( 37.488s) Epoch 501/1000: loss=5.236344[0m
( 37.430s) Epoch 502/1000: loss=5.236394[0m
( 37.468s) Epoch 503/1000: loss=5.236956[0m
( 37.527s) Epoch 504/1000: loss=5.236018[0m
( 37.408s) Epoch 505/1000: loss=5.236299[0m
( 37.525s) Epoch 506/1000: loss=5.236849[0m
( 37.462s) Epoch 507/1000: loss=5.235479[0m
( 37.508s) Epoch 508/1000: loss=5.237212[0m
( 37.480s) Epoch 509/1000: loss=[32m5.234799[0m
( 37.581s) Epoch 510/1000: loss=5.236619[0m
( 37.606s) Epoch 511/1000: loss=5.235978[0m
( 37.512s) Epoch 512/1000: loss=5.236784[0m
( 37.509s) Epoch 513/1000: loss=5.236325[0m
( 37.494s) Epoch 514/1000: loss=5.237198[0m
( 37.505s) Epoch 515/1000: loss=5.237396[0m
( 37.470s) Epoch 516/1000: loss=5.235795[0m
( 37.538s) Epoch 517/1000: loss=5.235942[0m
( 37.598s) Epoch 518/1000: loss=5.236146[0m
( 37.480s) Epoch 519/1000: loss=5.235383[0m
( 37.644s) Epoch 520/1000: loss=5.236036[0m
( 37.619s) Epoch 521/1000: loss=5.235668[0m
( 37.665s) Epoch 522/1000: loss=5.236279[0m
( 37.703s) Epoch 523/1000: loss=5.235775[0m
( 37.511s) Epoch 524/1000: loss=5.235534[0m
( 37.556s) Epoch 525/1000: loss=5.235333[0m
( 37.479s) Epoch 526/1000: loss=5.236158[0m
( 37.447s) Epoch 527/1000: loss=5.235348[0m
( 37.470s) Epoch 528/1000: loss=5.235753[0m
( 37.469s) Epoch 529/1000: loss=[32m5.234742[0m
( 37.571s) Epoch 530/1000: loss=5.234799[0m
( 37.469s) Epoch 531/1000: loss=5.235231[0m
( 37.436s) Epoch 532/1000: loss=5.234889[0m
( 37.455s) Epoch 533/1000: loss=5.235417[0m
( 37.451s) Epoch 534/1000: loss=5.235213[0m
( 37.495s) Epoch 535/1000: loss=5.235216[0m
( 37.528s) Epoch 536/1000: loss=5.234903[0m
( 37.524s) Epoch 537/1000: loss=[32m5.234557[0m
( 37.411s) Epoch 538/1000: loss=5.235218[0m
( 37.393s) Epoch 539/1000: loss=5.235514[0m
( 37.466s) Epoch 540/1000: loss=5.236694[0m
( 37.515s) Epoch 541/1000: loss=5.235370[0m
( 37.526s) Epoch 542/1000: loss=5.234591[0m
( 37.502s) Epoch 543/1000: loss=5.237259[0m
( 37.494s) Epoch 544/1000: loss=5.236171[0m
( 37.459s) Epoch 545/1000: loss=5.234938[0m
( 37.503s) Epoch 546/1000: loss=5.236096[0m
( 37.483s) Epoch 547/1000: loss=5.235511[0m
( 37.520s) Epoch 548/1000: loss=[32m5.233748[0m
( 37.660s) Epoch 549/1000: loss=5.234100[0m
( 37.563s) Epoch 550/1000: loss=5.233846[0m
( 37.559s) Epoch 551/1000: loss=5.235304[0m
( 37.493s) Epoch 552/1000: loss=5.235532[0m
( 37.519s) Epoch 553/1000: loss=5.233752[0m
( 37.527s) Epoch 554/1000: loss=5.235477[0m
( 37.618s) Epoch 555/1000: loss=5.235067[0m
( 37.518s) Epoch 556/1000: loss=5.234779[0m
( 37.484s) Epoch 557/1000: loss=5.233931[0m
( 37.479s) Epoch 558/1000: loss=5.235462[0m
( 37.488s) Epoch 559/1000: loss=5.234510[0m
( 37.496s) Epoch 560/1000: loss=5.235173[0m
( 37.623s) Epoch 561/1000: loss=5.235177[0m
( 37.576s) Epoch 562/1000: loss=5.234675[0m
( 37.529s) Epoch 563/1000: loss=5.237068[0m
( 37.558s) Epoch 564/1000: loss=5.235047[0m
( 37.512s) Epoch 565/1000: loss=5.233885[0m
( 37.536s) Epoch 566/1000: loss=5.234737[0m
( 37.547s) Epoch 567/1000: loss=5.234676[0m
( 37.624s) Epoch 568/1000: loss=5.236166[0m
( 37.578s) Epoch 569/1000: loss=[32m5.233627[0m
( 37.449s) Epoch 570/1000: loss=5.233887[0m
( 37.486s) Epoch 571/1000: loss=5.234362[0m
( 37.453s) Epoch 572/1000: loss=5.234440[0m
( 37.505s) Epoch 573/1000: loss=5.234448[0m
( 37.439s) Epoch 574/1000: loss=5.234464[0m
( 37.524s) Epoch 575/1000: loss=5.234688[0m
( 37.446s) Epoch 576/1000: loss=5.233930[0m
( 37.511s) Epoch 577/1000: loss=5.234697[0m
( 37.382s) Epoch 578/1000: loss=5.234644[0m
( 37.574s) Epoch 579/1000: loss=5.235071[0m
( 37.521s) Epoch 580/1000: loss=5.233787[0m
( 37.652s) Epoch 581/1000: loss=5.234350[0m
( 37.448s) Epoch 582/1000: loss=5.234499[0m
( 37.562s) Epoch 583/1000: loss=[32m5.233217[0m
( 37.565s) Epoch 584/1000: loss=5.234153[0m
( 37.572s) Epoch 585/1000: loss=5.234965[0m
( 37.511s) Epoch 586/1000: loss=5.234159[0m
( 37.567s) Epoch 587/1000: loss=5.234565[0m
( 37.530s) Epoch 588/1000: loss=5.233396[0m
( 37.451s) Epoch 589/1000: loss=[32m5.232407[0m
( 37.400s) Epoch 590/1000: loss=5.233908[0m
( 37.483s) Epoch 591/1000: loss=5.233956[0m
( 37.601s) Epoch 592/1000: loss=5.235385[0m
( 37.513s) Epoch 593/1000: loss=5.234706[0m
( 37.528s) Epoch 594/1000: loss=5.234411[0m
( 37.444s) Epoch 595/1000: loss=5.234924[0m
( 37.556s) Epoch 596/1000: loss=5.233695[0m
( 37.508s) Epoch 597/1000: loss=[32m5.232390[0m
( 37.468s) Epoch 598/1000: loss=5.234296[0m
( 37.575s) Epoch 599/1000: loss=5.232885[0m
( 37.609s) Epoch 600/1000: loss=5.233919[0m
( 37.452s) Epoch 601/1000: loss=5.232765[0m
( 37.534s) Epoch 602/1000: loss=5.234453[0m
( 37.567s) Epoch 603/1000: loss=[32m5.231945[0m
( 37.467s) Epoch 604/1000: loss=5.234496[0m
( 37.510s) Epoch 605/1000: loss=5.232934[0m
( 37.539s) Epoch 606/1000: loss=[32m5.231897[0m
( 37.450s) Epoch 607/1000: loss=5.232966[0m
( 37.489s) Epoch 608/1000: loss=5.233997[0m
( 37.497s) Epoch 609/1000: loss=5.234132[0m
( 37.499s) Epoch 610/1000: loss=5.234176[0m
( 37.421s) Epoch 611/1000: loss=5.235010[0m
( 37.566s) Epoch 612/1000: loss=5.232376[0m
( 37.611s) Epoch 613/1000: loss=5.233575[0m
( 37.432s) Epoch 614/1000: loss=5.233837[0m
( 37.542s) Epoch 615/1000: loss=5.232806[0m
( 37.580s) Epoch 616/1000: loss=5.233108[0m
( 37.541s) Epoch 617/1000: loss=5.233526[0m
( 37.525s) Epoch 618/1000: loss=5.233121[0m
( 37.494s) Epoch 619/1000: loss=5.233370[0m
( 37.595s) Epoch 620/1000: loss=5.232127[0m
( 37.519s) Epoch 621/1000: loss=5.232654[0m
( 37.507s) Epoch 622/1000: loss=[32m5.231277[0m
( 37.530s) Epoch 623/1000: loss=5.232465[0m
( 37.536s) Epoch 624/1000: loss=5.233111[0m
( 37.530s) Epoch 625/1000: loss=5.232369[0m
( 37.522s) Epoch 626/1000: loss=5.232793[0m
( 37.408s) Epoch 627/1000: loss=[32m5.231010[0m
( 37.498s) Epoch 628/1000: loss=5.232678[0m
( 37.444s) Epoch 629/1000: loss=5.233245[0m
( 37.524s) Epoch 630/1000: loss=5.233352[0m
( 37.535s) Epoch 631/1000: loss=5.232124[0m
( 37.630s) Epoch 632/1000: loss=5.233514[0m
( 37.465s) Epoch 633/1000: loss=5.231623[0m
( 37.500s) Epoch 634/1000: loss=5.232080[0m
( 37.468s) Epoch 635/1000: loss=5.232034[0m
( 37.536s) Epoch 636/1000: loss=5.232882[0m
( 37.398s) Epoch 637/1000: loss=5.233046[0m
( 37.568s) Epoch 638/1000: loss=5.231290[0m
( 37.520s) Epoch 639/1000: loss=5.232207[0m
( 37.534s) Epoch 640/1000: loss=5.231468[0m
( 37.439s) Epoch 641/1000: loss=5.232086[0m
( 37.452s) Epoch 642/1000: loss=5.231722[0m
( 37.458s) Epoch 643/1000: loss=5.232708[0m
( 37.508s) Epoch 644/1000: loss=5.231367[0m
( 37.506s) Epoch 645/1000: loss=5.233159[0m
( 37.441s) Epoch 646/1000: loss=5.232453[0m
( 37.518s) Epoch 647/1000: loss=[32m5.230078[0m
( 37.514s) Epoch 648/1000: loss=5.231132[0m
( 37.536s) Epoch 649/1000: loss=5.232171[0m
( 37.622s) Epoch 650/1000: loss=5.231379[0m
( 37.557s) Epoch 651/1000: loss=5.230974[0m
( 37.525s) Epoch 652/1000: loss=5.230885[0m
( 37.539s) Epoch 653/1000: loss=5.231981[0m
( 37.753s) Epoch 654/1000: loss=5.231256[0m
( 37.497s) Epoch 655/1000: loss=5.232517[0m
( 37.593s) Epoch 656/1000: loss=5.231532[0m
( 37.627s) Epoch 657/1000: loss=5.231891[0m
( 37.566s) Epoch 658/1000: loss=5.230151[0m
( 37.526s) Epoch 659/1000: loss=5.232259[0m
( 37.501s) Epoch 660/1000: loss=5.230727[0m
( 37.471s) Epoch 661/1000: loss=5.231070[0m
( 37.536s) Epoch 662/1000: loss=5.232284[0m
( 37.500s) Epoch 663/1000: loss=5.231613[0m
( 37.518s) Epoch 664/1000: loss=5.230640[0m
( 37.501s) Epoch 665/1000: loss=5.231687[0m
( 37.537s) Epoch 666/1000: loss=5.230262[0m
( 37.482s) Epoch 667/1000: loss=5.232212[0m
( 37.515s) Epoch 668/1000: loss=5.230411[0m
( 37.498s) Epoch 669/1000: loss=5.230348[0m
( 37.628s) Epoch 670/1000: loss=5.232280[0m
( 37.507s) Epoch 671/1000: loss=5.230387[0m
( 37.569s) Epoch 672/1000: loss=5.230688[0m
( 37.520s) Epoch 673/1000: loss=5.230838[0m
( 37.648s) Epoch 674/1000: loss=5.232120[0m
( 37.557s) Epoch 675/1000: loss=5.230843[0m
( 37.683s) Epoch 676/1000: loss=5.231896[0m
( 37.653s) Epoch 677/1000: loss=5.231034[0m
( 37.755s) Epoch 678/1000: loss=5.231239[0m
( 37.769s) Epoch 679/1000: loss=5.230374[0m
( 37.618s) Epoch 680/1000: loss=5.231223[0m
( 37.816s) Epoch 681/1000: loss=5.230387[0m
( 37.836s) Epoch 682/1000: loss=5.230281[0m
( 37.714s) Epoch 683/1000: loss=5.230984[0m
( 37.512s) Epoch 684/1000: loss=5.230144[0m
( 37.731s) Epoch 685/1000: loss=5.230480[0m
( 37.612s) Epoch 686/1000: loss=[32m5.229833[0m
( 37.581s) Epoch 687/1000: loss=5.230871[0m
( 37.495s) Epoch 688/1000: loss=5.230801[0m
( 37.622s) Epoch 689/1000: loss=5.231691[0m
( 37.526s) Epoch 690/1000: loss=5.229936[0m
( 37.607s) Epoch 691/1000: loss=5.230247[0m
( 37.515s) Epoch 692/1000: loss=5.231157[0m
( 37.532s) Epoch 693/1000: loss=5.230376[0m
( 37.570s) Epoch 694/1000: loss=[32m5.228301[0m
( 37.729s) Epoch 695/1000: loss=5.229545[0m
( 37.647s) Epoch 696/1000: loss=5.229920[0m
( 37.543s) Epoch 697/1000: loss=5.231244[0m
( 37.551s) Epoch 698/1000: loss=5.230418[0m
( 37.611s) Epoch 699/1000: loss=5.230952[0m
( 37.503s) Epoch 700/1000: loss=5.229463[0m
( 37.555s) Epoch 701/1000: loss=5.229474[0m
( 37.609s) Epoch 702/1000: loss=5.228941[0m
( 37.478s) Epoch 703/1000: loss=5.230629[0m
( 37.474s) Epoch 704/1000: loss=5.229516[0m
( 37.522s) Epoch 705/1000: loss=5.229954[0m
( 37.507s) Epoch 706/1000: loss=5.230876[0m
( 37.521s) Epoch 707/1000: loss=5.229942[0m
( 37.607s) Epoch 708/1000: loss=5.229242[0m
( 37.500s) Epoch 709/1000: loss=5.229815[0m
( 37.488s) Epoch 710/1000: loss=5.230561[0m
( 37.529s) Epoch 711/1000: loss=5.230814[0m
( 37.528s) Epoch 712/1000: loss=5.229151[0m
( 37.620s) Epoch 713/1000: loss=5.229477[0m
( 37.525s) Epoch 714/1000: loss=5.230432[0m
( 37.547s) Epoch 715/1000: loss=5.229501[0m
( 37.501s) Epoch 716/1000: loss=5.230960[0m
( 37.592s) Epoch 717/1000: loss=5.229863[0m
( 37.516s) Epoch 718/1000: loss=5.228988[0m
( 37.493s) Epoch 719/1000: loss=5.229750[0m
( 37.500s) Epoch 720/1000: loss=5.230182[0m
( 37.537s) Epoch 721/1000: loss=5.229713[0m
( 37.566s) Epoch 722/1000: loss=[32m5.228231[0m
( 37.476s) Epoch 723/1000: loss=5.228468[0m
( 37.537s) Epoch 724/1000: loss=5.229358[0m
( 37.466s) Epoch 725/1000: loss=5.229536[0m
( 37.492s) Epoch 726/1000: loss=5.229168[0m
( 37.514s) Epoch 727/1000: loss=5.229866[0m
( 37.588s) Epoch 728/1000: loss=5.228626[0m
( 37.478s) Epoch 729/1000: loss=5.229063[0m
( 37.754s) Epoch 730/1000: loss=[32m5.228153[0m
( 37.559s) Epoch 731/1000: loss=5.229802[0m
( 37.545s) Epoch 732/1000: loss=5.229423[0m
( 37.508s) Epoch 733/1000: loss=[32m5.227941[0m
( 37.654s) Epoch 734/1000: loss=5.229432[0m
( 37.449s) Epoch 735/1000: loss=5.228673[0m
( 37.553s) Epoch 736/1000: loss=5.229148[0m
( 37.545s) Epoch 737/1000: loss=5.228338[0m
( 37.503s) Epoch 738/1000: loss=5.228594[0m
( 37.587s) Epoch 739/1000: loss=5.228478[0m
( 37.583s) Epoch 740/1000: loss=5.229512[0m
( 37.522s) Epoch 741/1000: loss=5.228701[0m
( 37.518s) Epoch 742/1000: loss=5.228592[0m
( 37.488s) Epoch 743/1000: loss=5.230356[0m
( 37.484s) Epoch 744/1000: loss=5.228614[0m
( 37.542s) Epoch 745/1000: loss=5.230207[0m
( 37.486s) Epoch 746/1000: loss=5.228423[0m
( 37.527s) Epoch 747/1000: loss=5.228532[0m
( 37.541s) Epoch 748/1000: loss=5.229036[0m
( 37.457s) Epoch 749/1000: loss=5.229676[0m
( 37.478s) Epoch 750/1000: loss=5.229124[0m
( 37.480s) Epoch 751/1000: loss=5.229379[0m
( 37.521s) Epoch 752/1000: loss=5.228045[0m
( 37.575s) Epoch 753/1000: loss=5.228552[0m
( 37.686s) Epoch 754/1000: loss=[32m5.227729[0m
( 37.588s) Epoch 755/1000: loss=5.228009[0m
( 37.510s) Epoch 756/1000: loss=[32m5.227400[0m
( 37.564s) Epoch 757/1000: loss=5.227736[0m
( 37.454s) Epoch 758/1000: loss=5.228231[0m
( 37.550s) Epoch 759/1000: loss=5.227872[0m
( 37.609s) Epoch 760/1000: loss=5.227848[0m
( 37.539s) Epoch 761/1000: loss=5.227404[0m
( 37.700s) Epoch 762/1000: loss=5.229372[0m
( 37.542s) Epoch 763/1000: loss=5.228310[0m
( 37.402s) Epoch 764/1000: loss=5.228055[0m
( 37.543s) Epoch 765/1000: loss=5.227586[0m
( 37.532s) Epoch 766/1000: loss=5.228164[0m
( 37.476s) Epoch 767/1000: loss=5.229227[0m
( 37.575s) Epoch 768/1000: loss=5.227480[0m
( 37.531s) Epoch 769/1000: loss=5.228484[0m
( 37.504s) Epoch 770/1000: loss=5.227416[0m
( 37.392s) Epoch 771/1000: loss=5.227880[0m
( 37.599s) Epoch 772/1000: loss=5.229570[0m
( 37.550s) Epoch 773/1000: loss=5.228026[0m
( 37.508s) Epoch 774/1000: loss=[32m5.227085[0m
( 37.478s) Epoch 775/1000: loss=5.227733[0m
( 37.466s) Epoch 776/1000: loss=5.228295[0m
( 37.508s) Epoch 777/1000: loss=5.227743[0m
( 37.554s) Epoch 778/1000: loss=[32m5.226841[0m
( 37.617s) Epoch 779/1000: loss=5.228536[0m
( 37.494s) Epoch 780/1000: loss=5.227295[0m
( 37.484s) Epoch 781/1000: loss=[32m5.226639[0m
( 37.515s) Epoch 782/1000: loss=5.228267[0m
( 37.462s) Epoch 783/1000: loss=5.227315[0m
( 37.554s) Epoch 784/1000: loss=5.226710[0m
( 37.647s) Epoch 785/1000: loss=5.228277[0m
( 37.599s) Epoch 786/1000: loss=5.227344[0m
( 37.486s) Epoch 787/1000: loss=5.227484[0m
( 37.499s) Epoch 788/1000: loss=5.226860[0m
( 37.537s) Epoch 789/1000: loss=5.227386[0m
( 37.512s) Epoch 790/1000: loss=5.227994[0m
( 37.675s) Epoch 791/1000: loss=5.228127[0m
( 37.538s) Epoch 792/1000: loss=5.227278[0m
( 37.607s) Epoch 793/1000: loss=5.227763[0m
( 37.566s) Epoch 794/1000: loss=5.226760[0m
( 37.499s) Epoch 795/1000: loss=5.227978[0m
( 37.562s) Epoch 796/1000: loss=5.228359[0m
( 37.595s) Epoch 797/1000: loss=5.227374[0m
( 37.615s) Epoch 798/1000: loss=[32m5.226332[0m
( 37.605s) Epoch 799/1000: loss=5.227175[0m
( 37.593s) Epoch 800/1000: loss=5.227492[0m
( 37.562s) Epoch 801/1000: loss=5.227039[0m
( 37.561s) Epoch 802/1000: loss=5.227457[0m
( 37.549s) Epoch 803/1000: loss=5.227234[0m
( 37.533s) Epoch 804/1000: loss=5.227326[0m
( 37.602s) Epoch 805/1000: loss=[32m5.226069[0m
( 37.519s) Epoch 806/1000: loss=5.226885[0m
( 37.466s) Epoch 807/1000: loss=5.226922[0m
( 37.555s) Epoch 808/1000: loss=5.227148[0m
( 37.520s) Epoch 809/1000: loss=5.227017[0m
( 37.608s) Epoch 810/1000: loss=5.227752[0m
( 37.559s) Epoch 811/1000: loss=5.226246[0m
( 37.645s) Epoch 812/1000: loss=[32m5.226042[0m
( 37.601s) Epoch 813/1000: loss=5.226898[0m
( 37.583s) Epoch 814/1000: loss=5.228194[0m
( 37.597s) Epoch 815/1000: loss=5.227631[0m
( 37.614s) Epoch 816/1000: loss=[32m5.226020[0m
( 37.569s) Epoch 817/1000: loss=5.226739[0m
( 37.602s) Epoch 818/1000: loss=5.227039[0m
( 37.518s) Epoch 819/1000: loss=5.227241[0m
( 37.639s) Epoch 820/1000: loss=5.227534[0m
( 37.541s) Epoch 821/1000: loss=5.226214[0m
( 37.522s) Epoch 822/1000: loss=5.227467[0m
( 37.559s) Epoch 823/1000: loss=5.226379[0m
( 37.604s) Epoch 824/1000: loss=5.226997[0m
( 37.607s) Epoch 825/1000: loss=[32m5.225653[0m
( 37.586s) Epoch 826/1000: loss=5.226488[0m
( 37.619s) Epoch 827/1000: loss=5.225825[0m
( 37.553s) Epoch 828/1000: loss=5.227285[0m
( 37.519s) Epoch 829/1000: loss=5.225827[0m
( 37.718s) Epoch 830/1000: loss=5.225829[0m
( 37.617s) Epoch 831/1000: loss=5.226179[0m
( 37.529s) Epoch 832/1000: loss=5.226821[0m
( 37.486s) Epoch 833/1000: loss=5.225863[0m
( 37.556s) Epoch 834/1000: loss=5.226514[0m
( 37.508s) Epoch 835/1000: loss=[32m5.225245[0m
( 37.636s) Epoch 836/1000: loss=5.225801[0m
( 37.550s) Epoch 837/1000: loss=5.226557[0m
( 37.466s) Epoch 838/1000: loss=5.226126[0m
( 37.563s) Epoch 839/1000: loss=5.225766[0m
( 37.829s) Epoch 840/1000: loss=5.225516[0m
( 37.517s) Epoch 841/1000: loss=5.226339[0m
( 37.565s) Epoch 842/1000: loss=5.225421[0m
( 37.586s) Epoch 843/1000: loss=5.225706[0m
( 37.546s) Epoch 844/1000: loss=[32m5.225167[0m
( 37.601s) Epoch 845/1000: loss=5.226572[0m
( 37.535s) Epoch 846/1000: loss=5.225433[0m
( 37.570s) Epoch 847/1000: loss=[32m5.225153[0m
( 37.461s) Epoch 848/1000: loss=5.225688[0m
( 37.586s) Epoch 849/1000: loss=5.226338[0m
( 37.487s) Epoch 850/1000: loss=5.226177[0m
( 37.501s) Epoch 851/1000: loss=5.226052[0m
( 37.507s) Epoch 852/1000: loss=5.227191[0m
( 37.587s) Epoch 853/1000: loss=5.225358[0m
( 37.477s) Epoch 854/1000: loss=5.225538[0m
( 37.558s) Epoch 855/1000: loss=5.225539[0m
( 37.460s) Epoch 856/1000: loss=5.225486[0m
( 37.519s) Epoch 857/1000: loss=5.225905[0m
( 37.583s) Epoch 858/1000: loss=5.225617[0m
( 37.536s) Epoch 859/1000: loss=5.225773[0m
( 37.489s) Epoch 860/1000: loss=5.226180[0m
( 37.527s) Epoch 861/1000: loss=5.225410[0m
( 37.535s) Epoch 862/1000: loss=5.225274[0m
( 37.621s) Epoch 863/1000: loss=[32m5.224816[0m
( 37.509s) Epoch 864/1000: loss=5.225323[0m
( 37.494s) Epoch 865/1000: loss=5.226177[0m
( 37.509s) Epoch 866/1000: loss=5.225047[0m
( 37.524s) Epoch 867/1000: loss=5.226086[0m
( 37.620s) Epoch 868/1000: loss=5.226339[0m
( 37.609s) Epoch 869/1000: loss=5.226099[0m
( 37.642s) Epoch 870/1000: loss=5.225487[0m
( 37.476s) Epoch 871/1000: loss=[32m5.224660[0m
( 37.533s) Epoch 872/1000: loss=5.225909[0m
( 37.503s) Epoch 873/1000: loss=[32m5.224223[0m
( 37.511s) Epoch 874/1000: loss=5.225659[0m
( 37.515s) Epoch 875/1000: loss=5.224867[0m
( 37.547s) Epoch 876/1000: loss=5.225087[0m
( 37.503s) Epoch 877/1000: loss=5.225713[0m
( 37.595s) Epoch 878/1000: loss=5.226019[0m
( 37.711s) Epoch 879/1000: loss=5.225194[0m
( 37.657s) Epoch 880/1000: loss=5.225112[0m
( 37.526s) Epoch 881/1000: loss=5.225440[0m
( 37.497s) Epoch 882/1000: loss=5.224775[0m
( 37.546s) Epoch 883/1000: loss=5.225873[0m
( 37.519s) Epoch 884/1000: loss=5.224449[0m
( 37.435s) Epoch 885/1000: loss=5.224434[0m
( 37.512s) Epoch 886/1000: loss=5.224726[0m
( 37.612s) Epoch 887/1000: loss=5.224755[0m
( 37.479s) Epoch 888/1000: loss=5.224268[0m
( 37.533s) Epoch 889/1000: loss=5.224294[0m
( 37.505s) Epoch 890/1000: loss=5.224723[0m
( 37.496s) Epoch 891/1000: loss=5.224844[0m
( 37.539s) Epoch 892/1000: loss=5.224553[0m
( 37.544s) Epoch 893/1000: loss=5.225097[0m
( 37.578s) Epoch 894/1000: loss=5.224817[0m
( 37.587s) Epoch 895/1000: loss=5.224893[0m
( 37.498s) Epoch 896/1000: loss=5.224280[0m
( 37.498s) Epoch 897/1000: loss=5.225076[0m
( 37.431s) Epoch 898/1000: loss=[32m5.223796[0m
( 37.500s) Epoch 899/1000: loss=5.224396[0m
( 37.580s) Epoch 900/1000: loss=5.224443[0m
( 37.524s) Epoch 901/1000: loss=5.225483[0m
( 37.510s) Epoch 902/1000: loss=[32m5.223726[0m
( 37.605s) Epoch 903/1000: loss=5.224669[0m
( 37.617s) Epoch 904/1000: loss=5.223850[0m
( 37.433s) Epoch 905/1000: loss=5.225035[0m
( 37.574s) Epoch 906/1000: loss=5.224835[0m
( 37.751s) Epoch 907/1000: loss=5.224983[0m
( 37.581s) Epoch 908/1000: loss=5.225203[0m
( 37.530s) Epoch 909/1000: loss=5.224993[0m
( 37.469s) Epoch 910/1000: loss=5.224003[0m
( 37.518s) Epoch 911/1000: loss=5.224383[0m
( 37.536s) Epoch 912/1000: loss=5.224164[0m
( 37.653s) Epoch 913/1000: loss=5.224078[0m
( 37.502s) Epoch 914/1000: loss=5.224086[0m
( 37.549s) Epoch 915/1000: loss=[32m5.223283[0m
( 37.556s) Epoch 916/1000: loss=5.224667[0m
( 37.567s) Epoch 917/1000: loss=5.223860[0m
( 37.500s) Epoch 918/1000: loss=5.224164[0m
( 37.580s) Epoch 919/1000: loss=5.224951[0m
( 37.505s) Epoch 920/1000: loss=5.223763[0m
( 37.480s) Epoch 921/1000: loss=5.225054[0m
( 37.581s) Epoch 922/1000: loss=5.224924[0m
( 37.445s) Epoch 923/1000: loss=[32m5.221956[0m
( 37.539s) Epoch 924/1000: loss=5.224516[0m
( 37.567s) Epoch 925/1000: loss=5.223941[0m
( 37.429s) Epoch 926/1000: loss=5.224193[0m
( 37.550s) Epoch 927/1000: loss=5.224588[0m
( 37.500s) Epoch 928/1000: loss=5.224678[0m
( 37.768s) Epoch 929/1000: loss=5.223845[0m
( 37.639s) Epoch 930/1000: loss=5.224910[0m
( 37.493s) Epoch 931/1000: loss=5.224646[0m
( 37.546s) Epoch 932/1000: loss=5.224162[0m
( 37.479s) Epoch 933/1000: loss=5.224698[0m
( 37.547s) Epoch 934/1000: loss=5.223743[0m
( 37.489s) Epoch 935/1000: loss=5.223832[0m
( 37.501s) Epoch 936/1000: loss=5.224462[0m
( 37.464s) Epoch 937/1000: loss=5.223971[0m
( 37.539s) Epoch 938/1000: loss=5.223164[0m
( 37.494s) Epoch 939/1000: loss=5.222986[0m
( 37.559s) Epoch 940/1000: loss=5.223219[0m
( 37.478s) Epoch 941/1000: loss=5.225569[0m
( 37.493s) Epoch 942/1000: loss=5.224481[0m
( 37.390s) Epoch 943/1000: loss=5.225716[0m
( 37.457s) Epoch 944/1000: loss=5.224767[0m
( 37.523s) Epoch 945/1000: loss=5.224336[0m
( 37.450s) Epoch 946/1000: loss=5.223672[0m
( 37.472s) Epoch 947/1000: loss=5.222918[0m
( 37.522s) Epoch 948/1000: loss=5.224001[0m
( 37.638s) Epoch 949/1000: loss=5.223824[0m
( 37.547s) Epoch 950/1000: loss=5.224080[0m
( 37.566s) Epoch 951/1000: loss=5.223973[0m
( 37.518s) Epoch 952/1000: loss=5.224762[0m
( 37.463s) Epoch 953/1000: loss=5.223375[0m
( 37.524s) Epoch 954/1000: loss=5.223765[0m
( 37.441s) Epoch 955/1000: loss=5.222864[0m
( 37.350s) Epoch 956/1000: loss=5.223030[0m
( 37.503s) Epoch 957/1000: loss=5.224107[0m
( 37.499s) Epoch 958/1000: loss=5.225010[0m
( 37.454s) Epoch 959/1000: loss=5.224018[0m
( 37.504s) Epoch 960/1000: loss=5.223584[0m
( 37.466s) Epoch 961/1000: loss=5.224956[0m
( 37.466s) Epoch 962/1000: loss=5.223473[0m
( 37.490s) Epoch 963/1000: loss=5.223612[0m
( 37.514s) Epoch 964/1000: loss=5.223945[0m
( 37.458s) Epoch 965/1000: loss=5.223739[0m
( 37.460s) Epoch 966/1000: loss=5.222542[0m
( 37.423s) Epoch 967/1000: loss=5.223606[0m
( 37.495s) Epoch 968/1000: loss=5.222122[0m
( 37.531s) Epoch 969/1000: loss=5.223965[0m
( 37.463s) Epoch 970/1000: loss=5.224048[0m
( 37.539s) Epoch 971/1000: loss=5.223595[0m
( 37.439s) Epoch 972/1000: loss=5.222385[0m
( 37.518s) Epoch 973/1000: loss=5.222345[0m
( 37.452s) Epoch 974/1000: loss=5.223266[0m
( 37.477s) Epoch 975/1000: loss=5.224228[0m
( 37.445s) Epoch 976/1000: loss=5.224246[0m
( 37.517s) Epoch 977/1000: loss=5.224956[0m
( 37.561s) Epoch 978/1000: loss=5.223925[0m
( 37.521s) Epoch 979/1000: loss=5.224819[0m
( 37.494s) Epoch 980/1000: loss=5.223873[0m
( 37.515s) Epoch 981/1000: loss=5.223382[0m
( 37.511s) Epoch 982/1000: loss=5.224232[0m
( 37.440s) Epoch 983/1000: loss=5.224076[0m
( 37.498s) Epoch 984/1000: loss=5.224208[0m
( 37.549s) Epoch 985/1000: loss=5.223470[0m
( 37.482s) Epoch 986/1000: loss=5.224408[0m
( 37.560s) Epoch 987/1000: loss=5.223477[0m
( 37.472s) Epoch 988/1000: loss=5.222942[0m
( 37.474s) Epoch 989/1000: loss=5.223542[0m
( 37.437s) Epoch 990/1000: loss=5.223942[0m
( 37.643s) Epoch 991/1000: loss=5.223357[0m
( 37.483s) Epoch 992/1000: loss=5.224691[0m
( 37.581s) Epoch 993/1000: loss=5.223252[0m
( 37.476s) Epoch 994/1000: loss=5.224921[0m
( 37.470s) Epoch 995/1000: loss=5.223879[0m
( 37.484s) Epoch 996/1000: loss=5.225512[0m
( 37.470s) Epoch 997/1000: loss=5.224215[0m
( 37.531s) Epoch 998/1000: loss=5.223885[0m
( 37.506s) Epoch 999/1000: loss=5.223061[0m
( 37.459s) Epoch 1000/1000: loss=5.224228[0m
Training for 1000 epochs took 37535.049s total and 37.535s average
Calculating mean of transformed dataset using the best model state ... 8.971s
Saving best model and options to /home/aditya.bharti/FewShot/fc100_1000epoch/CropGauss.pth
