Namespace(T_max=1000, backbone='resnet50', base_learning_rate=0.1, base_optimizer='SGD', batch_size=256, dampening=0.0, data_percent=20, dataset='fc100', dataset_root=None, distributed=True, episode_strat='SimpleShotEpisodes', eval_freq=2000, fine_tune_epochs=20, fine_tune_save_path='ft0.pth', first_augment='CropResize', head='SimpleMLP', jitter_strength=1.0, k_shot=5, load_from=None, local_rank=0, log_file=<_io.TextIOWrapper name='/home/aditya.bharti/FewShot/fc100_1000epoch/CropColor.out' mode='a' encoding='UTF-8'>, loss_function='NTXent', model='SimCLRModel', momentum=0.9, n_way=5, nesterov=True, ntxent_temp=1.0, num_epochs=1000, num_query=15, num_test_tasks=10000, num_workers=4, pin_memory=True, pretrained=False, progress=False, projection_dim=128, save_model=True, save_path='/home/aditya.bharti/FewShot/fc100_1000epoch/CropColor.pth', scheduler='CosineAnnealingLR', second_augment='ColorDistort', shuffle=True, simple_opt=True, weight_decay=0.0001)
Starting Training on:
Train:  60 classes
Valid:  20 classes
Test:   20 classes
------------------
( 41.552s) Epoch 001/1000: loss=[32m6.036465[0m
( 41.376s) Epoch 002/1000: loss=[32m5.837545[0m
( 41.239s) Epoch 003/1000: loss=[32m5.727909[0m
( 41.256s) Epoch 004/1000: loss=[32m5.671061[0m
( 41.213s) Epoch 005/1000: loss=[32m5.647084[0m
( 41.205s) Epoch 006/1000: loss=[32m5.618751[0m
( 41.176s) Epoch 007/1000: loss=[32m5.597654[0m
( 41.292s) Epoch 008/1000: loss=[32m5.582212[0m
( 41.347s) Epoch 009/1000: loss=[32m5.571164[0m
( 41.215s) Epoch 010/1000: loss=[32m5.552453[0m
( 41.170s) Epoch 011/1000: loss=[32m5.542922[0m
( 41.281s) Epoch 012/1000: loss=[32m5.531559[0m
( 41.258s) Epoch 013/1000: loss=[32m5.522017[0m
( 41.134s) Epoch 014/1000: loss=[32m5.514653[0m
( 41.244s) Epoch 015/1000: loss=[32m5.512889[0m
( 41.191s) Epoch 016/1000: loss=[32m5.508891[0m
( 41.165s) Epoch 017/1000: loss=[32m5.503781[0m
( 41.189s) Epoch 018/1000: loss=5.505897[0m
( 41.245s) Epoch 019/1000: loss=[32m5.492276[0m
( 41.314s) Epoch 020/1000: loss=5.495347[0m
( 41.333s) Epoch 021/1000: loss=[32m5.485449[0m
( 41.214s) Epoch 022/1000: loss=[32m5.479613[0m
( 41.227s) Epoch 023/1000: loss=5.485509[0m
( 41.196s) Epoch 024/1000: loss=[32m5.475776[0m
( 41.387s) Epoch 025/1000: loss=[32m5.473279[0m
( 41.255s) Epoch 026/1000: loss=[32m5.472228[0m
( 41.311s) Epoch 027/1000: loss=[32m5.465854[0m
( 41.253s) Epoch 028/1000: loss=[32m5.462597[0m
( 41.271s) Epoch 029/1000: loss=5.463952[0m
( 41.106s) Epoch 030/1000: loss=[32m5.457788[0m
( 41.259s) Epoch 031/1000: loss=5.458082[0m
( 41.259s) Epoch 032/1000: loss=[32m5.457766[0m
( 41.192s) Epoch 033/1000: loss=[32m5.455212[0m
( 41.274s) Epoch 034/1000: loss=[32m5.451175[0m
( 41.292s) Epoch 035/1000: loss=[32m5.450761[0m
( 41.222s) Epoch 036/1000: loss=[32m5.448966[0m
( 41.123s) Epoch 037/1000: loss=[32m5.446638[0m
( 41.226s) Epoch 038/1000: loss=5.448391[0m
( 41.212s) Epoch 039/1000: loss=5.456633[0m
( 41.153s) Epoch 040/1000: loss=[32m5.446396[0m
( 41.289s) Epoch 041/1000: loss=[32m5.445109[0m
( 41.179s) Epoch 042/1000: loss=[32m5.437450[0m
( 41.158s) Epoch 043/1000: loss=[32m5.433795[0m
( 41.290s) Epoch 044/1000: loss=[32m5.431666[0m
( 41.194s) Epoch 045/1000: loss=5.435598[0m
( 41.199s) Epoch 046/1000: loss=5.433077[0m
( 41.221s) Epoch 047/1000: loss=5.431918[0m
( 41.342s) Epoch 048/1000: loss=[32m5.425936[0m
( 41.239s) Epoch 049/1000: loss=5.429708[0m
( 41.185s) Epoch 050/1000: loss=5.427087[0m
( 41.232s) Epoch 051/1000: loss=[32m5.425238[0m
( 41.282s) Epoch 052/1000: loss=5.427592[0m
( 41.174s) Epoch 053/1000: loss=[32m5.423678[0m
( 41.217s) Epoch 054/1000: loss=[32m5.422781[0m
( 41.349s) Epoch 055/1000: loss=[32m5.421330[0m
( 41.326s) Epoch 056/1000: loss=[32m5.421175[0m
( 41.115s) Epoch 057/1000: loss=[32m5.420210[0m
( 41.189s) Epoch 058/1000: loss=[32m5.414844[0m
( 41.432s) Epoch 059/1000: loss=5.416730[0m
( 41.198s) Epoch 060/1000: loss=5.416002[0m
( 41.257s) Epoch 061/1000: loss=[32m5.411886[0m
( 41.334s) Epoch 062/1000: loss=[32m5.410418[0m
( 41.287s) Epoch 063/1000: loss=[32m5.409104[0m
( 41.207s) Epoch 064/1000: loss=5.409221[0m
( 41.253s) Epoch 065/1000: loss=5.410192[0m
( 41.210s) Epoch 066/1000: loss=[32m5.407946[0m
( 41.288s) Epoch 067/1000: loss=[32m5.407274[0m
( 41.318s) Epoch 068/1000: loss=5.411407[0m
( 41.251s) Epoch 069/1000: loss=[32m5.403596[0m
( 41.336s) Epoch 070/1000: loss=5.404305[0m
( 41.240s) Epoch 071/1000: loss=5.404814[0m
( 41.236s) Epoch 072/1000: loss=[32m5.398561[0m
( 41.211s) Epoch 073/1000: loss=5.402091[0m
( 41.261s) Epoch 074/1000: loss=5.401195[0m
( 41.305s) Epoch 075/1000: loss=5.398816[0m
( 41.280s) Epoch 076/1000: loss=[32m5.398282[0m
( 41.269s) Epoch 077/1000: loss=[32m5.396693[0m
( 41.258s) Epoch 078/1000: loss=[32m5.396016[0m
( 41.201s) Epoch 079/1000: loss=5.397136[0m
( 41.218s) Epoch 080/1000: loss=[32m5.394040[0m
( 41.242s) Epoch 081/1000: loss=5.394980[0m
( 41.325s) Epoch 082/1000: loss=[32m5.391328[0m
( 41.242s) Epoch 083/1000: loss=5.409142[0m
( 41.413s) Epoch 084/1000: loss=5.397226[0m
( 41.294s) Epoch 085/1000: loss=5.397349[0m
( 41.236s) Epoch 086/1000: loss=5.392750[0m
( 41.179s) Epoch 087/1000: loss=[32m5.388958[0m
( 41.320s) Epoch 088/1000: loss=5.389021[0m
( 41.265s) Epoch 089/1000: loss=5.392497[0m
( 41.221s) Epoch 090/1000: loss=5.391589[0m
( 41.297s) Epoch 091/1000: loss=[32m5.384570[0m
( 41.275s) Epoch 092/1000: loss=5.386687[0m
( 41.232s) Epoch 093/1000: loss=[32m5.381135[0m
( 41.258s) Epoch 094/1000: loss=5.383088[0m
( 41.247s) Epoch 095/1000: loss=5.387725[0m
( 41.234s) Epoch 096/1000: loss=5.384706[0m
( 41.214s) Epoch 097/1000: loss=5.386515[0m
( 41.312s) Epoch 098/1000: loss=5.384275[0m
( 41.241s) Epoch 099/1000: loss=5.382237[0m
( 41.152s) Epoch 100/1000: loss=[32m5.380271[0m
( 41.265s) Epoch 101/1000: loss=5.382457[0m
( 41.222s) Epoch 102/1000: loss=[32m5.378874[0m
( 41.236s) Epoch 103/1000: loss=5.410477[0m
( 41.282s) Epoch 104/1000: loss=5.394302[0m
( 41.299s) Epoch 105/1000: loss=5.385870[0m
( 41.224s) Epoch 106/1000: loss=5.381987[0m
( 41.275s) Epoch 107/1000: loss=5.380569[0m
( 41.266s) Epoch 108/1000: loss=[32m5.376599[0m
( 41.171s) Epoch 109/1000: loss=5.391703[0m
( 41.283s) Epoch 110/1000: loss=5.380175[0m
( 41.252s) Epoch 111/1000: loss=[32m5.375505[0m
( 41.298s) Epoch 112/1000: loss=[32m5.373725[0m
( 41.277s) Epoch 113/1000: loss=5.374470[0m
( 41.191s) Epoch 114/1000: loss=5.375671[0m
( 41.249s) Epoch 115/1000: loss=[32m5.370120[0m
( 41.195s) Epoch 116/1000: loss=[32m5.369141[0m
( 41.239s) Epoch 117/1000: loss=5.370677[0m
( 41.323s) Epoch 118/1000: loss=5.386271[0m
( 41.240s) Epoch 119/1000: loss=5.374566[0m
( 41.285s) Epoch 120/1000: loss=5.371310[0m
( 41.237s) Epoch 121/1000: loss=5.369405[0m
( 41.223s) Epoch 122/1000: loss=5.387485[0m
( 41.199s) Epoch 123/1000: loss=5.371511[0m
( 41.310s) Epoch 124/1000: loss=[32m5.368975[0m
( 41.225s) Epoch 125/1000: loss=[32m5.368229[0m
( 41.270s) Epoch 126/1000: loss=[32m5.362722[0m
( 41.235s) Epoch 127/1000: loss=5.366621[0m
( 41.267s) Epoch 128/1000: loss=5.363837[0m
( 41.225s) Epoch 129/1000: loss=5.365309[0m
( 41.255s) Epoch 130/1000: loss=5.363262[0m
( 41.193s) Epoch 131/1000: loss=5.363207[0m
( 41.157s) Epoch 132/1000: loss=[32m5.362196[0m
( 41.222s) Epoch 133/1000: loss=[32m5.362025[0m
( 41.304s) Epoch 134/1000: loss=[32m5.358797[0m
( 41.236s) Epoch 135/1000: loss=5.360559[0m
( 41.234s) Epoch 136/1000: loss=5.392245[0m
( 41.153s) Epoch 137/1000: loss=5.382500[0m
( 41.138s) Epoch 138/1000: loss=5.366154[0m
( 41.219s) Epoch 139/1000: loss=5.358805[0m
( 41.321s) Epoch 140/1000: loss=5.360429[0m
( 41.259s) Epoch 141/1000: loss=5.360020[0m
( 41.268s) Epoch 142/1000: loss=[32m5.357952[0m
( 41.219s) Epoch 143/1000: loss=[32m5.355651[0m
( 41.260s) Epoch 144/1000: loss=[32m5.355047[0m
( 41.318s) Epoch 145/1000: loss=5.358139[0m
( 41.182s) Epoch 146/1000: loss=5.357257[0m
( 41.217s) Epoch 147/1000: loss=[32m5.354589[0m
( 41.254s) Epoch 148/1000: loss=[32m5.353741[0m
( 41.285s) Epoch 149/1000: loss=[32m5.353429[0m
( 41.252s) Epoch 150/1000: loss=[32m5.350659[0m
( 41.273s) Epoch 151/1000: loss=5.354178[0m
( 41.232s) Epoch 152/1000: loss=[32m5.350121[0m
( 41.219s) Epoch 153/1000: loss=5.358944[0m
( 41.224s) Epoch 154/1000: loss=5.353927[0m
( 41.245s) Epoch 155/1000: loss=[32m5.349918[0m
( 41.251s) Epoch 156/1000: loss=5.353887[0m
( 41.231s) Epoch 157/1000: loss=[32m5.348317[0m
( 41.236s) Epoch 158/1000: loss=5.377807[0m
( 41.151s) Epoch 159/1000: loss=5.357139[0m
( 41.193s) Epoch 160/1000: loss=[32m5.347825[0m
( 41.219s) Epoch 161/1000: loss=5.348130[0m
( 41.238s) Epoch 162/1000: loss=[32m5.347773[0m
( 41.342s) Epoch 163/1000: loss=5.348274[0m
( 41.270s) Epoch 164/1000: loss=5.351508[0m
( 41.211s) Epoch 165/1000: loss=5.349535[0m
( 41.250s) Epoch 166/1000: loss=[32m5.346308[0m
( 41.163s) Epoch 167/1000: loss=5.346710[0m
( 41.202s) Epoch 168/1000: loss=[32m5.343761[0m
( 41.191s) Epoch 169/1000: loss=[32m5.341861[0m
( 41.306s) Epoch 170/1000: loss=5.344120[0m
( 41.261s) Epoch 171/1000: loss=5.342156[0m
( 41.251s) Epoch 172/1000: loss=[32m5.341300[0m
( 41.244s) Epoch 173/1000: loss=[32m5.340513[0m
( 41.282s) Epoch 174/1000: loss=5.343113[0m
( 41.207s) Epoch 175/1000: loss=5.340685[0m
( 41.187s) Epoch 176/1000: loss=[32m5.337792[0m
( 41.314s) Epoch 177/1000: loss=5.342151[0m
( 41.262s) Epoch 178/1000: loss=5.341340[0m
( 41.278s) Epoch 179/1000: loss=5.342353[0m
( 41.239s) Epoch 180/1000: loss=5.341178[0m
( 41.157s) Epoch 181/1000: loss=5.339511[0m
( 41.225s) Epoch 182/1000: loss=5.339420[0m
( 41.184s) Epoch 183/1000: loss=5.340536[0m
( 41.210s) Epoch 184/1000: loss=5.340095[0m
( 41.291s) Epoch 185/1000: loss=[32m5.337791[0m
( 41.249s) Epoch 186/1000: loss=5.338818[0m
( 41.235s) Epoch 187/1000: loss=[32m5.334907[0m
( 41.271s) Epoch 188/1000: loss=5.337626[0m
( 41.187s) Epoch 189/1000: loss=5.340293[0m
( 41.208s) Epoch 190/1000: loss=5.339229[0m
( 41.179s) Epoch 191/1000: loss=5.335635[0m
( 41.276s) Epoch 192/1000: loss=5.336409[0m
( 41.214s) Epoch 193/1000: loss=[32m5.333943[0m
( 41.257s) Epoch 194/1000: loss=5.337196[0m
( 41.205s) Epoch 195/1000: loss=[32m5.333074[0m
( 41.307s) Epoch 196/1000: loss=5.336907[0m
( 41.254s) Epoch 197/1000: loss=5.381127[0m
( 41.249s) Epoch 198/1000: loss=5.350009[0m
( 41.316s) Epoch 199/1000: loss=5.352377[0m
( 41.333s) Epoch 200/1000: loss=5.343567[0m
( 41.202s) Epoch 201/1000: loss=5.336051[0m
( 41.180s) Epoch 202/1000: loss=5.336510[0m
( 41.272s) Epoch 203/1000: loss=5.335639[0m
( 41.232s) Epoch 204/1000: loss=5.343055[0m
( 41.215s) Epoch 205/1000: loss=5.334740[0m
( 41.209s) Epoch 206/1000: loss=5.334946[0m
( 41.304s) Epoch 207/1000: loss=[32m5.333009[0m
( 41.136s) Epoch 208/1000: loss=[32m5.332084[0m
( 41.248s) Epoch 209/1000: loss=[32m5.330087[0m
( 41.281s) Epoch 210/1000: loss=5.338358[0m
( 41.201s) Epoch 211/1000: loss=5.332276[0m
( 41.193s) Epoch 212/1000: loss=5.330575[0m
( 41.217s) Epoch 213/1000: loss=5.331166[0m
( 41.264s) Epoch 214/1000: loss=[32m5.330007[0m
( 41.554s) Epoch 215/1000: loss=[32m5.328837[0m
( 41.190s) Epoch 216/1000: loss=[32m5.326204[0m
( 41.235s) Epoch 217/1000: loss=5.330428[0m
( 41.196s) Epoch 218/1000: loss=5.328747[0m
( 41.307s) Epoch 219/1000: loss=5.329327[0m
( 41.239s) Epoch 220/1000: loss=5.327961[0m
( 41.235s) Epoch 221/1000: loss=5.328431[0m
( 41.469s) Epoch 222/1000: loss=5.328538[0m
( 41.224s) Epoch 223/1000: loss=5.328012[0m
( 41.222s) Epoch 224/1000: loss=[32m5.325590[0m
( 41.300s) Epoch 225/1000: loss=5.327016[0m
( 41.271s) Epoch 226/1000: loss=[32m5.324716[0m
( 41.207s) Epoch 227/1000: loss=5.326025[0m
( 41.278s) Epoch 228/1000: loss=5.326066[0m
( 41.216s) Epoch 229/1000: loss=5.327091[0m
( 41.275s) Epoch 230/1000: loss=5.324815[0m
( 41.181s) Epoch 231/1000: loss=[32m5.322637[0m
( 41.199s) Epoch 232/1000: loss=5.326295[0m
( 41.211s) Epoch 233/1000: loss=5.323236[0m
( 41.196s) Epoch 234/1000: loss=5.323546[0m
( 41.204s) Epoch 235/1000: loss=[32m5.320358[0m
( 41.382s) Epoch 236/1000: loss=5.323354[0m
( 41.530s) Epoch 237/1000: loss=5.323169[0m
( 41.263s) Epoch 238/1000: loss=5.322348[0m
( 41.172s) Epoch 239/1000: loss=5.325048[0m
( 41.326s) Epoch 240/1000: loss=5.320845[0m
( 41.186s) Epoch 241/1000: loss=5.321225[0m
( 41.206s) Epoch 242/1000: loss=5.321694[0m
( 41.356s) Epoch 243/1000: loss=5.321088[0m
( 41.305s) Epoch 244/1000: loss=[32m5.319894[0m
( 41.249s) Epoch 245/1000: loss=5.321594[0m
( 41.282s) Epoch 246/1000: loss=5.323643[0m
( 41.151s) Epoch 247/1000: loss=5.322947[0m
( 41.212s) Epoch 248/1000: loss=5.321018[0m
( 41.251s) Epoch 249/1000: loss=[32m5.319691[0m
( 41.188s) Epoch 250/1000: loss=[32m5.318859[0m
( 41.323s) Epoch 251/1000: loss=5.321537[0m
( 41.278s) Epoch 252/1000: loss=[32m5.318530[0m
( 41.211s) Epoch 253/1000: loss=5.320417[0m
( 41.157s) Epoch 254/1000: loss=5.320715[0m
( 41.234s) Epoch 255/1000: loss=5.319171[0m
( 41.256s) Epoch 256/1000: loss=[32m5.316895[0m
( 41.245s) Epoch 257/1000: loss=[32m5.316436[0m
( 41.279s) Epoch 258/1000: loss=5.317840[0m
( 41.317s) Epoch 259/1000: loss=5.318559[0m
( 41.207s) Epoch 260/1000: loss=5.318917[0m
( 41.254s) Epoch 261/1000: loss=[32m5.314764[0m
( 41.224s) Epoch 262/1000: loss=5.360590[0m
( 41.163s) Epoch 263/1000: loss=5.348343[0m
( 41.377s) Epoch 264/1000: loss=5.326774[0m
( 41.275s) Epoch 265/1000: loss=5.326258[0m
( 41.261s) Epoch 266/1000: loss=5.321084[0m
( 41.249s) Epoch 267/1000: loss=5.333846[0m
( 41.205s) Epoch 268/1000: loss=5.322862[0m
( 41.187s) Epoch 269/1000: loss=5.319698[0m
( 41.196s) Epoch 270/1000: loss=5.323631[0m
( 41.189s) Epoch 271/1000: loss=5.318805[0m
( 41.221s) Epoch 272/1000: loss=5.316196[0m
( 41.258s) Epoch 273/1000: loss=5.316680[0m
( 41.254s) Epoch 274/1000: loss=5.321468[0m
( 41.269s) Epoch 275/1000: loss=5.321407[0m
( 41.308s) Epoch 276/1000: loss=5.316318[0m
( 41.208s) Epoch 277/1000: loss=5.321873[0m
( 41.213s) Epoch 278/1000: loss=5.319341[0m
( 41.257s) Epoch 279/1000: loss=5.316336[0m
( 41.415s) Epoch 280/1000: loss=5.317123[0m
( 41.249s) Epoch 281/1000: loss=[32m5.314635[0m
( 41.240s) Epoch 282/1000: loss=[32m5.312718[0m
( 41.241s) Epoch 283/1000: loss=5.315743[0m
( 41.189s) Epoch 284/1000: loss=5.314765[0m
( 41.322s) Epoch 285/1000: loss=5.313689[0m
( 41.302s) Epoch 286/1000: loss=[32m5.311662[0m
( 41.242s) Epoch 287/1000: loss=[32m5.310176[0m
( 41.265s) Epoch 288/1000: loss=5.311576[0m
( 41.406s) Epoch 289/1000: loss=5.314830[0m
( 41.257s) Epoch 290/1000: loss=5.327614[0m
( 41.216s) Epoch 291/1000: loss=5.313352[0m
( 41.216s) Epoch 292/1000: loss=5.311254[0m
( 41.202s) Epoch 293/1000: loss=5.311435[0m
( 41.203s) Epoch 294/1000: loss=5.310787[0m
( 41.278s) Epoch 295/1000: loss=5.311567[0m
( 41.283s) Epoch 296/1000: loss=5.312790[0m
( 41.243s) Epoch 297/1000: loss=5.310939[0m
( 41.227s) Epoch 298/1000: loss=5.312078[0m
( 41.283s) Epoch 299/1000: loss=5.311161[0m
( 41.226s) Epoch 300/1000: loss=5.310654[0m
( 41.215s) Epoch 301/1000: loss=5.310546[0m
( 41.220s) Epoch 302/1000: loss=5.310346[0m
( 41.322s) Epoch 303/1000: loss=5.310636[0m
( 41.215s) Epoch 304/1000: loss=[32m5.308005[0m
( 41.350s) Epoch 305/1000: loss=5.309009[0m
( 41.240s) Epoch 306/1000: loss=5.322615[0m
( 41.261s) Epoch 307/1000: loss=5.312324[0m
( 41.231s) Epoch 308/1000: loss=5.311664[0m
( 41.252s) Epoch 309/1000: loss=5.308971[0m
( 41.256s) Epoch 310/1000: loss=[32m5.307600[0m
( 41.331s) Epoch 311/1000: loss=[32m5.307013[0m
( 41.244s) Epoch 312/1000: loss=5.307379[0m
( 41.231s) Epoch 313/1000: loss=[32m5.306636[0m
( 41.217s) Epoch 314/1000: loss=5.309966[0m
( 41.260s) Epoch 315/1000: loss=5.307827[0m
( 41.225s) Epoch 316/1000: loss=5.307862[0m
( 41.198s) Epoch 317/1000: loss=5.307441[0m
( 41.338s) Epoch 318/1000: loss=5.306900[0m
( 41.211s) Epoch 319/1000: loss=[32m5.304708[0m
( 41.181s) Epoch 320/1000: loss=5.305703[0m
( 41.213s) Epoch 321/1000: loss=5.304855[0m
( 41.263s) Epoch 322/1000: loss=5.305972[0m
( 41.209s) Epoch 323/1000: loss=[32m5.303678[0m
( 41.221s) Epoch 324/1000: loss=5.306911[0m
( 41.397s) Epoch 325/1000: loss=5.304601[0m
( 41.253s) Epoch 326/1000: loss=5.304346[0m
( 41.158s) Epoch 327/1000: loss=[32m5.303199[0m
( 41.256s) Epoch 328/1000: loss=5.306532[0m
( 41.222s) Epoch 329/1000: loss=5.305692[0m
( 41.183s) Epoch 330/1000: loss=5.304083[0m
( 41.254s) Epoch 331/1000: loss=[32m5.301729[0m
( 41.329s) Epoch 332/1000: loss=5.303730[0m
( 41.235s) Epoch 333/1000: loss=5.304932[0m
( 41.279s) Epoch 334/1000: loss=5.304958[0m
( 41.243s) Epoch 335/1000: loss=5.302578[0m
( 41.246s) Epoch 336/1000: loss=5.305192[0m
( 41.114s) Epoch 337/1000: loss=5.303630[0m
( 41.332s) Epoch 338/1000: loss=5.302819[0m
( 41.279s) Epoch 339/1000: loss=5.302565[0m
( 41.303s) Epoch 340/1000: loss=5.301910[0m
( 41.286s) Epoch 341/1000: loss=5.301921[0m
( 41.280s) Epoch 342/1000: loss=5.302667[0m
( 41.331s) Epoch 343/1000: loss=[32m5.301430[0m
( 41.238s) Epoch 344/1000: loss=[32m5.300797[0m
( 41.230s) Epoch 345/1000: loss=5.301169[0m
( 41.153s) Epoch 346/1000: loss=5.303226[0m
( 41.257s) Epoch 347/1000: loss=5.301940[0m
( 41.324s) Epoch 348/1000: loss=5.301061[0m
( 41.234s) Epoch 349/1000: loss=[32m5.300107[0m
( 41.204s) Epoch 350/1000: loss=5.326521[0m
( 41.194s) Epoch 351/1000: loss=5.306403[0m
( 41.270s) Epoch 352/1000: loss=5.312027[0m
( 41.259s) Epoch 353/1000: loss=5.303368[0m
( 41.388s) Epoch 354/1000: loss=5.302919[0m
( 41.292s) Epoch 355/1000: loss=5.301684[0m
( 41.262s) Epoch 356/1000: loss=[32m5.299710[0m
( 41.165s) Epoch 357/1000: loss=5.302049[0m
( 41.213s) Epoch 358/1000: loss=5.300766[0m
( 41.265s) Epoch 359/1000: loss=5.303178[0m
( 41.144s) Epoch 360/1000: loss=5.301246[0m
( 41.188s) Epoch 361/1000: loss=5.301525[0m
( 41.187s) Epoch 362/1000: loss=5.300888[0m
( 41.300s) Epoch 363/1000: loss=5.299741[0m
( 41.282s) Epoch 364/1000: loss=5.299947[0m
( 41.321s) Epoch 365/1000: loss=[32m5.297898[0m
( 41.229s) Epoch 366/1000: loss=5.299629[0m
( 41.234s) Epoch 367/1000: loss=5.298069[0m
( 41.246s) Epoch 368/1000: loss=[32m5.297723[0m
( 41.215s) Epoch 369/1000: loss=5.297966[0m
( 41.243s) Epoch 370/1000: loss=5.300490[0m
( 41.296s) Epoch 371/1000: loss=5.297823[0m
( 41.177s) Epoch 372/1000: loss=[32m5.297591[0m
( 41.199s) Epoch 373/1000: loss=5.298265[0m
( 41.229s) Epoch 374/1000: loss=5.297794[0m
( 41.232s) Epoch 375/1000: loss=[32m5.296375[0m
( 41.293s) Epoch 376/1000: loss=[32m5.295580[0m
( 41.226s) Epoch 377/1000: loss=5.298557[0m
( 41.248s) Epoch 378/1000: loss=5.298208[0m
( 41.238s) Epoch 379/1000: loss=5.298134[0m
( 41.236s) Epoch 380/1000: loss=5.297503[0m
( 41.201s) Epoch 381/1000: loss=[32m5.295312[0m
( 41.172s) Epoch 382/1000: loss=[32m5.294836[0m
( 41.251s) Epoch 383/1000: loss=[32m5.293862[0m
( 41.290s) Epoch 384/1000: loss=5.296212[0m
( 41.382s) Epoch 385/1000: loss=5.294298[0m
( 41.197s) Epoch 386/1000: loss=[32m5.293771[0m
( 41.283s) Epoch 387/1000: loss=5.296715[0m
( 41.247s) Epoch 388/1000: loss=5.296964[0m
( 41.156s) Epoch 389/1000: loss=[32m5.293247[0m
( 41.266s) Epoch 390/1000: loss=5.308272[0m
( 41.335s) Epoch 391/1000: loss=5.311622[0m
( 41.249s) Epoch 392/1000: loss=5.298454[0m
( 41.258s) Epoch 393/1000: loss=5.298029[0m
( 41.201s) Epoch 394/1000: loss=5.294538[0m
( 41.250s) Epoch 395/1000: loss=5.300199[0m
( 41.268s) Epoch 396/1000: loss=5.296902[0m
( 41.203s) Epoch 397/1000: loss=5.311789[0m
( 41.266s) Epoch 398/1000: loss=5.298894[0m
( 41.262s) Epoch 399/1000: loss=5.297194[0m
( 41.368s) Epoch 400/1000: loss=5.296169[0m
( 41.273s) Epoch 401/1000: loss=5.295587[0m
( 41.222s) Epoch 402/1000: loss=5.293874[0m
( 41.160s) Epoch 403/1000: loss=5.293446[0m
( 41.234s) Epoch 404/1000: loss=5.294798[0m
( 41.283s) Epoch 405/1000: loss=5.297805[0m
( 41.166s) Epoch 406/1000: loss=[32m5.291888[0m
( 41.339s) Epoch 407/1000: loss=5.292975[0m
( 41.307s) Epoch 408/1000: loss=5.294194[0m
( 41.193s) Epoch 409/1000: loss=5.294907[0m
( 41.323s) Epoch 410/1000: loss=5.296733[0m
( 41.273s) Epoch 411/1000: loss=5.293373[0m
( 41.236s) Epoch 412/1000: loss=5.293222[0m
( 41.165s) Epoch 413/1000: loss=5.292457[0m
( 41.305s) Epoch 414/1000: loss=5.293170[0m
( 41.341s) Epoch 415/1000: loss=[32m5.290025[0m
( 41.272s) Epoch 416/1000: loss=5.292755[0m
( 41.298s) Epoch 417/1000: loss=5.292676[0m
( 41.228s) Epoch 418/1000: loss=5.291256[0m
( 41.175s) Epoch 419/1000: loss=5.290976[0m
( 41.219s) Epoch 420/1000: loss=5.292050[0m
( 41.241s) Epoch 421/1000: loss=5.290795[0m
( 41.444s) Epoch 422/1000: loss=5.293231[0m
( 41.295s) Epoch 423/1000: loss=5.292848[0m
( 41.248s) Epoch 424/1000: loss=5.290744[0m
( 41.302s) Epoch 425/1000: loss=5.292993[0m
( 41.278s) Epoch 426/1000: loss=[32m5.288939[0m
( 41.223s) Epoch 427/1000: loss=5.290154[0m
( 41.275s) Epoch 428/1000: loss=5.290907[0m
( 41.257s) Epoch 429/1000: loss=[32m5.288930[0m
( 41.278s) Epoch 430/1000: loss=5.290177[0m
( 41.244s) Epoch 431/1000: loss=[32m5.287856[0m
( 41.211s) Epoch 432/1000: loss=5.289212[0m
( 41.278s) Epoch 433/1000: loss=5.288564[0m
( 41.248s) Epoch 434/1000: loss=5.291107[0m
( 41.203s) Epoch 435/1000: loss=[32m5.286760[0m
( 41.237s) Epoch 436/1000: loss=5.289166[0m
( 41.277s) Epoch 437/1000: loss=5.289140[0m
( 41.204s) Epoch 438/1000: loss=5.290166[0m
( 41.185s) Epoch 439/1000: loss=5.289908[0m
( 41.257s) Epoch 440/1000: loss=5.288830[0m
( 41.178s) Epoch 441/1000: loss=5.288679[0m
( 41.258s) Epoch 442/1000: loss=5.288456[0m
( 41.282s) Epoch 443/1000: loss=5.289030[0m
( 41.292s) Epoch 444/1000: loss=5.286846[0m
( 41.238s) Epoch 445/1000: loss=5.286789[0m
( 41.273s) Epoch 446/1000: loss=5.287711[0m
( 41.210s) Epoch 447/1000: loss=[32m5.286205[0m
( 41.219s) Epoch 448/1000: loss=5.287631[0m
( 41.240s) Epoch 449/1000: loss=5.288790[0m
( 41.287s) Epoch 450/1000: loss=5.288743[0m
( 41.276s) Epoch 451/1000: loss=5.286758[0m
( 41.198s) Epoch 452/1000: loss=5.286674[0m
( 41.234s) Epoch 453/1000: loss=5.288428[0m
( 41.137s) Epoch 454/1000: loss=5.286617[0m
( 41.198s) Epoch 455/1000: loss=5.287290[0m
( 41.222s) Epoch 456/1000: loss=[32m5.284584[0m
( 41.243s) Epoch 457/1000: loss=5.286952[0m
( 41.297s) Epoch 458/1000: loss=5.287211[0m
( 41.212s) Epoch 459/1000: loss=5.287201[0m
( 41.303s) Epoch 460/1000: loss=5.284739[0m
( 41.194s) Epoch 461/1000: loss=5.287141[0m
( 41.225s) Epoch 462/1000: loss=5.288857[0m
( 41.225s) Epoch 463/1000: loss=5.285119[0m
( 41.221s) Epoch 464/1000: loss=5.285839[0m
( 41.250s) Epoch 465/1000: loss=[32m5.283842[0m
( 41.238s) Epoch 466/1000: loss=5.286689[0m
( 41.225s) Epoch 467/1000: loss=5.286087[0m
( 41.231s) Epoch 468/1000: loss=5.284420[0m
( 41.183s) Epoch 469/1000: loss=5.284047[0m
( 41.253s) Epoch 470/1000: loss=5.287854[0m
( 41.269s) Epoch 471/1000: loss=5.288010[0m
( 41.155s) Epoch 472/1000: loss=5.284344[0m
( 41.405s) Epoch 473/1000: loss=5.284344[0m
( 41.246s) Epoch 474/1000: loss=5.284285[0m
( 41.236s) Epoch 475/1000: loss=[32m5.283696[0m
( 41.205s) Epoch 476/1000: loss=5.284191[0m
( 41.256s) Epoch 477/1000: loss=5.284427[0m
( 41.183s) Epoch 478/1000: loss=[32m5.283160[0m
( 41.225s) Epoch 479/1000: loss=5.285779[0m
( 41.333s) Epoch 480/1000: loss=5.362917[0m
( 41.282s) Epoch 481/1000: loss=5.445849[0m
( 41.283s) Epoch 482/1000: loss=5.375609[0m
( 41.261s) Epoch 483/1000: loss=5.346184[0m
( 41.221s) Epoch 484/1000: loss=5.345421[0m
( 41.245s) Epoch 485/1000: loss=5.327149[0m
( 41.222s) Epoch 486/1000: loss=5.336855[0m
( 41.242s) Epoch 487/1000: loss=5.317252[0m
( 41.352s) Epoch 488/1000: loss=5.313833[0m
( 41.243s) Epoch 489/1000: loss=5.308981[0m
( 41.262s) Epoch 490/1000: loss=5.309448[0m
( 41.161s) Epoch 491/1000: loss=5.306676[0m
( 41.201s) Epoch 492/1000: loss=5.304250[0m
( 41.345s) Epoch 493/1000: loss=5.304448[0m
( 41.231s) Epoch 494/1000: loss=5.303377[0m
( 41.324s) Epoch 495/1000: loss=5.319588[0m
( 41.262s) Epoch 496/1000: loss=5.309772[0m
( 41.299s) Epoch 497/1000: loss=5.305014[0m
( 41.267s) Epoch 498/1000: loss=5.300762[0m
( 41.232s) Epoch 499/1000: loss=5.298261[0m
( 41.184s) Epoch 500/1000: loss=5.298341[0m
( 41.165s) Epoch 501/1000: loss=5.301354[0m
( 41.190s) Epoch 502/1000: loss=5.298160[0m
( 41.249s) Epoch 503/1000: loss=5.296975[0m
( 41.297s) Epoch 504/1000: loss=5.294334[0m
( 41.252s) Epoch 505/1000: loss=5.296185[0m
( 41.230s) Epoch 506/1000: loss=5.295459[0m
( 41.141s) Epoch 507/1000: loss=5.297126[0m
( 41.162s) Epoch 508/1000: loss=5.294304[0m
( 41.149s) Epoch 509/1000: loss=5.292332[0m
( 41.305s) Epoch 510/1000: loss=5.294068[0m
( 41.208s) Epoch 511/1000: loss=5.291866[0m
( 41.212s) Epoch 512/1000: loss=5.292262[0m
( 41.243s) Epoch 513/1000: loss=5.290663[0m
( 41.176s) Epoch 514/1000: loss=5.314378[0m
( 41.136s) Epoch 515/1000: loss=5.298060[0m
( 41.353s) Epoch 516/1000: loss=5.294326[0m
( 41.215s) Epoch 517/1000: loss=5.292991[0m
( 41.222s) Epoch 518/1000: loss=5.291474[0m
( 41.324s) Epoch 519/1000: loss=5.290428[0m
( 41.275s) Epoch 520/1000: loss=5.293917[0m
( 41.206s) Epoch 521/1000: loss=5.290206[0m
( 41.168s) Epoch 522/1000: loss=5.291574[0m
( 41.263s) Epoch 523/1000: loss=5.291779[0m
( 41.236s) Epoch 524/1000: loss=5.292415[0m
( 41.208s) Epoch 525/1000: loss=5.288322[0m
( 41.281s) Epoch 526/1000: loss=5.288070[0m
( 41.270s) Epoch 527/1000: loss=5.286616[0m
( 41.265s) Epoch 528/1000: loss=5.288018[0m
( 41.192s) Epoch 529/1000: loss=5.293869[0m
( 41.317s) Epoch 530/1000: loss=5.287441[0m
( 41.268s) Epoch 531/1000: loss=5.287266[0m
( 41.148s) Epoch 532/1000: loss=5.286133[0m
( 41.298s) Epoch 533/1000: loss=5.287295[0m
( 41.301s) Epoch 534/1000: loss=5.287162[0m
( 41.224s) Epoch 535/1000: loss=5.286220[0m
( 41.305s) Epoch 536/1000: loss=5.285462[0m
( 41.168s) Epoch 537/1000: loss=5.286995[0m
( 41.173s) Epoch 538/1000: loss=5.286212[0m
( 41.211s) Epoch 539/1000: loss=5.284281[0m
( 41.238s) Epoch 540/1000: loss=5.285024[0m
( 41.258s) Epoch 541/1000: loss=[32m5.282386[0m
( 41.213s) Epoch 542/1000: loss=5.285245[0m
( 41.268s) Epoch 543/1000: loss=5.282995[0m
( 41.270s) Epoch 544/1000: loss=5.284496[0m
( 41.236s) Epoch 545/1000: loss=5.283644[0m
( 41.182s) Epoch 546/1000: loss=5.282763[0m
( 41.208s) Epoch 547/1000: loss=5.283796[0m
( 41.208s) Epoch 548/1000: loss=5.282386[0m
( 41.336s) Epoch 549/1000: loss=[32m5.280978[0m
( 41.221s) Epoch 550/1000: loss=5.284187[0m
( 41.192s) Epoch 551/1000: loss=5.282339[0m
( 41.181s) Epoch 552/1000: loss=5.281133[0m
( 41.328s) Epoch 553/1000: loss=5.283271[0m
( 41.238s) Epoch 554/1000: loss=5.281708[0m
( 41.120s) Epoch 555/1000: loss=[32m5.279646[0m
( 41.362s) Epoch 556/1000: loss=5.281871[0m
( 41.190s) Epoch 557/1000: loss=5.281384[0m
( 41.254s) Epoch 558/1000: loss=5.281528[0m
( 41.211s) Epoch 559/1000: loss=5.279969[0m
( 41.268s) Epoch 560/1000: loss=5.279792[0m
( 41.099s) Epoch 561/1000: loss=5.282660[0m
( 41.358s) Epoch 562/1000: loss=5.281770[0m
( 41.293s) Epoch 563/1000: loss=[32m5.279561[0m
( 41.275s) Epoch 564/1000: loss=5.280107[0m
( 41.276s) Epoch 565/1000: loss=5.280592[0m
( 41.215s) Epoch 566/1000: loss=5.280145[0m
( 41.134s) Epoch 567/1000: loss=5.280230[0m
( 41.145s) Epoch 568/1000: loss=5.279722[0m
( 41.223s) Epoch 569/1000: loss=5.280133[0m
( 41.133s) Epoch 570/1000: loss=[32m5.277300[0m
( 41.198s) Epoch 571/1000: loss=5.280538[0m
( 41.289s) Epoch 572/1000: loss=5.279337[0m
( 41.210s) Epoch 573/1000: loss=5.278682[0m
( 41.212s) Epoch 574/1000: loss=5.278472[0m
( 41.214s) Epoch 575/1000: loss=5.278736[0m
( 41.231s) Epoch 576/1000: loss=5.278676[0m
( 41.251s) Epoch 577/1000: loss=5.278375[0m
( 41.208s) Epoch 578/1000: loss=5.277380[0m
( 41.341s) Epoch 579/1000: loss=5.278171[0m
( 41.249s) Epoch 580/1000: loss=5.277763[0m
( 41.186s) Epoch 581/1000: loss=5.277705[0m
( 41.253s) Epoch 582/1000: loss=[32m5.275786[0m
( 41.347s) Epoch 583/1000: loss=5.276523[0m
( 41.156s) Epoch 584/1000: loss=5.276531[0m
( 41.163s) Epoch 585/1000: loss=5.276048[0m
( 41.270s) Epoch 586/1000: loss=5.276466[0m
( 41.186s) Epoch 587/1000: loss=5.277381[0m
( 41.276s) Epoch 588/1000: loss=5.278660[0m
( 41.279s) Epoch 589/1000: loss=5.276954[0m
( 41.181s) Epoch 590/1000: loss=5.275827[0m
( 41.177s) Epoch 591/1000: loss=5.276087[0m
( 41.251s) Epoch 592/1000: loss=[32m5.274643[0m
( 41.302s) Epoch 593/1000: loss=5.275739[0m
( 41.200s) Epoch 594/1000: loss=[32m5.274005[0m
( 41.205s) Epoch 595/1000: loss=5.274970[0m
( 41.191s) Epoch 596/1000: loss=5.276307[0m
( 41.196s) Epoch 597/1000: loss=5.277115[0m
( 41.248s) Epoch 598/1000: loss=5.275789[0m
( 41.213s) Epoch 599/1000: loss=5.275628[0m
( 41.204s) Epoch 600/1000: loss=5.276340[0m
( 41.227s) Epoch 601/1000: loss=5.275528[0m
( 41.249s) Epoch 602/1000: loss=5.274524[0m
( 41.248s) Epoch 603/1000: loss=[32m5.273989[0m
( 41.179s) Epoch 604/1000: loss=5.276615[0m
( 41.175s) Epoch 605/1000: loss=[32m5.273558[0m
( 41.205s) Epoch 606/1000: loss=[32m5.272817[0m
( 41.236s) Epoch 607/1000: loss=5.274155[0m
( 41.328s) Epoch 608/1000: loss=5.274445[0m
( 41.280s) Epoch 609/1000: loss=5.273608[0m
( 41.187s) Epoch 610/1000: loss=5.274568[0m
( 41.215s) Epoch 611/1000: loss=5.273254[0m
( 41.290s) Epoch 612/1000: loss=5.274542[0m
( 41.180s) Epoch 613/1000: loss=5.275006[0m
( 41.199s) Epoch 614/1000: loss=5.274632[0m
( 41.237s) Epoch 615/1000: loss=5.274979[0m
( 41.310s) Epoch 616/1000: loss=5.272928[0m
( 41.175s) Epoch 617/1000: loss=5.274711[0m
( 41.221s) Epoch 618/1000: loss=[32m5.271454[0m
( 41.204s) Epoch 619/1000: loss=5.271681[0m
( 41.223s) Epoch 620/1000: loss=5.274732[0m
( 41.234s) Epoch 621/1000: loss=5.272454[0m
( 41.323s) Epoch 622/1000: loss=5.272841[0m
( 41.273s) Epoch 623/1000: loss=5.273864[0m
( 41.233s) Epoch 624/1000: loss=5.273913[0m
( 41.292s) Epoch 625/1000: loss=5.272178[0m
( 41.198s) Epoch 626/1000: loss=5.273651[0m
( 41.292s) Epoch 627/1000: loss=5.272157[0m
( 41.255s) Epoch 628/1000: loss=5.273437[0m
( 41.214s) Epoch 629/1000: loss=[32m5.270884[0m
( 41.253s) Epoch 630/1000: loss=[32m5.270576[0m
( 41.275s) Epoch 631/1000: loss=5.272126[0m
( 41.339s) Epoch 632/1000: loss=5.271820[0m
( 41.265s) Epoch 633/1000: loss=[32m5.270420[0m
( 41.222s) Epoch 634/1000: loss=5.273178[0m
( 41.214s) Epoch 635/1000: loss=5.271415[0m
( 41.252s) Epoch 636/1000: loss=5.271207[0m
( 41.161s) Epoch 637/1000: loss=5.270881[0m
( 41.337s) Epoch 638/1000: loss=5.271071[0m
( 41.221s) Epoch 639/1000: loss=5.280220[0m
( 41.316s) Epoch 640/1000: loss=5.279361[0m
( 41.246s) Epoch 641/1000: loss=5.274240[0m
( 41.237s) Epoch 642/1000: loss=5.270626[0m
( 41.213s) Epoch 643/1000: loss=5.274110[0m
( 41.192s) Epoch 644/1000: loss=5.271585[0m
( 41.333s) Epoch 645/1000: loss=5.271074[0m
( 41.291s) Epoch 646/1000: loss=[32m5.268821[0m
( 41.279s) Epoch 647/1000: loss=5.269726[0m
( 41.263s) Epoch 648/1000: loss=5.268952[0m
( 41.282s) Epoch 649/1000: loss=5.269371[0m
( 41.228s) Epoch 650/1000: loss=5.269792[0m
( 41.238s) Epoch 651/1000: loss=5.268971[0m
( 41.296s) Epoch 652/1000: loss=5.269470[0m
( 41.267s) Epoch 653/1000: loss=5.271769[0m
( 41.295s) Epoch 654/1000: loss=5.269163[0m
( 41.303s) Epoch 655/1000: loss=5.269018[0m
( 41.195s) Epoch 656/1000: loss=5.270560[0m
( 41.239s) Epoch 657/1000: loss=5.269519[0m
( 41.304s) Epoch 658/1000: loss=[32m5.268681[0m
( 41.302s) Epoch 659/1000: loss=5.269558[0m
( 41.328s) Epoch 660/1000: loss=[32m5.266544[0m
( 41.310s) Epoch 661/1000: loss=5.269076[0m
( 41.309s) Epoch 662/1000: loss=5.267510[0m
( 41.291s) Epoch 663/1000: loss=5.267128[0m
( 41.266s) Epoch 664/1000: loss=5.268629[0m
( 41.308s) Epoch 665/1000: loss=5.270158[0m
( 41.228s) Epoch 666/1000: loss=5.267824[0m
( 41.261s) Epoch 667/1000: loss=5.268255[0m
( 41.360s) Epoch 668/1000: loss=5.266730[0m
( 41.304s) Epoch 669/1000: loss=5.268594[0m
( 41.256s) Epoch 670/1000: loss=[32m5.266158[0m
( 41.274s) Epoch 671/1000: loss=5.268458[0m
( 41.219s) Epoch 672/1000: loss=5.269035[0m
( 41.273s) Epoch 673/1000: loss=5.267328[0m
( 41.324s) Epoch 674/1000: loss=5.267044[0m
( 41.374s) Epoch 675/1000: loss=5.267747[0m
( 41.267s) Epoch 676/1000: loss=5.267021[0m
( 41.218s) Epoch 677/1000: loss=5.266920[0m
( 41.283s) Epoch 678/1000: loss=[32m5.265769[0m
( 41.193s) Epoch 679/1000: loss=5.267390[0m
( 41.151s) Epoch 680/1000: loss=[32m5.264996[0m
( 41.224s) Epoch 681/1000: loss=[32m5.263397[0m
( 41.292s) Epoch 682/1000: loss=5.266240[0m
( 41.275s) Epoch 683/1000: loss=5.265938[0m
( 41.340s) Epoch 684/1000: loss=5.265588[0m
( 41.194s) Epoch 685/1000: loss=5.265806[0m
( 41.161s) Epoch 686/1000: loss=5.265987[0m
( 41.190s) Epoch 687/1000: loss=5.283802[0m
( 41.264s) Epoch 688/1000: loss=5.270536[0m
( 41.206s) Epoch 689/1000: loss=5.267426[0m
( 41.314s) Epoch 690/1000: loss=5.268013[0m
( 41.327s) Epoch 691/1000: loss=5.267069[0m
( 41.202s) Epoch 692/1000: loss=5.264561[0m
( 41.277s) Epoch 693/1000: loss=5.263721[0m
( 41.239s) Epoch 694/1000: loss=5.265189[0m
( 41.265s) Epoch 695/1000: loss=5.264431[0m
( 41.208s) Epoch 696/1000: loss=5.264792[0m
( 41.284s) Epoch 697/1000: loss=5.266225[0m
( 41.258s) Epoch 698/1000: loss=5.265591[0m
( 41.270s) Epoch 699/1000: loss=5.266005[0m
( 41.236s) Epoch 700/1000: loss=5.264812[0m
( 41.220s) Epoch 701/1000: loss=5.263746[0m
( 41.202s) Epoch 702/1000: loss=5.264535[0m
( 41.220s) Epoch 703/1000: loss=5.265895[0m
( 41.270s) Epoch 704/1000: loss=5.265796[0m
( 41.316s) Epoch 705/1000: loss=5.263794[0m
( 41.213s) Epoch 706/1000: loss=5.264805[0m
( 41.198s) Epoch 707/1000: loss=5.265320[0m
( 41.297s) Epoch 708/1000: loss=5.264400[0m
( 41.171s) Epoch 709/1000: loss=5.265246[0m
( 41.160s) Epoch 710/1000: loss=5.265104[0m
( 41.229s) Epoch 711/1000: loss=5.264060[0m
( 41.290s) Epoch 712/1000: loss=[32m5.262901[0m
( 41.311s) Epoch 713/1000: loss=5.263437[0m
( 41.329s) Epoch 714/1000: loss=5.263114[0m
( 41.260s) Epoch 715/1000: loss=5.264720[0m
( 41.213s) Epoch 716/1000: loss=5.263213[0m
( 41.216s) Epoch 717/1000: loss=[32m5.262455[0m
( 41.223s) Epoch 718/1000: loss=[32m5.261937[0m
( 41.246s) Epoch 719/1000: loss=5.261958[0m
( 41.312s) Epoch 720/1000: loss=5.262389[0m
( 41.238s) Epoch 721/1000: loss=5.262557[0m
( 41.210s) Epoch 722/1000: loss=5.262704[0m
( 41.243s) Epoch 723/1000: loss=5.262568[0m
( 41.266s) Epoch 724/1000: loss=5.262915[0m
( 41.239s) Epoch 725/1000: loss=5.263029[0m
( 41.203s) Epoch 726/1000: loss=5.262679[0m
( 41.250s) Epoch 727/1000: loss=5.262163[0m
( 41.332s) Epoch 728/1000: loss=[32m5.260921[0m
( 41.206s) Epoch 729/1000: loss=5.261363[0m
( 41.242s) Epoch 730/1000: loss=5.262707[0m
( 41.285s) Epoch 731/1000: loss=5.261660[0m
( 41.136s) Epoch 732/1000: loss=5.262905[0m
( 41.290s) Epoch 733/1000: loss=5.261585[0m
( 41.315s) Epoch 734/1000: loss=5.262345[0m
( 41.276s) Epoch 735/1000: loss=[32m5.260547[0m
( 41.214s) Epoch 736/1000: loss=5.262040[0m
( 41.273s) Epoch 737/1000: loss=[32m5.258982[0m
( 41.203s) Epoch 738/1000: loss=5.261028[0m
( 41.149s) Epoch 739/1000: loss=5.260395[0m
( 41.225s) Epoch 740/1000: loss=5.261296[0m
( 41.263s) Epoch 741/1000: loss=5.261468[0m
( 41.144s) Epoch 742/1000: loss=5.260788[0m
( 41.305s) Epoch 743/1000: loss=5.260423[0m
( 41.262s) Epoch 744/1000: loss=5.260027[0m
( 41.296s) Epoch 745/1000: loss=5.259038[0m
( 41.179s) Epoch 746/1000: loss=5.260751[0m
( 41.271s) Epoch 747/1000: loss=5.259314[0m
( 41.169s) Epoch 748/1000: loss=5.259230[0m
( 41.280s) Epoch 749/1000: loss=5.259754[0m
( 41.318s) Epoch 750/1000: loss=[32m5.257498[0m
( 41.248s) Epoch 751/1000: loss=5.260880[0m
( 41.208s) Epoch 752/1000: loss=5.258893[0m
( 41.248s) Epoch 753/1000: loss=5.258186[0m
( 41.259s) Epoch 754/1000: loss=5.259056[0m
( 41.251s) Epoch 755/1000: loss=5.259065[0m
( 41.269s) Epoch 756/1000: loss=5.258962[0m
( 41.241s) Epoch 757/1000: loss=5.258927[0m
( 41.260s) Epoch 758/1000: loss=5.260248[0m
( 41.240s) Epoch 759/1000: loss=5.258024[0m
( 41.231s) Epoch 760/1000: loss=5.258271[0m
( 41.271s) Epoch 761/1000: loss=5.258206[0m
( 41.200s) Epoch 762/1000: loss=5.259320[0m
( 41.272s) Epoch 763/1000: loss=5.258566[0m
( 41.317s) Epoch 764/1000: loss=5.258059[0m
( 41.274s) Epoch 765/1000: loss=5.258562[0m
( 41.195s) Epoch 766/1000: loss=5.259040[0m
( 41.289s) Epoch 767/1000: loss=5.258075[0m
( 41.193s) Epoch 768/1000: loss=5.258278[0m
( 41.185s) Epoch 769/1000: loss=5.258083[0m
( 41.317s) Epoch 770/1000: loss=5.258609[0m
( 41.271s) Epoch 771/1000: loss=5.258176[0m
( 41.189s) Epoch 772/1000: loss=5.259254[0m
( 41.271s) Epoch 773/1000: loss=5.258352[0m
( 41.263s) Epoch 774/1000: loss=[32m5.256370[0m
( 41.204s) Epoch 775/1000: loss=5.258007[0m
( 41.256s) Epoch 776/1000: loss=[32m5.256321[0m
( 41.277s) Epoch 777/1000: loss=5.257321[0m
( 41.236s) Epoch 778/1000: loss=5.257607[0m
( 41.279s) Epoch 779/1000: loss=5.257434[0m
( 41.392s) Epoch 780/1000: loss=5.259454[0m
( 41.275s) Epoch 781/1000: loss=[32m5.255742[0m
( 41.245s) Epoch 782/1000: loss=5.257625[0m
( 41.250s) Epoch 783/1000: loss=5.255931[0m
( 41.238s) Epoch 784/1000: loss=[32m5.255310[0m
( 41.148s) Epoch 785/1000: loss=5.257151[0m
( 41.286s) Epoch 786/1000: loss=5.257164[0m
( 41.312s) Epoch 787/1000: loss=5.258173[0m
( 41.261s) Epoch 788/1000: loss=5.255957[0m
( 41.229s) Epoch 789/1000: loss=5.257938[0m
( 41.281s) Epoch 790/1000: loss=5.258013[0m
( 41.246s) Epoch 791/1000: loss=5.258368[0m
( 41.158s) Epoch 792/1000: loss=[32m5.255004[0m
( 41.300s) Epoch 793/1000: loss=5.256442[0m
( 41.268s) Epoch 794/1000: loss=5.256582[0m
( 41.256s) Epoch 795/1000: loss=5.256523[0m
( 41.239s) Epoch 796/1000: loss=5.256147[0m
( 41.154s) Epoch 797/1000: loss=5.255503[0m
( 41.178s) Epoch 798/1000: loss=5.255783[0m
( 41.215s) Epoch 799/1000: loss=5.256280[0m
( 41.207s) Epoch 800/1000: loss=[32m5.254986[0m
( 41.199s) Epoch 801/1000: loss=5.256943[0m
( 41.306s) Epoch 802/1000: loss=[32m5.254909[0m
( 41.304s) Epoch 803/1000: loss=5.254936[0m
( 41.247s) Epoch 804/1000: loss=5.255495[0m
( 41.206s) Epoch 805/1000: loss=5.256417[0m
( 41.198s) Epoch 806/1000: loss=[32m5.254629[0m
( 41.337s) Epoch 807/1000: loss=5.256532[0m
( 41.251s) Epoch 808/1000: loss=5.254769[0m
( 41.280s) Epoch 809/1000: loss=5.255172[0m
( 41.336s) Epoch 810/1000: loss=5.254811[0m
( 41.167s) Epoch 811/1000: loss=5.255068[0m
( 41.270s) Epoch 812/1000: loss=5.255283[0m
( 41.225s) Epoch 813/1000: loss=5.255258[0m
( 41.257s) Epoch 814/1000: loss=5.256336[0m
( 41.216s) Epoch 815/1000: loss=[32m5.253549[0m
( 41.192s) Epoch 816/1000: loss=5.254396[0m
( 41.327s) Epoch 817/1000: loss=5.254178[0m
( 41.225s) Epoch 818/1000: loss=5.255041[0m
( 41.215s) Epoch 819/1000: loss=5.254067[0m
( 41.209s) Epoch 820/1000: loss=5.255559[0m
( 41.313s) Epoch 821/1000: loss=5.254585[0m
( 41.276s) Epoch 822/1000: loss=5.255628[0m
( 41.300s) Epoch 823/1000: loss=[32m5.253021[0m
( 41.279s) Epoch 824/1000: loss=5.253844[0m
( 41.289s) Epoch 825/1000: loss=5.257159[0m
( 41.241s) Epoch 826/1000: loss=[32m5.252278[0m
( 41.194s) Epoch 827/1000: loss=5.253784[0m
( 41.193s) Epoch 828/1000: loss=5.254461[0m
( 41.215s) Epoch 829/1000: loss=5.253381[0m
( 41.189s) Epoch 830/1000: loss=5.254297[0m
( 41.251s) Epoch 831/1000: loss=5.253275[0m
( 41.347s) Epoch 832/1000: loss=5.252397[0m
( 41.203s) Epoch 833/1000: loss=5.252335[0m
( 41.214s) Epoch 834/1000: loss=5.254259[0m
( 41.259s) Epoch 835/1000: loss=5.252690[0m
( 41.259s) Epoch 836/1000: loss=[32m5.250780[0m
( 41.204s) Epoch 837/1000: loss=5.253559[0m
( 41.185s) Epoch 838/1000: loss=5.252135[0m
( 41.326s) Epoch 839/1000: loss=5.251808[0m
( 41.298s) Epoch 840/1000: loss=5.252454[0m
( 41.226s) Epoch 841/1000: loss=5.252276[0m
( 41.238s) Epoch 842/1000: loss=5.251834[0m
( 41.271s) Epoch 843/1000: loss=5.253690[0m
( 41.187s) Epoch 844/1000: loss=5.252209[0m
( 41.219s) Epoch 845/1000: loss=5.253301[0m
( 41.260s) Epoch 846/1000: loss=5.253618[0m
( 41.298s) Epoch 847/1000: loss=5.253812[0m
( 41.206s) Epoch 848/1000: loss=5.251960[0m
( 41.262s) Epoch 849/1000: loss=5.252336[0m
( 41.274s) Epoch 850/1000: loss=5.251410[0m
( 41.112s) Epoch 851/1000: loss=5.254397[0m
( 41.244s) Epoch 852/1000: loss=5.252102[0m
( 41.247s) Epoch 853/1000: loss=[32m5.250690[0m
( 41.143s) Epoch 854/1000: loss=5.253698[0m
( 41.280s) Epoch 855/1000: loss=5.252208[0m
( 41.225s) Epoch 856/1000: loss=5.251174[0m
( 41.210s) Epoch 857/1000: loss=5.252658[0m
( 41.246s) Epoch 858/1000: loss=5.253083[0m
( 41.226s) Epoch 859/1000: loss=5.252193[0m
( 41.289s) Epoch 860/1000: loss=5.251963[0m
( 41.264s) Epoch 861/1000: loss=5.253157[0m
( 41.261s) Epoch 862/1000: loss=5.252048[0m
( 41.254s) Epoch 863/1000: loss=5.252541[0m
( 41.212s) Epoch 864/1000: loss=[32m5.250659[0m
( 41.174s) Epoch 865/1000: loss=5.252615[0m
( 41.230s) Epoch 866/1000: loss=[32m5.250554[0m
( 41.209s) Epoch 867/1000: loss=5.250728[0m
( 41.270s) Epoch 868/1000: loss=5.253343[0m
( 41.297s) Epoch 869/1000: loss=5.251911[0m
( 41.231s) Epoch 870/1000: loss=5.251591[0m
( 41.242s) Epoch 871/1000: loss=5.251041[0m
( 41.284s) Epoch 872/1000: loss=[32m5.249102[0m
( 41.231s) Epoch 873/1000: loss=5.251467[0m
( 41.216s) Epoch 874/1000: loss=5.251831[0m
( 41.245s) Epoch 875/1000: loss=5.251477[0m
( 41.270s) Epoch 876/1000: loss=5.250969[0m
( 41.260s) Epoch 877/1000: loss=5.251830[0m
( 41.231s) Epoch 878/1000: loss=5.250993[0m
( 41.269s) Epoch 879/1000: loss=5.251542[0m
( 41.245s) Epoch 880/1000: loss=5.250272[0m
( 41.196s) Epoch 881/1000: loss=5.251977[0m
( 41.187s) Epoch 882/1000: loss=5.252289[0m
( 41.248s) Epoch 883/1000: loss=5.250732[0m
( 41.259s) Epoch 884/1000: loss=5.250358[0m
( 41.256s) Epoch 885/1000: loss=[32m5.248619[0m
( 41.275s) Epoch 886/1000: loss=5.250525[0m
( 41.206s) Epoch 887/1000: loss=5.250805[0m
( 41.216s) Epoch 888/1000: loss=5.250070[0m
( 41.227s) Epoch 889/1000: loss=5.250902[0m
( 41.202s) Epoch 890/1000: loss=5.251418[0m
( 41.252s) Epoch 891/1000: loss=5.250094[0m
( 41.340s) Epoch 892/1000: loss=5.250506[0m
( 41.221s) Epoch 893/1000: loss=5.251923[0m
( 41.104s) Epoch 894/1000: loss=5.250168[0m
( 41.184s) Epoch 895/1000: loss=5.249599[0m
( 41.286s) Epoch 896/1000: loss=5.249882[0m
( 41.198s) Epoch 897/1000: loss=5.250757[0m
( 41.220s) Epoch 898/1000: loss=5.250385[0m
( 41.246s) Epoch 899/1000: loss=5.250635[0m
( 41.217s) Epoch 900/1000: loss=5.249609[0m
( 41.237s) Epoch 901/1000: loss=5.251564[0m
( 41.273s) Epoch 902/1000: loss=5.249861[0m
( 41.219s) Epoch 903/1000: loss=5.250086[0m
( 41.237s) Epoch 904/1000: loss=5.251134[0m
( 41.232s) Epoch 905/1000: loss=5.249123[0m
( 41.219s) Epoch 906/1000: loss=5.250194[0m
( 41.358s) Epoch 907/1000: loss=5.250551[0m
( 41.255s) Epoch 908/1000: loss=[32m5.248366[0m
( 41.237s) Epoch 909/1000: loss=5.250122[0m
( 41.202s) Epoch 910/1000: loss=5.249690[0m
( 41.209s) Epoch 911/1000: loss=5.250919[0m
( 41.164s) Epoch 912/1000: loss=5.249045[0m
( 41.200s) Epoch 913/1000: loss=5.251546[0m
( 41.303s) Epoch 914/1000: loss=[32m5.247963[0m
( 41.347s) Epoch 915/1000: loss=5.248743[0m
( 41.207s) Epoch 916/1000: loss=[32m5.247491[0m
( 41.209s) Epoch 917/1000: loss=5.251343[0m
( 41.169s) Epoch 918/1000: loss=5.251207[0m
( 41.225s) Epoch 919/1000: loss=5.248718[0m
( 41.148s) Epoch 920/1000: loss=5.248216[0m
( 41.202s) Epoch 921/1000: loss=5.249651[0m
( 41.223s) Epoch 922/1000: loss=5.250884[0m
( 41.159s) Epoch 923/1000: loss=5.248593[0m
( 41.272s) Epoch 924/1000: loss=5.250189[0m
( 41.192s) Epoch 925/1000: loss=5.249044[0m
( 41.232s) Epoch 926/1000: loss=5.248021[0m
( 41.229s) Epoch 927/1000: loss=5.249175[0m
( 41.247s) Epoch 928/1000: loss=5.248591[0m
( 41.292s) Epoch 929/1000: loss=5.248734[0m
( 41.265s) Epoch 930/1000: loss=[32m5.247312[0m
( 41.219s) Epoch 931/1000: loss=5.249698[0m
( 41.206s) Epoch 932/1000: loss=5.249999[0m
( 41.312s) Epoch 933/1000: loss=5.249111[0m
( 41.221s) Epoch 934/1000: loss=5.248807[0m
( 41.281s) Epoch 935/1000: loss=5.248163[0m
( 41.279s) Epoch 936/1000: loss=5.249658[0m
( 41.277s) Epoch 937/1000: loss=5.248614[0m
( 41.270s) Epoch 938/1000: loss=5.249738[0m
( 41.209s) Epoch 939/1000: loss=5.250012[0m
( 41.182s) Epoch 940/1000: loss=5.248259[0m
( 41.184s) Epoch 941/1000: loss=5.248677[0m
( 41.159s) Epoch 942/1000: loss=5.250484[0m
( 41.174s) Epoch 943/1000: loss=5.248782[0m
( 41.276s) Epoch 944/1000: loss=5.249204[0m
( 41.336s) Epoch 945/1000: loss=5.248846[0m
( 41.220s) Epoch 946/1000: loss=5.248426[0m
( 41.229s) Epoch 947/1000: loss=5.248190[0m
( 41.222s) Epoch 948/1000: loss=5.250042[0m
( 41.182s) Epoch 949/1000: loss=5.247699[0m
( 41.214s) Epoch 950/1000: loss=5.250902[0m
( 41.332s) Epoch 951/1000: loss=5.247538[0m
( 41.347s) Epoch 952/1000: loss=5.247990[0m
( 41.178s) Epoch 953/1000: loss=5.249820[0m
( 41.209s) Epoch 954/1000: loss=5.248841[0m
( 41.226s) Epoch 955/1000: loss=5.248647[0m
( 41.200s) Epoch 956/1000: loss=5.248692[0m
( 41.200s) Epoch 957/1000: loss=5.248530[0m
( 41.237s) Epoch 958/1000: loss=5.248802[0m
( 41.309s) Epoch 959/1000: loss=5.248016[0m
( 41.276s) Epoch 960/1000: loss=5.248273[0m
( 41.317s) Epoch 961/1000: loss=5.248097[0m
( 41.243s) Epoch 962/1000: loss=5.249516[0m
( 41.113s) Epoch 963/1000: loss=5.248541[0m
( 41.228s) Epoch 964/1000: loss=5.250236[0m
( 41.268s) Epoch 965/1000: loss=5.249263[0m
( 41.208s) Epoch 966/1000: loss=[32m5.247292[0m
( 41.369s) Epoch 967/1000: loss=5.248942[0m
( 41.304s) Epoch 968/1000: loss=[32m5.247058[0m
( 41.183s) Epoch 969/1000: loss=5.247700[0m
( 41.175s) Epoch 970/1000: loss=5.248784[0m
( 41.213s) Epoch 971/1000: loss=5.247462[0m
( 41.287s) Epoch 972/1000: loss=5.250612[0m
( 41.245s) Epoch 973/1000: loss=5.248253[0m
( 41.269s) Epoch 974/1000: loss=5.248050[0m
( 41.243s) Epoch 975/1000: loss=5.247921[0m
( 41.201s) Epoch 976/1000: loss=5.248018[0m
( 41.226s) Epoch 977/1000: loss=5.247502[0m
( 41.245s) Epoch 978/1000: loss=5.247179[0m
( 41.175s) Epoch 979/1000: loss=[32m5.246987[0m
( 41.202s) Epoch 980/1000: loss=5.247662[0m
( 41.228s) Epoch 981/1000: loss=5.248964[0m
( 41.243s) Epoch 982/1000: loss=5.250109[0m
( 41.245s) Epoch 983/1000: loss=5.248056[0m
( 41.155s) Epoch 984/1000: loss=5.247934[0m
( 41.201s) Epoch 985/1000: loss=5.247688[0m
( 41.150s) Epoch 986/1000: loss=5.248607[0m
( 41.201s) Epoch 987/1000: loss=5.248533[0m
( 41.264s) Epoch 988/1000: loss=5.248387[0m
( 41.217s) Epoch 989/1000: loss=5.250373[0m
( 41.296s) Epoch 990/1000: loss=5.247870[0m
( 41.226s) Epoch 991/1000: loss=5.249580[0m
( 41.222s) Epoch 992/1000: loss=5.248452[0m
( 41.255s) Epoch 993/1000: loss=5.247971[0m
( 41.165s) Epoch 994/1000: loss=5.248027[0m
( 41.220s) Epoch 995/1000: loss=5.248907[0m
( 41.238s) Epoch 996/1000: loss=5.247371[0m
( 41.269s) Epoch 997/1000: loss=5.248870[0m
( 41.288s) Epoch 998/1000: loss=5.248925[0m
( 41.207s) Epoch 999/1000: loss=5.249747[0m
( 41.222s) Epoch 1000/1000: loss=5.248125[0m
Training for 1000 epochs took 41244.800s total and 41.245s average
Calculating mean of transformed dataset using the best model state ... 8.974s
Saving best model and options to /home/aditya.bharti/FewShot/fc100_1000epoch/CropColor.pth
