Namespace(T_max=100, backbone='resnet50', base_learning_rate=0.1, base_optimizer='SGD', batch_size=256, dampening=0.0, dataset='cifar100fs', dataset_root=None, distributed=False, episode_strat='SimpleShotEpisodes', eval_freq=5, first_augment='CropResize', head='SimpleMLP', jitter_strength=1.0, k_shot=5, load_from=None, local_rank=0, log_file=<_io.TextIOWrapper name='cifar100fs_round3/CropResize_GaussBlur_runs/run2.out' mode='a' encoding='UTF-8'>, loss_function='NTXent', model='SimCLRModel', momentum=0.9, n_way=5, nesterov=True, ntxent_temp=1.0, num_epochs=100, num_query=15, num_test_tasks=10000, num_workers=4, pin_memory=True, pretrained=False, progress=False, projection_dim=128, save_model=True, save_path='cifar100fs_round3/CropResize_GaussBlur_runs/run2.pth', scheduler='CosineAnnealingLR', second_augment='GaussBlur', secondary_optimizer='LARS', shuffle=True, simple_opt=False, weight_decay=0.0001)
Starting Training on:
Train:  64 classes
Valid:  16 classes
Test:   20 classes
------------------
( 34.835s) Epoch 001/100: loss=[32m5.604153[0m
( 30.962s) Epoch 002/100: loss=[32m5.493066[0m
( 31.047s) Epoch 003/100: loss=[32m5.473103[0m
( 31.315s) Epoch 004/100: loss=[32m5.465735[0m
( 31.592s) Epoch 005/100: loss=[32m5.459155[0m  ( 28.085s)  train_acc=[32m0.019261[0m val_acc=[32m0.036689[0m test_acc=[32m0.057370[0m
( 31.328s) Epoch 006/100: loss=[32m5.450459[0m
( 31.268s) Epoch 007/100: loss=[32m5.435018[0m
( 31.845s) Epoch 008/100: loss=[32m5.425057[0m
( 31.822s) Epoch 009/100: loss=[32m5.417440[0m
( 31.614s) Epoch 010/100: loss=[32m5.415246[0m  ( 25.866s)  train_acc=[32m0.024812[0m val_acc=[32m0.044672[0m test_acc=[32m0.060195[0m
( 32.244s) Epoch 011/100: loss=[32m5.411732[0m
( 31.607s) Epoch 012/100: loss=[32m5.406798[0m
( 31.791s) Epoch 013/100: loss=[32m5.403426[0m
( 31.976s) Epoch 014/100: loss=[32m5.400529[0m
( 32.172s) Epoch 015/100: loss=[32m5.398516[0m  ( 25.499s)  train_acc=[32m0.029984[0m val_acc=0.042335[0m test_acc=[32m0.068435[0m
( 33.458s) Epoch 016/100: loss=[32m5.396624[0m
( 31.335s) Epoch 017/100: loss=[32m5.392767[0m
( 31.920s) Epoch 018/100: loss=[32m5.391798[0m
( 31.965s) Epoch 019/100: loss=[32m5.389851[0m
( 31.955s) Epoch 020/100: loss=[32m5.389676[0m  ( 26.962s)  train_acc=[32m0.030708[0m val_acc=[32m0.051570[0m test_acc=[32m0.078211[0m
( 32.403s) Epoch 021/100: loss=[32m5.386753[0m
( 31.763s) Epoch 022/100: loss=[32m5.383121[0m
( 31.734s) Epoch 023/100: loss=[32m5.382126[0m
( 32.088s) Epoch 024/100: loss=[32m5.381440[0m
( 31.946s) Epoch 025/100: loss=[32m5.378207[0m  ( 26.039s)  train_acc=[32m0.032568[0m val_acc=0.050859[0m test_acc=0.068962[0m
( 32.813s) Epoch 026/100: loss=[32m5.376939[0m
( 31.735s) Epoch 027/100: loss=[32m5.374090[0m
( 31.875s) Epoch 028/100: loss=5.375149[0m
( 31.876s) Epoch 029/100: loss=[32m5.373131[0m
( 31.951s) Epoch 030/100: loss=[32m5.372327[0m  ( 25.536s)  train_acc=[32m0.035213[0m val_acc=0.042116[0m test_acc=0.078054[0m
( 32.374s) Epoch 031/100: loss=[32m5.368973[0m
( 32.012s) Epoch 032/100: loss=5.370071[0m
( 32.185s) Epoch 033/100: loss=[32m5.367013[0m
( 31.940s) Epoch 034/100: loss=[32m5.366730[0m
( 32.025s) Epoch 035/100: loss=5.367179[0m  ( 25.362s)  train_acc=[32m0.036352[0m val_acc=0.050870[0m test_acc=[32m0.079954[0m
( 32.473s) Epoch 036/100: loss=[32m5.365738[0m
( 33.502s) Epoch 037/100: loss=[32m5.363039[0m
( 31.938s) Epoch 038/100: loss=[32m5.362461[0m
( 32.138s) Epoch 039/100: loss=[32m5.362369[0m
( 31.945s) Epoch 040/100: loss=[32m5.361255[0m  ( 23.510s)  train_acc=[32m0.037724[0m val_acc=[32m0.053595[0m test_acc=0.074270[0m
( 33.560s) Epoch 041/100: loss=[32m5.359758[0m
( 32.164s) Epoch 042/100: loss=[32m5.359564[0m
( 31.779s) Epoch 043/100: loss=[32m5.358847[0m
( 32.092s) Epoch 044/100: loss=[32m5.356358[0m
( 32.013s) Epoch 045/100: loss=5.356696[0m  ( 25.615s)  train_acc=0.036718[0m val_acc=0.050265[0m test_acc=0.073620[0m
( 32.902s) Epoch 046/100: loss=[32m5.355495[0m
( 32.560s) Epoch 047/100: loss=5.355685[0m
( 31.822s) Epoch 048/100: loss=[32m5.354070[0m
( 32.120s) Epoch 049/100: loss=[32m5.353645[0m
( 31.932s) Epoch 050/100: loss=[32m5.352179[0m  ( 24.715s)  train_acc=0.037637[0m val_acc=0.049468[0m test_acc=0.070675[0m
( 32.798s) Epoch 051/100: loss=[32m5.351007[0m
( 32.515s) Epoch 052/100: loss=5.351449[0m
( 32.064s) Epoch 053/100: loss=[32m5.350543[0m
( 32.138s) Epoch 054/100: loss=[32m5.350083[0m
( 32.047s) Epoch 055/100: loss=[32m5.349813[0m  ( 25.068s)  train_acc=[32m0.038732[0m val_acc=0.051597[0m test_acc=0.077454[0m
( 32.659s) Epoch 056/100: loss=[32m5.349272[0m
( 32.257s) Epoch 057/100: loss=[32m5.348014[0m
( 31.923s) Epoch 058/100: loss=5.348145[0m
( 31.891s) Epoch 059/100: loss=[32m5.345665[0m
( 31.948s) Epoch 060/100: loss=5.346336[0m  ( 25.032s)  train_acc=0.037479[0m val_acc=0.047299[0m test_acc=[32m0.082991[0m
( 32.680s) Epoch 061/100: loss=5.346423[0m
( 32.860s) Epoch 062/100: loss=[32m5.344474[0m
( 31.762s) Epoch 063/100: loss=5.345143[0m
( 32.058s) Epoch 064/100: loss=5.344675[0m
( 31.999s) Epoch 065/100: loss=[32m5.342950[0m  ( 17.057s)  train_acc=[32m0.039285[0m val_acc=0.046320[0m test_acc=0.079873[0m
( 32.374s) Epoch 066/100: loss=[32m5.342702[0m
( 32.736s) Epoch 067/100: loss=5.343144[0m
( 32.530s) Epoch 068/100: loss=[32m5.342306[0m
( 31.780s) Epoch 069/100: loss=[32m5.341308[0m
( 32.140s) Epoch 070/100: loss=[32m5.341242[0m  ( 15.670s)  train_acc=0.037478[0m val_acc=0.049936[0m test_acc=0.082771[0m
( 33.024s) Epoch 071/100: loss=[32m5.340946[0m
( 32.580s) Epoch 072/100: loss=[32m5.339612[0m
( 32.579s) Epoch 073/100: loss=5.340447[0m
( 32.092s) Epoch 074/100: loss=5.340553[0m
( 31.974s) Epoch 075/100: loss=[32m5.339258[0m  ( 15.552s)  train_acc=0.038221[0m val_acc=[32m0.056661[0m test_acc=[32m0.088493[0m
( 32.620s) Epoch 076/100: loss=[32m5.338941[0m
( 32.927s) Epoch 077/100: loss=[32m5.338700[0m
( 32.868s) Epoch 078/100: loss=[32m5.338402[0m
( 32.128s) Epoch 079/100: loss=[32m5.338189[0m
( 32.077s) Epoch 080/100: loss=5.338281[0m  ( 16.028s)  train_acc=[32m0.039688[0m val_acc=0.055549[0m test_acc=0.087038[0m
( 32.226s) Epoch 081/100: loss=[32m5.338003[0m
( 32.433s) Epoch 082/100: loss=5.338050[0m
( 32.199s) Epoch 083/100: loss=[32m5.337270[0m
( 32.917s) Epoch 084/100: loss=5.337718[0m
( 32.053s) Epoch 085/100: loss=[32m5.336682[0m  ( 15.479s)  train_acc=0.038316[0m val_acc=0.054021[0m test_acc=0.080316[0m
( 32.740s) Epoch 086/100: loss=[32m5.336637[0m
( 32.688s) Epoch 087/100: loss=[32m5.336357[0m
( 31.784s) Epoch 088/100: loss=5.336437[0m
( 33.335s) Epoch 089/100: loss=[32m5.335973[0m
( 31.601s) Epoch 090/100: loss=5.336012[0m  ( 18.625s)  train_acc=[32m0.040394[0m val_acc=0.051672[0m test_acc=0.086017[0m
( 31.818s) Epoch 091/100: loss=[32m5.335853[0m
( 32.557s) Epoch 092/100: loss=[32m5.335615[0m
( 31.723s) Epoch 093/100: loss=5.336089[0m
( 33.299s) Epoch 094/100: loss=[32m5.335138[0m
( 32.061s) Epoch 095/100: loss=5.335807[0m  ( 17.969s)  train_acc=[32m0.041818[0m val_acc=0.050362[0m test_acc=[32m0.090297[0m
( 32.040s) Epoch 096/100: loss=5.336122[0m
( 32.772s) Epoch 097/100: loss=5.335518[0m
( 32.428s) Epoch 098/100: loss=5.335994[0m
( 31.939s) Epoch 099/100: loss=5.335741[0m
( 32.621s) Epoch 100/100: loss=5.335416[0m  ( 14.930s)  train_acc=0.041337[0m val_acc=0.050152[0m test_acc=0.079767[0m
Training for 100 epochs took 3220.976s total and 32.210s average
Calculating mean of transformed dataset using the best model state ... 7.495s
Saving best model and options to cifar100fs_round3/CropResize_GaussBlur_runs/run2.pth
