Namespace(T_max=100, backbone='resnet50', base_learning_rate=0.1, base_optimizer='SGD', batch_size=256, dampening=0.0, dataset='cifar100fs', dataset_root=None, distributed=False, episode_strat='SimpleShotEpisodes', eval_freq=5, first_augment='CropResize', head='SimpleMLP', jitter_strength=1.0, k_shot=5, load_from=None, local_rank=0, log_file=<_io.TextIOWrapper name='cifar100fs_round3/CropResize_GaussBlur_runs/run3.out' mode='a' encoding='UTF-8'>, loss_function='NTXent', model='SimCLRModel', momentum=0.9, n_way=5, nesterov=True, ntxent_temp=1.0, num_epochs=100, num_query=15, num_test_tasks=10000, num_workers=4, pin_memory=True, pretrained=False, progress=False, projection_dim=128, save_model=True, save_path='cifar100fs_round3/CropResize_GaussBlur_runs/run3.pth', scheduler='CosineAnnealingLR', second_augment='GaussBlur', secondary_optimizer='LARS', shuffle=True, simple_opt=False, weight_decay=0.0001)
Starting Training on:
Train:  64 classes
Valid:  16 classes
Test:   20 classes
------------------
( 34.803s) Epoch 001/100: loss=[32m5.635725[0m
( 31.326s) Epoch 002/100: loss=[32m5.506464[0m
( 31.607s) Epoch 003/100: loss=[32m5.491797[0m
( 31.753s) Epoch 004/100: loss=[32m5.473632[0m
( 32.203s) Epoch 005/100: loss=[32m5.460620[0m  ( 26.219s)  train_acc=[32m0.026436[0m val_acc=[32m0.033202[0m test_acc=[32m0.066834[0m
( 31.810s) Epoch 006/100: loss=[32m5.455390[0m
( 32.016s) Epoch 007/100: loss=[32m5.451560[0m
( 32.337s) Epoch 008/100: loss=[32m5.447405[0m
( 32.194s) Epoch 009/100: loss=[32m5.442911[0m
( 32.551s) Epoch 010/100: loss=[32m5.436723[0m  ( 22.796s)  train_acc=[32m0.032245[0m val_acc=[32m0.035724[0m test_acc=[32m0.071560[0m
( 33.198s) Epoch 011/100: loss=[32m5.428824[0m
( 32.042s) Epoch 012/100: loss=[32m5.418879[0m
( 32.374s) Epoch 013/100: loss=[32m5.412218[0m
( 32.637s) Epoch 014/100: loss=[32m5.409674[0m
( 32.455s) Epoch 015/100: loss=[32m5.405147[0m  ( 23.313s)  train_acc=[32m0.034217[0m val_acc=[32m0.046084[0m test_acc=0.065478[0m
( 33.743s) Epoch 016/100: loss=[32m5.402716[0m
( 32.024s) Epoch 017/100: loss=[32m5.398810[0m
( 32.348s) Epoch 018/100: loss=[32m5.396976[0m
( 32.401s) Epoch 019/100: loss=[32m5.396015[0m
( 32.733s) Epoch 020/100: loss=[32m5.392811[0m  ( 24.700s)  train_acc=[32m0.035697[0m val_acc=0.041621[0m test_acc=[32m0.073620[0m
( 33.124s) Epoch 021/100: loss=[32m5.390581[0m
( 32.061s) Epoch 022/100: loss=5.390644[0m
( 32.556s) Epoch 023/100: loss=[32m5.387447[0m
( 32.572s) Epoch 024/100: loss=[32m5.384543[0m
( 32.720s) Epoch 025/100: loss=5.384950[0m  ( 24.597s)  train_acc=[32m0.037395[0m val_acc=[32m0.048896[0m test_acc=[32m0.088358[0m
( 33.327s) Epoch 026/100: loss=[32m5.381477[0m
( 32.221s) Epoch 027/100: loss=[32m5.379915[0m
( 32.752s) Epoch 028/100: loss=[32m5.379812[0m
( 32.286s) Epoch 029/100: loss=[32m5.376837[0m
( 32.664s) Epoch 030/100: loss=5.376896[0m  ( 25.144s)  train_acc=0.035528[0m val_acc=0.045546[0m test_acc=0.075637[0m
( 33.593s) Epoch 031/100: loss=[32m5.374550[0m
( 31.958s) Epoch 032/100: loss=5.375128[0m
( 32.676s) Epoch 033/100: loss=[32m5.372452[0m
( 32.576s) Epoch 034/100: loss=[32m5.371096[0m
( 32.803s) Epoch 035/100: loss=[32m5.369558[0m  ( 24.039s)  train_acc=0.037151[0m val_acc=[32m0.049813[0m test_acc=0.079822[0m
( 33.391s) Epoch 036/100: loss=[32m5.368841[0m
( 32.476s) Epoch 037/100: loss=[32m5.368248[0m
( 32.577s) Epoch 038/100: loss=[32m5.367333[0m
( 32.686s) Epoch 039/100: loss=[32m5.366104[0m
( 33.108s) Epoch 040/100: loss=[32m5.364766[0m  ( 23.754s)  train_acc=0.036707[0m val_acc=[32m0.053058[0m test_acc=0.080225[0m
( 33.288s) Epoch 041/100: loss=5.365445[0m
( 32.353s) Epoch 042/100: loss=[32m5.362162[0m
( 32.584s) Epoch 043/100: loss=5.362879[0m
( 32.762s) Epoch 044/100: loss=[32m5.361732[0m
( 33.155s) Epoch 045/100: loss=[32m5.359062[0m  ( 24.827s)  train_acc=[32m0.037642[0m val_acc=0.047977[0m test_acc=0.075068[0m
( 32.445s) Epoch 046/100: loss=5.359416[0m
( 32.430s) Epoch 047/100: loss=5.359159[0m
( 32.360s) Epoch 048/100: loss=5.359148[0m
( 32.709s) Epoch 049/100: loss=[32m5.356590[0m
( 33.232s) Epoch 050/100: loss=5.356674[0m  ( 22.503s)  train_acc=[32m0.038313[0m val_acc=0.046087[0m test_acc=0.079590[0m
( 33.588s) Epoch 051/100: loss=[32m5.355615[0m
( 32.387s) Epoch 052/100: loss=[32m5.355441[0m
( 32.552s) Epoch 053/100: loss=[32m5.354791[0m
( 32.901s) Epoch 054/100: loss=[32m5.353486[0m
( 33.038s) Epoch 055/100: loss=[32m5.353338[0m  ( 23.191s)  train_acc=0.035984[0m val_acc=[32m0.053062[0m test_acc=0.079359[0m
( 32.452s) Epoch 056/100: loss=[32m5.353063[0m
( 33.021s) Epoch 057/100: loss=[32m5.351478[0m
( 32.641s) Epoch 058/100: loss=[32m5.350924[0m
( 32.665s) Epoch 059/100: loss=5.351833[0m
( 33.306s) Epoch 060/100: loss=[32m5.350344[0m  ( 23.620s)  train_acc=0.037110[0m val_acc=0.048219[0m test_acc=0.080182[0m
( 32.572s) Epoch 061/100: loss=[32m5.349045[0m
( 33.580s) Epoch 062/100: loss=[32m5.347812[0m
( 32.363s) Epoch 063/100: loss=[32m5.347064[0m
( 32.554s) Epoch 064/100: loss=5.348769[0m
( 33.245s) Epoch 065/100: loss=[32m5.346756[0m  ( 18.169s)  train_acc=[32m0.038834[0m val_acc=0.051137[0m test_acc=0.073796[0m
( 32.452s) Epoch 066/100: loss=[32m5.346315[0m
( 33.396s) Epoch 067/100: loss=[32m5.346088[0m
( 32.409s) Epoch 068/100: loss=5.346461[0m
( 32.498s) Epoch 069/100: loss=[32m5.345748[0m
( 33.454s) Epoch 070/100: loss=[32m5.343721[0m  ( 18.066s)  train_acc=0.038103[0m val_acc=[32m0.057647[0m test_acc=0.084750[0m
( 32.521s) Epoch 071/100: loss=5.344479[0m
( 32.749s) Epoch 072/100: loss=5.345368[0m
( 32.687s) Epoch 073/100: loss=[32m5.343612[0m
( 32.648s) Epoch 074/100: loss=[32m5.343414[0m
( 32.969s) Epoch 075/100: loss=[32m5.342559[0m  ( 16.473s)  train_acc=[32m0.038941[0m val_acc=0.047580[0m test_acc=0.080280[0m
( 32.975s) Epoch 076/100: loss=5.342840[0m
( 33.107s) Epoch 077/100: loss=5.342902[0m
( 32.930s) Epoch 078/100: loss=[32m5.341843[0m
( 32.583s) Epoch 079/100: loss=5.342076[0m
( 32.773s) Epoch 080/100: loss=[32m5.341681[0m  ( 16.010s)  train_acc=0.038434[0m val_acc=0.048232[0m test_acc=0.084736[0m
( 32.691s) Epoch 081/100: loss=[32m5.340062[0m
( 32.406s) Epoch 082/100: loss=5.340937[0m
( 33.744s) Epoch 083/100: loss=5.340724[0m
( 32.510s) Epoch 084/100: loss=5.340432[0m
( 33.162s) Epoch 085/100: loss=[32m5.340002[0m  ( 17.082s)  train_acc=0.036905[0m val_acc=0.047710[0m test_acc=0.076074[0m
( 32.718s) Epoch 086/100: loss=5.341374[0m
( 32.170s) Epoch 087/100: loss=5.340496[0m
( 33.503s) Epoch 088/100: loss=[32m5.339503[0m
( 32.376s) Epoch 089/100: loss=5.339807[0m
( 33.989s) Epoch 090/100: loss=[32m5.339271[0m  ( 14.062s)  train_acc=[32m0.040065[0m val_acc=0.047468[0m test_acc=0.077954[0m
( 32.365s) Epoch 091/100: loss=5.339738[0m
( 32.062s) Epoch 092/100: loss=5.340117[0m
( 33.664s) Epoch 093/100: loss=5.339566[0m
( 32.705s) Epoch 094/100: loss=[32m5.339133[0m
( 33.581s) Epoch 095/100: loss=[32m5.338329[0m  ( 14.833s)  train_acc=0.037256[0m val_acc=0.056991[0m test_acc=0.078204[0m
( 32.251s) Epoch 096/100: loss=5.339874[0m
( 33.783s) Epoch 097/100: loss=5.338836[0m
( 32.202s) Epoch 098/100: loss=5.339023[0m
( 33.498s) Epoch 099/100: loss=5.338483[0m
( 33.234s) Epoch 100/100: loss=5.339390[0m  ( 12.393s)  train_acc=0.037749[0m val_acc=0.054495[0m test_acc=0.079720[0m
Training for 100 epochs took 3273.631s total and 32.736s average
Calculating mean of transformed dataset using the best model state ... 5.504s
Saving best model and options to cifar100fs_round3/CropResize_GaussBlur_runs/run3.pth
