Namespace(T_max=100, backbone='resnet50', base_learning_rate=0.1, base_optimizer='SGD', batch_size=256, dampening=0.0, dataset='cifar100fs', dataset_root=None, distributed=False, episode_strat='SimpleShotEpisodes', eval_freq=5, first_augment='CropResize', head='SimpleMLP', jitter_strength=1.0, k_shot=5, load_from=None, local_rank=0, log_file=<_io.TextIOWrapper name='cifar100fs_round3/CropResize_GaussBlur_runs/run4.out' mode='a' encoding='UTF-8'>, loss_function='NTXent', model='SimCLRModel', momentum=0.9, n_way=5, nesterov=True, ntxent_temp=1.0, num_epochs=100, num_query=15, num_test_tasks=10000, num_workers=4, pin_memory=True, pretrained=False, progress=False, projection_dim=128, save_model=True, save_path='cifar100fs_round3/CropResize_GaussBlur_runs/run4.pth', scheduler='CosineAnnealingLR', second_augment='GaussBlur', secondary_optimizer='LARS', shuffle=True, simple_opt=False, weight_decay=0.0001)
Starting Training on:
Train:  64 classes
Valid:  16 classes
Test:   20 classes
------------------
( 34.843s) Epoch 001/100: loss=[32m5.655150[0m
( 31.760s) Epoch 002/100: loss=[32m5.530887[0m
( 33.081s) Epoch 003/100: loss=[32m5.492799[0m
( 33.831s) Epoch 004/100: loss=[32m5.469865[0m
( 34.008s) Epoch 005/100: loss=[32m5.442286[0m  ( 26.042s)  train_acc=[32m0.021205[0m val_acc=[32m0.047993[0m test_acc=[32m0.064834[0m
( 32.466s) Epoch 006/100: loss=[32m5.431114[0m
( 34.017s) Epoch 007/100: loss=[32m5.426788[0m
( 34.288s) Epoch 008/100: loss=[32m5.422728[0m
( 33.625s) Epoch 009/100: loss=[32m5.421180[0m
( 34.652s) Epoch 010/100: loss=[32m5.416466[0m  ( 25.526s)  train_acc=[32m0.022535[0m val_acc=0.046407[0m test_acc=[32m0.065934[0m
( 32.965s) Epoch 011/100: loss=[32m5.415997[0m
( 34.485s) Epoch 012/100: loss=[32m5.412092[0m
( 34.818s) Epoch 013/100: loss=[32m5.409185[0m
( 34.723s) Epoch 014/100: loss=[32m5.406612[0m
( 34.811s) Epoch 015/100: loss=[32m5.404928[0m  ( 25.449s)  train_acc=[32m0.026221[0m val_acc=[32m0.048402[0m test_acc=[32m0.073301[0m
( 32.910s) Epoch 016/100: loss=[32m5.400752[0m
( 34.435s) Epoch 017/100: loss=[32m5.397705[0m
( 34.632s) Epoch 018/100: loss=[32m5.395771[0m
( 34.705s) Epoch 019/100: loss=[32m5.392101[0m
( 36.331s) Epoch 020/100: loss=[32m5.389863[0m  ( 18.921s)  train_acc=[32m0.029122[0m val_acc=[32m0.048663[0m test_acc=0.067507[0m
( 32.899s) Epoch 021/100: loss=[32m5.387552[0m
( 34.227s) Epoch 022/100: loss=[32m5.384906[0m
( 33.731s) Epoch 023/100: loss=[32m5.383979[0m
( 34.557s) Epoch 024/100: loss=[32m5.382130[0m
( 35.995s) Epoch 025/100: loss=[32m5.379594[0m  ( 16.673s)  train_acc=[32m0.031683[0m val_acc=0.040739[0m test_acc=[32m0.080050[0m
( 33.056s) Epoch 026/100: loss=[32m5.379150[0m
( 34.372s) Epoch 027/100: loss=[32m5.376646[0m
( 34.473s) Epoch 028/100: loss=[32m5.375097[0m
( 34.747s) Epoch 029/100: loss=[32m5.373563[0m
( 35.723s) Epoch 030/100: loss=[32m5.372078[0m  ( 16.310s)  train_acc=[32m0.032016[0m val_acc=[32m0.049931[0m test_acc=0.073903[0m
( 33.115s) Epoch 031/100: loss=[32m5.371559[0m
( 34.500s) Epoch 032/100: loss=[32m5.369378[0m
( 34.302s) Epoch 033/100: loss=[32m5.368683[0m
( 34.443s) Epoch 034/100: loss=[32m5.366883[0m
( 35.667s) Epoch 035/100: loss=[32m5.366081[0m  ( 18.557s)  train_acc=[32m0.035219[0m val_acc=0.049729[0m test_acc=[32m0.084717[0m
( 33.214s) Epoch 036/100: loss=[32m5.365889[0m
( 34.262s) Epoch 037/100: loss=[32m5.363984[0m
( 34.491s) Epoch 038/100: loss=[32m5.363291[0m
( 34.829s) Epoch 039/100: loss=[32m5.362769[0m
( 35.267s) Epoch 040/100: loss=[32m5.361843[0m  ( 16.895s)  train_acc=0.033553[0m val_acc=0.046254[0m test_acc=0.068736[0m
( 33.442s) Epoch 041/100: loss=[32m5.361418[0m
( 34.352s) Epoch 042/100: loss=[32m5.359942[0m
( 34.398s) Epoch 043/100: loss=[32m5.359550[0m
( 34.884s) Epoch 044/100: loss=[32m5.358823[0m
( 35.413s) Epoch 045/100: loss=[32m5.358046[0m  ( 17.205s)  train_acc=[32m0.035435[0m val_acc=0.045666[0m test_acc=0.077961[0m
( 33.068s) Epoch 046/100: loss=[32m5.356402[0m
( 34.389s) Epoch 047/100: loss=[32m5.355909[0m
( 34.744s) Epoch 048/100: loss=[32m5.355526[0m
( 34.817s) Epoch 049/100: loss=[32m5.354634[0m
( 35.505s) Epoch 050/100: loss=[32m5.353090[0m  ( 16.272s)  train_acc=[32m0.035577[0m val_acc=[32m0.053237[0m test_acc=0.076505[0m
( 33.414s) Epoch 051/100: loss=5.353594[0m
( 34.469s) Epoch 052/100: loss=[32m5.352765[0m
( 34.495s) Epoch 053/100: loss=5.352951[0m
( 34.756s) Epoch 054/100: loss=[32m5.350298[0m
( 36.886s) Epoch 055/100: loss=5.350436[0m  ( 15.755s)  train_acc=[32m0.038900[0m val_acc=0.042289[0m test_acc=0.079485[0m
( 33.212s) Epoch 056/100: loss=5.350617[0m
( 34.468s) Epoch 057/100: loss=[32m5.349478[0m
( 34.370s) Epoch 058/100: loss=[32m5.348780[0m
( 35.294s) Epoch 059/100: loss=[32m5.348697[0m
( 35.040s) Epoch 060/100: loss=[32m5.347584[0m  ( 17.931s)  train_acc=0.035018[0m val_acc=0.043908[0m test_acc=0.076597[0m
( 32.975s) Epoch 061/100: loss=[32m5.347539[0m
( 34.380s) Epoch 062/100: loss=[32m5.346824[0m
( 34.403s) Epoch 063/100: loss=[32m5.346797[0m
( 35.528s) Epoch 064/100: loss=[32m5.345628[0m
( 34.963s) Epoch 065/100: loss=[32m5.345432[0m  ( 18.222s)  train_acc=[32m0.039758[0m val_acc=[32m0.058704[0m test_acc=0.083769[0m
( 33.137s) Epoch 066/100: loss=5.345812[0m
( 34.419s) Epoch 067/100: loss=[32m5.344414[0m
( 35.017s) Epoch 068/100: loss=[32m5.343203[0m
( 35.818s) Epoch 069/100: loss=5.343770[0m
( 35.596s) Epoch 070/100: loss=[32m5.343147[0m  ( 16.280s)  train_acc=[32m0.041676[0m val_acc=0.047300[0m test_acc=0.083581[0m
( 33.368s) Epoch 071/100: loss=[32m5.342324[0m
( 34.370s) Epoch 072/100: loss=[32m5.341589[0m
( 34.726s) Epoch 073/100: loss=5.342246[0m
( 35.954s) Epoch 074/100: loss=5.341623[0m
( 34.758s) Epoch 075/100: loss=5.342436[0m  ( 17.828s)  train_acc=[32m0.041887[0m val_acc=0.051074[0m test_acc=[32m0.092541[0m
( 33.168s) Epoch 076/100: loss=[32m5.340805[0m
( 34.582s) Epoch 077/100: loss=5.341167[0m
( 35.262s) Epoch 078/100: loss=[32m5.339678[0m
( 35.420s) Epoch 079/100: loss=5.340420[0m
( 34.347s) Epoch 080/100: loss=5.340403[0m  ( 18.758s)  train_acc=0.038489[0m val_acc=0.046887[0m test_acc=0.080778[0m
( 33.255s) Epoch 081/100: loss=5.340164[0m
( 35.060s) Epoch 082/100: loss=[32m5.339595[0m
( 35.413s) Epoch 083/100: loss=[32m5.338277[0m
( 35.091s) Epoch 084/100: loss=5.338535[0m
( 34.486s) Epoch 085/100: loss=5.338687[0m  ( 17.155s)  train_acc=0.040698[0m val_acc=0.048975[0m test_acc=0.085797[0m
( 33.261s) Epoch 086/100: loss=5.338341[0m
( 35.186s) Epoch 087/100: loss=[32m5.337765[0m
( 34.770s) Epoch 088/100: loss=5.338476[0m
( 35.342s) Epoch 089/100: loss=5.338403[0m
( 34.365s) Epoch 090/100: loss=5.337768[0m  ( 15.937s)  train_acc=0.038054[0m val_acc=0.049819[0m test_acc=[32m0.094170[0m
( 33.703s) Epoch 091/100: loss=5.337814[0m
( 35.312s) Epoch 092/100: loss=[32m5.337472[0m
( 35.765s) Epoch 093/100: loss=5.338585[0m
( 35.135s) Epoch 094/100: loss=5.337549[0m
( 34.293s) Epoch 095/100: loss=5.338015[0m  ( 17.623s)  train_acc=0.038837[0m val_acc=0.050385[0m test_acc=0.091090[0m
( 33.961s) Epoch 096/100: loss=5.337956[0m
( 34.714s) Epoch 097/100: loss=5.337514[0m
( 32.670s) Epoch 098/100: loss=5.337517[0m
( 31.734s) Epoch 099/100: loss=[32m5.337379[0m
( 31.118s) Epoch 100/100: loss=5.337922[0m  (  8.074s)  train_acc=0.039735[0m val_acc=0.050158[0m test_acc=0.083988[0m
Training for 100 epochs took 3437.494s total and 34.375s average
Calculating mean of transformed dataset using the best model state ... 4.365s
Saving best model and options to cifar100fs_round3/CropResize_GaussBlur_runs/run4.pth
