Namespace(T_max=500, backbone='resnet18', base_learning_rate=0.1, base_optimizer='SGD', batch_size=256, dampening=0.0, data_percent=20, dataset='miniImagenet', dataset_root=None, distributed=True, episode_strat='SimpleShotEpisodes', eval_freq=2000, fine_tune_epochs=20, fine_tune_save_path='ft0.pth', first_augment='ColorDistort', head='SimpleMLP', jitter_strength=1.0, k_shot=5, load_from=None, local_rank=0, log_file=<_io.TextIOWrapper name='/home/aditya.bharti/FewShot/miniImgnet_resnet18 /ColorGauss.out' mode='a' encoding='UTF-8'>, loss_function='NTXent', model='SimCLRModel', momentum=0.9, n_way=5, nesterov=True, ntxent_temp=1.0, num_epochs=500, num_query=15, num_test_tasks=10000, num_workers=4, pin_memory=True, pretrained=False, progress=False, projection_dim=128, save_model=True, save_path='/home/aditya.bharti/FewShot/miniImgnet_resnet18 /ColorGauss.pth', scheduler='CosineAnnealingLR', second_augment='GaussBlur', shuffle=True, simple_opt=True, weight_decay=0.0001)
Starting Training on:
Train:  64 classes
Valid:  16 classes
Test:   20 classes
------------------
( 29.535s) Epoch 001/500: loss=[32m5.723070[0m
( 29.328s) Epoch 002/500: loss=[32m5.386137[0m
( 29.516s) Epoch 003/500: loss=[32m5.335805[0m
( 29.386s) Epoch 004/500: loss=[32m5.310696[0m
( 29.612s) Epoch 005/500: loss=[32m5.304201[0m
( 29.309s) Epoch 006/500: loss=[32m5.294256[0m
( 29.575s) Epoch 007/500: loss=[32m5.291964[0m
( 29.414s) Epoch 008/500: loss=[32m5.289843[0m
( 29.364s) Epoch 009/500: loss=[32m5.286639[0m
( 29.547s) Epoch 010/500: loss=[32m5.283002[0m
( 29.445s) Epoch 011/500: loss=[32m5.282038[0m
( 29.441s) Epoch 012/500: loss=[32m5.279724[0m
( 29.457s) Epoch 013/500: loss=[32m5.278853[0m
( 29.450s) Epoch 014/500: loss=[32m5.277787[0m
( 29.530s) Epoch 015/500: loss=[32m5.277353[0m
( 29.562s) Epoch 016/500: loss=[32m5.275472[0m
( 29.384s) Epoch 017/500: loss=[32m5.274883[0m
( 29.410s) Epoch 018/500: loss=[32m5.274787[0m
( 29.646s) Epoch 019/500: loss=[32m5.272520[0m
( 29.452s) Epoch 020/500: loss=5.273121[0m
( 29.453s) Epoch 021/500: loss=5.273178[0m
( 29.549s) Epoch 022/500: loss=[32m5.270673[0m
( 29.363s) Epoch 023/500: loss=5.271907[0m
( 29.289s) Epoch 024/500: loss=[32m5.269394[0m
( 29.271s) Epoch 025/500: loss=5.269917[0m
( 29.405s) Epoch 026/500: loss=[32m5.267553[0m
( 29.462s) Epoch 027/500: loss=5.268061[0m
( 29.493s) Epoch 028/500: loss=5.267910[0m
( 29.527s) Epoch 029/500: loss=[32m5.267268[0m
( 29.472s) Epoch 030/500: loss=[32m5.266479[0m
( 29.523s) Epoch 031/500: loss=[32m5.266106[0m
( 29.327s) Epoch 032/500: loss=[32m5.265423[0m
( 29.489s) Epoch 033/500: loss=5.266071[0m
( 29.536s) Epoch 034/500: loss=[32m5.264994[0m
( 29.330s) Epoch 035/500: loss=[32m5.264659[0m
( 29.356s) Epoch 036/500: loss=[32m5.263612[0m
( 29.536s) Epoch 037/500: loss=5.263766[0m
( 29.498s) Epoch 038/500: loss=[32m5.262923[0m
( 29.307s) Epoch 039/500: loss=[32m5.262080[0m
( 29.503s) Epoch 040/500: loss=5.262598[0m
( 29.445s) Epoch 041/500: loss=[32m5.261669[0m
( 29.522s) Epoch 042/500: loss=5.261832[0m
( 29.458s) Epoch 043/500: loss=[32m5.261480[0m
( 29.357s) Epoch 044/500: loss=[32m5.261438[0m
( 29.467s) Epoch 045/500: loss=[32m5.261293[0m
( 29.324s) Epoch 046/500: loss=[32m5.260511[0m
( 29.458s) Epoch 047/500: loss=[32m5.259842[0m
( 29.401s) Epoch 048/500: loss=5.260586[0m
( 29.454s) Epoch 049/500: loss=5.260558[0m
( 29.505s) Epoch 050/500: loss=[32m5.259497[0m
( 29.522s) Epoch 051/500: loss=5.260097[0m
( 29.610s) Epoch 052/500: loss=5.259511[0m
( 29.640s) Epoch 053/500: loss=[32m5.258837[0m
( 29.432s) Epoch 054/500: loss=5.259438[0m
( 29.399s) Epoch 055/500: loss=5.258869[0m
( 29.395s) Epoch 056/500: loss=[32m5.258184[0m
( 29.499s) Epoch 057/500: loss=5.258716[0m
( 29.331s) Epoch 058/500: loss=5.259463[0m
( 29.390s) Epoch 059/500: loss=5.258870[0m
( 29.528s) Epoch 060/500: loss=[32m5.257077[0m
( 29.353s) Epoch 061/500: loss=5.257910[0m
( 29.463s) Epoch 062/500: loss=[32m5.257022[0m
( 29.455s) Epoch 063/500: loss=[32m5.256749[0m
( 29.407s) Epoch 064/500: loss=5.257578[0m
( 29.471s) Epoch 065/500: loss=[32m5.256256[0m
( 29.469s) Epoch 066/500: loss=5.258194[0m
( 29.581s) Epoch 067/500: loss=[32m5.255956[0m
( 29.554s) Epoch 068/500: loss=5.256267[0m
( 29.377s) Epoch 069/500: loss=5.256081[0m
( 29.388s) Epoch 070/500: loss=5.256250[0m
( 29.335s) Epoch 071/500: loss=5.256766[0m
( 29.329s) Epoch 072/500: loss=5.256017[0m
( 29.346s) Epoch 073/500: loss=[32m5.254666[0m
( 29.410s) Epoch 074/500: loss=5.255793[0m
( 29.489s) Epoch 075/500: loss=5.255366[0m
( 29.338s) Epoch 076/500: loss=[32m5.254571[0m
( 29.360s) Epoch 077/500: loss=5.254796[0m
( 29.493s) Epoch 078/500: loss=[32m5.254217[0m
( 29.544s) Epoch 079/500: loss=5.254279[0m
( 29.443s) Epoch 080/500: loss=5.255068[0m
( 29.349s) Epoch 081/500: loss=[32m5.253751[0m
( 29.539s) Epoch 082/500: loss=5.254555[0m
( 29.461s) Epoch 083/500: loss=[32m5.253618[0m
( 29.366s) Epoch 084/500: loss=5.253835[0m
( 29.373s) Epoch 085/500: loss=[32m5.253501[0m
( 29.376s) Epoch 086/500: loss=5.253936[0m
( 29.493s) Epoch 087/500: loss=5.254392[0m
( 29.639s) Epoch 088/500: loss=5.253976[0m
( 29.489s) Epoch 089/500: loss=[32m5.253386[0m
( 29.518s) Epoch 090/500: loss=[32m5.252509[0m
( 29.629s) Epoch 091/500: loss=5.253986[0m
( 29.550s) Epoch 092/500: loss=5.252671[0m
( 29.486s) Epoch 093/500: loss=5.253178[0m
( 29.490s) Epoch 094/500: loss=5.252901[0m
( 29.409s) Epoch 095/500: loss=[32m5.252364[0m
( 29.481s) Epoch 096/500: loss=[32m5.252272[0m
( 29.452s) Epoch 097/500: loss=5.252384[0m
( 29.493s) Epoch 098/500: loss=[32m5.251463[0m
( 29.484s) Epoch 099/500: loss=5.252021[0m
( 29.362s) Epoch 100/500: loss=[32m5.251267[0m
( 29.349s) Epoch 101/500: loss=5.252093[0m
( 29.373s) Epoch 102/500: loss=5.252692[0m
( 29.570s) Epoch 103/500: loss=5.251312[0m
( 29.562s) Epoch 104/500: loss=5.252394[0m
( 29.543s) Epoch 105/500: loss=[32m5.250930[0m
( 29.539s) Epoch 106/500: loss=5.251879[0m
( 29.581s) Epoch 107/500: loss=[32m5.250928[0m
( 29.343s) Epoch 108/500: loss=[32m5.250715[0m
( 29.435s) Epoch 109/500: loss=5.251081[0m
( 29.558s) Epoch 110/500: loss=[32m5.250581[0m
( 29.499s) Epoch 111/500: loss=5.250788[0m
( 29.387s) Epoch 112/500: loss=5.250845[0m
( 29.528s) Epoch 113/500: loss=[32m5.250472[0m
( 29.475s) Epoch 114/500: loss=[32m5.249945[0m
( 29.401s) Epoch 115/500: loss=5.250698[0m
( 29.362s) Epoch 116/500: loss=5.250991[0m
( 29.259s) Epoch 117/500: loss=5.250025[0m
( 29.405s) Epoch 118/500: loss=[32m5.249866[0m
( 29.475s) Epoch 119/500: loss=[32m5.249711[0m
( 29.404s) Epoch 120/500: loss=5.250204[0m
( 29.521s) Epoch 121/500: loss=5.250137[0m
( 29.502s) Epoch 122/500: loss=[32m5.249695[0m
( 29.453s) Epoch 123/500: loss=[32m5.249472[0m
( 29.441s) Epoch 124/500: loss=5.250023[0m
( 29.477s) Epoch 125/500: loss=[32m5.248296[0m
( 29.462s) Epoch 126/500: loss=5.249346[0m
( 29.583s) Epoch 127/500: loss=5.248658[0m
( 29.481s) Epoch 128/500: loss=5.249533[0m
( 29.553s) Epoch 129/500: loss=5.248839[0m
( 29.458s) Epoch 130/500: loss=5.248963[0m
( 29.479s) Epoch 131/500: loss=5.249548[0m
( 29.427s) Epoch 132/500: loss=5.248381[0m
( 29.470s) Epoch 133/500: loss=5.248571[0m
( 29.384s) Epoch 134/500: loss=[32m5.247635[0m
( 29.356s) Epoch 135/500: loss=5.248781[0m
( 29.456s) Epoch 136/500: loss=5.247957[0m
( 29.601s) Epoch 137/500: loss=5.248359[0m
( 29.394s) Epoch 138/500: loss=5.248080[0m
( 29.256s) Epoch 139/500: loss=5.247816[0m
( 29.487s) Epoch 140/500: loss=[32m5.247007[0m
( 29.506s) Epoch 141/500: loss=5.247798[0m
( 29.405s) Epoch 142/500: loss=5.247350[0m
( 29.532s) Epoch 143/500: loss=5.247615[0m
( 29.311s) Epoch 144/500: loss=[32m5.246977[0m
( 29.538s) Epoch 145/500: loss=5.247414[0m
( 29.293s) Epoch 146/500: loss=5.247638[0m
( 29.451s) Epoch 147/500: loss=[32m5.246683[0m
( 29.390s) Epoch 148/500: loss=5.247975[0m
( 29.479s) Epoch 149/500: loss=5.246719[0m
( 29.360s) Epoch 150/500: loss=[32m5.246449[0m
( 29.346s) Epoch 151/500: loss=5.246784[0m
( 29.372s) Epoch 152/500: loss=5.246846[0m
( 29.542s) Epoch 153/500: loss=5.247409[0m
( 29.390s) Epoch 154/500: loss=[32m5.245719[0m
( 29.381s) Epoch 155/500: loss=5.246656[0m
( 29.669s) Epoch 156/500: loss=5.246154[0m
( 29.418s) Epoch 157/500: loss=5.247247[0m
( 29.532s) Epoch 158/500: loss=5.246002[0m
( 29.442s) Epoch 159/500: loss=5.246402[0m
( 29.393s) Epoch 160/500: loss=5.246600[0m
( 29.476s) Epoch 161/500: loss=5.246485[0m
( 29.447s) Epoch 162/500: loss=5.246068[0m
( 29.344s) Epoch 163/500: loss=[32m5.245544[0m
( 29.441s) Epoch 164/500: loss=5.245618[0m
( 29.411s) Epoch 165/500: loss=5.246860[0m
( 29.471s) Epoch 166/500: loss=[32m5.245507[0m
( 29.328s) Epoch 167/500: loss=[32m5.245361[0m
( 29.473s) Epoch 168/500: loss=[32m5.244994[0m
( 29.461s) Epoch 169/500: loss=5.245375[0m
( 29.311s) Epoch 170/500: loss=[32m5.244979[0m
( 29.324s) Epoch 171/500: loss=[32m5.244506[0m
( 29.421s) Epoch 172/500: loss=5.245529[0m
( 29.440s) Epoch 173/500: loss=5.244528[0m
( 29.424s) Epoch 174/500: loss=5.245149[0m
( 29.547s) Epoch 175/500: loss=5.244686[0m
( 29.530s) Epoch 176/500: loss=5.245188[0m
( 29.379s) Epoch 177/500: loss=[32m5.244447[0m
( 29.576s) Epoch 178/500: loss=5.244661[0m
( 29.445s) Epoch 179/500: loss=[32m5.243889[0m
( 29.468s) Epoch 180/500: loss=5.244770[0m
( 29.498s) Epoch 181/500: loss=5.244529[0m
( 29.476s) Epoch 182/500: loss=[32m5.243687[0m
( 29.467s) Epoch 183/500: loss=5.244542[0m
( 29.639s) Epoch 184/500: loss=5.244110[0m
( 29.571s) Epoch 185/500: loss=5.244725[0m
( 29.522s) Epoch 186/500: loss=5.243917[0m
( 29.560s) Epoch 187/500: loss=5.244622[0m
( 29.492s) Epoch 188/500: loss=[32m5.243665[0m
( 29.445s) Epoch 189/500: loss=[32m5.243550[0m
( 29.454s) Epoch 190/500: loss=[32m5.243379[0m
( 29.592s) Epoch 191/500: loss=[32m5.243251[0m
( 29.581s) Epoch 192/500: loss=5.243773[0m
( 29.466s) Epoch 193/500: loss=5.243512[0m
( 29.528s) Epoch 194/500: loss=[32m5.242995[0m
( 29.398s) Epoch 195/500: loss=5.243351[0m
( 29.346s) Epoch 196/500: loss=[32m5.242202[0m
( 29.415s) Epoch 197/500: loss=5.242989[0m
( 29.369s) Epoch 198/500: loss=5.242971[0m
( 29.547s) Epoch 199/500: loss=5.242997[0m
( 29.444s) Epoch 200/500: loss=5.242469[0m
( 29.588s) Epoch 201/500: loss=5.242492[0m
( 29.588s) Epoch 202/500: loss=5.242776[0m
( 29.444s) Epoch 203/500: loss=[32m5.242045[0m
( 29.388s) Epoch 204/500: loss=5.242136[0m
( 29.494s) Epoch 205/500: loss=5.243113[0m
( 29.680s) Epoch 206/500: loss=5.243040[0m
( 29.686s) Epoch 207/500: loss=[32m5.241931[0m
( 29.415s) Epoch 208/500: loss=[32m5.241886[0m
( 29.540s) Epoch 209/500: loss=5.242420[0m
( 29.352s) Epoch 210/500: loss=5.241936[0m
( 29.284s) Epoch 211/500: loss=5.242715[0m
( 29.468s) Epoch 212/500: loss=5.242221[0m
( 29.402s) Epoch 213/500: loss=5.242008[0m
( 29.488s) Epoch 214/500: loss=5.242026[0m
( 29.343s) Epoch 215/500: loss=[32m5.241700[0m
( 29.310s) Epoch 216/500: loss=[32m5.241632[0m
( 29.377s) Epoch 217/500: loss=[32m5.241090[0m
( 29.525s) Epoch 218/500: loss=5.242251[0m
( 29.292s) Epoch 219/500: loss=5.241478[0m
( 29.349s) Epoch 220/500: loss=5.241835[0m
( 29.478s) Epoch 221/500: loss=5.241830[0m
( 29.594s) Epoch 222/500: loss=5.241238[0m
( 29.669s) Epoch 223/500: loss=5.241462[0m
( 29.563s) Epoch 224/500: loss=5.241273[0m
( 29.482s) Epoch 225/500: loss=5.241661[0m
( 29.497s) Epoch 226/500: loss=[32m5.240756[0m
( 29.421s) Epoch 227/500: loss=[32m5.240683[0m
( 29.506s) Epoch 228/500: loss=5.241136[0m
( 29.444s) Epoch 229/500: loss=[32m5.239970[0m
( 29.556s) Epoch 230/500: loss=5.240858[0m
( 29.566s) Epoch 231/500: loss=5.240560[0m
( 29.373s) Epoch 232/500: loss=5.240942[0m
( 29.388s) Epoch 233/500: loss=5.240689[0m
( 29.470s) Epoch 234/500: loss=5.240444[0m
( 29.421s) Epoch 235/500: loss=5.240646[0m
( 29.371s) Epoch 236/500: loss=5.240689[0m
( 29.252s) Epoch 237/500: loss=5.241124[0m
( 29.618s) Epoch 238/500: loss=5.240531[0m
( 29.409s) Epoch 239/500: loss=5.240466[0m
( 29.567s) Epoch 240/500: loss=5.240267[0m
( 29.572s) Epoch 241/500: loss=5.239974[0m
( 29.333s) Epoch 242/500: loss=5.240095[0m
( 29.266s) Epoch 243/500: loss=5.241004[0m
( 29.244s) Epoch 244/500: loss=5.240132[0m
( 29.361s) Epoch 245/500: loss=5.240266[0m
( 29.325s) Epoch 246/500: loss=5.240382[0m
( 29.459s) Epoch 247/500: loss=[32m5.239778[0m
( 29.501s) Epoch 248/500: loss=5.239986[0m
( 29.425s) Epoch 249/500: loss=5.240076[0m
( 29.520s) Epoch 250/500: loss=5.239915[0m
( 29.440s) Epoch 251/500: loss=[32m5.239773[0m
( 29.431s) Epoch 252/500: loss=[32m5.239715[0m
( 29.464s) Epoch 253/500: loss=5.240766[0m
( 29.447s) Epoch 254/500: loss=[32m5.239564[0m
( 29.366s) Epoch 255/500: loss=[32m5.238920[0m
( 29.365s) Epoch 256/500: loss=[32m5.238917[0m
( 29.488s) Epoch 257/500: loss=5.239876[0m
( 29.420s) Epoch 258/500: loss=5.239330[0m
( 29.260s) Epoch 259/500: loss=[32m5.238859[0m
( 29.427s) Epoch 260/500: loss=5.239056[0m
( 29.435s) Epoch 261/500: loss=[32m5.238782[0m
( 29.328s) Epoch 262/500: loss=5.238995[0m
( 29.324s) Epoch 263/500: loss=[32m5.238758[0m
( 29.385s) Epoch 264/500: loss=5.238994[0m
( 29.447s) Epoch 265/500: loss=5.239007[0m
( 29.379s) Epoch 266/500: loss=5.238911[0m
( 29.409s) Epoch 267/500: loss=5.239065[0m
( 29.476s) Epoch 268/500: loss=5.238798[0m
( 29.487s) Epoch 269/500: loss=5.239040[0m
( 29.491s) Epoch 270/500: loss=[32m5.238146[0m
( 29.471s) Epoch 271/500: loss=5.238561[0m
( 29.400s) Epoch 272/500: loss=5.238818[0m
( 29.370s) Epoch 273/500: loss=5.238538[0m
( 29.511s) Epoch 274/500: loss=[32m5.237702[0m
( 29.376s) Epoch 275/500: loss=5.238257[0m
( 29.354s) Epoch 276/500: loss=5.238323[0m
( 29.453s) Epoch 277/500: loss=5.239272[0m
( 29.474s) Epoch 278/500: loss=5.237924[0m
( 29.565s) Epoch 279/500: loss=5.238020[0m
( 29.387s) Epoch 280/500: loss=5.238102[0m
( 29.423s) Epoch 281/500: loss=5.238081[0m
( 29.402s) Epoch 282/500: loss=5.237741[0m
( 29.381s) Epoch 283/500: loss=5.237949[0m
( 29.423s) Epoch 284/500: loss=5.238264[0m
( 29.555s) Epoch 285/500: loss=[32m5.237549[0m
( 29.429s) Epoch 286/500: loss=[32m5.237335[0m
( 29.555s) Epoch 287/500: loss=5.238062[0m
( 29.446s) Epoch 288/500: loss=5.238033[0m
( 29.420s) Epoch 289/500: loss=[32m5.236866[0m
( 29.394s) Epoch 290/500: loss=5.237835[0m
( 29.570s) Epoch 291/500: loss=5.237626[0m
( 29.642s) Epoch 292/500: loss=5.237303[0m
( 29.472s) Epoch 293/500: loss=5.237941[0m
( 29.413s) Epoch 294/500: loss=5.237339[0m
( 29.385s) Epoch 295/500: loss=5.237102[0m
( 29.451s) Epoch 296/500: loss=[32m5.236827[0m
( 29.365s) Epoch 297/500: loss=5.237701[0m
( 29.436s) Epoch 298/500: loss=5.237298[0m
( 29.446s) Epoch 299/500: loss=5.237675[0m
( 29.578s) Epoch 300/500: loss=5.237220[0m
( 29.477s) Epoch 301/500: loss=[32m5.236638[0m
( 29.428s) Epoch 302/500: loss=5.237049[0m
( 29.437s) Epoch 303/500: loss=5.237281[0m
( 29.427s) Epoch 304/500: loss=[32m5.236417[0m
( 29.430s) Epoch 305/500: loss=5.236567[0m
( 29.377s) Epoch 306/500: loss=5.236619[0m
( 29.447s) Epoch 307/500: loss=5.237383[0m
( 29.475s) Epoch 308/500: loss=5.236738[0m
( 29.618s) Epoch 309/500: loss=5.236821[0m
( 29.459s) Epoch 310/500: loss=5.236580[0m
( 29.473s) Epoch 311/500: loss=5.237218[0m
( 29.442s) Epoch 312/500: loss=5.236832[0m
( 29.503s) Epoch 313/500: loss=[32m5.236371[0m
( 29.410s) Epoch 314/500: loss=5.236957[0m
( 29.429s) Epoch 315/500: loss=5.236940[0m
( 29.441s) Epoch 316/500: loss=[32m5.236142[0m
( 29.470s) Epoch 317/500: loss=5.236495[0m
( 29.467s) Epoch 318/500: loss=5.236296[0m
( 29.472s) Epoch 319/500: loss=5.236344[0m
( 29.414s) Epoch 320/500: loss=5.236217[0m
( 29.387s) Epoch 321/500: loss=5.236915[0m
( 29.402s) Epoch 322/500: loss=5.236534[0m
( 29.493s) Epoch 323/500: loss=[32m5.235753[0m
( 29.423s) Epoch 324/500: loss=5.236079[0m
( 29.429s) Epoch 325/500: loss=[32m5.235412[0m
( 29.419s) Epoch 326/500: loss=5.236970[0m
( 29.332s) Epoch 327/500: loss=5.235783[0m
( 29.378s) Epoch 328/500: loss=5.236217[0m
( 29.412s) Epoch 329/500: loss=5.235505[0m
( 29.451s) Epoch 330/500: loss=5.235887[0m
( 29.519s) Epoch 331/500: loss=5.236395[0m
( 29.578s) Epoch 332/500: loss=5.236172[0m
( 29.391s) Epoch 333/500: loss=5.236306[0m
( 29.542s) Epoch 334/500: loss=5.236042[0m
( 29.468s) Epoch 335/500: loss=5.236218[0m
( 29.460s) Epoch 336/500: loss=5.235742[0m
( 29.492s) Epoch 337/500: loss=5.235659[0m
( 29.429s) Epoch 338/500: loss=5.235466[0m
( 29.490s) Epoch 339/500: loss=5.236036[0m
( 29.383s) Epoch 340/500: loss=5.236569[0m
( 29.523s) Epoch 341/500: loss=5.235474[0m
( 29.519s) Epoch 342/500: loss=5.235678[0m
( 29.479s) Epoch 343/500: loss=5.235644[0m
( 29.480s) Epoch 344/500: loss=[32m5.235326[0m
( 29.526s) Epoch 345/500: loss=5.235712[0m
( 29.471s) Epoch 346/500: loss=5.235781[0m
( 29.557s) Epoch 347/500: loss=[32m5.234907[0m
( 29.517s) Epoch 348/500: loss=5.235457[0m
( 29.571s) Epoch 349/500: loss=5.235836[0m
( 29.428s) Epoch 350/500: loss=5.235575[0m
( 29.463s) Epoch 351/500: loss=5.235550[0m
( 29.472s) Epoch 352/500: loss=5.235388[0m
( 29.412s) Epoch 353/500: loss=5.235613[0m
( 29.471s) Epoch 354/500: loss=5.235833[0m
( 29.487s) Epoch 355/500: loss=5.235684[0m
( 29.466s) Epoch 356/500: loss=5.235300[0m
( 29.529s) Epoch 357/500: loss=5.234994[0m
( 29.555s) Epoch 358/500: loss=5.235871[0m
( 29.533s) Epoch 359/500: loss=5.235325[0m
( 29.334s) Epoch 360/500: loss=5.235015[0m
( 29.533s) Epoch 361/500: loss=5.235527[0m
( 29.619s) Epoch 362/500: loss=5.235283[0m
( 29.402s) Epoch 363/500: loss=5.235134[0m
( 29.524s) Epoch 364/500: loss=[32m5.234786[0m
( 29.412s) Epoch 365/500: loss=[32m5.234480[0m
( 29.476s) Epoch 366/500: loss=5.235032[0m
( 29.477s) Epoch 367/500: loss=5.234805[0m
( 29.486s) Epoch 368/500: loss=5.234896[0m
( 29.460s) Epoch 369/500: loss=5.235372[0m
( 29.691s) Epoch 370/500: loss=5.235373[0m
( 29.471s) Epoch 371/500: loss=5.234685[0m
( 29.426s) Epoch 372/500: loss=5.235229[0m
( 29.471s) Epoch 373/500: loss=5.234700[0m
( 29.519s) Epoch 374/500: loss=5.234667[0m
( 29.400s) Epoch 375/500: loss=5.234528[0m
( 29.416s) Epoch 376/500: loss=5.235148[0m
( 29.539s) Epoch 377/500: loss=5.235164[0m
( 29.460s) Epoch 378/500: loss=5.235107[0m
( 29.447s) Epoch 379/500: loss=[32m5.234444[0m
( 29.323s) Epoch 380/500: loss=5.234733[0m
( 29.397s) Epoch 381/500: loss=[32m5.234279[0m
( 29.358s) Epoch 382/500: loss=5.235092[0m
( 29.526s) Epoch 383/500: loss=5.234946[0m
( 29.542s) Epoch 384/500: loss=5.234863[0m
( 29.529s) Epoch 385/500: loss=5.234716[0m
( 29.459s) Epoch 386/500: loss=5.234842[0m
( 29.354s) Epoch 387/500: loss=5.234750[0m
( 29.398s) Epoch 388/500: loss=5.234823[0m
( 29.385s) Epoch 389/500: loss=5.234624[0m
( 29.456s) Epoch 390/500: loss=5.234752[0m
( 29.372s) Epoch 391/500: loss=5.234490[0m
( 29.436s) Epoch 392/500: loss=5.234708[0m
( 29.493s) Epoch 393/500: loss=5.234412[0m
( 29.493s) Epoch 394/500: loss=5.234686[0m
( 29.392s) Epoch 395/500: loss=5.234311[0m
( 29.344s) Epoch 396/500: loss=5.234816[0m
( 29.323s) Epoch 397/500: loss=[32m5.234218[0m
( 29.458s) Epoch 398/500: loss=5.234492[0m
( 29.438s) Epoch 399/500: loss=5.234224[0m
( 29.473s) Epoch 400/500: loss=[32m5.233945[0m
( 29.462s) Epoch 401/500: loss=5.234252[0m
( 29.330s) Epoch 402/500: loss=5.234405[0m
( 29.416s) Epoch 403/500: loss=5.234648[0m
( 29.423s) Epoch 404/500: loss=5.234199[0m
( 29.395s) Epoch 405/500: loss=5.234831[0m
( 29.369s) Epoch 406/500: loss=5.234434[0m
( 29.429s) Epoch 407/500: loss=5.234588[0m
( 29.463s) Epoch 408/500: loss=5.234494[0m
( 29.467s) Epoch 409/500: loss=5.234600[0m
( 29.328s) Epoch 410/500: loss=5.234515[0m
( 29.306s) Epoch 411/500: loss=5.234387[0m
( 29.404s) Epoch 412/500: loss=5.234384[0m
( 29.316s) Epoch 413/500: loss=5.234440[0m
( 29.369s) Epoch 414/500: loss=5.234949[0m
( 29.294s) Epoch 415/500: loss=[32m5.233862[0m
( 29.483s) Epoch 416/500: loss=[32m5.233746[0m
( 29.514s) Epoch 417/500: loss=5.234619[0m
( 29.534s) Epoch 418/500: loss=5.234229[0m
( 29.390s) Epoch 419/500: loss=5.234005[0m
( 29.508s) Epoch 420/500: loss=5.234080[0m
( 29.444s) Epoch 421/500: loss=5.234325[0m
( 29.453s) Epoch 422/500: loss=5.234728[0m
( 29.415s) Epoch 423/500: loss=5.234101[0m
( 29.354s) Epoch 424/500: loss=5.234419[0m
( 29.390s) Epoch 425/500: loss=[32m5.233550[0m
( 29.365s) Epoch 426/500: loss=5.233931[0m
( 29.425s) Epoch 427/500: loss=5.233773[0m
( 29.461s) Epoch 428/500: loss=5.234304[0m
( 29.437s) Epoch 429/500: loss=[32m5.233542[0m
( 29.361s) Epoch 430/500: loss=5.234493[0m
( 29.244s) Epoch 431/500: loss=5.233896[0m
( 29.511s) Epoch 432/500: loss=5.233758[0m
( 29.328s) Epoch 433/500: loss=5.234323[0m
( 29.420s) Epoch 434/500: loss=5.234152[0m
( 29.368s) Epoch 435/500: loss=5.233813[0m
( 29.329s) Epoch 436/500: loss=5.234038[0m
( 29.405s) Epoch 437/500: loss=5.233963[0m
( 29.375s) Epoch 438/500: loss=5.233934[0m
( 29.428s) Epoch 439/500: loss=5.233742[0m
( 29.653s) Epoch 440/500: loss=5.233889[0m
( 29.434s) Epoch 441/500: loss=[32m5.233535[0m
( 29.454s) Epoch 442/500: loss=5.234077[0m
( 29.459s) Epoch 443/500: loss=5.233918[0m
( 29.366s) Epoch 444/500: loss=5.233747[0m
( 29.382s) Epoch 445/500: loss=5.233635[0m
( 29.336s) Epoch 446/500: loss=5.233768[0m
( 29.450s) Epoch 447/500: loss=5.233740[0m
( 29.435s) Epoch 448/500: loss=[32m5.233494[0m
( 29.332s) Epoch 449/500: loss=5.233722[0m
( 29.373s) Epoch 450/500: loss=5.233913[0m
( 29.433s) Epoch 451/500: loss=5.233640[0m
( 29.555s) Epoch 452/500: loss=5.233813[0m
( 29.426s) Epoch 453/500: loss=[32m5.233412[0m
( 29.451s) Epoch 454/500: loss=[32m5.233211[0m
( 29.513s) Epoch 455/500: loss=5.234177[0m
( 29.379s) Epoch 456/500: loss=5.233418[0m
( 29.473s) Epoch 457/500: loss=5.233540[0m
( 29.431s) Epoch 458/500: loss=5.234068[0m
( 29.354s) Epoch 459/500: loss=5.233895[0m
( 29.389s) Epoch 460/500: loss=5.233559[0m
( 29.537s) Epoch 461/500: loss=5.233454[0m
( 29.372s) Epoch 462/500: loss=5.233370[0m
( 29.513s) Epoch 463/500: loss=5.233746[0m
( 29.419s) Epoch 464/500: loss=5.233253[0m
( 29.446s) Epoch 465/500: loss=5.233420[0m
( 29.534s) Epoch 466/500: loss=5.233697[0m
( 29.596s) Epoch 467/500: loss=5.233532[0m
( 29.569s) Epoch 468/500: loss=5.233226[0m
( 29.394s) Epoch 469/500: loss=[32m5.232924[0m
( 29.514s) Epoch 470/500: loss=5.233964[0m
( 29.553s) Epoch 471/500: loss=5.233466[0m
( 29.473s) Epoch 472/500: loss=5.233961[0m
( 29.495s) Epoch 473/500: loss=5.233346[0m
( 29.573s) Epoch 474/500: loss=5.233707[0m
( 29.457s) Epoch 475/500: loss=5.233271[0m
( 29.546s) Epoch 476/500: loss=5.233387[0m
( 29.435s) Epoch 477/500: loss=5.233624[0m
( 29.588s) Epoch 478/500: loss=5.233179[0m
( 29.566s) Epoch 479/500: loss=5.233425[0m
( 29.476s) Epoch 480/500: loss=5.233676[0m
( 29.476s) Epoch 481/500: loss=5.233060[0m
( 29.457s) Epoch 482/500: loss=5.233568[0m
( 29.546s) Epoch 483/500: loss=5.233285[0m
( 29.517s) Epoch 484/500: loss=5.233320[0m
( 29.432s) Epoch 485/500: loss=5.233547[0m
( 29.423s) Epoch 486/500: loss=5.233018[0m
( 29.437s) Epoch 487/500: loss=5.233270[0m
( 29.416s) Epoch 488/500: loss=5.233734[0m
( 29.551s) Epoch 489/500: loss=5.233175[0m
( 29.479s) Epoch 490/500: loss=[32m5.232827[0m
( 29.561s) Epoch 491/500: loss=[32m5.232814[0m
( 29.594s) Epoch 492/500: loss=5.233982[0m
( 29.579s) Epoch 493/500: loss=5.233129[0m
( 29.487s) Epoch 494/500: loss=5.233145[0m
( 29.452s) Epoch 495/500: loss=5.233048[0m
( 29.506s) Epoch 496/500: loss=5.233409[0m
( 29.434s) Epoch 497/500: loss=5.232959[0m
( 29.527s) Epoch 498/500: loss=5.233301[0m
( 29.341s) Epoch 499/500: loss=5.232896[0m
( 29.374s) Epoch 500/500: loss=5.233005[0m
Training for 500 epochs took 14725.658s total and 29.451s average
Calculating mean of transformed dataset using the best model state ... 7.384s
Saving best model and options to /home/aditya.bharti/FewShot/miniImgnet_resnet18 /ColorGauss.pth
