Namespace(T_max=500, backbone='resnet18', base_learning_rate=0.1, base_optimizer='SGD', batch_size=256, dampening=0.0, data_percent=20, dataset='miniImagenet', dataset_root=None, distributed=True, episode_strat='SimpleShotEpisodes', eval_freq=2000, fine_tune_epochs=20, fine_tune_save_path='ft0.pth', first_augment='CropResize', head='SimpleMLP', jitter_strength=1.0, k_shot=5, load_from=None, local_rank=0, log_file=<_io.TextIOWrapper name='/home/aditya.bharti/FewShot/miniImgnet_resnet18 /CropGauss.out' mode='a' encoding='UTF-8'>, loss_function='NTXent', model='SimCLRModel', momentum=0.9, n_way=5, nesterov=True, ntxent_temp=1.0, num_epochs=500, num_query=15, num_test_tasks=10000, num_workers=4, pin_memory=True, pretrained=False, progress=False, projection_dim=128, save_model=True, save_path='/home/aditya.bharti/FewShot/miniImgnet_resnet18 /CropGauss.pth', scheduler='CosineAnnealingLR', second_augment='GaussBlur', shuffle=True, simple_opt=True, weight_decay=0.0001)
Starting Training on:
Train:  64 classes
Valid:  16 classes
Test:   20 classes
------------------
( 39.340s) Epoch 001/500: loss=[32m5.577211[0m
( 25.037s) Epoch 002/500: loss=[32m5.431431[0m
( 22.608s) Epoch 003/500: loss=[32m5.401018[0m
( 22.570s) Epoch 004/500: loss=[32m5.393202[0m
( 22.654s) Epoch 005/500: loss=[32m5.377423[0m
( 22.663s) Epoch 006/500: loss=[32m5.372432[0m
( 22.708s) Epoch 007/500: loss=[32m5.366095[0m
( 22.714s) Epoch 008/500: loss=[32m5.360347[0m
( 22.687s) Epoch 009/500: loss=[32m5.357412[0m
( 22.631s) Epoch 010/500: loss=[32m5.352278[0m
( 22.576s) Epoch 011/500: loss=[32m5.349848[0m
( 22.729s) Epoch 012/500: loss=[32m5.347026[0m
( 22.640s) Epoch 013/500: loss=5.347083[0m
( 22.701s) Epoch 014/500: loss=[32m5.344042[0m
( 22.688s) Epoch 015/500: loss=[32m5.341291[0m
( 22.700s) Epoch 016/500: loss=[32m5.340982[0m
( 22.822s) Epoch 017/500: loss=[32m5.339454[0m
( 22.712s) Epoch 018/500: loss=[32m5.338428[0m
( 22.684s) Epoch 019/500: loss=[32m5.337855[0m
( 22.819s) Epoch 020/500: loss=[32m5.337076[0m
( 22.778s) Epoch 021/500: loss=5.337715[0m
( 22.658s) Epoch 022/500: loss=[32m5.334130[0m
( 22.663s) Epoch 023/500: loss=[32m5.332553[0m
( 22.831s) Epoch 024/500: loss=5.333184[0m
( 22.635s) Epoch 025/500: loss=[32m5.331070[0m
( 22.623s) Epoch 026/500: loss=5.331215[0m
( 22.741s) Epoch 027/500: loss=[32m5.330806[0m
( 22.644s) Epoch 028/500: loss=[32m5.328572[0m
( 22.682s) Epoch 029/500: loss=5.328698[0m
( 22.693s) Epoch 030/500: loss=[32m5.327920[0m
( 22.792s) Epoch 031/500: loss=[32m5.327500[0m
( 22.639s) Epoch 032/500: loss=5.327932[0m
( 22.622s) Epoch 033/500: loss=[32m5.325599[0m
( 22.682s) Epoch 034/500: loss=[32m5.325004[0m
( 22.622s) Epoch 035/500: loss=[32m5.324755[0m
( 22.683s) Epoch 036/500: loss=5.326486[0m
( 22.653s) Epoch 037/500: loss=[32m5.324142[0m
( 22.654s) Epoch 038/500: loss=[32m5.323172[0m
( 22.618s) Epoch 039/500: loss=5.324662[0m
( 22.646s) Epoch 040/500: loss=[32m5.320392[0m
( 22.595s) Epoch 041/500: loss=5.322357[0m
( 22.660s) Epoch 042/500: loss=5.320562[0m
( 22.688s) Epoch 043/500: loss=5.322041[0m
( 22.697s) Epoch 044/500: loss=5.321162[0m
( 22.716s) Epoch 045/500: loss=5.321458[0m
( 22.661s) Epoch 046/500: loss=[32m5.319535[0m
( 22.702s) Epoch 047/500: loss=5.320127[0m
( 22.762s) Epoch 048/500: loss=5.320012[0m
( 22.666s) Epoch 049/500: loss=[32m5.318530[0m
( 22.900s) Epoch 050/500: loss=[32m5.318354[0m
( 22.682s) Epoch 051/500: loss=5.318770[0m
( 22.765s) Epoch 052/500: loss=[32m5.316608[0m
( 22.732s) Epoch 053/500: loss=[32m5.315488[0m
( 22.655s) Epoch 054/500: loss=5.315844[0m
( 22.620s) Epoch 055/500: loss=5.316016[0m
( 22.636s) Epoch 056/500: loss=[32m5.315172[0m
( 22.794s) Epoch 057/500: loss=[32m5.310861[0m
( 22.768s) Epoch 058/500: loss=5.312683[0m
( 22.830s) Epoch 059/500: loss=5.315612[0m
( 22.697s) Epoch 060/500: loss=5.312625[0m
( 22.591s) Epoch 061/500: loss=5.312387[0m
( 22.604s) Epoch 062/500: loss=5.312389[0m
( 22.748s) Epoch 063/500: loss=[32m5.309574[0m
( 22.698s) Epoch 064/500: loss=5.312055[0m
( 22.638s) Epoch 065/500: loss=5.312039[0m
( 22.646s) Epoch 066/500: loss=5.310333[0m
( 22.728s) Epoch 067/500: loss=[32m5.308621[0m
( 22.663s) Epoch 068/500: loss=[32m5.307793[0m
( 22.708s) Epoch 069/500: loss=5.308570[0m
( 22.697s) Epoch 070/500: loss=[32m5.307604[0m
( 22.728s) Epoch 071/500: loss=[32m5.306499[0m
( 22.703s) Epoch 072/500: loss=5.307670[0m
( 22.718s) Epoch 073/500: loss=[32m5.305462[0m
( 22.671s) Epoch 074/500: loss=5.306184[0m
( 22.438s) Epoch 075/500: loss=5.305802[0m
( 22.785s) Epoch 076/500: loss=5.306696[0m
( 22.701s) Epoch 077/500: loss=[32m5.304837[0m
( 22.706s) Epoch 078/500: loss=[32m5.304539[0m
( 22.678s) Epoch 079/500: loss=5.305720[0m
( 22.768s) Epoch 080/500: loss=[32m5.303002[0m
( 22.613s) Epoch 081/500: loss=5.303538[0m
( 22.650s) Epoch 082/500: loss=5.304319[0m
( 22.702s) Epoch 083/500: loss=[32m5.302735[0m
( 22.553s) Epoch 084/500: loss=5.303559[0m
( 22.762s) Epoch 085/500: loss=5.304948[0m
( 22.548s) Epoch 086/500: loss=5.304611[0m
( 22.645s) Epoch 087/500: loss=[32m5.302648[0m
( 22.715s) Epoch 088/500: loss=5.303433[0m
( 22.726s) Epoch 089/500: loss=[32m5.302552[0m
( 22.768s) Epoch 090/500: loss=[32m5.299585[0m
( 22.348s) Epoch 091/500: loss=5.302049[0m
( 22.643s) Epoch 092/500: loss=5.301004[0m
( 22.629s) Epoch 093/500: loss=5.301662[0m
( 22.765s) Epoch 094/500: loss=5.300833[0m
( 22.674s) Epoch 095/500: loss=5.300091[0m
( 22.626s) Epoch 096/500: loss=5.300512[0m
( 22.618s) Epoch 097/500: loss=5.300070[0m
( 22.781s) Epoch 098/500: loss=5.301244[0m
( 22.645s) Epoch 099/500: loss=5.299676[0m
( 22.713s) Epoch 100/500: loss=5.300445[0m
( 22.634s) Epoch 101/500: loss=[32m5.298947[0m
( 22.716s) Epoch 102/500: loss=[32m5.298300[0m
( 22.726s) Epoch 103/500: loss=5.298817[0m
( 22.668s) Epoch 104/500: loss=[32m5.297635[0m
( 22.752s) Epoch 105/500: loss=[32m5.297119[0m
( 22.634s) Epoch 106/500: loss=5.297526[0m
( 22.763s) Epoch 107/500: loss=5.297793[0m
( 22.680s) Epoch 108/500: loss=5.298333[0m
( 22.748s) Epoch 109/500: loss=5.299451[0m
( 22.570s) Epoch 110/500: loss=5.297143[0m
( 22.664s) Epoch 111/500: loss=5.297906[0m
( 22.597s) Epoch 112/500: loss=[32m5.296638[0m
( 22.624s) Epoch 113/500: loss=5.297826[0m
( 22.737s) Epoch 114/500: loss=5.297196[0m
( 22.733s) Epoch 115/500: loss=5.298147[0m
( 22.692s) Epoch 116/500: loss=[32m5.296543[0m
( 22.727s) Epoch 117/500: loss=[32m5.296353[0m
( 22.764s) Epoch 118/500: loss=5.297531[0m
( 22.587s) Epoch 119/500: loss=[32m5.296265[0m
( 22.639s) Epoch 120/500: loss=5.298426[0m
( 22.638s) Epoch 121/500: loss=[32m5.295665[0m
( 22.645s) Epoch 122/500: loss=5.296413[0m
( 22.587s) Epoch 123/500: loss=5.296355[0m
( 22.723s) Epoch 124/500: loss=5.297831[0m
( 22.722s) Epoch 125/500: loss=[32m5.295518[0m
( 22.632s) Epoch 126/500: loss=5.295657[0m
( 22.766s) Epoch 127/500: loss=[32m5.294716[0m
( 22.802s) Epoch 128/500: loss=5.296519[0m
( 22.793s) Epoch 129/500: loss=5.295756[0m
( 22.680s) Epoch 130/500: loss=5.294969[0m
( 22.711s) Epoch 131/500: loss=5.294723[0m
( 22.729s) Epoch 132/500: loss=5.295339[0m
( 22.644s) Epoch 133/500: loss=5.295984[0m
( 22.695s) Epoch 134/500: loss=[32m5.294341[0m
( 22.714s) Epoch 135/500: loss=[32m5.294078[0m
( 22.608s) Epoch 136/500: loss=5.294848[0m
( 22.756s) Epoch 137/500: loss=[32m5.293737[0m
( 22.769s) Epoch 138/500: loss=5.294986[0m
( 22.681s) Epoch 139/500: loss=5.295372[0m
( 22.725s) Epoch 140/500: loss=5.293988[0m
( 22.745s) Epoch 141/500: loss=[32m5.293044[0m
( 22.692s) Epoch 142/500: loss=[32m5.292120[0m
( 22.740s) Epoch 143/500: loss=5.295273[0m
( 22.721s) Epoch 144/500: loss=5.293007[0m
( 22.644s) Epoch 145/500: loss=5.292889[0m
( 22.727s) Epoch 146/500: loss=5.294838[0m
( 22.764s) Epoch 147/500: loss=5.294122[0m
( 22.768s) Epoch 148/500: loss=[32m5.292098[0m
( 22.754s) Epoch 149/500: loss=5.293246[0m
( 22.624s) Epoch 150/500: loss=5.292812[0m
( 22.636s) Epoch 151/500: loss=[32m5.291761[0m
( 22.645s) Epoch 152/500: loss=[32m5.291489[0m
( 22.602s) Epoch 153/500: loss=5.293890[0m
( 22.704s) Epoch 154/500: loss=5.293890[0m
( 22.587s) Epoch 155/500: loss=5.292364[0m
( 22.707s) Epoch 156/500: loss=5.292441[0m
( 22.699s) Epoch 157/500: loss=5.292159[0m
( 22.703s) Epoch 158/500: loss=5.292525[0m
( 22.641s) Epoch 159/500: loss=5.292847[0m
( 22.735s) Epoch 160/500: loss=5.293881[0m
( 22.734s) Epoch 161/500: loss=[32m5.290799[0m
( 22.797s) Epoch 162/500: loss=5.292590[0m
( 22.695s) Epoch 163/500: loss=5.291347[0m
( 22.774s) Epoch 164/500: loss=5.292255[0m
( 22.647s) Epoch 165/500: loss=5.291153[0m
( 22.728s) Epoch 166/500: loss=5.291505[0m
( 22.781s) Epoch 167/500: loss=5.292131[0m
( 22.682s) Epoch 168/500: loss=5.291070[0m
( 22.718s) Epoch 169/500: loss=[32m5.290051[0m
( 22.710s) Epoch 170/500: loss=5.290784[0m
( 22.741s) Epoch 171/500: loss=5.291503[0m
( 22.653s) Epoch 172/500: loss=5.291387[0m
( 22.677s) Epoch 173/500: loss=[32m5.289671[0m
( 22.816s) Epoch 174/500: loss=5.290468[0m
( 22.723s) Epoch 175/500: loss=5.291349[0m
( 22.656s) Epoch 176/500: loss=5.292758[0m
( 22.733s) Epoch 177/500: loss=5.290148[0m
( 22.700s) Epoch 178/500: loss=5.290275[0m
( 22.782s) Epoch 179/500: loss=5.290467[0m
( 22.726s) Epoch 180/500: loss=5.290865[0m
( 22.666s) Epoch 181/500: loss=5.291624[0m
( 22.652s) Epoch 182/500: loss=[32m5.289271[0m
( 22.690s) Epoch 183/500: loss=[32m5.288769[0m
( 22.741s) Epoch 184/500: loss=5.291326[0m
( 22.699s) Epoch 185/500: loss=5.290056[0m
( 22.643s) Epoch 186/500: loss=5.289862[0m
( 22.817s) Epoch 187/500: loss=5.290421[0m
( 22.710s) Epoch 188/500: loss=5.289835[0m
( 22.663s) Epoch 189/500: loss=5.289405[0m
( 22.688s) Epoch 190/500: loss=5.289545[0m
( 22.616s) Epoch 191/500: loss=5.291033[0m
( 22.805s) Epoch 192/500: loss=5.289390[0m
( 22.762s) Epoch 193/500: loss=5.291224[0m
( 22.748s) Epoch 194/500: loss=5.289563[0m
( 22.693s) Epoch 195/500: loss=5.289247[0m
( 22.715s) Epoch 196/500: loss=5.290175[0m
( 22.722s) Epoch 197/500: loss=[32m5.288348[0m
( 22.705s) Epoch 198/500: loss=5.288773[0m
( 22.650s) Epoch 199/500: loss=5.289335[0m
( 22.770s) Epoch 200/500: loss=[32m5.288136[0m
( 22.631s) Epoch 201/500: loss=5.288996[0m
( 22.708s) Epoch 202/500: loss=[32m5.287770[0m
( 22.664s) Epoch 203/500: loss=5.290356[0m
( 22.629s) Epoch 204/500: loss=5.288924[0m
( 22.758s) Epoch 205/500: loss=5.290198[0m
( 22.738s) Epoch 206/500: loss=5.290254[0m
( 22.751s) Epoch 207/500: loss=5.289076[0m
( 22.641s) Epoch 208/500: loss=5.288550[0m
( 22.702s) Epoch 209/500: loss=5.287905[0m
( 22.653s) Epoch 210/500: loss=5.289104[0m
( 22.715s) Epoch 211/500: loss=5.288154[0m
( 22.715s) Epoch 212/500: loss=5.288472[0m
( 22.790s) Epoch 213/500: loss=5.288159[0m
( 22.645s) Epoch 214/500: loss=[32m5.287171[0m
( 22.667s) Epoch 215/500: loss=5.289227[0m
( 22.754s) Epoch 216/500: loss=5.288611[0m
( 22.670s) Epoch 217/500: loss=5.289964[0m
( 22.593s) Epoch 218/500: loss=5.288364[0m
( 22.758s) Epoch 219/500: loss=5.287327[0m
( 22.642s) Epoch 220/500: loss=5.288337[0m
( 22.580s) Epoch 221/500: loss=5.288450[0m
( 22.694s) Epoch 222/500: loss=5.288059[0m
( 22.791s) Epoch 223/500: loss=5.289555[0m
( 22.750s) Epoch 224/500: loss=5.287463[0m
( 22.732s) Epoch 225/500: loss=5.288118[0m
( 22.889s) Epoch 226/500: loss=[32m5.286370[0m
( 22.684s) Epoch 227/500: loss=5.289139[0m
( 22.657s) Epoch 228/500: loss=5.287332[0m
( 22.637s) Epoch 229/500: loss=5.288528[0m
( 22.785s) Epoch 230/500: loss=5.287080[0m
( 22.824s) Epoch 231/500: loss=[32m5.286330[0m
( 22.684s) Epoch 232/500: loss=5.287154[0m
( 22.769s) Epoch 233/500: loss=5.286623[0m
( 22.633s) Epoch 234/500: loss=[32m5.285339[0m
( 22.764s) Epoch 235/500: loss=5.288707[0m
( 22.634s) Epoch 236/500: loss=5.287748[0m
( 22.696s) Epoch 237/500: loss=5.288353[0m
( 22.770s) Epoch 238/500: loss=5.288200[0m
( 22.748s) Epoch 239/500: loss=5.287126[0m
( 22.829s) Epoch 240/500: loss=5.286310[0m
( 22.817s) Epoch 241/500: loss=[32m5.284917[0m
( 22.707s) Epoch 242/500: loss=5.286813[0m
( 22.652s) Epoch 243/500: loss=5.285375[0m
( 22.786s) Epoch 244/500: loss=5.288085[0m
( 22.750s) Epoch 245/500: loss=5.287562[0m
( 22.744s) Epoch 246/500: loss=5.286210[0m
( 22.837s) Epoch 247/500: loss=[32m5.284869[0m
( 22.614s) Epoch 248/500: loss=5.286943[0m
( 22.684s) Epoch 249/500: loss=5.286284[0m
( 22.662s) Epoch 250/500: loss=5.287121[0m
( 22.758s) Epoch 251/500: loss=5.285185[0m
( 22.696s) Epoch 252/500: loss=5.286200[0m
( 22.622s) Epoch 253/500: loss=5.286330[0m
( 22.717s) Epoch 254/500: loss=5.287475[0m
( 22.611s) Epoch 255/500: loss=5.286907[0m
( 22.754s) Epoch 256/500: loss=5.286468[0m
( 22.637s) Epoch 257/500: loss=5.286702[0m
( 22.754s) Epoch 258/500: loss=5.285165[0m
( 22.801s) Epoch 259/500: loss=5.285618[0m
( 22.694s) Epoch 260/500: loss=5.286351[0m
( 22.728s) Epoch 261/500: loss=5.285799[0m
( 22.783s) Epoch 262/500: loss=5.286771[0m
( 22.714s) Epoch 263/500: loss=[32m5.284844[0m
( 22.638s) Epoch 264/500: loss=5.286796[0m
( 22.774s) Epoch 265/500: loss=5.286104[0m
( 22.915s) Epoch 266/500: loss=5.286258[0m
( 22.706s) Epoch 267/500: loss=5.285839[0m
( 22.751s) Epoch 268/500: loss=5.284978[0m
( 22.732s) Epoch 269/500: loss=5.286367[0m
( 22.683s) Epoch 270/500: loss=5.286554[0m
( 22.682s) Epoch 271/500: loss=[32m5.284527[0m
( 22.673s) Epoch 272/500: loss=[32m5.284410[0m
( 22.660s) Epoch 273/500: loss=5.285478[0m
( 22.662s) Epoch 274/500: loss=5.285145[0m
( 22.727s) Epoch 275/500: loss=5.285141[0m
( 22.814s) Epoch 276/500: loss=5.284793[0m
( 22.688s) Epoch 277/500: loss=[32m5.284191[0m
( 22.709s) Epoch 278/500: loss=5.284546[0m
( 22.722s) Epoch 279/500: loss=5.284358[0m
( 22.775s) Epoch 280/500: loss=5.286138[0m
( 22.634s) Epoch 281/500: loss=5.284226[0m
( 22.608s) Epoch 282/500: loss=5.284997[0m
( 22.827s) Epoch 283/500: loss=5.285465[0m
( 22.806s) Epoch 284/500: loss=[32m5.284147[0m
( 22.668s) Epoch 285/500: loss=5.287335[0m
( 22.674s) Epoch 286/500: loss=5.285376[0m
( 22.693s) Epoch 287/500: loss=[32m5.283378[0m
( 22.711s) Epoch 288/500: loss=5.283638[0m
( 22.719s) Epoch 289/500: loss=5.284314[0m
( 22.705s) Epoch 290/500: loss=5.285448[0m
( 22.874s) Epoch 291/500: loss=5.285135[0m
( 22.598s) Epoch 292/500: loss=5.284103[0m
( 22.708s) Epoch 293/500: loss=5.284124[0m
( 22.728s) Epoch 294/500: loss=5.285495[0m
( 22.736s) Epoch 295/500: loss=5.284793[0m
( 22.787s) Epoch 296/500: loss=5.283942[0m
( 22.725s) Epoch 297/500: loss=[32m5.283026[0m
( 22.695s) Epoch 298/500: loss=5.284359[0m
( 22.783s) Epoch 299/500: loss=[32m5.282837[0m
( 22.712s) Epoch 300/500: loss=5.283876[0m
( 22.664s) Epoch 301/500: loss=5.284747[0m
( 22.689s) Epoch 302/500: loss=5.284113[0m
( 22.597s) Epoch 303/500: loss=5.284308[0m
( 22.646s) Epoch 304/500: loss=5.284908[0m
( 22.658s) Epoch 305/500: loss=5.284888[0m
( 22.596s) Epoch 306/500: loss=5.283706[0m
( 22.689s) Epoch 307/500: loss=[32m5.282713[0m
( 22.653s) Epoch 308/500: loss=5.283171[0m
( 22.790s) Epoch 309/500: loss=5.284557[0m
( 22.686s) Epoch 310/500: loss=5.283250[0m
( 22.687s) Epoch 311/500: loss=[32m5.282369[0m
( 22.776s) Epoch 312/500: loss=5.285253[0m
( 22.733s) Epoch 313/500: loss=5.282855[0m
( 22.701s) Epoch 314/500: loss=5.284089[0m
( 22.687s) Epoch 315/500: loss=5.284607[0m
( 22.766s) Epoch 316/500: loss=5.284426[0m
( 22.675s) Epoch 317/500: loss=5.282501[0m
( 22.707s) Epoch 318/500: loss=5.283266[0m
( 22.689s) Epoch 319/500: loss=5.282900[0m
( 22.579s) Epoch 320/500: loss=5.282783[0m
( 22.686s) Epoch 321/500: loss=5.283634[0m
( 22.723s) Epoch 322/500: loss=5.283713[0m
( 22.724s) Epoch 323/500: loss=5.283905[0m
( 22.579s) Epoch 324/500: loss=5.282931[0m
( 22.710s) Epoch 325/500: loss=5.282932[0m
( 22.645s) Epoch 326/500: loss=[32m5.282345[0m
( 22.655s) Epoch 327/500: loss=5.283876[0m
( 22.757s) Epoch 328/500: loss=[32m5.281753[0m
( 22.730s) Epoch 329/500: loss=5.282201[0m
( 22.796s) Epoch 330/500: loss=5.284000[0m
( 22.714s) Epoch 331/500: loss=[32m5.281687[0m
( 22.766s) Epoch 332/500: loss=5.282535[0m
( 22.684s) Epoch 333/500: loss=5.282134[0m
( 22.702s) Epoch 334/500: loss=5.282380[0m
( 22.745s) Epoch 335/500: loss=5.283260[0m
( 22.818s) Epoch 336/500: loss=[32m5.281454[0m
( 22.635s) Epoch 337/500: loss=5.282575[0m
( 22.747s) Epoch 338/500: loss=5.282774[0m
( 22.654s) Epoch 339/500: loss=5.282465[0m
( 22.689s) Epoch 340/500: loss=5.283039[0m
( 22.796s) Epoch 341/500: loss=5.283165[0m
( 22.682s) Epoch 342/500: loss=5.283684[0m
( 22.747s) Epoch 343/500: loss=[32m5.280947[0m
( 22.725s) Epoch 344/500: loss=5.282150[0m
( 22.775s) Epoch 345/500: loss=5.282776[0m
( 22.897s) Epoch 346/500: loss=5.282843[0m
( 22.698s) Epoch 347/500: loss=5.281702[0m
( 22.701s) Epoch 348/500: loss=5.281397[0m
( 22.802s) Epoch 349/500: loss=5.282412[0m
( 22.731s) Epoch 350/500: loss=5.282936[0m
( 22.677s) Epoch 351/500: loss=5.282614[0m
( 22.722s) Epoch 352/500: loss=5.282294[0m
( 22.771s) Epoch 353/500: loss=5.282665[0m
( 22.753s) Epoch 354/500: loss=5.282334[0m
( 22.693s) Epoch 355/500: loss=5.281799[0m
( 22.799s) Epoch 356/500: loss=5.282750[0m
( 22.711s) Epoch 357/500: loss=[32m5.280064[0m
( 22.625s) Epoch 358/500: loss=5.282512[0m
( 22.662s) Epoch 359/500: loss=5.281892[0m
( 22.576s) Epoch 360/500: loss=5.282040[0m
( 22.706s) Epoch 361/500: loss=5.281188[0m
( 22.727s) Epoch 362/500: loss=5.283089[0m
( 22.644s) Epoch 363/500: loss=5.281355[0m
( 22.679s) Epoch 364/500: loss=5.281842[0m
( 22.709s) Epoch 365/500: loss=5.281286[0m
( 22.657s) Epoch 366/500: loss=5.281806[0m
( 22.724s) Epoch 367/500: loss=5.282432[0m
( 22.704s) Epoch 368/500: loss=5.281772[0m
( 22.814s) Epoch 369/500: loss=5.281463[0m
( 22.632s) Epoch 370/500: loss=[32m5.279875[0m
( 22.637s) Epoch 371/500: loss=5.281355[0m
( 22.679s) Epoch 372/500: loss=5.281872[0m
( 22.692s) Epoch 373/500: loss=5.280916[0m
( 22.611s) Epoch 374/500: loss=5.282553[0m
( 22.711s) Epoch 375/500: loss=5.282284[0m
( 22.625s) Epoch 376/500: loss=5.280714[0m
( 22.657s) Epoch 377/500: loss=5.280503[0m
( 22.746s) Epoch 378/500: loss=5.281130[0m
( 22.670s) Epoch 379/500: loss=5.281151[0m
( 22.798s) Epoch 380/500: loss=5.282418[0m
( 22.685s) Epoch 381/500: loss=5.281225[0m
( 22.702s) Epoch 382/500: loss=5.282903[0m
( 22.605s) Epoch 383/500: loss=5.280919[0m
( 22.704s) Epoch 384/500: loss=5.281334[0m
( 22.566s) Epoch 385/500: loss=5.282360[0m
( 22.654s) Epoch 386/500: loss=5.280547[0m
( 22.707s) Epoch 387/500: loss=5.281300[0m
( 22.772s) Epoch 388/500: loss=5.281547[0m
( 22.742s) Epoch 389/500: loss=5.282488[0m
( 22.640s) Epoch 390/500: loss=5.281163[0m
( 22.711s) Epoch 391/500: loss=5.282044[0m
( 22.772s) Epoch 392/500: loss=5.281427[0m
( 22.659s) Epoch 393/500: loss=5.281469[0m
( 22.668s) Epoch 394/500: loss=5.281370[0m
( 22.792s) Epoch 395/500: loss=5.281569[0m
( 22.722s) Epoch 396/500: loss=5.280611[0m
( 22.671s) Epoch 397/500: loss=5.280959[0m
( 22.726s) Epoch 398/500: loss=5.280006[0m
( 22.689s) Epoch 399/500: loss=5.280661[0m
( 22.628s) Epoch 400/500: loss=5.281537[0m
( 22.778s) Epoch 401/500: loss=5.280579[0m
( 22.662s) Epoch 402/500: loss=5.280519[0m
( 22.736s) Epoch 403/500: loss=5.280612[0m
( 22.695s) Epoch 404/500: loss=5.281298[0m
( 22.729s) Epoch 405/500: loss=[32m5.279227[0m
( 22.715s) Epoch 406/500: loss=5.282382[0m
( 22.760s) Epoch 407/500: loss=5.280580[0m
( 22.669s) Epoch 408/500: loss=5.281451[0m
( 22.663s) Epoch 409/500: loss=5.280316[0m
( 22.691s) Epoch 410/500: loss=5.279952[0m
( 22.640s) Epoch 411/500: loss=5.280765[0m
( 22.746s) Epoch 412/500: loss=5.280735[0m
( 22.693s) Epoch 413/500: loss=5.279784[0m
( 22.746s) Epoch 414/500: loss=5.280462[0m
( 22.707s) Epoch 415/500: loss=5.280223[0m
( 22.687s) Epoch 416/500: loss=5.279546[0m
( 22.734s) Epoch 417/500: loss=5.281232[0m
( 22.737s) Epoch 418/500: loss=5.280082[0m
( 22.791s) Epoch 419/500: loss=5.280540[0m
( 22.658s) Epoch 420/500: loss=5.279679[0m
( 22.652s) Epoch 421/500: loss=5.280326[0m
( 22.693s) Epoch 422/500: loss=5.281637[0m
( 22.658s) Epoch 423/500: loss=5.281207[0m
( 22.682s) Epoch 424/500: loss=5.280848[0m
( 22.681s) Epoch 425/500: loss=5.279549[0m
( 22.690s) Epoch 426/500: loss=5.281315[0m
( 22.619s) Epoch 427/500: loss=5.281286[0m
( 22.684s) Epoch 428/500: loss=5.280301[0m
( 22.661s) Epoch 429/500: loss=5.280186[0m
( 22.645s) Epoch 430/500: loss=5.281007[0m
( 22.605s) Epoch 431/500: loss=5.281465[0m
( 22.614s) Epoch 432/500: loss=5.281186[0m
( 22.727s) Epoch 433/500: loss=5.279980[0m
( 22.699s) Epoch 434/500: loss=5.279708[0m
( 22.653s) Epoch 435/500: loss=[32m5.279147[0m
( 22.753s) Epoch 436/500: loss=5.280554[0m
( 22.646s) Epoch 437/500: loss=5.280119[0m
( 22.756s) Epoch 438/500: loss=5.280663[0m
( 22.656s) Epoch 439/500: loss=[32m5.278638[0m
( 22.666s) Epoch 440/500: loss=5.280619[0m
( 22.765s) Epoch 441/500: loss=5.281182[0m
( 22.662s) Epoch 442/500: loss=5.280055[0m
( 22.588s) Epoch 443/500: loss=5.280326[0m
( 22.635s) Epoch 444/500: loss=5.280468[0m
( 22.672s) Epoch 445/500: loss=5.279827[0m
( 22.721s) Epoch 446/500: loss=5.280056[0m
( 22.774s) Epoch 447/500: loss=5.281149[0m
( 22.714s) Epoch 448/500: loss=5.280304[0m
( 22.773s) Epoch 449/500: loss=5.280376[0m
( 22.657s) Epoch 450/500: loss=5.281028[0m
( 22.733s) Epoch 451/500: loss=5.280101[0m
( 22.801s) Epoch 452/500: loss=5.279045[0m
( 22.712s) Epoch 453/500: loss=5.279874[0m
( 22.558s) Epoch 454/500: loss=5.280327[0m
( 22.605s) Epoch 455/500: loss=5.279762[0m
( 22.733s) Epoch 456/500: loss=5.280065[0m
( 22.832s) Epoch 457/500: loss=5.280388[0m
( 22.638s) Epoch 458/500: loss=5.278971[0m
( 22.695s) Epoch 459/500: loss=5.280819[0m
( 22.611s) Epoch 460/500: loss=5.281038[0m
( 22.693s) Epoch 461/500: loss=5.280697[0m
( 22.731s) Epoch 462/500: loss=5.281017[0m
( 22.729s) Epoch 463/500: loss=5.279392[0m
( 22.723s) Epoch 464/500: loss=5.280156[0m
( 22.739s) Epoch 465/500: loss=5.280020[0m
( 22.657s) Epoch 466/500: loss=5.280173[0m
( 22.660s) Epoch 467/500: loss=[32m5.278581[0m
( 22.675s) Epoch 468/500: loss=5.280599[0m
( 22.714s) Epoch 469/500: loss=5.279417[0m
( 22.680s) Epoch 470/500: loss=5.281131[0m
( 22.765s) Epoch 471/500: loss=5.280171[0m
( 22.709s) Epoch 472/500: loss=5.280782[0m
( 22.698s) Epoch 473/500: loss=5.279452[0m
( 22.702s) Epoch 474/500: loss=5.280141[0m
( 22.694s) Epoch 475/500: loss=5.279971[0m
( 22.735s) Epoch 476/500: loss=5.279256[0m
( 22.694s) Epoch 477/500: loss=5.281074[0m
( 22.749s) Epoch 478/500: loss=5.280236[0m
( 22.846s) Epoch 479/500: loss=5.280450[0m
( 22.732s) Epoch 480/500: loss=5.279336[0m
( 22.815s) Epoch 481/500: loss=5.279701[0m
( 22.705s) Epoch 482/500: loss=5.279769[0m
( 22.730s) Epoch 483/500: loss=5.279985[0m
( 22.748s) Epoch 484/500: loss=5.279580[0m
( 22.717s) Epoch 485/500: loss=5.279354[0m
( 22.792s) Epoch 486/500: loss=5.279769[0m
( 22.708s) Epoch 487/500: loss=5.279170[0m
( 22.644s) Epoch 488/500: loss=5.279407[0m
( 22.675s) Epoch 489/500: loss=5.280672[0m
( 22.690s) Epoch 490/500: loss=5.279562[0m
( 22.588s) Epoch 491/500: loss=5.278984[0m
( 22.613s) Epoch 492/500: loss=5.280136[0m
( 22.766s) Epoch 493/500: loss=5.280457[0m
( 22.724s) Epoch 494/500: loss=5.279743[0m
( 22.663s) Epoch 495/500: loss=5.279029[0m
( 22.784s) Epoch 496/500: loss=5.280513[0m
( 22.783s) Epoch 497/500: loss=5.280182[0m
( 22.760s) Epoch 498/500: loss=5.280263[0m
( 22.713s) Epoch 499/500: loss=5.279903[0m
( 22.682s) Epoch 500/500: loss=5.280042[0m
Training for 500 epochs took 11369.134s total and 22.738s average
Calculating mean of transformed dataset using the best model state ... 7.366s
Saving best model and options to /home/aditya.bharti/FewShot/miniImgnet_resnet18 /CropGauss.pth
