Namespace(T_max=500, backbone='resnet18', base_learning_rate=0.1, base_optimizer='SGD', batch_size=256, dampening=0.0, data_percent=20, dataset='miniImagenet', dataset_root=None, distributed=True, episode_strat='SimpleShotEpisodes', eval_freq=2000, fine_tune_epochs=20, fine_tune_save_path='ft0.pth', first_augment='CropResize', head='SimpleMLP', jitter_strength=1.0, k_shot=5, load_from=None, local_rank=0, log_file=<_io.TextIOWrapper name='/home/aditya.bharti/FewShot/miniImgnet_resnet18 /CropColor.out' mode='a' encoding='UTF-8'>, loss_function='NTXent', model='SimCLRModel', momentum=0.9, n_way=5, nesterov=True, ntxent_temp=1.0, num_epochs=500, num_query=15, num_test_tasks=10000, num_workers=4, pin_memory=True, pretrained=False, progress=False, projection_dim=128, save_model=True, save_path='/home/aditya.bharti/FewShot/miniImgnet_resnet18 /CropColor.pth', scheduler='CosineAnnealingLR', second_augment='ColorDistort', shuffle=True, simple_opt=True, weight_decay=0.0001)
Starting Training on:
Train:  64 classes
Valid:  16 classes
Test:   20 classes
------------------
( 27.820s) Epoch 001/500: loss=[32m5.880211[0m
( 27.617s) Epoch 002/500: loss=[32m5.684778[0m
( 27.658s) Epoch 003/500: loss=[32m5.642262[0m
( 27.743s) Epoch 004/500: loss=[32m5.615100[0m
( 27.667s) Epoch 005/500: loss=[32m5.589943[0m
( 27.661s) Epoch 006/500: loss=[32m5.578571[0m
( 27.723s) Epoch 007/500: loss=[32m5.561338[0m
( 27.598s) Epoch 008/500: loss=[32m5.551619[0m
( 27.857s) Epoch 009/500: loss=[32m5.540068[0m
( 27.553s) Epoch 010/500: loss=[32m5.533069[0m
( 27.766s) Epoch 011/500: loss=[32m5.523028[0m
( 27.635s) Epoch 012/500: loss=[32m5.516045[0m
( 27.742s) Epoch 013/500: loss=[32m5.511724[0m
( 27.817s) Epoch 014/500: loss=[32m5.505205[0m
( 27.700s) Epoch 015/500: loss=[32m5.501958[0m
( 27.569s) Epoch 016/500: loss=[32m5.494915[0m
( 27.763s) Epoch 017/500: loss=5.495207[0m
( 27.605s) Epoch 018/500: loss=[32m5.488882[0m
( 27.788s) Epoch 019/500: loss=[32m5.485108[0m
( 27.599s) Epoch 020/500: loss=[32m5.480827[0m
( 27.633s) Epoch 021/500: loss=[32m5.478321[0m
( 27.670s) Epoch 022/500: loss=[32m5.478151[0m
( 27.609s) Epoch 023/500: loss=[32m5.474913[0m
( 27.721s) Epoch 024/500: loss=[32m5.470001[0m
( 27.647s) Epoch 025/500: loss=[32m5.465906[0m
( 27.662s) Epoch 026/500: loss=5.466053[0m
( 27.636s) Epoch 027/500: loss=[32m5.463785[0m
( 27.782s) Epoch 028/500: loss=[32m5.458489[0m
( 27.778s) Epoch 029/500: loss=5.462003[0m
( 27.698s) Epoch 030/500: loss=5.463425[0m
( 27.722s) Epoch 031/500: loss=[32m5.456100[0m
( 27.702s) Epoch 032/500: loss=[32m5.455651[0m
( 27.708s) Epoch 033/500: loss=[32m5.453201[0m
( 27.666s) Epoch 034/500: loss=5.454608[0m
( 27.681s) Epoch 035/500: loss=[32m5.452942[0m
( 27.614s) Epoch 036/500: loss=[32m5.451812[0m
( 27.784s) Epoch 037/500: loss=[32m5.449998[0m
( 27.686s) Epoch 038/500: loss=[32m5.445320[0m
( 27.612s) Epoch 039/500: loss=5.446445[0m
( 27.621s) Epoch 040/500: loss=5.469179[0m
( 27.630s) Epoch 041/500: loss=5.451461[0m
( 27.666s) Epoch 042/500: loss=5.445486[0m
( 27.675s) Epoch 043/500: loss=[32m5.439707[0m
( 27.654s) Epoch 044/500: loss=5.440734[0m
( 27.736s) Epoch 045/500: loss=[32m5.437098[0m
( 27.640s) Epoch 046/500: loss=5.437597[0m
( 27.518s) Epoch 047/500: loss=5.440033[0m
( 27.555s) Epoch 048/500: loss=5.439565[0m
( 27.613s) Epoch 049/500: loss=[32m5.434841[0m
( 27.626s) Epoch 050/500: loss=[32m5.433520[0m
( 27.604s) Epoch 051/500: loss=5.435329[0m
( 27.789s) Epoch 052/500: loss=[32m5.432680[0m
( 27.726s) Epoch 053/500: loss=[32m5.431656[0m
( 27.696s) Epoch 054/500: loss=[32m5.428360[0m
( 27.629s) Epoch 055/500: loss=[32m5.426830[0m
( 27.608s) Epoch 056/500: loss=5.427135[0m
( 27.706s) Epoch 057/500: loss=[32m5.423179[0m
( 27.644s) Epoch 058/500: loss=5.424414[0m
( 27.738s) Epoch 059/500: loss=[32m5.422523[0m
( 27.783s) Epoch 060/500: loss=[32m5.420221[0m
( 27.632s) Epoch 061/500: loss=5.424057[0m
( 27.713s) Epoch 062/500: loss=[32m5.419111[0m
( 27.717s) Epoch 063/500: loss=[32m5.417958[0m
( 27.663s) Epoch 064/500: loss=[32m5.417027[0m
( 27.639s) Epoch 065/500: loss=5.417718[0m
( 27.673s) Epoch 066/500: loss=[32m5.414749[0m
( 27.752s) Epoch 067/500: loss=5.416162[0m
( 27.774s) Epoch 068/500: loss=[32m5.413630[0m
( 27.609s) Epoch 069/500: loss=[32m5.412137[0m
( 27.636s) Epoch 070/500: loss=5.412297[0m
( 27.622s) Epoch 071/500: loss=[32m5.411159[0m
( 27.606s) Epoch 072/500: loss=[32m5.411138[0m
( 27.554s) Epoch 073/500: loss=[32m5.406170[0m
( 27.665s) Epoch 074/500: loss=5.410700[0m
( 27.730s) Epoch 075/500: loss=[32m5.406145[0m
( 27.740s) Epoch 076/500: loss=5.407221[0m
( 27.670s) Epoch 077/500: loss=5.407015[0m
( 27.640s) Epoch 078/500: loss=[32m5.404902[0m
( 27.677s) Epoch 079/500: loss=5.405285[0m
( 27.762s) Epoch 080/500: loss=[32m5.404159[0m
( 27.608s) Epoch 081/500: loss=[32m5.403137[0m
( 27.718s) Epoch 082/500: loss=[32m5.403110[0m
( 27.605s) Epoch 083/500: loss=5.405244[0m
( 27.645s) Epoch 084/500: loss=[32m5.401365[0m
( 27.714s) Epoch 085/500: loss=5.402223[0m
( 27.633s) Epoch 086/500: loss=[32m5.399806[0m
( 27.709s) Epoch 087/500: loss=5.402361[0m
( 27.680s) Epoch 088/500: loss=[32m5.398773[0m
( 27.733s) Epoch 089/500: loss=5.415061[0m
( 27.807s) Epoch 090/500: loss=5.401610[0m
( 27.701s) Epoch 091/500: loss=5.399818[0m
( 27.688s) Epoch 092/500: loss=[32m5.398398[0m
( 27.626s) Epoch 093/500: loss=[32m5.396059[0m
( 27.637s) Epoch 094/500: loss=5.397758[0m
( 27.557s) Epoch 095/500: loss=5.398320[0m
( 27.682s) Epoch 096/500: loss=[32m5.394719[0m
( 27.708s) Epoch 097/500: loss=5.395065[0m
( 27.621s) Epoch 098/500: loss=5.395134[0m
( 27.721s) Epoch 099/500: loss=[32m5.393601[0m
( 27.583s) Epoch 100/500: loss=[32m5.390329[0m
( 27.663s) Epoch 101/500: loss=5.394360[0m
( 27.644s) Epoch 102/500: loss=5.394217[0m
( 27.595s) Epoch 103/500: loss=5.394321[0m
( 27.664s) Epoch 104/500: loss=5.391342[0m
( 27.825s) Epoch 105/500: loss=5.390691[0m
( 27.581s) Epoch 106/500: loss=5.392216[0m
( 27.687s) Epoch 107/500: loss=5.390750[0m
( 27.677s) Epoch 108/500: loss=5.391296[0m
( 27.712s) Epoch 109/500: loss=5.403861[0m
( 27.637s) Epoch 110/500: loss=5.393873[0m
( 27.633s) Epoch 111/500: loss=5.392418[0m
( 27.655s) Epoch 112/500: loss=5.391413[0m
( 27.713s) Epoch 113/500: loss=[32m5.386869[0m
( 27.597s) Epoch 114/500: loss=5.386990[0m
( 27.621s) Epoch 115/500: loss=[32m5.385907[0m
( 27.580s) Epoch 116/500: loss=5.387104[0m
( 27.666s) Epoch 117/500: loss=5.387597[0m
( 27.660s) Epoch 118/500: loss=5.386429[0m
( 27.738s) Epoch 119/500: loss=5.389801[0m
( 27.669s) Epoch 120/500: loss=[32m5.385610[0m
( 27.854s) Epoch 121/500: loss=[32m5.383416[0m
( 27.628s) Epoch 122/500: loss=5.385839[0m
( 27.695s) Epoch 123/500: loss=5.384803[0m
( 27.586s) Epoch 124/500: loss=[32m5.382138[0m
( 27.643s) Epoch 125/500: loss=5.382263[0m
( 27.731s) Epoch 126/500: loss=5.384307[0m
( 27.658s) Epoch 127/500: loss=[32m5.380768[0m
( 27.586s) Epoch 128/500: loss=5.383029[0m
( 27.698s) Epoch 129/500: loss=5.383773[0m
( 27.642s) Epoch 130/500: loss=5.382561[0m
( 27.669s) Epoch 131/500: loss=5.382935[0m
( 27.695s) Epoch 132/500: loss=5.384834[0m
( 27.699s) Epoch 133/500: loss=[32m5.380496[0m
( 27.712s) Epoch 134/500: loss=5.380811[0m
( 27.630s) Epoch 135/500: loss=[32m5.380425[0m
( 27.755s) Epoch 136/500: loss=[32m5.378241[0m
( 27.733s) Epoch 137/500: loss=5.379435[0m
( 27.856s) Epoch 138/500: loss=5.380158[0m
( 28.633s) Epoch 139/500: loss=5.378712[0m
( 28.545s) Epoch 140/500: loss=5.378840[0m
( 28.510s) Epoch 141/500: loss=5.379593[0m
( 28.518s) Epoch 142/500: loss=5.379045[0m
( 28.465s) Epoch 143/500: loss=[32m5.378015[0m
( 28.678s) Epoch 144/500: loss=5.378450[0m
( 28.528s) Epoch 145/500: loss=5.388678[0m
( 28.625s) Epoch 146/500: loss=5.378234[0m
( 28.640s) Epoch 147/500: loss=[32m5.376309[0m
( 28.569s) Epoch 148/500: loss=5.380752[0m
( 28.259s) Epoch 149/500: loss=5.377620[0m
( 27.575s) Epoch 150/500: loss=5.376645[0m
( 27.606s) Epoch 151/500: loss=[32m5.375476[0m
( 27.797s) Epoch 152/500: loss=[32m5.374350[0m
( 27.586s) Epoch 153/500: loss=5.375403[0m
( 27.689s) Epoch 154/500: loss=5.376010[0m
( 27.667s) Epoch 155/500: loss=5.374829[0m
( 27.640s) Epoch 156/500: loss=5.375279[0m
( 27.682s) Epoch 157/500: loss=[32m5.374119[0m
( 27.580s) Epoch 158/500: loss=[32m5.372983[0m
( 27.791s) Epoch 159/500: loss=[32m5.372949[0m
( 27.798s) Epoch 160/500: loss=[32m5.370945[0m
( 27.723s) Epoch 161/500: loss=5.372613[0m
( 27.672s) Epoch 162/500: loss=5.372002[0m
( 27.598s) Epoch 163/500: loss=5.373785[0m
( 27.698s) Epoch 164/500: loss=[32m5.369932[0m
( 27.654s) Epoch 165/500: loss=5.371986[0m
( 27.600s) Epoch 166/500: loss=5.372355[0m
( 27.726s) Epoch 167/500: loss=[32m5.367883[0m
( 27.717s) Epoch 168/500: loss=5.372116[0m
( 27.646s) Epoch 169/500: loss=5.370811[0m
( 27.680s) Epoch 170/500: loss=5.370247[0m
( 27.745s) Epoch 171/500: loss=5.369326[0m
( 27.586s) Epoch 172/500: loss=5.368682[0m
( 27.653s) Epoch 173/500: loss=5.369244[0m
( 27.670s) Epoch 174/500: loss=5.370867[0m
( 27.775s) Epoch 175/500: loss=[32m5.367734[0m
( 27.532s) Epoch 176/500: loss=5.370415[0m
( 27.602s) Epoch 177/500: loss=5.370497[0m
( 27.699s) Epoch 178/500: loss=[32m5.367135[0m
( 27.690s) Epoch 179/500: loss=[32m5.365643[0m
( 27.633s) Epoch 180/500: loss=5.367484[0m
( 27.597s) Epoch 181/500: loss=5.366086[0m
( 27.717s) Epoch 182/500: loss=5.368139[0m
( 27.759s) Epoch 183/500: loss=[32m5.364628[0m
( 27.668s) Epoch 184/500: loss=5.368484[0m
( 27.551s) Epoch 185/500: loss=5.366668[0m
( 27.687s) Epoch 186/500: loss=5.366159[0m
( 27.711s) Epoch 187/500: loss=5.365763[0m
( 27.729s) Epoch 188/500: loss=5.365232[0m
( 27.699s) Epoch 189/500: loss=5.367496[0m
( 27.723s) Epoch 190/500: loss=[32m5.364160[0m
( 27.666s) Epoch 191/500: loss=5.365639[0m
( 27.662s) Epoch 192/500: loss=5.367641[0m
( 27.716s) Epoch 193/500: loss=5.366775[0m
( 27.716s) Epoch 194/500: loss=5.364972[0m
( 27.619s) Epoch 195/500: loss=5.378034[0m
( 27.632s) Epoch 196/500: loss=5.365954[0m
( 27.663s) Epoch 197/500: loss=5.364589[0m
( 27.683s) Epoch 198/500: loss=5.364779[0m
( 27.736s) Epoch 199/500: loss=5.364320[0m
( 27.658s) Epoch 200/500: loss=[32m5.364049[0m
( 27.585s) Epoch 201/500: loss=[32m5.363540[0m
( 27.705s) Epoch 202/500: loss=5.365102[0m
( 27.622s) Epoch 203/500: loss=[32m5.362275[0m
( 27.575s) Epoch 204/500: loss=5.362529[0m
( 27.630s) Epoch 205/500: loss=5.363511[0m
( 27.600s) Epoch 206/500: loss=5.365883[0m
( 27.670s) Epoch 207/500: loss=[32m5.359306[0m
( 27.681s) Epoch 208/500: loss=5.362352[0m
( 27.627s) Epoch 209/500: loss=5.360685[0m
( 27.651s) Epoch 210/500: loss=5.363137[0m
( 27.585s) Epoch 211/500: loss=5.360410[0m
( 27.678s) Epoch 212/500: loss=5.361038[0m
( 27.650s) Epoch 213/500: loss=5.360837[0m
( 27.783s) Epoch 214/500: loss=5.361695[0m
( 27.701s) Epoch 215/500: loss=5.360452[0m
( 27.761s) Epoch 216/500: loss=5.361070[0m
( 27.712s) Epoch 217/500: loss=[32m5.358191[0m
( 27.670s) Epoch 218/500: loss=5.359440[0m
( 27.626s) Epoch 219/500: loss=5.379962[0m
( 27.623s) Epoch 220/500: loss=5.366600[0m
( 27.790s) Epoch 221/500: loss=5.367516[0m
( 27.733s) Epoch 222/500: loss=5.360162[0m
( 27.736s) Epoch 223/500: loss=5.361142[0m
( 27.712s) Epoch 224/500: loss=[32m5.357584[0m
( 27.653s) Epoch 225/500: loss=5.359828[0m
( 27.643s) Epoch 226/500: loss=5.361340[0m
( 27.674s) Epoch 227/500: loss=5.359885[0m
( 27.660s) Epoch 228/500: loss=5.360827[0m
( 27.700s) Epoch 229/500: loss=5.357735[0m
( 27.728s) Epoch 230/500: loss=5.359075[0m
( 27.623s) Epoch 231/500: loss=5.358161[0m
( 27.688s) Epoch 232/500: loss=[32m5.356364[0m
( 27.728s) Epoch 233/500: loss=5.360916[0m
( 27.695s) Epoch 234/500: loss=5.358959[0m
( 27.705s) Epoch 235/500: loss=[32m5.354488[0m
( 27.677s) Epoch 236/500: loss=5.358942[0m
( 27.793s) Epoch 237/500: loss=5.355620[0m
( 27.806s) Epoch 238/500: loss=5.357658[0m
( 27.621s) Epoch 239/500: loss=5.356008[0m
( 27.716s) Epoch 240/500: loss=5.354777[0m
( 27.602s) Epoch 241/500: loss=5.356799[0m
( 27.651s) Epoch 242/500: loss=5.356848[0m
( 27.669s) Epoch 243/500: loss=5.355214[0m
( 27.679s) Epoch 244/500: loss=5.357044[0m
( 27.762s) Epoch 245/500: loss=[32m5.354326[0m
( 27.662s) Epoch 246/500: loss=5.355124[0m
( 27.795s) Epoch 247/500: loss=5.356936[0m
( 27.629s) Epoch 248/500: loss=5.357964[0m
( 27.727s) Epoch 249/500: loss=[32m5.353794[0m
( 27.716s) Epoch 250/500: loss=5.362555[0m
( 27.774s) Epoch 251/500: loss=5.355727[0m
( 27.736s) Epoch 252/500: loss=5.355691[0m
( 27.782s) Epoch 253/500: loss=5.354414[0m
( 27.796s) Epoch 254/500: loss=5.355485[0m
( 27.635s) Epoch 255/500: loss=5.354683[0m
( 27.740s) Epoch 256/500: loss=5.353903[0m
( 27.666s) Epoch 257/500: loss=[32m5.353284[0m
( 27.761s) Epoch 258/500: loss=[32m5.352405[0m
( 27.648s) Epoch 259/500: loss=5.352503[0m
( 27.756s) Epoch 260/500: loss=5.353481[0m
( 27.701s) Epoch 261/500: loss=[32m5.351985[0m
( 27.644s) Epoch 262/500: loss=5.352409[0m
( 27.710s) Epoch 263/500: loss=5.354076[0m
( 27.722s) Epoch 264/500: loss=5.352083[0m
( 27.773s) Epoch 265/500: loss=5.353602[0m
( 27.683s) Epoch 266/500: loss=5.352364[0m
( 27.651s) Epoch 267/500: loss=5.352642[0m
( 27.681s) Epoch 268/500: loss=[32m5.351337[0m
( 27.824s) Epoch 269/500: loss=5.352563[0m
( 27.608s) Epoch 270/500: loss=5.354155[0m
( 27.646s) Epoch 271/500: loss=5.352773[0m
( 27.697s) Epoch 272/500: loss=[32m5.350352[0m
( 27.660s) Epoch 273/500: loss=[32m5.349045[0m
( 27.708s) Epoch 274/500: loss=5.350777[0m
( 27.615s) Epoch 275/500: loss=5.360323[0m
( 27.693s) Epoch 276/500: loss=5.351757[0m
( 27.727s) Epoch 277/500: loss=5.350153[0m
( 27.736s) Epoch 278/500: loss=5.349754[0m
( 27.711s) Epoch 279/500: loss=5.351250[0m
( 27.820s) Epoch 280/500: loss=[32m5.348711[0m
( 27.660s) Epoch 281/500: loss=5.350133[0m
( 27.728s) Epoch 282/500: loss=5.349426[0m
( 27.763s) Epoch 283/500: loss=[32m5.348468[0m
( 27.800s) Epoch 284/500: loss=5.348852[0m
( 27.663s) Epoch 285/500: loss=5.350483[0m
( 27.681s) Epoch 286/500: loss=5.349240[0m
( 27.654s) Epoch 287/500: loss=5.349615[0m
( 27.618s) Epoch 288/500: loss=5.351576[0m
( 27.674s) Epoch 289/500: loss=[32m5.348458[0m
( 27.707s) Epoch 290/500: loss=[32m5.348151[0m
( 27.748s) Epoch 291/500: loss=5.349303[0m
( 27.732s) Epoch 292/500: loss=[32m5.348092[0m
( 27.625s) Epoch 293/500: loss=5.349014[0m
( 27.595s) Epoch 294/500: loss=[32m5.346705[0m
( 27.662s) Epoch 295/500: loss=5.347088[0m
( 27.772s) Epoch 296/500: loss=5.347619[0m
( 27.665s) Epoch 297/500: loss=[32m5.346693[0m
( 27.695s) Epoch 298/500: loss=5.347243[0m
( 27.643s) Epoch 299/500: loss=5.349023[0m
( 27.736s) Epoch 300/500: loss=[32m5.346482[0m
( 27.704s) Epoch 301/500: loss=[32m5.346317[0m
( 27.583s) Epoch 302/500: loss=[32m5.344167[0m
( 27.652s) Epoch 303/500: loss=5.347739[0m
( 27.692s) Epoch 304/500: loss=5.346743[0m
( 27.703s) Epoch 305/500: loss=5.346484[0m
( 27.712s) Epoch 306/500: loss=5.346127[0m
( 27.825s) Epoch 307/500: loss=5.346599[0m
( 27.763s) Epoch 308/500: loss=5.346119[0m
( 27.700s) Epoch 309/500: loss=5.346732[0m
( 27.732s) Epoch 310/500: loss=5.346065[0m
( 27.742s) Epoch 311/500: loss=[32m5.343505[0m
( 27.683s) Epoch 312/500: loss=5.344789[0m
( 27.750s) Epoch 313/500: loss=5.345938[0m
( 27.660s) Epoch 314/500: loss=5.345213[0m
( 27.754s) Epoch 315/500: loss=5.343515[0m
( 27.721s) Epoch 316/500: loss=[32m5.343426[0m
( 27.770s) Epoch 317/500: loss=5.344029[0m
( 27.661s) Epoch 318/500: loss=5.344693[0m
( 27.761s) Epoch 319/500: loss=5.346717[0m
( 27.634s) Epoch 320/500: loss=[32m5.343199[0m
( 27.712s) Epoch 321/500: loss=5.343323[0m
( 27.790s) Epoch 322/500: loss=5.344299[0m
( 27.786s) Epoch 323/500: loss=[32m5.342080[0m
( 27.834s) Epoch 324/500: loss=5.342883[0m
( 27.622s) Epoch 325/500: loss=5.343912[0m
( 27.823s) Epoch 326/500: loss=[32m5.341650[0m
( 27.678s) Epoch 327/500: loss=5.342671[0m
( 27.793s) Epoch 328/500: loss=5.343597[0m
( 27.654s) Epoch 329/500: loss=5.342569[0m
( 27.724s) Epoch 330/500: loss=[32m5.341503[0m
( 27.740s) Epoch 331/500: loss=[32m5.341292[0m
( 27.715s) Epoch 332/500: loss=5.343347[0m
( 27.680s) Epoch 333/500: loss=[32m5.340247[0m
( 27.632s) Epoch 334/500: loss=5.343672[0m
( 27.641s) Epoch 335/500: loss=5.342049[0m
( 27.577s) Epoch 336/500: loss=[32m5.338954[0m
( 27.647s) Epoch 337/500: loss=5.341592[0m
( 27.635s) Epoch 338/500: loss=5.340387[0m
( 27.721s) Epoch 339/500: loss=5.341176[0m
( 27.643s) Epoch 340/500: loss=5.339893[0m
( 27.778s) Epoch 341/500: loss=5.341872[0m
( 27.695s) Epoch 342/500: loss=5.339564[0m
( 27.727s) Epoch 343/500: loss=5.339954[0m
( 27.659s) Epoch 344/500: loss=5.341083[0m
( 27.584s) Epoch 345/500: loss=5.340839[0m
( 27.677s) Epoch 346/500: loss=5.340069[0m
( 27.797s) Epoch 347/500: loss=[32m5.338448[0m
( 27.652s) Epoch 348/500: loss=5.339826[0m
( 27.694s) Epoch 349/500: loss=5.341638[0m
( 27.717s) Epoch 350/500: loss=5.338657[0m
( 27.659s) Epoch 351/500: loss=5.340992[0m
( 27.742s) Epoch 352/500: loss=5.342899[0m
( 27.742s) Epoch 353/500: loss=5.338967[0m
( 27.823s) Epoch 354/500: loss=5.339297[0m
( 27.780s) Epoch 355/500: loss=5.339205[0m
( 27.797s) Epoch 356/500: loss=[32m5.338263[0m
( 27.703s) Epoch 357/500: loss=5.339236[0m
( 27.682s) Epoch 358/500: loss=5.338393[0m
( 27.647s) Epoch 359/500: loss=[32m5.337890[0m
( 27.658s) Epoch 360/500: loss=5.339511[0m
( 27.685s) Epoch 361/500: loss=[32m5.337152[0m
( 27.752s) Epoch 362/500: loss=5.339182[0m
( 27.721s) Epoch 363/500: loss=5.338926[0m
( 27.699s) Epoch 364/500: loss=5.338909[0m
( 27.595s) Epoch 365/500: loss=5.337672[0m
( 27.687s) Epoch 366/500: loss=5.340757[0m
( 27.674s) Epoch 367/500: loss=5.337919[0m
( 27.720s) Epoch 368/500: loss=5.337592[0m
( 27.788s) Epoch 369/500: loss=5.339158[0m
( 27.741s) Epoch 370/500: loss=5.337609[0m
( 27.650s) Epoch 371/500: loss=5.338767[0m
( 27.627s) Epoch 372/500: loss=5.338102[0m
( 27.653s) Epoch 373/500: loss=5.339539[0m
( 27.668s) Epoch 374/500: loss=5.338357[0m
( 27.672s) Epoch 375/500: loss=[32m5.335813[0m
( 27.713s) Epoch 376/500: loss=5.338016[0m
( 27.785s) Epoch 377/500: loss=5.336481[0m
( 27.819s) Epoch 378/500: loss=5.337339[0m
( 27.662s) Epoch 379/500: loss=[32m5.335576[0m
( 27.583s) Epoch 380/500: loss=[32m5.334081[0m
( 27.689s) Epoch 381/500: loss=5.335201[0m
( 27.685s) Epoch 382/500: loss=5.337231[0m
( 27.755s) Epoch 383/500: loss=5.336170[0m
( 27.581s) Epoch 384/500: loss=5.338236[0m
( 27.775s) Epoch 385/500: loss=5.335410[0m
( 27.738s) Epoch 386/500: loss=5.336420[0m
( 27.650s) Epoch 387/500: loss=5.336322[0m
( 27.619s) Epoch 388/500: loss=5.337872[0m
( 27.679s) Epoch 389/500: loss=5.336100[0m
( 27.695s) Epoch 390/500: loss=[32m5.333240[0m
( 27.620s) Epoch 391/500: loss=5.336311[0m
( 27.671s) Epoch 392/500: loss=5.336168[0m
( 27.839s) Epoch 393/500: loss=5.335148[0m
( 27.784s) Epoch 394/500: loss=5.334829[0m
( 27.662s) Epoch 395/500: loss=5.335129[0m
( 27.668s) Epoch 396/500: loss=5.334676[0m
( 27.717s) Epoch 397/500: loss=5.335868[0m
( 27.699s) Epoch 398/500: loss=[32m5.332485[0m
( 27.719s) Epoch 399/500: loss=5.335686[0m
( 27.783s) Epoch 400/500: loss=5.334307[0m
( 27.799s) Epoch 401/500: loss=[32m5.331368[0m
( 27.774s) Epoch 402/500: loss=5.335467[0m
( 27.792s) Epoch 403/500: loss=5.335687[0m
( 27.743s) Epoch 404/500: loss=5.334786[0m
( 27.630s) Epoch 405/500: loss=5.332726[0m
( 27.726s) Epoch 406/500: loss=5.334255[0m
( 27.672s) Epoch 407/500: loss=5.332551[0m
( 27.766s) Epoch 408/500: loss=5.334809[0m
( 27.827s) Epoch 409/500: loss=5.332680[0m
( 27.698s) Epoch 410/500: loss=5.332847[0m
( 27.686s) Epoch 411/500: loss=5.332562[0m
( 27.759s) Epoch 412/500: loss=5.332583[0m
( 27.747s) Epoch 413/500: loss=5.333094[0m
( 27.701s) Epoch 414/500: loss=5.333653[0m
( 27.713s) Epoch 415/500: loss=[32m5.331309[0m
( 27.846s) Epoch 416/500: loss=5.332418[0m
( 27.722s) Epoch 417/500: loss=5.334204[0m
( 27.681s) Epoch 418/500: loss=5.333411[0m
( 27.718s) Epoch 419/500: loss=5.332398[0m
( 27.676s) Epoch 420/500: loss=5.333728[0m
( 27.628s) Epoch 421/500: loss=5.332758[0m
( 27.678s) Epoch 422/500: loss=5.331923[0m
( 27.699s) Epoch 423/500: loss=5.332677[0m
( 27.810s) Epoch 424/500: loss=5.332830[0m
( 27.699s) Epoch 425/500: loss=5.331461[0m
( 27.759s) Epoch 426/500: loss=5.332721[0m
( 27.695s) Epoch 427/500: loss=5.331440[0m
( 27.675s) Epoch 428/500: loss=5.334165[0m
( 27.650s) Epoch 429/500: loss=5.333058[0m
( 27.751s) Epoch 430/500: loss=[32m5.331089[0m
( 27.770s) Epoch 431/500: loss=5.331125[0m
( 27.808s) Epoch 432/500: loss=5.333093[0m
( 27.890s) Epoch 433/500: loss=5.331385[0m
( 27.676s) Epoch 434/500: loss=5.333684[0m
( 27.685s) Epoch 435/500: loss=5.333484[0m
( 27.637s) Epoch 436/500: loss=[32m5.330798[0m
( 27.627s) Epoch 437/500: loss=5.331802[0m
( 27.714s) Epoch 438/500: loss=5.332694[0m
( 27.755s) Epoch 439/500: loss=[32m5.330115[0m
( 27.829s) Epoch 440/500: loss=5.331621[0m
( 27.902s) Epoch 441/500: loss=5.331605[0m
( 27.763s) Epoch 442/500: loss=[32m5.329828[0m
( 27.862s) Epoch 443/500: loss=5.330137[0m
( 27.679s) Epoch 444/500: loss=[32m5.328328[0m
( 27.732s) Epoch 445/500: loss=5.331566[0m
( 27.688s) Epoch 446/500: loss=5.329936[0m
( 27.788s) Epoch 447/500: loss=5.328750[0m
( 27.803s) Epoch 448/500: loss=5.332384[0m
( 27.645s) Epoch 449/500: loss=5.331190[0m
( 27.669s) Epoch 450/500: loss=5.330149[0m
( 27.630s) Epoch 451/500: loss=5.330366[0m
( 27.682s) Epoch 452/500: loss=5.329592[0m
( 27.632s) Epoch 453/500: loss=5.330764[0m
( 27.672s) Epoch 454/500: loss=5.331801[0m
( 27.604s) Epoch 455/500: loss=5.330167[0m
( 27.773s) Epoch 456/500: loss=5.329967[0m
( 27.663s) Epoch 457/500: loss=5.333396[0m
( 27.679s) Epoch 458/500: loss=5.331287[0m
( 27.641s) Epoch 459/500: loss=5.330983[0m
( 27.705s) Epoch 460/500: loss=5.328735[0m
( 27.702s) Epoch 461/500: loss=[32m5.327418[0m
( 27.674s) Epoch 462/500: loss=5.329672[0m
( 27.670s) Epoch 463/500: loss=5.329591[0m
( 27.719s) Epoch 464/500: loss=5.330068[0m
( 27.654s) Epoch 465/500: loss=5.331413[0m
( 27.658s) Epoch 466/500: loss=5.331949[0m
( 27.715s) Epoch 467/500: loss=5.329809[0m
( 27.699s) Epoch 468/500: loss=5.330145[0m
( 27.587s) Epoch 469/500: loss=5.330229[0m
( 27.773s) Epoch 470/500: loss=5.328447[0m
( 27.735s) Epoch 471/500: loss=5.329880[0m
( 27.673s) Epoch 472/500: loss=5.330368[0m
( 27.728s) Epoch 473/500: loss=5.330036[0m
( 27.755s) Epoch 474/500: loss=5.329902[0m
( 27.652s) Epoch 475/500: loss=5.329348[0m
( 27.668s) Epoch 476/500: loss=5.330129[0m
( 27.727s) Epoch 477/500: loss=5.331416[0m
( 27.713s) Epoch 478/500: loss=5.328337[0m
( 27.765s) Epoch 479/500: loss=5.331473[0m
( 27.926s) Epoch 480/500: loss=5.330437[0m
( 27.697s) Epoch 481/500: loss=[32m5.326873[0m
( 27.793s) Epoch 482/500: loss=5.328887[0m
( 27.741s) Epoch 483/500: loss=5.329459[0m
( 27.759s) Epoch 484/500: loss=5.331378[0m
( 27.757s) Epoch 485/500: loss=5.330317[0m
( 27.747s) Epoch 486/500: loss=5.330231[0m
( 27.756s) Epoch 487/500: loss=5.330264[0m
( 27.783s) Epoch 488/500: loss=5.329376[0m
( 27.749s) Epoch 489/500: loss=5.330332[0m
( 27.736s) Epoch 490/500: loss=5.329643[0m
( 27.656s) Epoch 491/500: loss=5.330059[0m
( 27.638s) Epoch 492/500: loss=5.330167[0m
( 27.671s) Epoch 493/500: loss=5.331759[0m
( 27.744s) Epoch 494/500: loss=5.329500[0m
( 27.781s) Epoch 495/500: loss=5.328266[0m
( 27.604s) Epoch 496/500: loss=5.328753[0m
( 27.704s) Epoch 497/500: loss=5.332121[0m
( 27.704s) Epoch 498/500: loss=5.329608[0m
( 27.779s) Epoch 499/500: loss=5.328925[0m
( 27.553s) Epoch 500/500: loss=5.331671[0m
Training for 500 epochs took 13856.041s total and 27.712s average
Calculating mean of transformed dataset using the best model state ... 7.380s
Saving best model and options to /home/aditya.bharti/FewShot/miniImgnet_resnet18 /CropColor.pth
