Starting Training on:
Train:  60 classes
Valid:  20 classes
Test:   20 classes
------------------
( 25.955s) Epoch 001/100: loss=[32m6.084419[0m
( 25.507s) Epoch 002/100: loss=[32m5.918328[0m
( 25.460s) Epoch 003/100: loss=[32m5.857654[0m
( 25.567s) Epoch 004/100: loss=[32m5.815174[0m
( 25.544s) Epoch 005/100: loss=[32m5.785723[0m  ( 11.173s)  train_acc=[32m-0.001440[0m val_acc=[32m-0.004121[0m test_acc=[32m-0.004244[0m
( 24.681s) Epoch 006/100: loss=[32m5.762433[0m
( 25.420s) Epoch 007/100: loss=[32m5.721880[0m
( 25.427s) Epoch 008/100: loss=[32m5.700602[0m
( 25.520s) Epoch 009/100: loss=[32m5.662833[0m
( 25.452s) Epoch 010/100: loss=[32m5.647127[0m  ( 10.996s)  train_acc=-0.001651[0m val_acc=[32m0.615933[0m test_acc=[32m0.612107[0m
( 24.679s) Epoch 011/100: loss=[32m5.623498[0m
( 25.478s) Epoch 012/100: loss=[32m5.608504[0m
( 25.501s) Epoch 013/100: loss=[32m5.597798[0m
( 25.560s) Epoch 014/100: loss=[32m5.585884[0m
( 25.556s) Epoch 015/100: loss=[32m5.567118[0m  ( 11.137s)  train_acc=-0.001620[0m val_acc=[32m0.618668[0m test_acc=[32m0.614127[0m
( 24.608s) Epoch 016/100: loss=[32m5.558463[0m
( 25.504s) Epoch 017/100: loss=[32m5.551613[0m
( 25.401s) Epoch 018/100: loss=[32m5.538915[0m
( 25.554s) Epoch 019/100: loss=[32m5.528749[0m
( 25.578s) Epoch 020/100: loss=[32m5.523499[0m  ( 11.309s)  train_acc=-0.001551[0m val_acc=-0.004750[0m test_acc=-0.004881[0m
( 24.666s) Epoch 021/100: loss=[32m5.519292[0m
( 25.560s) Epoch 022/100: loss=[32m5.507345[0m
( 25.521s) Epoch 023/100: loss=[32m5.493375[0m
( 25.550s) Epoch 024/100: loss=5.494741[0m
( 25.505s) Epoch 025/100: loss=[32m5.482955[0m  ( 11.139s)  train_acc=-0.001628[0m val_acc=-0.005300[0m test_acc=-0.004579[0m
( 24.660s) Epoch 026/100: loss=[32m5.479047[0m
( 25.415s) Epoch 027/100: loss=[32m5.469749[0m
( 25.466s) Epoch 028/100: loss=[32m5.462010[0m
( 25.609s) Epoch 029/100: loss=[32m5.460950[0m
( 25.511s) Epoch 030/100: loss=[32m5.444212[0m  ( 11.166s)  train_acc=-0.001643[0m val_acc=[32m0.650375[0m test_acc=[32m0.650759[0m
( 24.625s) Epoch 031/100: loss=5.446474[0m
( 25.391s) Epoch 032/100: loss=[32m5.442684[0m
( 25.578s) Epoch 033/100: loss=[32m5.436452[0m
( 25.533s) Epoch 034/100: loss=[32m5.436206[0m
( 25.409s) Epoch 035/100: loss=[32m5.434405[0m  ( 11.130s)  train_acc=-0.001546[0m val_acc=[32m0.650747[0m test_acc=[32m0.651822[0m
( 24.657s) Epoch 036/100: loss=[32m5.431693[0m
( 25.452s) Epoch 037/100: loss=[32m5.426202[0m
( 25.399s) Epoch 038/100: loss=5.426279[0m
( 25.385s) Epoch 039/100: loss=[32m5.425527[0m
( 25.505s) Epoch 040/100: loss=[32m5.424762[0m  ( 11.259s)  train_acc=-0.001594[0m val_acc=0.622884[0m test_acc=0.620923[0m
( 24.647s) Epoch 041/100: loss=[32m5.422703[0m
( 25.333s) Epoch 042/100: loss=[32m5.418034[0m
( 25.480s) Epoch 043/100: loss=5.419675[0m
( 25.390s) Epoch 044/100: loss=[32m5.414697[0m
( 25.433s) Epoch 045/100: loss=[32m5.412513[0m  ( 11.255s)  train_acc=-0.001476[0m val_acc=0.621633[0m test_acc=0.621677[0m
( 24.569s) Epoch 046/100: loss=5.414847[0m
( 25.395s) Epoch 047/100: loss=[32m5.409008[0m
( 25.436s) Epoch 048/100: loss=[32m5.408658[0m
( 25.423s) Epoch 049/100: loss=[32m5.406983[0m
( 25.521s) Epoch 050/100: loss=[32m5.404171[0m  ( 11.131s)  train_acc=-0.001655[0m val_acc=[32m0.651689[0m test_acc=[32m0.651977[0m
( 24.607s) Epoch 051/100: loss=5.407781[0m
( 25.374s) Epoch 052/100: loss=5.408270[0m
( 25.450s) Epoch 053/100: loss=5.405264[0m
( 25.399s) Epoch 054/100: loss=[32m5.402288[0m
( 25.436s) Epoch 055/100: loss=5.404202[0m  ( 11.263s)  train_acc=-0.001671[0m val_acc=-0.005069[0m test_acc=-0.004575[0m
( 24.614s) Epoch 056/100: loss=[32m5.401869[0m
( 25.417s) Epoch 057/100: loss=5.402063[0m
( 25.464s) Epoch 058/100: loss=[32m5.397942[0m
( 25.445s) Epoch 059/100: loss=5.400905[0m
( 25.416s) Epoch 060/100: loss=5.399822[0m  ( 11.070s)  train_acc=-0.001660[0m val_acc=-0.005153[0m test_acc=-0.004863[0m
( 24.695s) Epoch 061/100: loss=[32m5.396362[0m
( 25.356s) Epoch 062/100: loss=5.396995[0m
( 25.391s) Epoch 063/100: loss=[32m5.393713[0m
( 25.384s) Epoch 064/100: loss=5.396002[0m
( 25.419s) Epoch 065/100: loss=5.396342[0m  ( 11.159s)  train_acc=-0.001611[0m val_acc=-0.005255[0m test_acc=-0.004576[0m
( 24.619s) Epoch 066/100: loss=5.394312[0m
( 25.449s) Epoch 067/100: loss=5.395945[0m
( 25.387s) Epoch 068/100: loss=5.394307[0m
( 25.407s) Epoch 069/100: loss=5.394254[0m
( 25.386s) Epoch 070/100: loss=5.394362[0m  ( 11.261s)  train_acc=-0.001692[0m val_acc=-0.005076[0m test_acc=-0.004356[0m
( 24.585s) Epoch 071/100: loss=[32m5.390782[0m
( 25.306s) Epoch 072/100: loss=5.391783[0m
( 25.430s) Epoch 073/100: loss=5.392484[0m
( 25.419s) Epoch 074/100: loss=5.390946[0m
( 25.402s) Epoch 075/100: loss=[32m5.389784[0m  ( 11.140s)  train_acc=-0.001582[0m val_acc=-0.005102[0m test_acc=-0.004374[0m
( 24.634s) Epoch 076/100: loss=5.390353[0m
( 25.351s) Epoch 077/100: loss=[32m5.388977[0m
( 25.362s) Epoch 078/100: loss=5.389094[0m
( 25.441s) Epoch 079/100: loss=[32m5.385032[0m
( 25.416s) Epoch 080/100: loss=5.388391[0m  ( 11.287s)  train_acc=-0.001618[0m val_acc=-0.005130[0m test_acc=-0.004586[0m
( 24.564s) Epoch 081/100: loss=5.388808[0m
( 25.379s) Epoch 082/100: loss=5.390790[0m
( 25.426s) Epoch 083/100: loss=5.388407[0m
( 25.471s) Epoch 084/100: loss=5.387533[0m
( 25.351s) Epoch 085/100: loss=5.388097[0m  ( 11.229s)  train_acc=-0.001566[0m val_acc=-0.004948[0m test_acc=-0.004759[0m
( 24.552s) Epoch 086/100: loss=5.386501[0m
( 25.323s) Epoch 087/100: loss=5.387917[0m
( 25.397s) Epoch 088/100: loss=5.388293[0m
( 25.390s) Epoch 089/100: loss=5.386950[0m
( 25.431s) Epoch 090/100: loss=5.390346[0m  ( 10.857s)  train_acc=-0.001716[0m val_acc=-0.005107[0m test_acc=-0.004225[0m
( 24.577s) Epoch 091/100: loss=5.390718[0m
( 25.401s) Epoch 092/100: loss=5.387167[0m
( 25.396s) Epoch 093/100: loss=5.386448[0m
( 25.419s) Epoch 094/100: loss=5.388105[0m
( 25.453s) Epoch 095/100: loss=5.388186[0m  ( 11.157s)  train_acc=-0.001614[0m val_acc=-0.005112[0m test_acc=-0.004601[0m
( 24.579s) Epoch 096/100: loss=5.386247[0m
( 25.358s) Epoch 097/100: loss=5.387865[0m
( 25.311s) Epoch 098/100: loss=5.387979[0m
( 25.366s) Epoch 099/100: loss=5.387265[0m
( 25.335s) Epoch 100/100: loss=5.387817[0m  (  9.620s)  train_acc=-0.001569[0m val_acc=-0.005174[0m test_acc=-0.004765[0m
Training for 100 epochs took 2528.915s total and 25.289s average
Saving best model and options to fc100_experiments/CropResize_GaussBlur_runs/run2.pth
