Starting Training on:
Train:  60 classes
Valid:  20 classes
Test:   20 classes
------------------
( 25.778s) Epoch 001/100: loss=[32m6.077950[0m
( 25.220s) Epoch 002/100: loss=[32m5.886101[0m
( 25.209s) Epoch 003/100: loss=[32m5.809252[0m
( 25.281s) Epoch 004/100: loss=[32m5.766197[0m
( 25.319s) Epoch 005/100: loss=[32m5.720204[0m  ( 11.783s)  train_acc=[32m-0.001446[0m val_acc=[32m0.645567[0m test_acc=[32m0.642169[0m
( 24.535s) Epoch 006/100: loss=[32m5.697638[0m
( 25.290s) Epoch 007/100: loss=[32m5.680406[0m
( 25.269s) Epoch 008/100: loss=[32m5.656700[0m
( 25.280s) Epoch 009/100: loss=[32m5.642436[0m
( 25.249s) Epoch 010/100: loss=[32m5.623006[0m  ( 11.064s)  train_acc=-0.001536[0m val_acc=0.614509[0m test_acc=0.617198[0m
( 24.560s) Epoch 011/100: loss=[32m5.607604[0m
( 25.211s) Epoch 012/100: loss=[32m5.596793[0m
( 25.235s) Epoch 013/100: loss=[32m5.587675[0m
( 25.270s) Epoch 014/100: loss=[32m5.577258[0m
( 25.339s) Epoch 015/100: loss=[32m5.563627[0m  ( 11.157s)  train_acc=-0.001537[0m val_acc=0.616802[0m test_acc=0.619596[0m
( 24.570s) Epoch 016/100: loss=[32m5.552676[0m
( 25.233s) Epoch 017/100: loss=[32m5.545752[0m
( 25.265s) Epoch 018/100: loss=[32m5.527039[0m
( 25.304s) Epoch 019/100: loss=[32m5.505592[0m
( 25.352s) Epoch 020/100: loss=[32m5.495372[0m  ( 11.130s)  train_acc=-0.001552[0m val_acc=0.616635[0m test_acc=0.621095[0m
( 24.503s) Epoch 021/100: loss=[32m5.480607[0m
( 25.198s) Epoch 022/100: loss=[32m5.479130[0m
( 25.321s) Epoch 023/100: loss=[32m5.469718[0m
( 25.264s) Epoch 024/100: loss=[32m5.462550[0m
( 25.335s) Epoch 025/100: loss=[32m5.454161[0m  ( 11.114s)  train_acc=-0.001580[0m val_acc=[32m0.649000[0m test_acc=[32m0.650679[0m
( 24.615s) Epoch 026/100: loss=[32m5.452724[0m
( 25.305s) Epoch 027/100: loss=[32m5.450513[0m
( 25.299s) Epoch 028/100: loss=5.450998[0m
( 25.326s) Epoch 029/100: loss=[32m5.446499[0m
( 25.278s) Epoch 030/100: loss=[32m5.443619[0m  ( 10.990s)  train_acc=-0.001574[0m val_acc=0.648768[0m test_acc=[32m0.985678[0m
( 24.635s) Epoch 031/100: loss=5.445015[0m
( 25.315s) Epoch 032/100: loss=[32m5.439550[0m
( 25.276s) Epoch 033/100: loss=[32m5.433683[0m
( 25.289s) Epoch 034/100: loss=5.434531[0m
( 25.384s) Epoch 035/100: loss=[32m5.431341[0m  ( 11.100s)  train_acc=-0.001647[0m val_acc=0.648934[0m test_acc=0.652384[0m
( 24.511s) Epoch 036/100: loss=[32m5.429452[0m
( 25.268s) Epoch 037/100: loss=[32m5.428198[0m
( 25.311s) Epoch 038/100: loss=[32m5.427705[0m
( 25.344s) Epoch 039/100: loss=[32m5.427683[0m
( 25.330s) Epoch 040/100: loss=[32m5.424552[0m  ( 11.216s)  train_acc=-0.001601[0m val_acc=[32m0.650954[0m test_acc=0.650075[0m
( 24.607s) Epoch 041/100: loss=[32m5.421410[0m
( 25.242s) Epoch 042/100: loss=[32m5.421151[0m
( 25.282s) Epoch 043/100: loss=5.422453[0m
( 25.341s) Epoch 044/100: loss=[32m5.416576[0m
( 25.368s) Epoch 045/100: loss=5.417736[0m  ( 11.163s)  train_acc=-0.001526[0m val_acc=0.513092[0m test_acc=0.513123[0m
( 24.609s) Epoch 046/100: loss=5.416918[0m
( 25.210s) Epoch 047/100: loss=[32m5.413710[0m
( 25.272s) Epoch 048/100: loss=5.417720[0m
( 25.274s) Epoch 049/100: loss=[32m5.413510[0m
( 25.341s) Epoch 050/100: loss=5.416782[0m  ( 11.147s)  train_acc=-0.001675[0m val_acc=0.445149[0m test_acc=0.445229[0m
( 24.567s) Epoch 051/100: loss=[32m5.410621[0m
( 25.257s) Epoch 052/100: loss=5.411674[0m
( 25.298s) Epoch 053/100: loss=5.411944[0m
( 25.290s) Epoch 054/100: loss=[32m5.409160[0m
( 25.358s) Epoch 055/100: loss=[32m5.408110[0m  ( 11.273s)  train_acc=-0.001673[0m val_acc=0.620559[0m test_acc=0.621687[0m
( 24.627s) Epoch 056/100: loss=[32m5.405425[0m
( 25.318s) Epoch 057/100: loss=5.406929[0m
( 25.285s) Epoch 058/100: loss=5.405899[0m
( 25.304s) Epoch 059/100: loss=5.407372[0m
( 25.348s) Epoch 060/100: loss=5.407005[0m  ( 11.565s)  train_acc=-0.001693[0m val_acc=0.620368[0m test_acc=0.622220[0m
( 24.581s) Epoch 061/100: loss=[32m5.402734[0m
( 25.267s) Epoch 062/100: loss=5.404000[0m
( 25.285s) Epoch 063/100: loss=5.402947[0m
( 25.283s) Epoch 064/100: loss=5.405388[0m
( 25.345s) Epoch 065/100: loss=5.405513[0m  ( 11.230s)  train_acc=-0.001665[0m val_acc=0.370014[0m test_acc=0.983084[0m
( 24.560s) Epoch 066/100: loss=[32m5.402308[0m
( 25.274s) Epoch 067/100: loss=[32m5.402241[0m
( 25.270s) Epoch 068/100: loss=5.403220[0m
( 25.354s) Epoch 069/100: loss=5.404319[0m
( 25.347s) Epoch 070/100: loss=[32m5.402023[0m  ( 11.489s)  train_acc=-0.001617[0m val_acc=0.620335[0m test_acc=0.622542[0m
( 24.588s) Epoch 071/100: loss=5.403950[0m
( 25.304s) Epoch 072/100: loss=[32m5.396861[0m
( 25.301s) Epoch 073/100: loss=5.402484[0m
( 25.319s) Epoch 074/100: loss=5.399734[0m
( 25.370s) Epoch 075/100: loss=5.399528[0m  ( 11.021s)  train_acc=-0.001631[0m val_acc=0.620304[0m test_acc=0.622686[0m
( 24.605s) Epoch 076/100: loss=5.400946[0m
( 25.283s) Epoch 077/100: loss=5.401670[0m
( 25.316s) Epoch 078/100: loss=5.399893[0m
( 25.314s) Epoch 079/100: loss=5.403585[0m
( 25.345s) Epoch 080/100: loss=5.400051[0m  ( 11.045s)  train_acc=-0.001672[0m val_acc=0.650829[0m test_acc=0.652333[0m
( 24.655s) Epoch 081/100: loss=5.401224[0m
( 25.245s) Epoch 082/100: loss=5.402953[0m
( 25.325s) Epoch 083/100: loss=5.399091[0m
( 25.373s) Epoch 084/100: loss=5.402482[0m
( 25.369s) Epoch 085/100: loss=5.397851[0m  ( 11.075s)  train_acc=-0.001710[0m val_acc=0.621104[0m test_acc=0.622022[0m
( 24.617s) Epoch 086/100: loss=[32m5.396029[0m
( 25.283s) Epoch 087/100: loss=5.400077[0m
( 25.341s) Epoch 088/100: loss=5.402548[0m
( 25.340s) Epoch 089/100: loss=5.399970[0m
( 25.385s) Epoch 090/100: loss=5.402043[0m  ( 11.412s)  train_acc=-0.001587[0m val_acc=0.199118[0m test_acc=0.984644[0m
( 24.554s) Epoch 091/100: loss=5.399133[0m
( 25.300s) Epoch 092/100: loss=5.397604[0m
( 25.338s) Epoch 093/100: loss=5.400926[0m
( 25.307s) Epoch 094/100: loss=5.403302[0m
( 25.317s) Epoch 095/100: loss=5.398913[0m  ( 11.465s)  train_acc=-0.001669[0m val_acc=0.621220[0m test_acc=0.621922[0m
( 24.593s) Epoch 096/100: loss=5.402034[0m
( 25.284s) Epoch 097/100: loss=5.399945[0m
( 25.331s) Epoch 098/100: loss=5.398211[0m
( 25.340s) Epoch 099/100: loss=5.401046[0m
( 25.352s) Epoch 100/100: loss=5.397951[0m  (  9.837s)  train_acc=-0.001639[0m val_acc=0.622262[0m test_acc=0.622419[0m
Training for 100 epochs took 2517.035s total and 25.170s average
Saving best model and options to fc100_experiments/CropResize_GaussBlur_runs/run4.pth
