Starting Training on:
Train:  60 classes
Valid:  20 classes
Test:   20 classes
------------------
( 26.474s) Epoch 001/100: loss=[32m6.068375[0m
( 26.004s) Epoch 002/100: loss=[32m5.874693[0m
( 26.014s) Epoch 003/100: loss=[32m5.808393[0m
( 26.012s) Epoch 004/100: loss=[32m5.753233[0m
( 26.109s) Epoch 005/100: loss=[32m5.718176[0m  ( 11.738s)  train_acc=[32m-0.001621[0m val_acc=[32m-0.004804[0m test_acc=[32m-0.004744[0m
( 25.101s) Epoch 006/100: loss=[32m5.695287[0m
( 25.859s) Epoch 007/100: loss=[32m5.668223[0m
( 25.995s) Epoch 008/100: loss=[32m5.656202[0m
( 25.938s) Epoch 009/100: loss=[32m5.642502[0m
( 26.096s) Epoch 010/100: loss=[32m5.621564[0m  ( 11.643s)  train_acc=[32m-0.001432[0m val_acc=-0.004953[0m test_acc=-0.004812[0m
( 25.181s) Epoch 011/100: loss=[32m5.614702[0m
( 26.047s) Epoch 012/100: loss=[32m5.600641[0m
( 25.955s) Epoch 013/100: loss=[32m5.592916[0m
( 26.034s) Epoch 014/100: loss=[32m5.579685[0m
( 26.088s) Epoch 015/100: loss=[32m5.578339[0m  ( 11.893s)  train_acc=-0.001563[0m val_acc=-0.004900[0m test_acc=[32m-0.004573[0m
( 25.064s) Epoch 016/100: loss=[32m5.561473[0m
( 25.980s) Epoch 017/100: loss=[32m5.556503[0m
( 25.945s) Epoch 018/100: loss=[32m5.548071[0m
( 26.025s) Epoch 019/100: loss=[32m5.543338[0m
( 25.993s) Epoch 020/100: loss=[32m5.537654[0m  ( 11.635s)  train_acc=-0.001566[0m val_acc=[32m-0.004533[0m test_acc=-0.004664[0m
( 25.124s) Epoch 021/100: loss=[32m5.530334[0m
( 26.029s) Epoch 022/100: loss=[32m5.527651[0m
( 25.969s) Epoch 023/100: loss=[32m5.523229[0m
( 26.042s) Epoch 024/100: loss=[32m5.519041[0m
( 26.037s) Epoch 025/100: loss=[32m5.513063[0m  ( 11.493s)  train_acc=-0.001497[0m val_acc=[32m0.200810[0m test_acc=[32m0.201274[0m
( 25.169s) Epoch 026/100: loss=[32m5.507753[0m
( 26.006s) Epoch 027/100: loss=5.510689[0m
( 25.921s) Epoch 028/100: loss=[32m5.503170[0m
( 26.075s) Epoch 029/100: loss=[32m5.491584[0m
( 26.042s) Epoch 030/100: loss=[32m5.479371[0m  ( 11.243s)  train_acc=-0.001528[0m val_acc=-0.004439[0m test_acc=-0.004387[0m
( 25.207s) Epoch 031/100: loss=[32m5.472875[0m
( 25.917s) Epoch 032/100: loss=[32m5.468381[0m
( 26.015s) Epoch 033/100: loss=[32m5.464959[0m
( 26.024s) Epoch 034/100: loss=[32m5.460229[0m
( 26.036s) Epoch 035/100: loss=[32m5.453086[0m  ( 11.419s)  train_acc=-0.001577[0m val_acc=-0.004806[0m test_acc=-0.004189[0m
( 25.127s) Epoch 036/100: loss=5.453380[0m
( 25.974s) Epoch 037/100: loss=[32m5.449194[0m
( 25.975s) Epoch 038/100: loss=[32m5.442924[0m
( 26.108s) Epoch 039/100: loss=5.443125[0m
( 26.040s) Epoch 040/100: loss=[32m5.440860[0m  ( 11.349s)  train_acc=-0.001566[0m val_acc=0.172782[0m test_acc=0.173635[0m
( 25.233s) Epoch 041/100: loss=5.441068[0m
( 25.858s) Epoch 042/100: loss=[32m5.439634[0m
( 26.203s) Epoch 043/100: loss=[32m5.432106[0m
( 26.182s) Epoch 044/100: loss=[32m5.430550[0m
( 26.177s) Epoch 045/100: loss=5.432126[0m  ( 12.323s)  train_acc=-0.001625[0m val_acc=0.124426[0m test_acc=0.125169[0m
( 25.053s) Epoch 046/100: loss=5.432924[0m
( 26.019s) Epoch 047/100: loss=[32m5.423272[0m
( 26.071s) Epoch 048/100: loss=5.424572[0m
( 26.025s) Epoch 049/100: loss=[32m5.422865[0m
( 26.086s) Epoch 050/100: loss=5.424580[0m  ( 12.079s)  train_acc=-0.001616[0m val_acc=-0.005004[0m test_acc=-0.004281[0m
( 25.123s) Epoch 051/100: loss=[32m5.418981[0m
( 26.026s) Epoch 052/100: loss=[32m5.418324[0m
( 26.058s) Epoch 053/100: loss=5.419491[0m
( 26.103s) Epoch 054/100: loss=5.418501[0m
( 26.026s) Epoch 055/100: loss=[32m5.415052[0m  ( 11.268s)  train_acc=-0.001552[0m val_acc=[32m0.278523[0m test_acc=[32m0.278749[0m
( 25.190s) Epoch 056/100: loss=[32m5.412953[0m
( 25.985s) Epoch 057/100: loss=5.413250[0m
( 26.095s) Epoch 058/100: loss=5.413265[0m
( 26.049s) Epoch 059/100: loss=[32m5.412924[0m
( 26.076s) Epoch 060/100: loss=5.413276[0m  ( 11.259s)  train_acc=-0.001617[0m val_acc=[32m0.443904[0m test_acc=[32m0.444949[0m
( 25.258s) Epoch 061/100: loss=[32m5.408775[0m
( 25.977s) Epoch 062/100: loss=5.409734[0m
( 25.948s) Epoch 063/100: loss=[32m5.408291[0m
( 26.070s) Epoch 064/100: loss=[32m5.406095[0m
( 25.929s) Epoch 065/100: loss=[32m5.404549[0m  ( 12.031s)  train_acc=-0.001550[0m val_acc=0.278877[0m test_acc=0.280011[0m
( 25.054s) Epoch 066/100: loss=5.406814[0m
( 26.033s) Epoch 067/100: loss=5.409740[0m
( 25.984s) Epoch 068/100: loss=5.405034[0m
( 26.076s) Epoch 069/100: loss=[32m5.402928[0m
( 26.129s) Epoch 070/100: loss=[32m5.402466[0m  ( 12.031s)  train_acc=-0.001623[0m val_acc=-0.004716[0m test_acc=-0.004579[0m
( 25.229s) Epoch 071/100: loss=5.402911[0m
( 25.973s) Epoch 072/100: loss=[32m5.399333[0m
( 26.014s) Epoch 073/100: loss=5.403154[0m
( 26.024s) Epoch 074/100: loss=5.402561[0m
( 26.127s) Epoch 075/100: loss=5.404221[0m  ( 11.451s)  train_acc=-0.001609[0m val_acc=0.278695[0m test_acc=0.279698[0m
( 25.197s) Epoch 076/100: loss=5.400082[0m
( 26.029s) Epoch 077/100: loss=[32m5.395498[0m
( 26.029s) Epoch 078/100: loss=5.398343[0m
( 26.015s) Epoch 079/100: loss=5.397325[0m
( 26.066s) Epoch 080/100: loss=5.397648[0m  ( 11.329s)  train_acc=-0.001559[0m val_acc=-0.004896[0m test_acc=-0.004547[0m
( 25.163s) Epoch 081/100: loss=5.400041[0m
( 25.929s) Epoch 082/100: loss=5.402198[0m
( 26.009s) Epoch 083/100: loss=5.395965[0m
( 26.077s) Epoch 084/100: loss=5.399038[0m
( 26.033s) Epoch 085/100: loss=5.397932[0m  ( 11.448s)  train_acc=-0.001539[0m val_acc=-0.004833[0m test_acc=-0.004511[0m
( 25.186s) Epoch 086/100: loss=5.397648[0m
( 25.955s) Epoch 087/100: loss=5.395655[0m
( 25.987s) Epoch 088/100: loss=5.396632[0m
( 26.089s) Epoch 089/100: loss=5.398456[0m
( 26.033s) Epoch 090/100: loss=5.395806[0m  ( 11.381s)  train_acc=-0.001589[0m val_acc=-0.004853[0m test_acc=-0.004347[0m
( 25.099s) Epoch 091/100: loss=5.398369[0m
( 25.951s) Epoch 092/100: loss=5.397324[0m
( 26.040s) Epoch 093/100: loss=[32m5.394687[0m
( 26.051s) Epoch 094/100: loss=5.396322[0m
( 26.118s) Epoch 095/100: loss=[32m5.394109[0m  ( 11.274s)  train_acc=-0.001583[0m val_acc=-0.005002[0m test_acc=-0.004310[0m
( 25.263s) Epoch 096/100: loss=5.397894[0m
( 26.016s) Epoch 097/100: loss=5.397041[0m
( 26.092s) Epoch 098/100: loss=5.394109[0m
( 26.032s) Epoch 099/100: loss=5.397601[0m
( 26.137s) Epoch 100/100: loss=5.397132[0m  (  9.765s)  train_acc=-0.001523[0m val_acc=-0.004931[0m test_acc=-0.004226[0m
Training for 100 epochs took 2586.810s total and 25.868s average
Saving best model and options to fc100_experiments/CropResize_GaussBlur_runs/run5.pth
