Starting Training on:
Train:  60 classes
Valid:  20 classes
Test:   20 classes
------------------
( 27.099s) Epoch 001/100: loss=[32m6.088465[0m
( 26.543s) Epoch 002/100: loss=[32m5.872147[0m
( 26.583s) Epoch 003/100: loss=[32m5.789322[0m
( 26.571s) Epoch 004/100: loss=[32m5.733348[0m
( 26.644s) Epoch 005/100: loss=[32m5.706373[0m  ( 11.362s)  train_acc=[32m-0.001488[0m val_acc=[32m-0.004336[0m test_acc=[32m-0.004400[0m
( 25.757s) Epoch 006/100: loss=[32m5.682813[0m
( 26.652s) Epoch 007/100: loss=[32m5.664031[0m
( 26.623s) Epoch 008/100: loss=[32m5.650921[0m
( 26.621s) Epoch 009/100: loss=[32m5.637815[0m
( 26.609s) Epoch 010/100: loss=[32m5.628678[0m  ( 11.363s)  train_acc=-0.001587[0m val_acc=[32m-0.004143[0m test_acc=-0.004480[0m
( 25.562s) Epoch 011/100: loss=[32m5.623692[0m
( 26.586s) Epoch 012/100: loss=[32m5.605697[0m
( 26.547s) Epoch 013/100: loss=[32m5.598544[0m
( 26.580s) Epoch 014/100: loss=[32m5.591850[0m
( 26.674s) Epoch 015/100: loss=[32m5.583988[0m  ( 11.504s)  train_acc=-0.001644[0m val_acc=-0.004753[0m test_acc=-0.004629[0m
( 25.724s) Epoch 016/100: loss=[32m5.576351[0m
( 26.594s) Epoch 017/100: loss=[32m5.569654[0m
( 26.538s) Epoch 018/100: loss=[32m5.564463[0m
( 26.629s) Epoch 019/100: loss=[32m5.554901[0m
( 26.681s) Epoch 020/100: loss=[32m5.552944[0m  ( 11.361s)  train_acc=-0.001611[0m val_acc=-0.004602[0m test_acc=-0.004593[0m
( 25.755s) Epoch 021/100: loss=[32m5.545539[0m
( 26.698s) Epoch 022/100: loss=[32m5.532491[0m
( 26.756s) Epoch 023/100: loss=[32m5.514672[0m
( 26.782s) Epoch 024/100: loss=[32m5.502140[0m
( 26.640s) Epoch 025/100: loss=[32m5.492307[0m  ( 11.418s)  train_acc=-0.001552[0m val_acc=-0.004702[0m test_acc=-0.004521[0m
( 25.606s) Epoch 026/100: loss=[32m5.489281[0m
( 26.636s) Epoch 027/100: loss=[32m5.483440[0m
( 26.457s) Epoch 028/100: loss=[32m5.477468[0m
( 26.644s) Epoch 029/100: loss=[32m5.474138[0m
( 26.640s) Epoch 030/100: loss=[32m5.467862[0m  ( 11.504s)  train_acc=-0.001632[0m val_acc=-0.005054[0m test_acc=-0.004466[0m
( 25.602s) Epoch 031/100: loss=5.472118[0m
( 26.560s) Epoch 032/100: loss=[32m5.465358[0m
( 26.599s) Epoch 033/100: loss=[32m5.463014[0m
( 26.662s) Epoch 034/100: loss=[32m5.454263[0m
( 26.629s) Epoch 035/100: loss=5.455727[0m  ( 11.560s)  train_acc=-0.001600[0m val_acc=-0.004812[0m test_acc=[32m-0.004305[0m
( 25.614s) Epoch 036/100: loss=[32m5.450852[0m
( 26.734s) Epoch 037/100: loss=[32m5.446896[0m
( 26.573s) Epoch 038/100: loss=[32m5.442586[0m
( 26.622s) Epoch 039/100: loss=5.443828[0m
( 26.596s) Epoch 040/100: loss=[32m5.437700[0m  ( 11.377s)  train_acc=-0.001643[0m val_acc=-0.005110[0m test_acc=-0.004516[0m
( 25.717s) Epoch 041/100: loss=[32m5.435956[0m
( 26.663s) Epoch 042/100: loss=[32m5.434202[0m
( 26.591s) Epoch 043/100: loss=5.436948[0m
( 26.662s) Epoch 044/100: loss=[32m5.432549[0m
( 26.696s) Epoch 045/100: loss=5.435187[0m  ( 11.411s)  train_acc=-0.001527[0m val_acc=-0.005173[0m test_acc=[32m-0.003947[0m
( 25.672s) Epoch 046/100: loss=[32m5.430263[0m
( 26.548s) Epoch 047/100: loss=5.433704[0m
( 26.718s) Epoch 048/100: loss=[32m5.430003[0m
( 26.657s) Epoch 049/100: loss=[32m5.425151[0m
( 26.628s) Epoch 050/100: loss=5.428720[0m  ( 11.366s)  train_acc=-0.001664[0m val_acc=-0.004627[0m test_acc=-0.004363[0m
( 25.642s) Epoch 051/100: loss=5.425411[0m
( 26.584s) Epoch 052/100: loss=[32m5.423360[0m
( 26.653s) Epoch 053/100: loss=5.424250[0m
( 26.829s) Epoch 054/100: loss=[32m5.421734[0m
( 26.564s) Epoch 055/100: loss=[32m5.419244[0m  ( 11.238s)  train_acc=-0.001647[0m val_acc=-0.005180[0m test_acc=-0.004387[0m
( 25.610s) Epoch 056/100: loss=[32m5.418674[0m
( 26.550s) Epoch 057/100: loss=5.418685[0m
( 26.527s) Epoch 058/100: loss=[32m5.416830[0m
( 26.607s) Epoch 059/100: loss=[32m5.415834[0m
( 26.701s) Epoch 060/100: loss=5.415943[0m  ( 11.265s)  train_acc=-0.001602[0m val_acc=-0.005080[0m test_acc=-0.004506[0m
( 25.776s) Epoch 061/100: loss=5.416430[0m
( 26.692s) Epoch 062/100: loss=[32m5.413252[0m
( 26.572s) Epoch 063/100: loss=5.416963[0m
( 26.649s) Epoch 064/100: loss=[32m5.413166[0m
( 26.692s) Epoch 065/100: loss=[32m5.410555[0m  ( 11.292s)  train_acc=-0.001667[0m val_acc=-0.005123[0m test_acc=-0.004617[0m
( 25.773s) Epoch 066/100: loss=5.412712[0m
( 26.712s) Epoch 067/100: loss=5.414265[0m
( 26.643s) Epoch 068/100: loss=5.410907[0m
( 26.565s) Epoch 069/100: loss=[32m5.409862[0m
( 26.634s) Epoch 070/100: loss=[32m5.408818[0m  ( 11.406s)  train_acc=-0.001642[0m val_acc=-0.005157[0m test_acc=-0.004318[0m
( 25.884s) Epoch 071/100: loss=5.409886[0m
( 26.690s) Epoch 072/100: loss=[32m5.407221[0m
( 26.616s) Epoch 073/100: loss=5.409887[0m
( 26.759s) Epoch 074/100: loss=5.409363[0m
( 26.654s) Epoch 075/100: loss=5.407593[0m  ( 11.309s)  train_acc=-0.001730[0m val_acc=-0.005165[0m test_acc=-0.004504[0m
( 25.774s) Epoch 076/100: loss=5.409411[0m
( 26.715s) Epoch 077/100: loss=5.407256[0m
( 26.657s) Epoch 078/100: loss=5.410490[0m
( 26.508s) Epoch 079/100: loss=5.408824[0m
( 26.666s) Epoch 080/100: loss=5.407630[0m  ( 11.058s)  train_acc=-0.001652[0m val_acc=-0.004909[0m test_acc=-0.004539[0m
( 25.747s) Epoch 081/100: loss=5.410488[0m
( 26.478s) Epoch 082/100: loss=[32m5.405567[0m
( 26.698s) Epoch 083/100: loss=5.407700[0m
( 26.674s) Epoch 084/100: loss=[32m5.403676[0m
( 26.696s) Epoch 085/100: loss=5.406871[0m  ( 11.165s)  train_acc=-0.001534[0m val_acc=-0.005105[0m test_acc=-0.004336[0m
( 25.804s) Epoch 086/100: loss=5.407100[0m
( 26.457s) Epoch 087/100: loss=5.407423[0m
( 26.660s) Epoch 088/100: loss=5.404638[0m
( 26.658s) Epoch 089/100: loss=[32m5.402303[0m
( 26.692s) Epoch 090/100: loss=5.405852[0m  ( 11.625s)  train_acc=-0.001633[0m val_acc=-0.004976[0m test_acc=-0.004584[0m
( 25.856s) Epoch 091/100: loss=5.406302[0m
( 26.614s) Epoch 092/100: loss=[32m5.401265[0m
( 26.626s) Epoch 093/100: loss=5.404374[0m
( 26.478s) Epoch 094/100: loss=5.405456[0m
( 26.686s) Epoch 095/100: loss=5.406951[0m  ( 11.466s)  train_acc=-0.001546[0m val_acc=-0.004681[0m test_acc=-0.004280[0m
( 25.690s) Epoch 096/100: loss=5.405225[0m
( 26.732s) Epoch 097/100: loss=5.404703[0m
( 26.754s) Epoch 098/100: loss=5.405689[0m
( 26.666s) Epoch 099/100: loss=5.405664[0m
( 26.731s) Epoch 100/100: loss=5.404063[0m  ( 10.000s)  train_acc=-0.001528[0m val_acc=-0.005109[0m test_acc=-0.004388[0m
Training for 100 epochs took 2646.465s total and 26.465s average
Saving best model and options to fc100_experiments/CropResize_GaussBlur_runs/run7.pth
