Starting Training on:
Train:  60 classes
Valid:  20 classes
Test:   20 classes
------------------
( 25.790s) Epoch 001/100: loss=[32m6.080979[0m
( 25.188s) Epoch 002/100: loss=[32m5.895484[0m
( 25.286s) Epoch 003/100: loss=[32m5.821195[0m
( 25.355s) Epoch 004/100: loss=[32m5.779698[0m
( 25.321s) Epoch 005/100: loss=[32m5.746498[0m  ( 11.458s)  train_acc=[32m-0.001572[0m val_acc=[32m-0.004333[0m test_acc=[32m-0.004483[0m
( 24.568s) Epoch 006/100: loss=[32m5.713357[0m
( 25.298s) Epoch 007/100: loss=[32m5.689497[0m
( 25.269s) Epoch 008/100: loss=[32m5.677145[0m
( 25.346s) Epoch 009/100: loss=[32m5.654104[0m
( 25.406s) Epoch 010/100: loss=[32m5.642066[0m  ( 11.229s)  train_acc=[32m-0.001518[0m val_acc=-0.004337[0m test_acc=-0.004488[0m
( 24.578s) Epoch 011/100: loss=[32m5.630797[0m
( 25.240s) Epoch 012/100: loss=[32m5.616793[0m
( 25.325s) Epoch 013/100: loss=[32m5.601910[0m
( 25.357s) Epoch 014/100: loss=[32m5.596283[0m
( 25.279s) Epoch 015/100: loss=[32m5.576064[0m  ( 11.350s)  train_acc=-0.001532[0m val_acc=-0.004726[0m test_acc=[32m-0.004334[0m
( 24.499s) Epoch 016/100: loss=[32m5.562264[0m
( 25.279s) Epoch 017/100: loss=[32m5.542018[0m
( 25.335s) Epoch 018/100: loss=[32m5.532282[0m
( 25.317s) Epoch 019/100: loss=[32m5.523201[0m
( 25.339s) Epoch 020/100: loss=[32m5.517809[0m  ( 11.526s)  train_acc=-0.001662[0m val_acc=-0.004754[0m test_acc=-0.004462[0m
( 24.584s) Epoch 021/100: loss=[32m5.504904[0m
( 25.321s) Epoch 022/100: loss=[32m5.496323[0m
( 25.320s) Epoch 023/100: loss=[32m5.490123[0m
( 25.341s) Epoch 024/100: loss=[32m5.485688[0m
( 25.375s) Epoch 025/100: loss=[32m5.482360[0m  ( 11.367s)  train_acc=-0.001568[0m val_acc=-0.004740[0m test_acc=-0.005010[0m
( 24.560s) Epoch 026/100: loss=[32m5.478497[0m
( 25.276s) Epoch 027/100: loss=[32m5.471062[0m
( 25.343s) Epoch 028/100: loss=[32m5.469533[0m
( 25.308s) Epoch 029/100: loss=[32m5.463135[0m
( 25.355s) Epoch 030/100: loss=[32m5.460116[0m  ( 11.401s)  train_acc=-0.001705[0m val_acc=-0.004961[0m test_acc=[32m-0.004309[0m
( 24.518s) Epoch 031/100: loss=[32m5.458502[0m
( 25.232s) Epoch 032/100: loss=[32m5.453057[0m
( 25.358s) Epoch 033/100: loss=[32m5.449788[0m
( 25.429s) Epoch 034/100: loss=5.451007[0m
( 25.358s) Epoch 035/100: loss=[32m5.446591[0m  ( 11.189s)  train_acc=-0.001699[0m val_acc=-0.005084[0m test_acc=-0.004553[0m
( 24.599s) Epoch 036/100: loss=[32m5.442186[0m
( 25.372s) Epoch 037/100: loss=[32m5.441625[0m
( 25.332s) Epoch 038/100: loss=[32m5.440226[0m
( 25.347s) Epoch 039/100: loss=[32m5.435852[0m
( 25.313s) Epoch 040/100: loss=[32m5.432374[0m  ( 11.226s)  train_acc=-0.001614[0m val_acc=-0.005101[0m test_acc=-0.004454[0m
( 24.539s) Epoch 041/100: loss=[32m5.431836[0m
( 25.301s) Epoch 042/100: loss=[32m5.429694[0m
( 25.311s) Epoch 043/100: loss=[32m5.427236[0m
( 25.427s) Epoch 044/100: loss=5.429420[0m
( 25.397s) Epoch 045/100: loss=[32m5.425026[0m  ( 11.226s)  train_acc=-0.001569[0m val_acc=-0.005107[0m test_acc=-0.004699[0m
( 24.626s) Epoch 046/100: loss=5.425521[0m
( 25.271s) Epoch 047/100: loss=5.425738[0m
( 25.383s) Epoch 048/100: loss=[32m5.419137[0m
( 25.377s) Epoch 049/100: loss=[32m5.418539[0m
( 25.399s) Epoch 050/100: loss=[32m5.417687[0m  ( 11.273s)  train_acc=-0.001672[0m val_acc=-0.004891[0m test_acc=-0.004447[0m
( 24.553s) Epoch 051/100: loss=[32m5.414814[0m
( 25.291s) Epoch 052/100: loss=[32m5.413747[0m
( 25.351s) Epoch 053/100: loss=5.415407[0m
( 25.383s) Epoch 054/100: loss=[32m5.411861[0m
( 25.367s) Epoch 055/100: loss=[32m5.411173[0m  ( 11.393s)  train_acc=-0.001669[0m val_acc=-0.004661[0m test_acc=[32m-0.004197[0m
( 24.578s) Epoch 056/100: loss=[32m5.409252[0m
( 25.295s) Epoch 057/100: loss=[32m5.406393[0m
( 25.412s) Epoch 058/100: loss=5.408263[0m
( 25.416s) Epoch 059/100: loss=[32m5.405612[0m
( 25.459s) Epoch 060/100: loss=5.407255[0m  ( 11.257s)  train_acc=-0.001725[0m val_acc=-0.004889[0m test_acc=-0.004648[0m
( 24.554s) Epoch 061/100: loss=[32m5.405386[0m
( 25.320s) Epoch 062/100: loss=[32m5.401270[0m
( 25.358s) Epoch 063/100: loss=5.401383[0m
( 25.492s) Epoch 064/100: loss=5.403215[0m
( 25.471s) Epoch 065/100: loss=[32m5.400139[0m  ( 11.337s)  train_acc=-0.001696[0m val_acc=-0.004951[0m test_acc=-0.004616[0m
( 24.612s) Epoch 066/100: loss=[32m5.396875[0m
( 25.343s) Epoch 067/100: loss=5.396964[0m
( 25.370s) Epoch 068/100: loss=5.399640[0m
( 25.407s) Epoch 069/100: loss=5.399593[0m
( 25.452s) Epoch 070/100: loss=5.397485[0m  ( 11.316s)  train_acc=-0.001650[0m val_acc=-0.005155[0m test_acc=-0.004516[0m
( 24.648s) Epoch 071/100: loss=5.397153[0m
( 25.361s) Epoch 072/100: loss=[32m5.396095[0m
( 25.324s) Epoch 073/100: loss=[32m5.396083[0m
( 25.369s) Epoch 074/100: loss=[32m5.393116[0m
( 25.401s) Epoch 075/100: loss=5.396689[0m  ( 11.434s)  train_acc=-0.001622[0m val_acc=-0.005082[0m test_acc=-0.004637[0m
( 24.583s) Epoch 076/100: loss=5.397450[0m
( 25.319s) Epoch 077/100: loss=5.393833[0m
( 25.326s) Epoch 078/100: loss=[32m5.390743[0m
( 25.437s) Epoch 079/100: loss=5.397115[0m
( 25.444s) Epoch 080/100: loss=5.394191[0m  ( 11.111s)  train_acc=-0.001633[0m val_acc=-0.005032[0m test_acc=-0.004468[0m
( 24.592s) Epoch 081/100: loss=5.394900[0m
( 25.326s) Epoch 082/100: loss=5.394539[0m
( 25.368s) Epoch 083/100: loss=5.391717[0m
( 25.431s) Epoch 084/100: loss=5.391800[0m
( 25.463s) Epoch 085/100: loss=5.392155[0m  ( 11.163s)  train_acc=-0.001652[0m val_acc=-0.005008[0m test_acc=-0.004332[0m
( 24.620s) Epoch 086/100: loss=5.396923[0m
( 25.264s) Epoch 087/100: loss=5.394487[0m
( 25.360s) Epoch 088/100: loss=[32m5.389903[0m
( 25.374s) Epoch 089/100: loss=5.392867[0m
( 25.393s) Epoch 090/100: loss=5.394146[0m  ( 11.067s)  train_acc=-0.001649[0m val_acc=-0.004948[0m test_acc=-0.004486[0m
( 24.628s) Epoch 091/100: loss=5.390816[0m
( 25.332s) Epoch 092/100: loss=5.392512[0m
( 25.332s) Epoch 093/100: loss=5.394386[0m
( 25.400s) Epoch 094/100: loss=5.396225[0m
( 25.358s) Epoch 095/100: loss=5.392326[0m  ( 12.273s)  train_acc=-0.001581[0m val_acc=-0.005063[0m test_acc=-0.004272[0m
( 24.540s) Epoch 096/100: loss=5.391374[0m
( 25.314s) Epoch 097/100: loss=[32m5.387454[0m
( 25.366s) Epoch 098/100: loss=5.391548[0m
( 25.402s) Epoch 099/100: loss=5.392675[0m
( 25.402s) Epoch 100/100: loss=5.393354[0m  (  9.678s)  train_acc=-0.001678[0m val_acc=-0.004960[0m test_acc=-0.004440[0m
Training for 100 epochs took 2521.011s total and 25.210s average
Saving best model and options to fc100_experiments/CropResize_GaussBlur_runs/run8.pth
