Namespace(T_max=250, backbone='resnet50', base_learning_rate=0.1, base_optimizer='SGD', batch_size=256, dampening=0.0, data_percent=20, dataset='miniImagenet', dataset_root=None, distributed=True, episode_strat='SimpleShotEpisodes', eval_freq=2000, fine_tune_epochs=20, fine_tune_save_path='ft0.pth', first_augment='ColorDistort', head='SimpleMLP', ipca=False, ipca_dim=128, jitter_strength=1.0, k_shot=5, load_from=None, local_rank=0, log_file=<_io.TextIOWrapper name='/home/aditya.bharti/FewShot/miniImgnet_hyperparam/ColorGauss.out' mode='a' encoding='UTF-8'>, loss_function='NTXent', model='SimCLRModel', momentum=0.9, n_way=5, nesterov=True, ntxent_temp=0.1, num_epochs=500, num_query=15, num_test_tasks=10000, num_workers=4, pin_memory=True, pretrained=False, progress=False, projection_dim=128, save_model=True, save_path='/home/aditya.bharti/FewShot/miniImgnet_hyperparam/ColorGauss.pth', scaler=True, scheduler='CosineAnnealingLR', second_augment='GaussBlur', shuffle=True, simple_opt=True, testing_strat='Classify1NN', use_trainval=True, weight_decay=0.0001)
Starting Training on:
Train:  80 classes
Valid:  16 classes
Test:   20 classes
------------------
( 74.903s) Epoch 001/500: loss=[32m6.048626[0m
( 74.996s) Epoch 002/500: loss=[32m5.590189[0m
( 75.434s) Epoch 003/500: loss=[32m5.008838[0m
( 76.778s) Epoch 004/500: loss=[32m4.652238[0m
( 75.294s) Epoch 005/500: loss=[32m3.299751[0m
( 74.946s) Epoch 006/500: loss=[32m2.102193[0m
( 74.968s) Epoch 007/500: loss=[32m1.211559[0m
( 78.066s) Epoch 008/500: loss=[32m0.862536[0m
( 75.860s) Epoch 009/500: loss=[32m0.710282[0m
( 74.822s) Epoch 010/500: loss=[32m0.532316[0m
( 75.237s) Epoch 011/500: loss=[32m0.445659[0m
( 76.274s) Epoch 012/500: loss=[32m0.416644[0m
( 76.263s) Epoch 013/500: loss=[32m0.287320[0m
( 77.039s) Epoch 014/500: loss=[32m0.243425[0m
( 75.280s) Epoch 015/500: loss=[32m0.211523[0m
( 75.183s) Epoch 016/500: loss=[32m0.185752[0m
( 76.526s) Epoch 017/500: loss=[32m0.165177[0m
( 75.900s) Epoch 018/500: loss=[32m0.156398[0m
( 75.917s) Epoch 019/500: loss=[32m0.154387[0m
( 75.337s) Epoch 020/500: loss=[32m0.141542[0m
( 79.457s) Epoch 021/500: loss=[32m0.140172[0m
( 74.937s) Epoch 022/500: loss=[32m0.138357[0m
( 75.643s) Epoch 023/500: loss=[32m0.137486[0m
( 75.288s) Epoch 024/500: loss=[32m0.137056[0m
( 77.597s) Epoch 025/500: loss=[32m0.128081[0m
( 75.554s) Epoch 026/500: loss=[32m0.122980[0m
( 76.051s) Epoch 027/500: loss=[32m0.119206[0m
( 76.039s) Epoch 028/500: loss=[32m0.109361[0m
( 76.813s) Epoch 029/500: loss=0.113833[0m
( 75.263s) Epoch 030/500: loss=[32m0.105367[0m
( 75.345s) Epoch 031/500: loss=[32m0.104090[0m
( 75.582s) Epoch 032/500: loss=[32m0.101732[0m
( 76.603s) Epoch 033/500: loss=[32m0.101548[0m
( 76.638s) Epoch 034/500: loss=[32m0.093357[0m
( 75.853s) Epoch 035/500: loss=0.094977[0m
( 75.625s) Epoch 036/500: loss=0.093803[0m
( 75.440s) Epoch 037/500: loss=[32m0.093305[0m
( 76.654s) Epoch 038/500: loss=[32m0.090027[0m
( 75.463s) Epoch 039/500: loss=0.091981[0m
( 75.142s) Epoch 040/500: loss=0.093495[0m
( 75.815s) Epoch 041/500: loss=[32m0.089143[0m
( 77.092s) Epoch 042/500: loss=[32m0.087123[0m
( 75.603s) Epoch 043/500: loss=[32m0.082051[0m
( 75.228s) Epoch 044/500: loss=0.085093[0m
( 75.525s) Epoch 045/500: loss=0.087006[0m
( 76.405s) Epoch 046/500: loss=[32m0.080700[0m
( 75.964s) Epoch 047/500: loss=0.082802[0m
( 74.836s) Epoch 048/500: loss=0.087130[0m
( 75.210s) Epoch 049/500: loss=0.080845[0m
( 76.743s) Epoch 050/500: loss=[32m0.080179[0m
( 80.505s) Epoch 051/500: loss=[32m0.077544[0m
( 75.276s) Epoch 052/500: loss=0.079603[0m
( 75.135s) Epoch 053/500: loss=[32m0.077142[0m
( 76.159s) Epoch 054/500: loss=[32m0.075660[0m
( 81.700s) Epoch 055/500: loss=[32m0.074203[0m
( 81.706s) Epoch 056/500: loss=0.076322[0m
( 84.742s) Epoch 057/500: loss=[32m0.073668[0m
( 90.105s) Epoch 058/500: loss=[32m0.072705[0m
( 81.499s) Epoch 059/500: loss=0.072899[0m
( 89.019s) Epoch 060/500: loss=[32m0.071702[0m
( 84.835s) Epoch 061/500: loss=0.073179[0m
( 84.213s) Epoch 062/500: loss=[32m0.068933[0m
( 86.072s) Epoch 063/500: loss=0.069030[0m
( 76.137s) Epoch 064/500: loss=0.071855[0m
( 75.467s) Epoch 065/500: loss=0.069978[0m
( 77.065s) Epoch 066/500: loss=[32m0.068519[0m
( 75.266s) Epoch 067/500: loss=0.069998[0m
( 75.420s) Epoch 068/500: loss=[32m0.068290[0m
( 75.793s) Epoch 069/500: loss=0.069351[0m
( 76.669s) Epoch 070/500: loss=[32m0.063838[0m
( 75.586s) Epoch 071/500: loss=0.070531[0m
( 75.692s) Epoch 072/500: loss=0.067909[0m
( 75.486s) Epoch 073/500: loss=0.064439[0m
( 75.827s) Epoch 074/500: loss=0.066462[0m
( 76.357s) Epoch 075/500: loss=[32m0.060190[0m
( 75.355s) Epoch 076/500: loss=0.065188[0m
( 76.122s) Epoch 077/500: loss=0.063414[0m
( 75.841s) Epoch 078/500: loss=0.062940[0m
( 76.822s) Epoch 079/500: loss=0.064491[0m
( 75.256s) Epoch 080/500: loss=0.063819[0m
( 75.618s) Epoch 081/500: loss=[32m0.058594[0m
( 75.597s) Epoch 082/500: loss=0.062013[0m
( 77.009s) Epoch 083/500: loss=0.062312[0m
( 75.318s) Epoch 084/500: loss=0.061013[0m
( 75.486s) Epoch 085/500: loss=0.062146[0m
( 75.272s) Epoch 086/500: loss=0.061159[0m
( 75.893s) Epoch 087/500: loss=0.060764[0m
( 77.230s) Epoch 088/500: loss=0.061427[0m
( 75.420s) Epoch 089/500: loss=0.059528[0m
( 75.125s) Epoch 090/500: loss=0.058835[0m
( 76.581s) Epoch 091/500: loss=0.061270[0m
( 76.352s) Epoch 092/500: loss=[32m0.056098[0m
( 75.207s) Epoch 093/500: loss=0.059672[0m
( 75.430s) Epoch 094/500: loss=0.059375[0m
( 75.162s) Epoch 095/500: loss=0.062645[0m
( 77.427s) Epoch 096/500: loss=[32m0.055700[0m
( 75.608s) Epoch 097/500: loss=0.055789[0m
( 75.424s) Epoch 098/500: loss=0.058518[0m
( 75.348s) Epoch 099/500: loss=0.057221[0m
( 77.071s) Epoch 100/500: loss=0.057017[0m
( 75.585s) Epoch 101/500: loss=0.059446[0m
( 75.468s) Epoch 102/500: loss=0.057604[0m
( 74.745s) Epoch 103/500: loss=0.056509[0m
( 76.068s) Epoch 104/500: loss=0.057000[0m
( 75.796s) Epoch 105/500: loss=[32m0.054175[0m
( 75.086s) Epoch 106/500: loss=0.058653[0m
( 74.924s) Epoch 107/500: loss=0.057673[0m
( 75.727s) Epoch 108/500: loss=[32m0.053411[0m
( 76.724s) Epoch 109/500: loss=0.054457[0m
( 75.528s) Epoch 110/500: loss=0.058009[0m
( 74.789s) Epoch 111/500: loss=0.055468[0m
( 74.906s) Epoch 112/500: loss=[32m0.052468[0m
( 77.225s) Epoch 113/500: loss=[32m0.052445[0m
( 75.452s) Epoch 114/500: loss=0.055903[0m
( 75.223s) Epoch 115/500: loss=0.053514[0m
( 75.438s) Epoch 116/500: loss=0.054001[0m
( 76.394s) Epoch 117/500: loss=[32m0.051340[0m
( 75.728s) Epoch 118/500: loss=0.052919[0m
( 75.399s) Epoch 119/500: loss=0.051921[0m
( 75.270s) Epoch 120/500: loss=0.056133[0m
( 76.009s) Epoch 121/500: loss=0.053918[0m
( 76.753s) Epoch 122/500: loss=0.052144[0m
( 75.493s) Epoch 123/500: loss=0.055102[0m
( 75.455s) Epoch 124/500: loss=[32m0.050519[0m
( 75.239s) Epoch 125/500: loss=0.055031[0m
( 77.103s) Epoch 126/500: loss=0.052372[0m
( 76.464s) Epoch 127/500: loss=[32m0.049738[0m
( 75.218s) Epoch 128/500: loss=0.051391[0m
( 75.798s) Epoch 129/500: loss=0.051400[0m
( 77.026s) Epoch 130/500: loss=0.053352[0m
( 75.807s) Epoch 131/500: loss=0.053348[0m
( 75.509s) Epoch 132/500: loss=0.051627[0m
( 75.529s) Epoch 133/500: loss=0.050409[0m
( 76.540s) Epoch 134/500: loss=0.051407[0m
( 76.656s) Epoch 135/500: loss=0.050237[0m
( 75.367s) Epoch 136/500: loss=[32m0.049520[0m
( 75.296s) Epoch 137/500: loss=[32m0.048666[0m
( 75.969s) Epoch 138/500: loss=0.049182[0m
( 77.256s) Epoch 139/500: loss=0.049692[0m
( 75.818s) Epoch 140/500: loss=0.050675[0m
( 75.228s) Epoch 141/500: loss=0.050437[0m
( 75.290s) Epoch 142/500: loss=0.049923[0m
( 77.298s) Epoch 143/500: loss=0.050791[0m
( 75.667s) Epoch 144/500: loss=0.049120[0m
( 75.641s) Epoch 145/500: loss=0.050553[0m
( 74.866s) Epoch 146/500: loss=0.050407[0m
( 76.059s) Epoch 147/500: loss=0.052247[0m
( 75.609s) Epoch 148/500: loss=0.050087[0m
( 75.493s) Epoch 149/500: loss=0.050021[0m
( 75.362s) Epoch 150/500: loss=0.049770[0m
( 76.478s) Epoch 151/500: loss=0.049932[0m
( 75.683s) Epoch 152/500: loss=0.050116[0m
( 75.619s) Epoch 153/500: loss=0.050138[0m
( 75.546s) Epoch 154/500: loss=[32m0.048513[0m
( 77.322s) Epoch 155/500: loss=0.048973[0m
( 76.448s) Epoch 156/500: loss=0.049227[0m
( 75.375s) Epoch 157/500: loss=0.050726[0m
( 74.741s) Epoch 158/500: loss=0.049176[0m
( 75.099s) Epoch 159/500: loss=0.049085[0m
( 76.166s) Epoch 160/500: loss=[32m0.048199[0m
( 74.977s) Epoch 161/500: loss=[32m0.047009[0m
( 74.982s) Epoch 162/500: loss=0.049937[0m
( 75.220s) Epoch 163/500: loss=0.047414[0m
( 75.441s) Epoch 164/500: loss=[32m0.046413[0m
( 75.683s) Epoch 165/500: loss=0.046748[0m
( 75.326s) Epoch 166/500: loss=0.048485[0m
( 76.676s) Epoch 167/500: loss=0.047604[0m
( 75.074s) Epoch 168/500: loss=0.047484[0m
( 75.804s) Epoch 169/500: loss=[32m0.046133[0m
( 74.937s) Epoch 170/500: loss=0.048560[0m
( 74.594s) Epoch 171/500: loss=[32m0.045847[0m
( 74.865s) Epoch 172/500: loss=0.048133[0m
( 75.636s) Epoch 173/500: loss=0.047995[0m
( 75.200s) Epoch 174/500: loss=0.047823[0m
( 74.953s) Epoch 175/500: loss=0.047628[0m
( 74.651s) Epoch 176/500: loss=0.047458[0m
( 74.679s) Epoch 177/500: loss=0.047555[0m
( 75.467s) Epoch 178/500: loss=0.045955[0m
( 74.906s) Epoch 179/500: loss=0.046581[0m
( 74.832s) Epoch 180/500: loss=[32m0.045245[0m
( 75.053s) Epoch 181/500: loss=0.045990[0m
( 75.810s) Epoch 182/500: loss=0.046052[0m
( 75.197s) Epoch 183/500: loss=0.046732[0m
( 74.681s) Epoch 184/500: loss=0.050661[0m
( 75.110s) Epoch 185/500: loss=0.045868[0m
( 75.162s) Epoch 186/500: loss=[32m0.045121[0m
( 75.800s) Epoch 187/500: loss=0.046520[0m
( 74.905s) Epoch 188/500: loss=[32m0.045010[0m
( 74.775s) Epoch 189/500: loss=0.045038[0m
( 75.014s) Epoch 190/500: loss=0.046531[0m
( 76.623s) Epoch 191/500: loss=0.047006[0m
( 75.061s) Epoch 192/500: loss=0.048413[0m
( 75.287s) Epoch 193/500: loss=0.047452[0m
( 75.108s) Epoch 194/500: loss=0.045132[0m
( 75.786s) Epoch 195/500: loss=[32m0.044623[0m
( 75.586s) Epoch 196/500: loss=0.046737[0m
( 75.094s) Epoch 197/500: loss=0.045611[0m
( 74.579s) Epoch 198/500: loss=[32m0.044449[0m
( 74.947s) Epoch 199/500: loss=0.045448[0m
( 76.111s) Epoch 200/500: loss=0.044564[0m
( 75.698s) Epoch 201/500: loss=0.046582[0m
( 75.345s) Epoch 202/500: loss=[32m0.043609[0m
( 74.517s) Epoch 203/500: loss=[32m0.043055[0m
( 75.291s) Epoch 204/500: loss=0.045388[0m
( 75.789s) Epoch 205/500: loss=0.043234[0m
( 75.134s) Epoch 206/500: loss=0.044536[0m
( 74.812s) Epoch 207/500: loss=0.043955[0m
( 75.159s) Epoch 208/500: loss=0.044126[0m
( 76.066s) Epoch 209/500: loss=0.043697[0m
( 77.131s) Epoch 210/500: loss=0.044339[0m
( 74.987s) Epoch 211/500: loss=0.046748[0m
( 75.262s) Epoch 212/500: loss=0.044796[0m
( 76.136s) Epoch 213/500: loss=0.045808[0m
( 75.219s) Epoch 214/500: loss=0.043320[0m
( 75.504s) Epoch 215/500: loss=[32m0.042869[0m
( 74.884s) Epoch 216/500: loss=0.042991[0m
( 75.630s) Epoch 217/500: loss=[32m0.042699[0m
( 75.467s) Epoch 218/500: loss=0.043005[0m
( 75.318s) Epoch 219/500: loss=0.043558[0m
( 74.634s) Epoch 220/500: loss=0.043130[0m
( 74.539s) Epoch 221/500: loss=0.044288[0m
( 75.972s) Epoch 222/500: loss=0.044238[0m
( 77.674s) Epoch 223/500: loss=[32m0.042401[0m
( 74.899s) Epoch 224/500: loss=0.043894[0m
( 74.756s) Epoch 225/500: loss=0.044279[0m
( 75.217s) Epoch 226/500: loss=0.044831[0m
( 75.037s) Epoch 227/500: loss=0.043789[0m
( 75.259s) Epoch 228/500: loss=0.043968[0m
( 75.189s) Epoch 229/500: loss=0.045442[0m
( 75.712s) Epoch 230/500: loss=0.044142[0m
( 75.946s) Epoch 231/500: loss=[32m0.041549[0m
( 74.767s) Epoch 232/500: loss=0.044429[0m
( 74.825s) Epoch 233/500: loss=0.044161[0m
( 75.278s) Epoch 234/500: loss=0.042878[0m
( 86.295s) Epoch 235/500: loss=0.043973[0m
( 77.342s) Epoch 236/500: loss=0.046410[0m
( 76.487s) Epoch 237/500: loss=0.043353[0m
( 75.526s) Epoch 238/500: loss=0.044345[0m
( 75.836s) Epoch 239/500: loss=0.042890[0m
( 75.019s) Epoch 240/500: loss=0.043188[0m
( 75.208s) Epoch 241/500: loss=0.042492[0m
( 75.013s) Epoch 242/500: loss=0.042987[0m
( 76.391s) Epoch 243/500: loss=0.044115[0m
( 74.893s) Epoch 244/500: loss=0.044594[0m
( 75.007s) Epoch 245/500: loss=0.043378[0m
( 75.644s) Epoch 246/500: loss=0.042813[0m
( 75.829s) Epoch 247/500: loss=0.044315[0m
( 75.293s) Epoch 248/500: loss=0.045049[0m
( 75.254s) Epoch 249/500: loss=0.043244[0m
( 74.857s) Epoch 250/500: loss=0.043458[0m
( 75.467s) Epoch 251/500: loss=0.044857[0m
( 76.296s) Epoch 252/500: loss=0.044630[0m
( 75.452s) Epoch 253/500: loss=0.044798[0m
( 75.130s) Epoch 254/500: loss=0.042330[0m
( 75.400s) Epoch 255/500: loss=0.043529[0m
( 76.567s) Epoch 256/500: loss=0.045172[0m
( 75.405s) Epoch 257/500: loss=0.043322[0m
( 75.157s) Epoch 258/500: loss=0.043297[0m
( 75.104s) Epoch 259/500: loss=0.042366[0m
( 75.375s) Epoch 260/500: loss=0.043102[0m
( 75.959s) Epoch 261/500: loss=0.043034[0m
( 75.236s) Epoch 262/500: loss=0.042397[0m
( 75.025s) Epoch 263/500: loss=0.043143[0m
( 74.978s) Epoch 264/500: loss=0.044429[0m
( 78.541s) Epoch 265/500: loss=0.043154[0m
( 75.116s) Epoch 266/500: loss=0.043863[0m
( 74.904s) Epoch 267/500: loss=0.044315[0m
( 75.075s) Epoch 268/500: loss=0.044174[0m
( 75.624s) Epoch 269/500: loss=0.044008[0m
( 75.702s) Epoch 270/500: loss=0.042539[0m
( 74.780s) Epoch 271/500: loss=0.045269[0m
( 75.534s) Epoch 272/500: loss=0.042996[0m
( 75.444s) Epoch 273/500: loss=0.043881[0m
( 76.602s) Epoch 274/500: loss=0.044867[0m
( 75.396s) Epoch 275/500: loss=0.043068[0m
( 75.211s) Epoch 276/500: loss=0.043900[0m
( 75.313s) Epoch 277/500: loss=0.043176[0m
( 76.435s) Epoch 278/500: loss=0.043870[0m
( 75.118s) Epoch 279/500: loss=0.042561[0m
( 75.501s) Epoch 280/500: loss=0.045351[0m
( 74.918s) Epoch 281/500: loss=0.042617[0m
( 75.879s) Epoch 282/500: loss=0.043769[0m
( 75.749s) Epoch 283/500: loss=0.044121[0m
( 74.862s) Epoch 284/500: loss=0.045826[0m
( 75.009s) Epoch 285/500: loss=0.043831[0m
( 75.397s) Epoch 286/500: loss=0.042768[0m
( 76.154s) Epoch 287/500: loss=0.043090[0m
( 74.935s) Epoch 288/500: loss=0.044306[0m
( 75.123s) Epoch 289/500: loss=0.043512[0m
( 76.641s) Epoch 290/500: loss=0.043092[0m
( 76.494s) Epoch 291/500: loss=0.042175[0m
( 75.266s) Epoch 292/500: loss=0.043989[0m
( 75.262s) Epoch 293/500: loss=0.043373[0m
( 75.855s) Epoch 294/500: loss=0.043872[0m
( 75.759s) Epoch 295/500: loss=0.044372[0m
( 75.990s) Epoch 296/500: loss=0.043425[0m
( 75.256s) Epoch 297/500: loss=0.044072[0m
( 75.613s) Epoch 298/500: loss=0.043422[0m
( 75.378s) Epoch 299/500: loss=0.044028[0m
( 76.571s) Epoch 300/500: loss=0.044032[0m
( 75.289s) Epoch 301/500: loss=0.044978[0m
( 74.895s) Epoch 302/500: loss=0.043126[0m
( 75.015s) Epoch 303/500: loss=0.044392[0m
( 76.534s) Epoch 304/500: loss=0.044127[0m
( 75.243s) Epoch 305/500: loss=0.045543[0m
( 74.999s) Epoch 306/500: loss=0.045478[0m
( 75.094s) Epoch 307/500: loss=0.043292[0m
( 75.798s) Epoch 308/500: loss=0.043745[0m
( 76.283s) Epoch 309/500: loss=0.044040[0m
( 75.149s) Epoch 310/500: loss=0.043351[0m
( 75.513s) Epoch 311/500: loss=0.042914[0m
( 75.211s) Epoch 312/500: loss=0.043999[0m
( 76.740s) Epoch 313/500: loss=0.043560[0m
( 75.195s) Epoch 314/500: loss=0.044633[0m
( 75.575s) Epoch 315/500: loss=0.043776[0m
( 75.439s) Epoch 316/500: loss=0.044079[0m
( 76.527s) Epoch 317/500: loss=0.044760[0m
( 75.372s) Epoch 318/500: loss=0.044260[0m
( 75.247s) Epoch 319/500: loss=0.044419[0m
( 74.873s) Epoch 320/500: loss=0.041973[0m
( 75.684s) Epoch 321/500: loss=0.043418[0m
( 75.759s) Epoch 322/500: loss=0.045186[0m
( 75.180s) Epoch 323/500: loss=0.043697[0m
( 74.663s) Epoch 324/500: loss=0.042067[0m
( 74.824s) Epoch 325/500: loss=0.044147[0m
( 76.447s) Epoch 326/500: loss=0.044699[0m
( 75.329s) Epoch 327/500: loss=0.045397[0m
( 75.220s) Epoch 328/500: loss=0.045346[0m
( 75.543s) Epoch 329/500: loss=0.043797[0m
( 76.314s) Epoch 330/500: loss=0.045357[0m
( 75.409s) Epoch 331/500: loss=0.043656[0m
( 75.303s) Epoch 332/500: loss=0.044186[0m
( 74.990s) Epoch 333/500: loss=0.043074[0m
( 75.728s) Epoch 334/500: loss=0.042582[0m
( 75.966s) Epoch 335/500: loss=0.045291[0m
( 75.044s) Epoch 336/500: loss=0.043798[0m
( 75.177s) Epoch 337/500: loss=0.045223[0m
( 75.214s) Epoch 338/500: loss=0.045350[0m
( 76.376s) Epoch 339/500: loss=0.046179[0m
( 75.461s) Epoch 340/500: loss=0.046371[0m
( 74.969s) Epoch 341/500: loss=0.043235[0m
( 74.726s) Epoch 342/500: loss=0.045212[0m
( 75.902s) Epoch 343/500: loss=0.043036[0m
( 75.623s) Epoch 344/500: loss=0.044520[0m
( 76.644s) Epoch 345/500: loss=0.044686[0m
( 75.441s) Epoch 346/500: loss=0.043492[0m
( 74.985s) Epoch 347/500: loss=0.046276[0m
( 76.149s) Epoch 348/500: loss=0.044771[0m
( 75.229s) Epoch 349/500: loss=0.045564[0m
( 75.581s) Epoch 350/500: loss=0.044846[0m
( 74.924s) Epoch 351/500: loss=0.045117[0m
( 76.689s) Epoch 352/500: loss=0.046922[0m
( 75.981s) Epoch 353/500: loss=0.044459[0m
( 75.748s) Epoch 354/500: loss=0.045248[0m
( 75.291s) Epoch 355/500: loss=0.044110[0m
( 76.358s) Epoch 356/500: loss=0.043725[0m
( 76.132s) Epoch 357/500: loss=0.044622[0m
( 75.337s) Epoch 358/500: loss=0.043661[0m
( 75.172s) Epoch 359/500: loss=0.045633[0m
( 76.046s) Epoch 360/500: loss=0.045073[0m
( 77.136s) Epoch 361/500: loss=0.044648[0m
( 81.224s) Epoch 362/500: loss=0.044705[0m
( 75.714s) Epoch 363/500: loss=0.044255[0m
( 76.046s) Epoch 364/500: loss=0.045043[0m
( 75.872s) Epoch 365/500: loss=0.045628[0m
( 75.281s) Epoch 366/500: loss=0.046751[0m
( 75.459s) Epoch 367/500: loss=0.047350[0m
( 77.078s) Epoch 368/500: loss=0.044564[0m
( 79.287s) Epoch 369/500: loss=0.046165[0m
( 76.550s) Epoch 370/500: loss=0.046300[0m
( 75.152s) Epoch 371/500: loss=0.044893[0m
( 74.853s) Epoch 372/500: loss=0.046251[0m
( 75.340s) Epoch 373/500: loss=0.046221[0m
( 74.491s) Epoch 374/500: loss=0.045465[0m
( 74.995s) Epoch 375/500: loss=0.047770[0m
( 74.416s) Epoch 376/500: loss=0.045277[0m
( 75.165s) Epoch 377/500: loss=0.045563[0m
( 75.243s) Epoch 378/500: loss=0.044886[0m
( 75.019s) Epoch 379/500: loss=0.045684[0m
( 75.047s) Epoch 380/500: loss=0.046902[0m
( 75.152s) Epoch 381/500: loss=0.046243[0m
( 75.798s) Epoch 382/500: loss=0.044469[0m
( 76.740s) Epoch 383/500: loss=0.046155[0m
( 75.217s) Epoch 384/500: loss=0.047122[0m
( 75.138s) Epoch 385/500: loss=0.046706[0m
( 88.712s) Epoch 386/500: loss=0.046437[0m
(125.783s) Epoch 387/500: loss=0.050292[0m
( 79.461s) Epoch 388/500: loss=0.047377[0m
( 74.622s) Epoch 389/500: loss=0.049496[0m
( 75.836s) Epoch 390/500: loss=0.046305[0m
( 76.395s) Epoch 391/500: loss=0.048011[0m
( 75.344s) Epoch 392/500: loss=0.048556[0m
( 75.023s) Epoch 393/500: loss=0.045445[0m
( 75.661s) Epoch 394/500: loss=0.046644[0m
( 75.580s) Epoch 395/500: loss=0.048390[0m
( 75.880s) Epoch 396/500: loss=0.048281[0m
( 74.708s) Epoch 397/500: loss=0.049926[0m
( 75.412s) Epoch 398/500: loss=0.048949[0m
( 75.635s) Epoch 399/500: loss=0.048527[0m
( 75.002s) Epoch 400/500: loss=0.047132[0m
( 74.542s) Epoch 401/500: loss=0.047051[0m
( 74.861s) Epoch 402/500: loss=0.050356[0m
( 75.636s) Epoch 403/500: loss=0.048639[0m
( 75.695s) Epoch 404/500: loss=0.047370[0m
( 74.767s) Epoch 405/500: loss=0.048524[0m
( 74.721s) Epoch 406/500: loss=0.048453[0m
( 75.016s) Epoch 407/500: loss=0.046910[0m
( 75.857s) Epoch 408/500: loss=0.050228[0m
( 75.042s) Epoch 409/500: loss=0.049829[0m
( 75.044s) Epoch 410/500: loss=0.050186[0m
( 74.793s) Epoch 411/500: loss=0.048155[0m
( 75.743s) Epoch 412/500: loss=0.047573[0m
( 75.605s) Epoch 413/500: loss=0.047622[0m
( 74.955s) Epoch 414/500: loss=0.051544[0m
( 75.815s) Epoch 415/500: loss=0.050760[0m
( 75.564s) Epoch 416/500: loss=0.048753[0m
( 75.882s) Epoch 417/500: loss=0.046742[0m
( 74.883s) Epoch 418/500: loss=0.048743[0m
( 75.301s) Epoch 419/500: loss=0.048435[0m
( 75.053s) Epoch 420/500: loss=0.049172[0m
( 76.139s) Epoch 421/500: loss=0.048998[0m
( 75.077s) Epoch 422/500: loss=0.047602[0m
( 74.974s) Epoch 423/500: loss=0.046853[0m
( 74.982s) Epoch 424/500: loss=0.047962[0m
( 77.077s) Epoch 425/500: loss=0.045409[0m
( 76.261s) Epoch 426/500: loss=0.048241[0m
( 75.274s) Epoch 427/500: loss=0.047100[0m
( 74.904s) Epoch 428/500: loss=0.048994[0m
( 74.873s) Epoch 429/500: loss=0.050395[0m
( 76.430s) Epoch 430/500: loss=0.049770[0m
( 74.969s) Epoch 431/500: loss=0.048483[0m
( 75.196s) Epoch 432/500: loss=0.048631[0m
( 74.922s) Epoch 433/500: loss=0.052772[0m
( 76.548s) Epoch 434/500: loss=2.434025[0m
( 75.873s) Epoch 435/500: loss=2.121107[0m
( 75.785s) Epoch 436/500: loss=1.821686[0m
( 75.709s) Epoch 437/500: loss=1.561455[0m
( 75.782s) Epoch 438/500: loss=1.408351[0m
( 75.686s) Epoch 439/500: loss=1.188714[0m
( 74.893s) Epoch 440/500: loss=0.967638[0m
( 75.055s) Epoch 441/500: loss=0.708257[0m
( 75.398s) Epoch 442/500: loss=0.448868[0m
( 75.868s) Epoch 443/500: loss=0.330124[0m
( 75.047s) Epoch 444/500: loss=0.281185[0m
( 74.666s) Epoch 445/500: loss=0.241501[0m
( 75.016s) Epoch 446/500: loss=0.220747[0m
( 75.814s) Epoch 447/500: loss=0.198088[0m
( 75.658s) Epoch 448/500: loss=0.178177[0m
( 75.073s) Epoch 449/500: loss=0.159217[0m
( 74.882s) Epoch 450/500: loss=0.146826[0m
( 75.260s) Epoch 451/500: loss=0.145113[0m
( 76.118s) Epoch 452/500: loss=0.141242[0m
( 75.099s) Epoch 453/500: loss=0.132528[0m
( 75.748s) Epoch 454/500: loss=0.125544[0m
( 75.511s) Epoch 455/500: loss=0.124454[0m
( 75.909s) Epoch 456/500: loss=0.120351[0m
( 75.190s) Epoch 457/500: loss=0.114197[0m
( 74.878s) Epoch 458/500: loss=0.113147[0m
( 75.288s) Epoch 459/500: loss=0.106166[0m
( 75.544s) Epoch 460/500: loss=0.100556[0m
( 75.614s) Epoch 461/500: loss=0.100671[0m
( 75.070s) Epoch 462/500: loss=0.093280[0m
( 74.693s) Epoch 463/500: loss=0.097850[0m
( 74.757s) Epoch 464/500: loss=0.092311[0m
( 76.191s) Epoch 465/500: loss=0.088871[0m
( 74.878s) Epoch 466/500: loss=0.090056[0m
( 74.935s) Epoch 467/500: loss=0.089179[0m
( 74.694s) Epoch 468/500: loss=0.085534[0m
( 75.164s) Epoch 469/500: loss=0.094369[0m
( 75.185s) Epoch 470/500: loss=0.086969[0m
( 74.581s) Epoch 471/500: loss=0.086906[0m
( 76.501s) Epoch 472/500: loss=0.086885[0m
( 75.121s) Epoch 473/500: loss=0.083683[0m
( 76.100s) Epoch 474/500: loss=0.082999[0m
( 74.810s) Epoch 475/500: loss=0.082597[0m
( 75.030s) Epoch 476/500: loss=0.077706[0m
( 74.962s) Epoch 477/500: loss=0.078081[0m
( 78.168s) Epoch 478/500: loss=0.077577[0m
( 76.905s) Epoch 479/500: loss=0.074426[0m
( 74.535s) Epoch 480/500: loss=0.073525[0m
( 75.309s) Epoch 481/500: loss=0.072184[0m
( 74.982s) Epoch 482/500: loss=0.078196[0m
( 76.113s) Epoch 483/500: loss=0.073653[0m
( 74.823s) Epoch 484/500: loss=0.074521[0m
( 75.146s) Epoch 485/500: loss=0.073781[0m
( 74.924s) Epoch 486/500: loss=0.072252[0m
( 75.342s) Epoch 487/500: loss=0.073719[0m
( 74.784s) Epoch 488/500: loss=0.071871[0m
( 74.830s) Epoch 489/500: loss=0.068647[0m
( 74.967s) Epoch 490/500: loss=0.073805[0m
( 75.591s) Epoch 491/500: loss=0.070652[0m
( 75.663s) Epoch 492/500: loss=0.071301[0m
( 74.509s) Epoch 493/500: loss=0.066246[0m
( 74.866s) Epoch 494/500: loss=0.070125[0m
( 74.825s) Epoch 495/500: loss=0.068710[0m
( 76.146s) Epoch 496/500: loss=0.068645[0m
( 74.478s) Epoch 497/500: loss=0.066988[0m
( 74.708s) Epoch 498/500: loss=0.066736[0m
( 74.888s) Epoch 499/500: loss=0.064443[0m
( 75.055s) Epoch 500/500: loss=0.070137[0m
Training for 500 epochs took 37953.420s total and 75.907s average
Calculating mean of transformed dataset using the best model state ... 10.496s
Saving best model and options to /home/aditya.bharti/FewShot/miniImgnet_hyperparam/ColorGauss.pth
