Namespace(T_max=250, backbone='resnet50', base_learning_rate=0.1, base_optimizer='SGD', batch_size=256, dampening=0.0, data_percent=20, dataset='miniImagenet', dataset_root=None, distributed=True, episode_strat='SimpleShotEpisodes', eval_freq=2000, fine_tune_epochs=20, fine_tune_save_path='ft0.pth', first_augment='CropResize', head='SimpleMLP', ipca=False, ipca_dim=128, jitter_strength=1.0, k_shot=5, load_from=None, local_rank=0, log_file=<_io.TextIOWrapper name='/home/aditya.bharti/FewShot/miniImgnet_hyperparam/CropGauss.out' mode='a' encoding='UTF-8'>, loss_function='NTXent', model='SimCLRModel', momentum=0.9, n_way=5, nesterov=True, ntxent_temp=0.1, num_epochs=500, num_query=15, num_test_tasks=10000, num_workers=4, pin_memory=True, pretrained=False, progress=False, projection_dim=128, save_model=True, save_path='/home/aditya.bharti/FewShot/miniImgnet_hyperparam/CropGauss.pth', scaler=True, scheduler='CosineAnnealingLR', second_augment='GaussBlur', shuffle=True, simple_opt=True, testing_strat='Classify1NN', use_trainval=True, weight_decay=0.0001)
Starting Training on:
Train:  80 classes
Valid:  16 classes
Test:   20 classes
------------------
( 82.164s) Epoch 001/500: loss=[32m5.318941[0m
( 52.870s) Epoch 002/500: loss=[32m4.586716[0m
( 49.060s) Epoch 003/500: loss=[32m4.013941[0m
( 49.098s) Epoch 004/500: loss=[32m3.327446[0m
( 49.247s) Epoch 005/500: loss=[32m2.502831[0m
( 49.212s) Epoch 006/500: loss=[32m2.163258[0m
( 49.261s) Epoch 007/500: loss=[32m1.639869[0m
( 49.363s) Epoch 008/500: loss=[32m1.387098[0m
( 49.419s) Epoch 009/500: loss=[32m1.235503[0m
( 49.525s) Epoch 010/500: loss=[32m1.065735[0m
( 49.562s) Epoch 011/500: loss=[32m0.965694[0m
( 49.373s) Epoch 012/500: loss=[32m0.880503[0m
( 49.720s) Epoch 013/500: loss=[32m0.812591[0m
( 49.621s) Epoch 014/500: loss=[32m0.759927[0m
( 49.634s) Epoch 015/500: loss=[32m0.724254[0m
( 49.626s) Epoch 016/500: loss=[32m0.690497[0m
( 49.660s) Epoch 017/500: loss=[32m0.662508[0m
( 49.705s) Epoch 018/500: loss=[32m0.641052[0m
( 49.549s) Epoch 019/500: loss=[32m0.640620[0m
( 49.723s) Epoch 020/500: loss=[32m0.611105[0m
( 49.628s) Epoch 021/500: loss=[32m0.585276[0m
( 49.760s) Epoch 022/500: loss=[32m0.572648[0m
( 49.718s) Epoch 023/500: loss=[32m0.566790[0m
( 49.751s) Epoch 024/500: loss=[32m0.514094[0m
( 49.843s) Epoch 025/500: loss=[32m0.496303[0m
( 49.777s) Epoch 026/500: loss=[32m0.490827[0m
( 49.863s) Epoch 027/500: loss=[32m0.490116[0m
( 49.693s) Epoch 028/500: loss=[32m0.476319[0m
( 49.768s) Epoch 029/500: loss=[32m0.460211[0m
( 49.704s) Epoch 030/500: loss=[32m0.439775[0m
( 49.825s) Epoch 031/500: loss=0.441658[0m
( 49.759s) Epoch 032/500: loss=[32m0.433345[0m
( 49.791s) Epoch 033/500: loss=[32m0.407002[0m
( 49.774s) Epoch 034/500: loss=[32m0.396567[0m
( 49.695s) Epoch 035/500: loss=0.409310[0m
( 49.793s) Epoch 036/500: loss=[32m0.389445[0m
( 49.803s) Epoch 037/500: loss=0.389586[0m
( 49.746s) Epoch 038/500: loss=[32m0.388696[0m
( 49.799s) Epoch 039/500: loss=[32m0.366214[0m
( 49.780s) Epoch 040/500: loss=0.368049[0m
( 49.868s) Epoch 041/500: loss=[32m0.359436[0m
( 49.820s) Epoch 042/500: loss=0.362055[0m
( 49.811s) Epoch 043/500: loss=[32m0.345988[0m
( 49.731s) Epoch 044/500: loss=[32m0.344281[0m
( 49.813s) Epoch 045/500: loss=0.350411[0m
( 49.802s) Epoch 046/500: loss=[32m0.337984[0m
( 49.749s) Epoch 047/500: loss=[32m0.328032[0m
( 49.710s) Epoch 048/500: loss=0.339445[0m
( 49.803s) Epoch 049/500: loss=[32m0.322914[0m
( 49.906s) Epoch 050/500: loss=0.325116[0m
( 49.829s) Epoch 051/500: loss=0.322925[0m
( 49.786s) Epoch 052/500: loss=[32m0.308974[0m
( 49.861s) Epoch 053/500: loss=0.314601[0m
( 49.770s) Epoch 054/500: loss=[32m0.301865[0m
( 49.823s) Epoch 055/500: loss=0.308149[0m
( 49.804s) Epoch 056/500: loss=0.304022[0m
( 49.801s) Epoch 057/500: loss=0.304108[0m
( 49.803s) Epoch 058/500: loss=[32m0.290746[0m
( 49.762s) Epoch 059/500: loss=0.303225[0m
( 49.837s) Epoch 060/500: loss=0.303901[0m
( 49.793s) Epoch 061/500: loss=[32m0.286979[0m
( 49.729s) Epoch 062/500: loss=0.292379[0m
( 49.753s) Epoch 063/500: loss=0.288504[0m
( 49.941s) Epoch 064/500: loss=0.292045[0m
( 49.876s) Epoch 065/500: loss=0.289398[0m
( 49.766s) Epoch 066/500: loss=[32m0.280182[0m
( 49.853s) Epoch 067/500: loss=[32m0.279358[0m
( 49.995s) Epoch 068/500: loss=[32m0.276012[0m
( 49.962s) Epoch 069/500: loss=0.277931[0m
( 49.875s) Epoch 070/500: loss=0.280643[0m
( 49.873s) Epoch 071/500: loss=0.278690[0m
( 49.811s) Epoch 072/500: loss=[32m0.269671[0m
( 49.869s) Epoch 073/500: loss=0.272626[0m
( 49.811s) Epoch 074/500: loss=0.280128[0m
( 49.876s) Epoch 075/500: loss=[32m0.264122[0m
( 49.762s) Epoch 076/500: loss=[32m0.263965[0m
( 49.904s) Epoch 077/500: loss=0.266195[0m
( 49.866s) Epoch 078/500: loss=0.267877[0m
( 49.845s) Epoch 079/500: loss=0.264235[0m
( 49.870s) Epoch 080/500: loss=0.264441[0m
( 49.819s) Epoch 081/500: loss=[32m0.263143[0m
( 49.863s) Epoch 082/500: loss=0.266628[0m
( 49.940s) Epoch 083/500: loss=[32m0.247042[0m
( 49.794s) Epoch 084/500: loss=0.259885[0m
( 49.829s) Epoch 085/500: loss=0.258122[0m
( 49.749s) Epoch 086/500: loss=0.253444[0m
( 49.865s) Epoch 087/500: loss=0.250988[0m
( 49.911s) Epoch 088/500: loss=0.253734[0m
( 49.780s) Epoch 089/500: loss=0.251045[0m
( 49.882s) Epoch 090/500: loss=0.250748[0m
( 49.750s) Epoch 091/500: loss=[32m0.241244[0m
( 49.819s) Epoch 092/500: loss=0.247899[0m
( 49.913s) Epoch 093/500: loss=[32m0.235286[0m
( 49.924s) Epoch 094/500: loss=0.241519[0m
( 49.877s) Epoch 095/500: loss=0.244694[0m
( 49.862s) Epoch 096/500: loss=0.244883[0m
( 49.859s) Epoch 097/500: loss=0.237807[0m
( 49.838s) Epoch 098/500: loss=0.243418[0m
( 49.835s) Epoch 099/500: loss=0.235442[0m
( 49.809s) Epoch 100/500: loss=0.236467[0m
( 49.870s) Epoch 101/500: loss=0.238864[0m
( 49.836s) Epoch 102/500: loss=0.236742[0m
( 49.845s) Epoch 103/500: loss=0.237882[0m
( 49.838s) Epoch 104/500: loss=[32m0.232688[0m
( 49.941s) Epoch 105/500: loss=0.236261[0m
( 49.949s) Epoch 106/500: loss=0.233479[0m
( 49.911s) Epoch 107/500: loss=[32m0.229600[0m
( 49.807s) Epoch 108/500: loss=[32m0.228876[0m
( 49.870s) Epoch 109/500: loss=0.231170[0m
( 49.791s) Epoch 110/500: loss=0.229006[0m
( 49.898s) Epoch 111/500: loss=0.230954[0m
( 49.916s) Epoch 112/500: loss=0.230594[0m
( 49.957s) Epoch 113/500: loss=[32m0.227175[0m
( 50.050s) Epoch 114/500: loss=[32m0.222295[0m
( 50.009s) Epoch 115/500: loss=0.230108[0m
( 50.172s) Epoch 116/500: loss=[32m0.218391[0m
( 50.216s) Epoch 117/500: loss=0.224045[0m
( 50.094s) Epoch 118/500: loss=[32m0.215638[0m
( 50.126s) Epoch 119/500: loss=0.218869[0m
( 50.122s) Epoch 120/500: loss=0.218924[0m
( 50.136s) Epoch 121/500: loss=0.227577[0m
( 50.176s) Epoch 122/500: loss=0.217029[0m
( 50.186s) Epoch 123/500: loss=[32m0.209879[0m
( 50.171s) Epoch 124/500: loss=0.218284[0m
( 50.227s) Epoch 125/500: loss=0.223651[0m
( 50.173s) Epoch 126/500: loss=0.211369[0m
( 50.116s) Epoch 127/500: loss=[32m0.209081[0m
( 50.182s) Epoch 128/500: loss=0.214789[0m
( 50.174s) Epoch 129/500: loss=0.215788[0m
( 50.244s) Epoch 130/500: loss=0.210639[0m
( 50.259s) Epoch 131/500: loss=0.216904[0m
( 50.239s) Epoch 132/500: loss=0.213258[0m
( 50.185s) Epoch 133/500: loss=[32m0.206912[0m
( 50.247s) Epoch 134/500: loss=0.213716[0m
( 50.213s) Epoch 135/500: loss=0.210675[0m
( 50.231s) Epoch 136/500: loss=[32m0.201082[0m
( 50.297s) Epoch 137/500: loss=0.209256[0m
( 50.200s) Epoch 138/500: loss=0.212731[0m
( 50.167s) Epoch 139/500: loss=0.211280[0m
( 50.395s) Epoch 140/500: loss=[32m0.200739[0m
( 50.124s) Epoch 141/500: loss=0.215183[0m
( 50.267s) Epoch 142/500: loss=0.201868[0m
( 50.210s) Epoch 143/500: loss=0.203527[0m
( 50.287s) Epoch 144/500: loss=0.203721[0m
( 50.201s) Epoch 145/500: loss=[32m0.196895[0m
( 50.153s) Epoch 146/500: loss=0.203725[0m
( 50.180s) Epoch 147/500: loss=0.210180[0m
( 50.079s) Epoch 148/500: loss=0.202270[0m
( 50.172s) Epoch 149/500: loss=0.201144[0m
( 50.033s) Epoch 150/500: loss=0.197884[0m
( 49.905s) Epoch 151/500: loss=0.202200[0m
( 49.981s) Epoch 152/500: loss=0.204734[0m
( 49.901s) Epoch 153/500: loss=0.200266[0m
( 50.067s) Epoch 154/500: loss=0.199222[0m
( 50.015s) Epoch 155/500: loss=0.197351[0m
( 49.908s) Epoch 156/500: loss=0.197545[0m
( 49.990s) Epoch 157/500: loss=0.199753[0m
( 49.877s) Epoch 158/500: loss=0.200754[0m
( 49.957s) Epoch 159/500: loss=0.199267[0m
( 50.002s) Epoch 160/500: loss=0.201330[0m
( 49.891s) Epoch 161/500: loss=0.201669[0m
( 49.818s) Epoch 162/500: loss=[32m0.196052[0m
( 49.898s) Epoch 163/500: loss=[32m0.193390[0m
( 49.952s) Epoch 164/500: loss=[32m0.189061[0m
( 49.895s) Epoch 165/500: loss=0.200035[0m
( 49.836s) Epoch 166/500: loss=[32m0.187617[0m
( 49.847s) Epoch 167/500: loss=0.195945[0m
( 49.849s) Epoch 168/500: loss=0.196510[0m
( 50.053s) Epoch 169/500: loss=[32m0.186389[0m
( 50.034s) Epoch 170/500: loss=0.188971[0m
( 50.104s) Epoch 171/500: loss=0.189390[0m
( 50.045s) Epoch 172/500: loss=0.192900[0m
( 50.154s) Epoch 173/500: loss=0.189050[0m
( 50.117s) Epoch 174/500: loss=0.190042[0m
( 50.056s) Epoch 175/500: loss=0.189726[0m
( 50.139s) Epoch 176/500: loss=0.190399[0m
( 50.124s) Epoch 177/500: loss=0.189017[0m
( 50.202s) Epoch 178/500: loss=0.187651[0m
( 50.160s) Epoch 179/500: loss=0.190272[0m
( 50.058s) Epoch 180/500: loss=0.192958[0m
( 50.199s) Epoch 181/500: loss=0.190360[0m
( 50.075s) Epoch 182/500: loss=0.190854[0m
( 50.183s) Epoch 183/500: loss=0.190272[0m
( 50.191s) Epoch 184/500: loss=[32m0.185559[0m
( 50.180s) Epoch 185/500: loss=0.189709[0m
( 50.256s) Epoch 186/500: loss=[32m0.184684[0m
( 50.199s) Epoch 187/500: loss=0.186722[0m
( 50.256s) Epoch 188/500: loss=[32m0.178429[0m
( 50.164s) Epoch 189/500: loss=0.183765[0m
( 50.220s) Epoch 190/500: loss=0.183464[0m
( 50.203s) Epoch 191/500: loss=0.184597[0m
( 50.166s) Epoch 192/500: loss=0.183448[0m
( 50.244s) Epoch 193/500: loss=0.182617[0m
( 50.212s) Epoch 194/500: loss=0.189249[0m
( 50.172s) Epoch 195/500: loss=0.181257[0m
( 50.126s) Epoch 196/500: loss=0.186390[0m
( 50.087s) Epoch 197/500: loss=0.183882[0m
( 50.111s) Epoch 198/500: loss=0.181173[0m
( 50.049s) Epoch 199/500: loss=0.184211[0m
( 49.916s) Epoch 200/500: loss=0.182215[0m
( 50.012s) Epoch 201/500: loss=0.186598[0m
( 49.946s) Epoch 202/500: loss=0.184174[0m
( 49.971s) Epoch 203/500: loss=0.185008[0m
( 49.964s) Epoch 204/500: loss=0.185704[0m
( 49.886s) Epoch 205/500: loss=0.178489[0m
( 49.939s) Epoch 206/500: loss=[32m0.175837[0m
( 49.944s) Epoch 207/500: loss=0.181842[0m
( 49.852s) Epoch 208/500: loss=[32m0.174159[0m
( 49.938s) Epoch 209/500: loss=0.177264[0m
( 49.872s) Epoch 210/500: loss=0.178049[0m
( 49.876s) Epoch 211/500: loss=0.181458[0m
( 49.921s) Epoch 212/500: loss=0.182149[0m
( 49.832s) Epoch 213/500: loss=0.178565[0m
( 49.841s) Epoch 214/500: loss=0.176600[0m
( 49.843s) Epoch 215/500: loss=0.175414[0m
( 49.774s) Epoch 216/500: loss=0.175569[0m
( 50.009s) Epoch 217/500: loss=0.175533[0m
( 49.921s) Epoch 218/500: loss=0.175995[0m
( 50.070s) Epoch 219/500: loss=0.177862[0m
( 50.083s) Epoch 220/500: loss=0.176929[0m
( 50.099s) Epoch 221/500: loss=0.181271[0m
( 50.159s) Epoch 222/500: loss=0.176562[0m
( 50.168s) Epoch 223/500: loss=0.176688[0m
( 50.254s) Epoch 224/500: loss=0.181497[0m
( 50.104s) Epoch 225/500: loss=[32m0.170330[0m
( 50.104s) Epoch 226/500: loss=0.177615[0m
( 50.228s) Epoch 227/500: loss=0.173224[0m
( 50.251s) Epoch 228/500: loss=0.173076[0m
( 50.101s) Epoch 229/500: loss=0.174708[0m
( 50.235s) Epoch 230/500: loss=0.175820[0m
( 50.236s) Epoch 231/500: loss=0.171577[0m
( 50.279s) Epoch 232/500: loss=0.174892[0m
( 50.181s) Epoch 233/500: loss=0.173814[0m
( 50.129s) Epoch 234/500: loss=0.173397[0m
( 50.274s) Epoch 235/500: loss=0.177724[0m
( 50.223s) Epoch 236/500: loss=0.181520[0m
( 50.323s) Epoch 237/500: loss=0.181877[0m
( 50.213s) Epoch 238/500: loss=0.174385[0m
( 50.165s) Epoch 239/500: loss=0.180772[0m
( 50.307s) Epoch 240/500: loss=0.175805[0m
( 50.174s) Epoch 241/500: loss=0.177379[0m
( 50.337s) Epoch 242/500: loss=0.176624[0m
( 50.209s) Epoch 243/500: loss=0.172116[0m
( 50.200s) Epoch 244/500: loss=0.173444[0m
( 50.212s) Epoch 245/500: loss=0.175909[0m
( 50.171s) Epoch 246/500: loss=0.175309[0m
( 50.235s) Epoch 247/500: loss=0.176275[0m
( 50.085s) Epoch 248/500: loss=0.175395[0m
( 50.053s) Epoch 249/500: loss=0.173037[0m
( 50.006s) Epoch 250/500: loss=0.173088[0m
( 50.030s) Epoch 251/500: loss=0.172787[0m
( 50.104s) Epoch 252/500: loss=0.179053[0m
( 49.996s) Epoch 253/500: loss=[32m0.167922[0m
( 50.009s) Epoch 254/500: loss=0.174858[0m
( 49.967s) Epoch 255/500: loss=0.172404[0m
( 50.069s) Epoch 256/500: loss=0.176549[0m
( 49.959s) Epoch 257/500: loss=0.177266[0m
( 49.905s) Epoch 258/500: loss=0.173790[0m
( 50.009s) Epoch 259/500: loss=0.178712[0m
( 49.969s) Epoch 260/500: loss=0.177652[0m
( 49.977s) Epoch 261/500: loss=0.176064[0m
( 49.913s) Epoch 262/500: loss=0.177366[0m
( 49.878s) Epoch 263/500: loss=[32m0.166178[0m
( 49.821s) Epoch 264/500: loss=0.171985[0m
( 49.865s) Epoch 265/500: loss=0.173282[0m
( 49.971s) Epoch 266/500: loss=0.176559[0m
( 49.828s) Epoch 267/500: loss=0.177897[0m
( 49.949s) Epoch 268/500: loss=0.174764[0m
( 49.885s) Epoch 269/500: loss=0.174955[0m
( 49.875s) Epoch 270/500: loss=0.170634[0m
( 50.000s) Epoch 271/500: loss=0.170851[0m
( 49.872s) Epoch 272/500: loss=0.173876[0m
( 49.893s) Epoch 273/500: loss=0.172264[0m
( 49.820s) Epoch 274/500: loss=0.175154[0m
( 49.857s) Epoch 275/500: loss=0.175308[0m
( 49.942s) Epoch 276/500: loss=0.175000[0m
( 49.951s) Epoch 277/500: loss=0.171899[0m
( 50.000s) Epoch 278/500: loss=0.178369[0m
( 50.090s) Epoch 279/500: loss=0.177899[0m
( 50.076s) Epoch 280/500: loss=0.176747[0m
( 50.226s) Epoch 281/500: loss=0.177606[0m
( 50.000s) Epoch 282/500: loss=0.179735[0m
( 50.046s) Epoch 283/500: loss=0.177650[0m
( 49.924s) Epoch 284/500: loss=0.184785[0m
( 49.974s) Epoch 285/500: loss=0.173571[0m
( 49.997s) Epoch 286/500: loss=0.182749[0m
( 49.961s) Epoch 287/500: loss=0.174614[0m
( 49.906s) Epoch 288/500: loss=0.173729[0m
( 49.863s) Epoch 289/500: loss=0.179369[0m
( 49.884s) Epoch 290/500: loss=0.174957[0m
( 50.127s) Epoch 291/500: loss=0.175704[0m
( 49.942s) Epoch 292/500: loss=0.167608[0m
( 49.909s) Epoch 293/500: loss=0.183720[0m
( 49.924s) Epoch 294/500: loss=0.183154[0m
( 50.058s) Epoch 295/500: loss=0.172488[0m
( 50.072s) Epoch 296/500: loss=0.174580[0m
( 49.877s) Epoch 297/500: loss=0.172826[0m
( 49.811s) Epoch 298/500: loss=0.173317[0m
( 49.945s) Epoch 299/500: loss=0.183332[0m
( 50.009s) Epoch 300/500: loss=0.179873[0m
( 50.201s) Epoch 301/500: loss=0.177821[0m
( 50.122s) Epoch 302/500: loss=0.179057[0m
( 50.138s) Epoch 303/500: loss=0.175310[0m
( 50.128s) Epoch 304/500: loss=0.180727[0m
( 50.139s) Epoch 305/500: loss=0.178441[0m
( 50.204s) Epoch 306/500: loss=0.176466[0m
( 50.175s) Epoch 307/500: loss=0.176290[0m
( 50.244s) Epoch 308/500: loss=0.176048[0m
( 50.251s) Epoch 309/500: loss=0.185406[0m
( 50.204s) Epoch 310/500: loss=0.172425[0m
( 50.372s) Epoch 311/500: loss=0.181013[0m
( 50.208s) Epoch 312/500: loss=0.172972[0m
( 50.258s) Epoch 313/500: loss=0.177756[0m
( 50.262s) Epoch 314/500: loss=0.181266[0m
( 50.270s) Epoch 315/500: loss=0.175147[0m
( 50.216s) Epoch 316/500: loss=0.180693[0m
( 50.153s) Epoch 317/500: loss=0.175536[0m
( 50.123s) Epoch 318/500: loss=0.181903[0m
( 50.059s) Epoch 319/500: loss=0.180385[0m
( 50.043s) Epoch 320/500: loss=0.175514[0m
( 50.068s) Epoch 321/500: loss=0.177511[0m
( 49.978s) Epoch 322/500: loss=0.171863[0m
( 50.055s) Epoch 323/500: loss=0.174346[0m
( 50.035s) Epoch 324/500: loss=0.182290[0m
( 50.205s) Epoch 325/500: loss=0.177756[0m
( 50.254s) Epoch 326/500: loss=0.178464[0m
( 50.144s) Epoch 327/500: loss=0.181350[0m
( 50.209s) Epoch 328/500: loss=0.175847[0m
( 50.300s) Epoch 329/500: loss=0.177333[0m
( 50.266s) Epoch 330/500: loss=0.182238[0m
( 50.374s) Epoch 331/500: loss=0.180111[0m
( 50.335s) Epoch 332/500: loss=0.183565[0m
( 50.187s) Epoch 333/500: loss=0.182433[0m
( 50.274s) Epoch 334/500: loss=0.183392[0m
( 50.226s) Epoch 335/500: loss=0.179809[0m
( 50.273s) Epoch 336/500: loss=0.179545[0m
( 50.175s) Epoch 337/500: loss=0.185064[0m
( 50.198s) Epoch 338/500: loss=0.183199[0m
( 50.245s) Epoch 339/500: loss=0.186317[0m
( 50.281s) Epoch 340/500: loss=0.182711[0m
( 50.231s) Epoch 341/500: loss=0.184427[0m
( 50.263s) Epoch 342/500: loss=0.181194[0m
( 50.132s) Epoch 343/500: loss=0.184983[0m
( 50.261s) Epoch 344/500: loss=0.186934[0m
( 50.243s) Epoch 345/500: loss=0.186163[0m
( 50.357s) Epoch 346/500: loss=0.180122[0m
( 50.369s) Epoch 347/500: loss=0.183894[0m
( 50.274s) Epoch 348/500: loss=0.176986[0m
( 50.223s) Epoch 349/500: loss=0.186086[0m
( 50.283s) Epoch 350/500: loss=0.182128[0m
( 50.304s) Epoch 351/500: loss=0.189915[0m
( 50.268s) Epoch 352/500: loss=0.184043[0m
( 50.327s) Epoch 353/500: loss=0.183663[0m
( 50.258s) Epoch 354/500: loss=0.182339[0m
( 50.270s) Epoch 355/500: loss=0.185731[0m
( 50.342s) Epoch 356/500: loss=0.185346[0m
( 50.320s) Epoch 357/500: loss=0.188661[0m
( 50.339s) Epoch 358/500: loss=0.202273[0m
( 50.331s) Epoch 359/500: loss=0.190721[0m
( 50.206s) Epoch 360/500: loss=0.185166[0m
( 50.408s) Epoch 361/500: loss=0.189082[0m
( 50.168s) Epoch 362/500: loss=0.185868[0m
( 50.287s) Epoch 363/500: loss=0.188940[0m
( 50.229s) Epoch 364/500: loss=0.187705[0m
( 50.299s) Epoch 365/500: loss=0.181293[0m
( 50.290s) Epoch 366/500: loss=0.193470[0m
( 50.225s) Epoch 367/500: loss=0.188885[0m
( 50.277s) Epoch 368/500: loss=0.187698[0m
( 50.365s) Epoch 369/500: loss=0.190162[0m
( 50.280s) Epoch 370/500: loss=0.187172[0m
( 50.352s) Epoch 371/500: loss=0.193767[0m
( 50.233s) Epoch 372/500: loss=0.191796[0m
( 50.258s) Epoch 373/500: loss=0.182795[0m
( 50.267s) Epoch 374/500: loss=0.185297[0m
( 50.282s) Epoch 375/500: loss=0.189500[0m
( 50.413s) Epoch 376/500: loss=0.189743[0m
( 50.241s) Epoch 377/500: loss=0.189611[0m
( 50.251s) Epoch 378/500: loss=0.193346[0m
( 50.256s) Epoch 379/500: loss=0.189973[0m
( 50.381s) Epoch 380/500: loss=0.192685[0m
( 50.486s) Epoch 381/500: loss=0.189558[0m
( 50.322s) Epoch 382/500: loss=0.183641[0m
( 50.309s) Epoch 383/500: loss=0.191570[0m
( 50.232s) Epoch 384/500: loss=0.188335[0m
( 50.332s) Epoch 385/500: loss=0.200275[0m
( 50.316s) Epoch 386/500: loss=0.197423[0m
( 50.406s) Epoch 387/500: loss=0.189328[0m
( 50.366s) Epoch 388/500: loss=0.196120[0m
( 50.247s) Epoch 389/500: loss=0.195295[0m
( 50.472s) Epoch 390/500: loss=0.191299[0m
( 50.356s) Epoch 391/500: loss=0.191768[0m
( 50.268s) Epoch 392/500: loss=0.187319[0m
( 50.309s) Epoch 393/500: loss=0.193341[0m
( 50.207s) Epoch 394/500: loss=0.187590[0m
( 50.287s) Epoch 395/500: loss=0.195952[0m
( 50.360s) Epoch 396/500: loss=0.199005[0m
( 50.285s) Epoch 397/500: loss=0.193096[0m
( 50.267s) Epoch 398/500: loss=0.191508[0m
( 50.241s) Epoch 399/500: loss=0.192057[0m
( 50.308s) Epoch 400/500: loss=0.190363[0m
( 50.319s) Epoch 401/500: loss=0.192132[0m
( 50.298s) Epoch 402/500: loss=0.188076[0m
( 50.276s) Epoch 403/500: loss=0.197650[0m
( 50.334s) Epoch 404/500: loss=0.206287[0m
( 50.395s) Epoch 405/500: loss=0.193657[0m
( 50.334s) Epoch 406/500: loss=0.190379[0m
( 50.328s) Epoch 407/500: loss=0.185258[0m
( 50.273s) Epoch 408/500: loss=0.202308[0m
( 50.360s) Epoch 409/500: loss=0.193301[0m
( 50.429s) Epoch 410/500: loss=0.199758[0m
( 50.265s) Epoch 411/500: loss=0.193542[0m
( 50.350s) Epoch 412/500: loss=0.193837[0m
( 50.278s) Epoch 413/500: loss=0.189012[0m
( 50.272s) Epoch 414/500: loss=0.197314[0m
( 50.424s) Epoch 415/500: loss=0.190036[0m
( 50.299s) Epoch 416/500: loss=0.190946[0m
( 50.323s) Epoch 417/500: loss=0.193610[0m
( 50.380s) Epoch 418/500: loss=0.196806[0m
( 50.350s) Epoch 419/500: loss=0.194174[0m
( 50.470s) Epoch 420/500: loss=0.194961[0m
( 50.343s) Epoch 421/500: loss=0.191795[0m
( 50.240s) Epoch 422/500: loss=0.191397[0m
( 50.331s) Epoch 423/500: loss=0.192957[0m
( 50.329s) Epoch 424/500: loss=0.192853[0m
( 50.407s) Epoch 425/500: loss=0.200110[0m
( 50.419s) Epoch 426/500: loss=0.196242[0m
( 50.402s) Epoch 427/500: loss=0.195363[0m
( 50.267s) Epoch 428/500: loss=0.184634[0m
( 50.356s) Epoch 429/500: loss=0.188724[0m
( 50.486s) Epoch 430/500: loss=0.193878[0m
( 50.374s) Epoch 431/500: loss=0.195381[0m
( 50.339s) Epoch 432/500: loss=0.193741[0m
( 50.316s) Epoch 433/500: loss=0.194670[0m
( 50.261s) Epoch 434/500: loss=0.199397[0m
( 50.402s) Epoch 435/500: loss=0.199125[0m
( 50.318s) Epoch 436/500: loss=0.190671[0m
( 50.342s) Epoch 437/500: loss=0.195963[0m
( 50.267s) Epoch 438/500: loss=0.197761[0m
( 50.376s) Epoch 439/500: loss=0.190662[0m
( 50.415s) Epoch 440/500: loss=0.192827[0m
( 50.224s) Epoch 441/500: loss=0.193105[0m
( 50.341s) Epoch 442/500: loss=0.189220[0m
( 50.365s) Epoch 443/500: loss=0.193588[0m
( 50.377s) Epoch 444/500: loss=0.188856[0m
( 50.442s) Epoch 445/500: loss=0.191420[0m
( 50.305s) Epoch 446/500: loss=0.188324[0m
( 50.264s) Epoch 447/500: loss=0.198888[0m
( 50.318s) Epoch 448/500: loss=0.190677[0m
( 50.335s) Epoch 449/500: loss=0.194182[0m
( 50.321s) Epoch 450/500: loss=0.196589[0m
( 50.324s) Epoch 451/500: loss=0.193975[0m
( 50.349s) Epoch 452/500: loss=0.188535[0m
( 50.336s) Epoch 453/500: loss=0.201546[0m
( 50.374s) Epoch 454/500: loss=0.187763[0m
( 50.381s) Epoch 455/500: loss=0.193171[0m
( 50.314s) Epoch 456/500: loss=0.184737[0m
( 50.299s) Epoch 457/500: loss=0.187978[0m
( 50.311s) Epoch 458/500: loss=0.188054[0m
( 50.262s) Epoch 459/500: loss=0.190094[0m
( 50.449s) Epoch 460/500: loss=0.192155[0m
( 50.265s) Epoch 461/500: loss=0.196468[0m
( 50.402s) Epoch 462/500: loss=0.196436[0m
( 50.277s) Epoch 463/500: loss=0.193012[0m
( 50.352s) Epoch 464/500: loss=0.185493[0m
( 50.410s) Epoch 465/500: loss=0.189132[0m
( 50.414s) Epoch 466/500: loss=0.189305[0m
( 50.238s) Epoch 467/500: loss=0.180874[0m
( 50.270s) Epoch 468/500: loss=0.184919[0m
( 50.307s) Epoch 469/500: loss=0.188148[0m
( 50.391s) Epoch 470/500: loss=0.185095[0m
( 50.310s) Epoch 471/500: loss=0.188771[0m
( 50.265s) Epoch 472/500: loss=0.198452[0m
( 50.335s) Epoch 473/500: loss=0.188032[0m
( 50.373s) Epoch 474/500: loss=0.191456[0m
( 50.328s) Epoch 475/500: loss=0.187425[0m
( 50.432s) Epoch 476/500: loss=0.188514[0m
( 50.301s) Epoch 477/500: loss=0.196195[0m
( 50.374s) Epoch 478/500: loss=0.189715[0m
( 50.431s) Epoch 479/500: loss=0.189109[0m
( 50.476s) Epoch 480/500: loss=0.184720[0m
( 50.359s) Epoch 481/500: loss=0.186992[0m
( 50.405s) Epoch 482/500: loss=0.182288[0m
( 50.237s) Epoch 483/500: loss=0.184922[0m
( 50.319s) Epoch 484/500: loss=0.198248[0m
( 50.460s) Epoch 485/500: loss=0.194824[0m
( 50.337s) Epoch 486/500: loss=0.183608[0m
( 50.345s) Epoch 487/500: loss=0.189355[0m
( 50.324s) Epoch 488/500: loss=0.189032[0m
( 50.336s) Epoch 489/500: loss=0.185463[0m
( 50.450s) Epoch 490/500: loss=0.178785[0m
( 50.337s) Epoch 491/500: loss=0.190803[0m
( 50.323s) Epoch 492/500: loss=0.179662[0m
( 50.311s) Epoch 493/500: loss=0.192074[0m
( 50.375s) Epoch 494/500: loss=0.188308[0m
( 50.466s) Epoch 495/500: loss=0.182564[0m
( 50.433s) Epoch 496/500: loss=0.184009[0m
( 50.398s) Epoch 497/500: loss=0.182624[0m
( 50.322s) Epoch 498/500: loss=0.178526[0m
( 50.360s) Epoch 499/500: loss=0.179477[0m
( 50.463s) Epoch 500/500: loss=0.187169[0m
Training for 500 epochs took 25081.363s total and 50.163s average
Calculating mean of transformed dataset using the best model state ... 9.317s
Saving best model and options to /home/aditya.bharti/FewShot/miniImgnet_hyperparam/CropGauss.pth
