Namespace(T_max=250, backbone='resnet50', base_learning_rate=0.1, base_optimizer='SGD', batch_size=256, dampening=0.0, data_percent=20, dataset='miniImagenet', dataset_root=None, distributed=True, episode_strat='SimpleShotEpisodes', eval_freq=2000, fine_tune_epochs=20, fine_tune_save_path='ft0.pth', first_augment='CropResize', head='SimpleMLP', ipca=False, ipca_dim=128, jitter_strength=1.0, k_shot=5, load_from=None, local_rank=0, log_file=<_io.TextIOWrapper name='/home/aditya.bharti/FewShot/miniImgnet_hyperparam/CropColor.out' mode='a' encoding='UTF-8'>, loss_function='NTXent', model='SimCLRModel', momentum=0.9, n_way=5, nesterov=True, ntxent_temp=0.1, num_epochs=500, num_query=15, num_test_tasks=10000, num_workers=4, pin_memory=True, pretrained=False, progress=False, projection_dim=128, save_model=True, save_path='/home/aditya.bharti/FewShot/miniImgnet_hyperparam/CropColor.pth', scaler=True, scheduler='CosineAnnealingLR', second_augment='ColorDistort', shuffle=True, simple_opt=True, testing_strat='Classify1NN', use_trainval=True, weight_decay=0.0001)
Starting Training on:
Train:  80 classes
Valid:  16 classes
Test:   20 classes
------------------
( 55.490s) Epoch 001/500: loss=[32m5.981643[0m
( 54.475s) Epoch 002/500: loss=[32m5.691415[0m
( 54.495s) Epoch 003/500: loss=[32m5.419241[0m
( 54.570s) Epoch 004/500: loss=[32m4.861817[0m
( 54.663s) Epoch 005/500: loss=[32m4.514446[0m
( 54.601s) Epoch 006/500: loss=[32m4.035371[0m
( 54.726s) Epoch 007/500: loss=[32m3.644261[0m
( 54.791s) Epoch 008/500: loss=[32m3.327641[0m
( 54.883s) Epoch 009/500: loss=[32m3.075543[0m
( 54.967s) Epoch 010/500: loss=[32m2.660645[0m
( 54.922s) Epoch 011/500: loss=[32m2.655388[0m
( 54.952s) Epoch 012/500: loss=[32m2.224145[0m
( 55.022s) Epoch 013/500: loss=[32m1.961538[0m
( 56.009s) Epoch 014/500: loss=[32m1.817899[0m
( 54.918s) Epoch 015/500: loss=[32m1.676104[0m
( 55.028s) Epoch 016/500: loss=[32m1.543400[0m
( 54.975s) Epoch 017/500: loss=[32m1.541538[0m
( 55.028s) Epoch 018/500: loss=[32m1.399331[0m
( 55.078s) Epoch 019/500: loss=[32m1.302621[0m
( 55.038s) Epoch 020/500: loss=[32m1.267293[0m
( 55.100s) Epoch 021/500: loss=[32m1.213226[0m
( 55.128s) Epoch 022/500: loss=[32m1.170188[0m
( 55.109s) Epoch 023/500: loss=[32m1.132323[0m
( 55.072s) Epoch 024/500: loss=[32m1.095156[0m
( 55.052s) Epoch 025/500: loss=[32m1.080975[0m
( 55.093s) Epoch 026/500: loss=[32m1.054373[0m
( 55.220s) Epoch 027/500: loss=[32m1.028431[0m
( 55.030s) Epoch 028/500: loss=[32m0.991661[0m
( 55.224s) Epoch 029/500: loss=0.995529[0m
( 55.268s) Epoch 030/500: loss=[32m0.962294[0m
( 55.287s) Epoch 031/500: loss=0.962357[0m
( 55.282s) Epoch 032/500: loss=[32m0.934809[0m
( 55.133s) Epoch 033/500: loss=[32m0.915900[0m
( 55.249s) Epoch 034/500: loss=0.963851[0m
( 55.196s) Epoch 035/500: loss=1.086872[0m
( 55.394s) Epoch 036/500: loss=[32m0.899407[0m
( 55.177s) Epoch 037/500: loss=[32m0.865794[0m
( 55.155s) Epoch 038/500: loss=0.868509[0m
( 55.141s) Epoch 039/500: loss=[32m0.837825[0m
( 54.920s) Epoch 040/500: loss=[32m0.836683[0m
( 55.143s) Epoch 041/500: loss=[32m0.802397[0m
( 54.979s) Epoch 042/500: loss=0.822002[0m
( 54.945s) Epoch 043/500: loss=[32m0.791384[0m
( 54.853s) Epoch 044/500: loss=0.792647[0m
( 54.855s) Epoch 045/500: loss=0.800551[0m
( 54.788s) Epoch 046/500: loss=[32m0.784250[0m
( 54.965s) Epoch 047/500: loss=[32m0.784080[0m
( 54.842s) Epoch 048/500: loss=[32m0.777724[0m
( 54.956s) Epoch 049/500: loss=[32m0.745629[0m
( 54.715s) Epoch 050/500: loss=0.748213[0m
( 54.833s) Epoch 051/500: loss=[32m0.740324[0m
( 54.978s) Epoch 052/500: loss=0.742380[0m
( 54.762s) Epoch 053/500: loss=0.745449[0m
( 54.868s) Epoch 054/500: loss=[32m0.724224[0m
( 54.744s) Epoch 055/500: loss=[32m0.719218[0m
( 54.709s) Epoch 056/500: loss=[32m0.705791[0m
( 54.809s) Epoch 057/500: loss=0.710752[0m
( 54.975s) Epoch 058/500: loss=[32m0.703561[0m
( 54.986s) Epoch 059/500: loss=[32m0.695666[0m
( 54.977s) Epoch 060/500: loss=0.698256[0m
( 55.023s) Epoch 061/500: loss=[32m0.691380[0m
( 55.133s) Epoch 062/500: loss=[32m0.689109[0m
( 55.001s) Epoch 063/500: loss=[32m0.670746[0m
( 54.856s) Epoch 064/500: loss=0.671620[0m
( 54.826s) Epoch 065/500: loss=[32m0.666015[0m
( 54.792s) Epoch 066/500: loss=0.670524[0m
( 54.910s) Epoch 067/500: loss=[32m0.648213[0m
( 54.988s) Epoch 068/500: loss=0.658991[0m
( 54.906s) Epoch 069/500: loss=0.664201[0m
( 54.886s) Epoch 070/500: loss=[32m0.638752[0m
( 54.884s) Epoch 071/500: loss=[32m0.636146[0m
( 54.788s) Epoch 072/500: loss=[32m0.630425[0m
( 54.860s) Epoch 073/500: loss=0.635517[0m
( 54.919s) Epoch 074/500: loss=[32m0.620928[0m
( 54.710s) Epoch 075/500: loss=0.630492[0m
( 54.796s) Epoch 076/500: loss=[32m0.617990[0m
( 54.870s) Epoch 077/500: loss=[32m0.617305[0m
( 55.009s) Epoch 078/500: loss=0.618159[0m
( 55.072s) Epoch 079/500: loss=0.624928[0m
( 55.027s) Epoch 080/500: loss=[32m0.607341[0m
( 55.110s) Epoch 081/500: loss=[32m0.603656[0m
( 55.033s) Epoch 082/500: loss=0.606664[0m
( 54.960s) Epoch 083/500: loss=0.608636[0m
( 55.159s) Epoch 084/500: loss=[32m0.601345[0m
( 55.085s) Epoch 085/500: loss=0.601694[0m
( 55.023s) Epoch 086/500: loss=[32m0.591207[0m
( 54.984s) Epoch 087/500: loss=[32m0.582209[0m
( 55.176s) Epoch 088/500: loss=[32m0.579422[0m
( 55.157s) Epoch 089/500: loss=1.007500[0m
( 55.119s) Epoch 090/500: loss=0.766237[0m
( 55.137s) Epoch 091/500: loss=0.699990[0m
( 55.069s) Epoch 092/500: loss=0.640790[0m
( 55.178s) Epoch 093/500: loss=0.612428[0m
( 55.101s) Epoch 094/500: loss=0.617171[0m
( 55.336s) Epoch 095/500: loss=0.608296[0m
( 55.147s) Epoch 096/500: loss=0.678920[0m
( 55.101s) Epoch 097/500: loss=0.658161[0m
( 55.148s) Epoch 098/500: loss=0.600371[0m
( 55.126s) Epoch 099/500: loss=0.593255[0m
( 54.892s) Epoch 100/500: loss=[32m0.569983[0m
( 55.032s) Epoch 101/500: loss=[32m0.558087[0m
( 54.869s) Epoch 102/500: loss=0.572433[0m
( 54.843s) Epoch 103/500: loss=[32m0.556676[0m
( 54.753s) Epoch 104/500: loss=[32m0.556285[0m
( 54.796s) Epoch 105/500: loss=[32m0.546476[0m
( 54.962s) Epoch 106/500: loss=0.552808[0m
( 54.858s) Epoch 107/500: loss=[32m0.536510[0m
( 54.821s) Epoch 108/500: loss=0.552497[0m
( 54.854s) Epoch 109/500: loss=[32m0.533228[0m
( 54.763s) Epoch 110/500: loss=0.535500[0m
( 54.726s) Epoch 111/500: loss=0.539039[0m
( 54.937s) Epoch 112/500: loss=0.536928[0m
( 54.795s) Epoch 113/500: loss=[32m0.528621[0m
( 54.803s) Epoch 114/500: loss=0.834073[0m
( 54.690s) Epoch 115/500: loss=0.623654[0m
( 54.802s) Epoch 116/500: loss=0.572948[0m
( 54.822s) Epoch 117/500: loss=0.559152[0m
( 54.721s) Epoch 118/500: loss=0.544257[0m
( 54.737s) Epoch 119/500: loss=0.532113[0m
( 54.695s) Epoch 120/500: loss=0.530418[0m
( 54.678s) Epoch 121/500: loss=0.538062[0m
( 54.711s) Epoch 122/500: loss=[32m0.522280[0m
( 54.994s) Epoch 123/500: loss=[32m0.510710[0m
( 54.874s) Epoch 124/500: loss=[32m0.505912[0m
( 54.673s) Epoch 125/500: loss=[32m0.497766[0m
( 54.778s) Epoch 126/500: loss=0.503729[0m
( 54.736s) Epoch 127/500: loss=[32m0.493350[0m
( 54.837s) Epoch 128/500: loss=0.678989[0m
( 54.841s) Epoch 129/500: loss=0.550768[0m
( 54.710s) Epoch 130/500: loss=0.506899[0m
( 54.661s) Epoch 131/500: loss=0.501347[0m
( 54.697s) Epoch 132/500: loss=0.507933[0m
( 54.684s) Epoch 133/500: loss=0.497588[0m
( 54.854s) Epoch 134/500: loss=[32m0.492659[0m
( 54.827s) Epoch 135/500: loss=0.493232[0m
( 54.760s) Epoch 136/500: loss=0.496637[0m
( 54.735s) Epoch 137/500: loss=[32m0.473127[0m
( 54.745s) Epoch 138/500: loss=0.488543[0m
( 54.806s) Epoch 139/500: loss=0.489012[0m
( 54.844s) Epoch 140/500: loss=0.480507[0m
( 54.848s) Epoch 141/500: loss=0.476810[0m
( 54.745s) Epoch 142/500: loss=[32m0.471280[0m
( 54.707s) Epoch 143/500: loss=[32m0.469189[0m
( 54.742s) Epoch 144/500: loss=0.483774[0m
( 54.820s) Epoch 145/500: loss=[32m0.456397[0m
( 54.719s) Epoch 146/500: loss=0.465186[0m
( 54.724s) Epoch 147/500: loss=[32m0.455795[0m
( 54.857s) Epoch 148/500: loss=[32m0.450688[0m
( 54.765s) Epoch 149/500: loss=0.454142[0m
( 54.829s) Epoch 150/500: loss=0.468801[0m
( 54.918s) Epoch 151/500: loss=0.463549[0m
( 54.861s) Epoch 152/500: loss=0.466392[0m
( 54.698s) Epoch 153/500: loss=[32m0.447239[0m
( 54.807s) Epoch 154/500: loss=0.449881[0m
( 54.626s) Epoch 155/500: loss=0.459307[0m
( 54.863s) Epoch 156/500: loss=0.457014[0m
( 54.820s) Epoch 157/500: loss=[32m0.447027[0m
( 54.698s) Epoch 158/500: loss=[32m0.439741[0m
( 54.854s) Epoch 159/500: loss=[32m0.431605[0m
( 54.773s) Epoch 160/500: loss=0.431625[0m
( 54.935s) Epoch 161/500: loss=0.438384[0m
( 54.831s) Epoch 162/500: loss=0.445178[0m
( 54.695s) Epoch 163/500: loss=[32m0.429608[0m
( 54.876s) Epoch 164/500: loss=[32m0.428330[0m
( 54.854s) Epoch 165/500: loss=0.431225[0m
( 54.795s) Epoch 166/500: loss=0.431624[0m
( 54.870s) Epoch 167/500: loss=0.435679[0m
( 54.791s) Epoch 168/500: loss=0.429422[0m
( 54.667s) Epoch 169/500: loss=[32m0.426467[0m
( 54.856s) Epoch 170/500: loss=[32m0.425846[0m
( 54.722s) Epoch 171/500: loss=0.427249[0m
( 54.889s) Epoch 172/500: loss=[32m0.422449[0m
( 54.778s) Epoch 173/500: loss=[32m0.418862[0m
( 54.744s) Epoch 174/500: loss=0.424383[0m
( 54.782s) Epoch 175/500: loss=0.421779[0m
( 54.740s) Epoch 176/500: loss=[32m0.415618[0m
( 54.742s) Epoch 177/500: loss=0.418951[0m
( 54.818s) Epoch 178/500: loss=[32m0.402412[0m
( 54.836s) Epoch 179/500: loss=0.415421[0m
( 54.701s) Epoch 180/500: loss=0.409816[0m
( 54.774s) Epoch 181/500: loss=0.418695[0m
( 54.754s) Epoch 182/500: loss=[32m0.401696[0m
( 54.883s) Epoch 183/500: loss=0.405262[0m
( 54.758s) Epoch 184/500: loss=[32m0.398292[0m
( 54.765s) Epoch 185/500: loss=0.403164[0m
( 54.757s) Epoch 186/500: loss=0.406851[0m
( 54.746s) Epoch 187/500: loss=[32m0.396298[0m
( 54.763s) Epoch 188/500: loss=0.406580[0m
( 54.882s) Epoch 189/500: loss=0.402204[0m
( 54.787s) Epoch 190/500: loss=0.399807[0m
( 54.758s) Epoch 191/500: loss=0.406709[0m
( 54.819s) Epoch 192/500: loss=0.401498[0m
( 54.847s) Epoch 193/500: loss=0.402151[0m
( 54.900s) Epoch 194/500: loss=0.399578[0m
( 55.087s) Epoch 195/500: loss=[32m0.391226[0m
( 55.000s) Epoch 196/500: loss=0.394748[0m
( 55.027s) Epoch 197/500: loss=0.395251[0m
( 55.028s) Epoch 198/500: loss=0.393574[0m
( 55.130s) Epoch 199/500: loss=[32m0.390355[0m
( 55.135s) Epoch 200/500: loss=0.391617[0m
( 55.061s) Epoch 201/500: loss=0.390615[0m
( 55.080s) Epoch 202/500: loss=[32m0.389466[0m
( 55.253s) Epoch 203/500: loss=0.393690[0m
( 55.027s) Epoch 204/500: loss=[32m0.377708[0m
( 55.270s) Epoch 205/500: loss=0.394603[0m
( 55.137s) Epoch 206/500: loss=0.386745[0m
( 54.964s) Epoch 207/500: loss=0.387617[0m
( 54.855s) Epoch 208/500: loss=0.398503[0m
( 54.944s) Epoch 209/500: loss=0.391451[0m
( 55.003s) Epoch 210/500: loss=0.377785[0m
( 54.880s) Epoch 211/500: loss=0.378526[0m
( 54.821s) Epoch 212/500: loss=0.389248[0m
( 54.671s) Epoch 213/500: loss=0.381605[0m
( 54.836s) Epoch 214/500: loss=0.384366[0m
( 54.788s) Epoch 215/500: loss=0.381807[0m
( 54.926s) Epoch 216/500: loss=0.386709[0m
( 54.888s) Epoch 217/500: loss=[32m0.375231[0m
( 54.917s) Epoch 218/500: loss=0.383942[0m
( 54.757s) Epoch 219/500: loss=0.379760[0m
( 54.765s) Epoch 220/500: loss=[32m0.374556[0m
( 54.835s) Epoch 221/500: loss=0.374807[0m
( 54.743s) Epoch 222/500: loss=[32m0.366497[0m
( 54.786s) Epoch 223/500: loss=0.372647[0m
( 54.883s) Epoch 224/500: loss=0.371894[0m
( 54.984s) Epoch 225/500: loss=[32m0.358111[0m
( 54.930s) Epoch 226/500: loss=0.377359[0m
( 55.119s) Epoch 227/500: loss=0.382227[0m
( 55.049s) Epoch 228/500: loss=0.374195[0m
( 55.066s) Epoch 229/500: loss=0.374106[0m
( 54.907s) Epoch 230/500: loss=0.370052[0m
( 54.844s) Epoch 231/500: loss=0.381675[0m
( 54.850s) Epoch 232/500: loss=0.365037[0m
( 54.862s) Epoch 233/500: loss=0.374042[0m
( 54.794s) Epoch 234/500: loss=0.376092[0m
( 54.871s) Epoch 235/500: loss=0.363131[0m
( 54.814s) Epoch 236/500: loss=0.368839[0m
( 54.912s) Epoch 237/500: loss=0.370370[0m
( 54.980s) Epoch 238/500: loss=0.370305[0m
( 54.925s) Epoch 239/500: loss=0.370918[0m
( 54.759s) Epoch 240/500: loss=0.364857[0m
( 54.817s) Epoch 241/500: loss=0.366657[0m
( 54.866s) Epoch 242/500: loss=0.374912[0m
( 54.834s) Epoch 243/500: loss=0.361032[0m
( 54.980s) Epoch 244/500: loss=0.361978[0m
( 54.903s) Epoch 245/500: loss=0.372711[0m
( 55.072s) Epoch 246/500: loss=0.371993[0m
( 55.021s) Epoch 247/500: loss=[32m0.357349[0m
( 55.085s) Epoch 248/500: loss=0.366165[0m
( 55.022s) Epoch 249/500: loss=0.365413[0m
( 55.094s) Epoch 250/500: loss=0.378580[0m
( 54.959s) Epoch 251/500: loss=0.376046[0m
( 54.944s) Epoch 252/500: loss=0.358016[0m
( 54.826s) Epoch 253/500: loss=0.365072[0m
( 55.050s) Epoch 254/500: loss=0.366262[0m
( 55.059s) Epoch 255/500: loss=0.365061[0m
( 55.199s) Epoch 256/500: loss=0.362626[0m
( 55.068s) Epoch 257/500: loss=0.362042[0m
( 55.054s) Epoch 258/500: loss=0.366076[0m
( 55.114s) Epoch 259/500: loss=0.367796[0m
( 55.047s) Epoch 260/500: loss=0.382778[0m
( 55.199s) Epoch 261/500: loss=0.372570[0m
( 55.161s) Epoch 262/500: loss=0.378964[0m
( 55.134s) Epoch 263/500: loss=0.374135[0m
( 55.054s) Epoch 264/500: loss=0.372647[0m
( 55.069s) Epoch 265/500: loss=0.377062[0m
( 55.199s) Epoch 266/500: loss=0.377427[0m
( 55.217s) Epoch 267/500: loss=0.372297[0m
( 55.135s) Epoch 268/500: loss=0.372668[0m
( 55.187s) Epoch 269/500: loss=0.377775[0m
( 55.160s) Epoch 270/500: loss=0.366436[0m
( 55.152s) Epoch 271/500: loss=0.368393[0m
( 55.178s) Epoch 272/500: loss=0.371534[0m
( 55.245s) Epoch 273/500: loss=0.370825[0m
( 55.077s) Epoch 274/500: loss=0.370412[0m
( 55.300s) Epoch 275/500: loss=0.370728[0m
( 55.042s) Epoch 276/500: loss=0.358345[0m
( 55.193s) Epoch 277/500: loss=0.371574[0m
( 55.400s) Epoch 278/500: loss=0.378494[0m
( 55.083s) Epoch 279/500: loss=0.372785[0m
( 55.256s) Epoch 280/500: loss=0.375506[0m
( 55.170s) Epoch 281/500: loss=0.379129[0m
( 55.068s) Epoch 282/500: loss=0.369898[0m
( 55.068s) Epoch 283/500: loss=0.369966[0m
( 55.011s) Epoch 284/500: loss=0.372874[0m
( 54.901s) Epoch 285/500: loss=0.368983[0m
( 54.841s) Epoch 286/500: loss=0.365659[0m
( 55.119s) Epoch 287/500: loss=0.379466[0m
( 54.835s) Epoch 288/500: loss=0.378042[0m
( 54.973s) Epoch 289/500: loss=0.375298[0m
( 54.846s) Epoch 290/500: loss=0.371736[0m
( 54.892s) Epoch 291/500: loss=0.373018[0m
( 54.819s) Epoch 292/500: loss=0.376174[0m
( 54.787s) Epoch 293/500: loss=0.373102[0m
( 54.762s) Epoch 294/500: loss=0.373332[0m
( 54.940s) Epoch 295/500: loss=0.376651[0m
( 54.838s) Epoch 296/500: loss=0.377887[0m
( 54.788s) Epoch 297/500: loss=0.375992[0m
( 54.721s) Epoch 298/500: loss=0.367431[0m
( 54.780s) Epoch 299/500: loss=0.378996[0m
( 54.839s) Epoch 300/500: loss=0.370460[0m
( 54.957s) Epoch 301/500: loss=0.376485[0m
( 54.941s) Epoch 302/500: loss=0.360773[0m
( 55.041s) Epoch 303/500: loss=0.371001[0m
( 55.018s) Epoch 304/500: loss=0.371269[0m
( 55.041s) Epoch 305/500: loss=0.366287[0m
( 55.134s) Epoch 306/500: loss=0.368817[0m
( 55.215s) Epoch 307/500: loss=0.370985[0m
( 55.034s) Epoch 308/500: loss=0.378803[0m
( 55.134s) Epoch 309/500: loss=0.377495[0m
( 55.031s) Epoch 310/500: loss=0.371951[0m
( 55.139s) Epoch 311/500: loss=0.384803[0m
( 55.060s) Epoch 312/500: loss=0.363033[0m
( 55.106s) Epoch 313/500: loss=0.381564[0m
( 55.147s) Epoch 314/500: loss=0.377130[0m
( 55.016s) Epoch 315/500: loss=0.374777[0m
( 55.087s) Epoch 316/500: loss=0.372815[0m
( 55.094s) Epoch 317/500: loss=0.381684[0m
( 55.016s) Epoch 318/500: loss=0.378368[0m
( 54.955s) Epoch 319/500: loss=0.379456[0m
( 54.972s) Epoch 320/500: loss=0.375596[0m
( 55.138s) Epoch 321/500: loss=0.398481[0m
( 54.879s) Epoch 322/500: loss=0.374849[0m
( 54.869s) Epoch 323/500: loss=0.387943[0m
( 54.825s) Epoch 324/500: loss=0.386477[0m
( 54.870s) Epoch 325/500: loss=0.374348[0m
( 54.814s) Epoch 326/500: loss=0.381717[0m
( 54.774s) Epoch 327/500: loss=0.377963[0m
( 54.945s) Epoch 328/500: loss=0.368955[0m
( 54.903s) Epoch 329/500: loss=0.387487[0m
( 54.783s) Epoch 330/500: loss=0.388601[0m
( 54.827s) Epoch 331/500: loss=0.380934[0m
( 54.905s) Epoch 332/500: loss=0.387665[0m
( 55.015s) Epoch 333/500: loss=0.385654[0m
( 55.035s) Epoch 334/500: loss=0.372980[0m
( 55.014s) Epoch 335/500: loss=0.376420[0m
( 55.063s) Epoch 336/500: loss=0.386733[0m
( 55.126s) Epoch 337/500: loss=0.380264[0m
( 54.940s) Epoch 338/500: loss=0.377341[0m
( 55.220s) Epoch 339/500: loss=0.383077[0m
( 55.165s) Epoch 340/500: loss=0.386818[0m
( 55.112s) Epoch 341/500: loss=0.389407[0m
( 55.105s) Epoch 342/500: loss=0.396070[0m
( 55.208s) Epoch 343/500: loss=0.391045[0m
( 55.063s) Epoch 344/500: loss=0.397051[0m
( 55.326s) Epoch 345/500: loss=0.387657[0m
( 55.289s) Epoch 346/500: loss=0.394267[0m
( 55.088s) Epoch 347/500: loss=0.381502[0m
( 55.321s) Epoch 348/500: loss=0.387241[0m
( 55.283s) Epoch 349/500: loss=0.383043[0m
( 55.379s) Epoch 350/500: loss=0.395507[0m
( 55.174s) Epoch 351/500: loss=0.388941[0m
( 54.962s) Epoch 352/500: loss=0.383312[0m
( 55.027s) Epoch 353/500: loss=0.386076[0m
( 54.922s) Epoch 354/500: loss=0.387864[0m
( 55.116s) Epoch 355/500: loss=0.396916[0m
( 55.052s) Epoch 356/500: loss=0.387997[0m
( 54.905s) Epoch 357/500: loss=0.395385[0m
( 54.913s) Epoch 358/500: loss=0.399575[0m
( 54.860s) Epoch 359/500: loss=0.402422[0m
( 54.851s) Epoch 360/500: loss=0.402139[0m
( 54.943s) Epoch 361/500: loss=0.400547[0m
( 54.999s) Epoch 362/500: loss=0.410436[0m
( 54.899s) Epoch 363/500: loss=0.394836[0m
( 54.879s) Epoch 364/500: loss=0.388078[0m
( 54.831s) Epoch 365/500: loss=0.394007[0m
( 54.980s) Epoch 366/500: loss=0.397850[0m
( 54.882s) Epoch 367/500: loss=0.574159[0m
( 56.274s) Epoch 368/500: loss=0.682191[0m
( 55.045s) Epoch 369/500: loss=0.491096[0m
( 55.068s) Epoch 370/500: loss=0.452717[0m
( 55.252s) Epoch 371/500: loss=0.441279[0m
( 55.219s) Epoch 372/500: loss=0.421869[0m
( 55.164s) Epoch 373/500: loss=0.429781[0m
( 55.132s) Epoch 374/500: loss=0.421677[0m
( 55.020s) Epoch 375/500: loss=0.402281[0m
( 55.130s) Epoch 376/500: loss=0.416207[0m
( 55.064s) Epoch 377/500: loss=0.594800[0m
( 55.146s) Epoch 378/500: loss=0.440728[0m
( 55.308s) Epoch 379/500: loss=0.432320[0m
( 55.354s) Epoch 380/500: loss=0.491071[0m
( 55.194s) Epoch 381/500: loss=0.468442[0m
( 55.100s) Epoch 382/500: loss=0.446141[0m
( 55.149s) Epoch 383/500: loss=0.428114[0m
( 55.253s) Epoch 384/500: loss=0.420754[0m
( 55.265s) Epoch 385/500: loss=0.421727[0m
( 55.130s) Epoch 386/500: loss=0.425610[0m
( 55.082s) Epoch 387/500: loss=0.426007[0m
( 55.122s) Epoch 388/500: loss=0.428581[0m
( 55.163s) Epoch 389/500: loss=0.416696[0m
( 55.337s) Epoch 390/500: loss=0.418573[0m
( 55.207s) Epoch 391/500: loss=0.414542[0m
( 55.002s) Epoch 392/500: loss=0.415382[0m
( 55.051s) Epoch 393/500: loss=0.420118[0m
( 55.065s) Epoch 394/500: loss=0.404941[0m
( 54.957s) Epoch 395/500: loss=0.414010[0m
( 54.984s) Epoch 396/500: loss=0.417945[0m
( 54.876s) Epoch 397/500: loss=0.418323[0m
( 54.924s) Epoch 398/500: loss=0.415120[0m
( 54.952s) Epoch 399/500: loss=0.413673[0m
( 54.860s) Epoch 400/500: loss=0.415706[0m
( 54.915s) Epoch 401/500: loss=0.411798[0m
( 55.006s) Epoch 402/500: loss=0.492781[0m
( 54.843s) Epoch 403/500: loss=0.454929[0m
( 54.884s) Epoch 404/500: loss=0.409619[0m
( 54.867s) Epoch 405/500: loss=0.415491[0m
( 54.946s) Epoch 406/500: loss=0.417162[0m
( 55.049s) Epoch 407/500: loss=0.416330[0m
( 54.845s) Epoch 408/500: loss=0.409472[0m
( 54.856s) Epoch 409/500: loss=0.415939[0m
( 54.704s) Epoch 410/500: loss=0.408742[0m
( 54.806s) Epoch 411/500: loss=0.413447[0m
( 54.821s) Epoch 412/500: loss=0.429898[0m
( 54.806s) Epoch 413/500: loss=0.418794[0m
( 54.866s) Epoch 414/500: loss=0.418041[0m
( 54.756s) Epoch 415/500: loss=0.392526[0m
( 54.964s) Epoch 416/500: loss=0.508502[0m
( 54.807s) Epoch 417/500: loss=0.493910[0m
( 54.956s) Epoch 418/500: loss=0.424794[0m
( 54.934s) Epoch 419/500: loss=0.416949[0m
( 54.811s) Epoch 420/500: loss=0.417131[0m
( 54.827s) Epoch 421/500: loss=0.409053[0m
( 54.881s) Epoch 422/500: loss=0.412471[0m
( 54.969s) Epoch 423/500: loss=0.411544[0m
( 55.139s) Epoch 424/500: loss=0.403712[0m
( 54.982s) Epoch 425/500: loss=0.408629[0m
( 55.041s) Epoch 426/500: loss=0.423350[0m
( 55.068s) Epoch 427/500: loss=0.406698[0m
( 55.034s) Epoch 428/500: loss=0.403809[0m
( 55.259s) Epoch 429/500: loss=0.407533[0m
( 55.219s) Epoch 430/500: loss=0.404926[0m
( 55.250s) Epoch 431/500: loss=0.403593[0m
( 55.277s) Epoch 432/500: loss=0.404096[0m
( 55.196s) Epoch 433/500: loss=0.410900[0m
( 55.122s) Epoch 434/500: loss=0.401263[0m
( 55.133s) Epoch 435/500: loss=0.406618[0m
( 55.288s) Epoch 436/500: loss=0.407051[0m
( 55.192s) Epoch 437/500: loss=0.397824[0m
( 55.170s) Epoch 438/500: loss=0.413669[0m
( 55.181s) Epoch 439/500: loss=0.402674[0m
( 55.277s) Epoch 440/500: loss=0.406235[0m
( 55.404s) Epoch 441/500: loss=0.402613[0m
( 55.216s) Epoch 442/500: loss=0.402009[0m
( 55.151s) Epoch 443/500: loss=0.401706[0m
( 55.313s) Epoch 444/500: loss=0.406427[0m
( 55.177s) Epoch 445/500: loss=0.406410[0m
( 55.205s) Epoch 446/500: loss=0.718335[0m
( 55.127s) Epoch 447/500: loss=0.442502[0m
( 55.178s) Epoch 448/500: loss=0.425308[0m
( 54.942s) Epoch 449/500: loss=0.514046[0m
( 54.973s) Epoch 450/500: loss=0.437740[0m
( 54.997s) Epoch 451/500: loss=0.414499[0m
( 54.972s) Epoch 452/500: loss=0.414367[0m
( 54.905s) Epoch 453/500: loss=0.409750[0m
( 54.867s) Epoch 454/500: loss=0.408893[0m
( 54.983s) Epoch 455/500: loss=0.412166[0m
( 54.830s) Epoch 456/500: loss=0.406011[0m
( 55.054s) Epoch 457/500: loss=0.395290[0m
( 54.980s) Epoch 458/500: loss=0.393188[0m
( 54.865s) Epoch 459/500: loss=0.394432[0m
( 54.944s) Epoch 460/500: loss=0.399855[0m
( 54.709s) Epoch 461/500: loss=0.414729[0m
( 54.954s) Epoch 462/500: loss=0.388767[0m
( 54.851s) Epoch 463/500: loss=0.395783[0m
( 54.849s) Epoch 464/500: loss=0.390519[0m
( 54.702s) Epoch 465/500: loss=0.390719[0m
( 54.890s) Epoch 466/500: loss=0.402738[0m
( 54.903s) Epoch 467/500: loss=0.394205[0m
( 55.118s) Epoch 468/500: loss=0.392364[0m
( 55.193s) Epoch 469/500: loss=0.539185[0m
( 55.000s) Epoch 470/500: loss=0.611620[0m
( 55.027s) Epoch 471/500: loss=0.453280[0m
( 55.012s) Epoch 472/500: loss=0.418046[0m
( 55.074s) Epoch 473/500: loss=0.399144[0m
( 55.283s) Epoch 474/500: loss=0.404271[0m
( 55.277s) Epoch 475/500: loss=0.398898[0m
( 55.158s) Epoch 476/500: loss=0.391371[0m
( 55.108s) Epoch 477/500: loss=0.392642[0m
( 55.287s) Epoch 478/500: loss=0.387116[0m
( 55.302s) Epoch 479/500: loss=0.402707[0m
( 55.348s) Epoch 480/500: loss=0.386089[0m
( 55.312s) Epoch 481/500: loss=0.388868[0m
( 55.234s) Epoch 482/500: loss=0.445129[0m
( 55.156s) Epoch 483/500: loss=0.430963[0m
( 55.121s) Epoch 484/500: loss=0.395951[0m
( 55.160s) Epoch 485/500: loss=0.390103[0m
( 55.255s) Epoch 486/500: loss=0.382505[0m
( 55.025s) Epoch 487/500: loss=0.377980[0m
( 54.971s) Epoch 488/500: loss=0.383678[0m
( 54.826s) Epoch 489/500: loss=0.370835[0m
( 55.016s) Epoch 490/500: loss=0.384073[0m
( 55.059s) Epoch 491/500: loss=0.378041[0m
( 55.027s) Epoch 492/500: loss=0.382036[0m
( 54.897s) Epoch 493/500: loss=0.384967[0m
( 54.920s) Epoch 494/500: loss=0.383357[0m
( 54.847s) Epoch 495/500: loss=0.384525[0m
( 55.071s) Epoch 496/500: loss=0.366694[0m
( 54.958s) Epoch 497/500: loss=0.375659[0m
( 54.941s) Epoch 498/500: loss=0.391087[0m
( 54.978s) Epoch 499/500: loss=0.370649[0m
( 54.808s) Epoch 500/500: loss=0.381000[0m
Training for 500 epochs took 27488.096s total and 54.976s average
Calculating mean of transformed dataset using the best model state ... 9.315s
Saving best model and options to /home/aditya.bharti/FewShot/miniImgnet_hyperparam/CropColor.pth
