Starting Training on:
Train:  64 classes
Valid:  16 classes
Test:   20 classes
------------------
( 28.845s) Epoch 001/100: loss=[32m6.194872[0m
( 28.067s) Epoch 002/100: loss=[32m6.183227[0m
( 28.174s) Epoch 003/100: loss=[32m6.174000[0m
( 28.139s) Epoch 004/100: loss=[32m6.161506[0m
( 28.313s) Epoch 005/100: loss=[32m6.148597[0m  ( 11.290s)  train_acc=[32m-0.001449[0m val_acc=[32m0.361050[0m test_acc=[32m0.227202[0m
( 27.379s) Epoch 006/100: loss=[32m6.132342[0m
( 28.205s) Epoch 007/100: loss=[32m6.102241[0m
( 28.012s) Epoch 008/100: loss=[32m6.073121[0m
( 28.216s) Epoch 009/100: loss=[32m6.047583[0m
( 28.440s) Epoch 010/100: loss=[32m6.016094[0m  ( 11.619s)  train_acc=-0.001561[0m val_acc=0.360735[0m test_acc=[32m0.546175[0m
( 27.291s) Epoch 011/100: loss=[32m5.994585[0m
( 28.154s) Epoch 012/100: loss=[32m5.972046[0m
( 28.208s) Epoch 013/100: loss=[32m5.958294[0m
( 28.360s) Epoch 014/100: loss=[32m5.940395[0m
( 28.368s) Epoch 015/100: loss=[32m5.912795[0m  ( 11.569s)  train_acc=-0.001517[0m val_acc=[32m0.394808[0m test_acc=0.246381[0m
( 27.333s) Epoch 016/100: loss=[32m5.890776[0m
( 28.158s) Epoch 017/100: loss=[32m5.869431[0m
( 28.213s) Epoch 018/100: loss=[32m5.857027[0m
( 28.263s) Epoch 019/100: loss=[32m5.840848[0m
( 28.333s) Epoch 020/100: loss=[32m5.816276[0m  ( 11.485s)  train_acc=-0.001504[0m val_acc=0.364204[0m test_acc=0.245317[0m
( 27.383s) Epoch 021/100: loss=[32m5.807571[0m
( 28.159s) Epoch 022/100: loss=[32m5.787383[0m
( 28.226s) Epoch 023/100: loss=[32m5.765043[0m
( 28.258s) Epoch 024/100: loss=[32m5.758119[0m
( 28.257s) Epoch 025/100: loss=[32m5.744213[0m  ( 40.598s)  train_acc=-0.001587[0m val_acc=[32m0.395303[0m test_acc=0.299085[0m
( 27.088s) Epoch 026/100: loss=[32m5.728785[0m
( 28.088s) Epoch 027/100: loss=[32m5.711497[0m
( 28.399s) Epoch 028/100: loss=[32m5.698896[0m
( 28.282s) Epoch 029/100: loss=[32m5.685775[0m
( 28.352s) Epoch 030/100: loss=[32m5.672400[0m  ( 11.278s)  train_acc=-0.001585[0m val_acc=0.365355[0m test_acc=0.276433[0m
( 27.321s) Epoch 031/100: loss=[32m5.656987[0m
( 28.185s) Epoch 032/100: loss=[32m5.640791[0m
( 27.987s) Epoch 033/100: loss=[32m5.632952[0m
( 28.393s) Epoch 034/100: loss=[32m5.617798[0m
( 28.343s) Epoch 035/100: loss=[32m5.604032[0m  ( 11.465s)  train_acc=-0.001657[0m val_acc=0.246181[0m test_acc=0.276402[0m
( 27.392s) Epoch 036/100: loss=[32m5.592746[0m
( 28.291s) Epoch 037/100: loss=[32m5.581856[0m
( 28.251s) Epoch 038/100: loss=[32m5.576508[0m
( 28.391s) Epoch 039/100: loss=[32m5.570561[0m
( 28.323s) Epoch 040/100: loss=[32m5.557245[0m  ( 11.374s)  train_acc=-0.001591[0m val_acc=0.237709[0m test_acc=0.190993[0m
( 27.288s) Epoch 041/100: loss=[32m5.556319[0m
( 28.176s) Epoch 042/100: loss=[32m5.548967[0m
( 28.322s) Epoch 043/100: loss=[32m5.544471[0m
( 28.388s) Epoch 044/100: loss=[32m5.538494[0m
( 28.407s) Epoch 045/100: loss=[32m5.533026[0m  ( 11.683s)  train_acc=-0.001621[0m val_acc=0.366612[0m test_acc=0.272415[0m
( 27.368s) Epoch 046/100: loss=[32m5.526638[0m
( 28.260s) Epoch 047/100: loss=[32m5.525681[0m
( 28.368s) Epoch 048/100: loss=[32m5.520343[0m
( 28.276s) Epoch 049/100: loss=[32m5.515501[0m
( 28.143s) Epoch 050/100: loss=[32m5.512738[0m  ( 11.498s)  train_acc=-0.001653[0m val_acc=0.365956[0m test_acc=0.271960[0m
( 27.315s) Epoch 051/100: loss=5.512801[0m
( 28.147s) Epoch 052/100: loss=[32m5.507063[0m
( 28.260s) Epoch 053/100: loss=[32m5.504742[0m
( 28.285s) Epoch 054/100: loss=[32m5.502846[0m
( 28.333s) Epoch 055/100: loss=[32m5.499660[0m  ( 11.471s)  train_acc=-0.001673[0m val_acc=[32m0.397952[0m test_acc=0.280307[0m
( 27.396s) Epoch 056/100: loss=[32m5.497015[0m
( 28.007s) Epoch 057/100: loss=[32m5.493503[0m
( 28.363s) Epoch 058/100: loss=[32m5.493070[0m
( 28.537s) Epoch 059/100: loss=5.494515[0m
( 28.111s) Epoch 060/100: loss=[32m5.489426[0m  ( 11.454s)  train_acc=-0.001656[0m val_acc=[32m0.398620[0m test_acc=0.288856[0m
( 27.338s) Epoch 061/100: loss=[32m5.487536[0m
( 28.305s) Epoch 062/100: loss=[32m5.486298[0m
( 28.104s) Epoch 063/100: loss=[32m5.485286[0m
( 28.409s) Epoch 064/100: loss=[32m5.485257[0m
( 28.337s) Epoch 065/100: loss=[32m5.483943[0m  ( 11.466s)  train_acc=-0.001647[0m val_acc=0.397449[0m test_acc=0.292002[0m
( 27.385s) Epoch 066/100: loss=5.486881[0m
( 28.157s) Epoch 067/100: loss=[32m5.482789[0m
( 28.278s) Epoch 068/100: loss=[32m5.479806[0m
( 28.284s) Epoch 069/100: loss=5.482395[0m
( 28.232s) Epoch 070/100: loss=5.482851[0m  ( 11.435s)  train_acc=-0.001652[0m val_acc=0.367054[0m test_acc=0.271423[0m
( 27.287s) Epoch 071/100: loss=[32m5.478562[0m
( 28.187s) Epoch 072/100: loss=5.479780[0m
( 28.241s) Epoch 073/100: loss=[32m5.476815[0m
( 28.341s) Epoch 074/100: loss=5.476914[0m
( 28.256s) Epoch 075/100: loss=[32m5.476783[0m  ( 11.423s)  train_acc=-0.001693[0m val_acc=0.364469[0m test_acc=0.269600[0m
( 27.324s) Epoch 076/100: loss=[32m5.474822[0m
( 28.122s) Epoch 077/100: loss=5.475961[0m
( 28.353s) Epoch 078/100: loss=5.475565[0m
( 28.296s) Epoch 079/100: loss=[32m5.473308[0m
( 28.422s) Epoch 080/100: loss=5.475182[0m  ( 11.430s)  train_acc=-0.001708[0m val_acc=0.367283[0m test_acc=0.234300[0m
( 27.301s) Epoch 081/100: loss=5.474931[0m
( 28.178s) Epoch 082/100: loss=5.474525[0m
( 28.320s) Epoch 083/100: loss=5.473461[0m
( 28.376s) Epoch 084/100: loss=5.473316[0m
( 28.483s) Epoch 085/100: loss=[32m5.471920[0m  ( 10.955s)  train_acc=-0.001672[0m val_acc=0.367225[0m test_acc=0.269274[0m
( 27.375s) Epoch 086/100: loss=5.472289[0m
( 28.180s) Epoch 087/100: loss=5.472982[0m
( 28.318s) Epoch 088/100: loss=[32m5.470004[0m
( 28.274s) Epoch 089/100: loss=5.473264[0m
( 28.124s) Epoch 090/100: loss=5.474349[0m  ( 11.010s)  train_acc=-0.001722[0m val_acc=0.398097[0m test_acc=0.252830[0m
( 27.339s) Epoch 091/100: loss=5.474585[0m
( 28.273s) Epoch 092/100: loss=5.472246[0m
( 28.251s) Epoch 093/100: loss=5.474139[0m
( 28.281s) Epoch 094/100: loss=5.472249[0m
( 28.388s) Epoch 095/100: loss=5.473844[0m  ( 11.000s)  train_acc=-0.001655[0m val_acc=0.365971[0m test_acc=0.271730[0m
( 27.295s) Epoch 096/100: loss=5.473437[0m
( 28.081s) Epoch 097/100: loss=5.473469[0m
( 28.277s) Epoch 098/100: loss=5.471362[0m
( 28.263s) Epoch 099/100: loss=5.472550[0m
( 28.296s) Epoch 100/100: loss=5.470801[0m  (  9.005s)  train_acc=-0.001641[0m val_acc=0.397000[0m test_acc=0.290937[0m
Training for 100 epochs took 2808.919s total and 28.089s average
Saving best model and options to miniImgnet_experiments/ColorDistort_GaussBlur_runs/run1.pth
