Starting Training on:
Train:  64 classes
Valid:  16 classes
Test:   20 classes
------------------
( 29.558s) Epoch 001/100: loss=[32m6.202172[0m
( 28.701s) Epoch 002/100: loss=[32m6.191438[0m
( 28.725s) Epoch 003/100: loss=[32m6.189426[0m
( 29.031s) Epoch 004/100: loss=[32m6.178641[0m
( 28.793s) Epoch 005/100: loss=[32m6.169065[0m  ( 11.658s)  train_acc=[32m-0.001512[0m val_acc=[32m0.363727[0m test_acc=[32m0.260466[0m
( 27.205s) Epoch 006/100: loss=[32m6.148181[0m
( 28.861s) Epoch 007/100: loss=[32m6.130733[0m
( 28.773s) Epoch 008/100: loss=[32m6.099333[0m
( 28.840s) Epoch 009/100: loss=[32m6.057733[0m
( 28.822s) Epoch 010/100: loss=[32m6.028677[0m  ( 11.840s)  train_acc=-0.001586[0m val_acc=0.357016[0m test_acc=[32m0.552051[0m
( 27.276s) Epoch 011/100: loss=[32m6.006992[0m
( 28.693s) Epoch 012/100: loss=[32m5.988194[0m
( 28.801s) Epoch 013/100: loss=[32m5.973166[0m
( 29.177s) Epoch 014/100: loss=[32m5.946924[0m
( 28.807s) Epoch 015/100: loss=[32m5.931088[0m  ( 11.621s)  train_acc=-0.001561[0m val_acc=0.306767[0m test_acc=0.192381[0m
( 27.300s) Epoch 016/100: loss=[32m5.913102[0m
( 28.586s) Epoch 017/100: loss=[32m5.885910[0m
( 28.698s) Epoch 018/100: loss=[32m5.871359[0m
( 28.725s) Epoch 019/100: loss=[32m5.849863[0m
( 28.722s) Epoch 020/100: loss=[32m5.835331[0m  ( 11.594s)  train_acc=-0.001569[0m val_acc=[32m0.363786[0m test_acc=0.227165[0m
( 27.253s) Epoch 021/100: loss=[32m5.818637[0m
( 28.721s) Epoch 022/100: loss=[32m5.802588[0m
( 29.052s) Epoch 023/100: loss=[32m5.785396[0m
( 28.785s) Epoch 024/100: loss=[32m5.768583[0m
( 28.923s) Epoch 025/100: loss=[32m5.750327[0m  ( 11.749s)  train_acc=-0.001616[0m val_acc=-0.005588[0m test_acc=0.056069[0m
( 27.265s) Epoch 026/100: loss=[32m5.740071[0m
( 28.636s) Epoch 027/100: loss=[32m5.720722[0m
( 28.783s) Epoch 028/100: loss=[32m5.710527[0m
( 28.718s) Epoch 029/100: loss=[32m5.692242[0m
( 28.824s) Epoch 030/100: loss=[32m5.675639[0m  ( 11.348s)  train_acc=-0.001664[0m val_acc=0.115885[0m test_acc=0.071758[0m
( 27.262s) Epoch 031/100: loss=[32m5.670051[0m
( 28.835s) Epoch 032/100: loss=[32m5.656385[0m
( 28.717s) Epoch 033/100: loss=[32m5.647184[0m
( 28.828s) Epoch 034/100: loss=[32m5.633654[0m
( 28.984s) Epoch 035/100: loss=[32m5.628776[0m  ( 11.741s)  train_acc=-0.001631[0m val_acc=0.190927[0m test_acc=0.184164[0m
( 27.300s) Epoch 036/100: loss=[32m5.620920[0m
( 28.598s) Epoch 037/100: loss=[32m5.611435[0m
( 28.756s) Epoch 038/100: loss=[32m5.599989[0m
( 29.021s) Epoch 039/100: loss=[32m5.594934[0m
( 29.180s) Epoch 040/100: loss=[32m5.586691[0m  ( 11.630s)  train_acc=-0.001589[0m val_acc=[32m0.398047[0m test_acc=0.294194[0m
( 27.291s) Epoch 041/100: loss=[32m5.581816[0m
( 28.693s) Epoch 042/100: loss=[32m5.577564[0m
( 28.778s) Epoch 043/100: loss=[32m5.570591[0m
( 28.785s) Epoch 044/100: loss=[32m5.566644[0m
( 28.860s) Epoch 045/100: loss=[32m5.559447[0m  ( 10.957s)  train_acc=-0.001686[0m val_acc=0.365934[0m test_acc=0.270523[0m
( 27.274s) Epoch 046/100: loss=[32m5.553105[0m
( 28.637s) Epoch 047/100: loss=[32m5.548966[0m
( 28.897s) Epoch 048/100: loss=[32m5.544972[0m
( 29.052s) Epoch 049/100: loss=[32m5.540827[0m
( 28.829s) Epoch 050/100: loss=[32m5.537929[0m  ( 11.338s)  train_acc=-0.001677[0m val_acc=[32m0.398088[0m test_acc=0.288651[0m
( 27.332s) Epoch 051/100: loss=[32m5.535311[0m
( 28.732s) Epoch 052/100: loss=[32m5.532510[0m
( 28.880s) Epoch 053/100: loss=[32m5.527349[0m
( 28.871s) Epoch 054/100: loss=[32m5.527244[0m
( 28.838s) Epoch 055/100: loss=[32m5.521924[0m  ( 11.438s)  train_acc=-0.001681[0m val_acc=0.397688[0m test_acc=0.281262[0m
( 27.357s) Epoch 056/100: loss=[32m5.520851[0m
( 28.682s) Epoch 057/100: loss=[32m5.516649[0m
( 28.852s) Epoch 058/100: loss=5.516757[0m
( 28.857s) Epoch 059/100: loss=[32m5.516445[0m
( 28.865s) Epoch 060/100: loss=[32m5.509358[0m  ( 12.836s)  train_acc=-0.001727[0m val_acc=[32m0.398341[0m test_acc=0.283133[0m
( 27.313s) Epoch 061/100: loss=[32m5.508608[0m
( 28.708s) Epoch 062/100: loss=[32m5.507807[0m
( 28.823s) Epoch 063/100: loss=[32m5.507140[0m
( 29.101s) Epoch 064/100: loss=[32m5.503393[0m
( 28.823s) Epoch 065/100: loss=[32m5.502338[0m  ( 11.837s)  train_acc=-0.001633[0m val_acc=0.367405[0m test_acc=0.272130[0m
( 27.333s) Epoch 066/100: loss=[32m5.501367[0m
( 28.689s) Epoch 067/100: loss=[32m5.500536[0m
( 28.772s) Epoch 068/100: loss=5.502117[0m
( 28.885s) Epoch 069/100: loss=[32m5.499965[0m
( 28.903s) Epoch 070/100: loss=[32m5.499792[0m  ( 11.696s)  train_acc=-0.001650[0m val_acc=0.366961[0m test_acc=0.268985[0m
( 27.350s) Epoch 071/100: loss=[32m5.497805[0m
( 28.674s) Epoch 072/100: loss=[32m5.496355[0m
( 28.883s) Epoch 073/100: loss=5.498294[0m
( 28.796s) Epoch 074/100: loss=[32m5.494808[0m
( 28.994s) Epoch 075/100: loss=5.496277[0m  ( 11.584s)  train_acc=-0.001679[0m val_acc=0.398234[0m test_acc=0.264874[0m
( 27.332s) Epoch 076/100: loss=[32m5.493878[0m
( 28.782s) Epoch 077/100: loss=[32m5.493197[0m
( 28.893s) Epoch 078/100: loss=5.494149[0m
( 28.826s) Epoch 079/100: loss=[32m5.492125[0m
( 28.808s) Epoch 080/100: loss=5.493542[0m  ( 11.432s)  train_acc=-0.001595[0m val_acc=0.398133[0m test_acc=0.260704[0m
( 27.308s) Epoch 081/100: loss=5.494651[0m
( 28.900s) Epoch 082/100: loss=[32m5.491005[0m
( 28.887s) Epoch 083/100: loss=5.492535[0m
( 28.849s) Epoch 084/100: loss=5.492624[0m
( 28.743s) Epoch 085/100: loss=[32m5.489009[0m  ( 11.465s)  train_acc=-0.001681[0m val_acc=0.366615[0m test_acc=0.267875[0m
( 27.345s) Epoch 086/100: loss=5.490923[0m
( 28.957s) Epoch 087/100: loss=5.491662[0m
( 28.909s) Epoch 088/100: loss=5.491156[0m
( 29.016s) Epoch 089/100: loss=[32m5.488235[0m
( 28.954s) Epoch 090/100: loss=5.491960[0m  ( 11.537s)  train_acc=-0.001699[0m val_acc=0.367383[0m test_acc=0.267648[0m
( 27.263s) Epoch 091/100: loss=[32m5.487410[0m
( 28.563s) Epoch 092/100: loss=5.489493[0m
( 29.111s) Epoch 093/100: loss=5.492846[0m
( 28.790s) Epoch 094/100: loss=5.490744[0m
( 28.896s) Epoch 095/100: loss=5.490019[0m  ( 11.598s)  train_acc=-0.001692[0m val_acc=0.023584[0m test_acc=0.017386[0m
( 27.311s) Epoch 096/100: loss=5.491164[0m
( 28.646s) Epoch 097/100: loss=5.489864[0m
( 28.764s) Epoch 098/100: loss=5.489585[0m
( 28.879s) Epoch 099/100: loss=5.491435[0m
( 28.793s) Epoch 100/100: loss=5.490358[0m  (  9.232s)  train_acc=-0.001707[0m val_acc=0.035065[0m test_acc=0.073828[0m
Training for 100 epochs took 2854.465s total and 28.545s average
Saving best model and options to miniImgnet_experiments/ColorDistort_GaussBlur_runs/run3.pth
