Starting Training on:
Train:  64 classes
Valid:  16 classes
Test:   20 classes
------------------
( 29.189s) Epoch 001/100: loss=[32m6.190273[0m
( 28.665s) Epoch 002/100: loss=[32m6.176093[0m
( 28.858s) Epoch 003/100: loss=[32m6.171121[0m
( 28.847s) Epoch 004/100: loss=[32m6.158189[0m
( 28.792s) Epoch 005/100: loss=[32m6.133803[0m  ( 11.407s)  train_acc=[32m-0.001494[0m val_acc=[32m0.360924[0m test_acc=[32m0.239122[0m
( 27.499s) Epoch 006/100: loss=[32m6.119159[0m
( 28.817s) Epoch 007/100: loss=[32m6.100795[0m
( 28.935s) Epoch 008/100: loss=[32m6.082408[0m
( 28.826s) Epoch 009/100: loss=[32m6.061639[0m
( 28.823s) Epoch 010/100: loss=[32m6.039994[0m  ( 11.679s)  train_acc=[32m-0.001450[0m val_acc=0.359380[0m test_acc=[32m0.290587[0m
( 27.377s) Epoch 011/100: loss=[32m6.024180[0m
( 28.751s) Epoch 012/100: loss=[32m6.004919[0m
( 28.886s) Epoch 013/100: loss=[32m5.988860[0m
( 28.764s) Epoch 014/100: loss=[32m5.974457[0m
( 28.754s) Epoch 015/100: loss=[32m5.965470[0m  ( 11.473s)  train_acc=-0.001496[0m val_acc=[32m0.362034[0m test_acc=0.280970[0m
( 27.438s) Epoch 016/100: loss=[32m5.941337[0m
( 28.722s) Epoch 017/100: loss=[32m5.927514[0m
( 28.792s) Epoch 018/100: loss=[32m5.913885[0m
( 28.941s) Epoch 019/100: loss=[32m5.898354[0m
( 28.739s) Epoch 020/100: loss=[32m5.892045[0m  ( 12.518s)  train_acc=-0.001478[0m val_acc=[32m0.364068[0m test_acc=0.226868[0m
( 27.344s) Epoch 021/100: loss=[32m5.867346[0m
( 28.656s) Epoch 022/100: loss=[32m5.847755[0m
( 28.907s) Epoch 023/100: loss=[32m5.845156[0m
( 28.874s) Epoch 024/100: loss=[32m5.824537[0m
( 28.829s) Epoch 025/100: loss=[32m5.817759[0m  ( 12.104s)  train_acc=-0.001561[0m val_acc=0.359722[0m test_acc=[32m0.374324[0m
( 27.378s) Epoch 026/100: loss=[32m5.795493[0m
( 28.799s) Epoch 027/100: loss=[32m5.784282[0m
( 28.896s) Epoch 028/100: loss=[32m5.772700[0m
( 28.827s) Epoch 029/100: loss=[32m5.755681[0m
( 28.968s) Epoch 030/100: loss=[32m5.744684[0m  ( 11.549s)  train_acc=-0.001605[0m val_acc=0.362099[0m test_acc=0.227248[0m
( 27.519s) Epoch 031/100: loss=[32m5.731662[0m
( 28.860s) Epoch 032/100: loss=[32m5.720905[0m
( 28.861s) Epoch 033/100: loss=[32m5.704805[0m
( 28.900s) Epoch 034/100: loss=[32m5.693159[0m
( 28.850s) Epoch 035/100: loss=[32m5.688529[0m  ( 16.586s)  train_acc=-0.001590[0m val_acc=[32m0.365873[0m test_acc=[32m0.374500[0m
( 27.289s) Epoch 036/100: loss=[32m5.676670[0m
( 28.766s) Epoch 037/100: loss=[32m5.670702[0m
( 28.857s) Epoch 038/100: loss=[32m5.662528[0m
( 28.904s) Epoch 039/100: loss=[32m5.653853[0m
( 28.738s) Epoch 040/100: loss=[32m5.643245[0m  ( 11.975s)  train_acc=-0.001625[0m val_acc=[32m0.396185[0m test_acc=0.291351[0m
( 27.393s) Epoch 041/100: loss=[32m5.641862[0m
( 28.683s) Epoch 042/100: loss=[32m5.627213[0m
( 28.874s) Epoch 043/100: loss=[32m5.623719[0m
( 28.908s) Epoch 044/100: loss=[32m5.616838[0m
( 28.859s) Epoch 045/100: loss=[32m5.608904[0m  ( 12.105s)  train_acc=-0.001654[0m val_acc=0.364752[0m test_acc=0.270853[0m
( 27.347s) Epoch 046/100: loss=[32m5.607295[0m
( 28.841s) Epoch 047/100: loss=[32m5.597788[0m
( 28.844s) Epoch 048/100: loss=[32m5.595760[0m
( 28.907s) Epoch 049/100: loss=5.596560[0m
( 28.866s) Epoch 050/100: loss=[32m5.588919[0m  ( 11.528s)  train_acc=-0.001688[0m val_acc=0.364929[0m test_acc=0.268091[0m
( 27.426s) Epoch 051/100: loss=[32m5.582799[0m
( 28.765s) Epoch 052/100: loss=[32m5.578318[0m
( 28.816s) Epoch 053/100: loss=5.580544[0m
( 28.911s) Epoch 054/100: loss=[32m5.574619[0m
( 28.839s) Epoch 055/100: loss=[32m5.570452[0m  ( 11.583s)  train_acc=-0.001613[0m val_acc=0.363822[0m test_acc=0.275119[0m
( 27.424s) Epoch 056/100: loss=[32m5.570123[0m
( 28.756s) Epoch 057/100: loss=[32m5.567645[0m
( 28.921s) Epoch 058/100: loss=[32m5.562020[0m
( 28.894s) Epoch 059/100: loss=5.562380[0m
( 28.872s) Epoch 060/100: loss=[32m5.554719[0m  ( 11.367s)  train_acc=-0.001596[0m val_acc=[32m0.397306[0m test_acc=0.294344[0m
( 27.381s) Epoch 061/100: loss=5.555161[0m
( 28.834s) Epoch 062/100: loss=5.555018[0m
( 28.787s) Epoch 063/100: loss=[32m5.554107[0m
( 28.945s) Epoch 064/100: loss=[32m5.550096[0m
( 28.836s) Epoch 065/100: loss=[32m5.548873[0m  ( 11.898s)  train_acc=-0.001680[0m val_acc=0.396406[0m test_acc=0.288776[0m
( 27.407s) Epoch 066/100: loss=[32m5.547391[0m
( 28.858s) Epoch 067/100: loss=[32m5.544711[0m
( 28.765s) Epoch 068/100: loss=[32m5.544254[0m
( 28.954s) Epoch 069/100: loss=[32m5.543120[0m
( 28.888s) Epoch 070/100: loss=5.546325[0m  ( 11.972s)  train_acc=-0.001684[0m val_acc=0.365967[0m test_acc=0.259567[0m
( 27.430s) Epoch 071/100: loss=[32m5.540537[0m
( 28.743s) Epoch 072/100: loss=5.542515[0m
( 28.892s) Epoch 073/100: loss=5.540647[0m
( 28.883s) Epoch 074/100: loss=[32m5.538574[0m
( 28.902s) Epoch 075/100: loss=[32m5.536994[0m  ( 11.901s)  train_acc=-0.001635[0m val_acc=0.396923[0m test_acc=0.292837[0m
( 27.483s) Epoch 076/100: loss=5.537664[0m
( 28.885s) Epoch 077/100: loss=5.538416[0m
( 28.812s) Epoch 078/100: loss=5.537569[0m
( 29.021s) Epoch 079/100: loss=[32m5.535567[0m
( 28.914s) Epoch 080/100: loss=5.537741[0m  ( 11.992s)  train_acc=-0.001622[0m val_acc=0.366296[0m test_acc=[32m0.376333[0m
( 27.455s) Epoch 081/100: loss=5.536113[0m
( 28.797s) Epoch 082/100: loss=[32m5.532988[0m
( 28.912s) Epoch 083/100: loss=5.533332[0m
( 28.933s) Epoch 084/100: loss=[32m5.532342[0m
( 28.866s) Epoch 085/100: loss=5.534366[0m  ( 11.763s)  train_acc=-0.001674[0m val_acc=0.272230[0m test_acc=0.197919[0m
( 27.555s) Epoch 086/100: loss=5.533124[0m
( 28.784s) Epoch 087/100: loss=5.536273[0m
( 28.866s) Epoch 088/100: loss=[32m5.531551[0m
( 28.883s) Epoch 089/100: loss=5.533396[0m
( 28.991s) Epoch 090/100: loss=5.531798[0m  ( 11.836s)  train_acc=-0.001655[0m val_acc=0.366058[0m test_acc=0.271581[0m
( 27.495s) Epoch 091/100: loss=5.531977[0m
( 28.784s) Epoch 092/100: loss=5.534224[0m
( 28.879s) Epoch 093/100: loss=[32m5.529578[0m
( 28.895s) Epoch 094/100: loss=5.533948[0m
( 28.852s) Epoch 095/100: loss=5.531195[0m  ( 11.951s)  train_acc=-0.001622[0m val_acc=0.247173[0m test_acc=0.196001[0m
( 27.469s) Epoch 096/100: loss=[32m5.529000[0m
( 28.921s) Epoch 097/100: loss=5.529613[0m
( 28.924s) Epoch 098/100: loss=5.532354[0m
( 28.918s) Epoch 099/100: loss=5.531839[0m
( 28.913s) Epoch 100/100: loss=5.532962[0m  (  9.726s)  train_acc=-0.001674[0m val_acc=0.395026[0m test_acc=0.291495[0m
Training for 100 epochs took 2858.295s total and 28.583s average
Saving best model and options to miniImgnet_experiments/ColorDistort_GaussBlur_runs/run7.pth
