Starting Training on:
Train:  64 classes
Valid:  16 classes
Test:   20 classes
------------------
( 29.120s) Epoch 001/100: loss=[32m6.201324[0m
( 28.382s) Epoch 002/100: loss=[32m6.191925[0m
( 28.351s) Epoch 003/100: loss=[32m6.180386[0m
( 28.546s) Epoch 004/100: loss=[32m6.175640[0m
( 28.629s) Epoch 005/100: loss=[32m6.167673[0m  ( 11.700s)  train_acc=[32m-0.001476[0m val_acc=[32m0.359306[0m test_acc=[32m0.286829[0m
( 27.478s) Epoch 006/100: loss=[32m6.149254[0m
( 28.629s) Epoch 007/100: loss=[32m6.126800[0m
( 28.660s) Epoch 008/100: loss=[32m6.094187[0m
( 28.579s) Epoch 009/100: loss=[32m6.055916[0m
( 28.639s) Epoch 010/100: loss=[32m6.026971[0m  ( 11.785s)  train_acc=[32m-0.001416[0m val_acc=-0.005318[0m test_acc=0.055913[0m
( 27.478s) Epoch 011/100: loss=[32m5.997895[0m
( 28.498s) Epoch 012/100: loss=[32m5.990957[0m
( 28.630s) Epoch 013/100: loss=[32m5.968320[0m
( 28.546s) Epoch 014/100: loss=[32m5.954871[0m
( 28.637s) Epoch 015/100: loss=[32m5.923815[0m  ( 11.642s)  train_acc=-0.001549[0m val_acc=-0.005376[0m test_acc=0.019320[0m
( 27.484s) Epoch 016/100: loss=[32m5.908878[0m
( 28.486s) Epoch 017/100: loss=[32m5.885384[0m
( 28.538s) Epoch 018/100: loss=[32m5.865205[0m
( 28.482s) Epoch 019/100: loss=[32m5.840425[0m
( 28.725s) Epoch 020/100: loss=[32m5.821066[0m  ( 13.403s)  train_acc=-0.001574[0m val_acc=-0.005373[0m test_acc=0.006139[0m
( 27.513s) Epoch 021/100: loss=[32m5.805740[0m
( 28.513s) Epoch 022/100: loss=[32m5.790983[0m
( 28.613s) Epoch 023/100: loss=[32m5.775895[0m
( 28.628s) Epoch 024/100: loss=[32m5.756587[0m
( 28.617s) Epoch 025/100: loss=[32m5.741608[0m  ( 12.621s)  train_acc=-0.001597[0m val_acc=[32m0.903923[0m test_acc=[32m0.662740[0m
( 27.483s) Epoch 026/100: loss=[32m5.724510[0m
( 28.404s) Epoch 027/100: loss=[32m5.712564[0m
( 28.555s) Epoch 028/100: loss=[32m5.695986[0m
( 28.685s) Epoch 029/100: loss=[32m5.682733[0m
( 28.493s) Epoch 030/100: loss=[32m5.672027[0m  ( 12.346s)  train_acc=-0.001585[0m val_acc=-0.006069[0m test_acc=-0.004831[0m
( 27.532s) Epoch 031/100: loss=[32m5.661149[0m
( 28.325s) Epoch 032/100: loss=[32m5.648426[0m
( 28.604s) Epoch 033/100: loss=[32m5.640498[0m
( 28.481s) Epoch 034/100: loss=[32m5.629945[0m
( 28.657s) Epoch 035/100: loss=[32m5.622223[0m  ( 11.529s)  train_acc=-0.001650[0m val_acc=[32m0.904754[0m test_acc=0.662362[0m
( 27.563s) Epoch 036/100: loss=[32m5.619286[0m
( 28.516s) Epoch 037/100: loss=[32m5.607846[0m
( 28.765s) Epoch 038/100: loss=[32m5.602812[0m
( 28.480s) Epoch 039/100: loss=[32m5.594310[0m
( 28.653s) Epoch 040/100: loss=[32m5.588972[0m  ( 11.672s)  train_acc=-0.001658[0m val_acc=[32m0.927137[0m test_acc=0.472269[0m
( 27.573s) Epoch 041/100: loss=[32m5.587146[0m
( 28.540s) Epoch 042/100: loss=[32m5.575728[0m
( 28.604s) Epoch 043/100: loss=[32m5.572724[0m
( 28.632s) Epoch 044/100: loss=[32m5.570506[0m
( 28.755s) Epoch 045/100: loss=[32m5.564431[0m  ( 11.723s)  train_acc=-0.001642[0m val_acc=0.897771[0m test_acc=0.478328[0m
( 27.474s) Epoch 046/100: loss=5.565583[0m
( 28.427s) Epoch 047/100: loss=[32m5.557316[0m
( 28.586s) Epoch 048/100: loss=[32m5.556784[0m
( 28.449s) Epoch 049/100: loss=[32m5.550843[0m
( 28.660s) Epoch 050/100: loss=[32m5.546256[0m  ( 11.489s)  train_acc=-0.001646[0m val_acc=[32m0.928315[0m test_acc=0.527833[0m
( 27.469s) Epoch 051/100: loss=[32m5.542659[0m
( 28.428s) Epoch 052/100: loss=[32m5.541725[0m
( 28.457s) Epoch 053/100: loss=[32m5.539968[0m
( 28.566s) Epoch 054/100: loss=[32m5.536352[0m
( 28.505s) Epoch 055/100: loss=[32m5.532553[0m  ( 12.141s)  train_acc=-0.001678[0m val_acc=0.908833[0m test_acc=0.661353[0m
( 27.480s) Epoch 056/100: loss=[32m5.530409[0m
( 28.480s) Epoch 057/100: loss=[32m5.528214[0m
( 28.581s) Epoch 058/100: loss=5.528443[0m
( 28.623s) Epoch 059/100: loss=[32m5.522425[0m
( 28.538s) Epoch 060/100: loss=[32m5.521149[0m  ( 11.641s)  train_acc=-0.001714[0m val_acc=0.909391[0m test_acc=[32m0.917107[0m
( 27.516s) Epoch 061/100: loss=5.522196[0m
( 28.503s) Epoch 062/100: loss=[32m5.518191[0m
( 28.543s) Epoch 063/100: loss=[32m5.515521[0m
( 28.506s) Epoch 064/100: loss=5.515839[0m
( 28.506s) Epoch 065/100: loss=[32m5.513969[0m  ( 11.340s)  train_acc=-0.001650[0m val_acc=0.906609[0m test_acc=0.666029[0m
( 27.477s) Epoch 066/100: loss=[32m5.512057[0m
( 28.557s) Epoch 067/100: loss=5.513022[0m
( 28.421s) Epoch 068/100: loss=[32m5.510804[0m
( 28.644s) Epoch 069/100: loss=5.511269[0m
( 28.823s) Epoch 070/100: loss=[32m5.507772[0m  ( 11.469s)  train_acc=-0.001603[0m val_acc=0.927244[0m test_acc=0.721119[0m
( 27.522s) Epoch 071/100: loss=5.507897[0m
( 28.528s) Epoch 072/100: loss=[32m5.507410[0m
( 28.562s) Epoch 073/100: loss=[32m5.506192[0m
( 28.515s) Epoch 074/100: loss=[32m5.502793[0m
( 28.629s) Epoch 075/100: loss=5.503458[0m  ( 11.414s)  train_acc=-0.001664[0m val_acc=[32m0.928832[0m test_acc=0.723563[0m
( 27.507s) Epoch 076/100: loss=5.502859[0m
( 28.461s) Epoch 077/100: loss=[32m5.502324[0m
( 28.504s) Epoch 078/100: loss=[32m5.500529[0m
( 28.659s) Epoch 079/100: loss=5.502858[0m
( 28.512s) Epoch 080/100: loss=[32m5.500383[0m  ( 11.382s)  train_acc=-0.001678[0m val_acc=0.907916[0m test_acc=0.724779[0m
( 27.556s) Epoch 081/100: loss=[32m5.499962[0m
( 28.562s) Epoch 082/100: loss=5.502742[0m
( 28.650s) Epoch 083/100: loss=5.500452[0m
( 28.515s) Epoch 084/100: loss=[32m5.497749[0m
( 28.609s) Epoch 085/100: loss=5.498535[0m  ( 11.843s)  train_acc=-0.001680[0m val_acc=0.075410[0m test_acc=0.036360[0m
( 27.486s) Epoch 086/100: loss=5.497756[0m
( 28.533s) Epoch 087/100: loss=5.498990[0m
( 28.510s) Epoch 088/100: loss=5.499343[0m
( 28.704s) Epoch 089/100: loss=[32m5.497183[0m
( 28.603s) Epoch 090/100: loss=5.497736[0m  ( 11.818s)  train_acc=-0.001532[0m val_acc=[32m0.928981[0m test_acc=0.226816[0m
( 27.529s) Epoch 091/100: loss=5.497217[0m
( 28.631s) Epoch 092/100: loss=[32m5.496951[0m
( 28.546s) Epoch 093/100: loss=[32m5.495778[0m
( 28.620s) Epoch 094/100: loss=5.499927[0m
( 28.579s) Epoch 095/100: loss=5.499482[0m  ( 11.466s)  train_acc=-0.001706[0m val_acc=0.907750[0m test_acc=0.343871[0m
( 27.603s) Epoch 096/100: loss=[32m5.494867[0m
( 28.516s) Epoch 097/100: loss=5.498081[0m
( 28.559s) Epoch 098/100: loss=5.496476[0m
( 28.586s) Epoch 099/100: loss=5.496262[0m
( 28.601s) Epoch 100/100: loss=5.498629[0m  (  9.309s)  train_acc=-0.001651[0m val_acc=[32m0.981578[0m test_acc=0.548962[0m
Training for 100 epochs took 2836.818s total and 28.368s average
Saving best model and options to miniImgnet_experiments/ColorDistort_GaussBlur_runs/run8.pth
