Starting Training on:
Train:  64 classes
Valid:  16 classes
Test:   20 classes
------------------
(  17.415s) Epoch 001/ 25: loss=[32m7.518772[0m
(  11.234s) Epoch 002/ 25: loss=[32m7.517555[0m
(  10.834s) Epoch 003/ 25: loss=[32m7.513992[0m
(  10.816s) Epoch 004/ 25: loss=[32m7.511213[0m
(  10.805s) Epoch 005/ 25: loss=[32m7.508211[0m (   2.850s) val_acc=[32m-0.004342567[0m (   4.415s) test_acc=[32m0.003328170[0m
(   9.159s) Epoch 006/ 25: loss=[32m7.503334[0m
(  10.834s) Epoch 007/ 25: loss=[32m7.499457[0m
(  10.946s) Epoch 008/ 25: loss=[32m7.496840[0m
(  10.861s) Epoch 009/ 25: loss=[32m7.492842[0m
(  10.861s) Epoch 010/ 25: loss=[32m7.492752[0m (   3.143s) val_acc=[32m-0.000477484[0m (   3.492s) test_acc=0.001476206
(   9.150s) Epoch 011/ 25: loss=7.494501
(  10.843s) Epoch 012/ 25: loss=[32m7.492066[0m
(  10.955s) Epoch 013/ 25: loss=[32m7.489095[0m
(  10.947s) Epoch 014/ 25: loss=[32m7.485541[0m
(  10.931s) Epoch 015/ 25: loss=7.486080 (   3.191s) val_acc=-0.002178818 (   2.288s) test_acc=[32m0.019725376[0m
(   9.469s) Epoch 016/ 25: loss=7.487240
(  10.971s) Epoch 017/ 25: loss=7.491950
(  10.962s) Epoch 018/ 25: loss=[32m7.485174[0m
(  10.906s) Epoch 019/ 25: loss=7.487489
(  10.885s) Epoch 020/ 25: loss=7.486322 (   3.133s) val_acc=-0.004293366 (   2.863s) test_acc=0.011450057
(   9.474s) Epoch 021/ 25: loss=7.491909
(  10.952s) Epoch 022/ 25: loss=7.490898
(  10.931s) Epoch 023/ 25: loss=7.488559
(  11.086s) Epoch 024/ 25: loss=7.487273
(  11.022s) Epoch 025/ 25: loss=7.490939 (   1.298s) val_acc=-0.002669642 (   1.388s) test_acc=0.005874351
Training for 25 epochs took 273.248s total and 10.930s average
Saving best model and options to aug_toggle5/exp1.pth
