Namespace(T_max=100, backbone='resnet50', base_learning_rate=0.1, base_optimizer='SGD', batch_size=256, dampening=0.0, dataset='cifar100fs', dataset_root=None, distributed=False, episode_strat='SimpleShotEpisodes', eval_freq=5, first_augment='ColorDistort', head='SimpleMLP', jitter_strength=1.0, k_shot=5, load_from=None, local_rank=0, log_file=<_io.TextIOWrapper name='cifar100fs_round3/ColorDistort_GaussBlur_runs/run1.out' mode='a' encoding='UTF-8'>, loss_function='NTXent', model='SimCLRModel', momentum=0.9, n_way=5, nesterov=True, ntxent_temp=1.0, num_epochs=100, num_query=15, num_test_tasks=10000, num_workers=4, pin_memory=True, pretrained=False, progress=False, projection_dim=128, save_model=True, save_path='cifar100fs_round3/ColorDistort_GaussBlur_runs/run1.pth', scheduler='CosineAnnealingLR', second_augment='GaussBlur', secondary_optimizer='LARS', shuffle=True, simple_opt=False, weight_decay=0.0001)
Starting Training on:
Train:  64 classes
Valid:  16 classes
Test:   20 classes
------------------
( 35.315s) Epoch 001/100: loss=[32m5.604655[0m
( 35.781s) Epoch 002/100: loss=[32m5.422280[0m
( 35.632s) Epoch 003/100: loss=[32m5.396808[0m
( 35.295s) Epoch 004/100: loss=[32m5.383007[0m
( 35.199s) Epoch 005/100: loss=[32m5.360159[0m  ( 31.576s)  train_acc=[32m0.010091[0m val_acc=[32m0.021108[0m test_acc=[32m0.022035[0m
( 36.207s) Epoch 006/100: loss=[32m5.335977[0m
( 35.872s) Epoch 007/100: loss=[32m5.326193[0m
( 36.054s) Epoch 008/100: loss=[32m5.321183[0m
( 35.934s) Epoch 009/100: loss=[32m5.317501[0m
( 35.975s) Epoch 010/100: loss=[32m5.315576[0m  ( 29.294s)  train_acc=[32m0.011056[0m val_acc=[32m0.023132[0m test_acc=[32m0.024502[0m
( 35.803s) Epoch 011/100: loss=[32m5.312796[0m
( 35.838s) Epoch 012/100: loss=[32m5.310288[0m
( 35.746s) Epoch 013/100: loss=[32m5.307275[0m
( 35.513s) Epoch 014/100: loss=[32m5.305209[0m
( 35.272s) Epoch 015/100: loss=[32m5.304139[0m  ( 32.897s)  train_acc=[32m0.011079[0m val_acc=0.022130[0m test_acc=[32m0.025435[0m
( 35.596s) Epoch 016/100: loss=[32m5.302626[0m
( 35.645s) Epoch 017/100: loss=[32m5.301651[0m
( 35.676s) Epoch 018/100: loss=[32m5.300318[0m
( 34.952s) Epoch 019/100: loss=[32m5.299235[0m
( 35.248s) Epoch 020/100: loss=5.299249[0m  ( 30.551s)  train_acc=[32m0.011745[0m val_acc=0.022713[0m test_acc=[32m0.025913[0m
( 35.340s) Epoch 021/100: loss=[32m5.297957[0m
( 35.821s) Epoch 022/100: loss=[32m5.296929[0m
( 35.670s) Epoch 023/100: loss=[32m5.295804[0m
( 35.492s) Epoch 024/100: loss=5.296045[0m
( 35.113s) Epoch 025/100: loss=[32m5.294882[0m  ( 33.189s)  train_acc=[32m0.012308[0m val_acc=0.022866[0m test_acc=[32m0.026380[0m
( 35.575s) Epoch 026/100: loss=[32m5.293595[0m
( 35.718s) Epoch 027/100: loss=[32m5.292632[0m
( 35.671s) Epoch 028/100: loss=5.292752[0m
( 34.995s) Epoch 029/100: loss=[32m5.292125[0m
( 35.373s) Epoch 030/100: loss=[32m5.291367[0m  ( 33.143s)  train_acc=[32m0.012550[0m val_acc=0.021687[0m test_acc=0.023792[0m
( 35.469s) Epoch 031/100: loss=5.291942[0m
( 35.679s) Epoch 032/100: loss=5.291423[0m
( 35.011s) Epoch 033/100: loss=[32m5.289947[0m
( 35.431s) Epoch 034/100: loss=5.290076[0m
( 35.507s) Epoch 035/100: loss=[32m5.288941[0m  ( 33.018s)  train_acc=0.011645[0m val_acc=[32m0.025285[0m test_acc=0.025477[0m
( 35.121s) Epoch 036/100: loss=[32m5.288535[0m
( 36.138s) Epoch 037/100: loss=5.288813[0m
( 36.345s) Epoch 038/100: loss=[32m5.288180[0m
( 36.355s) Epoch 039/100: loss=[32m5.287456[0m
( 36.145s) Epoch 040/100: loss=5.287760[0m  ( 30.482s)  train_acc=0.012109[0m val_acc=0.022790[0m test_acc=[32m0.026542[0m
( 35.396s) Epoch 041/100: loss=[32m5.287040[0m
( 35.859s) Epoch 042/100: loss=5.287108[0m
( 35.587s) Epoch 043/100: loss=[32m5.286730[0m
( 35.084s) Epoch 044/100: loss=[32m5.285921[0m
( 35.535s) Epoch 045/100: loss=5.286074[0m  ( 32.852s)  train_acc=0.011771[0m val_acc=0.024302[0m test_acc=[32m0.027981[0m
( 35.271s) Epoch 046/100: loss=[32m5.285016[0m
( 35.842s) Epoch 047/100: loss=[32m5.285003[0m
( 35.666s) Epoch 048/100: loss=[32m5.284612[0m
( 35.613s) Epoch 049/100: loss=[32m5.283728[0m
( 35.407s) Epoch 050/100: loss=[32m5.283516[0m  ( 31.914s)  train_acc=0.011755[0m val_acc=0.024392[0m test_acc=0.024067[0m
( 35.602s) Epoch 051/100: loss=[32m5.282542[0m
( 36.070s) Epoch 052/100: loss=[32m5.282472[0m
( 36.142s) Epoch 053/100: loss=[32m5.282197[0m
( 35.348s) Epoch 054/100: loss=[32m5.281465[0m
( 35.655s) Epoch 055/100: loss=[32m5.281298[0m  ( 31.663s)  train_acc=0.012092[0m val_acc=0.022851[0m test_acc=0.025722[0m
( 35.163s) Epoch 056/100: loss=[32m5.280312[0m
( 35.706s) Epoch 057/100: loss=[32m5.279944[0m
( 35.389s) Epoch 058/100: loss=[32m5.279397[0m
( 35.253s) Epoch 059/100: loss=5.279430[0m
( 35.682s) Epoch 060/100: loss=[32m5.278721[0m  ( 33.203s)  train_acc=0.012164[0m val_acc=0.024146[0m test_acc=0.023247[0m
( 35.523s) Epoch 061/100: loss=[32m5.278429[0m
( 35.893s) Epoch 062/100: loss=[32m5.277645[0m
( 35.786s) Epoch 063/100: loss=[32m5.277401[0m
( 35.602s) Epoch 064/100: loss=[32m5.276356[0m
( 35.411s) Epoch 065/100: loss=5.277466[0m  ( 33.546s)  train_acc=0.011076[0m val_acc=0.022417[0m test_acc=0.026286[0m
( 35.522s) Epoch 066/100: loss=5.276752[0m
( 35.990s) Epoch 067/100: loss=5.276517[0m
( 36.108s) Epoch 068/100: loss=[32m5.275802[0m
( 35.886s) Epoch 069/100: loss=[32m5.275320[0m
( 35.567s) Epoch 070/100: loss=5.275866[0m  ( 30.972s)  train_acc=0.011817[0m val_acc=0.020527[0m test_acc=0.023623[0m
( 35.538s) Epoch 071/100: loss=[32m5.275281[0m
( 36.006s) Epoch 072/100: loss=5.275620[0m
( 35.837s) Epoch 073/100: loss=[32m5.274567[0m
( 35.695s) Epoch 074/100: loss=5.274898[0m
( 35.480s) Epoch 075/100: loss=[32m5.273969[0m  ( 32.162s)  train_acc=0.012014[0m val_acc=0.023537[0m test_acc=0.023757[0m
( 35.835s) Epoch 076/100: loss=5.274454[0m
( 35.860s) Epoch 077/100: loss=5.274008[0m
( 35.761s) Epoch 078/100: loss=5.274158[0m
( 35.331s) Epoch 079/100: loss=5.274189[0m
( 35.660s) Epoch 080/100: loss=[32m5.273468[0m  ( 31.523s)  train_acc=0.011600[0m val_acc=0.021070[0m test_acc=0.025638[0m
( 35.548s) Epoch 081/100: loss=[32m5.273096[0m
( 36.032s) Epoch 082/100: loss=5.273276[0m
( 35.709s) Epoch 083/100: loss=5.273615[0m
( 35.554s) Epoch 084/100: loss=[32m5.272902[0m
( 35.460s) Epoch 085/100: loss=5.272980[0m  ( 32.930s)  train_acc=0.012054[0m val_acc=0.023086[0m test_acc=0.025633[0m
( 35.319s) Epoch 086/100: loss=5.272934[0m
( 35.992s) Epoch 087/100: loss=[32m5.272134[0m
( 35.299s) Epoch 088/100: loss=5.273097[0m
( 35.872s) Epoch 089/100: loss=[32m5.271730[0m
( 35.832s) Epoch 090/100: loss=5.272456[0m  ( 31.220s)  train_acc=0.011377[0m val_acc=0.024368[0m test_acc=0.023737[0m
( 35.419s) Epoch 091/100: loss=5.273138[0m
( 35.760s) Epoch 092/100: loss=5.272563[0m
( 35.527s) Epoch 093/100: loss=5.272513[0m
( 35.966s) Epoch 094/100: loss=5.271867[0m
( 35.794s) Epoch 095/100: loss=5.272167[0m  ( 32.448s)  train_acc=0.012361[0m val_acc=[32m0.025404[0m test_acc=0.025089[0m
( 35.700s) Epoch 096/100: loss=5.272205[0m
( 35.595s) Epoch 097/100: loss=[32m5.271619[0m
( 35.153s) Epoch 098/100: loss=[32m5.271304[0m
( 35.388s) Epoch 099/100: loss=5.271526[0m
( 35.601s) Epoch 100/100: loss=5.271923[0m  ( 32.435s)  train_acc=0.012236[0m val_acc=0.022552[0m test_acc=0.024967[0m
Training for 100 epochs took 3562.603s total and 35.626s average
Calculating mean of transformed dataset using the best model state ... 12.106s
Saving best model and options to cifar100fs_round3/ColorDistort_GaussBlur_runs/run1.pth
