Namespace(T_max=100, backbone='resnet50', base_learning_rate=0.1, base_optimizer='SGD', batch_size=256, dampening=0.0, dataset='cifar100fs', dataset_root=None, distributed=False, episode_strat='SimpleShotEpisodes', eval_freq=5, first_augment='ColorDistort', head='SimpleMLP', jitter_strength=1.0, k_shot=5, load_from=None, local_rank=0, log_file=<_io.TextIOWrapper name='cifar100fs_round3/ColorDistort_GaussBlur_runs/run2.out' mode='a' encoding='UTF-8'>, loss_function='NTXent', model='SimCLRModel', momentum=0.9, n_way=5, nesterov=True, ntxent_temp=1.0, num_epochs=100, num_query=15, num_test_tasks=10000, num_workers=4, pin_memory=True, pretrained=False, progress=False, projection_dim=128, save_model=True, save_path='cifar100fs_round3/ColorDistort_GaussBlur_runs/run2.pth', scheduler='CosineAnnealingLR', second_augment='GaussBlur', secondary_optimizer='LARS', shuffle=True, simple_opt=False, weight_decay=0.0001)
Starting Training on:
Train:  64 classes
Valid:  16 classes
Test:   20 classes
------------------
( 35.774s) Epoch 001/100: loss=[32m5.597535[0m
( 36.296s) Epoch 002/100: loss=[32m5.422375[0m
( 36.231s) Epoch 003/100: loss=[32m5.401146[0m
( 36.338s) Epoch 004/100: loss=[32m5.384572[0m
( 36.371s) Epoch 005/100: loss=[32m5.364923[0m  ( 29.356s)  train_acc=[32m0.009566[0m val_acc=[32m0.022262[0m test_acc=[32m0.020586[0m
( 35.896s) Epoch 006/100: loss=[32m5.347903[0m
( 36.421s) Epoch 007/100: loss=[32m5.339709[0m
( 36.469s) Epoch 008/100: loss=[32m5.335219[0m
( 36.363s) Epoch 009/100: loss=[32m5.326705[0m
( 36.047s) Epoch 010/100: loss=[32m5.319100[0m  ( 29.374s)  train_acc=[32m0.011801[0m val_acc=[32m0.023863[0m test_acc=[32m0.022850[0m
( 35.793s) Epoch 011/100: loss=[32m5.315687[0m
( 36.201s) Epoch 012/100: loss=[32m5.314071[0m
( 36.348s) Epoch 013/100: loss=[32m5.311740[0m
( 36.511s) Epoch 014/100: loss=[32m5.309332[0m
( 36.083s) Epoch 015/100: loss=[32m5.307848[0m  ( 31.126s)  train_acc=0.011724[0m val_acc=[32m0.025652[0m test_acc=[32m0.026986[0m
( 35.692s) Epoch 016/100: loss=[32m5.307569[0m
( 36.112s) Epoch 017/100: loss=[32m5.305561[0m
( 36.268s) Epoch 018/100: loss=[32m5.304636[0m
( 36.207s) Epoch 019/100: loss=[32m5.304185[0m
( 35.862s) Epoch 020/100: loss=[32m5.303082[0m  ( 28.643s)  train_acc=0.011255[0m val_acc=0.023326[0m test_acc=0.024619[0m
( 35.405s) Epoch 021/100: loss=[32m5.301931[0m
( 36.056s) Epoch 022/100: loss=[32m5.300931[0m
( 36.176s) Epoch 023/100: loss=[32m5.299598[0m
( 36.022s) Epoch 024/100: loss=[32m5.297830[0m
( 35.801s) Epoch 025/100: loss=[32m5.296483[0m  ( 31.637s)  train_acc=[32m0.011874[0m val_acc=[32m0.026714[0m test_acc=[32m0.028762[0m
( 35.485s) Epoch 026/100: loss=[32m5.294597[0m
( 35.843s) Epoch 027/100: loss=[32m5.294161[0m
( 36.185s) Epoch 028/100: loss=[32m5.293020[0m
( 36.088s) Epoch 029/100: loss=[32m5.292460[0m
( 35.814s) Epoch 030/100: loss=[32m5.292286[0m  ( 31.626s)  train_acc=[32m0.012263[0m val_acc=0.024467[0m test_acc=0.026200[0m
( 35.457s) Epoch 031/100: loss=[32m5.291294[0m
( 35.937s) Epoch 032/100: loss=[32m5.290223[0m
( 36.046s) Epoch 033/100: loss=[32m5.289794[0m
( 36.105s) Epoch 034/100: loss=5.290113[0m
( 35.744s) Epoch 035/100: loss=[32m5.288726[0m  ( 31.232s)  train_acc=[32m0.012743[0m val_acc=0.024971[0m test_acc=0.023164[0m
( 35.384s) Epoch 036/100: loss=[32m5.288578[0m
( 35.834s) Epoch 037/100: loss=[32m5.287936[0m
( 35.979s) Epoch 038/100: loss=[32m5.287910[0m
( 36.040s) Epoch 039/100: loss=[32m5.287800[0m
( 35.509s) Epoch 040/100: loss=[32m5.286775[0m  ( 33.098s)  train_acc=0.012187[0m val_acc=0.023714[0m test_acc=0.022840[0m
( 35.133s) Epoch 041/100: loss=[32m5.286671[0m
( 35.773s) Epoch 042/100: loss=[32m5.285862[0m
( 35.857s) Epoch 043/100: loss=5.285918[0m
( 35.849s) Epoch 044/100: loss=[32m5.285771[0m
( 35.758s) Epoch 045/100: loss=[32m5.285513[0m  ( 31.977s)  train_acc=0.012175[0m val_acc=0.022575[0m test_acc=0.026672[0m
( 35.307s) Epoch 046/100: loss=[32m5.285455[0m
( 35.682s) Epoch 047/100: loss=[32m5.283794[0m
( 35.809s) Epoch 048/100: loss=5.284189[0m
( 35.920s) Epoch 049/100: loss=[32m5.283079[0m
( 35.570s) Epoch 050/100: loss=5.283599[0m  ( 31.511s)  train_acc=0.012207[0m val_acc=0.024030[0m test_acc=0.026385[0m
( 35.171s) Epoch 051/100: loss=[32m5.282918[0m
( 35.812s) Epoch 052/100: loss=[32m5.282788[0m
( 35.835s) Epoch 053/100: loss=[32m5.281942[0m
( 35.827s) Epoch 054/100: loss=[32m5.281163[0m
( 35.416s) Epoch 055/100: loss=[32m5.280854[0m  ( 31.706s)  train_acc=0.011881[0m val_acc=0.026313[0m test_acc=0.023860[0m
( 35.175s) Epoch 056/100: loss=5.281026[0m
( 35.890s) Epoch 057/100: loss=[32m5.280245[0m
( 35.839s) Epoch 058/100: loss=[32m5.280080[0m
( 35.948s) Epoch 059/100: loss=[32m5.279935[0m
( 35.543s) Epoch 060/100: loss=[32m5.279502[0m  ( 33.048s)  train_acc=0.011769[0m val_acc=0.023082[0m test_acc=0.021100[0m
( 35.261s) Epoch 061/100: loss=[32m5.279092[0m
( 35.700s) Epoch 062/100: loss=[32m5.278736[0m
( 35.937s) Epoch 063/100: loss=[32m5.278153[0m
( 35.827s) Epoch 064/100: loss=[32m5.277979[0m
( 35.573s) Epoch 065/100: loss=[32m5.277852[0m  ( 32.632s)  train_acc=0.012514[0m val_acc=0.023908[0m test_acc=0.025913[0m
( 35.212s) Epoch 066/100: loss=[32m5.277739[0m
( 35.880s) Epoch 067/100: loss=[32m5.277317[0m
( 36.042s) Epoch 068/100: loss=5.277329[0m
( 36.045s) Epoch 069/100: loss=[32m5.277025[0m
( 35.687s) Epoch 070/100: loss=[32m5.276617[0m  ( 31.369s)  train_acc=0.011417[0m val_acc=0.024849[0m test_acc=0.026090[0m
( 35.261s) Epoch 071/100: loss=[32m5.276302[0m
( 35.761s) Epoch 072/100: loss=[32m5.274922[0m
( 35.912s) Epoch 073/100: loss=5.276310[0m
( 35.974s) Epoch 074/100: loss=5.275406[0m
( 35.651s) Epoch 075/100: loss=5.276140[0m  ( 32.942s)  train_acc=0.011855[0m val_acc=0.024016[0m test_acc=0.025299[0m
( 35.340s) Epoch 076/100: loss=5.274943[0m
( 35.622s) Epoch 077/100: loss=[32m5.274854[0m
( 35.849s) Epoch 078/100: loss=5.274938[0m
( 35.864s) Epoch 079/100: loss=5.275326[0m
( 35.600s) Epoch 080/100: loss=[32m5.273960[0m  ( 30.725s)  train_acc=0.011648[0m val_acc=0.024422[0m test_acc=0.025360[0m
( 35.200s) Epoch 081/100: loss=5.274209[0m
( 35.930s) Epoch 082/100: loss=5.274282[0m
( 35.955s) Epoch 083/100: loss=5.274165[0m
( 35.915s) Epoch 084/100: loss=5.274227[0m
( 35.790s) Epoch 085/100: loss=[32m5.273957[0m  ( 32.234s)  train_acc=0.012249[0m val_acc=0.023964[0m test_acc=0.024020[0m
( 35.266s) Epoch 086/100: loss=[32m5.273306[0m
( 35.872s) Epoch 087/100: loss=5.273687[0m
( 35.882s) Epoch 088/100: loss=[32m5.273108[0m
( 35.816s) Epoch 089/100: loss=5.273395[0m
( 35.663s) Epoch 090/100: loss=5.273429[0m  ( 31.502s)  train_acc=0.012390[0m val_acc=0.023922[0m test_acc=0.023916[0m
( 35.269s) Epoch 091/100: loss=[32m5.272526[0m
( 35.751s) Epoch 092/100: loss=5.273137[0m
( 35.961s) Epoch 093/100: loss=5.272793[0m
( 35.838s) Epoch 094/100: loss=[32m5.272477[0m
( 35.564s) Epoch 095/100: loss=5.272502[0m  ( 33.856s)  train_acc=0.012130[0m val_acc=0.025391[0m test_acc=0.025548[0m
( 35.276s) Epoch 096/100: loss=[32m5.272475[0m
( 35.726s) Epoch 097/100: loss=5.272634[0m
( 35.705s) Epoch 098/100: loss=5.272720[0m
( 35.869s) Epoch 099/100: loss=5.272628[0m
( 35.585s) Epoch 100/100: loss=[32m5.272386[0m  ( 28.256s)  train_acc=0.011108[0m val_acc=0.024223[0m test_acc=0.021661[0m
Training for 100 epochs took 3581.140s total and 35.811s average
Calculating mean of transformed dataset using the best model state ... 8.832s
Saving best model and options to cifar100fs_round3/ColorDistort_GaussBlur_runs/run2.pth
